<?xml version="1.0" encoding="UTF-8"?>
<testsuites name="TS1_SalesOrder_Account_NT" time="93.261" tests="2" failures="0" errors="0">
   <testsuite name="TS1_SalesOrder_Account_NT" tests="2" failures="0" errors="0" time="93.261" skipped="0" timestamp="25-11-2024T12:08:51" hostname="azureuser - 10.192.8.5" id="Test Suites/Nortruss instance/SalesOrder_Module/TS1_SalesOrder_Account_NT">
      <properties>
         <property name="deviceName" value=""/>
         <property name="devicePlatform"/>
         <property name="logFolder" value="C:\\Users\\azureuser\\git\\frameworks-regression-test-automation\\Reports\\20241125_120841\\Nortruss instance\\SalesOrder_Module\\TS1_SalesOrder_Account_NT\\20241125_120841"/>
         <property name="logFiles" value="C:\\Users\\azureuser\\git\\frameworks-regression-test-automation\\Reports\\20241125_120841\\Nortruss instance\\SalesOrder_Module\\TS1_SalesOrder_Account_NT\\20241125_120841\\execution0.log"/>
         <property name="attachments" value=""/>
         <property name="hostName" value="azureuser - 10.192.8.5"/>
         <property name="os" value="Windows 11 64bit"/>
         <property name="katalonVersion" value="9.7.2.223"/>
         <property name="browser" value="Chrome 130.0.0.0"/>
         <property name="hostAddress" value="10.192.8.5"/>
         <property name="sessionId" value="65e1a99f36def2b502236b62ed8b345d"/>
         <property name="seleniumVersion" value="3.141.59"/>
         <property name="proxyInformation" value="ProxyInformation { proxyOption=NO_PROXY, proxyServerType=HTTP, username=, password=********, proxyServerAddress=, proxyServerPort=0, executionList=&quot;&quot;, isApplyToDesiredCapabilities=true }"/>
         <property name="platform" value="Windows 11"/>
      </properties>
      <testcase name="Test Cases/Nortruss Instance/SalesOrders_Module/TS1_SO_SalesOrder_Account_NT/SO_Account_Sale" time="65.893" classname="Test Cases/Nortruss Instance/SalesOrders_Module/TS1_SO_SalesOrder_Account_NT/SO_Account_Sale" status="PASSED">
         <system-out><![CDATA[25-11-2024T12:08:51 - [TEST_CASE][PASSED] - Test Cases/Nortruss Instance/SalesOrders_Module/TS1_SO_SalesOrder_Account_NT/SO_Account_Sale: Test Cases/Nortruss Instance/SalesOrders_Module/TS1_SO_SalesOrder_Account_NT/SO_Account_Sale

25-11-2024T12:08:52 - [TEST_STEP][PASSED] - openBrowser(""): Browser is opened with url: ''

25-11-2024T12:08:52 - [MESSAGE][INFO] - Starting 'Chrome' driver

25-11-2024T12:08:52 - [MESSAGE][INFO] - Action delay is set to 0 milliseconds

25-11-2024T12:08:55 - [MESSAGE][PASSED] - Browser is opened with url: ''

25-11-2024T12:08:55 - [TEST_STEP][PASSED] - maximizeWindow(): Current window maximized

25-11-2024T12:08:55 - [MESSAGE][PASSED] - Current window maximized

25-11-2024T12:08:55 - [TEST_STEP][PASSED] - navigateToUrl("http://frameworks.nt.nortruss.com.au:8080/FWDemo/Fluid.html#homeDashboard,dash,Frameworks.Activity.Menu.HomeDashBoard"): Navigate to 'http://frameworks.nt.nortruss.com.au:8080/FWDemo/Fluid.html#homeDashboard,dash,Frameworks.Activity.Menu.HomeDashBoard' successfully

25-11-2024T12:08:56 - [MESSAGE][PASSED] - Navigate to 'http://frameworks.nt.nortruss.com.au:8080/FWDemo/Fluid.html#homeDashboard,dash,Frameworks.Activity.Menu.HomeDashBoard' successfully

25-11-2024T12:08:56 - [TEST_STEP][PASSED] - setText(findTestObject("Object Repository/SalesOrder_NT/Page_Frameworks (Demo)/input_User ID_userid"), "manaki"): Text 'manaki' is set on object 'Object Repository/SalesOrder_NT/Page_Frameworks (Demo)/input_User ID_userid'

25-11-2024T12:09:06 - [MESSAGE][PASSED] - Text 'manaki' is set on object 'Object Repository/SalesOrder_NT/Page_Frameworks (Demo)/input_User ID_userid'

25-11-2024T12:09:06 - [TEST_STEP][PASSED] - setEncryptedText(findTestObject("Object Repository/SalesOrder_NT/Page_Frameworks (Demo)/input_Password_password"), "C5+8mNJ15mA="): Text ****** has been set on object 'Object Repository/SalesOrder_NT/Page_Frameworks (Demo)/input_Password_password'

25-11-2024T12:09:06 - [MESSAGE][PASSED] - Text ****** has been set on object 'Object Repository/SalesOrder_NT/Page_Frameworks (Demo)/input_Password_password'

25-11-2024T12:09:06 - [TEST_STEP][PASSED] - click(findTestObject("Object Repository/SalesOrder_NT/Page_Frameworks (Demo)/div_Login")): Object: 'Object Repository/SalesOrder_NT/Page_Frameworks (Demo)/div_Login' is clicked on

25-11-2024T12:09:07 - [MESSAGE][PASSED] - Object: 'Object Repository/SalesOrder_NT/Page_Frameworks (Demo)/div_Login' is clicked on

25-11-2024T12:09:07 - [TEST_STEP][PASSED] - click(findTestObject("Object Repository/SalesOrder_NT/Page_Frameworks (Demo)/img_FW")): Object: 'Object Repository/SalesOrder_NT/Page_Frameworks (Demo)/img_FW' is clicked on

25-11-2024T12:09:11 - [MESSAGE][PASSED] - Object: 'Object Repository/SalesOrder_NT/Page_Frameworks (Demo)/img_FW' is clicked on

25-11-2024T12:09:11 - [TEST_STEP][PASSED] - click(findTestObject("Object Repository/SalesOrder_NT/Page_Frameworks (Demo)/b_Transaction Processing")): Object: 'Object Repository/SalesOrder_NT/Page_Frameworks (Demo)/b_Transaction Processing' is clicked on

25-11-2024T12:09:12 - [MESSAGE][PASSED] - Object: 'Object Repository/SalesOrder_NT/Page_Frameworks (Demo)/b_Transaction Processing' is clicked on

25-11-2024T12:09:12 - [TEST_STEP][PASSED] - click(findTestObject("Object Repository/SalesOrder_NT/Page_Frameworks (Demo)/td_Sales Orders")): Object: 'Object Repository/SalesOrder_NT/Page_Frameworks (Demo)/td_Sales Orders' is clicked on

25-11-2024T12:09:13 - [MESSAGE][PASSED] - Object: 'Object Repository/SalesOrder_NT/Page_Frameworks (Demo)/td_Sales Orders' is clicked on

25-11-2024T12:09:13 - [TEST_STEP][PASSED] - click(findTestObject("Object Repository/SalesOrder_NT/Page_Frameworks (Demo)/div_New")): Object: 'Object Repository/SalesOrder_NT/Page_Frameworks (Demo)/div_New' is clicked on

25-11-2024T12:09:15 - [MESSAGE][PASSED] - Object: 'Object Repository/SalesOrder_NT/Page_Frameworks (Demo)/div_New' is clicked on

25-11-2024T12:09:15 - [TEST_STEP][PASSED] - setText(findTestObject("Object Repository/SalesOrder_NT/Page_Frameworks (Demo)/input_Operator No_operatorId"), "2237"): Text '2237' is set on object 'Object Repository/SalesOrder_NT/Page_Frameworks (Demo)/input_Operator No_operatorId'

25-11-2024T12:09:19 - [MESSAGE][PASSED] - Text '2237' is set on object 'Object Repository/SalesOrder_NT/Page_Frameworks (Demo)/input_Operator No_operatorId'

25-11-2024T12:09:19 - [TEST_STEP][PASSED] - setText(findTestObject("Object Repository/SalesOrder_NT/Page_Frameworks (Demo)/input_PIN_pin"), "2237"): Text '2237' is set on object 'Object Repository/SalesOrder_NT/Page_Frameworks (Demo)/input_PIN_pin'

25-11-2024T12:09:20 - [MESSAGE][PASSED] - Text '2237' is set on object 'Object Repository/SalesOrder_NT/Page_Frameworks (Demo)/input_PIN_pin'

25-11-2024T12:09:20 - [TEST_STEP][PASSED] - click(findTestObject("Object Repository/SalesOrder_NT/Page_Frameworks (Demo)/div_OK")): Object: 'Object Repository/SalesOrder_NT/Page_Frameworks (Demo)/div_OK' is clicked on

25-11-2024T12:09:20 - [MESSAGE][PASSED] - Object: 'Object Repository/SalesOrder_NT/Page_Frameworks (Demo)/div_OK' is clicked on

25-11-2024T12:09:20 - [TEST_STEP][PASSED] - setText(findTestObject("Object Repository/SalesOrder_NT/Page_Frameworks (Demo)/input_Customer_idCustX"), "17179"): Text '17179' is set on object 'Object Repository/SalesOrder_NT/Page_Frameworks (Demo)/input_Customer_idCustX'

25-11-2024T12:09:23 - [MESSAGE][PASSED] - Text '17179' is set on object 'Object Repository/SalesOrder_NT/Page_Frameworks (Demo)/input_Customer_idCustX'

25-11-2024T12:09:23 - [TEST_STEP][PASSED] - click(findTestObject("Object Repository/SalesOrder_NT/Page_Frameworks (Demo)/div_Tiffany Brown (17179)")): Object: 'Object Repository/SalesOrder_NT/Page_Frameworks (Demo)/div_Tiffany Brown (17179)' is clicked on

25-11-2024T12:09:24 - [MESSAGE][PASSED] - Object: 'Object Repository/SalesOrder_NT/Page_Frameworks (Demo)/div_Tiffany Brown (17179)' is clicked on

25-11-2024T12:09:24 - [TEST_STEP][PASSED] - click(findTestObject("Object Repository/SalesOrder_NT/Page_Frameworks (Demo)/span")): Object: 'Object Repository/SalesOrder_NT/Page_Frameworks (Demo)/span' is clicked on

25-11-2024T12:09:25 - [MESSAGE][PASSED] - Object: 'Object Repository/SalesOrder_NT/Page_Frameworks (Demo)/span' is clicked on

25-11-2024T12:09:25 - [TEST_STEP][PASSED] - click(findTestObject("Object Repository/SalesOrder_NT/Page_Frameworks (Demo)/td_Close (O)_StaffChargeAccount")): Object: 'Object Repository/SalesOrder_NT/Page_Frameworks (Demo)/td_Close (O)_StaffChargeAccount' is clicked on

25-11-2024T12:09:27 - [MESSAGE][PASSED] - Object: 'Object Repository/SalesOrder_NT/Page_Frameworks (Demo)/td_Close (O)_StaffChargeAccount' is clicked on

25-11-2024T12:09:27 - [TEST_STEP][PASSED] - click(findTestObject("Object Repository/SalesOrder_NT/Page_Frameworks (Demo)/img_ALL - ALL DESPATCH TYPES_isc_IE")): Object: 'Object Repository/SalesOrder_NT/Page_Frameworks (Demo)/img_ALL - ALL DESPATCH TYPES_isc_IE' is clicked on

25-11-2024T12:09:28 - [MESSAGE][PASSED] - Object: 'Object Repository/SalesOrder_NT/Page_Frameworks (Demo)/img_ALL - ALL DESPATCH TYPES_isc_IE' is clicked on

25-11-2024T12:09:28 - [TEST_STEP][PASSED] - click(findTestObject("Object Repository/SalesOrder_NT/Page_Frameworks (Demo)/div_Supp - Direct From Supplier")): Object: 'Object Repository/SalesOrder_NT/Page_Frameworks (Demo)/div_Supp - Direct From Supplier' is clicked on

25-11-2024T12:09:29 - [MESSAGE][PASSED] - Object: 'Object Repository/SalesOrder_NT/Page_Frameworks (Demo)/div_Supp - Direct From Supplier' is clicked on

25-11-2024T12:09:29 - [TEST_STEP][PASSED] - click(findTestObject("Object Repository/SalesOrder_NT/Page_Frameworks (Demo)/img_Date Required_isc_IL")): Object: 'Object Repository/SalesOrder_NT/Page_Frameworks (Demo)/img_Date Required_isc_IL' is clicked on

25-11-2024T12:09:30 - [MESSAGE][PASSED] - Object: 'Object Repository/SalesOrder_NT/Page_Frameworks (Demo)/img_Date Required_isc_IL' is clicked on

25-11-2024T12:09:30 - [TEST_STEP][PASSED] - click(findTestObject("Object Repository/SalesOrder_NT/Page_Frameworks (Demo)/td_Today")): Object: 'Object Repository/SalesOrder_NT/Page_Frameworks (Demo)/td_Today' is clicked on

25-11-2024T12:09:32 - [MESSAGE][PASSED] - Object: 'Object Repository/SalesOrder_NT/Page_Frameworks (Demo)/td_Today' is clicked on

25-11-2024T12:09:32 - [TEST_STEP][PASSED] - setText(findTestObject("Object Repository/SalesOrder_NT/Page_Frameworks (Demo)/input_Address_deliverToAddress2"), "PO Box 1094"): Text 'PO Box 1094' is set on object 'Object Repository/SalesOrder_NT/Page_Frameworks (Demo)/input_Address_deliverToAddress2'

25-11-2024T12:09:33 - [MESSAGE][PASSED] - Text 'PO Box 1094' is set on object 'Object Repository/SalesOrder_NT/Page_Frameworks (Demo)/input_Address_deliverToAddress2'

25-11-2024T12:09:33 - [TEST_STEP][PASSED] - scrollToElement(findTestObject("Object Repository/SalesOrder_NT/Page_Frameworks (Demo)/input_Post Code_postCodeShip"), 30): Scroll to object 'Object Repository/SalesOrder_NT/Page_Frameworks (Demo)/input_Post Code_postCodeShip' successfully

25-11-2024T12:09:33 - [MESSAGE][PASSED] - Scroll to object 'Object Repository/SalesOrder_NT/Page_Frameworks (Demo)/input_Post Code_postCodeShip' successfully

25-11-2024T12:09:33 - [TEST_STEP][PASSED] - setText(findTestObject("Object Repository/SalesOrder_NT/Page_Frameworks (Demo)/input_Post Code_postCodeShip"), "0813"): Text '0813' is set on object 'Object Repository/SalesOrder_NT/Page_Frameworks (Demo)/input_Post Code_postCodeShip'

25-11-2024T12:09:35 - [MESSAGE][PASSED] - Text '0813' is set on object 'Object Repository/SalesOrder_NT/Page_Frameworks (Demo)/input_Post Code_postCodeShip'

25-11-2024T12:09:35 - [TEST_STEP][PASSED] - click(findTestObject("Object Repository/SalesOrder_NT/Page_Frameworks (Demo)/td_Y_buttonPositiveActionFocusedOver")): Object: 'Object Repository/SalesOrder_NT/Page_Frameworks (Demo)/td_Y_buttonPositiveActionFocusedOver' is clicked on

25-11-2024T12:09:35 - [MESSAGE][PASSED] - Object: 'Object Repository/SalesOrder_NT/Page_Frameworks (Demo)/td_Y_buttonPositiveActionFocusedOver' is clicked on

25-11-2024T12:09:35 - [TEST_STEP][PASSED] - setText(findTestObject("Object Repository/SalesOrder_NT/Page_Frameworks (Demo)/input_P_idProd"), "2014086"): Text '2014086' is set on object 'Object Repository/SalesOrder_NT/Page_Frameworks (Demo)/input_P_idProd'

25-11-2024T12:09:40 - [MESSAGE][PASSED] - Text '2014086' is set on object 'Object Repository/SalesOrder_NT/Page_Frameworks (Demo)/input_P_idProd'

25-11-2024T12:09:40 - [TEST_STEP][PASSED] - click(findTestObject("Object Repository/SalesOrder_NT/Page_Frameworks (Demo)/img_1")): Object: 'Object Repository/SalesOrder_NT/Page_Frameworks (Demo)/img_1' is clicked on

25-11-2024T12:09:41 - [MESSAGE][PASSED] - Object: 'Object Repository/SalesOrder_NT/Page_Frameworks (Demo)/img_1' is clicked on

25-11-2024T12:09:41 - [TEST_STEP][PASSED] - click(findTestObject("Object Repository/SalesOrder_NT/Page_Frameworks (Demo)/div_Actions")): Object: 'Object Repository/SalesOrder_NT/Page_Frameworks (Demo)/div_Actions' is clicked on

25-11-2024T12:09:43 - [MESSAGE][PASSED] - Object: 'Object Repository/SalesOrder_NT/Page_Frameworks (Demo)/div_Actions' is clicked on

25-11-2024T12:09:43 - [TEST_STEP][PASSED] - click(findTestObject("Object Repository/SalesOrder_NT/Page_Frameworks (Demo)/div_Pick  Release")): Object: 'Object Repository/SalesOrder_NT/Page_Frameworks (Demo)/div_Pick  Release' is clicked on

25-11-2024T12:09:44 - [MESSAGE][PASSED] - Object: 'Object Repository/SalesOrder_NT/Page_Frameworks (Demo)/div_Pick  Release' is clicked on

25-11-2024T12:09:44 - [TEST_STEP][PASSED] - click(findTestObject("Object Repository/SalesOrder_NT/Page_Frameworks (Demo)/div_Pick All")): Object: 'Object Repository/SalesOrder_NT/Page_Frameworks (Demo)/div_Pick All' is clicked on

25-11-2024T12:09:47 - [MESSAGE][PASSED] - Object: 'Object Repository/SalesOrder_NT/Page_Frameworks (Demo)/div_Pick All' is clicked on

25-11-2024T12:09:47 - [TEST_STEP][PASSED] - click(findTestObject("Object Repository/SalesOrder_NT/Page_Frameworks (Demo)/div_Complete Picking")): Object: 'Object Repository/SalesOrder_NT/Page_Frameworks (Demo)/div_Complete Picking' is clicked on

25-11-2024T12:09:48 - [MESSAGE][PASSED] - Object: 'Object Repository/SalesOrder_NT/Page_Frameworks (Demo)/div_Complete Picking' is clicked on

25-11-2024T12:09:48 - [TEST_STEP][PASSED] - click(findTestObject("Object Repository/SalesOrder_NT/Page_Frameworks (Demo)/div_Release Order")): Object: 'Object Repository/SalesOrder_NT/Page_Frameworks (Demo)/div_Release Order' is clicked on

25-11-2024T12:09:50 - [MESSAGE][PASSED] - Object: 'Object Repository/SalesOrder_NT/Page_Frameworks (Demo)/div_Release Order' is clicked on

25-11-2024T12:09:50 - [TEST_STEP][PASSED] - delay(2): Delayed 2 second(s)

25-11-2024T12:09:52 - [MESSAGE][PASSED] - Delayed 2 second(s)

25-11-2024T12:09:52 - [TEST_STEP][PASSED] - click(findTestObject("Object Repository/SalesOrder_NT/Page_Frameworks (Demo)/div_Print Delivery Docket_isc_1J3")): Object: 'Object Repository/SalesOrder_NT/Page_Frameworks (Demo)/div_Print Delivery Docket_isc_1J3' is clicked on

25-11-2024T12:09:52 - [MESSAGE][PASSED] - Object: 'Object Repository/SalesOrder_NT/Page_Frameworks (Demo)/div_Print Delivery Docket_isc_1J3' is clicked on

25-11-2024T12:09:52 - [TEST_STEP][PASSED] - delay(2): Delayed 2 second(s)

25-11-2024T12:09:54 - [MESSAGE][PASSED] - Delayed 2 second(s)

25-11-2024T12:09:54 - [TEST_STEP][PASSED] - click(findTestObject("Object Repository/SalesOrder_NT/Page_Frameworks (Demo)/td_Release (S)")): Object: 'Object Repository/SalesOrder_NT/Page_Frameworks (Demo)/td_Release (S)' is clicked on

25-11-2024T12:09:55 - [MESSAGE][PASSED] - Object: 'Object Repository/SalesOrder_NT/Page_Frameworks (Demo)/td_Release (S)' is clicked on

25-11-2024T12:09:55 - [TEST_STEP][PASSED] - click(findTestObject("Object Repository/SalesOrder_NT/Page_Frameworks (Demo)/img_dropdownLogout")): Object: 'Object Repository/SalesOrder_NT/Page_Frameworks (Demo)/img_dropdownLogout' is clicked on

25-11-2024T12:09:57 - [MESSAGE][PASSED] - Object: 'Object Repository/SalesOrder_NT/Page_Frameworks (Demo)/img_dropdownLogout' is clicked on

25-11-2024T12:09:57 - [TEST_STEP][PASSED] - click(findTestObject("Object Repository/SalesOrder_NT/Page_Frameworks (Demo)/td_Logout")): Object: 'Object Repository/SalesOrder_NT/Page_Frameworks (Demo)/td_Logout' is clicked on

25-11-2024T12:09:57 - [MESSAGE][PASSED] - Object: 'Object Repository/SalesOrder_NT/Page_Frameworks (Demo)/td_Logout' is clicked on]]></system-out>
         <system-err><![CDATA[]]></system-err>
      </testcase>
      <testcase name="Test Cases/Nortruss Instance/SalesOrders_Module/TS1_SO_SalesOrder_Account_NT/SO_AccounSale_Validate" time="27.015" classname="Test Cases/Nortruss Instance/SalesOrders_Module/TS1_SO_SalesOrder_Account_NT/SO_AccounSale_Validate" status="PASSED">
         <system-out><![CDATA[25-11-2024T12:09:57 - [TEST_CASE][PASSED] - Test Cases/Nortruss Instance/SalesOrders_Module/TS1_SO_SalesOrder_Account_NT/SO_AccounSale_Validate: Test Cases/Nortruss Instance/SalesOrders_Module/TS1_SO_SalesOrder_Account_NT/SO_AccounSale_Validate

25-11-2024T12:09:57 - [TEST_STEP][PASSED] - openBrowser(""): Browser is opened with url: ''

25-11-2024T12:09:57 - [MESSAGE][WARNING] - A browser is already opened. Closing browser and opening a new one

25-11-2024T12:09:58 - [MESSAGE][INFO] - Starting 'Chrome' driver

25-11-2024T12:09:58 - [MESSAGE][INFO] - Action delay is set to 0 milliseconds

25-11-2024T12:09:59 - [MESSAGE][PASSED] - Browser is opened with url: ''

25-11-2024T12:09:59 - [TEST_STEP][PASSED] - maximizeWindow(): Current window maximized

25-11-2024T12:09:59 - [MESSAGE][PASSED] - Current window maximized

25-11-2024T12:09:59 - [TEST_STEP][PASSED] - navigateToUrl("http://frameworks.nt.nortruss.com.au:8080/FWDemo/Fluid.html#homeDashboard,dash,Frameworks.Activity.Menu.HomeDashBoard"): Navigate to 'http://frameworks.nt.nortruss.com.au:8080/FWDemo/Fluid.html#homeDashboard,dash,Frameworks.Activity.Menu.HomeDashBoard' successfully

25-11-2024T12:10:00 - [MESSAGE][PASSED] - Navigate to 'http://frameworks.nt.nortruss.com.au:8080/FWDemo/Fluid.html#homeDashboard,dash,Frameworks.Activity.Menu.HomeDashBoard' successfully

25-11-2024T12:10:00 - [TEST_STEP][PASSED] - setText(findTestObject("Object Repository/SalesOrder_NT/Page_Frameworks (Demo)/input_User ID_userid"), "manaki"): Text 'manaki' is set on object 'Object Repository/SalesOrder_NT/Page_Frameworks (Demo)/input_User ID_userid'

25-11-2024T12:10:09 - [MESSAGE][PASSED] - Text 'manaki' is set on object 'Object Repository/SalesOrder_NT/Page_Frameworks (Demo)/input_User ID_userid'

25-11-2024T12:10:09 - [TEST_STEP][PASSED] - setEncryptedText(findTestObject("Object Repository/SalesOrder_NT/Page_Frameworks (Demo)/input_Password_password"), "C5+8mNJ15mA="): Text ****** has been set on object 'Object Repository/SalesOrder_NT/Page_Frameworks (Demo)/input_Password_password'

25-11-2024T12:10:10 - [MESSAGE][PASSED] - Text ****** has been set on object 'Object Repository/SalesOrder_NT/Page_Frameworks (Demo)/input_Password_password'

25-11-2024T12:10:10 - [TEST_STEP][PASSED] - click(findTestObject("Object Repository/SalesOrder_NT/Page_Frameworks (Demo)/div_Login")): Object: 'Object Repository/SalesOrder_NT/Page_Frameworks (Demo)/div_Login' is clicked on

25-11-2024T12:10:10 - [MESSAGE][PASSED] - Object: 'Object Repository/SalesOrder_NT/Page_Frameworks (Demo)/div_Login' is clicked on

25-11-2024T12:10:10 - [TEST_STEP][PASSED] - click(findTestObject("Object Repository/SalesOrder_NT/Page_Frameworks (Demo)/img")): Object: 'Object Repository/SalesOrder_NT/Page_Frameworks (Demo)/img' is clicked on

25-11-2024T12:10:15 - [MESSAGE][PASSED] - Object: 'Object Repository/SalesOrder_NT/Page_Frameworks (Demo)/img' is clicked on

25-11-2024T12:10:15 - [TEST_STEP][PASSED] - setText(findTestObject("Object Repository/SalesOrder_NT/Page_Frameworks (Demo)/input_Customer No_CustId"), "17179"): Text '17179' is set on object 'Object Repository/SalesOrder_NT/Page_Frameworks (Demo)/input_Customer No_CustId'

25-11-2024T12:10:18 - [MESSAGE][PASSED] - Text '17179' is set on object 'Object Repository/SalesOrder_NT/Page_Frameworks (Demo)/input_Customer No_CustId'

25-11-2024T12:10:18 - [TEST_STEP][PASSED] - click(findTestObject("Object Repository/SalesOrder_NT/Page_Frameworks (Demo)/td_Find")): Object: 'Object Repository/SalesOrder_NT/Page_Frameworks (Demo)/td_Find' is clicked on

25-11-2024T12:10:19 - [MESSAGE][PASSED] - Object: 'Object Repository/SalesOrder_NT/Page_Frameworks (Demo)/td_Find' is clicked on

25-11-2024T12:10:19 - [TEST_STEP][PASSED] - click(findTestObject("Object Repository/SalesOrder_NT/Page_Frameworks (Demo)/div_Invoices, Orders, Quotes, Projects  Jobs")): Object: 'Object Repository/SalesOrder_NT/Page_Frameworks (Demo)/div_Invoices, Orders, Quotes, Projects  Jobs' is clicked on

25-11-2024T12:10:22 - [MESSAGE][PASSED] - Object: 'Object Repository/SalesOrder_NT/Page_Frameworks (Demo)/div_Invoices, Orders, Quotes, Projects  Jobs' is clicked on

25-11-2024T12:10:22 - [TEST_STEP][PASSED] - click(findTestObject("Object Repository/SalesOrder_NT/Page_Frameworks (Demo)/img_dropdownLogout")): Object: 'Object Repository/SalesOrder_NT/Page_Frameworks (Demo)/img_dropdownLogout' is clicked on

25-11-2024T12:10:24 - [MESSAGE][PASSED] - Object: 'Object Repository/SalesOrder_NT/Page_Frameworks (Demo)/img_dropdownLogout' is clicked on

25-11-2024T12:10:24 - [TEST_STEP][PASSED] - click(findTestObject("Object Repository/SalesOrder_NT/Page_Frameworks (Demo)/td_Logout")): Object: 'Object Repository/SalesOrder_NT/Page_Frameworks (Demo)/td_Logout' is clicked on

25-11-2024T12:10:24 - [MESSAGE][PASSED] - Object: 'Object Repository/SalesOrder_NT/Page_Frameworks (Demo)/td_Logout' is clicked on]]></system-out>
         <system-err><![CDATA[]]></system-err>
      </testcase>
      <system-out><![CDATA[25-11-2024T12:08:51 - [TEST_SUITE][PASSED] - TS1_SalesOrder_Account_NT: Test Cases/Nortruss Instance/SalesOrders_Module/TS1_SO_SalesOrder_Account_NT/SO_AccounSale_Validate]]></system-out>
      <system-err><![CDATA[]]></system-err>
   </testsuite>
</testsuites>
