<?xml version="1.0" encoding="UTF-8"?>
<testsuites name="TS4_POS_Account_Credit_Partial_CHC" time="164.113" tests="4" failures="0" errors="0">
   <testsuite name="TS4_POS_Account_Credit_Partial_CHC" tests="4" failures="0" errors="0" time="164.113" skipped="0" timestamp="06-10-2024T22:54:28" hostname="User - ROG" id="Test Suites/CHC_Instance/PointofSale_Module/TS4_POS_Account_Credit_Partial_CHC">
      <properties>
         <property name="deviceName" value=""/>
         <property name="devicePlatform"/>
         <property name="logFolder" value="C:\\Users\\User\\git\\frameworks-regression-test-automation\\Reports\\20241006_225419\\CHC_Instance\\PointofSale_Module\\TS4_POS_Account_Credit_Partial_CHC\\20241006_225420"/>
         <property name="logFiles" value="C:\\Users\\User\\git\\frameworks-regression-test-automation\\Reports\\20241006_225419\\CHC_Instance\\PointofSale_Module\\TS4_POS_Account_Credit_Partial_CHC\\20241006_225420\\execution0.log"/>
         <property name="attachments" value="C:\\Users\\User\\git\\frameworks-regression-test-automation\\Reports\\20241006_225419\\CHC_Instance\\PointofSale_Module\\TS4_POS_Account_Credit_Partial_CHC\\20241006_225420\\1728215700634.png, C:\\Users\\User\\git\\frameworks-regression-test-automation\\Reports\\20241006_225419\\CHC_Instance\\PointofSale_Module\\TS4_POS_Account_Credit_Partial_CHC\\20241006_225420\\1728215703706.png, C:\\Users\\User\\git\\frameworks-regression-test-automation\\Reports\\20241006_225419\\CHC_Instance\\PointofSale_Module\\TS4_POS_Account_Credit_Partial_CHC\\20241006_225420\\1728215726639.png, C:\\Users\\User\\git\\frameworks-regression-test-automation\\Reports\\20241006_225419\\CHC_Instance\\PointofSale_Module\\TS4_POS_Account_Credit_Partial_CHC\\20241006_225420\\1728215729568.png, C:\\Users\\User\\git\\frameworks-regression-test-automation\\Reports\\20241006_225419\\CHC_Instance\\PointofSale_Module\\TS4_POS_Account_Credit_Partial_CHC\\20241006_225420\\1728215740737.png, C:\\Users\\User\\git\\frameworks-regression-test-automation\\Reports\\20241006_225419\\CHC_Instance\\PointofSale_Module\\TS4_POS_Account_Credit_Partial_CHC\\20241006_225420\\1728215743728.png, C:\\Users\\User\\git\\frameworks-regression-test-automation\\Reports\\20241006_225419\\CHC_Instance\\PointofSale_Module\\TS4_POS_Account_Credit_Partial_CHC\\20241006_225420\\1728215747431.png, C:\\Users\\User\\git\\frameworks-regression-test-automation\\Reports\\20241006_225419\\CHC_Instance\\PointofSale_Module\\TS4_POS_Account_Credit_Partial_CHC\\20241006_225420\\1728215750300.png, C:\\Users\\User\\git\\frameworks-regression-test-automation\\Reports\\20241006_225419\\CHC_Instance\\PointofSale_Module\\TS4_POS_Account_Credit_Partial_CHC\\20241006_225420\\1728215771265.png, C:\\Users\\User\\git\\frameworks-regression-test-automation\\Reports\\20241006_225419\\CHC_Instance\\PointofSale_Module\\TS4_POS_Account_Credit_Partial_CHC\\20241006_225420\\1728215778090.png, C:\\Users\\User\\git\\frameworks-regression-test-automation\\Reports\\20241006_225419\\CHC_Instance\\PointofSale_Module\\TS4_POS_Account_Credit_Partial_CHC\\20241006_225420\\1728215827977.png, C:\\Users\\User\\git\\frameworks-regression-test-automation\\Reports\\20241006_225419\\CHC_Instance\\PointofSale_Module\\TS4_POS_Account_Credit_Partial_CHC\\20241006_225420\\1728215830925.png"/>
         <property name="hostName" value="User - ROG"/>
         <property name="os" value="Windows 11 64bit"/>
         <property name="katalonVersion" value="9.5.0.217"/>
         <property name="browser" value="Chrome 129.0.0.0"/>
         <property name="hostAddress" value="10.192.251.2"/>
         <property name="sessionId" value="eb32dbe18d1b5fa76aed0fef203179bc"/>
         <property name="seleniumVersion" value="3.141.59"/>
         <property name="proxyInformation" value="ProxyInformation { proxyOption=NO_PROXY, proxyServerType=HTTP, username=, password=********, proxyServerAddress=, proxyServerPort=0, executionList=&quot;&quot;, isApplyToDesiredCapabilities=true }"/>
         <property name="platform" value="Windows 11"/>
      </properties>
      <testcase name="Test Cases/CHC_Instance/PointofSale_Module/TS2_POS_AccountSale/POS_AccountSale-5006866(TS4)" time="39.551" classname="Test Cases/CHC_Instance/PointofSale_Module/TS2_POS_AccountSale/POS_AccountSale-5006866(TS4)" status="PASSED">
         <system-out><![CDATA[06-10-2024T22:54:28 - [TEST_CASE][PASSED] - Test Cases/CHC_Instance/PointofSale_Module/TS2_POS_AccountSale/POS_AccountSale-5006866(TS4): Test Cases/CHC_Instance/PointofSale_Module/TS2_POS_AccountSale/POS_AccountSale-5006866(TS4)

06-10-2024T22:54:29 - [TEST_STEP][PASSED] - openBrowser(""): Browser is opened with url: ''

06-10-2024T22:54:29 - [MESSAGE][INFO] - Starting 'Chrome' driver

06-10-2024T22:54:29 - [MESSAGE][INFO] - Action delay is set to 0 milliseconds

06-10-2024T22:54:30 - [MESSAGE][PASSED] - Browser is opened with url: ''

06-10-2024T22:54:30 - [TEST_STEP][PASSED] - maximizeWindow(): Current window maximized

06-10-2024T22:54:31 - [MESSAGE][PASSED] - Current window maximized

06-10-2024T22:54:31 - [TEST_STEP][PASSED] - navigateToUrl("http://frameworks.cairnshardware.com.au:8080/FWDemo/Fluid.html#homeDashboard,dash,Frameworks.Activity.Menu.HomeDashBoard"): Navigate to 'http://frameworks.cairnshardware.com.au:8080/FWDemo/Fluid.html#homeDashboard,dash,Frameworks.Activity.Menu.HomeDashBoard' successfully

06-10-2024T22:54:35 - [MESSAGE][PASSED] - Navigate to 'http://frameworks.cairnshardware.com.au:8080/FWDemo/Fluid.html#homeDashboard,dash,Frameworks.Activity.Menu.HomeDashBoard' successfully

06-10-2024T22:54:35 - [TEST_STEP][PASSED] - setText(findTestObject("Object Repository/POS_AccountSale_CHC/Page_Frameworks (Demo)/input_User ID_userid"), userName): Text 'manaki' is set on object 'Object Repository/POS_AccountSale_CHC/Page_Frameworks (Demo)/input_User ID_userid'

06-10-2024T22:54:43 - [MESSAGE][PASSED] - Text 'manaki' is set on object 'Object Repository/POS_AccountSale_CHC/Page_Frameworks (Demo)/input_User ID_userid'

06-10-2024T22:54:43 - [TEST_STEP][PASSED] - setEncryptedText(findTestObject("Object Repository/POS_AccountSale_CHC/Page_Frameworks (Demo)/input_Password_password"), "BvRmjN+0xFM="): Text ****** has been set on object 'Object Repository/POS_AccountSale_CHC/Page_Frameworks (Demo)/input_Password_password'

06-10-2024T22:54:43 - [MESSAGE][PASSED] - Text ****** has been set on object 'Object Repository/POS_AccountSale_CHC/Page_Frameworks (Demo)/input_Password_password'

06-10-2024T22:54:43 - [TEST_STEP][PASSED] - click(findTestObject("Object Repository/POS_AccountSale_CHC/Page_Frameworks (Demo)/div_Login")): Object: 'Object Repository/POS_AccountSale_CHC/Page_Frameworks (Demo)/div_Login' is clicked on

06-10-2024T22:54:44 - [MESSAGE][PASSED] - Object: 'Object Repository/POS_AccountSale_CHC/Page_Frameworks (Demo)/div_Login' is clicked on

06-10-2024T22:54:44 - [TEST_STEP][PASSED] - click(findTestObject("Object Repository/POS_AccountSale_CHC/Page_Frameworks (Demo)/Fws_Menu")): Object: 'Object Repository/POS_AccountSale_CHC/Page_Frameworks (Demo)/Fws_Menu' is clicked on

06-10-2024T22:54:46 - [MESSAGE][PASSED] - Object: 'Object Repository/POS_AccountSale_CHC/Page_Frameworks (Demo)/Fws_Menu' is clicked on

06-10-2024T22:54:46 - [TEST_STEP][PASSED] - click(findTestObject("Object Repository/POS_AccountSale_CHC/Page_Frameworks (Demo)/Sales_TransactionProcessing")): Object: 'Object Repository/POS_AccountSale_CHC/Page_Frameworks (Demo)/Sales_TransactionProcessing' is clicked on

06-10-2024T22:54:46 - [MESSAGE][PASSED] - Object: 'Object Repository/POS_AccountSale_CHC/Page_Frameworks (Demo)/Sales_TransactionProcessing' is clicked on

06-10-2024T22:54:46 - [TEST_STEP][PASSED] - click(findTestObject("Object Repository/POS_AccountSale_CHC/Page_Frameworks (Demo)/td_Point Of Sale")): Object: 'Object Repository/POS_AccountSale_CHC/Page_Frameworks (Demo)/td_Point Of Sale' is clicked on

06-10-2024T22:54:47 - [MESSAGE][PASSED] - Object: 'Object Repository/POS_AccountSale_CHC/Page_Frameworks (Demo)/td_Point Of Sale' is clicked on

06-10-2024T22:54:47 - [TEST_STEP][PASSED] - delay(1): Delayed 1 second(s)

06-10-2024T22:54:48 - [MESSAGE][PASSED] - Delayed 1 second(s)

06-10-2024T22:54:48 - [TEST_STEP][PASSED] - setText(findTestObject("Object Repository/POS_AccountSale_CHC/Page_Frameworks (Demo)/input_m_customerIdX"), customerName): Text 'Lee Pearce (518451)' is set on object 'Object Repository/POS_AccountSale_CHC/Page_Frameworks (Demo)/input_m_customerIdX'

06-10-2024T22:54:50 - [MESSAGE][PASSED] - Text 'Lee Pearce (518451)' is set on object 'Object Repository/POS_AccountSale_CHC/Page_Frameworks (Demo)/input_m_customerIdX'

06-10-2024T22:54:50 - [TEST_STEP][PASSED] - click(findTestObject("Object Repository/POS_AccountSale_CHC/Page_Frameworks (Demo)/div_Lee Pearce (518451)")): Object: 'Object Repository/POS_AccountSale_CHC/Page_Frameworks (Demo)/div_Lee Pearce (518451)' is clicked on

06-10-2024T22:54:50 - [MESSAGE][PASSED] - Object: 'Object Repository/POS_AccountSale_CHC/Page_Frameworks (Demo)/div_Lee Pearce (518451)' is clicked on

06-10-2024T22:54:50 - [TEST_STEP][PASSED] - click(findTestObject("Object Repository/POS_AccountSale_CHC/Page_Frameworks (Demo)/Page_Frameworks (Demo)/span_Point Of Sale")): Object: 'Object Repository/POS_AccountSale_CHC/Page_Frameworks (Demo)/Page_Frameworks (Demo)/span_Point Of Sale' is clicked on

06-10-2024T22:54:51 - [MESSAGE][PASSED] - Object: 'Object Repository/POS_AccountSale_CHC/Page_Frameworks (Demo)/Page_Frameworks (Demo)/span_Point Of Sale' is clicked on

06-10-2024T22:54:51 - [TEST_STEP][PASSED] - click(findTestObject("Object Repository/POS_AccountSale_CHC/Page_Frameworks (Demo)/Page_Frameworks (Demo)/td_Close (O)")): Object: 'Object Repository/POS_AccountSale_CHC/Page_Frameworks (Demo)/Page_Frameworks (Demo)/td_Close (O)' is clicked on

06-10-2024T22:54:53 - [MESSAGE][PASSED] - Object: 'Object Repository/POS_AccountSale_CHC/Page_Frameworks (Demo)/Page_Frameworks (Demo)/td_Close (O)' is clicked on

06-10-2024T22:54:53 - [TEST_STEP][PASSED] - invoiceNum = getText(findTestObject("Object Repository/TS2_POS_AccountSale_DBC/New_Interface/Page_Frameworks (Demo)/div_invoiceNum")): Text of object 'Object Repository/TS2_POS_AccountSale_DBC/New_Interface/Page_Frameworks (Demo)/div_invoiceNum' is: '13072719'

06-10-2024T22:54:54 - [MESSAGE][PASSED] - Text of object 'Object Repository/TS2_POS_AccountSale_DBC/New_Interface/Page_Frameworks (Demo)/div_invoiceNum' is: '13072719'

06-10-2024T22:54:54 - [TEST_STEP][PASSED] - setText(findTestObject("Object Repository/POS_AccountSale_CHC/Page_Frameworks (Demo)/input_P_prodId"), "5006866"): Text '5006866' is set on object 'Object Repository/POS_AccountSale_CHC/Page_Frameworks (Demo)/input_P_prodId'

06-10-2024T22:54:55 - [MESSAGE][PASSED] - Text '5006866' is set on object 'Object Repository/POS_AccountSale_CHC/Page_Frameworks (Demo)/input_P_prodId'

06-10-2024T22:54:55 - [TEST_STEP][PASSED] - delay(2): Delayed 2 second(s)

06-10-2024T22:54:57 - [MESSAGE][PASSED] - Delayed 2 second(s)

06-10-2024T22:54:57 - [TEST_STEP][PASSED] - setText(findTestObject("Object Repository/POS_AccountSale_CHC/Page_Frameworks (Demo)/input_Quantity_quantityOrdered"), "2"): Text '2' is set on object 'Object Repository/POS_AccountSale_CHC/Page_Frameworks (Demo)/input_Quantity_quantityOrdered'

06-10-2024T22:54:58 - [MESSAGE][PASSED] - Text '2' is set on object 'Object Repository/POS_AccountSale_CHC/Page_Frameworks (Demo)/input_Quantity_quantityOrdered'

06-10-2024T22:54:58 - [TEST_STEP][PASSED] - click(findTestObject("Object Repository/POS_AccountSale_CHC/Page_Frameworks (Demo)/input_Quantity_quantityOrdered")): Object: 'Object Repository/POS_AccountSale_CHC/Page_Frameworks (Demo)/input_Quantity_quantityOrdered' is clicked on

06-10-2024T22:54:58 - [MESSAGE][PASSED] - Object: 'Object Repository/POS_AccountSale_CHC/Page_Frameworks (Demo)/input_Quantity_quantityOrdered' is clicked on

06-10-2024T22:54:58 - [TEST_STEP][PASSED] - delay(2): Delayed 2 second(s)

06-10-2024T22:55:00 - [MESSAGE][PASSED] - Delayed 2 second(s)

06-10-2024T22:55:00 - [TEST_STEP][PASSED] - takeFullPageScreenshot(): Taking screenshot successfully

06-10-2024T22:55:01 - [MESSAGE][INFO] - 0 hidden object(s)

06-10-2024T22:55:01 - [MESSAGE][PASSED] - Taking screenshot successfully
[[ATTACHMENT|C:\\Users\\User\\git\\frameworks-regression-test-automation\\Reports\\20241006_225419\\CHC_Instance\\PointofSale_Module\\TS4_POS_Account_Credit_Partial_CHC\\20241006_225420\\1728215700634.png]]

06-10-2024T22:55:01 - [TEST_STEP][PASSED] - click(findTestObject("Object Repository/POS_AccountSale_CHC/Page_Frameworks (Demo)/img_add")): Object: 'Object Repository/POS_AccountSale_CHC/Page_Frameworks (Demo)/img_add' is clicked on

06-10-2024T22:55:01 - [MESSAGE][PASSED] - Object: 'Object Repository/POS_AccountSale_CHC/Page_Frameworks (Demo)/img_add' is clicked on

06-10-2024T22:55:01 - [TEST_STEP][PASSED] - delay(2): Delayed 2 second(s)

06-10-2024T22:55:03 - [MESSAGE][PASSED] - Delayed 2 second(s)

06-10-2024T22:55:03 - [TEST_STEP][PASSED] - takeFullPageScreenshot(): Taking screenshot successfully

06-10-2024T22:55:04 - [MESSAGE][INFO] - 0 hidden object(s)

06-10-2024T22:55:04 - [MESSAGE][PASSED] - Taking screenshot successfully
[[ATTACHMENT|C:\\Users\\User\\git\\frameworks-regression-test-automation\\Reports\\20241006_225419\\CHC_Instance\\PointofSale_Module\\TS4_POS_Account_Credit_Partial_CHC\\20241006_225420\\1728215703706.png]]

06-10-2024T22:55:04 - [TEST_STEP][PASSED] - click(findTestObject("Object Repository/POS_AccountSale_CHC/Page_Frameworks (Demo)/Page_Frameworks (Demo)/div_ACCOUNT (A)")): Object: 'Object Repository/POS_AccountSale_CHC/Page_Frameworks (Demo)/Page_Frameworks (Demo)/div_ACCOUNT (A)' is clicked on

06-10-2024T22:55:04 - [MESSAGE][PASSED] - Object: 'Object Repository/POS_AccountSale_CHC/Page_Frameworks (Demo)/Page_Frameworks (Demo)/div_ACCOUNT (A)' is clicked on

06-10-2024T22:55:04 - [TEST_STEP][PASSED] - sourceFile = new java.io.FileInputStream(ExcelFile): null

06-10-2024T22:55:04 - [TEST_STEP][PASSED] - workbook = new org.apache.poi.xssf.usermodel.XSSFWorkbook(sourceFile): null

06-10-2024T22:55:05 - [TEST_STEP][PASSED] - sheet = workbook.getSheet("Sheet1"): null

06-10-2024T22:55:05 - [TEST_STEP][PASSED] - row = sheet.getRow(0): null

06-10-2024T22:55:05 - [TEST_STEP][PASSED] - cell = row.getCell(1): null

06-10-2024T22:55:05 - [TEST_STEP][PASSED] - row = sheet.createRow(1): null

06-10-2024T22:55:05 - [TEST_STEP][PASSED] - cell = row.createCell(0): null

06-10-2024T22:55:05 - [TEST_STEP][PASSED] - cell.setCellValue("Invoice Number"): null

06-10-2024T22:55:05 - [TEST_STEP][PASSED] - cell = row.createCell(1): null

06-10-2024T22:55:05 - [TEST_STEP][PASSED] - cell.setCellValue(invoiceNum): null

06-10-2024T22:55:05 - [TEST_STEP][PASSED] - fos = new java.io.FileOutputStream(ExcelFile): null

06-10-2024T22:55:05 - [TEST_STEP][PASSED] - workbook.write(fos): null

06-10-2024T22:55:05 - [TEST_STEP][PASSED] - fos.close(): null

06-10-2024T22:55:05 - [TEST_STEP][PASSED] - sourceFile.close(): null

06-10-2024T22:55:05 - [TEST_STEP][PASSED] - delay(2): Delayed 2 second(s)

06-10-2024T22:55:07 - [MESSAGE][PASSED] - Delayed 2 second(s)

06-10-2024T22:55:07 - [TEST_STEP][PASSED] - click(findTestObject("Object Repository/Create_PurchaseOrder_CHC/Page_Frameworks (Demo)/img_Accountdropd")): Object: 'Object Repository/Create_PurchaseOrder_CHC/Page_Frameworks (Demo)/img_Accountdropd' is clicked on

06-10-2024T22:55:07 - [MESSAGE][PASSED] - Object: 'Object Repository/Create_PurchaseOrder_CHC/Page_Frameworks (Demo)/img_Accountdropd' is clicked on

06-10-2024T22:55:07 - [TEST_STEP][PASSED] - click(findTestObject("Object Repository/Create_PurchaseOrder_CHC/Page_Frameworks (Demo)/div_Logout")): Object: 'Object Repository/Create_PurchaseOrder_CHC/Page_Frameworks (Demo)/div_Logout' is clicked on

06-10-2024T22:55:08 - [MESSAGE][PASSED] - Object: 'Object Repository/Create_PurchaseOrder_CHC/Page_Frameworks (Demo)/div_Logout' is clicked on]]></system-out>
         <system-err><![CDATA[]]></system-err>
      </testcase>
      <testcase name="Test Cases/CHC_Instance/PointofSale_Module/TS4_POS_AccountCredit_Partial_StockReturn/POS_AccountCredit_Partial_CHC" time="44.915" classname="Test Cases/CHC_Instance/PointofSale_Module/TS4_POS_AccountCredit_Partial_StockReturn/POS_AccountCredit_Partial_CHC" status="PASSED">
         <system-out><![CDATA[06-10-2024T22:55:08 - [TEST_CASE][PASSED] - Test Cases/CHC_Instance/PointofSale_Module/TS4_POS_AccountCredit_Partial_StockReturn/POS_AccountCredit_Partial_CHC: Test Cases/CHC_Instance/PointofSale_Module/TS4_POS_AccountCredit_Partial_StockReturn/POS_AccountCredit_Partial_CHC

06-10-2024T22:55:08 - [TEST_STEP][PASSED] - sourceFile = new java.io.FileInputStream(ExcelFile): null

06-10-2024T22:55:08 - [TEST_STEP][PASSED] - workbook = new org.apache.poi.xssf.usermodel.XSSFWorkbook(sourceFile): null

06-10-2024T22:55:08 - [TEST_STEP][PASSED] - sheet = workbook.getSheet("Sheet1"): null

06-10-2024T22:55:08 - [TEST_STEP][PASSED] - row = sheet.getRow(1): null

06-10-2024T22:55:08 - [TEST_STEP][PASSED] - cell = row.getCell(1): null

06-10-2024T22:55:08 - [TEST_STEP][PASSED] - docketNumber = cell.getStringCellValue(): null

06-10-2024T22:55:08 - [TEST_STEP][PASSED] - println(docketNumber): null

06-10-2024T22:55:08 - [TEST_STEP][PASSED] - sourceFile.close(): null

06-10-2024T22:55:08 - [TEST_STEP][PASSED] - openBrowser(""): Browser is opened with url: ''

06-10-2024T22:55:08 - [MESSAGE][WARNING] - A browser is already opened. Closing browser and opening a new one

06-10-2024T22:55:09 - [MESSAGE][INFO] - Starting 'Chrome' driver

06-10-2024T22:55:09 - [MESSAGE][INFO] - Action delay is set to 0 milliseconds

06-10-2024T22:55:09 - [MESSAGE][PASSED] - Browser is opened with url: ''

06-10-2024T22:55:09 - [TEST_STEP][PASSED] - maximizeWindow(): Current window maximized

06-10-2024T22:55:09 - [MESSAGE][PASSED] - Current window maximized

06-10-2024T22:55:09 - [TEST_STEP][PASSED] - navigateToUrl("http://frameworks.cairnshardware.com.au:8080/FWDemo/Fluid.html#homeDashboard,dash,Frameworks.Activity.Menu.HomeDashBoard"): Navigate to 'http://frameworks.cairnshardware.com.au:8080/FWDemo/Fluid.html#homeDashboard,dash,Frameworks.Activity.Menu.HomeDashBoard' successfully

06-10-2024T22:55:14 - [MESSAGE][PASSED] - Navigate to 'http://frameworks.cairnshardware.com.au:8080/FWDemo/Fluid.html#homeDashboard,dash,Frameworks.Activity.Menu.HomeDashBoard' successfully

06-10-2024T22:55:14 - [TEST_STEP][PASSED] - setText(findTestObject("Object Repository/TS3_POS_AccountCredit_Full_CHC/Page_Frameworks (Demo)/input_User ID_userid"), userName): Text 'manaki' is set on object 'Object Repository/TS3_POS_AccountCredit_Full_CHC/Page_Frameworks (Demo)/input_User ID_userid'

06-10-2024T22:55:20 - [MESSAGE][PASSED] - Text 'manaki' is set on object 'Object Repository/TS3_POS_AccountCredit_Full_CHC/Page_Frameworks (Demo)/input_User ID_userid'

06-10-2024T22:55:20 - [TEST_STEP][PASSED] - setEncryptedText(findTestObject("Object Repository/TS3_POS_AccountCredit_Full_CHC/Page_Frameworks (Demo)/input_Password_password"), "BvRmjN+0xFM="): Text ****** has been set on object 'Object Repository/TS3_POS_AccountCredit_Full_CHC/Page_Frameworks (Demo)/input_Password_password'

06-10-2024T22:55:20 - [MESSAGE][PASSED] - Text ****** has been set on object 'Object Repository/TS3_POS_AccountCredit_Full_CHC/Page_Frameworks (Demo)/input_Password_password'

06-10-2024T22:55:20 - [TEST_STEP][PASSED] - click(findTestObject("Object Repository/TS3_POS_AccountCredit_Full_CHC/Page_Frameworks (Demo)/div_Login")): Object: 'Object Repository/TS3_POS_AccountCredit_Full_CHC/Page_Frameworks (Demo)/div_Login' is clicked on

06-10-2024T22:55:21 - [MESSAGE][PASSED] - Object: 'Object Repository/TS3_POS_AccountCredit_Full_CHC/Page_Frameworks (Demo)/div_Login' is clicked on

06-10-2024T22:55:21 - [TEST_STEP][PASSED] - click(findTestObject("Object Repository/TS3_POS_AccountCredit_Full_CHC/Page_Frameworks (Demo)/Fws_Menu")): Object: 'Object Repository/TS3_POS_AccountCredit_Full_CHC/Page_Frameworks (Demo)/Fws_Menu' is clicked on

06-10-2024T22:55:23 - [MESSAGE][PASSED] - Object: 'Object Repository/TS3_POS_AccountCredit_Full_CHC/Page_Frameworks (Demo)/Fws_Menu' is clicked on

06-10-2024T22:55:23 - [TEST_STEP][PASSED] - click(findTestObject("Object Repository/TS3_POS_AccountCredit_Full_CHC/Page_Frameworks (Demo)/Sales_TransactionProcessing")): Object: 'Object Repository/TS3_POS_AccountCredit_Full_CHC/Page_Frameworks (Demo)/Sales_TransactionProcessing' is clicked on

06-10-2024T22:55:23 - [MESSAGE][PASSED] - Object: 'Object Repository/TS3_POS_AccountCredit_Full_CHC/Page_Frameworks (Demo)/Sales_TransactionProcessing' is clicked on

06-10-2024T22:55:23 - [TEST_STEP][PASSED] - click(findTestObject("Object Repository/TS3_POS_AccountCredit_Full_CHC/Page_Frameworks (Demo)/td_Credit Notes")): Object: 'Object Repository/TS3_POS_AccountCredit_Full_CHC/Page_Frameworks (Demo)/td_Credit Notes' is clicked on

06-10-2024T22:55:24 - [MESSAGE][PASSED] - Object: 'Object Repository/TS3_POS_AccountCredit_Full_CHC/Page_Frameworks (Demo)/td_Credit Notes' is clicked on

06-10-2024T22:55:24 - [TEST_STEP][PASSED] - delay(2): Delayed 2 second(s)

06-10-2024T22:55:26 - [MESSAGE][PASSED] - Delayed 2 second(s)

06-10-2024T22:55:26 - [TEST_STEP][PASSED] - takeFullPageScreenshot(): Taking screenshot successfully

06-10-2024T22:55:27 - [MESSAGE][INFO] - 0 hidden object(s)

06-10-2024T22:55:27 - [MESSAGE][PASSED] - Taking screenshot successfully
[[ATTACHMENT|C:\\Users\\User\\git\\frameworks-regression-test-automation\\Reports\\20241006_225419\\CHC_Instance\\PointofSale_Module\\TS4_POS_Account_Credit_Partial_CHC\\20241006_225420\\1728215726639.png]]

06-10-2024T22:55:27 - [TEST_STEP][PASSED] - click(findTestObject("Object Repository/TS3_POS_AccountCredit_Full_CHC/Page_Frameworks (Demo)/div_New")): Object: 'Object Repository/TS3_POS_AccountCredit_Full_CHC/Page_Frameworks (Demo)/div_New' is clicked on

06-10-2024T22:55:27 - [MESSAGE][PASSED] - Object: 'Object Repository/TS3_POS_AccountCredit_Full_CHC/Page_Frameworks (Demo)/div_New' is clicked on

06-10-2024T22:55:27 - [TEST_STEP][PASSED] - delay(2): Delayed 2 second(s)

06-10-2024T22:55:29 - [MESSAGE][PASSED] - Delayed 2 second(s)

06-10-2024T22:55:29 - [TEST_STEP][PASSED] - takeFullPageScreenshot(): Taking screenshot successfully

06-10-2024T22:55:30 - [MESSAGE][INFO] - 0 hidden object(s)

06-10-2024T22:55:30 - [MESSAGE][PASSED] - Taking screenshot successfully
[[ATTACHMENT|C:\\Users\\User\\git\\frameworks-regression-test-automation\\Reports\\20241006_225419\\CHC_Instance\\PointofSale_Module\\TS4_POS_Account_Credit_Partial_CHC\\20241006_225420\\1728215729568.png]]

06-10-2024T22:55:30 - [TEST_STEP][PASSED] - transaction_Number = getText(findTestObject("Object Repository/TS3_POS_AccountCredit_Full_CHC/Page_Frameworks (Demo)/transaction_Number")): Text of object 'Object Repository/TS3_POS_AccountCredit_Full_CHC/Page_Frameworks (Demo)/transaction_Number' is: '13072721'

06-10-2024T22:55:30 - [MESSAGE][PASSED] - Text of object 'Object Repository/TS3_POS_AccountCredit_Full_CHC/Page_Frameworks (Demo)/transaction_Number' is: '13072721'

06-10-2024T22:55:30 - [TEST_STEP][PASSED] - println(transaction_Number): null

06-10-2024T22:55:30 - [TEST_STEP][PASSED] - setText(findTestObject("Object Repository/TS3_POS_AccountCredit_Full_CHC/Page_Frameworks (Demo)/input_Customer_idCustX"), "Lee Pearce (518451)"): Text 'Lee Pearce (518451)' is set on object 'Object Repository/TS3_POS_AccountCredit_Full_CHC/Page_Frameworks (Demo)/input_Customer_idCustX'

06-10-2024T22:55:31 - [MESSAGE][PASSED] - Text 'Lee Pearce (518451)' is set on object 'Object Repository/TS3_POS_AccountCredit_Full_CHC/Page_Frameworks (Demo)/input_Customer_idCustX'

06-10-2024T22:55:31 - [TEST_STEP][PASSED] - click(findTestObject("Object Repository/TS3_POS_AccountCredit_Full_CHC/Page_Frameworks (Demo)/div_Lee Pearce (518451)")): Object: 'Object Repository/TS3_POS_AccountCredit_Full_CHC/Page_Frameworks (Demo)/div_Lee Pearce (518451)' is clicked on

06-10-2024T22:55:32 - [MESSAGE][PASSED] - Object: 'Object Repository/TS3_POS_AccountCredit_Full_CHC/Page_Frameworks (Demo)/div_Lee Pearce (518451)' is clicked on

06-10-2024T22:55:32 - [TEST_STEP][PASSED] - click(findTestObject("Object Repository/TS3_POS_AccountCredit_Full_CHC/Page_Frameworks (Demo)/table_Select a Value")): Object: 'Object Repository/TS3_POS_AccountCredit_Full_CHC/Page_Frameworks (Demo)/table_Select a Value' is clicked on

06-10-2024T22:55:33 - [MESSAGE][PASSED] - Object: 'Object Repository/TS3_POS_AccountCredit_Full_CHC/Page_Frameworks (Demo)/table_Select a Value' is clicked on

06-10-2024T22:55:33 - [TEST_STEP][PASSED] - click(findTestObject("Object Repository/TS3_POS_AccountCredit_Full_CHC/Page_Frameworks (Demo)/div_Stock Return")): Object: 'Object Repository/TS3_POS_AccountCredit_Full_CHC/Page_Frameworks (Demo)/div_Stock Return' is clicked on

06-10-2024T22:55:34 - [MESSAGE][PASSED] - Object: 'Object Repository/TS3_POS_AccountCredit_Full_CHC/Page_Frameworks (Demo)/div_Stock Return' is clicked on

06-10-2024T22:55:34 - [TEST_STEP][PASSED] - click(findTestObject("Object Repository/TS3_POS_AccountCredit_Full_CHC/Page_Frameworks (Demo)/table_Reason_isc_YX")): Object: 'Object Repository/TS3_POS_AccountCredit_Full_CHC/Page_Frameworks (Demo)/table_Reason_isc_YX' is clicked on

06-10-2024T22:55:34 - [MESSAGE][PASSED] - Object: 'Object Repository/TS3_POS_AccountCredit_Full_CHC/Page_Frameworks (Demo)/table_Reason_isc_YX' is clicked on

06-10-2024T22:55:34 - [TEST_STEP][PASSED] - click(findTestObject("Object Repository/TS3_POS_AccountCredit_Full_CHC/Page_Frameworks (Demo)/div_1 - Stock Return")): Object: 'Object Repository/TS3_POS_AccountCredit_Full_CHC/Page_Frameworks (Demo)/div_1 - Stock Return' is clicked on

06-10-2024T22:55:36 - [MESSAGE][PASSED] - Object: 'Object Repository/TS3_POS_AccountCredit_Full_CHC/Page_Frameworks (Demo)/div_1 - Stock Return' is clicked on

06-10-2024T22:55:36 - [TEST_STEP][PASSED] - click(findTestObject("Object Repository/TS3_POS_AccountCredit_Full_CHC/Page_Frameworks (Demo)/input_Original Docket_originalDocket"), STOP_ON_FAILURE): Object: 'Object Repository/TS3_POS_AccountCredit_Full_CHC/Page_Frameworks (Demo)/input_Original Docket_originalDocket' is clicked on

06-10-2024T22:55:36 - [MESSAGE][PASSED] - Object: 'Object Repository/TS3_POS_AccountCredit_Full_CHC/Page_Frameworks (Demo)/input_Original Docket_originalDocket' is clicked on

06-10-2024T22:55:36 - [TEST_STEP][PASSED] - sendKeys(findTestObject("Object Repository/TS3_POS_AccountCredit_Full_CHC/Page_Frameworks (Demo)/input_Original Docket_originalDocket"), docketNumber): Keys '13072719' sent to object: 'Object Repository/TS3_POS_AccountCredit_Full_CHC/Page_Frameworks (Demo)/input_Original Docket_originalDocket'

06-10-2024T22:55:37 - [MESSAGE][PASSED] - Keys '13072719' sent to object: 'Object Repository/TS3_POS_AccountCredit_Full_CHC/Page_Frameworks (Demo)/input_Original Docket_originalDocket'

06-10-2024T22:55:37 - [TEST_STEP][PASSED] - click(findTestObject("Object Repository/TS3_POS_AccountCredit_Full_CHC/Page_Frameworks (Demo)/div_BranchDropdown")): Object: 'Object Repository/TS3_POS_AccountCredit_Full_CHC/Page_Frameworks (Demo)/div_BranchDropdown' is clicked on

06-10-2024T22:55:37 - [MESSAGE][PASSED] - Object: 'Object Repository/TS3_POS_AccountCredit_Full_CHC/Page_Frameworks (Demo)/div_BranchDropdown' is clicked on

06-10-2024T22:55:37 - [TEST_STEP][PASSED] - click(findTestObject("Object Repository/TS3_POS_AccountCredit_Full_CHC/Page_Frameworks (Demo)/div_501 - DEMONSTRATION BRANCH 501")): Object: 'Object Repository/TS3_POS_AccountCredit_Full_CHC/Page_Frameworks (Demo)/div_501 - DEMONSTRATION BRANCH 501' is clicked on

06-10-2024T22:55:38 - [MESSAGE][PASSED] - Object: 'Object Repository/TS3_POS_AccountCredit_Full_CHC/Page_Frameworks (Demo)/div_501 - DEMONSTRATION BRANCH 501' is clicked on

06-10-2024T22:55:38 - [TEST_STEP][PASSED] - delay(2): Delayed 2 second(s)

06-10-2024T22:55:40 - [MESSAGE][PASSED] - Delayed 2 second(s)

06-10-2024T22:55:40 - [TEST_STEP][PASSED] - takeFullPageScreenshot(): Taking screenshot successfully

06-10-2024T22:55:41 - [MESSAGE][INFO] - 0 hidden object(s)

06-10-2024T22:55:41 - [MESSAGE][PASSED] - Taking screenshot successfully
[[ATTACHMENT|C:\\Users\\User\\git\\frameworks-regression-test-automation\\Reports\\20241006_225419\\CHC_Instance\\PointofSale_Module\\TS4_POS_Account_Credit_Partial_CHC\\20241006_225420\\1728215740737.png]]

06-10-2024T22:55:41 - [TEST_STEP][PASSED] - click(findTestObject("Object Repository/TS3_POS_AccountCredit_Full_CHC/Page_Frameworks (Demo)/div_Load Details")): Object: 'Object Repository/TS3_POS_AccountCredit_Full_CHC/Page_Frameworks (Demo)/div_Load Details' is clicked on

06-10-2024T22:55:41 - [MESSAGE][PASSED] - Object: 'Object Repository/TS3_POS_AccountCredit_Full_CHC/Page_Frameworks (Demo)/div_Load Details' is clicked on

06-10-2024T22:55:41 - [TEST_STEP][PASSED] - delay(2): Delayed 2 second(s)

06-10-2024T22:55:43 - [MESSAGE][PASSED] - Delayed 2 second(s)

06-10-2024T22:55:43 - [TEST_STEP][PASSED] - takeFullPageScreenshot(): Taking screenshot successfully

06-10-2024T22:55:44 - [MESSAGE][INFO] - 0 hidden object(s)

06-10-2024T22:55:44 - [MESSAGE][PASSED] - Taking screenshot successfully
[[ATTACHMENT|C:\\Users\\User\\git\\frameworks-regression-test-automation\\Reports\\20241006_225419\\CHC_Instance\\PointofSale_Module\\TS4_POS_Account_Credit_Partial_CHC\\20241006_225420\\1728215743728.png]]

06-10-2024T22:55:44 - [TEST_STEP][PASSED] - click(findTestObject("Object Repository/TS5_POS_CashRefund_Full_CHC/Page_Frameworks (Demo)/div_CreditQty_Row1")): Object: 'Object Repository/TS5_POS_CashRefund_Full_CHC/Page_Frameworks (Demo)/div_CreditQty_Row1' is clicked on

06-10-2024T22:55:44 - [MESSAGE][PASSED] - Object: 'Object Repository/TS5_POS_CashRefund_Full_CHC/Page_Frameworks (Demo)/div_CreditQty_Row1' is clicked on

06-10-2024T22:55:44 - [TEST_STEP][PASSED] - sendKeys(findTestObject("Object Repository/TS5_POS_CashRefund_Full_CHC/Page_Frameworks (Demo)/input_CreditQty_row1"), "1"): Keys '1' sent to object: 'Object Repository/TS5_POS_CashRefund_Full_CHC/Page_Frameworks (Demo)/input_CreditQty_row1'

06-10-2024T22:55:45 - [MESSAGE][PASSED] - Keys '1' sent to object: 'Object Repository/TS5_POS_CashRefund_Full_CHC/Page_Frameworks (Demo)/input_CreditQty_row1'

06-10-2024T22:55:45 - [TEST_STEP][PASSED] - delay(2): Delayed 2 second(s)

06-10-2024T22:55:47 - [MESSAGE][PASSED] - Delayed 2 second(s)

06-10-2024T22:55:47 - [TEST_STEP][PASSED] - takeFullPageScreenshot(): Taking screenshot successfully

06-10-2024T22:55:47 - [MESSAGE][INFO] - 0 hidden object(s)

06-10-2024T22:55:47 - [MESSAGE][PASSED] - Taking screenshot successfully
[[ATTACHMENT|C:\\Users\\User\\git\\frameworks-regression-test-automation\\Reports\\20241006_225419\\CHC_Instance\\PointofSale_Module\\TS4_POS_Account_Credit_Partial_CHC\\20241006_225420\\1728215747431.png]]

06-10-2024T22:55:47 - [TEST_STEP][PASSED] - click(findTestObject("Object Repository/TS3_POS_AccountCredit_Full_CHC/Page_Frameworks (Demo)/div_Finish (S)")): Object: 'Object Repository/TS3_POS_AccountCredit_Full_CHC/Page_Frameworks (Demo)/div_Finish (S)' is clicked on

06-10-2024T22:55:48 - [MESSAGE][PASSED] - Object: 'Object Repository/TS3_POS_AccountCredit_Full_CHC/Page_Frameworks (Demo)/div_Finish (S)' is clicked on

06-10-2024T22:55:48 - [TEST_STEP][PASSED] - delay(2): Delayed 2 second(s)

06-10-2024T22:55:50 - [MESSAGE][PASSED] - Delayed 2 second(s)

06-10-2024T22:55:50 - [TEST_STEP][PASSED] - takeFullPageScreenshot(): Taking screenshot successfully

06-10-2024T22:55:50 - [MESSAGE][INFO] - 0 hidden object(s)

06-10-2024T22:55:50 - [MESSAGE][PASSED] - Taking screenshot successfully
[[ATTACHMENT|C:\\Users\\User\\git\\frameworks-regression-test-automation\\Reports\\20241006_225419\\CHC_Instance\\PointofSale_Module\\TS4_POS_Account_Credit_Partial_CHC\\20241006_225420\\1728215750300.png]]

06-10-2024T22:55:50 - [TEST_STEP][PASSED] - click(findTestObject("Object Repository/TS3_POS_AccountCredit_Full_CHC/Page_Frameworks (Demo)/div_Refund")): Object: 'Object Repository/TS3_POS_AccountCredit_Full_CHC/Page_Frameworks (Demo)/div_Refund' is clicked on

06-10-2024T22:55:51 - [MESSAGE][PASSED] - Object: 'Object Repository/TS3_POS_AccountCredit_Full_CHC/Page_Frameworks (Demo)/div_Refund' is clicked on

06-10-2024T22:55:51 - [TEST_STEP][PASSED] - updatesourceFile = new java.io.FileInputStream(ExcelFile): null

06-10-2024T22:55:51 - [TEST_STEP][PASSED] - updateWorkbook = new org.apache.poi.xssf.usermodel.XSSFWorkbook(updatesourceFile): null

06-10-2024T22:55:51 - [TEST_STEP][PASSED] - updateSheet = updateWorkbook.getSheet("Sheet1"): null

06-10-2024T22:55:51 - [TEST_STEP][PASSED] - updateRow = updateSheet.getRow(0): null

06-10-2024T22:55:51 - [TEST_STEP][PASSED] - updateCell = updateRow.getCell(1): null

06-10-2024T22:55:51 - [TEST_STEP][PASSED] - updateRow = updateSheet.createRow(2): null

06-10-2024T22:55:51 - [TEST_STEP][PASSED] - updateCell = updateRow.createCell(0): null

06-10-2024T22:55:51 - [TEST_STEP][PASSED] - updateCell.setCellValue("TransactionNumber"): null

06-10-2024T22:55:51 - [TEST_STEP][PASSED] - updateCell = updateRow.createCell(1): null

06-10-2024T22:55:51 - [TEST_STEP][PASSED] - updateCell.setCellValue(transaction_Number): null

06-10-2024T22:55:51 - [TEST_STEP][PASSED] - fos = new java.io.FileOutputStream(ExcelFile): null

06-10-2024T22:55:51 - [TEST_STEP][PASSED] - updateWorkbook.write(fos): null

06-10-2024T22:55:51 - [TEST_STEP][PASSED] - fos.close(): null

06-10-2024T22:55:51 - [TEST_STEP][PASSED] - updatesourceFile.close(): null

06-10-2024T22:55:51 - [TEST_STEP][PASSED] - click(findTestObject("Object Repository/Create_PurchaseOrder_CHC/Page_Frameworks (Demo)/img_Accountdropd")): Object: 'Object Repository/Create_PurchaseOrder_CHC/Page_Frameworks (Demo)/img_Accountdropd' is clicked on

06-10-2024T22:55:52 - [MESSAGE][PASSED] - Object: 'Object Repository/Create_PurchaseOrder_CHC/Page_Frameworks (Demo)/img_Accountdropd' is clicked on

06-10-2024T22:55:52 - [TEST_STEP][PASSED] - click(findTestObject("Object Repository/Create_PurchaseOrder_CHC/Page_Frameworks (Demo)/div_Logout")): Object: 'Object Repository/Create_PurchaseOrder_CHC/Page_Frameworks (Demo)/div_Logout' is clicked on

06-10-2024T22:55:53 - [MESSAGE][PASSED] - Object: 'Object Repository/Create_PurchaseOrder_CHC/Page_Frameworks (Demo)/div_Logout' is clicked on]]></system-out>
         <system-err><![CDATA[]]></system-err>
      </testcase>
      <testcase name="Test Cases/CHC_Instance/PointofSale_Module/TS4_POS_AccountCredit_Partial_StockReturn/POS_AccountCredit_Partial_ValidateRefund_CHC" time="26.856" classname="Test Cases/CHC_Instance/PointofSale_Module/TS4_POS_AccountCredit_Partial_StockReturn/POS_AccountCredit_Partial_ValidateRefund_CHC" status="PASSED">
         <system-out><![CDATA[06-10-2024T22:55:53 - [TEST_CASE][PASSED] - Test Cases/CHC_Instance/PointofSale_Module/TS4_POS_AccountCredit_Partial_StockReturn/POS_AccountCredit_Partial_ValidateRefund_CHC: Test Cases/CHC_Instance/PointofSale_Module/TS4_POS_AccountCredit_Partial_StockReturn/POS_AccountCredit_Partial_ValidateRefund_CHC

06-10-2024T22:55:53 - [TEST_STEP][PASSED] - sourceFile = new java.io.FileInputStream(ExcelFile): null

06-10-2024T22:55:53 - [TEST_STEP][PASSED] - workbook = new org.apache.poi.xssf.usermodel.XSSFWorkbook(sourceFile): null

06-10-2024T22:55:53 - [TEST_STEP][PASSED] - sheet = workbook.getSheet("Sheet1"): null

06-10-2024T22:55:53 - [TEST_STEP][PASSED] - row = sheet.getRow(2): null

06-10-2024T22:55:53 - [TEST_STEP][PASSED] - cell = row.getCell(1): null

06-10-2024T22:55:53 - [TEST_STEP][PASSED] - transactionNumber = cell.getStringCellValue(): null

06-10-2024T22:55:53 - [TEST_STEP][PASSED] - println(transactionNumber): null

06-10-2024T22:55:53 - [TEST_STEP][PASSED] - sourceFile.close(): null

06-10-2024T22:55:53 - [TEST_STEP][PASSED] - openBrowser(""): Browser is opened with url: ''

06-10-2024T22:55:53 - [MESSAGE][WARNING] - A browser is already opened. Closing browser and opening a new one

06-10-2024T22:55:53 - [MESSAGE][INFO] - Starting 'Chrome' driver

06-10-2024T22:55:53 - [MESSAGE][INFO] - Action delay is set to 0 milliseconds

06-10-2024T22:55:54 - [MESSAGE][PASSED] - Browser is opened with url: ''

06-10-2024T22:55:54 - [TEST_STEP][PASSED] - maximizeWindow(): Current window maximized

06-10-2024T22:55:54 - [MESSAGE][PASSED] - Current window maximized

06-10-2024T22:55:54 - [TEST_STEP][PASSED] - navigateToUrl("http://frameworks.cairnshardware.com.au:8080/FWDemo/Fluid.html#homeDashboard,dash,Frameworks.Activity.Menu.HomeDashBoard"): Navigate to 'http://frameworks.cairnshardware.com.au:8080/FWDemo/Fluid.html#homeDashboard,dash,Frameworks.Activity.Menu.HomeDashBoard' successfully

06-10-2024T22:55:59 - [MESSAGE][PASSED] - Navigate to 'http://frameworks.cairnshardware.com.au:8080/FWDemo/Fluid.html#homeDashboard,dash,Frameworks.Activity.Menu.HomeDashBoard' successfully

06-10-2024T22:55:59 - [TEST_STEP][PASSED] - setText(findTestObject("Object Repository/TS3_POS_AccountCredit_Full_CHC/Page_Frameworks (Demo)/input_User ID_userid"), userName): Text 'manaki' is set on object 'Object Repository/TS3_POS_AccountCredit_Full_CHC/Page_Frameworks (Demo)/input_User ID_userid'

06-10-2024T22:56:04 - [MESSAGE][PASSED] - Text 'manaki' is set on object 'Object Repository/TS3_POS_AccountCredit_Full_CHC/Page_Frameworks (Demo)/input_User ID_userid'

06-10-2024T22:56:04 - [TEST_STEP][PASSED] - setEncryptedText(findTestObject("Object Repository/TS3_POS_AccountCredit_Full_CHC/Page_Frameworks (Demo)/input_Password_password"), "BvRmjN+0xFM="): Text ****** has been set on object 'Object Repository/TS3_POS_AccountCredit_Full_CHC/Page_Frameworks (Demo)/input_Password_password'

06-10-2024T22:56:04 - [MESSAGE][PASSED] - Text ****** has been set on object 'Object Repository/TS3_POS_AccountCredit_Full_CHC/Page_Frameworks (Demo)/input_Password_password'

06-10-2024T22:56:04 - [TEST_STEP][PASSED] - click(findTestObject("Object Repository/TS3_POS_AccountCredit_Full_CHC/Page_Frameworks (Demo)/div_Login")): Object: 'Object Repository/TS3_POS_AccountCredit_Full_CHC/Page_Frameworks (Demo)/div_Login' is clicked on

06-10-2024T22:56:05 - [MESSAGE][PASSED] - Object: 'Object Repository/TS3_POS_AccountCredit_Full_CHC/Page_Frameworks (Demo)/div_Login' is clicked on

06-10-2024T22:56:05 - [TEST_STEP][PASSED] - click(findTestObject("Object Repository/POS_AccountSale_CHC/Page_Frameworks (Demo)/Page_Frameworks (Demo)/img_CustomerDashboard")): Object: 'Object Repository/POS_AccountSale_CHC/Page_Frameworks (Demo)/Page_Frameworks (Demo)/img_CustomerDashboard' is clicked on

06-10-2024T22:56:07 - [MESSAGE][PASSED] - Object: 'Object Repository/POS_AccountSale_CHC/Page_Frameworks (Demo)/Page_Frameworks (Demo)/img_CustomerDashboard' is clicked on

06-10-2024T22:56:07 - [TEST_STEP][PASSED] - setText(findTestObject("Object Repository/TS2_POS_AccountSale_DBC/New_Interface/Page_Frameworks (Demo)/input_Customer No_CustId"), "518451"): Text '518451' is set on object 'Object Repository/TS2_POS_AccountSale_DBC/New_Interface/Page_Frameworks (Demo)/input_Customer No_CustId'

06-10-2024T22:56:08 - [MESSAGE][PASSED] - Text '518451' is set on object 'Object Repository/TS2_POS_AccountSale_DBC/New_Interface/Page_Frameworks (Demo)/input_Customer No_CustId'

06-10-2024T22:56:08 - [TEST_STEP][PASSED] - click(findTestObject("Object Repository/TS2_POS_AccountSale_DBC/New_Interface/Page_Frameworks (Demo)/td_Find")): Object: 'Object Repository/TS2_POS_AccountSale_DBC/New_Interface/Page_Frameworks (Demo)/td_Find' is clicked on

06-10-2024T22:56:09 - [MESSAGE][PASSED] - Object: 'Object Repository/TS2_POS_AccountSale_DBC/New_Interface/Page_Frameworks (Demo)/td_Find' is clicked on

06-10-2024T22:56:09 - [TEST_STEP][PASSED] - delay(2): Delayed 2 second(s)

06-10-2024T22:56:11 - [MESSAGE][PASSED] - Delayed 2 second(s)

06-10-2024T22:56:11 - [TEST_STEP][PASSED] - takeFullPageScreenshot(): Taking screenshot successfully

06-10-2024T22:56:12 - [MESSAGE][INFO] - 0 hidden object(s)

06-10-2024T22:56:12 - [MESSAGE][PASSED] - Taking screenshot successfully
[[ATTACHMENT|C:\\Users\\User\\git\\frameworks-regression-test-automation\\Reports\\20241006_225419\\CHC_Instance\\PointofSale_Module\\TS4_POS_Account_Credit_Partial_CHC\\20241006_225420\\1728215771265.png]]

06-10-2024T22:56:12 - [TEST_STEP][PASSED] - click(findTestObject("Object Repository/TS2_POS_AccountSale_DBC/New_Interface/Page_Frameworks (Demo)/div_Invoices, Orders, Quotes, Projects  Jobs")): Object: 'Object Repository/TS2_POS_AccountSale_DBC/New_Interface/Page_Frameworks (Demo)/div_Invoices, Orders, Quotes, Projects  Jobs' is clicked on

06-10-2024T22:56:12 - [MESSAGE][PASSED] - Object: 'Object Repository/TS2_POS_AccountSale_DBC/New_Interface/Page_Frameworks (Demo)/div_Invoices, Orders, Quotes, Projects  Jobs' is clicked on

06-10-2024T22:56:12 - [TEST_STEP][PASSED] - delay(2): Delayed 2 second(s)

06-10-2024T22:56:14 - [MESSAGE][PASSED] - Delayed 2 second(s)

06-10-2024T22:56:14 - [TEST_STEP][PASSED] - click(findTestObject("Object Repository/Sales_Orders/New_Interface/Page_Frameworks (Demo)/div_Number")): Object: 'Object Repository/Sales_Orders/New_Interface/Page_Frameworks (Demo)/div_Number' is clicked on

06-10-2024T22:56:15 - [MESSAGE][PASSED] - Object: 'Object Repository/Sales_Orders/New_Interface/Page_Frameworks (Demo)/div_Number' is clicked on

06-10-2024T22:56:15 - [TEST_STEP][PASSED] - click(findTestObject("Object Repository/Sales_Orders/New_Interface/Page_Frameworks (Demo)/div_Number")): Object: 'Object Repository/Sales_Orders/New_Interface/Page_Frameworks (Demo)/div_Number' is clicked on

06-10-2024T22:56:16 - [MESSAGE][PASSED] - Object: 'Object Repository/Sales_Orders/New_Interface/Page_Frameworks (Demo)/div_Number' is clicked on

06-10-2024T22:56:16 - [TEST_STEP][PASSED] - delay(2): Delayed 2 second(s)

06-10-2024T22:56:18 - [MESSAGE][PASSED] - Delayed 2 second(s)

06-10-2024T22:56:18 - [TEST_STEP][PASSED] - takeFullPageScreenshot(): Taking screenshot successfully

06-10-2024T22:56:18 - [MESSAGE][INFO] - 0 hidden object(s)

06-10-2024T22:56:18 - [MESSAGE][PASSED] - Taking screenshot successfully
[[ATTACHMENT|C:\\Users\\User\\git\\frameworks-regression-test-automation\\Reports\\20241006_225419\\CHC_Instance\\PointofSale_Module\\TS4_POS_Account_Credit_Partial_CHC\\20241006_225420\\1728215778090.png]]

06-10-2024T22:56:18 - [TEST_STEP][PASSED] - verifyTextPresent(transactionNumber, false): Text '13072721' is present on page 

06-10-2024T22:56:19 - [MESSAGE][PASSED] - Text '13072721' is present on page 

06-10-2024T22:56:19 - [TEST_STEP][PASSED] - click(findTestObject("Object Repository/Create_PurchaseOrder_CHC/Page_Frameworks (Demo)/img_Accountdropd")): Object: 'Object Repository/Create_PurchaseOrder_CHC/Page_Frameworks (Demo)/img_Accountdropd' is clicked on

06-10-2024T22:56:19 - [MESSAGE][PASSED] - Object: 'Object Repository/Create_PurchaseOrder_CHC/Page_Frameworks (Demo)/img_Accountdropd' is clicked on

06-10-2024T22:56:19 - [TEST_STEP][PASSED] - click(findTestObject("Object Repository/Create_PurchaseOrder_CHC/Page_Frameworks (Demo)/div_Logout")): Object: 'Object Repository/Create_PurchaseOrder_CHC/Page_Frameworks (Demo)/div_Logout' is clicked on

06-10-2024T22:56:20 - [MESSAGE][PASSED] - Object: 'Object Repository/Create_PurchaseOrder_CHC/Page_Frameworks (Demo)/div_Logout' is clicked on]]></system-out>
         <system-err><![CDATA[]]></system-err>
      </testcase>
      <testcase name="Test Cases/CHC_Instance/PointofSale_Module/TS4_POS_AccountCredit_Partial_StockReturn/POS_AccountCredit_Partial_ValidateStock_CHC" time="52.607" classname="Test Cases/CHC_Instance/PointofSale_Module/TS4_POS_AccountCredit_Partial_StockReturn/POS_AccountCredit_Partial_ValidateStock_CHC" status="PASSED">
         <system-out><![CDATA[06-10-2024T22:56:20 - [TEST_CASE][PASSED] - Test Cases/CHC_Instance/PointofSale_Module/TS4_POS_AccountCredit_Partial_StockReturn/POS_AccountCredit_Partial_ValidateStock_CHC: Test Cases/CHC_Instance/PointofSale_Module/TS4_POS_AccountCredit_Partial_StockReturn/POS_AccountCredit_Partial_ValidateStock_CHC

06-10-2024T22:56:20 - [TEST_STEP][PASSED] - sourceFile = new java.io.FileInputStream(ExcelFile): null

06-10-2024T22:56:20 - [TEST_STEP][PASSED] - workbook = new org.apache.poi.xssf.usermodel.XSSFWorkbook(sourceFile): null

06-10-2024T22:56:20 - [TEST_STEP][PASSED] - sheet = workbook.getSheet("Sheet1"): null

06-10-2024T22:56:20 - [TEST_STEP][PASSED] - row = sheet.getRow(2): null

06-10-2024T22:56:20 - [TEST_STEP][PASSED] - cell = row.getCell(1): null

06-10-2024T22:56:20 - [TEST_STEP][PASSED] - transactionNumber = cell.getStringCellValue(): null

06-10-2024T22:56:20 - [TEST_STEP][PASSED] - println(transactionNumber): null

06-10-2024T22:56:20 - [TEST_STEP][PASSED] - sourceFile.close(): null

06-10-2024T22:56:20 - [TEST_STEP][PASSED] - openBrowser(""): Browser is opened with url: ''

06-10-2024T22:56:20 - [MESSAGE][WARNING] - A browser is already opened. Closing browser and opening a new one

06-10-2024T22:56:20 - [MESSAGE][INFO] - Starting 'Chrome' driver

06-10-2024T22:56:20 - [MESSAGE][INFO] - Action delay is set to 0 milliseconds

06-10-2024T22:56:21 - [MESSAGE][PASSED] - Browser is opened with url: ''

06-10-2024T22:56:21 - [TEST_STEP][PASSED] - maximizeWindow(): Current window maximized

06-10-2024T22:56:21 - [MESSAGE][PASSED] - Current window maximized

06-10-2024T22:56:21 - [TEST_STEP][PASSED] - navigateToUrl("http://frameworks.cairnshardware.com.au:8080/FWDemo/Fluid.html#homeDashboard,dash,Frameworks.Activity.Menu.HomeDashBoard"): Navigate to 'http://frameworks.cairnshardware.com.au:8080/FWDemo/Fluid.html#homeDashboard,dash,Frameworks.Activity.Menu.HomeDashBoard' successfully

06-10-2024T22:56:25 - [MESSAGE][PASSED] - Navigate to 'http://frameworks.cairnshardware.com.au:8080/FWDemo/Fluid.html#homeDashboard,dash,Frameworks.Activity.Menu.HomeDashBoard' successfully

06-10-2024T22:56:25 - [TEST_STEP][PASSED] - setText(findTestObject("Object Repository/TS3_POS_AccountCredit_Full_CHC/Page_Frameworks (Demo)/input_User ID_userid"), userName): Text 'manaki' is set on object 'Object Repository/TS3_POS_AccountCredit_Full_CHC/Page_Frameworks (Demo)/input_User ID_userid'

06-10-2024T22:56:31 - [MESSAGE][PASSED] - Text 'manaki' is set on object 'Object Repository/TS3_POS_AccountCredit_Full_CHC/Page_Frameworks (Demo)/input_User ID_userid'

06-10-2024T22:56:31 - [TEST_STEP][PASSED] - setEncryptedText(findTestObject("Object Repository/TS3_POS_AccountCredit_Full_CHC/Page_Frameworks (Demo)/input_Password_password"), "BvRmjN+0xFM="): Text ****** has been set on object 'Object Repository/TS3_POS_AccountCredit_Full_CHC/Page_Frameworks (Demo)/input_Password_password'

06-10-2024T22:56:31 - [MESSAGE][PASSED] - Text ****** has been set on object 'Object Repository/TS3_POS_AccountCredit_Full_CHC/Page_Frameworks (Demo)/input_Password_password'

06-10-2024T22:56:31 - [TEST_STEP][PASSED] - click(findTestObject("Object Repository/TS3_POS_AccountCredit_Full_CHC/Page_Frameworks (Demo)/div_Login")): Object: 'Object Repository/TS3_POS_AccountCredit_Full_CHC/Page_Frameworks (Demo)/div_Login' is clicked on

06-10-2024T22:56:32 - [MESSAGE][PASSED] - Object: 'Object Repository/TS3_POS_AccountCredit_Full_CHC/Page_Frameworks (Demo)/div_Login' is clicked on

06-10-2024T22:56:32 - [TEST_STEP][PASSED] - click(findTestObject("Object Repository/TS1_BT_BranchTransfer_DBC/New_Interface/Stock_Receipt/Page_Frameworks (Demo)/img_ProductDashboard")): Object: 'Object Repository/TS1_BT_BranchTransfer_DBC/New_Interface/Stock_Receipt/Page_Frameworks (Demo)/img_ProductDashboard' is clicked on

06-10-2024T22:57:03 - [MESSAGE][INFO] - Unable to find the element located by 'By.xpath: //img[contains(@src,'http://frameworks.dahlsens.com.au:8080/FWDemo/frameworks/sc/skins/Frameworks7/images/custom/menus/product.png')]'. Please recheck the objects properties to make sure the desired element is located. 

06-10-2024T22:57:03 - [MESSAGE][WARNING] - [SELF-HEALING] Failed to find element with id 'Object Repository/TS1_BT_BranchTransfer_DBC/New_Interface/Stock_Receipt/Page_Frameworks (Demo)/img_ProductDashboard'. Try using Self-healing.

06-10-2024T22:57:03 - [MESSAGE][WARNING] - [SELF-HEALING] The current locator of test object 'Object Repository/TS1_BT_BranchTransfer_DBC/New_Interface/Stock_Receipt/Page_Frameworks (Demo)/img_ProductDashboard' was broken. Propose an alternative one: '//div[@id='isc_2A']/img'.

06-10-2024T22:57:03 - [MESSAGE][PASSED] - Object: 'Object Repository/TS1_BT_BranchTransfer_DBC/New_Interface/Stock_Receipt/Page_Frameworks (Demo)/img_ProductDashboard' is clicked on

06-10-2024T22:57:03 - [TEST_STEP][PASSED] - setText(findTestObject("Object Repository/TS1_BT_BranchTransfer_DBC/New_Interface/Stock_Receipt/Page_Frameworks (Demo)/input_Product_ProdId"), "5006866"): Text '5006866' is set on object 'Object Repository/TS1_BT_BranchTransfer_DBC/New_Interface/Stock_Receipt/Page_Frameworks (Demo)/input_Product_ProdId'

06-10-2024T22:57:04 - [MESSAGE][PASSED] - Text '5006866' is set on object 'Object Repository/TS1_BT_BranchTransfer_DBC/New_Interface/Stock_Receipt/Page_Frameworks (Demo)/input_Product_ProdId'

06-10-2024T22:57:04 - [TEST_STEP][PASSED] - click(findTestObject("Object Repository/TS1_BT_BranchTransfer_DBC/New_Interface/Stock_Receipt/Page_Frameworks (Demo)/td_Find")): Object: 'Object Repository/TS1_BT_BranchTransfer_DBC/New_Interface/Stock_Receipt/Page_Frameworks (Demo)/td_Find' is clicked on

06-10-2024T22:57:05 - [MESSAGE][PASSED] - Object: 'Object Repository/TS1_BT_BranchTransfer_DBC/New_Interface/Stock_Receipt/Page_Frameworks (Demo)/td_Find' is clicked on

06-10-2024T22:57:05 - [TEST_STEP][PASSED] - delay(2): Delayed 2 second(s)

06-10-2024T22:57:07 - [MESSAGE][PASSED] - Delayed 2 second(s)

06-10-2024T22:57:07 - [TEST_STEP][PASSED] - takeFullPageScreenshot(): Taking screenshot successfully

06-10-2024T22:57:08 - [MESSAGE][INFO] - 0 hidden object(s)

06-10-2024T22:57:08 - [MESSAGE][PASSED] - Taking screenshot successfully
[[ATTACHMENT|C:\\Users\\User\\git\\frameworks-regression-test-automation\\Reports\\20241006_225419\\CHC_Instance\\PointofSale_Module\\TS4_POS_Account_Credit_Partial_CHC\\20241006_225420\\1728215827977.png]]

06-10-2024T22:57:08 - [TEST_STEP][PASSED] - click(findTestObject("Object Repository/TS1_BT_BranchTransfer_DBC/New_Interface/Stock_Receipt/Page_Frameworks (Demo)/div_Stock Movements")): Object: 'Object Repository/TS1_BT_BranchTransfer_DBC/New_Interface/Stock_Receipt/Page_Frameworks (Demo)/div_Stock Movements' is clicked on

06-10-2024T22:57:08 - [MESSAGE][PASSED] - Object: 'Object Repository/TS1_BT_BranchTransfer_DBC/New_Interface/Stock_Receipt/Page_Frameworks (Demo)/div_Stock Movements' is clicked on

06-10-2024T22:57:08 - [TEST_STEP][PASSED] - delay(2): Delayed 2 second(s)

06-10-2024T22:57:10 - [MESSAGE][PASSED] - Delayed 2 second(s)

06-10-2024T22:57:10 - [TEST_STEP][PASSED] - takeFullPageScreenshot(): Taking screenshot successfully

06-10-2024T22:57:11 - [MESSAGE][INFO] - 0 hidden object(s)

06-10-2024T22:57:11 - [MESSAGE][PASSED] - Taking screenshot successfully
[[ATTACHMENT|C:\\Users\\User\\git\\frameworks-regression-test-automation\\Reports\\20241006_225419\\CHC_Instance\\PointofSale_Module\\TS4_POS_Account_Credit_Partial_CHC\\20241006_225420\\1728215830925.png]]

06-10-2024T22:57:11 - [TEST_STEP][PASSED] - verifyTextPresent(transactionNumber, false): Text '13072721' is present on page 

06-10-2024T22:57:11 - [MESSAGE][PASSED] - Text '13072721' is present on page 

06-10-2024T22:57:11 - [TEST_STEP][PASSED] - click(findTestObject("Object Repository/Create_PurchaseOrder_CHC/Page_Frameworks (Demo)/img_Accountdropd")): Object: 'Object Repository/Create_PurchaseOrder_CHC/Page_Frameworks (Demo)/img_Accountdropd' is clicked on

06-10-2024T22:57:12 - [MESSAGE][PASSED] - Object: 'Object Repository/Create_PurchaseOrder_CHC/Page_Frameworks (Demo)/img_Accountdropd' is clicked on

06-10-2024T22:57:12 - [TEST_STEP][PASSED] - click(findTestObject("Object Repository/Create_PurchaseOrder_CHC/Page_Frameworks (Demo)/div_Logout")): Object: 'Object Repository/Create_PurchaseOrder_CHC/Page_Frameworks (Demo)/div_Logout' is clicked on

06-10-2024T22:57:12 - [MESSAGE][PASSED] - Object: 'Object Repository/Create_PurchaseOrder_CHC/Page_Frameworks (Demo)/div_Logout' is clicked on]]></system-out>
         <system-err><![CDATA[]]></system-err>
      </testcase>
      <system-out><![CDATA[06-10-2024T22:54:28 - [TEST_SUITE][PASSED] - TS4_POS_Account_Credit_Partial_CHC: Test Cases/CHC_Instance/PointofSale_Module/TS4_POS_AccountCredit_Partial_StockReturn/POS_AccountCredit_Partial_ValidateStock_CHC]]></system-out>
      <system-err><![CDATA[]]></system-err>
   </testsuite>
</testsuites>
