<?xml version="1.0" encoding="UTF-8"?>
<testsuites name="TS1_BT_BranchTransfer_NT" time="214.344" tests="3" failures="0" errors="0">
   <testsuite name="TS1_BT_BranchTransfer_NT" tests="3" failures="0" errors="0" time="214.344" skipped="0" timestamp="01-12-2024T10:11:41" hostname="azureuser - 10.192.8.5" id="Test Suites/Nortruss instance/BranchTransfer_Module/TS1_BT_BranchTransfer_NT">
      <properties>
         <property name="deviceName" value=""/>
         <property name="devicePlatform"/>
         <property name="logFolder" value="C:\\Users\\azureuser\\git\\frameworks-regression-test-automation\\Reports\\20241201_101130\\Nortruss instance\\BranchTransfer_Module\\TS1_BT_BranchTransfer_NT\\20241201_101130"/>
         <property name="logFiles" value="C:\\Users\\azureuser\\git\\frameworks-regression-test-automation\\Reports\\20241201_101130\\Nortruss instance\\BranchTransfer_Module\\TS1_BT_BranchTransfer_NT\\20241201_101130\\execution0.log"/>
         <property name="attachments" value=""/>
         <property name="hostName" value="azureuser - 10.192.8.5"/>
         <property name="os" value="Windows 11 64bit"/>
         <property name="katalonVersion" value="9.7.2.223"/>
         <property name="browser" value="Chrome 131.0.0.0"/>
         <property name="hostAddress" value="10.192.8.5"/>
         <property name="sessionId" value="9aff4dbfe69878a1af593237901a1665"/>
         <property name="seleniumVersion" value="3.141.59"/>
         <property name="proxyInformation" value="ProxyInformation { proxyOption=NO_PROXY, proxyServerType=HTTP, username=, password=********, proxyServerAddress=, proxyServerPort=0, executionList=&quot;&quot;, isApplyToDesiredCapabilities=true }"/>
         <property name="platform" value="Windows 11"/>
      </properties>
      <testcase name="Test Cases/Nortruss Instance/BranchTransfer_Module/TS1_BT_BranchTransfer/Create_Purchase_Order_NT" time="72.068" classname="Test Cases/Nortruss Instance/BranchTransfer_Module/TS1_BT_BranchTransfer/Create_Purchase_Order_NT" status="PASSED">
         <system-out><![CDATA[01-12-2024T10:11:41 - [TEST_CASE][PASSED] - Test Cases/Nortruss Instance/BranchTransfer_Module/TS1_BT_BranchTransfer/Create_Purchase_Order_NT: Test Cases/Nortruss Instance/BranchTransfer_Module/TS1_BT_BranchTransfer/Create_Purchase_Order_NT

01-12-2024T10:11:42 - [TEST_STEP][PASSED] - openBrowser(""): Browser is opened with url: ''

01-12-2024T10:11:43 - [MESSAGE][INFO] - Starting 'Chrome' driver

01-12-2024T10:11:43 - [MESSAGE][INFO] - Action delay is set to 0 milliseconds

01-12-2024T10:11:45 - [MESSAGE][PASSED] - Browser is opened with url: ''

01-12-2024T10:11:45 - [TEST_STEP][PASSED] - maximizeWindow(): Current window maximized

01-12-2024T10:11:45 - [MESSAGE][PASSED] - Current window maximized

01-12-2024T10:11:45 - [TEST_STEP][PASSED] - navigateToUrl("http://frameworks.nt.nortruss.com.au:8080/FWDemo/Fluid.html#homeDashboard,dash,Frameworks.Activity.Menu.HomeDashBoard"): Navigate to 'http://frameworks.nt.nortruss.com.au:8080/FWDemo/Fluid.html#homeDashboard,dash,Frameworks.Activity.Menu.HomeDashBoard' successfully

01-12-2024T10:11:56 - [MESSAGE][PASSED] - Navigate to 'http://frameworks.nt.nortruss.com.au:8080/FWDemo/Fluid.html#homeDashboard,dash,Frameworks.Activity.Menu.HomeDashBoard' successfully

01-12-2024T10:11:56 - [TEST_STEP][PASSED] - setText(findTestObject("Object Repository/TS1_BT_BranchTransfer_NT/Page_Frameworks (Demo)/input_User ID_userid"), "manaki"): Text 'manaki' is set on object 'Object Repository/TS1_BT_BranchTransfer_NT/Page_Frameworks (Demo)/input_User ID_userid'

01-12-2024T10:12:03 - [MESSAGE][PASSED] - Text 'manaki' is set on object 'Object Repository/TS1_BT_BranchTransfer_NT/Page_Frameworks (Demo)/input_User ID_userid'

01-12-2024T10:12:03 - [TEST_STEP][PASSED] - setEncryptedText(findTestObject("Object Repository/TS1_BT_BranchTransfer_NT/Page_Frameworks (Demo)/input_Password_password"), "C5+8mNJ15mA="): Text ****** has been set on object 'Object Repository/TS1_BT_BranchTransfer_NT/Page_Frameworks (Demo)/input_Password_password'

01-12-2024T10:12:03 - [MESSAGE][PASSED] - Text ****** has been set on object 'Object Repository/TS1_BT_BranchTransfer_NT/Page_Frameworks (Demo)/input_Password_password'

01-12-2024T10:12:03 - [TEST_STEP][PASSED] - click(findTestObject("Object Repository/TS1_BT_BranchTransfer_NT/Page_Frameworks (Demo)/div_Login")): Object: 'Object Repository/TS1_BT_BranchTransfer_NT/Page_Frameworks (Demo)/div_Login' is clicked on

01-12-2024T10:12:04 - [MESSAGE][PASSED] - Object: 'Object Repository/TS1_BT_BranchTransfer_NT/Page_Frameworks (Demo)/div_Login' is clicked on

01-12-2024T10:12:04 - [TEST_STEP][PASSED] - click(findTestObject("Object Repository/TS1_BT_BranchTransfer_NT/Page_Frameworks (Demo)/img_FW")): Object: 'Object Repository/TS1_BT_BranchTransfer_NT/Page_Frameworks (Demo)/img_FW' is clicked on

01-12-2024T10:12:08 - [MESSAGE][PASSED] - Object: 'Object Repository/TS1_BT_BranchTransfer_NT/Page_Frameworks (Demo)/img_FW' is clicked on

01-12-2024T10:12:08 - [TEST_STEP][PASSED] - click(findTestObject("Object Repository/TS1_BT_BranchTransfer_NT/Page_Frameworks (Demo)/b_Purchasing  Receipting")): Object: 'Object Repository/TS1_BT_BranchTransfer_NT/Page_Frameworks (Demo)/b_Purchasing  Receipting' is clicked on

01-12-2024T10:12:09 - [MESSAGE][PASSED] - Object: 'Object Repository/TS1_BT_BranchTransfer_NT/Page_Frameworks (Demo)/b_Purchasing  Receipting' is clicked on

01-12-2024T10:12:09 - [TEST_STEP][PASSED] - click(findTestObject("Object Repository/TS1_BT_BranchTransfer_NT/Page_Frameworks (Demo)/Transaction Processing")): Object: 'Object Repository/TS1_BT_BranchTransfer_NT/Page_Frameworks (Demo)/Transaction Processing' is clicked on

01-12-2024T10:12:10 - [MESSAGE][PASSED] - Object: 'Object Repository/TS1_BT_BranchTransfer_NT/Page_Frameworks (Demo)/Transaction Processing' is clicked on

01-12-2024T10:12:10 - [TEST_STEP][PASSED] - click(findTestObject("Object Repository/TS1_BT_BranchTransfer_NT/Page_Frameworks (Demo)/td_Purchase Orders")): Object: 'Object Repository/TS1_BT_BranchTransfer_NT/Page_Frameworks (Demo)/td_Purchase Orders' is clicked on

01-12-2024T10:12:11 - [MESSAGE][PASSED] - Object: 'Object Repository/TS1_BT_BranchTransfer_NT/Page_Frameworks (Demo)/td_Purchase Orders' is clicked on

01-12-2024T10:12:11 - [TEST_STEP][PASSED] - click(findTestObject("Object Repository/TS1_BT_BranchTransfer_NT/Page_Frameworks (Demo)/div_New")): Object: 'Object Repository/TS1_BT_BranchTransfer_NT/Page_Frameworks (Demo)/div_New' is clicked on

01-12-2024T10:12:13 - [MESSAGE][PASSED] - Object: 'Object Repository/TS1_BT_BranchTransfer_NT/Page_Frameworks (Demo)/div_New' is clicked on

01-12-2024T10:12:13 - [TEST_STEP][PASSED] - setEncryptedText(findTestObject("Object Repository/TS1_BT_BranchTransfer_NT/Page_Frameworks (Demo)/input_Operator No_operatorId"), "uzzxF8+Oh1A="): Text ****** has been set on object 'Object Repository/TS1_BT_BranchTransfer_NT/Page_Frameworks (Demo)/input_Operator No_operatorId'

01-12-2024T10:12:15 - [MESSAGE][PASSED] - Text ****** has been set on object 'Object Repository/TS1_BT_BranchTransfer_NT/Page_Frameworks (Demo)/input_Operator No_operatorId'

01-12-2024T10:12:15 - [TEST_STEP][PASSED] - setEncryptedText(findTestObject("Object Repository/TS1_BT_BranchTransfer_NT/Page_Frameworks (Demo)/input_PIN_pin"), "uzzxF8+Oh1A="): Text ****** has been set on object 'Object Repository/TS1_BT_BranchTransfer_NT/Page_Frameworks (Demo)/input_PIN_pin'

01-12-2024T10:12:16 - [MESSAGE][PASSED] - Text ****** has been set on object 'Object Repository/TS1_BT_BranchTransfer_NT/Page_Frameworks (Demo)/input_PIN_pin'

01-12-2024T10:12:16 - [TEST_STEP][PASSED] - click(findTestObject("Object Repository/TS1_BT_BranchTransfer_NT/Page_Frameworks (Demo)/div_OK")): Object: 'Object Repository/TS1_BT_BranchTransfer_NT/Page_Frameworks (Demo)/div_OK' is clicked on

01-12-2024T10:12:16 - [MESSAGE][PASSED] - Object: 'Object Repository/TS1_BT_BranchTransfer_NT/Page_Frameworks (Demo)/div_OK' is clicked on

01-12-2024T10:12:16 - [TEST_STEP][PASSED] - setText(findTestObject("Object Repository/TS1_BT_BranchTransfer_NT/Page_Frameworks (Demo)/input_Supplier No_idSupp"), "Branch1"): Text 'Branch1' is set on object 'Object Repository/TS1_BT_BranchTransfer_NT/Page_Frameworks (Demo)/input_Supplier No_idSupp'

01-12-2024T10:12:18 - [MESSAGE][PASSED] - Text 'Branch1' is set on object 'Object Repository/TS1_BT_BranchTransfer_NT/Page_Frameworks (Demo)/input_Supplier No_idSupp'

01-12-2024T10:12:18 - [TEST_STEP][PASSED] - click(findTestObject("Object Repository/TS1_BT_BranchTransfer_NT/Page_Frameworks (Demo)/div_Nortruss Branch Transfer (Branch1)")): Object: 'Object Repository/TS1_BT_BranchTransfer_NT/Page_Frameworks (Demo)/div_Nortruss Branch Transfer (Branch1)' is clicked on

01-12-2024T10:12:20 - [MESSAGE][PASSED] - Object: 'Object Repository/TS1_BT_BranchTransfer_NT/Page_Frameworks (Demo)/div_Nortruss Branch Transfer (Branch1)' is clicked on

01-12-2024T10:12:20 - [TEST_STEP][PASSED] - click(findTestObject("Object Repository/TS1_BT_BranchTransfer_NT/Page_Frameworks (Demo)/div_1 - DEMONSTRATION BRANCH 001")): Object: 'Object Repository/TS1_BT_BranchTransfer_NT/Page_Frameworks (Demo)/div_1 - DEMONSTRATION BRANCH 001' is clicked on

01-12-2024T10:12:20 - [MESSAGE][PASSED] - Object: 'Object Repository/TS1_BT_BranchTransfer_NT/Page_Frameworks (Demo)/div_1 - DEMONSTRATION BRANCH 001' is clicked on

01-12-2024T10:12:20 - [TEST_STEP][PASSED] - click(findTestObject("Object Repository/TS1_BT_BranchTransfer_NT/Page_Frameworks (Demo)/div_2 - DEMONSTRATION BRANCH 002")): Object: 'Object Repository/TS1_BT_BranchTransfer_NT/Page_Frameworks (Demo)/div_2 - DEMONSTRATION BRANCH 002' is clicked on

01-12-2024T10:12:22 - [MESSAGE][PASSED] - Object: 'Object Repository/TS1_BT_BranchTransfer_NT/Page_Frameworks (Demo)/div_2 - DEMONSTRATION BRANCH 002' is clicked on

01-12-2024T10:12:22 - [TEST_STEP][PASSED] - click(findTestObject("Object Repository/TS1_BT_BranchTransfer_NT/Page_Frameworks (Demo)/img_Date Required_isc_FZ")): Object: 'Object Repository/TS1_BT_BranchTransfer_NT/Page_Frameworks (Demo)/img_Date Required_isc_FZ' is clicked on

01-12-2024T10:12:23 - [MESSAGE][PASSED] - Object: 'Object Repository/TS1_BT_BranchTransfer_NT/Page_Frameworks (Demo)/img_Date Required_isc_FZ' is clicked on

01-12-2024T10:12:23 - [TEST_STEP][PASSED] - click(findTestObject("Object Repository/TS1_BT_BranchTransfer_NT/Page_Frameworks (Demo)/td_Today")): Object: 'Object Repository/TS1_BT_BranchTransfer_NT/Page_Frameworks (Demo)/td_Today' is clicked on

01-12-2024T10:12:24 - [MESSAGE][PASSED] - Object: 'Object Repository/TS1_BT_BranchTransfer_NT/Page_Frameworks (Demo)/td_Today' is clicked on

01-12-2024T10:12:24 - [TEST_STEP][PASSED] - click(findTestObject("Object Repository/TS1_BT_BranchTransfer_NT/Page_Frameworks (Demo)/img_Shipping Basis_isc_GD")): Object: 'Object Repository/TS1_BT_BranchTransfer_NT/Page_Frameworks (Demo)/img_Shipping Basis_isc_GD' is clicked on

01-12-2024T10:12:25 - [MESSAGE][PASSED] - Object: 'Object Repository/TS1_BT_BranchTransfer_NT/Page_Frameworks (Demo)/img_Shipping Basis_isc_GD' is clicked on

01-12-2024T10:12:25 - [TEST_STEP][PASSED] - click(findTestObject("Object Repository/TS1_BT_BranchTransfer_NT/Page_Frameworks (Demo)/div_PU - PICK UP FROM SUPP")): Object: 'Object Repository/TS1_BT_BranchTransfer_NT/Page_Frameworks (Demo)/div_PU - PICK UP FROM SUPP' is clicked on

01-12-2024T10:12:26 - [MESSAGE][PASSED] - Object: 'Object Repository/TS1_BT_BranchTransfer_NT/Page_Frameworks (Demo)/div_PU - PICK UP FROM SUPP' is clicked on

01-12-2024T10:12:26 - [TEST_STEP][PASSED] - click(findTestObject("Object Repository/TS1_BT_BranchTransfer_NT/Page_Frameworks (Demo)/div_Pickup Method_isc_GY")): Object: 'Object Repository/TS1_BT_BranchTransfer_NT/Page_Frameworks (Demo)/div_Pickup Method_isc_GY' is clicked on

01-12-2024T10:12:27 - [MESSAGE][PASSED] - Object: 'Object Repository/TS1_BT_BranchTransfer_NT/Page_Frameworks (Demo)/div_Pickup Method_isc_GY' is clicked on

01-12-2024T10:12:27 - [TEST_STEP][PASSED] - click(findTestObject("Object Repository/TS1_BT_BranchTransfer_NT/Page_Frameworks (Demo)/div_PICKU - Pick up From Store")): Object: 'Object Repository/TS1_BT_BranchTransfer_NT/Page_Frameworks (Demo)/div_PICKU - Pick up From Store' is clicked on

01-12-2024T10:12:28 - [MESSAGE][PASSED] - Object: 'Object Repository/TS1_BT_BranchTransfer_NT/Page_Frameworks (Demo)/div_PICKU - Pick up From Store' is clicked on

01-12-2024T10:12:28 - [TEST_STEP][PASSED] - setText(findTestObject("Object Repository/TS1_BT_BranchTransfer_NT/Page_Frameworks (Demo)/input_Address_addressSupp1"), "Kimberley"): Text 'Kimberley' is set on object 'Object Repository/TS1_BT_BranchTransfer_NT/Page_Frameworks (Demo)/input_Address_addressSupp1'

01-12-2024T10:12:30 - [MESSAGE][PASSED] - Text 'Kimberley' is set on object 'Object Repository/TS1_BT_BranchTransfer_NT/Page_Frameworks (Demo)/input_Address_addressSupp1'

01-12-2024T10:12:30 - [TEST_STEP][PASSED] - click(findTestObject("Object Repository/TS1_BT_BranchTransfer_NT/Page_Frameworks (Demo)/td_Save (S)")): Object: 'Object Repository/TS1_BT_BranchTransfer_NT/Page_Frameworks (Demo)/td_Save (S)' is clicked on

01-12-2024T10:12:30 - [MESSAGE][PASSED] - Object: 'Object Repository/TS1_BT_BranchTransfer_NT/Page_Frameworks (Demo)/td_Save (S)' is clicked on

01-12-2024T10:12:30 - [TEST_STEP][PASSED] - PurchaseOrder = getText(findTestObject("Object Repository/TS1_BT_BranchTransfer_NT/Page_Frameworks (Demo)/purchaseOrderNo")): Text of object 'Object Repository/TS1_BT_BranchTransfer_NT/Page_Frameworks (Demo)/purchaseOrderNo' is: 'Purchase Order Maintenance'

01-12-2024T10:12:35 - [MESSAGE][PASSED] - Text of object 'Object Repository/TS1_BT_BranchTransfer_NT/Page_Frameworks (Demo)/purchaseOrderNo' is: 'Purchase Order Maintenance'

01-12-2024T10:12:35 - [TEST_STEP][PASSED] - setText(findTestObject("Object Repository/TS1_BT_BranchTransfer_NT/Page_Frameworks (Demo)/input_P_idProd"), "2014086"): Text '2014086' is set on object 'Object Repository/TS1_BT_BranchTransfer_NT/Page_Frameworks (Demo)/input_P_idProd'

01-12-2024T10:12:37 - [MESSAGE][PASSED] - Text '2014086' is set on object 'Object Repository/TS1_BT_BranchTransfer_NT/Page_Frameworks (Demo)/input_P_idProd'

01-12-2024T10:12:37 - [TEST_STEP][PASSED] - doubleClick(findTestObject("Object Repository/TS1_BT_BranchTransfer_NT/Page_Frameworks (Demo)/input_Quantity_qtyTran_1")): Object: 'Object Repository/TS1_BT_BranchTransfer_NT/Page_Frameworks (Demo)/input_Quantity_qtyTran_1' is double clicked on

01-12-2024T10:12:37 - [MESSAGE][PASSED] - Object: 'Object Repository/TS1_BT_BranchTransfer_NT/Page_Frameworks (Demo)/input_Quantity_qtyTran_1' is double clicked on

01-12-2024T10:12:37 - [TEST_STEP][PASSED] - sendKeys(findTestObject("Object Repository/TS1_BT_BranchTransfer_NT/Page_Frameworks (Demo)/input_Quantity_qtyTran_1"), "2"): Keys '2' sent to object: 'Object Repository/TS1_BT_BranchTransfer_NT/Page_Frameworks (Demo)/input_Quantity_qtyTran_1'

01-12-2024T10:12:38 - [MESSAGE][PASSED] - Keys '2' sent to object: 'Object Repository/TS1_BT_BranchTransfer_NT/Page_Frameworks (Demo)/input_Quantity_qtyTran_1'

01-12-2024T10:12:38 - [TEST_STEP][PASSED] - click(findTestObject("Object Repository/TS1_BT_BranchTransfer_NT/Page_Frameworks (Demo)/img_1")): Object: 'Object Repository/TS1_BT_BranchTransfer_NT/Page_Frameworks (Demo)/img_1' is clicked on

01-12-2024T10:12:39 - [MESSAGE][PASSED] - Object: 'Object Repository/TS1_BT_BranchTransfer_NT/Page_Frameworks (Demo)/img_1' is clicked on

01-12-2024T10:12:39 - [TEST_STEP][PASSED] - click(findTestObject("Object Repository/TS1_BT_BranchTransfer_NT/Page_Frameworks (Demo)/div_Actions")): Object: 'Object Repository/TS1_BT_BranchTransfer_NT/Page_Frameworks (Demo)/div_Actions' is clicked on

01-12-2024T10:12:41 - [MESSAGE][PASSED] - Object: 'Object Repository/TS1_BT_BranchTransfer_NT/Page_Frameworks (Demo)/div_Actions' is clicked on

01-12-2024T10:12:41 - [TEST_STEP][PASSED] - click(findTestObject("Object Repository/TS1_BT_BranchTransfer_NT/Page_Frameworks (Demo)/div_Finalise Transfer")): Object: 'Object Repository/TS1_BT_BranchTransfer_NT/Page_Frameworks (Demo)/div_Finalise Transfer' is clicked on

01-12-2024T10:12:42 - [MESSAGE][PASSED] - Object: 'Object Repository/TS1_BT_BranchTransfer_NT/Page_Frameworks (Demo)/div_Finalise Transfer' is clicked on

01-12-2024T10:12:42 - [TEST_STEP][PASSED] - click(findTestObject("Object Repository/TS1_BT_BranchTransfer_NT/Page_Frameworks (Demo)/td_Despatch Method_isc_17A")): Object: 'Object Repository/TS1_BT_BranchTransfer_NT/Page_Frameworks (Demo)/td_Despatch Method_isc_17A' is clicked on

01-12-2024T10:12:47 - [MESSAGE][PASSED] - Object: 'Object Repository/TS1_BT_BranchTransfer_NT/Page_Frameworks (Demo)/td_Despatch Method_isc_17A' is clicked on

01-12-2024T10:12:47 - [TEST_STEP][PASSED] - click(findTestObject("Object Repository/TS1_BT_BranchTransfer_NT/Page_Frameworks (Demo)/div_PICKU - Pick up From Store_1")): Object: 'Object Repository/TS1_BT_BranchTransfer_NT/Page_Frameworks (Demo)/div_PICKU - Pick up From Store_1' is clicked on

01-12-2024T10:12:48 - [MESSAGE][PASSED] - Object: 'Object Repository/TS1_BT_BranchTransfer_NT/Page_Frameworks (Demo)/div_PICKU - Pick up From Store_1' is clicked on

01-12-2024T10:12:48 - [TEST_STEP][PASSED] - click(findTestObject("Object Repository/TS1_BT_BranchTransfer_NT/Page_Frameworks (Demo)/td_Save (S)_1_2")): Object: 'Object Repository/TS1_BT_BranchTransfer_NT/Page_Frameworks (Demo)/td_Save (S)_1_2' is clicked on

01-12-2024T10:12:49 - [MESSAGE][PASSED] - Object: 'Object Repository/TS1_BT_BranchTransfer_NT/Page_Frameworks (Demo)/td_Save (S)_1_2' is clicked on

01-12-2024T10:12:49 - [TEST_STEP][PASSED] - SalesOrder = getText(findTestObject("Object Repository/TS1_BT_BranchTransfer_NT/Page_Frameworks (Demo)/a_Tfer SO")): Text of object 'Object Repository/TS1_BT_BranchTransfer_NT/Page_Frameworks (Demo)/a_Tfer SO' is: 'Tfer SO: 401506'

01-12-2024T10:12:50 - [MESSAGE][PASSED] - Text of object 'Object Repository/TS1_BT_BranchTransfer_NT/Page_Frameworks (Demo)/a_Tfer SO' is: 'Tfer SO: 401506'

01-12-2024T10:12:50 - [TEST_STEP][PASSED] - println(SalesOrder): null

01-12-2024T10:12:50 - [TEST_STEP][PASSED] - println(PurchaseOrder): null

01-12-2024T10:12:50 - [TEST_STEP][PASSED] - sourceFile = new java.io.FileInputStream(ExcelFile): null

01-12-2024T10:12:50 - [TEST_STEP][PASSED] - workbook = new org.apache.poi.xssf.usermodel.XSSFWorkbook(sourceFile): null

01-12-2024T10:12:51 - [TEST_STEP][PASSED] - sheet = workbook.getSheet("Sheet1"): null

01-12-2024T10:12:51 - [TEST_STEP][PASSED] - row = sheet.getRow(0): null

01-12-2024T10:12:51 - [TEST_STEP][PASSED] - cell = row.getCell(1): null

01-12-2024T10:12:51 - [TEST_STEP][PASSED] - row = sheet.createRow(1): null

01-12-2024T10:12:51 - [TEST_STEP][PASSED] - cell = row.createCell(0): null

01-12-2024T10:12:51 - [TEST_STEP][PASSED] - cell.setCellValue("Purchase Order"): null

01-12-2024T10:12:51 - [TEST_STEP][PASSED] - cell = row.createCell(1): null

01-12-2024T10:12:51 - [TEST_STEP][PASSED] - cell.setCellValue(PurchaseOrder): null

01-12-2024T10:12:51 - [TEST_STEP][PASSED] - row = sheet.createRow(2): null

01-12-2024T10:12:51 - [TEST_STEP][PASSED] - cell = row.createCell(0): null

01-12-2024T10:12:51 - [TEST_STEP][PASSED] - cell.setCellValue("Sales Order"): null

01-12-2024T10:12:51 - [TEST_STEP][PASSED] - cell = row.createCell(1): null

01-12-2024T10:12:51 - [TEST_STEP][PASSED] - cell.setCellValue(SalesOrder): null

01-12-2024T10:12:51 - [TEST_STEP][PASSED] - fos = new java.io.FileOutputStream(ExcelFile): null

01-12-2024T10:12:51 - [TEST_STEP][PASSED] - workbook.write(fos): null

01-12-2024T10:12:52 - [TEST_STEP][PASSED] - fos.close(): null

01-12-2024T10:12:52 - [TEST_STEP][PASSED] - sourceFile.close(): null

01-12-2024T10:12:52 - [TEST_STEP][PASSED] - click(findTestObject("Object Repository/TS1_BT_BranchTransfer_NT/Page_Frameworks (Demo)/img_dropdownLogout")): Object: 'Object Repository/TS1_BT_BranchTransfer_NT/Page_Frameworks (Demo)/img_dropdownLogout' is clicked on

01-12-2024T10:12:52 - [MESSAGE][PASSED] - Object: 'Object Repository/TS1_BT_BranchTransfer_NT/Page_Frameworks (Demo)/img_dropdownLogout' is clicked on

01-12-2024T10:12:52 - [TEST_STEP][PASSED] - click(findTestObject("Object Repository/TS1_BT_BranchTransfer_NT/Page_Frameworks (Demo)/td_Logout")): Object: 'Object Repository/TS1_BT_BranchTransfer_NT/Page_Frameworks (Demo)/td_Logout' is clicked on

01-12-2024T10:12:53 - [MESSAGE][PASSED] - Object: 'Object Repository/TS1_BT_BranchTransfer_NT/Page_Frameworks (Demo)/td_Logout' is clicked on]]></system-out>
         <system-err><![CDATA[]]></system-err>
      </testcase>
      <testcase name="Test Cases/Nortruss Instance/BranchTransfer_Module/TS1_BT_BranchTransfer/Pick_Release_SO_NT" time="53.15" classname="Test Cases/Nortruss Instance/BranchTransfer_Module/TS1_BT_BranchTransfer/Pick_Release_SO_NT" status="PASSED">
         <system-out><![CDATA[01-12-2024T10:12:53 - [TEST_CASE][PASSED] - Test Cases/Nortruss Instance/BranchTransfer_Module/TS1_BT_BranchTransfer/Pick_Release_SO_NT: Test Cases/Nortruss Instance/BranchTransfer_Module/TS1_BT_BranchTransfer/Pick_Release_SO_NT

01-12-2024T10:12:54 - [TEST_STEP][PASSED] - sourceFile = new java.io.FileInputStream(ExcelFile): null

01-12-2024T10:12:54 - [TEST_STEP][PASSED] - workbook = new org.apache.poi.xssf.usermodel.XSSFWorkbook(sourceFile): null

01-12-2024T10:12:54 - [TEST_STEP][PASSED] - sheet = workbook.getSheet("Sheet1"): null

01-12-2024T10:12:54 - [TEST_STEP][PASSED] - row = sheet.getRow(2): null

01-12-2024T10:12:54 - [TEST_STEP][PASSED] - cell = row.getCell(1): null

01-12-2024T10:12:54 - [TEST_STEP][PASSED] - SalesOrder = cell.getStringCellValue(): null

01-12-2024T10:12:54 - [TEST_STEP][PASSED] - SalesOrder = SalesOrder.replace("Tfer SO: ", ""): null

01-12-2024T10:12:54 - [TEST_STEP][PASSED] - println(SalesOrder): null

01-12-2024T10:12:54 - [TEST_STEP][PASSED] - sourceFile.close(): null

01-12-2024T10:12:54 - [TEST_STEP][PASSED] - openBrowser(""): Browser is opened with url: ''

01-12-2024T10:12:54 - [MESSAGE][WARNING] - A browser is already opened. Closing browser and opening a new one

01-12-2024T10:12:56 - [MESSAGE][INFO] - Starting 'Chrome' driver

01-12-2024T10:12:56 - [MESSAGE][INFO] - Action delay is set to 0 milliseconds

01-12-2024T10:12:57 - [MESSAGE][PASSED] - Browser is opened with url: ''

01-12-2024T10:12:57 - [TEST_STEP][PASSED] - maximizeWindow(): Current window maximized

01-12-2024T10:12:57 - [MESSAGE][PASSED] - Current window maximized

01-12-2024T10:12:57 - [TEST_STEP][PASSED] - navigateToUrl("http://frameworks.nt.nortruss.com.au:8080/FWDemo/Fluid.html#homeDashboard,dash,Frameworks.Activity.Menu.HomeDashBoard"): Navigate to 'http://frameworks.nt.nortruss.com.au:8080/FWDemo/Fluid.html#homeDashboard,dash,Frameworks.Activity.Menu.HomeDashBoard' successfully

01-12-2024T10:13:06 - [MESSAGE][PASSED] - Navigate to 'http://frameworks.nt.nortruss.com.au:8080/FWDemo/Fluid.html#homeDashboard,dash,Frameworks.Activity.Menu.HomeDashBoard' successfully

01-12-2024T10:13:06 - [TEST_STEP][PASSED] - setText(findTestObject("Object Repository/TS1_BT_BranchTransfer_NT/Page_Frameworks (Demo)/input_User ID_userid"), "manaki"): Text 'manaki' is set on object 'Object Repository/TS1_BT_BranchTransfer_NT/Page_Frameworks (Demo)/input_User ID_userid'

01-12-2024T10:13:12 - [MESSAGE][PASSED] - Text 'manaki' is set on object 'Object Repository/TS1_BT_BranchTransfer_NT/Page_Frameworks (Demo)/input_User ID_userid'

01-12-2024T10:13:12 - [TEST_STEP][PASSED] - setEncryptedText(findTestObject("Object Repository/TS1_BT_BranchTransfer_NT/Page_Frameworks (Demo)/input_Password_password"), "C5+8mNJ15mA="): Text ****** has been set on object 'Object Repository/TS1_BT_BranchTransfer_NT/Page_Frameworks (Demo)/input_Password_password'

01-12-2024T10:13:12 - [MESSAGE][PASSED] - Text ****** has been set on object 'Object Repository/TS1_BT_BranchTransfer_NT/Page_Frameworks (Demo)/input_Password_password'

01-12-2024T10:13:12 - [TEST_STEP][PASSED] - click(findTestObject("Object Repository/TS1_BT_BranchTransfer_NT/Page_Frameworks (Demo)/div_Login")): Object: 'Object Repository/TS1_BT_BranchTransfer_NT/Page_Frameworks (Demo)/div_Login' is clicked on

01-12-2024T10:13:13 - [MESSAGE][PASSED] - Object: 'Object Repository/TS1_BT_BranchTransfer_NT/Page_Frameworks (Demo)/div_Login' is clicked on

01-12-2024T10:13:13 - [TEST_STEP][PASSED] - click(findTestObject("Object Repository/TS1_BT_BranchTransfer_NT/Page_Frameworks (Demo)/img_FW")): Object: 'Object Repository/TS1_BT_BranchTransfer_NT/Page_Frameworks (Demo)/img_FW' is clicked on

01-12-2024T10:13:19 - [MESSAGE][PASSED] - Object: 'Object Repository/TS1_BT_BranchTransfer_NT/Page_Frameworks (Demo)/img_FW' is clicked on

01-12-2024T10:13:19 - [TEST_STEP][PASSED] - click(findTestObject("Object Repository/TS1_BT_BranchTransfer_NT/Page_Frameworks (Demo)/b_Transaction Processing")): Object: 'Object Repository/TS1_BT_BranchTransfer_NT/Page_Frameworks (Demo)/b_Transaction Processing' is clicked on

01-12-2024T10:13:20 - [MESSAGE][PASSED] - Object: 'Object Repository/TS1_BT_BranchTransfer_NT/Page_Frameworks (Demo)/b_Transaction Processing' is clicked on

01-12-2024T10:13:20 - [TEST_STEP][PASSED] - click(findTestObject("Object Repository/TS1_BT_BranchTransfer_NT/Page_Frameworks (Demo)/td_Sales Orders")): Object: 'Object Repository/TS1_BT_BranchTransfer_NT/Page_Frameworks (Demo)/td_Sales Orders' is clicked on

01-12-2024T10:13:21 - [MESSAGE][PASSED] - Object: 'Object Repository/TS1_BT_BranchTransfer_NT/Page_Frameworks (Demo)/td_Sales Orders' is clicked on

01-12-2024T10:13:21 - [TEST_STEP][PASSED] - setText(findTestObject("Object Repository/TS1_BT_BranchTransfer_NT/Page_Frameworks (Demo)/Sales_Td"), SalesOrder): Text '401506' is set on object 'Object Repository/TS1_BT_BranchTransfer_NT/Page_Frameworks (Demo)/Sales_Td'

01-12-2024T10:13:24 - [MESSAGE][PASSED] - Text '401506' is set on object 'Object Repository/TS1_BT_BranchTransfer_NT/Page_Frameworks (Demo)/Sales_Td'

01-12-2024T10:13:24 - [TEST_STEP][PASSED] - click(findTestObject("Object Repository/TS1_BT_BranchTransfer_NT/Page_Frameworks (Demo)/div_Find")): Object: 'Object Repository/TS1_BT_BranchTransfer_NT/Page_Frameworks (Demo)/div_Find' is clicked on

01-12-2024T10:13:25 - [MESSAGE][PASSED] - Object: 'Object Repository/TS1_BT_BranchTransfer_NT/Page_Frameworks (Demo)/div_Find' is clicked on

01-12-2024T10:13:25 - [TEST_STEP][PASSED] - click(findTestObject("Object Repository/TS1_BT_BranchTransfer_NT/Page_Frameworks (Demo)/a_00401492")): Object: 'Object Repository/TS1_BT_BranchTransfer_NT/Page_Frameworks (Demo)/a_00401492' is clicked on

01-12-2024T10:13:26 - [MESSAGE][PASSED] - Object: 'Object Repository/TS1_BT_BranchTransfer_NT/Page_Frameworks (Demo)/a_00401492' is clicked on

01-12-2024T10:13:26 - [TEST_STEP][PASSED] - setEncryptedText(findTestObject("Object Repository/TS1_BT_BranchTransfer_NT/Page_Frameworks (Demo)/input_Operator No_operatorId"), "uzzxF8+Oh1A="): Text ****** has been set on object 'Object Repository/TS1_BT_BranchTransfer_NT/Page_Frameworks (Demo)/input_Operator No_operatorId'

01-12-2024T10:13:30 - [MESSAGE][PASSED] - Text ****** has been set on object 'Object Repository/TS1_BT_BranchTransfer_NT/Page_Frameworks (Demo)/input_Operator No_operatorId'

01-12-2024T10:13:30 - [TEST_STEP][PASSED] - setEncryptedText(findTestObject("Object Repository/TS1_BT_BranchTransfer_NT/Page_Frameworks (Demo)/input_PIN_pin"), "uzzxF8+Oh1A="): Text ****** has been set on object 'Object Repository/TS1_BT_BranchTransfer_NT/Page_Frameworks (Demo)/input_PIN_pin'

01-12-2024T10:13:31 - [MESSAGE][PASSED] - Text ****** has been set on object 'Object Repository/TS1_BT_BranchTransfer_NT/Page_Frameworks (Demo)/input_PIN_pin'

01-12-2024T10:13:31 - [TEST_STEP][PASSED] - click(findTestObject("Object Repository/TS1_BT_BranchTransfer_NT/Page_Frameworks (Demo)/td_OK")): Object: 'Object Repository/TS1_BT_BranchTransfer_NT/Page_Frameworks (Demo)/td_OK' is clicked on

01-12-2024T10:13:31 - [MESSAGE][PASSED] - Object: 'Object Repository/TS1_BT_BranchTransfer_NT/Page_Frameworks (Demo)/td_OK' is clicked on

01-12-2024T10:13:31 - [TEST_STEP][PASSED] - SalesOrderValidate = getText(findTestObject("Object Repository/TS1_BT_BranchTransfer_NT/Page_Frameworks (Demo)/span_SO 4014940")): Text of object 'Object Repository/TS1_BT_BranchTransfer_NT/Page_Frameworks (Demo)/span_SO 4014940' is: 'SO 401506/0'

01-12-2024T10:13:34 - [MESSAGE][PASSED] - Text of object 'Object Repository/TS1_BT_BranchTransfer_NT/Page_Frameworks (Demo)/span_SO 4014940' is: 'SO 401506/0'

01-12-2024T10:13:34 - [TEST_STEP][PASSED] - SalesOrderValidate = SalesOrderValidate.replace("SO ", ""): null

01-12-2024T10:13:34 - [TEST_STEP][PASSED] - SalesOrderValidate = SalesOrderValidate.replace("/0", ""): null

01-12-2024T10:13:34 - [TEST_STEP][PASSED] - if (SalesOrder == SalesOrderValidate): Object: 'Object Repository/TS1_BT_BranchTransfer_NT/Page_Frameworks (Demo)/td_Logout' is clicked on

01-12-2024T10:13:34 - [TEST_STEP][PASSED] - println("yes it is same" + SalesOrder): null

01-12-2024T10:13:34 - [TEST_STEP][PASSED] - click(findTestObject("Object Repository/TS1_BT_BranchTransfer_NT/Page_Frameworks (Demo)/div_Actions")): Object: 'Object Repository/TS1_BT_BranchTransfer_NT/Page_Frameworks (Demo)/div_Actions' is clicked on

01-12-2024T10:13:34 - [MESSAGE][PASSED] - Object: 'Object Repository/TS1_BT_BranchTransfer_NT/Page_Frameworks (Demo)/div_Actions' is clicked on

01-12-2024T10:13:34 - [TEST_STEP][PASSED] - click(findTestObject("Object Repository/TS1_BT_BranchTransfer_NT/Page_Frameworks (Demo)/div_Pick  Release")): Object: 'Object Repository/TS1_BT_BranchTransfer_NT/Page_Frameworks (Demo)/div_Pick  Release' is clicked on

01-12-2024T10:13:36 - [MESSAGE][PASSED] - Object: 'Object Repository/TS1_BT_BranchTransfer_NT/Page_Frameworks (Demo)/div_Pick  Release' is clicked on

01-12-2024T10:13:36 - [TEST_STEP][PASSED] - click(findTestObject("Object Repository/TS1_BT_BranchTransfer_NT/Page_Frameworks (Demo)/div_Pick All")): Object: 'Object Repository/TS1_BT_BranchTransfer_NT/Page_Frameworks (Demo)/div_Pick All' is clicked on

01-12-2024T10:13:39 - [MESSAGE][PASSED] - Object: 'Object Repository/TS1_BT_BranchTransfer_NT/Page_Frameworks (Demo)/div_Pick All' is clicked on

01-12-2024T10:13:39 - [TEST_STEP][PASSED] - click(findTestObject("Object Repository/TS1_BT_BranchTransfer_NT/Page_Frameworks (Demo)/div_Complete Picking")): Object: 'Object Repository/TS1_BT_BranchTransfer_NT/Page_Frameworks (Demo)/div_Complete Picking' is clicked on

01-12-2024T10:13:39 - [MESSAGE][PASSED] - Object: 'Object Repository/TS1_BT_BranchTransfer_NT/Page_Frameworks (Demo)/div_Complete Picking' is clicked on

01-12-2024T10:13:39 - [TEST_STEP][PASSED] - click(findTestObject("Object Repository/TS1_BT_BranchTransfer_NT/Page_Frameworks (Demo)/div_Release Order")): Object: 'Object Repository/TS1_BT_BranchTransfer_NT/Page_Frameworks (Demo)/div_Release Order' is clicked on

01-12-2024T10:13:41 - [MESSAGE][PASSED] - Object: 'Object Repository/TS1_BT_BranchTransfer_NT/Page_Frameworks (Demo)/div_Release Order' is clicked on

01-12-2024T10:13:41 - [TEST_STEP][PASSED] - click(findTestObject("Object Repository/TS1_BT_BranchTransfer_NT/Page_Frameworks (Demo)/div_Print Delivery Docket_isc_1IB")): Object: 'Object Repository/TS1_BT_BranchTransfer_NT/Page_Frameworks (Demo)/div_Print Delivery Docket_isc_1IB' is clicked on

01-12-2024T10:13:43 - [MESSAGE][PASSED] - Object: 'Object Repository/TS1_BT_BranchTransfer_NT/Page_Frameworks (Demo)/div_Print Delivery Docket_isc_1IB' is clicked on

01-12-2024T10:13:43 - [TEST_STEP][PASSED] - click(findTestObject("Object Repository/TS1_BT_BranchTransfer_NT/Page_Frameworks (Demo)/td_Release (S)")): Object: 'Object Repository/TS1_BT_BranchTransfer_NT/Page_Frameworks (Demo)/td_Release (S)' is clicked on

01-12-2024T10:13:44 - [MESSAGE][PASSED] - Object: 'Object Repository/TS1_BT_BranchTransfer_NT/Page_Frameworks (Demo)/td_Release (S)' is clicked on

01-12-2024T10:13:44 - [TEST_STEP][PASSED] - click(findTestObject("Object Repository/TS1_BT_BranchTransfer_NT/Page_Frameworks (Demo)/img_dropdownLogout")): Object: 'Object Repository/TS1_BT_BranchTransfer_NT/Page_Frameworks (Demo)/img_dropdownLogout' is clicked on

01-12-2024T10:13:45 - [MESSAGE][PASSED] - Object: 'Object Repository/TS1_BT_BranchTransfer_NT/Page_Frameworks (Demo)/img_dropdownLogout' is clicked on

01-12-2024T10:13:45 - [TEST_STEP][PASSED] - click(findTestObject("Object Repository/TS1_BT_BranchTransfer_NT/Page_Frameworks (Demo)/td_Logout")): Object: 'Object Repository/TS1_BT_BranchTransfer_NT/Page_Frameworks (Demo)/td_Logout' is clicked on

01-12-2024T10:13:46 - [MESSAGE][PASSED] - Object: 'Object Repository/TS1_BT_BranchTransfer_NT/Page_Frameworks (Demo)/td_Logout' is clicked on]]></system-out>
         <system-err><![CDATA[]]></system-err>
      </testcase>
      <testcase name="Test Cases/Nortruss Instance/BranchTransfer_Module/TS1_BT_BranchTransfer/Stock_Receipt_NT" time="88.746" classname="Test Cases/Nortruss Instance/BranchTransfer_Module/TS1_BT_BranchTransfer/Stock_Receipt_NT" status="PASSED">
         <system-out><![CDATA[01-12-2024T10:13:46 - [TEST_CASE][PASSED] - Test Cases/Nortruss Instance/BranchTransfer_Module/TS1_BT_BranchTransfer/Stock_Receipt_NT: Test Cases/Nortruss Instance/BranchTransfer_Module/TS1_BT_BranchTransfer/Stock_Receipt_NT

01-12-2024T10:13:47 - [TEST_STEP][PASSED] - sourceFile = new java.io.FileInputStream(ExcelFile): null

01-12-2024T10:13:47 - [TEST_STEP][PASSED] - workbook = new org.apache.poi.xssf.usermodel.XSSFWorkbook(sourceFile): null

01-12-2024T10:13:47 - [TEST_STEP][PASSED] - sheet = workbook.getSheet("Sheet1"): null

01-12-2024T10:13:47 - [TEST_STEP][PASSED] - row = sheet.getRow(2): null

01-12-2024T10:13:47 - [TEST_STEP][PASSED] - cell = row.getCell(1): null

01-12-2024T10:13:47 - [TEST_STEP][PASSED] - SalesOrder = cell.getStringCellValue(): null

01-12-2024T10:13:47 - [TEST_STEP][PASSED] - SalesOrder = SalesOrder.replace("Tfer SO: ", ""): null

01-12-2024T10:13:47 - [TEST_STEP][PASSED] - println(SalesOrder): null

01-12-2024T10:13:47 - [TEST_STEP][PASSED] - row = sheet.getRow(1): null

01-12-2024T10:13:47 - [TEST_STEP][PASSED] - cell = row.getCell(1): null

01-12-2024T10:13:47 - [TEST_STEP][PASSED] - PurchaseOrder = cell.getStringCellValue(): null

01-12-2024T10:13:47 - [TEST_STEP][PASSED] - PurchaseOrder = PurchaseOrder.replace("PO ", ""): null

01-12-2024T10:13:47 - [TEST_STEP][PASSED] - println(PurchaseOrder): null

01-12-2024T10:13:47 - [TEST_STEP][PASSED] - sourceFile.close(): null

01-12-2024T10:13:47 - [TEST_STEP][PASSED] - openBrowser(""): Browser is opened with url: ''

01-12-2024T10:13:47 - [MESSAGE][WARNING] - A browser is already opened. Closing browser and opening a new one

01-12-2024T10:13:50 - [MESSAGE][INFO] - Starting 'Chrome' driver

01-12-2024T10:13:50 - [MESSAGE][INFO] - Action delay is set to 0 milliseconds

01-12-2024T10:13:51 - [MESSAGE][PASSED] - Browser is opened with url: ''

01-12-2024T10:13:51 - [TEST_STEP][PASSED] - maximizeWindow(): Current window maximized

01-12-2024T10:13:51 - [MESSAGE][PASSED] - Current window maximized

01-12-2024T10:13:51 - [TEST_STEP][PASSED] - navigateToUrl("http://frameworks.nt.nortruss.com.au:8080/FWDemo/Fluid.html#homeDashboard,dash,Frameworks.Activity.Menu.HomeDashBoard"): Navigate to 'http://frameworks.nt.nortruss.com.au:8080/FWDemo/Fluid.html#homeDashboard,dash,Frameworks.Activity.Menu.HomeDashBoard' successfully

01-12-2024T10:14:03 - [MESSAGE][PASSED] - Navigate to 'http://frameworks.nt.nortruss.com.au:8080/FWDemo/Fluid.html#homeDashboard,dash,Frameworks.Activity.Menu.HomeDashBoard' successfully

01-12-2024T10:14:03 - [TEST_STEP][PASSED] - setText(findTestObject("Object Repository/TS1_BT_BranchTransfer_NT/Page_Frameworks (Demo)/input_User ID_userid"), "manaki"): Text 'manaki' is set on object 'Object Repository/TS1_BT_BranchTransfer_NT/Page_Frameworks (Demo)/input_User ID_userid'

01-12-2024T10:14:08 - [MESSAGE][PASSED] - Text 'manaki' is set on object 'Object Repository/TS1_BT_BranchTransfer_NT/Page_Frameworks (Demo)/input_User ID_userid'

01-12-2024T10:14:08 - [TEST_STEP][PASSED] - setEncryptedText(findTestObject("Object Repository/TS1_BT_BranchTransfer_NT/Page_Frameworks (Demo)/input_Password_password"), "C5+8mNJ15mA="): Text ****** has been set on object 'Object Repository/TS1_BT_BranchTransfer_NT/Page_Frameworks (Demo)/input_Password_password'

01-12-2024T10:14:09 - [MESSAGE][PASSED] - Text ****** has been set on object 'Object Repository/TS1_BT_BranchTransfer_NT/Page_Frameworks (Demo)/input_Password_password'

01-12-2024T10:14:09 - [TEST_STEP][PASSED] - click(findTestObject("Object Repository/TS1_BT_BranchTransfer_NT/Page_Frameworks (Demo)/div_Login")): Object: 'Object Repository/TS1_BT_BranchTransfer_NT/Page_Frameworks (Demo)/div_Login' is clicked on

01-12-2024T10:14:09 - [MESSAGE][PASSED] - Object: 'Object Repository/TS1_BT_BranchTransfer_NT/Page_Frameworks (Demo)/div_Login' is clicked on

01-12-2024T10:14:09 - [TEST_STEP][PASSED] - click(findTestObject("Object Repository/TS1_BT_BranchTransfer_NT/Page_Frameworks (Demo)/img_FW")): Object: 'Object Repository/TS1_BT_BranchTransfer_NT/Page_Frameworks (Demo)/img_FW' is clicked on

01-12-2024T10:14:15 - [MESSAGE][PASSED] - Object: 'Object Repository/TS1_BT_BranchTransfer_NT/Page_Frameworks (Demo)/img_FW' is clicked on

01-12-2024T10:14:15 - [TEST_STEP][PASSED] - click(findTestObject("Object Repository/TS1_BT_BranchTransfer_NT/Page_Frameworks (Demo)/b_Purchasing  Receipting")): Object: 'Object Repository/TS1_BT_BranchTransfer_NT/Page_Frameworks (Demo)/b_Purchasing  Receipting' is clicked on

01-12-2024T10:14:16 - [MESSAGE][PASSED] - Object: 'Object Repository/TS1_BT_BranchTransfer_NT/Page_Frameworks (Demo)/b_Purchasing  Receipting' is clicked on

01-12-2024T10:14:16 - [TEST_STEP][PASSED] - click(findTestObject("Object Repository/TS1_BT_BranchTransfer_NT/Page_Frameworks (Demo)/b_Transaction Processing_1")): Object: 'Object Repository/TS1_BT_BranchTransfer_NT/Page_Frameworks (Demo)/b_Transaction Processing_1' is clicked on

01-12-2024T10:14:16 - [MESSAGE][PASSED] - Object: 'Object Repository/TS1_BT_BranchTransfer_NT/Page_Frameworks (Demo)/b_Transaction Processing_1' is clicked on

01-12-2024T10:14:16 - [TEST_STEP][PASSED] - click(findTestObject("Object Repository/TS1_BT_BranchTransfer_NT/Page_Frameworks (Demo)/td_Stock Receipting")): Object: 'Object Repository/TS1_BT_BranchTransfer_NT/Page_Frameworks (Demo)/td_Stock Receipting' is clicked on

01-12-2024T10:14:17 - [MESSAGE][PASSED] - Object: 'Object Repository/TS1_BT_BranchTransfer_NT/Page_Frameworks (Demo)/td_Stock Receipting' is clicked on

01-12-2024T10:14:17 - [TEST_STEP][PASSED] - setText(findTestObject("Object Repository/TS1_BT_BranchTransfer_NT/Page_Frameworks (Demo)/input_Order_orderNo"), PurchaseOrder): Text 'Purchase Order Maintenance' is set on object 'Object Repository/TS1_BT_BranchTransfer_NT/Page_Frameworks (Demo)/input_Order_orderNo'

01-12-2024T10:14:20 - [MESSAGE][PASSED] - Text 'Purchase Order Maintenance' is set on object 'Object Repository/TS1_BT_BranchTransfer_NT/Page_Frameworks (Demo)/input_Order_orderNo'

01-12-2024T10:14:20 - [TEST_STEP][PASSED] - click(findTestObject("Object Repository/TS1_BT_BranchTransfer_NT/Page_Frameworks (Demo)/div_Find")): Object: 'Object Repository/TS1_BT_BranchTransfer_NT/Page_Frameworks (Demo)/div_Find' is clicked on

01-12-2024T10:14:21 - [MESSAGE][PASSED] - Object: 'Object Repository/TS1_BT_BranchTransfer_NT/Page_Frameworks (Demo)/div_Find' is clicked on

01-12-2024T10:14:21 - [TEST_STEP][PASSED] - click(findTestObject("Object Repository/TS1_BT_BranchTransfer_NT/Page_Frameworks (Demo)/a_00950125")): Object: 'Object Repository/TS1_BT_BranchTransfer_NT/Page_Frameworks (Demo)/a_00950125' is clicked on

01-12-2024T10:14:27 - [MESSAGE][PASSED] - Object: 'Object Repository/TS1_BT_BranchTransfer_NT/Page_Frameworks (Demo)/a_00950125' is clicked on

01-12-2024T10:14:27 - [TEST_STEP][PASSED] - setText(findTestObject("Object Repository/TS1_BT_BranchTransfer_NT/Page_Frameworks (Demo)/input_Docket Number_refSuppDocket"), SalesOrder): Text '401506' is set on object 'Object Repository/TS1_BT_BranchTransfer_NT/Page_Frameworks (Demo)/input_Docket Number_refSuppDocket'

01-12-2024T10:14:33 - [MESSAGE][PASSED] - Text '401506' is set on object 'Object Repository/TS1_BT_BranchTransfer_NT/Page_Frameworks (Demo)/input_Docket Number_refSuppDocket'

01-12-2024T10:14:33 - [TEST_STEP][PASSED] - click(findTestObject("Object Repository/TS1_BT_BranchTransfer_NT/Page_Frameworks (Demo)/div_Receipt Goods")): Object: 'Object Repository/TS1_BT_BranchTransfer_NT/Page_Frameworks (Demo)/div_Receipt Goods' is clicked on

01-12-2024T10:14:33 - [MESSAGE][PASSED] - Object: 'Object Repository/TS1_BT_BranchTransfer_NT/Page_Frameworks (Demo)/div_Receipt Goods' is clicked on

01-12-2024T10:14:33 - [TEST_STEP][PASSED] - click(findTestObject("Object Repository/TS1_BT_BranchTransfer_NT/Page_Frameworks (Demo)/img")): Object: 'Object Repository/TS1_BT_BranchTransfer_NT/Page_Frameworks (Demo)/img' is clicked on

01-12-2024T10:15:01 - [MESSAGE][PASSED] - Object: 'Object Repository/TS1_BT_BranchTransfer_NT/Page_Frameworks (Demo)/img' is clicked on

01-12-2024T10:15:01 - [TEST_STEP][PASSED] - setText(findTestObject("Object Repository/TS1_BT_BranchTransfer_NT/Page_Frameworks (Demo)/input_Product_ProdId"), "2014086"): Text '2014086' is set on object 'Object Repository/TS1_BT_BranchTransfer_NT/Page_Frameworks (Demo)/input_Product_ProdId'

01-12-2024T10:15:03 - [MESSAGE][PASSED] - Text '2014086' is set on object 'Object Repository/TS1_BT_BranchTransfer_NT/Page_Frameworks (Demo)/input_Product_ProdId'

01-12-2024T10:15:03 - [TEST_STEP][PASSED] - click(findTestObject("Object Repository/TS1_BT_BranchTransfer_NT/Page_Frameworks (Demo)/td_Find")): Object: 'Object Repository/TS1_BT_BranchTransfer_NT/Page_Frameworks (Demo)/td_Find' is clicked on

01-12-2024T10:15:04 - [MESSAGE][PASSED] - Object: 'Object Repository/TS1_BT_BranchTransfer_NT/Page_Frameworks (Demo)/td_Find' is clicked on

01-12-2024T10:15:04 - [TEST_STEP][PASSED] - scrollToElement(findTestObject("Object Repository/TS1_BT_BranchTransfer_NT/Page_Frameworks (Demo)/div_Stock Movements"), 30): Scroll to object 'Object Repository/TS1_BT_BranchTransfer_NT/Page_Frameworks (Demo)/div_Stock Movements' successfully

01-12-2024T10:15:07 - [MESSAGE][PASSED] - Scroll to object 'Object Repository/TS1_BT_BranchTransfer_NT/Page_Frameworks (Demo)/div_Stock Movements' successfully

01-12-2024T10:15:07 - [TEST_STEP][PASSED] - click(findTestObject("Object Repository/TS1_BT_BranchTransfer_NT/Page_Frameworks (Demo)/div_Stock Movements")): Object: 'Object Repository/TS1_BT_BranchTransfer_NT/Page_Frameworks (Demo)/div_Stock Movements' is clicked on

01-12-2024T10:15:07 - [MESSAGE][PASSED] - Object: 'Object Repository/TS1_BT_BranchTransfer_NT/Page_Frameworks (Demo)/div_Stock Movements' is clicked on

01-12-2024T10:15:07 - [TEST_STEP][PASSED] - click(findTestObject("Object Repository/TS1_BT_BranchTransfer_NT/Page_Frameworks (Demo)/img_Branch_isc_1RO")): Object: 'Object Repository/TS1_BT_BranchTransfer_NT/Page_Frameworks (Demo)/img_Branch_isc_1RO' is clicked on

01-12-2024T10:15:10 - [MESSAGE][PASSED] - Object: 'Object Repository/TS1_BT_BranchTransfer_NT/Page_Frameworks (Demo)/img_Branch_isc_1RO' is clicked on

01-12-2024T10:15:10 - [TEST_STEP][PASSED] - click(findTestObject("Object Repository/TS1_BT_BranchTransfer_NT/Page_Frameworks (Demo)/div_2 - DEMONSTRATION BRANCH 002")): Object: 'Object Repository/TS1_BT_BranchTransfer_NT/Page_Frameworks (Demo)/div_2 - DEMONSTRATION BRANCH 002' is clicked on

01-12-2024T10:15:11 - [MESSAGE][PASSED] - Object: 'Object Repository/TS1_BT_BranchTransfer_NT/Page_Frameworks (Demo)/div_2 - DEMONSTRATION BRANCH 002' is clicked on

01-12-2024T10:15:11 - [TEST_STEP][PASSED] - click(findTestObject("Object Repository/TS1_BT_BranchTransfer_NT/Page_Frameworks (Demo)/img_Exclude Zero_isc_1RYicon")): Object: 'Object Repository/TS1_BT_BranchTransfer_NT/Page_Frameworks (Demo)/img_Exclude Zero_isc_1RYicon' is clicked on

01-12-2024T10:15:13 - [MESSAGE][PASSED] - Object: 'Object Repository/TS1_BT_BranchTransfer_NT/Page_Frameworks (Demo)/img_Exclude Zero_isc_1RYicon' is clicked on

01-12-2024T10:15:13 - [TEST_STEP][PASSED] - click(findTestObject("Object Repository/TS1_BT_BranchTransfer_NT/Page_Frameworks (Demo)/img_dropdownLogout")): Object: 'Object Repository/TS1_BT_BranchTransfer_NT/Page_Frameworks (Demo)/img_dropdownLogout' is clicked on

01-12-2024T10:15:14 - [MESSAGE][PASSED] - Object: 'Object Repository/TS1_BT_BranchTransfer_NT/Page_Frameworks (Demo)/img_dropdownLogout' is clicked on

01-12-2024T10:15:14 - [TEST_STEP][PASSED] - click(findTestObject("Object Repository/TS1_BT_BranchTransfer_NT/Page_Frameworks (Demo)/td_Logout")): Object: 'Object Repository/TS1_BT_BranchTransfer_NT/Page_Frameworks (Demo)/td_Logout' is clicked on

01-12-2024T10:15:15 - [MESSAGE][PASSED] - Object: 'Object Repository/TS1_BT_BranchTransfer_NT/Page_Frameworks (Demo)/td_Logout' is clicked on]]></system-out>
         <system-err><![CDATA[]]></system-err>
      </testcase>
      <system-out><![CDATA[01-12-2024T10:11:41 - [TEST_SUITE][PASSED] - TS1_BT_BranchTransfer_NT: Test Cases/Nortruss Instance/BranchTransfer_Module/TS1_BT_BranchTransfer/Stock_Receipt_NT]]></system-out>
      <system-err><![CDATA[]]></system-err>
   </testsuite>
</testsuites>
