<?xml version="1.0" encoding="UTF-8"?>
<testsuites name="TS9_POS_Suspend_Resume_Sale_CHC" time="73.536" tests="2" failures="0" errors="0">
   <testsuite name="TS9_POS_Suspend_Resume_Sale_CHC" tests="2" failures="0" errors="0" time="73.536" skipped="0" timestamp="07-10-2024T22:53:04" hostname="User - ROG" id="Test Suites/CHC_Instance/PointofSale_Module/TS9_POS_Suspend_Resume_Sale_CHC">
      <properties>
         <property name="deviceName" value=""/>
         <property name="devicePlatform"/>
         <property name="logFolder" value="C:\\Users\\User\\git\\frameworks-regression-test-automation\\Reports\\20241007_225257\\CHC_Instance\\PointofSale_Module\\TS9_POS_Suspend_Resume_Sale_CHC\\20241007_225257"/>
         <property name="logFiles" value="C:\\Users\\User\\git\\frameworks-regression-test-automation\\Reports\\20241007_225257\\CHC_Instance\\PointofSale_Module\\TS9_POS_Suspend_Resume_Sale_CHC\\20241007_225257\\execution0.log"/>
         <property name="attachments" value="C:\\Users\\User\\git\\frameworks-regression-test-automation\\Reports\\20241007_225257\\CHC_Instance\\PointofSale_Module\\TS9_POS_Suspend_Resume_Sale_CHC\\20241007_225257\\1728302002275.png, C:\\Users\\User\\git\\frameworks-regression-test-automation\\Reports\\20241007_225257\\CHC_Instance\\PointofSale_Module\\TS9_POS_Suspend_Resume_Sale_CHC\\20241007_225257\\1728302011423.png, C:\\Users\\User\\git\\frameworks-regression-test-automation\\Reports\\20241007_225257\\CHC_Instance\\PointofSale_Module\\TS9_POS_Suspend_Resume_Sale_CHC\\20241007_225257\\1728302014346.png, C:\\Users\\User\\git\\frameworks-regression-test-automation\\Reports\\20241007_225257\\CHC_Instance\\PointofSale_Module\\TS9_POS_Suspend_Resume_Sale_CHC\\20241007_225257\\1728302031457.png, C:\\Users\\User\\git\\frameworks-regression-test-automation\\Reports\\20241007_225257\\CHC_Instance\\PointofSale_Module\\TS9_POS_Suspend_Resume_Sale_CHC\\20241007_225257\\1728302039583.png, C:\\Users\\User\\git\\frameworks-regression-test-automation\\Reports\\20241007_225257\\CHC_Instance\\PointofSale_Module\\TS9_POS_Suspend_Resume_Sale_CHC\\20241007_225257\\1728302042478.png, C:\\Users\\User\\git\\frameworks-regression-test-automation\\Reports\\20241007_225257\\CHC_Instance\\PointofSale_Module\\TS9_POS_Suspend_Resume_Sale_CHC\\20241007_225257\\1728302045565.png, C:\\Users\\User\\git\\frameworks-regression-test-automation\\Reports\\20241007_225257\\CHC_Instance\\PointofSale_Module\\TS9_POS_Suspend_Resume_Sale_CHC\\20241007_225257\\1728302050617.png, C:\\Users\\User\\git\\frameworks-regression-test-automation\\Reports\\20241007_225257\\CHC_Instance\\PointofSale_Module\\TS9_POS_Suspend_Resume_Sale_CHC\\20241007_225257\\1728302053433.png, C:\\Users\\User\\git\\frameworks-regression-test-automation\\Reports\\20241007_225257\\CHC_Instance\\PointofSale_Module\\TS9_POS_Suspend_Resume_Sale_CHC\\20241007_225257\\1728302056322.png"/>
         <property name="hostName" value="User - ROG"/>
         <property name="os" value="Windows 11 64bit"/>
         <property name="katalonVersion" value="9.5.0.217"/>
         <property name="browser" value="Chrome 129.0.0.0"/>
         <property name="hostAddress" value="10.192.251.1"/>
         <property name="sessionId" value="acb2dab3afe6ab4977d22d23ac507183"/>
         <property name="seleniumVersion" value="3.141.59"/>
         <property name="proxyInformation" value="ProxyInformation { proxyOption=NO_PROXY, proxyServerType=HTTP, username=, password=********, proxyServerAddress=, proxyServerPort=0, executionList=&quot;&quot;, isApplyToDesiredCapabilities=true }"/>
         <property name="platform" value="Windows 11"/>
      </properties>
      <testcase name="Test Cases/CHC_Instance/PointofSale_Module/TS9_POS_SuspendResume_Sale/POS_Suspend_Sale_CHC" time="32.124" classname="Test Cases/CHC_Instance/PointofSale_Module/TS9_POS_SuspendResume_Sale/POS_Suspend_Sale_CHC" status="PASSED">
         <system-out><![CDATA[07-10-2024T22:53:04 - [TEST_CASE][PASSED] - Test Cases/CHC_Instance/PointofSale_Module/TS9_POS_SuspendResume_Sale/POS_Suspend_Sale_CHC: Test Cases/CHC_Instance/PointofSale_Module/TS9_POS_SuspendResume_Sale/POS_Suspend_Sale_CHC

07-10-2024T22:53:04 - [TEST_STEP][PASSED] - openBrowser(""): Browser is opened with url: ''

07-10-2024T22:53:05 - [MESSAGE][INFO] - Starting 'Chrome' driver

07-10-2024T22:53:05 - [MESSAGE][INFO] - Action delay is set to 0 milliseconds

07-10-2024T22:53:06 - [MESSAGE][PASSED] - Browser is opened with url: ''

07-10-2024T22:53:06 - [TEST_STEP][PASSED] - maximizeWindow(): Current window maximized

07-10-2024T22:53:06 - [MESSAGE][PASSED] - Current window maximized

07-10-2024T22:53:06 - [TEST_STEP][PASSED] - navigateToUrl("http://frameworks.cairnshardware.com.au:8080/FWDemo/Fluid.html#homeDashboard,dash,Frameworks.Activity.Menu.HomeDashBoard"): Navigate to 'http://frameworks.cairnshardware.com.au:8080/FWDemo/Fluid.html#homeDashboard,dash,Frameworks.Activity.Menu.HomeDashBoard' successfully

07-10-2024T22:53:12 - [MESSAGE][PASSED] - Navigate to 'http://frameworks.cairnshardware.com.au:8080/FWDemo/Fluid.html#homeDashboard,dash,Frameworks.Activity.Menu.HomeDashBoard' successfully

07-10-2024T22:53:12 - [TEST_STEP][PASSED] - setText(findTestObject("Object Repository/TS9_POS_Suspend_Resume_Sale_CHC/Page_Frameworks (Demo)/input_User ID_userid"), userName): Text 'manaki' is set on object 'Object Repository/TS9_POS_Suspend_Resume_Sale_CHC/Page_Frameworks (Demo)/input_User ID_userid'

07-10-2024T22:53:15 - [MESSAGE][PASSED] - Text 'manaki' is set on object 'Object Repository/TS9_POS_Suspend_Resume_Sale_CHC/Page_Frameworks (Demo)/input_User ID_userid'

07-10-2024T22:53:15 - [TEST_STEP][PASSED] - setEncryptedText(findTestObject("Object Repository/TS9_POS_Suspend_Resume_Sale_CHC/Page_Frameworks (Demo)/input_Password_password"), "BvRmjN+0xFM="): Text ****** has been set on object 'Object Repository/TS9_POS_Suspend_Resume_Sale_CHC/Page_Frameworks (Demo)/input_Password_password'

07-10-2024T22:53:16 - [MESSAGE][PASSED] - Text ****** has been set on object 'Object Repository/TS9_POS_Suspend_Resume_Sale_CHC/Page_Frameworks (Demo)/input_Password_password'

07-10-2024T22:53:16 - [TEST_STEP][PASSED] - click(findTestObject("Object Repository/TS9_POS_Suspend_Resume_Sale_CHC/Page_Frameworks (Demo)/div_Login")): Object: 'Object Repository/TS9_POS_Suspend_Resume_Sale_CHC/Page_Frameworks (Demo)/div_Login' is clicked on

07-10-2024T22:53:16 - [MESSAGE][PASSED] - Object: 'Object Repository/TS9_POS_Suspend_Resume_Sale_CHC/Page_Frameworks (Demo)/div_Login' is clicked on

07-10-2024T22:53:16 - [TEST_STEP][PASSED] - click(findTestObject("Object Repository/TS9_POS_Suspend_Resume_Sale_CHC/Page_Frameworks (Demo)/Fws_Menu")): Object: 'Object Repository/TS9_POS_Suspend_Resume_Sale_CHC/Page_Frameworks (Demo)/Fws_Menu' is clicked on

07-10-2024T22:53:18 - [MESSAGE][PASSED] - Object: 'Object Repository/TS9_POS_Suspend_Resume_Sale_CHC/Page_Frameworks (Demo)/Fws_Menu' is clicked on

07-10-2024T22:53:18 - [TEST_STEP][PASSED] - click(findTestObject("Object Repository/TS9_POS_Suspend_Resume_Sale_CHC/Page_Frameworks (Demo)/Sales_TransactionProcessing")): Object: 'Object Repository/TS9_POS_Suspend_Resume_Sale_CHC/Page_Frameworks (Demo)/Sales_TransactionProcessing' is clicked on

07-10-2024T22:53:19 - [MESSAGE][PASSED] - Object: 'Object Repository/TS9_POS_Suspend_Resume_Sale_CHC/Page_Frameworks (Demo)/Sales_TransactionProcessing' is clicked on

07-10-2024T22:53:19 - [TEST_STEP][PASSED] - click(findTestObject("Object Repository/TS9_POS_Suspend_Resume_Sale_CHC/Page_Frameworks (Demo)/td_Point Of Sale")): Object: 'Object Repository/TS9_POS_Suspend_Resume_Sale_CHC/Page_Frameworks (Demo)/td_Point Of Sale' is clicked on

07-10-2024T22:53:20 - [MESSAGE][PASSED] - Object: 'Object Repository/TS9_POS_Suspend_Resume_Sale_CHC/Page_Frameworks (Demo)/td_Point Of Sale' is clicked on

07-10-2024T22:53:20 - [TEST_STEP][PASSED] - delay(2): Delayed 2 second(s)

07-10-2024T22:53:22 - [MESSAGE][PASSED] - Delayed 2 second(s)

07-10-2024T22:53:22 - [TEST_STEP][PASSED] - takeFullPageScreenshot(): Taking screenshot successfully

07-10-2024T22:53:23 - [MESSAGE][INFO] - 0 hidden object(s)

07-10-2024T22:53:23 - [MESSAGE][PASSED] - Taking screenshot successfully
[[ATTACHMENT|C:\\Users\\User\\git\\frameworks-regression-test-automation\\Reports\\20241007_225257\\CHC_Instance\\PointofSale_Module\\TS9_POS_Suspend_Resume_Sale_CHC\\20241007_225257\\1728302002275.png]]

07-10-2024T22:53:23 - [TEST_STEP][PASSED] - invoiceNum = getText(findTestObject("Object Repository/TS2_POS_AccountSale_DBC/New_Interface/Page_Frameworks (Demo)/div_invoiceNum")): Text of object 'Object Repository/TS2_POS_AccountSale_DBC/New_Interface/Page_Frameworks (Demo)/div_invoiceNum' is: '13072744'

07-10-2024T22:53:23 - [MESSAGE][PASSED] - Text of object 'Object Repository/TS2_POS_AccountSale_DBC/New_Interface/Page_Frameworks (Demo)/div_invoiceNum' is: '13072744'

07-10-2024T22:53:23 - [TEST_STEP][PASSED] - setText(findTestObject("Object Repository/TS9_POS_Suspend_Resume_Sale_CHC/Page_Frameworks (Demo)/input_P_prodId"), "5006866"): Text '5006866' is set on object 'Object Repository/TS9_POS_Suspend_Resume_Sale_CHC/Page_Frameworks (Demo)/input_P_prodId'

07-10-2024T22:53:24 - [MESSAGE][PASSED] - Text '5006866' is set on object 'Object Repository/TS9_POS_Suspend_Resume_Sale_CHC/Page_Frameworks (Demo)/input_P_prodId'

07-10-2024T22:53:24 - [TEST_STEP][PASSED] - delay(2): Delayed 2 second(s)

07-10-2024T22:53:26 - [MESSAGE][PASSED] - Delayed 2 second(s)

07-10-2024T22:53:26 - [TEST_STEP][PASSED] - click(findTestObject("Object Repository/TS9_POS_Suspend_Resume_Sale_CHC/Page_Frameworks (Demo)/input_Quantity_quantityOrdered")): Object: 'Object Repository/TS9_POS_Suspend_Resume_Sale_CHC/Page_Frameworks (Demo)/input_Quantity_quantityOrdered' is clicked on

07-10-2024T22:53:26 - [MESSAGE][PASSED] - Object: 'Object Repository/TS9_POS_Suspend_Resume_Sale_CHC/Page_Frameworks (Demo)/input_Quantity_quantityOrdered' is clicked on

07-10-2024T22:53:26 - [TEST_STEP][PASSED] - delay(2): Delayed 2 second(s)

07-10-2024T22:53:29 - [MESSAGE][PASSED] - Delayed 2 second(s)

07-10-2024T22:53:29 - [TEST_STEP][PASSED] - click(findTestObject("Object Repository/TS9_POS_Suspend_Resume_Sale_CHC/Page_Frameworks (Demo)/img_add")): Object: 'Object Repository/TS9_POS_Suspend_Resume_Sale_CHC/Page_Frameworks (Demo)/img_add' is clicked on

07-10-2024T22:53:29 - [MESSAGE][PASSED] - Object: 'Object Repository/TS9_POS_Suspend_Resume_Sale_CHC/Page_Frameworks (Demo)/img_add' is clicked on

07-10-2024T22:53:29 - [TEST_STEP][PASSED] - delay(2): Delayed 2 second(s)

07-10-2024T22:53:31 - [MESSAGE][PASSED] - Delayed 2 second(s)

07-10-2024T22:53:31 - [TEST_STEP][PASSED] - takeFullPageScreenshot(): Taking screenshot successfully

07-10-2024T22:53:31 - [MESSAGE][INFO] - 0 hidden object(s)

07-10-2024T22:53:31 - [MESSAGE][PASSED] - Taking screenshot successfully
[[ATTACHMENT|C:\\Users\\User\\git\\frameworks-regression-test-automation\\Reports\\20241007_225257\\CHC_Instance\\PointofSale_Module\\TS9_POS_Suspend_Resume_Sale_CHC\\20241007_225257\\1728302011423.png]]

07-10-2024T22:53:31 - [TEST_STEP][PASSED] - click(findTestObject("Object Repository/TS9_POS_Suspend_Resume_Sale_CHC/Page_Frameworks (Demo)/div_SuspendSale")): Object: 'Object Repository/TS9_POS_Suspend_Resume_Sale_CHC/Page_Frameworks (Demo)/div_SuspendSale' is clicked on

07-10-2024T22:53:32 - [MESSAGE][PASSED] - Object: 'Object Repository/TS9_POS_Suspend_Resume_Sale_CHC/Page_Frameworks (Demo)/div_SuspendSale' is clicked on

07-10-2024T22:53:32 - [TEST_STEP][PASSED] - delay(2): Delayed 2 second(s)

07-10-2024T22:53:34 - [MESSAGE][PASSED] - Delayed 2 second(s)

07-10-2024T22:53:34 - [TEST_STEP][PASSED] - takeFullPageScreenshot(): Taking screenshot successfully

07-10-2024T22:53:34 - [MESSAGE][INFO] - 0 hidden object(s)

07-10-2024T22:53:34 - [MESSAGE][PASSED] - Taking screenshot successfully
[[ATTACHMENT|C:\\Users\\User\\git\\frameworks-regression-test-automation\\Reports\\20241007_225257\\CHC_Instance\\PointofSale_Module\\TS9_POS_Suspend_Resume_Sale_CHC\\20241007_225257\\1728302014346.png]]

07-10-2024T22:53:34 - [TEST_STEP][PASSED] - sourceFile = new java.io.FileInputStream(ExcelFile): null

07-10-2024T22:53:34 - [TEST_STEP][PASSED] - workbook = new org.apache.poi.xssf.usermodel.XSSFWorkbook(sourceFile): null

07-10-2024T22:53:35 - [TEST_STEP][PASSED] - sheet = workbook.getSheet("Sheet1"): null

07-10-2024T22:53:35 - [TEST_STEP][PASSED] - row = sheet.getRow(0): null

07-10-2024T22:53:35 - [TEST_STEP][PASSED] - cell = row.getCell(1): null

07-10-2024T22:53:35 - [TEST_STEP][PASSED] - row = sheet.createRow(1): null

07-10-2024T22:53:35 - [TEST_STEP][PASSED] - cell = row.createCell(0): null

07-10-2024T22:53:35 - [TEST_STEP][PASSED] - cell.setCellValue("Invoice Number"): null

07-10-2024T22:53:35 - [TEST_STEP][PASSED] - cell = row.createCell(1): null

07-10-2024T22:53:35 - [TEST_STEP][PASSED] - cell.setCellValue(invoiceNum): null

07-10-2024T22:53:35 - [TEST_STEP][PASSED] - fos = new java.io.FileOutputStream(ExcelFile): null

07-10-2024T22:53:35 - [TEST_STEP][PASSED] - workbook.write(fos): null

07-10-2024T22:53:35 - [TEST_STEP][PASSED] - fos.close(): null

07-10-2024T22:53:35 - [TEST_STEP][PASSED] - sourceFile.close(): null

07-10-2024T22:53:35 - [TEST_STEP][PASSED] - click(findTestObject("Object Repository/TS9_POS_Suspend_Resume_Sale_CHC/Page_Frameworks (Demo)/img_Accountdropd")): Object: 'Object Repository/TS9_POS_Suspend_Resume_Sale_CHC/Page_Frameworks (Demo)/img_Accountdropd' is clicked on

07-10-2024T22:53:35 - [MESSAGE][PASSED] - Object: 'Object Repository/TS9_POS_Suspend_Resume_Sale_CHC/Page_Frameworks (Demo)/img_Accountdropd' is clicked on

07-10-2024T22:53:35 - [TEST_STEP][PASSED] - click(findTestObject("Object Repository/TS9_POS_Suspend_Resume_Sale_CHC/Page_Frameworks (Demo)/div_Logout")): Object: 'Object Repository/TS9_POS_Suspend_Resume_Sale_CHC/Page_Frameworks (Demo)/div_Logout' is clicked on

07-10-2024T22:53:36 - [MESSAGE][PASSED] - Object: 'Object Repository/TS9_POS_Suspend_Resume_Sale_CHC/Page_Frameworks (Demo)/div_Logout' is clicked on]]></system-out>
         <system-err><![CDATA[]]></system-err>
      </testcase>
      <testcase name="Test Cases/CHC_Instance/PointofSale_Module/TS9_POS_SuspendResume_Sale/POS_Resume_Sale_CHC" time="41.247" classname="Test Cases/CHC_Instance/PointofSale_Module/TS9_POS_SuspendResume_Sale/POS_Resume_Sale_CHC" status="PASSED">
         <system-out><![CDATA[07-10-2024T22:53:36 - [TEST_CASE][PASSED] - Test Cases/CHC_Instance/PointofSale_Module/TS9_POS_SuspendResume_Sale/POS_Resume_Sale_CHC: Test Cases/CHC_Instance/PointofSale_Module/TS9_POS_SuspendResume_Sale/POS_Resume_Sale_CHC

07-10-2024T22:53:36 - [TEST_STEP][PASSED] - sourceFile = new java.io.FileInputStream(ExcelFile): null

07-10-2024T22:53:36 - [TEST_STEP][PASSED] - workbook = new org.apache.poi.xssf.usermodel.XSSFWorkbook(sourceFile): null

07-10-2024T22:53:36 - [TEST_STEP][PASSED] - sheet = workbook.getSheet("Sheet1"): null

07-10-2024T22:53:36 - [TEST_STEP][PASSED] - row = sheet.getRow(1): null

07-10-2024T22:53:36 - [TEST_STEP][PASSED] - cell = row.getCell(1): null

07-10-2024T22:53:36 - [TEST_STEP][PASSED] - invoiceNum = cell.getStringCellValue(): null

07-10-2024T22:53:36 - [TEST_STEP][PASSED] - println(invoiceNum): null

07-10-2024T22:53:36 - [TEST_STEP][PASSED] - sourceFile.close(): null

07-10-2024T22:53:36 - [TEST_STEP][PASSED] - openBrowser(""): Browser is opened with url: ''

07-10-2024T22:53:36 - [MESSAGE][WARNING] - A browser is already opened. Closing browser and opening a new one

07-10-2024T22:53:37 - [MESSAGE][INFO] - Starting 'Chrome' driver

07-10-2024T22:53:37 - [MESSAGE][INFO] - Action delay is set to 0 milliseconds

07-10-2024T22:53:37 - [MESSAGE][PASSED] - Browser is opened with url: ''

07-10-2024T22:53:37 - [TEST_STEP][PASSED] - maximizeWindow(): Current window maximized

07-10-2024T22:53:37 - [MESSAGE][PASSED] - Current window maximized

07-10-2024T22:53:37 - [TEST_STEP][PASSED] - navigateToUrl("http://frameworks.cairnshardware.com.au:8080/FWDemo/Fluid.html#homeDashboard,dash,Frameworks.Activity.Menu.HomeDashBoard"): Navigate to 'http://frameworks.cairnshardware.com.au:8080/FWDemo/Fluid.html#homeDashboard,dash,Frameworks.Activity.Menu.HomeDashBoard' successfully

07-10-2024T22:53:42 - [MESSAGE][PASSED] - Navigate to 'http://frameworks.cairnshardware.com.au:8080/FWDemo/Fluid.html#homeDashboard,dash,Frameworks.Activity.Menu.HomeDashBoard' successfully

07-10-2024T22:53:42 - [TEST_STEP][PASSED] - setText(findTestObject("Object Repository/TS9_POS_Suspend_Resume_Sale_CHC/Page_Frameworks (Demo)/input_User ID_userid"), userName): Text 'manaki' is set on object 'Object Repository/TS9_POS_Suspend_Resume_Sale_CHC/Page_Frameworks (Demo)/input_User ID_userid'

07-10-2024T22:53:45 - [MESSAGE][PASSED] - Text 'manaki' is set on object 'Object Repository/TS9_POS_Suspend_Resume_Sale_CHC/Page_Frameworks (Demo)/input_User ID_userid'

07-10-2024T22:53:45 - [TEST_STEP][PASSED] - setEncryptedText(findTestObject("Object Repository/TS9_POS_Suspend_Resume_Sale_CHC/Page_Frameworks (Demo)/input_Password_password"), "BvRmjN+0xFM="): Text ****** has been set on object 'Object Repository/TS9_POS_Suspend_Resume_Sale_CHC/Page_Frameworks (Demo)/input_Password_password'

07-10-2024T22:53:45 - [MESSAGE][PASSED] - Text ****** has been set on object 'Object Repository/TS9_POS_Suspend_Resume_Sale_CHC/Page_Frameworks (Demo)/input_Password_password'

07-10-2024T22:53:45 - [TEST_STEP][PASSED] - click(findTestObject("Object Repository/TS9_POS_Suspend_Resume_Sale_CHC/Page_Frameworks (Demo)/div_Login")): Object: 'Object Repository/TS9_POS_Suspend_Resume_Sale_CHC/Page_Frameworks (Demo)/div_Login' is clicked on

07-10-2024T22:53:46 - [MESSAGE][PASSED] - Object: 'Object Repository/TS9_POS_Suspend_Resume_Sale_CHC/Page_Frameworks (Demo)/div_Login' is clicked on

07-10-2024T22:53:46 - [TEST_STEP][PASSED] - click(findTestObject("Object Repository/TS9_POS_Suspend_Resume_Sale_CHC/Page_Frameworks (Demo)/Fws_Menu")): Object: 'Object Repository/TS9_POS_Suspend_Resume_Sale_CHC/Page_Frameworks (Demo)/Fws_Menu' is clicked on

07-10-2024T22:53:48 - [MESSAGE][PASSED] - Object: 'Object Repository/TS9_POS_Suspend_Resume_Sale_CHC/Page_Frameworks (Demo)/Fws_Menu' is clicked on

07-10-2024T22:53:48 - [TEST_STEP][PASSED] - click(findTestObject("Object Repository/TS9_POS_Suspend_Resume_Sale_CHC/Page_Frameworks (Demo)/Sales_TransactionProcessing")): Object: 'Object Repository/TS9_POS_Suspend_Resume_Sale_CHC/Page_Frameworks (Demo)/Sales_TransactionProcessing' is clicked on

07-10-2024T22:53:48 - [MESSAGE][PASSED] - Object: 'Object Repository/TS9_POS_Suspend_Resume_Sale_CHC/Page_Frameworks (Demo)/Sales_TransactionProcessing' is clicked on

07-10-2024T22:53:48 - [TEST_STEP][PASSED] - click(findTestObject("Object Repository/TS9_POS_Suspend_Resume_Sale_CHC/Page_Frameworks (Demo)/td_Point Of Sale")): Object: 'Object Repository/TS9_POS_Suspend_Resume_Sale_CHC/Page_Frameworks (Demo)/td_Point Of Sale' is clicked on

07-10-2024T22:53:49 - [MESSAGE][PASSED] - Object: 'Object Repository/TS9_POS_Suspend_Resume_Sale_CHC/Page_Frameworks (Demo)/td_Point Of Sale' is clicked on

07-10-2024T22:53:49 - [TEST_STEP][PASSED] - delay(2): Delayed 2 second(s)

07-10-2024T22:53:51 - [MESSAGE][PASSED] - Delayed 2 second(s)

07-10-2024T22:53:51 - [TEST_STEP][PASSED] - takeFullPageScreenshot(): Taking screenshot successfully

07-10-2024T22:53:52 - [MESSAGE][INFO] - 0 hidden object(s)

07-10-2024T22:53:52 - [MESSAGE][PASSED] - Taking screenshot successfully
[[ATTACHMENT|C:\\Users\\User\\git\\frameworks-regression-test-automation\\Reports\\20241007_225257\\CHC_Instance\\PointofSale_Module\\TS9_POS_Suspend_Resume_Sale_CHC\\20241007_225257\\1728302031457.png]]

07-10-2024T22:53:52 - [TEST_STEP][PASSED] - click(findTestObject("Object Repository/TS9_POS_Suspend_Resume_Sale_CHC/Page_Frameworks (Demo)/div_Actions")): Object: 'Object Repository/TS9_POS_Suspend_Resume_Sale_CHC/Page_Frameworks (Demo)/div_Actions' is clicked on

07-10-2024T22:53:53 - [MESSAGE][PASSED] - Object: 'Object Repository/TS9_POS_Suspend_Resume_Sale_CHC/Page_Frameworks (Demo)/div_Actions' is clicked on

07-10-2024T22:53:53 - [TEST_STEP][PASSED] - click(findTestObject("Object Repository/TS9_POS_Suspend_Resume_Sale_CHC/Page_Frameworks (Demo)/div_ResumeSale")): Object: 'Object Repository/TS9_POS_Suspend_Resume_Sale_CHC/Page_Frameworks (Demo)/div_ResumeSale' is clicked on

07-10-2024T22:53:53 - [MESSAGE][PASSED] - Object: 'Object Repository/TS9_POS_Suspend_Resume_Sale_CHC/Page_Frameworks (Demo)/div_ResumeSale' is clicked on

07-10-2024T22:53:53 - [TEST_STEP][PASSED] - setText(findTestObject("Object Repository/TS9_POS_Suspend_Resume_Sale_CHC/Page_Frameworks (Demo)/input_FromNumber"), invoiceNum): Text '13072744' is set on object 'Object Repository/TS9_POS_Suspend_Resume_Sale_CHC/Page_Frameworks (Demo)/input_FromNumber'

07-10-2024T22:53:55 - [MESSAGE][PASSED] - Text '13072744' is set on object 'Object Repository/TS9_POS_Suspend_Resume_Sale_CHC/Page_Frameworks (Demo)/input_FromNumber'

07-10-2024T22:53:55 - [TEST_STEP][PASSED] - setText(findTestObject("Object Repository/TS9_POS_Suspend_Resume_Sale_CHC/Page_Frameworks (Demo)/input_ToNumber"), invoiceNum): Text '13072744' is set on object 'Object Repository/TS9_POS_Suspend_Resume_Sale_CHC/Page_Frameworks (Demo)/input_ToNumber'

07-10-2024T22:53:56 - [MESSAGE][PASSED] - Text '13072744' is set on object 'Object Repository/TS9_POS_Suspend_Resume_Sale_CHC/Page_Frameworks (Demo)/input_ToNumber'

07-10-2024T22:53:56 - [TEST_STEP][PASSED] - click(findTestObject("Object Repository/TS9_POS_Suspend_Resume_Sale_CHC/Page_Frameworks (Demo)/img_Date_isc_N6")): Object: 'Object Repository/TS9_POS_Suspend_Resume_Sale_CHC/Page_Frameworks (Demo)/img_Date_isc_N6' is clicked on

07-10-2024T22:53:56 - [MESSAGE][PASSED] - Object: 'Object Repository/TS9_POS_Suspend_Resume_Sale_CHC/Page_Frameworks (Demo)/img_Date_isc_N6' is clicked on

07-10-2024T22:53:56 - [TEST_STEP][PASSED] - click(findTestObject("Object Repository/TS9_POS_Suspend_Resume_Sale_CHC/Page_Frameworks (Demo)/td_Today")): Object: 'Object Repository/TS9_POS_Suspend_Resume_Sale_CHC/Page_Frameworks (Demo)/td_Today' is clicked on

07-10-2024T22:53:57 - [MESSAGE][PASSED] - Object: 'Object Repository/TS9_POS_Suspend_Resume_Sale_CHC/Page_Frameworks (Demo)/td_Today' is clicked on

07-10-2024T22:53:57 - [TEST_STEP][PASSED] - delay(2): Delayed 2 second(s)

07-10-2024T22:53:59 - [MESSAGE][PASSED] - Delayed 2 second(s)

07-10-2024T22:53:59 - [TEST_STEP][PASSED] - takeFullPageScreenshot(): Taking screenshot successfully

07-10-2024T22:54:00 - [MESSAGE][INFO] - 0 hidden object(s)

07-10-2024T22:54:00 - [MESSAGE][PASSED] - Taking screenshot successfully
[[ATTACHMENT|C:\\Users\\User\\git\\frameworks-regression-test-automation\\Reports\\20241007_225257\\CHC_Instance\\PointofSale_Module\\TS9_POS_Suspend_Resume_Sale_CHC\\20241007_225257\\1728302039583.png]]

07-10-2024T22:54:00 - [TEST_STEP][PASSED] - click(findTestObject("Object Repository/TS9_POS_Suspend_Resume_Sale_CHC/Page_Frameworks (Demo)/td_Find")): Object: 'Object Repository/TS9_POS_Suspend_Resume_Sale_CHC/Page_Frameworks (Demo)/td_Find' is clicked on

07-10-2024T22:54:00 - [MESSAGE][PASSED] - Object: 'Object Repository/TS9_POS_Suspend_Resume_Sale_CHC/Page_Frameworks (Demo)/td_Find' is clicked on

07-10-2024T22:54:00 - [TEST_STEP][PASSED] - delay(2): Delayed 2 second(s)

07-10-2024T22:54:02 - [MESSAGE][PASSED] - Delayed 2 second(s)

07-10-2024T22:54:02 - [TEST_STEP][PASSED] - takeFullPageScreenshot(): Taking screenshot successfully

07-10-2024T22:54:02 - [MESSAGE][INFO] - 0 hidden object(s)

07-10-2024T22:54:03 - [MESSAGE][PASSED] - Taking screenshot successfully
[[ATTACHMENT|C:\\Users\\User\\git\\frameworks-regression-test-automation\\Reports\\20241007_225257\\CHC_Instance\\PointofSale_Module\\TS9_POS_Suspend_Resume_Sale_CHC\\20241007_225257\\1728302042478.png]]

07-10-2024T22:54:03 - [TEST_STEP][PASSED] - click(findTestObject("Object Repository/TS9_POS_Suspend_Resume_Sale_CHC/Page_Frameworks (Demo)/first_invoiceNumber_link")): Object: 'Object Repository/TS9_POS_Suspend_Resume_Sale_CHC/Page_Frameworks (Demo)/first_invoiceNumber_link' is clicked on

07-10-2024T22:54:03 - [MESSAGE][PASSED] - Object: 'Object Repository/TS9_POS_Suspend_Resume_Sale_CHC/Page_Frameworks (Demo)/first_invoiceNumber_link' is clicked on

07-10-2024T22:54:03 - [TEST_STEP][PASSED] - delay(2): Delayed 2 second(s)

07-10-2024T22:54:05 - [MESSAGE][PASSED] - Delayed 2 second(s)

07-10-2024T22:54:05 - [TEST_STEP][PASSED] - takeFullPageScreenshot(): Taking screenshot successfully

07-10-2024T22:54:05 - [MESSAGE][INFO] - 0 hidden object(s)

07-10-2024T22:54:06 - [MESSAGE][PASSED] - Taking screenshot successfully
[[ATTACHMENT|C:\\Users\\User\\git\\frameworks-regression-test-automation\\Reports\\20241007_225257\\CHC_Instance\\PointofSale_Module\\TS9_POS_Suspend_Resume_Sale_CHC\\20241007_225257\\1728302045565.png]]

07-10-2024T22:54:06 - [TEST_STEP][PASSED] - click(findTestObject("Object Repository/TS9_POS_Suspend_Resume_Sale_CHC/Page_Frameworks (Demo)/div_FinishSale (S)")): Object: 'Object Repository/TS9_POS_Suspend_Resume_Sale_CHC/Page_Frameworks (Demo)/div_FinishSale (S)' is clicked on

07-10-2024T22:54:06 - [MESSAGE][PASSED] - Object: 'Object Repository/TS9_POS_Suspend_Resume_Sale_CHC/Page_Frameworks (Demo)/div_FinishSale (S)' is clicked on

07-10-2024T22:54:06 - [TEST_STEP][PASSED] - click(findTestObject("Object Repository/TS9_POS_Suspend_Resume_Sale_CHC/Page_Frameworks (Demo)/img_Please Select_isc_13P")): Object: 'Object Repository/TS9_POS_Suspend_Resume_Sale_CHC/Page_Frameworks (Demo)/img_Please Select_isc_13P' is clicked on

07-10-2024T22:54:08 - [MESSAGE][PASSED] - Object: 'Object Repository/TS9_POS_Suspend_Resume_Sale_CHC/Page_Frameworks (Demo)/img_Please Select_isc_13P' is clicked on

07-10-2024T22:54:08 - [TEST_STEP][PASSED] - delay(2): Delayed 2 second(s)

07-10-2024T22:54:10 - [MESSAGE][PASSED] - Delayed 2 second(s)

07-10-2024T22:54:10 - [TEST_STEP][PASSED] - takeFullPageScreenshot(): Taking screenshot successfully

07-10-2024T22:54:11 - [MESSAGE][INFO] - 0 hidden object(s)

07-10-2024T22:54:11 - [MESSAGE][PASSED] - Taking screenshot successfully
[[ATTACHMENT|C:\\Users\\User\\git\\frameworks-regression-test-automation\\Reports\\20241007_225257\\CHC_Instance\\PointofSale_Module\\TS9_POS_Suspend_Resume_Sale_CHC\\20241007_225257\\1728302050617.png]]

07-10-2024T22:54:11 - [TEST_STEP][PASSED] - click(findTestObject("Object Repository/TS9_POS_Suspend_Resume_Sale_CHC/Page_Frameworks (Demo)/div_Cash")): Object: 'Object Repository/TS9_POS_Suspend_Resume_Sale_CHC/Page_Frameworks (Demo)/div_Cash' is clicked on

07-10-2024T22:54:11 - [MESSAGE][PASSED] - Object: 'Object Repository/TS9_POS_Suspend_Resume_Sale_CHC/Page_Frameworks (Demo)/div_Cash' is clicked on

07-10-2024T22:54:11 - [TEST_STEP][PASSED] - delay(2): Delayed 2 second(s)

07-10-2024T22:54:13 - [MESSAGE][PASSED] - Delayed 2 second(s)

07-10-2024T22:54:13 - [TEST_STEP][PASSED] - takeFullPageScreenshot(): Taking screenshot successfully

07-10-2024T22:54:13 - [MESSAGE][INFO] - 0 hidden object(s)

07-10-2024T22:54:13 - [MESSAGE][PASSED] - Taking screenshot successfully
[[ATTACHMENT|C:\\Users\\User\\git\\frameworks-regression-test-automation\\Reports\\20241007_225257\\CHC_Instance\\PointofSale_Module\\TS9_POS_Suspend_Resume_Sale_CHC\\20241007_225257\\1728302053433.png]]

07-10-2024T22:54:13 - [TEST_STEP][PASSED] - click(findTestObject("Object Repository/TS9_POS_Suspend_Resume_Sale_CHC/Page_Frameworks (Demo)/div_Pay")): Object: 'Object Repository/TS9_POS_Suspend_Resume_Sale_CHC/Page_Frameworks (Demo)/div_Pay' is clicked on

07-10-2024T22:54:14 - [MESSAGE][PASSED] - Object: 'Object Repository/TS9_POS_Suspend_Resume_Sale_CHC/Page_Frameworks (Demo)/div_Pay' is clicked on

07-10-2024T22:54:14 - [TEST_STEP][PASSED] - delay(2): Delayed 2 second(s)

07-10-2024T22:54:16 - [MESSAGE][PASSED] - Delayed 2 second(s)

07-10-2024T22:54:16 - [TEST_STEP][PASSED] - takeFullPageScreenshot(): Taking screenshot successfully

07-10-2024T22:54:16 - [MESSAGE][INFO] - 0 hidden object(s)

07-10-2024T22:54:16 - [MESSAGE][PASSED] - Taking screenshot successfully
[[ATTACHMENT|C:\\Users\\User\\git\\frameworks-regression-test-automation\\Reports\\20241007_225257\\CHC_Instance\\PointofSale_Module\\TS9_POS_Suspend_Resume_Sale_CHC\\20241007_225257\\1728302056322.png]]

07-10-2024T22:54:16 - [TEST_STEP][PASSED] - click(findTestObject("Object Repository/TS9_POS_Suspend_Resume_Sale_CHC/Page_Frameworks (Demo)/img_Accountdropd")): Object: 'Object Repository/TS9_POS_Suspend_Resume_Sale_CHC/Page_Frameworks (Demo)/img_Accountdropd' is clicked on

07-10-2024T22:54:17 - [MESSAGE][PASSED] - Object: 'Object Repository/TS9_POS_Suspend_Resume_Sale_CHC/Page_Frameworks (Demo)/img_Accountdropd' is clicked on

07-10-2024T22:54:17 - [TEST_STEP][PASSED] - click(findTestObject("Object Repository/TS9_POS_Suspend_Resume_Sale_CHC/Page_Frameworks (Demo)/div_Logout")): Object: 'Object Repository/TS9_POS_Suspend_Resume_Sale_CHC/Page_Frameworks (Demo)/div_Logout' is clicked on

07-10-2024T22:54:17 - [MESSAGE][PASSED] - Object: 'Object Repository/TS9_POS_Suspend_Resume_Sale_CHC/Page_Frameworks (Demo)/div_Logout' is clicked on]]></system-out>
         <system-err><![CDATA[]]></system-err>
      </testcase>
      <system-out><![CDATA[07-10-2024T22:53:04 - [TEST_SUITE][PASSED] - TS9_POS_Suspend_Resume_Sale_CHC: Test Cases/CHC_Instance/PointofSale_Module/TS9_POS_SuspendResume_Sale/POS_Resume_Sale_CHC]]></system-out>
      <system-err><![CDATA[]]></system-err>
   </testsuite>
</testsuites>
