<?xml version="1.0" encoding="UTF-8"?>
<testsuites name="TS1_SO_SalesOrder_Account_CHC" time="98.654" tests="2" failures="0" errors="0">
   <testsuite name="TS1_SO_SalesOrder_Account_CHC" tests="2" failures="0" errors="0" time="98.654" skipped="0" timestamp="17-09-2024T14:03:51" hostname="User - ROG" id="Test Suites/CHC_Instance/SalesOrders_Module/TS1_SO_SalesOrder_Account_CHC">
      <properties>
         <property name="deviceName" value=""/>
         <property name="devicePlatform"/>
         <property name="logFolder" value="C:\\Users\\User\\git\\frameworks-regression-test-automation\\Reports\\20240917_140345\\CHC_Instance\\SalesOrders_Module\\TS1_SO_SalesOrder_Account_CHC\\20240917_140345"/>
         <property name="logFiles" value="C:\\Users\\User\\git\\frameworks-regression-test-automation\\Reports\\20240917_140345\\CHC_Instance\\SalesOrders_Module\\TS1_SO_SalesOrder_Account_CHC\\20240917_140345\\execution0.log"/>
         <property name="attachments" value="C:\\Users\\User\\git\\frameworks-regression-test-automation\\Reports\\20240917_140345\\CHC_Instance\\SalesOrders_Module\\TS1_SO_SalesOrder_Account_CHC\\20240917_140345\\1726545866323.png, C:\\Users\\User\\git\\frameworks-regression-test-automation\\Reports\\20240917_140345\\CHC_Instance\\SalesOrders_Module\\TS1_SO_SalesOrder_Account_CHC\\20240917_140345\\1726545881124.png, C:\\Users\\User\\git\\frameworks-regression-test-automation\\Reports\\20240917_140345\\CHC_Instance\\SalesOrders_Module\\TS1_SO_SalesOrder_Account_CHC\\20240917_140345\\1726545882014.png, C:\\Users\\User\\git\\frameworks-regression-test-automation\\Reports\\20240917_140345\\CHC_Instance\\SalesOrders_Module\\TS1_SO_SalesOrder_Account_CHC\\20240917_140345\\1726545883579.png, C:\\Users\\User\\git\\frameworks-regression-test-automation\\Reports\\20240917_140345\\CHC_Instance\\SalesOrders_Module\\TS1_SO_SalesOrder_Account_CHC\\20240917_140345\\1726545884868.png, C:\\Users\\User\\git\\frameworks-regression-test-automation\\Reports\\20240917_140345\\CHC_Instance\\SalesOrders_Module\\TS1_SO_SalesOrder_Account_CHC\\20240917_140345\\1726545889911.png, C:\\Users\\User\\git\\frameworks-regression-test-automation\\Reports\\20240917_140345\\CHC_Instance\\SalesOrders_Module\\TS1_SO_SalesOrder_Account_CHC\\20240917_140345\\1726545895042.png, C:\\Users\\User\\git\\frameworks-regression-test-automation\\Reports\\20240917_140345\\CHC_Instance\\SalesOrders_Module\\TS1_SO_SalesOrder_Account_CHC\\20240917_140345\\1726545895961.png, C:\\Users\\User\\git\\frameworks-regression-test-automation\\Reports\\20240917_140345\\CHC_Instance\\SalesOrders_Module\\TS1_SO_SalesOrder_Account_CHC\\20240917_140345\\1726545897962.png, C:\\Users\\User\\git\\frameworks-regression-test-automation\\Reports\\20240917_140345\\CHC_Instance\\SalesOrders_Module\\TS1_SO_SalesOrder_Account_CHC\\20240917_140345\\1726545898853.png, C:\\Users\\User\\git\\frameworks-regression-test-automation\\Reports\\20240917_140345\\CHC_Instance\\SalesOrders_Module\\TS1_SO_SalesOrder_Account_CHC\\20240917_140345\\1726545899976.png, C:\\Users\\User\\git\\frameworks-regression-test-automation\\Reports\\20240917_140345\\CHC_Instance\\SalesOrders_Module\\TS1_SO_SalesOrder_Account_CHC\\20240917_140345\\1726545903133.png, C:\\Users\\User\\git\\frameworks-regression-test-automation\\Reports\\20240917_140345\\CHC_Instance\\SalesOrders_Module\\TS1_SO_SalesOrder_Account_CHC\\20240917_140345\\1726545904012.png, C:\\Users\\User\\git\\frameworks-regression-test-automation\\Reports\\20240917_140345\\CHC_Instance\\SalesOrders_Module\\TS1_SO_SalesOrder_Account_CHC\\20240917_140345\\1726545921006.png, C:\\Users\\User\\git\\frameworks-regression-test-automation\\Reports\\20240917_140345\\CHC_Instance\\SalesOrders_Module\\TS1_SO_SalesOrder_Account_CHC\\20240917_140345\\1726545924476.png, C:\\Users\\User\\git\\frameworks-regression-test-automation\\Reports\\20240917_140345\\CHC_Instance\\SalesOrders_Module\\TS1_SO_SalesOrder_Account_CHC\\20240917_140345\\1726545928216.png"/>
         <property name="hostName" value="User - ROG"/>
         <property name="os" value="Windows 11 64bit"/>
         <property name="katalonVersion" value="9.5.0.217"/>
         <property name="browser" value="Chrome 128.0.0.0"/>
         <property name="hostAddress" value="10.192.251.1"/>
         <property name="sessionId" value="d25e005274d9939e5f24f51bcdc5a0f6"/>
         <property name="seleniumVersion" value="3.141.59"/>
         <property name="proxyInformation" value="ProxyInformation { proxyOption=NO_PROXY, proxyServerType=HTTP, username=, password=********, proxyServerAddress=, proxyServerPort=0, executionList=&quot;&quot;, isApplyToDesiredCapabilities=true }"/>
         <property name="platform" value="Windows 11"/>
      </properties>
      <testcase name="Test Cases/CHC_Instance/SalesOrders_Module/TS1_SO_SalesOrder_Account/SO_Account_Sale_CHC" time="74.55" classname="Test Cases/CHC_Instance/SalesOrders_Module/TS1_SO_SalesOrder_Account/SO_Account_Sale_CHC" status="PASSED">
         <system-out><![CDATA[17-09-2024T14:03:51 - [TEST_CASE][PASSED] - Test Cases/CHC_Instance/SalesOrders_Module/TS1_SO_SalesOrder_Account/SO_Account_Sale_CHC: Test Cases/CHC_Instance/SalesOrders_Module/TS1_SO_SalesOrder_Account/SO_Account_Sale_CHC

17-09-2024T14:03:52 - [TEST_STEP][PASSED] - openBrowser(""): Browser is opened with url: ''

17-09-2024T14:03:52 - [MESSAGE][INFO] - Starting 'Chrome' driver

17-09-2024T14:03:52 - [MESSAGE][INFO] - Action delay is set to 0 milliseconds

17-09-2024T14:03:54 - [MESSAGE][PASSED] - Browser is opened with url: ''

17-09-2024T14:03:54 - [TEST_STEP][PASSED] - maximizeWindow(): Current window maximized

17-09-2024T14:03:54 - [MESSAGE][PASSED] - Current window maximized

17-09-2024T14:03:54 - [TEST_STEP][PASSED] - navigateToUrl("http://frameworks.cairnshardware.com.au:8080/FWDemo/Fluid.html#homeDashboard,dash,Frameworks.Activity.Menu.HomeDashBoard"): Navigate to 'http://frameworks.cairnshardware.com.au:8080/FWDemo/Fluid.html#homeDashboard,dash,Frameworks.Activity.Menu.HomeDashBoard' successfully

17-09-2024T14:03:57 - [MESSAGE][PASSED] - Navigate to 'http://frameworks.cairnshardware.com.au:8080/FWDemo/Fluid.html#homeDashboard,dash,Frameworks.Activity.Menu.HomeDashBoard' successfully

17-09-2024T14:03:57 - [TEST_STEP][PASSED] - delay(3): Delayed 3 second(s)

17-09-2024T14:04:00 - [MESSAGE][PASSED] - Delayed 3 second(s)

17-09-2024T14:04:00 - [TEST_STEP][PASSED] - setText(findTestObject("Object Repository/Sales_Orders_CHC/Page_Frameworks (Demo)/Page_Frameworks (Demo)/input_User ID_userid"), userName): Text 'manaki' is set on object 'Object Repository/Sales_Orders_CHC/Page_Frameworks (Demo)/Page_Frameworks (Demo)/input_User ID_userid'

17-09-2024T14:04:01 - [MESSAGE][PASSED] - Text 'manaki' is set on object 'Object Repository/Sales_Orders_CHC/Page_Frameworks (Demo)/Page_Frameworks (Demo)/input_User ID_userid'

17-09-2024T14:04:01 - [TEST_STEP][PASSED] - setEncryptedText(findTestObject("Object Repository/Sales_Orders_CHC/Page_Frameworks (Demo)/Page_Frameworks (Demo)/input_Password_password"), "BvRmjN+0xFM="): Text ****** has been set on object 'Object Repository/Sales_Orders_CHC/Page_Frameworks (Demo)/Page_Frameworks (Demo)/input_Password_password'

17-09-2024T14:04:01 - [MESSAGE][PASSED] - Text ****** has been set on object 'Object Repository/Sales_Orders_CHC/Page_Frameworks (Demo)/Page_Frameworks (Demo)/input_Password_password'

17-09-2024T14:04:01 - [TEST_STEP][PASSED] - click(findTestObject("Object Repository/Sales_Orders_CHC/Page_Frameworks (Demo)/Page_Frameworks (Demo)/div_Login")): Object: 'Object Repository/Sales_Orders_CHC/Page_Frameworks (Demo)/Page_Frameworks (Demo)/div_Login' is clicked on

17-09-2024T14:04:02 - [MESSAGE][PASSED] - Object: 'Object Repository/Sales_Orders_CHC/Page_Frameworks (Demo)/Page_Frameworks (Demo)/div_Login' is clicked on

17-09-2024T14:04:02 - [TEST_STEP][PASSED] - click(findTestObject("Object Repository/Sales_Orders_CHC/Page_Frameworks (Demo)/Fws_Menu")): Object: 'Object Repository/Sales_Orders_CHC/Page_Frameworks (Demo)/Fws_Menu' is clicked on

17-09-2024T14:04:03 - [MESSAGE][PASSED] - Object: 'Object Repository/Sales_Orders_CHC/Page_Frameworks (Demo)/Fws_Menu' is clicked on

17-09-2024T14:04:03 - [TEST_STEP][PASSED] - click(findTestObject("Object Repository/Sales_Orders_CHC/Page_Frameworks (Demo)/Sales_TransactionProcessing")): Object: 'Object Repository/Sales_Orders_CHC/Page_Frameworks (Demo)/Sales_TransactionProcessing' is clicked on

17-09-2024T14:04:04 - [MESSAGE][PASSED] - Object: 'Object Repository/Sales_Orders_CHC/Page_Frameworks (Demo)/Sales_TransactionProcessing' is clicked on

17-09-2024T14:04:04 - [TEST_STEP][PASSED] - click(findTestObject("Object Repository/Sales_Orders_CHC/Page_Frameworks (Demo)/td_Sales Orders")): Object: 'Object Repository/Sales_Orders_CHC/Page_Frameworks (Demo)/td_Sales Orders' is clicked on

17-09-2024T14:04:05 - [MESSAGE][PASSED] - Object: 'Object Repository/Sales_Orders_CHC/Page_Frameworks (Demo)/td_Sales Orders' is clicked on

17-09-2024T14:04:05 - [TEST_STEP][PASSED] - click(findTestObject("Object Repository/Sales_Orders_CHC/Page_Frameworks (Demo)/div_New")): Object: 'Object Repository/Sales_Orders_CHC/Page_Frameworks (Demo)/div_New' is clicked on

17-09-2024T14:04:07 - [MESSAGE][PASSED] - Object: 'Object Repository/Sales_Orders_CHC/Page_Frameworks (Demo)/div_New' is clicked on

17-09-2024T14:04:07 - [TEST_STEP][PASSED] - setText(findTestObject("Object Repository/Sales_Orders_CHC/Page_Frameworks (Demo)/input_Customer_idCustX"), "Lee Pearce"): Text 'Lee Pearce' is set on object 'Object Repository/Sales_Orders_CHC/Page_Frameworks (Demo)/input_Customer_idCustX'

17-09-2024T14:04:10 - [MESSAGE][PASSED] - Text 'Lee Pearce' is set on object 'Object Repository/Sales_Orders_CHC/Page_Frameworks (Demo)/input_Customer_idCustX'

17-09-2024T14:04:10 - [TEST_STEP][PASSED] - click(findTestObject("Object Repository/Sales_Orders_CHC/Page_Frameworks (Demo)/div_Lee Pearce (518451)")): Object: 'Object Repository/Sales_Orders_CHC/Page_Frameworks (Demo)/div_Lee Pearce (518451)' is clicked on

17-09-2024T14:04:11 - [MESSAGE][PASSED] - Object: 'Object Repository/Sales_Orders_CHC/Page_Frameworks (Demo)/div_Lee Pearce (518451)' is clicked on

17-09-2024T14:04:11 - [TEST_STEP][PASSED] - click(findTestObject("Object Repository/Sales_Orders_CHC/Page_Frameworks (Demo)/input_Cust Order_custOrderRef")): Object: 'Object Repository/Sales_Orders_CHC/Page_Frameworks (Demo)/input_Cust Order_custOrderRef' is clicked on

17-09-2024T14:04:12 - [MESSAGE][PASSED] - Object: 'Object Repository/Sales_Orders_CHC/Page_Frameworks (Demo)/input_Cust Order_custOrderRef' is clicked on

17-09-2024T14:04:12 - [TEST_STEP][PASSED] - delay(2): Delayed 2 second(s)

17-09-2024T14:04:14 - [MESSAGE][PASSED] - Delayed 2 second(s)

17-09-2024T14:04:14 - [TEST_STEP][PASSED] - click(findTestObject("Object Repository/Sales_Orders_CHC/Page_Frameworks (Demo)/td_Close (O)")): Object: 'Object Repository/Sales_Orders_CHC/Page_Frameworks (Demo)/td_Close (O)' is clicked on

17-09-2024T14:04:15 - [MESSAGE][PASSED] - Object: 'Object Repository/Sales_Orders_CHC/Page_Frameworks (Demo)/td_Close (O)' is clicked on

17-09-2024T14:04:15 - [TEST_STEP][PASSED] - click(findTestObject("Object Repository/Sales_Orders_CHC/Page_Frameworks (Demo)/Page_Frameworks (Demo)/img_Order Branch")): Object: 'Object Repository/Sales_Orders_CHC/Page_Frameworks (Demo)/Page_Frameworks (Demo)/img_Order Branch' is clicked on

17-09-2024T14:04:15 - [MESSAGE][PASSED] - Object: 'Object Repository/Sales_Orders_CHC/Page_Frameworks (Demo)/Page_Frameworks (Demo)/img_Order Branch' is clicked on

17-09-2024T14:04:15 - [TEST_STEP][PASSED] - click(findTestObject("Object Repository/Sales_Orders_CHC/Page_Frameworks (Demo)/Page_Frameworks (Demo)/div_510 - DEMONSTRATION BRANCH 510")): Object: 'Object Repository/Sales_Orders_CHC/Page_Frameworks (Demo)/Page_Frameworks (Demo)/div_510 - DEMONSTRATION BRANCH 510' is clicked on

17-09-2024T14:04:16 - [MESSAGE][PASSED] - Object: 'Object Repository/Sales_Orders_CHC/Page_Frameworks (Demo)/Page_Frameworks (Demo)/div_510 - DEMONSTRATION BRANCH 510' is clicked on

17-09-2024T14:04:16 - [TEST_STEP][PASSED] - click(findTestObject("Object Repository/Sales_Orders_CHC/Page_Frameworks (Demo)/img_Desp. Method_isc_12H")): Object: 'Object Repository/Sales_Orders_CHC/Page_Frameworks (Demo)/img_Desp. Method_isc_12H' is clicked on

17-09-2024T14:04:17 - [MESSAGE][PASSED] - Object: 'Object Repository/Sales_Orders_CHC/Page_Frameworks (Demo)/img_Desp. Method_isc_12H' is clicked on

17-09-2024T14:04:17 - [TEST_STEP][PASSED] - click(findTestObject("Object Repository/Sales_Orders_CHC/Page_Frameworks (Demo)/div_SUPP - Supplier Direct Delivery")): Object: 'Object Repository/Sales_Orders_CHC/Page_Frameworks (Demo)/div_SUPP - Supplier Direct Delivery' is clicked on

17-09-2024T14:04:18 - [MESSAGE][PASSED] - Object: 'Object Repository/Sales_Orders_CHC/Page_Frameworks (Demo)/div_SUPP - Supplier Direct Delivery' is clicked on

17-09-2024T14:04:18 - [TEST_STEP][PASSED] - click(findTestObject("Object Repository/Sales_Orders_CHC/Page_Frameworks (Demo)/img_Date Required_isc_12O")): Object: 'Object Repository/Sales_Orders_CHC/Page_Frameworks (Demo)/img_Date Required_isc_12O' is clicked on

17-09-2024T14:04:19 - [MESSAGE][PASSED] - Object: 'Object Repository/Sales_Orders_CHC/Page_Frameworks (Demo)/img_Date Required_isc_12O' is clicked on

17-09-2024T14:04:19 - [TEST_STEP][PASSED] - click(findTestObject("Object Repository/Sales_Orders_CHC/Page_Frameworks (Demo)/div_setDate")): Object: 'Object Repository/Sales_Orders_CHC/Page_Frameworks (Demo)/div_setDate' is clicked on

17-09-2024T14:04:19 - [MESSAGE][PASSED] - Object: 'Object Repository/Sales_Orders_CHC/Page_Frameworks (Demo)/div_setDate' is clicked on

17-09-2024T14:04:19 - [TEST_STEP][PASSED] - setText(findTestObject("Object Repository/Sales_Orders_CHC/Page_Frameworks (Demo)/input_Address_deliverToAddress2"), "154 Scott Street"): Text '154 Scott Street' is set on object 'Object Repository/Sales_Orders_CHC/Page_Frameworks (Demo)/input_Address_deliverToAddress2'

17-09-2024T14:04:20 - [MESSAGE][PASSED] - Text '154 Scott Street' is set on object 'Object Repository/Sales_Orders_CHC/Page_Frameworks (Demo)/input_Address_deliverToAddress2'

17-09-2024T14:04:20 - [TEST_STEP][PASSED] - setText(findTestObject("Object Repository/Sales_Orders_CHC/Page_Frameworks (Demo)/input_SuburbCity_deliverToAddress3"), "Cairns"): Text 'Cairns' is set on object 'Object Repository/Sales_Orders_CHC/Page_Frameworks (Demo)/input_SuburbCity_deliverToAddress3'

17-09-2024T14:04:21 - [MESSAGE][PASSED] - Text 'Cairns' is set on object 'Object Repository/Sales_Orders_CHC/Page_Frameworks (Demo)/input_SuburbCity_deliverToAddress3'

17-09-2024T14:04:21 - [TEST_STEP][PASSED] - click(findTestObject("Object Repository/Sales_Orders_CHC/Page_Frameworks (Demo)/img_State_isc_14Q")): Object: 'Object Repository/Sales_Orders_CHC/Page_Frameworks (Demo)/img_State_isc_14Q' is clicked on

17-09-2024T14:04:22 - [MESSAGE][PASSED] - Object: 'Object Repository/Sales_Orders_CHC/Page_Frameworks (Demo)/img_State_isc_14Q' is clicked on

17-09-2024T14:04:22 - [TEST_STEP][PASSED] - click(findTestObject("Object Repository/Sales_Orders_CHC/Page_Frameworks (Demo)/div_QLD - Queensland")): Object: 'Object Repository/Sales_Orders_CHC/Page_Frameworks (Demo)/div_QLD - Queensland' is clicked on

17-09-2024T14:04:23 - [MESSAGE][PASSED] - Object: 'Object Repository/Sales_Orders_CHC/Page_Frameworks (Demo)/div_QLD - Queensland' is clicked on

17-09-2024T14:04:23 - [TEST_STEP][PASSED] - setText(findTestObject("Object Repository/Sales_Orders_CHC/Page_Frameworks (Demo)/input_Post Code_postCodeShip"), "4870"): Text '4870' is set on object 'Object Repository/Sales_Orders_CHC/Page_Frameworks (Demo)/input_Post Code_postCodeShip'

17-09-2024T14:04:24 - [MESSAGE][PASSED] - Text '4870' is set on object 'Object Repository/Sales_Orders_CHC/Page_Frameworks (Demo)/input_Post Code_postCodeShip'

17-09-2024T14:04:24 - [TEST_STEP][PASSED] - scrollToElement(findTestObject("Object Repository/Sales_Orders_CHC/Page_Frameworks (Demo)/img_Delivery Area_isc_18U"), 2): Scroll to object 'Object Repository/Sales_Orders_CHC/Page_Frameworks (Demo)/img_Delivery Area_isc_18U' successfully

17-09-2024T14:04:24 - [MESSAGE][PASSED] - Scroll to object 'Object Repository/Sales_Orders_CHC/Page_Frameworks (Demo)/img_Delivery Area_isc_18U' successfully

17-09-2024T14:04:24 - [TEST_STEP][PASSED] - click(findTestObject("Object Repository/Sales_Orders_CHC/Page_Frameworks (Demo)/img_Delivery Area_isc_18U")): Object: 'Object Repository/Sales_Orders_CHC/Page_Frameworks (Demo)/img_Delivery Area_isc_18U' is clicked on

17-09-2024T14:04:25 - [MESSAGE][PASSED] - Object: 'Object Repository/Sales_Orders_CHC/Page_Frameworks (Demo)/img_Delivery Area_isc_18U' is clicked on

17-09-2024T14:04:25 - [TEST_STEP][PASSED] - click(findTestObject("Object Repository/Sales_Orders_CHC/Page_Frameworks (Demo)/a_Expo")): Object: 'Object Repository/Sales_Orders_CHC/Page_Frameworks (Demo)/a_Expo' is clicked on

17-09-2024T14:04:26 - [MESSAGE][PASSED] - Object: 'Object Repository/Sales_Orders_CHC/Page_Frameworks (Demo)/a_Expo' is clicked on

17-09-2024T14:04:26 - [TEST_STEP][PASSED] - takeFullPageScreenshot(): Taking screenshot successfully

17-09-2024T14:04:27 - [MESSAGE][INFO] - 0 hidden object(s)

17-09-2024T14:04:27 - [MESSAGE][PASSED] - Taking screenshot successfully
[[ATTACHMENT|C:\\Users\\User\\git\\frameworks-regression-test-automation\\Reports\\20240917_140345\\CHC_Instance\\SalesOrders_Module\\TS1_SO_SalesOrder_Account_CHC\\20240917_140345\\1726545866323.png]]

17-09-2024T14:04:27 - [TEST_STEP][PASSED] - click(findTestObject("Object Repository/Sales_Orders_CHC/Page_Frameworks (Demo)/td_Save (S)")): Object: 'Object Repository/Sales_Orders_CHC/Page_Frameworks (Demo)/td_Save (S)' is clicked on

17-09-2024T14:04:27 - [MESSAGE][PASSED] - Object: 'Object Repository/Sales_Orders_CHC/Page_Frameworks (Demo)/td_Save (S)' is clicked on

17-09-2024T14:04:27 - [TEST_STEP][PASSED] - delay(8): Delayed 8 second(s)

17-09-2024T14:04:35 - [MESSAGE][PASSED] - Delayed 8 second(s)

17-09-2024T14:04:36 - [TEST_STEP][PASSED] - salesorder_Number = getText(findTestObject("Object Repository/Sales_Orders_CHC/Page_Frameworks (Demo)/span_SOnumber")): Text of object 'Object Repository/Sales_Orders_CHC/Page_Frameworks (Demo)/span_SOnumber' is: 'SO 22034290/0'

17-09-2024T14:04:36 - [MESSAGE][PASSED] - Text of object 'Object Repository/Sales_Orders_CHC/Page_Frameworks (Demo)/span_SOnumber' is: 'SO 22034290/0'

17-09-2024T14:04:36 - [TEST_STEP][PASSED] - setText(findTestObject("Object Repository/Sales_Orders_CHC/Page_Frameworks (Demo)/input_P_idProd"), "5155103"): Text '5155103' is set on object 'Object Repository/Sales_Orders_CHC/Page_Frameworks (Demo)/input_P_idProd'

17-09-2024T14:04:37 - [MESSAGE][PASSED] - Text '5155103' is set on object 'Object Repository/Sales_Orders_CHC/Page_Frameworks (Demo)/input_P_idProd'

17-09-2024T14:04:37 - [TEST_STEP][PASSED] - click(findTestObject("Object Repository/Sales_Orders_CHC/Page_Frameworks (Demo)/input_Quantity_qtyTran"), STOP_ON_FAILURE): Object: 'Object Repository/Sales_Orders_CHC/Page_Frameworks (Demo)/input_Quantity_qtyTran' is clicked on

17-09-2024T14:04:37 - [MESSAGE][PASSED] - Object: 'Object Repository/Sales_Orders_CHC/Page_Frameworks (Demo)/input_Quantity_qtyTran' is clicked on

17-09-2024T14:04:37 - [TEST_STEP][PASSED] - delay(3): Delayed 3 second(s)

17-09-2024T14:04:40 - [MESSAGE][PASSED] - Delayed 3 second(s)

17-09-2024T14:04:40 - [TEST_STEP][PASSED] - setText(findTestObject("Object Repository/Sales_Orders_CHC/Page_Frameworks (Demo)/input_Tally_tallyText"), "1/3"): Text '1/3' is set on object 'Object Repository/Sales_Orders_CHC/Page_Frameworks (Demo)/input_Tally_tallyText'

17-09-2024T14:04:41 - [MESSAGE][PASSED] - Text '1/3' is set on object 'Object Repository/Sales_Orders_CHC/Page_Frameworks (Demo)/input_Tally_tallyText'

17-09-2024T14:04:41 - [TEST_STEP][PASSED] - takeFullPageScreenshot(): Taking screenshot successfully

17-09-2024T14:04:41 - [MESSAGE][INFO] - 0 hidden object(s)

17-09-2024T14:04:41 - [MESSAGE][PASSED] - Taking screenshot successfully
[[ATTACHMENT|C:\\Users\\User\\git\\frameworks-regression-test-automation\\Reports\\20240917_140345\\CHC_Instance\\SalesOrders_Module\\TS1_SO_SalesOrder_Account_CHC\\20240917_140345\\1726545881124.png]]

17-09-2024T14:04:41 - [TEST_STEP][PASSED] - click(findTestObject("Object Repository/Sales_Orders_CHC/Page_Frameworks (Demo)/img_add")): Object: 'Object Repository/Sales_Orders_CHC/Page_Frameworks (Demo)/img_add' is clicked on

17-09-2024T14:04:42 - [MESSAGE][PASSED] - Object: 'Object Repository/Sales_Orders_CHC/Page_Frameworks (Demo)/img_add' is clicked on

17-09-2024T14:04:42 - [TEST_STEP][PASSED] - takeFullPageScreenshot(): Taking screenshot successfully

17-09-2024T14:04:42 - [MESSAGE][INFO] - 0 hidden object(s)

17-09-2024T14:04:42 - [MESSAGE][PASSED] - Taking screenshot successfully
[[ATTACHMENT|C:\\Users\\User\\git\\frameworks-regression-test-automation\\Reports\\20240917_140345\\CHC_Instance\\SalesOrders_Module\\TS1_SO_SalesOrder_Account_CHC\\20240917_140345\\1726545882014.png]]

17-09-2024T14:04:42 - [TEST_STEP][PASSED] - click(findTestObject("Object Repository/Sales_Orders_CHC/Page_Frameworks (Demo)/div_Actions")): Object: 'Object Repository/Sales_Orders_CHC/Page_Frameworks (Demo)/div_Actions' is clicked on

17-09-2024T14:04:43 - [MESSAGE][PASSED] - Object: 'Object Repository/Sales_Orders_CHC/Page_Frameworks (Demo)/div_Actions' is clicked on

17-09-2024T14:04:43 - [TEST_STEP][PASSED] - takeFullPageScreenshot(): Taking screenshot successfully

17-09-2024T14:04:44 - [MESSAGE][INFO] - 0 hidden object(s)

17-09-2024T14:04:44 - [MESSAGE][PASSED] - Taking screenshot successfully
[[ATTACHMENT|C:\\Users\\User\\git\\frameworks-regression-test-automation\\Reports\\20240917_140345\\CHC_Instance\\SalesOrders_Module\\TS1_SO_SalesOrder_Account_CHC\\20240917_140345\\1726545883579.png]]

17-09-2024T14:04:44 - [TEST_STEP][PASSED] - click(findTestObject("Object Repository/Sales_Orders_CHC/Page_Frameworks (Demo)/div_Save Order")): Object: 'Object Repository/Sales_Orders_CHC/Page_Frameworks (Demo)/div_Save Order' is clicked on

17-09-2024T14:04:44 - [MESSAGE][PASSED] - Object: 'Object Repository/Sales_Orders_CHC/Page_Frameworks (Demo)/div_Save Order' is clicked on

17-09-2024T14:04:44 - [TEST_STEP][PASSED] - takeFullPageScreenshot(): Taking screenshot successfully

17-09-2024T14:04:45 - [MESSAGE][INFO] - 0 hidden object(s)

17-09-2024T14:04:45 - [MESSAGE][PASSED] - Taking screenshot successfully
[[ATTACHMENT|C:\\Users\\User\\git\\frameworks-regression-test-automation\\Reports\\20240917_140345\\CHC_Instance\\SalesOrders_Module\\TS1_SO_SalesOrder_Account_CHC\\20240917_140345\\1726545884868.png]]

17-09-2024T14:04:45 - [TEST_STEP][PASSED] - delay(3): Delayed 3 second(s)

17-09-2024T14:04:48 - [MESSAGE][PASSED] - Delayed 3 second(s)

17-09-2024T14:04:48 - [TEST_STEP][PASSED] - click(findTestObject("Object Repository/Sales_Orders_CHC/Page_Frameworks (Demo)/div_Actions")): Object: 'Object Repository/Sales_Orders_CHC/Page_Frameworks (Demo)/div_Actions' is clicked on

17-09-2024T14:04:49 - [MESSAGE][PASSED] - Object: 'Object Repository/Sales_Orders_CHC/Page_Frameworks (Demo)/div_Actions' is clicked on

17-09-2024T14:04:49 - [TEST_STEP][PASSED] - click(findTestObject("Object Repository/Sales_Orders_CHC/Page_Frameworks (Demo)/div_Mark as Entry Complete")): Object: 'Object Repository/Sales_Orders_CHC/Page_Frameworks (Demo)/div_Mark as Entry Complete' is clicked on

17-09-2024T14:04:49 - [MESSAGE][PASSED] - Object: 'Object Repository/Sales_Orders_CHC/Page_Frameworks (Demo)/div_Mark as Entry Complete' is clicked on

17-09-2024T14:04:49 - [TEST_STEP][PASSED] - takeFullPageScreenshot(): Taking screenshot successfully

17-09-2024T14:04:50 - [MESSAGE][INFO] - 0 hidden object(s)

17-09-2024T14:04:50 - [MESSAGE][PASSED] - Taking screenshot successfully
[[ATTACHMENT|C:\\Users\\User\\git\\frameworks-regression-test-automation\\Reports\\20240917_140345\\CHC_Instance\\SalesOrders_Module\\TS1_SO_SalesOrder_Account_CHC\\20240917_140345\\1726545889911.png]]

17-09-2024T14:04:50 - [TEST_STEP][PASSED] - click(findTestObject("Object Repository/Sales_Orders_CHC/Page_Frameworks (Demo)/img_Save_icon")): Object: 'Object Repository/Sales_Orders_CHC/Page_Frameworks (Demo)/img_Save_icon' is clicked on

17-09-2024T14:04:53 - [MESSAGE][PASSED] - Object: 'Object Repository/Sales_Orders_CHC/Page_Frameworks (Demo)/img_Save_icon' is clicked on

17-09-2024T14:04:53 - [TEST_STEP][PASSED] - click(findTestObject("Object Repository/Sales_Orders_CHC/Page_Frameworks (Demo)/div_Actions")): Object: 'Object Repository/Sales_Orders_CHC/Page_Frameworks (Demo)/div_Actions' is clicked on

17-09-2024T14:04:55 - [MESSAGE][PASSED] - Object: 'Object Repository/Sales_Orders_CHC/Page_Frameworks (Demo)/div_Actions' is clicked on

17-09-2024T14:04:55 - [TEST_STEP][PASSED] - takeFullPageScreenshot(): Taking screenshot successfully

17-09-2024T14:04:55 - [MESSAGE][INFO] - 0 hidden object(s)

17-09-2024T14:04:55 - [MESSAGE][PASSED] - Taking screenshot successfully
[[ATTACHMENT|C:\\Users\\User\\git\\frameworks-regression-test-automation\\Reports\\20240917_140345\\CHC_Instance\\SalesOrders_Module\\TS1_SO_SalesOrder_Account_CHC\\20240917_140345\\1726545895042.png]]

17-09-2024T14:04:55 - [TEST_STEP][PASSED] - click(findTestObject("Object Repository/Sales_Orders_CHC/Page_Frameworks (Demo)/div_Pick  Release")): Object: 'Object Repository/Sales_Orders_CHC/Page_Frameworks (Demo)/div_Pick  Release' is clicked on

17-09-2024T14:04:55 - [MESSAGE][PASSED] - Object: 'Object Repository/Sales_Orders_CHC/Page_Frameworks (Demo)/div_Pick  Release' is clicked on

17-09-2024T14:04:55 - [TEST_STEP][PASSED] - takeFullPageScreenshot(): Taking screenshot successfully

17-09-2024T14:04:56 - [MESSAGE][INFO] - 0 hidden object(s)

17-09-2024T14:04:56 - [MESSAGE][PASSED] - Taking screenshot successfully
[[ATTACHMENT|C:\\Users\\User\\git\\frameworks-regression-test-automation\\Reports\\20240917_140345\\CHC_Instance\\SalesOrders_Module\\TS1_SO_SalesOrder_Account_CHC\\20240917_140345\\1726545895961.png]]

17-09-2024T14:04:56 - [TEST_STEP][PASSED] - click(findTestObject("Object Repository/Sales_Orders_CHC/Page_Frameworks (Demo)/div_Pick All")): Object: 'Object Repository/Sales_Orders_CHC/Page_Frameworks (Demo)/div_Pick All' is clicked on

17-09-2024T14:04:57 - [MESSAGE][PASSED] - Object: 'Object Repository/Sales_Orders_CHC/Page_Frameworks (Demo)/div_Pick All' is clicked on

17-09-2024T14:04:57 - [TEST_STEP][PASSED] - takeFullPageScreenshot(): Taking screenshot successfully

17-09-2024T14:04:58 - [MESSAGE][INFO] - 0 hidden object(s)

17-09-2024T14:04:58 - [MESSAGE][PASSED] - Taking screenshot successfully
[[ATTACHMENT|C:\\Users\\User\\git\\frameworks-regression-test-automation\\Reports\\20240917_140345\\CHC_Instance\\SalesOrders_Module\\TS1_SO_SalesOrder_Account_CHC\\20240917_140345\\1726545897962.png]]

17-09-2024T14:04:58 - [TEST_STEP][PASSED] - click(findTestObject("Object Repository/Sales_Orders_CHC/Page_Frameworks (Demo)/div_Complete Picking")): Object: 'Object Repository/Sales_Orders_CHC/Page_Frameworks (Demo)/div_Complete Picking' is clicked on

17-09-2024T14:04:58 - [MESSAGE][PASSED] - Object: 'Object Repository/Sales_Orders_CHC/Page_Frameworks (Demo)/div_Complete Picking' is clicked on

17-09-2024T14:04:58 - [TEST_STEP][PASSED] - takeFullPageScreenshot(): Taking screenshot successfully

17-09-2024T14:04:59 - [MESSAGE][INFO] - 0 hidden object(s)

17-09-2024T14:04:59 - [MESSAGE][PASSED] - Taking screenshot successfully
[[ATTACHMENT|C:\\Users\\User\\git\\frameworks-regression-test-automation\\Reports\\20240917_140345\\CHC_Instance\\SalesOrders_Module\\TS1_SO_SalesOrder_Account_CHC\\20240917_140345\\1726545898853.png]]

17-09-2024T14:04:59 - [TEST_STEP][PASSED] - click(findTestObject("Object Repository/Sales_Orders_CHC/Page_Frameworks (Demo)/div_Release Order")): Object: 'Object Repository/Sales_Orders_CHC/Page_Frameworks (Demo)/div_Release Order' is clicked on

17-09-2024T14:04:59 - [MESSAGE][PASSED] - Object: 'Object Repository/Sales_Orders_CHC/Page_Frameworks (Demo)/div_Release Order' is clicked on

17-09-2024T14:04:59 - [TEST_STEP][PASSED] - takeFullPageScreenshot(): Taking screenshot successfully

17-09-2024T14:05:00 - [MESSAGE][INFO] - 0 hidden object(s)

17-09-2024T14:05:00 - [MESSAGE][PASSED] - Taking screenshot successfully
[[ATTACHMENT|C:\\Users\\User\\git\\frameworks-regression-test-automation\\Reports\\20240917_140345\\CHC_Instance\\SalesOrders_Module\\TS1_SO_SalesOrder_Account_CHC\\20240917_140345\\1726545899976.png]]

17-09-2024T14:05:00 - [TEST_STEP][PASSED] - click(findTestObject("Object Repository/Sales_Orders_CHC/Page_Frameworks (Demo)/div_Print Delivery Docket_isc_2P4")): Object: 'Object Repository/Sales_Orders_CHC/Page_Frameworks (Demo)/div_Print Delivery Docket_isc_2P4' is clicked on

17-09-2024T14:05:01 - [MESSAGE][PASSED] - Object: 'Object Repository/Sales_Orders_CHC/Page_Frameworks (Demo)/div_Print Delivery Docket_isc_2P4' is clicked on

17-09-2024T14:05:01 - [TEST_STEP][PASSED] - delay(2): Delayed 2 second(s)

17-09-2024T14:05:03 - [MESSAGE][PASSED] - Delayed 2 second(s)

17-09-2024T14:05:03 - [TEST_STEP][PASSED] - takeFullPageScreenshot(): Taking screenshot successfully

17-09-2024T14:05:03 - [MESSAGE][INFO] - 0 hidden object(s)

17-09-2024T14:05:03 - [MESSAGE][PASSED] - Taking screenshot successfully
[[ATTACHMENT|C:\\Users\\User\\git\\frameworks-regression-test-automation\\Reports\\20240917_140345\\CHC_Instance\\SalesOrders_Module\\TS1_SO_SalesOrder_Account_CHC\\20240917_140345\\1726545903133.png]]

17-09-2024T14:05:03 - [TEST_STEP][PASSED] - click(findTestObject("Object Repository/Sales_Orders_CHC/Page_Frameworks (Demo)/td_Release (S)")): Object: 'Object Repository/Sales_Orders_CHC/Page_Frameworks (Demo)/td_Release (S)' is clicked on

17-09-2024T14:05:04 - [MESSAGE][PASSED] - Object: 'Object Repository/Sales_Orders_CHC/Page_Frameworks (Demo)/td_Release (S)' is clicked on

17-09-2024T14:05:04 - [TEST_STEP][PASSED] - takeFullPageScreenshot(): Taking screenshot successfully

17-09-2024T14:05:04 - [MESSAGE][INFO] - 0 hidden object(s)

17-09-2024T14:05:04 - [MESSAGE][PASSED] - Taking screenshot successfully
[[ATTACHMENT|C:\\Users\\User\\git\\frameworks-regression-test-automation\\Reports\\20240917_140345\\CHC_Instance\\SalesOrders_Module\\TS1_SO_SalesOrder_Account_CHC\\20240917_140345\\1726545904012.png]]

17-09-2024T14:05:04 - [TEST_STEP][PASSED] - println(salesorder_Number): null

17-09-2024T14:05:04 - [TEST_STEP][PASSED] - salesorder_Number = salesorder_Number.replace("SO ", ""): null

17-09-2024T14:05:04 - [TEST_STEP][PASSED] - salesorder_Number = salesorder_Number.replace("/0", ""): null

17-09-2024T14:05:04 - [TEST_STEP][PASSED] - println(salesorder_Number): null

17-09-2024T14:05:04 - [TEST_STEP][PASSED] - sourceFile = new java.io.FileInputStream(ExcelFile): null

17-09-2024T14:05:04 - [TEST_STEP][PASSED] - workbook = new org.apache.poi.xssf.usermodel.XSSFWorkbook(sourceFile): null

17-09-2024T14:05:05 - [TEST_STEP][PASSED] - sheet = workbook.getSheet("Sheet1"): null

17-09-2024T14:05:05 - [TEST_STEP][PASSED] - row = sheet.getRow(0): null

17-09-2024T14:05:05 - [TEST_STEP][PASSED] - cell = row.getCell(1): null

17-09-2024T14:05:05 - [TEST_STEP][PASSED] - row = sheet.createRow(1): null

17-09-2024T14:05:05 - [TEST_STEP][PASSED] - cell = row.createCell(0): null

17-09-2024T14:05:05 - [TEST_STEP][PASSED] - cell.setCellValue("SalesOrderNumber"): null

17-09-2024T14:05:05 - [TEST_STEP][PASSED] - cell = row.createCell(1): null

17-09-2024T14:05:05 - [TEST_STEP][PASSED] - cell.setCellValue(salesorder_Number): null

17-09-2024T14:05:05 - [TEST_STEP][PASSED] - fos = new java.io.FileOutputStream(ExcelFile): null

17-09-2024T14:05:05 - [TEST_STEP][PASSED] - workbook.write(fos): null

17-09-2024T14:05:05 - [TEST_STEP][PASSED] - fos.close(): null

17-09-2024T14:05:05 - [TEST_STEP][PASSED] - sourceFile.close(): null

17-09-2024T14:05:05 - [TEST_STEP][PASSED] - click(findTestObject("Object Repository/Create_PurchaseOrder_CHC/Page_Frameworks (Demo)/img_Accountdropd")): Object: 'Object Repository/Create_PurchaseOrder_CHC/Page_Frameworks (Demo)/img_Accountdropd' is clicked on

17-09-2024T14:05:05 - [MESSAGE][PASSED] - Object: 'Object Repository/Create_PurchaseOrder_CHC/Page_Frameworks (Demo)/img_Accountdropd' is clicked on

17-09-2024T14:05:05 - [TEST_STEP][PASSED] - click(findTestObject("Object Repository/Create_PurchaseOrder_CHC/Page_Frameworks (Demo)/div_Logout")): Object: 'Object Repository/Create_PurchaseOrder_CHC/Page_Frameworks (Demo)/div_Logout' is clicked on

17-09-2024T14:05:06 - [MESSAGE][PASSED] - Object: 'Object Repository/Create_PurchaseOrder_CHC/Page_Frameworks (Demo)/div_Logout' is clicked on]]></system-out>
         <system-err><![CDATA[]]></system-err>
      </testcase>
      <testcase name="Test Cases/CHC_Instance/SalesOrders_Module/TS1_SO_SalesOrder_Account/SO_AS_Validate_CHC" time="23.918" classname="Test Cases/CHC_Instance/SalesOrders_Module/TS1_SO_SalesOrder_Account/SO_AS_Validate_CHC" status="PASSED">
         <system-out><![CDATA[17-09-2024T14:05:06 - [TEST_CASE][PASSED] - Test Cases/CHC_Instance/SalesOrders_Module/TS1_SO_SalesOrder_Account/SO_AS_Validate_CHC: Test Cases/CHC_Instance/SalesOrders_Module/TS1_SO_SalesOrder_Account/SO_AS_Validate_CHC

17-09-2024T14:05:06 - [TEST_STEP][PASSED] - sourceFile = new java.io.FileInputStream(ExcelFile): null

17-09-2024T14:05:06 - [TEST_STEP][PASSED] - workbook = new org.apache.poi.xssf.usermodel.XSSFWorkbook(sourceFile): null

17-09-2024T14:05:06 - [TEST_STEP][PASSED] - sheet = workbook.getSheet("Sheet1"): null

17-09-2024T14:05:06 - [TEST_STEP][PASSED] - row = sheet.getRow(1): null

17-09-2024T14:05:06 - [TEST_STEP][PASSED] - cell = row.getCell(1): null

17-09-2024T14:05:06 - [TEST_STEP][PASSED] - salesorder_Number = cell.getStringCellValue(): null

17-09-2024T14:05:06 - [TEST_STEP][PASSED] - println(salesorder_Number): null

17-09-2024T14:05:06 - [TEST_STEP][PASSED] - sourceFile.close(): null

17-09-2024T14:05:06 - [TEST_STEP][PASSED] - openBrowser(""): Browser is opened with url: ''

17-09-2024T14:05:06 - [MESSAGE][WARNING] - A browser is already opened. Closing browser and opening a new one

17-09-2024T14:05:07 - [MESSAGE][INFO] - Starting 'Chrome' driver

17-09-2024T14:05:07 - [MESSAGE][INFO] - Action delay is set to 0 milliseconds

17-09-2024T14:05:07 - [MESSAGE][PASSED] - Browser is opened with url: ''

17-09-2024T14:05:07 - [TEST_STEP][PASSED] - maximizeWindow(): Current window maximized

17-09-2024T14:05:07 - [MESSAGE][PASSED] - Current window maximized

17-09-2024T14:05:07 - [TEST_STEP][PASSED] - navigateToUrl("http://frameworks.cairnshardware.com.au:8080/FWDemo/Fluid.html#homeDashboard,dash,Frameworks.Activity.Menu.HomeDashBoard"): Navigate to 'http://frameworks.cairnshardware.com.au:8080/FWDemo/Fluid.html#homeDashboard,dash,Frameworks.Activity.Menu.HomeDashBoard' successfully

17-09-2024T14:05:12 - [MESSAGE][PASSED] - Navigate to 'http://frameworks.cairnshardware.com.au:8080/FWDemo/Fluid.html#homeDashboard,dash,Frameworks.Activity.Menu.HomeDashBoard' successfully

17-09-2024T14:05:12 - [TEST_STEP][PASSED] - setText(findTestObject("Object Repository/POS_AccountSale_CHC/Page_Frameworks (Demo)/input_User ID_userid"), userName): Text 'manaki' is set on object 'Object Repository/POS_AccountSale_CHC/Page_Frameworks (Demo)/input_User ID_userid'

17-09-2024T14:05:14 - [MESSAGE][PASSED] - Text 'manaki' is set on object 'Object Repository/POS_AccountSale_CHC/Page_Frameworks (Demo)/input_User ID_userid'

17-09-2024T14:05:14 - [TEST_STEP][PASSED] - setEncryptedText(findTestObject("Object Repository/POS_AccountSale_CHC/Page_Frameworks (Demo)/input_Password_password"), "BvRmjN+0xFM="): Text ****** has been set on object 'Object Repository/POS_AccountSale_CHC/Page_Frameworks (Demo)/input_Password_password'

17-09-2024T14:05:15 - [MESSAGE][PASSED] - Text ****** has been set on object 'Object Repository/POS_AccountSale_CHC/Page_Frameworks (Demo)/input_Password_password'

17-09-2024T14:05:15 - [TEST_STEP][PASSED] - click(findTestObject("Object Repository/POS_AccountSale_CHC/Page_Frameworks (Demo)/div_Login")): Object: 'Object Repository/POS_AccountSale_CHC/Page_Frameworks (Demo)/div_Login' is clicked on

17-09-2024T14:05:15 - [MESSAGE][PASSED] - Object: 'Object Repository/POS_AccountSale_CHC/Page_Frameworks (Demo)/div_Login' is clicked on

17-09-2024T14:05:15 - [TEST_STEP][PASSED] - click(findTestObject("Object Repository/POS_AccountSale_CHC/Page_Frameworks (Demo)/Page_Frameworks (Demo)/img_CustomerDashboard")): Object: 'Object Repository/POS_AccountSale_CHC/Page_Frameworks (Demo)/Page_Frameworks (Demo)/img_CustomerDashboard' is clicked on

17-09-2024T14:05:17 - [MESSAGE][PASSED] - Object: 'Object Repository/POS_AccountSale_CHC/Page_Frameworks (Demo)/Page_Frameworks (Demo)/img_CustomerDashboard' is clicked on

17-09-2024T14:05:17 - [TEST_STEP][PASSED] - setText(findTestObject("Object Repository/POS_AccountSale_CHC/Page_Frameworks (Demo)/Page_Frameworks (Demo)/input_Customer No_CustId"), "518451"): Text '518451' is set on object 'Object Repository/POS_AccountSale_CHC/Page_Frameworks (Demo)/Page_Frameworks (Demo)/input_Customer No_CustId'

17-09-2024T14:05:18 - [MESSAGE][PASSED] - Text '518451' is set on object 'Object Repository/POS_AccountSale_CHC/Page_Frameworks (Demo)/Page_Frameworks (Demo)/input_Customer No_CustId'

17-09-2024T14:05:18 - [TEST_STEP][PASSED] - click(findTestObject("Object Repository/POS_AccountSale_CHC/Page_Frameworks (Demo)/Page_Frameworks (Demo)/td_Find")): Object: 'Object Repository/POS_AccountSale_CHC/Page_Frameworks (Demo)/Page_Frameworks (Demo)/td_Find' is clicked on

17-09-2024T14:05:18 - [MESSAGE][PASSED] - Object: 'Object Repository/POS_AccountSale_CHC/Page_Frameworks (Demo)/Page_Frameworks (Demo)/td_Find' is clicked on

17-09-2024T14:05:18 - [TEST_STEP][PASSED] - delay(2): Delayed 2 second(s)

17-09-2024T14:05:21 - [MESSAGE][PASSED] - Delayed 2 second(s)

17-09-2024T14:05:21 - [TEST_STEP][PASSED] - takeFullPageScreenshot(): Taking screenshot successfully

17-09-2024T14:05:21 - [MESSAGE][INFO] - 0 hidden object(s)

17-09-2024T14:05:21 - [MESSAGE][PASSED] - Taking screenshot successfully
[[ATTACHMENT|C:\\Users\\User\\git\\frameworks-regression-test-automation\\Reports\\20240917_140345\\CHC_Instance\\SalesOrders_Module\\TS1_SO_SalesOrder_Account_CHC\\20240917_140345\\1726545921006.png]]

17-09-2024T14:05:21 - [TEST_STEP][PASSED] - click(findTestObject("Object Repository/POS_AccountSale_CHC/Page_Frameworks (Demo)/Page_Frameworks (Demo)/div_Invoices, Orders, Quotes, Projects  Jobs")): Object: 'Object Repository/POS_AccountSale_CHC/Page_Frameworks (Demo)/Page_Frameworks (Demo)/div_Invoices, Orders, Quotes, Projects  Jobs' is clicked on

17-09-2024T14:05:22 - [MESSAGE][PASSED] - Object: 'Object Repository/POS_AccountSale_CHC/Page_Frameworks (Demo)/Page_Frameworks (Demo)/div_Invoices, Orders, Quotes, Projects  Jobs' is clicked on

17-09-2024T14:05:22 - [TEST_STEP][PASSED] - delay(2): Delayed 2 second(s)

17-09-2024T14:05:24 - [MESSAGE][PASSED] - Delayed 2 second(s)

17-09-2024T14:05:24 - [TEST_STEP][PASSED] - takeFullPageScreenshot(): Taking screenshot successfully

17-09-2024T14:05:24 - [MESSAGE][INFO] - 0 hidden object(s)

17-09-2024T14:05:25 - [MESSAGE][PASSED] - Taking screenshot successfully
[[ATTACHMENT|C:\\Users\\User\\git\\frameworks-regression-test-automation\\Reports\\20240917_140345\\CHC_Instance\\SalesOrders_Module\\TS1_SO_SalesOrder_Account_CHC\\20240917_140345\\1726545924476.png]]

17-09-2024T14:05:25 - [TEST_STEP][PASSED] - click(findTestObject("Object Repository/Sales_Orders/New_Interface/Page_Frameworks (Demo)/div_Number")): Object: 'Object Repository/Sales_Orders/New_Interface/Page_Frameworks (Demo)/div_Number' is clicked on

17-09-2024T14:05:25 - [MESSAGE][PASSED] - Object: 'Object Repository/Sales_Orders/New_Interface/Page_Frameworks (Demo)/div_Number' is clicked on

17-09-2024T14:05:25 - [TEST_STEP][PASSED] - click(findTestObject("Object Repository/Sales_Orders/New_Interface/Page_Frameworks (Demo)/div_Number")): Object: 'Object Repository/Sales_Orders/New_Interface/Page_Frameworks (Demo)/div_Number' is clicked on

17-09-2024T14:05:26 - [MESSAGE][PASSED] - Object: 'Object Repository/Sales_Orders/New_Interface/Page_Frameworks (Demo)/div_Number' is clicked on

17-09-2024T14:05:26 - [TEST_STEP][PASSED] - delay(2): Delayed 2 second(s)

17-09-2024T14:05:28 - [MESSAGE][PASSED] - Delayed 2 second(s)

17-09-2024T14:05:28 - [TEST_STEP][PASSED] - takeFullPageScreenshot(): Taking screenshot successfully

17-09-2024T14:05:28 - [MESSAGE][INFO] - 0 hidden object(s)

17-09-2024T14:05:28 - [MESSAGE][PASSED] - Taking screenshot successfully
[[ATTACHMENT|C:\\Users\\User\\git\\frameworks-regression-test-automation\\Reports\\20240917_140345\\CHC_Instance\\SalesOrders_Module\\TS1_SO_SalesOrder_Account_CHC\\20240917_140345\\1726545928216.png]]

17-09-2024T14:05:28 - [TEST_STEP][PASSED] - verifyTextPresent(salesorder_Number, false): Text '22034290' is present on page 

17-09-2024T14:05:29 - [MESSAGE][PASSED] - Text '22034290' is present on page 

17-09-2024T14:05:29 - [TEST_STEP][PASSED] - click(findTestObject("Object Repository/Create_PurchaseOrder_CHC/Page_Frameworks (Demo)/img_Accountdropd")): Object: 'Object Repository/Create_PurchaseOrder_CHC/Page_Frameworks (Demo)/img_Accountdropd' is clicked on

17-09-2024T14:05:29 - [MESSAGE][PASSED] - Object: 'Object Repository/Create_PurchaseOrder_CHC/Page_Frameworks (Demo)/img_Accountdropd' is clicked on

17-09-2024T14:05:29 - [TEST_STEP][PASSED] - click(findTestObject("Object Repository/Create_PurchaseOrder_CHC/Page_Frameworks (Demo)/div_Logout")): Object: 'Object Repository/Create_PurchaseOrder_CHC/Page_Frameworks (Demo)/div_Logout' is clicked on

17-09-2024T14:05:30 - [MESSAGE][PASSED] - Object: 'Object Repository/Create_PurchaseOrder_CHC/Page_Frameworks (Demo)/div_Logout' is clicked on]]></system-out>
         <system-err><![CDATA[]]></system-err>
      </testcase>
      <system-out><![CDATA[17-09-2024T14:03:51 - [TEST_SUITE][PASSED] - TS1_SO_SalesOrder_Account_CHC: Test Cases/CHC_Instance/SalesOrders_Module/TS1_SO_SalesOrder_Account/SO_AS_Validate_CHC]]></system-out>
      <system-err><![CDATA[]]></system-err>
   </testsuite>
</testsuites>
