<?xml version="1.0" encoding="UTF-8"?>
<testsuites name="TS5_POS_Cash_Refund_Full_CHC" time="138.678" tests="3" failures="0" errors="0">
   <testsuite name="TS5_POS_Cash_Refund_Full_CHC" tests="3" failures="0" errors="0" time="138.678" skipped="0" timestamp="06-10-2024T22:58:59" hostname="User - ROG" id="Test Suites/CHC_Instance/PointofSale_Module/TS5_POS_Cash_Refund_Full_CHC">
      <properties>
         <property name="deviceName" value=""/>
         <property name="devicePlatform"/>
         <property name="logFolder" value="C:\\Users\\User\\git\\frameworks-regression-test-automation\\Reports\\20241006_225851\\CHC_Instance\\PointofSale_Module\\TS5_POS_Cash_Refund_Full_CHC\\20241006_225852"/>
         <property name="logFiles" value="C:\\Users\\User\\git\\frameworks-regression-test-automation\\Reports\\20241006_225851\\CHC_Instance\\PointofSale_Module\\TS5_POS_Cash_Refund_Full_CHC\\20241006_225852\\execution0.log"/>
         <property name="attachments" value="C:\\Users\\User\\git\\frameworks-regression-test-automation\\Reports\\20241006_225851\\CHC_Instance\\PointofSale_Module\\TS5_POS_Cash_Refund_Full_CHC\\20241006_225852\\1728215958597.png, C:\\Users\\User\\git\\frameworks-regression-test-automation\\Reports\\20241006_225851\\CHC_Instance\\PointofSale_Module\\TS5_POS_Cash_Refund_Full_CHC\\20241006_225852\\1728215968677.png, C:\\Users\\User\\git\\frameworks-regression-test-automation\\Reports\\20241006_225851\\CHC_Instance\\PointofSale_Module\\TS5_POS_Cash_Refund_Full_CHC\\20241006_225852\\1728215971626.png, C:\\Users\\User\\git\\frameworks-regression-test-automation\\Reports\\20241006_225851\\CHC_Instance\\PointofSale_Module\\TS5_POS_Cash_Refund_Full_CHC\\20241006_225852\\1728215974527.png, C:\\Users\\User\\git\\frameworks-regression-test-automation\\Reports\\20241006_225851\\CHC_Instance\\PointofSale_Module\\TS5_POS_Cash_Refund_Full_CHC\\20241006_225852\\1728215977395.png, C:\\Users\\User\\git\\frameworks-regression-test-automation\\Reports\\20241006_225851\\CHC_Instance\\PointofSale_Module\\TS5_POS_Cash_Refund_Full_CHC\\20241006_225852\\1728215998635.png, C:\\Users\\User\\git\\frameworks-regression-test-automation\\Reports\\20241006_225851\\CHC_Instance\\PointofSale_Module\\TS5_POS_Cash_Refund_Full_CHC\\20241006_225852\\1728216001516.png, C:\\Users\\User\\git\\frameworks-regression-test-automation\\Reports\\20241006_225851\\CHC_Instance\\PointofSale_Module\\TS5_POS_Cash_Refund_Full_CHC\\20241006_225852\\1728216009742.png, C:\\Users\\User\\git\\frameworks-regression-test-automation\\Reports\\20241006_225851\\CHC_Instance\\PointofSale_Module\\TS5_POS_Cash_Refund_Full_CHC\\20241006_225852\\1728216012794.png, C:\\Users\\User\\git\\frameworks-regression-test-automation\\Reports\\20241006_225851\\CHC_Instance\\PointofSale_Module\\TS5_POS_Cash_Refund_Full_CHC\\20241006_225852\\1728216015607.png, C:\\Users\\User\\git\\frameworks-regression-test-automation\\Reports\\20241006_225851\\CHC_Instance\\PointofSale_Module\\TS5_POS_Cash_Refund_Full_CHC\\20241006_225852\\1728216018468.png, C:\\Users\\User\\git\\frameworks-regression-test-automation\\Reports\\20241006_225851\\CHC_Instance\\PointofSale_Module\\TS5_POS_Cash_Refund_Full_CHC\\20241006_225852\\1728216021330.png, C:\\Users\\User\\git\\frameworks-regression-test-automation\\Reports\\20241006_225851\\CHC_Instance\\PointofSale_Module\\TS5_POS_Cash_Refund_Full_CHC\\20241006_225852\\1728216073737.png, C:\\Users\\User\\git\\frameworks-regression-test-automation\\Reports\\20241006_225851\\CHC_Instance\\PointofSale_Module\\TS5_POS_Cash_Refund_Full_CHC\\20241006_225852\\1728216076548.png"/>
         <property name="hostName" value="User - ROG"/>
         <property name="os" value="Windows 11 64bit"/>
         <property name="katalonVersion" value="9.5.0.217"/>
         <property name="browser" value="Chrome 129.0.0.0"/>
         <property name="hostAddress" value="10.192.251.2"/>
         <property name="sessionId" value="4be0f912f3585691a8f7198e270ae596"/>
         <property name="seleniumVersion" value="3.141.59"/>
         <property name="proxyInformation" value="ProxyInformation { proxyOption=NO_PROXY, proxyServerType=HTTP, username=, password=********, proxyServerAddress=, proxyServerPort=0, executionList=&quot;&quot;, isApplyToDesiredCapabilities=true }"/>
         <property name="platform" value="Windows 11"/>
      </properties>
      <testcase name="Test Cases/CHC_Instance/PointofSale_Module/TS1_POS_CashSale/POS_CashSale-5006866(TS5)" time="39.557" classname="Test Cases/CHC_Instance/PointofSale_Module/TS1_POS_CashSale/POS_CashSale-5006866(TS5)" status="PASSED">
         <system-out><![CDATA[06-10-2024T22:58:59 - [TEST_CASE][PASSED] - Test Cases/CHC_Instance/PointofSale_Module/TS1_POS_CashSale/POS_CashSale-5006866(TS5): Test Cases/CHC_Instance/PointofSale_Module/TS1_POS_CashSale/POS_CashSale-5006866(TS5)

06-10-2024T22:59:00 - [TEST_STEP][PASSED] - openBrowser(""): Browser is opened with url: ''

06-10-2024T22:59:01 - [MESSAGE][INFO] - Starting 'Chrome' driver

06-10-2024T22:59:01 - [MESSAGE][INFO] - Action delay is set to 0 milliseconds

06-10-2024T22:59:02 - [MESSAGE][PASSED] - Browser is opened with url: ''

06-10-2024T22:59:02 - [TEST_STEP][PASSED] - maximizeWindow(): Current window maximized

06-10-2024T22:59:02 - [MESSAGE][PASSED] - Current window maximized

06-10-2024T22:59:02 - [TEST_STEP][PASSED] - navigateToUrl("http://frameworks.cairnshardware.com.au:8080/FWDemo/Fluid.html#homeDashboard,dash,Frameworks.Activity.Menu.HomeDashBoard"): Navigate to 'http://frameworks.cairnshardware.com.au:8080/FWDemo/Fluid.html#homeDashboard,dash,Frameworks.Activity.Menu.HomeDashBoard' successfully

06-10-2024T22:59:06 - [MESSAGE][PASSED] - Navigate to 'http://frameworks.cairnshardware.com.au:8080/FWDemo/Fluid.html#homeDashboard,dash,Frameworks.Activity.Menu.HomeDashBoard' successfully

06-10-2024T22:59:06 - [TEST_STEP][PASSED] - setText(findTestObject("Object Repository/Create_PurchaseOrder_CHC/Page_Frameworks (Demo)/input_User ID_userid"), userName): Text 'manaki' is set on object 'Object Repository/Create_PurchaseOrder_CHC/Page_Frameworks (Demo)/input_User ID_userid'

06-10-2024T22:59:12 - [MESSAGE][PASSED] - Text 'manaki' is set on object 'Object Repository/Create_PurchaseOrder_CHC/Page_Frameworks (Demo)/input_User ID_userid'

06-10-2024T22:59:12 - [TEST_STEP][PASSED] - setEncryptedText(findTestObject("Object Repository/Create_PurchaseOrder_CHC/Page_Frameworks (Demo)/input_Password_password"), "BvRmjN+0xFM="): Text ****** has been set on object 'Object Repository/Create_PurchaseOrder_CHC/Page_Frameworks (Demo)/input_Password_password'

06-10-2024T22:59:12 - [MESSAGE][PASSED] - Text ****** has been set on object 'Object Repository/Create_PurchaseOrder_CHC/Page_Frameworks (Demo)/input_Password_password'

06-10-2024T22:59:12 - [TEST_STEP][PASSED] - click(findTestObject("Object Repository/Create_PurchaseOrder_CHC/Page_Frameworks (Demo)/div_Login")): Object: 'Object Repository/Create_PurchaseOrder_CHC/Page_Frameworks (Demo)/div_Login' is clicked on

06-10-2024T22:59:13 - [MESSAGE][PASSED] - Object: 'Object Repository/Create_PurchaseOrder_CHC/Page_Frameworks (Demo)/div_Login' is clicked on

06-10-2024T22:59:13 - [TEST_STEP][PASSED] - click(findTestObject("Object Repository/POS_CashSale_CHC/Page_Frameworks (Demo)/Fws_Menu")): Object: 'Object Repository/POS_CashSale_CHC/Page_Frameworks (Demo)/Fws_Menu' is clicked on

06-10-2024T22:59:14 - [MESSAGE][PASSED] - Object: 'Object Repository/POS_CashSale_CHC/Page_Frameworks (Demo)/Fws_Menu' is clicked on

06-10-2024T22:59:14 - [TEST_STEP][PASSED] - click(findTestObject("Object Repository/POS_CashSale_CHC/Page_Frameworks (Demo)/Sales_TransactionProcessing")): Object: 'Object Repository/POS_CashSale_CHC/Page_Frameworks (Demo)/Sales_TransactionProcessing' is clicked on

06-10-2024T22:59:15 - [MESSAGE][PASSED] - Object: 'Object Repository/POS_CashSale_CHC/Page_Frameworks (Demo)/Sales_TransactionProcessing' is clicked on

06-10-2024T22:59:15 - [TEST_STEP][PASSED] - click(findTestObject("Object Repository/POS_CashSale_CHC/Page_Frameworks (Demo)/td_Point Of Sale")): Object: 'Object Repository/POS_CashSale_CHC/Page_Frameworks (Demo)/td_Point Of Sale' is clicked on

06-10-2024T22:59:16 - [MESSAGE][PASSED] - Object: 'Object Repository/POS_CashSale_CHC/Page_Frameworks (Demo)/td_Point Of Sale' is clicked on

06-10-2024T22:59:16 - [TEST_STEP][PASSED] - delay(2): Delayed 2 second(s)

06-10-2024T22:59:18 - [MESSAGE][PASSED] - Delayed 2 second(s)

06-10-2024T22:59:18 - [TEST_STEP][PASSED] - takeFullPageScreenshot(): Taking screenshot successfully

06-10-2024T22:59:19 - [MESSAGE][INFO] - 0 hidden object(s)

06-10-2024T22:59:19 - [MESSAGE][PASSED] - Taking screenshot successfully
[[ATTACHMENT|C:\\Users\\User\\git\\frameworks-regression-test-automation\\Reports\\20241006_225851\\CHC_Instance\\PointofSale_Module\\TS5_POS_Cash_Refund_Full_CHC\\20241006_225852\\1728215958597.png]]

06-10-2024T22:59:19 - [TEST_STEP][PASSED] - invoiceNum = getText(findTestObject("Object Repository/TS2_POS_AccountSale_DBC/New_Interface/Page_Frameworks (Demo)/div_invoiceNum")): Text of object 'Object Repository/TS2_POS_AccountSale_DBC/New_Interface/Page_Frameworks (Demo)/div_invoiceNum' is: '13072722'

06-10-2024T22:59:20 - [MESSAGE][PASSED] - Text of object 'Object Repository/TS2_POS_AccountSale_DBC/New_Interface/Page_Frameworks (Demo)/div_invoiceNum' is: '13072722'

06-10-2024T22:59:20 - [TEST_STEP][PASSED] - setText(findTestObject("Object Repository/POS_CashSale_CHC/Page_Frameworks (Demo)/input_P_prodId"), "5006866"): Text '5006866' is set on object 'Object Repository/POS_CashSale_CHC/Page_Frameworks (Demo)/input_P_prodId'

06-10-2024T22:59:20 - [MESSAGE][PASSED] - Text '5006866' is set on object 'Object Repository/POS_CashSale_CHC/Page_Frameworks (Demo)/input_P_prodId'

06-10-2024T22:59:20 - [TEST_STEP][PASSED] - delay(2): Delayed 2 second(s)

06-10-2024T22:59:22 - [MESSAGE][PASSED] - Delayed 2 second(s)

06-10-2024T22:59:22 - [TEST_STEP][PASSED] - setText(findTestObject("Object Repository/POS_CashSale_CHC/Page_Frameworks (Demo)/input_Quantity_quantityOrdered"), "2"): Text '2' is set on object 'Object Repository/POS_CashSale_CHC/Page_Frameworks (Demo)/input_Quantity_quantityOrdered'

06-10-2024T22:59:23 - [MESSAGE][PASSED] - Text '2' is set on object 'Object Repository/POS_CashSale_CHC/Page_Frameworks (Demo)/input_Quantity_quantityOrdered'

06-10-2024T22:59:23 - [TEST_STEP][PASSED] - click(findTestObject("Object Repository/POS_CashSale_CHC/Page_Frameworks (Demo)/input_Quantity_quantityOrdered")): Object: 'Object Repository/POS_CashSale_CHC/Page_Frameworks (Demo)/input_Quantity_quantityOrdered' is clicked on

06-10-2024T22:59:24 - [MESSAGE][PASSED] - Object: 'Object Repository/POS_CashSale_CHC/Page_Frameworks (Demo)/input_Quantity_quantityOrdered' is clicked on

06-10-2024T22:59:24 - [TEST_STEP][PASSED] - delay(2): Delayed 2 second(s)

06-10-2024T22:59:26 - [MESSAGE][PASSED] - Delayed 2 second(s)

06-10-2024T22:59:26 - [TEST_STEP][PASSED] - click(findTestObject("Object Repository/POS_CashSale_CHC/Page_Frameworks (Demo)/img_add")): Object: 'Object Repository/POS_CashSale_CHC/Page_Frameworks (Demo)/img_add' is clicked on

06-10-2024T22:59:26 - [MESSAGE][PASSED] - Object: 'Object Repository/POS_CashSale_CHC/Page_Frameworks (Demo)/img_add' is clicked on

06-10-2024T22:59:26 - [TEST_STEP][PASSED] - delay(2): Delayed 2 second(s)

06-10-2024T22:59:28 - [MESSAGE][PASSED] - Delayed 2 second(s)

06-10-2024T22:59:28 - [TEST_STEP][PASSED] - takeFullPageScreenshot(): Taking screenshot successfully

06-10-2024T22:59:29 - [MESSAGE][INFO] - 0 hidden object(s)

06-10-2024T22:59:29 - [MESSAGE][PASSED] - Taking screenshot successfully
[[ATTACHMENT|C:\\Users\\User\\git\\frameworks-regression-test-automation\\Reports\\20241006_225851\\CHC_Instance\\PointofSale_Module\\TS5_POS_Cash_Refund_Full_CHC\\20241006_225852\\1728215968677.png]]

06-10-2024T22:59:29 - [TEST_STEP][PASSED] - click(findTestObject("Object Repository/POS_CashSale_CHC/Page_Frameworks (Demo)/div_FinishSale (S)")): Object: 'Object Repository/POS_CashSale_CHC/Page_Frameworks (Demo)/div_FinishSale (S)' is clicked on

06-10-2024T22:59:29 - [MESSAGE][PASSED] - Object: 'Object Repository/POS_CashSale_CHC/Page_Frameworks (Demo)/div_FinishSale (S)' is clicked on

06-10-2024T22:59:29 - [TEST_STEP][PASSED] - delay(2): Delayed 2 second(s)

06-10-2024T22:59:31 - [MESSAGE][PASSED] - Delayed 2 second(s)

06-10-2024T22:59:31 - [TEST_STEP][PASSED] - takeFullPageScreenshot(): Taking screenshot successfully

06-10-2024T22:59:32 - [MESSAGE][INFO] - 0 hidden object(s)

06-10-2024T22:59:32 - [MESSAGE][PASSED] - Taking screenshot successfully
[[ATTACHMENT|C:\\Users\\User\\git\\frameworks-regression-test-automation\\Reports\\20241006_225851\\CHC_Instance\\PointofSale_Module\\TS5_POS_Cash_Refund_Full_CHC\\20241006_225852\\1728215971626.png]]

06-10-2024T22:59:32 - [TEST_STEP][PASSED] - click(findTestObject("Object Repository/POS_CashSale_CHC/Page_Frameworks (Demo)/div_50 Cash")): Object: 'Object Repository/POS_CashSale_CHC/Page_Frameworks (Demo)/div_50 Cash' is clicked on

06-10-2024T22:59:32 - [MESSAGE][PASSED] - Object: 'Object Repository/POS_CashSale_CHC/Page_Frameworks (Demo)/div_50 Cash' is clicked on

06-10-2024T22:59:32 - [TEST_STEP][PASSED] - delay(2): Delayed 2 second(s)

06-10-2024T22:59:34 - [MESSAGE][PASSED] - Delayed 2 second(s)

06-10-2024T22:59:34 - [TEST_STEP][PASSED] - takeFullPageScreenshot(): Taking screenshot successfully

06-10-2024T22:59:34 - [MESSAGE][INFO] - 0 hidden object(s)

06-10-2024T22:59:35 - [MESSAGE][PASSED] - Taking screenshot successfully
[[ATTACHMENT|C:\\Users\\User\\git\\frameworks-regression-test-automation\\Reports\\20241006_225851\\CHC_Instance\\PointofSale_Module\\TS5_POS_Cash_Refund_Full_CHC\\20241006_225852\\1728215974527.png]]

06-10-2024T22:59:35 - [TEST_STEP][PASSED] - click(findTestObject("Object Repository/POS_CashSale_CHC/Page_Frameworks (Demo)/td_SaveClose (S)")): Object: 'Object Repository/POS_CashSale_CHC/Page_Frameworks (Demo)/td_SaveClose (S)' is clicked on

06-10-2024T22:59:35 - [MESSAGE][PASSED] - Object: 'Object Repository/POS_CashSale_CHC/Page_Frameworks (Demo)/td_SaveClose (S)' is clicked on

06-10-2024T22:59:35 - [TEST_STEP][PASSED] - delay(2): Delayed 2 second(s)

06-10-2024T22:59:37 - [MESSAGE][PASSED] - Delayed 2 second(s)

06-10-2024T22:59:37 - [TEST_STEP][PASSED] - takeFullPageScreenshot(): Taking screenshot successfully

06-10-2024T22:59:37 - [MESSAGE][INFO] - 0 hidden object(s)

06-10-2024T22:59:37 - [MESSAGE][PASSED] - Taking screenshot successfully
[[ATTACHMENT|C:\\Users\\User\\git\\frameworks-regression-test-automation\\Reports\\20241006_225851\\CHC_Instance\\PointofSale_Module\\TS5_POS_Cash_Refund_Full_CHC\\20241006_225852\\1728215977395.png]]

06-10-2024T22:59:37 - [TEST_STEP][PASSED] - sourceFile = new java.io.FileInputStream(ExcelFile): null

06-10-2024T22:59:37 - [TEST_STEP][PASSED] - workbook = new org.apache.poi.xssf.usermodel.XSSFWorkbook(sourceFile): null

06-10-2024T22:59:38 - [TEST_STEP][PASSED] - sheet = workbook.getSheet("Sheet1"): null

06-10-2024T22:59:38 - [TEST_STEP][PASSED] - row = sheet.getRow(0): null

06-10-2024T22:59:38 - [TEST_STEP][PASSED] - cell = row.getCell(1): null

06-10-2024T22:59:38 - [TEST_STEP][PASSED] - row = sheet.createRow(1): null

06-10-2024T22:59:38 - [TEST_STEP][PASSED] - cell = row.createCell(0): null

06-10-2024T22:59:38 - [TEST_STEP][PASSED] - cell.setCellValue("Invoice Number"): null

06-10-2024T22:59:38 - [TEST_STEP][PASSED] - cell = row.createCell(1): null

06-10-2024T22:59:38 - [TEST_STEP][PASSED] - cell.setCellValue(invoiceNum): null

06-10-2024T22:59:38 - [TEST_STEP][PASSED] - fos = new java.io.FileOutputStream(ExcelFile): null

06-10-2024T22:59:38 - [TEST_STEP][PASSED] - workbook.write(fos): null

06-10-2024T22:59:38 - [TEST_STEP][PASSED] - fos.close(): null

06-10-2024T22:59:38 - [TEST_STEP][PASSED] - sourceFile.close(): null

06-10-2024T22:59:38 - [TEST_STEP][PASSED] - click(findTestObject("Object Repository/Create_PurchaseOrder_CHC/Page_Frameworks (Demo)/img_Accountdropd")): Object: 'Object Repository/Create_PurchaseOrder_CHC/Page_Frameworks (Demo)/img_Accountdropd' is clicked on

06-10-2024T22:59:38 - [MESSAGE][PASSED] - Object: 'Object Repository/Create_PurchaseOrder_CHC/Page_Frameworks (Demo)/img_Accountdropd' is clicked on

06-10-2024T22:59:38 - [TEST_STEP][PASSED] - click(findTestObject("Object Repository/Create_PurchaseOrder_CHC/Page_Frameworks (Demo)/div_Logout")): Object: 'Object Repository/Create_PurchaseOrder_CHC/Page_Frameworks (Demo)/div_Logout' is clicked on

06-10-2024T22:59:39 - [MESSAGE][PASSED] - Object: 'Object Repository/Create_PurchaseOrder_CHC/Page_Frameworks (Demo)/div_Logout' is clicked on]]></system-out>
         <system-err><![CDATA[]]></system-err>
      </testcase>
      <testcase name="Test Cases/CHC_Instance/PointofSale_Module/TS5_POS_CashRefund_Full_StockReturn/POS_CashRefund_Full_CHC" time="44.972" classname="Test Cases/CHC_Instance/PointofSale_Module/TS5_POS_CashRefund_Full_StockReturn/POS_CashRefund_Full_CHC" status="PASSED">
         <system-out><![CDATA[06-10-2024T22:59:39 - [TEST_CASE][PASSED] - Test Cases/CHC_Instance/PointofSale_Module/TS5_POS_CashRefund_Full_StockReturn/POS_CashRefund_Full_CHC: Test Cases/CHC_Instance/PointofSale_Module/TS5_POS_CashRefund_Full_StockReturn/POS_CashRefund_Full_CHC

06-10-2024T22:59:39 - [TEST_STEP][PASSED] - sourceFile = new java.io.FileInputStream(ExcelFile): null

06-10-2024T22:59:39 - [TEST_STEP][PASSED] - workbook = new org.apache.poi.xssf.usermodel.XSSFWorkbook(sourceFile): null

06-10-2024T22:59:39 - [TEST_STEP][PASSED] - sheet = workbook.getSheet("Sheet1"): null

06-10-2024T22:59:39 - [TEST_STEP][PASSED] - row = sheet.getRow(1): null

06-10-2024T22:59:39 - [TEST_STEP][PASSED] - cell = row.getCell(1): null

06-10-2024T22:59:39 - [TEST_STEP][PASSED] - docketNumber = cell.getStringCellValue(): null

06-10-2024T22:59:39 - [TEST_STEP][PASSED] - println(docketNumber): null

06-10-2024T22:59:39 - [TEST_STEP][PASSED] - sourceFile.close(): null

06-10-2024T22:59:39 - [TEST_STEP][PASSED] - openBrowser(""): Browser is opened with url: ''

06-10-2024T22:59:39 - [MESSAGE][WARNING] - A browser is already opened. Closing browser and opening a new one

06-10-2024T22:59:40 - [MESSAGE][INFO] - Starting 'Chrome' driver

06-10-2024T22:59:40 - [MESSAGE][INFO] - Action delay is set to 0 milliseconds

06-10-2024T22:59:40 - [MESSAGE][PASSED] - Browser is opened with url: ''

06-10-2024T22:59:40 - [TEST_STEP][PASSED] - maximizeWindow(): Current window maximized

06-10-2024T22:59:40 - [MESSAGE][PASSED] - Current window maximized

06-10-2024T22:59:40 - [TEST_STEP][PASSED] - navigateToUrl("http://frameworks.cairnshardware.com.au:8080/FWDemo/Fluid.html#homeDashboard,dash,Frameworks.Activity.Menu.HomeDashBoard"): Navigate to 'http://frameworks.cairnshardware.com.au:8080/FWDemo/Fluid.html#homeDashboard,dash,Frameworks.Activity.Menu.HomeDashBoard' successfully

06-10-2024T22:59:46 - [MESSAGE][PASSED] - Navigate to 'http://frameworks.cairnshardware.com.au:8080/FWDemo/Fluid.html#homeDashboard,dash,Frameworks.Activity.Menu.HomeDashBoard' successfully

06-10-2024T22:59:46 - [TEST_STEP][PASSED] - setText(findTestObject("Object Repository/TS5_POS_CashRefund_Full_CHC/Page_Frameworks (Demo)/input_User ID_userid"), userName): Text 'manaki' is set on object 'Object Repository/TS5_POS_CashRefund_Full_CHC/Page_Frameworks (Demo)/input_User ID_userid'

06-10-2024T22:59:51 - [MESSAGE][PASSED] - Text 'manaki' is set on object 'Object Repository/TS5_POS_CashRefund_Full_CHC/Page_Frameworks (Demo)/input_User ID_userid'

06-10-2024T22:59:51 - [TEST_STEP][PASSED] - setEncryptedText(findTestObject("Object Repository/TS5_POS_CashRefund_Full_CHC/Page_Frameworks (Demo)/input_Password_password"), "BvRmjN+0xFM="): Text ****** has been set on object 'Object Repository/TS5_POS_CashRefund_Full_CHC/Page_Frameworks (Demo)/input_Password_password'

06-10-2024T22:59:52 - [MESSAGE][PASSED] - Text ****** has been set on object 'Object Repository/TS5_POS_CashRefund_Full_CHC/Page_Frameworks (Demo)/input_Password_password'

06-10-2024T22:59:52 - [TEST_STEP][PASSED] - click(findTestObject("Object Repository/TS5_POS_CashRefund_Full_CHC/Page_Frameworks (Demo)/div_Login")): Object: 'Object Repository/TS5_POS_CashRefund_Full_CHC/Page_Frameworks (Demo)/div_Login' is clicked on

06-10-2024T22:59:52 - [MESSAGE][PASSED] - Object: 'Object Repository/TS5_POS_CashRefund_Full_CHC/Page_Frameworks (Demo)/div_Login' is clicked on

06-10-2024T22:59:52 - [TEST_STEP][PASSED] - click(findTestObject("Object Repository/TS5_POS_CashRefund_Full_CHC/Page_Frameworks (Demo)/Fws_Menu")): Object: 'Object Repository/TS5_POS_CashRefund_Full_CHC/Page_Frameworks (Demo)/Fws_Menu' is clicked on

06-10-2024T22:59:54 - [MESSAGE][PASSED] - Object: 'Object Repository/TS5_POS_CashRefund_Full_CHC/Page_Frameworks (Demo)/Fws_Menu' is clicked on

06-10-2024T22:59:54 - [TEST_STEP][PASSED] - click(findTestObject("Object Repository/TS5_POS_CashRefund_Full_CHC/Page_Frameworks (Demo)/Sales_TransactionProcessing")): Object: 'Object Repository/TS5_POS_CashRefund_Full_CHC/Page_Frameworks (Demo)/Sales_TransactionProcessing' is clicked on

06-10-2024T22:59:55 - [MESSAGE][PASSED] - Object: 'Object Repository/TS5_POS_CashRefund_Full_CHC/Page_Frameworks (Demo)/Sales_TransactionProcessing' is clicked on

06-10-2024T22:59:55 - [TEST_STEP][PASSED] - click(findTestObject("Object Repository/TS5_POS_CashRefund_Full_CHC/Page_Frameworks (Demo)/td_Credit Notes")): Object: 'Object Repository/TS5_POS_CashRefund_Full_CHC/Page_Frameworks (Demo)/td_Credit Notes' is clicked on

06-10-2024T22:59:56 - [MESSAGE][PASSED] - Object: 'Object Repository/TS5_POS_CashRefund_Full_CHC/Page_Frameworks (Demo)/td_Credit Notes' is clicked on

06-10-2024T22:59:56 - [TEST_STEP][PASSED] - delay(2): Delayed 2 second(s)

06-10-2024T22:59:58 - [MESSAGE][PASSED] - Delayed 2 second(s)

06-10-2024T22:59:58 - [TEST_STEP][PASSED] - takeFullPageScreenshot(): Taking screenshot successfully

06-10-2024T22:59:59 - [MESSAGE][INFO] - 0 hidden object(s)

06-10-2024T22:59:59 - [MESSAGE][PASSED] - Taking screenshot successfully
[[ATTACHMENT|C:\\Users\\User\\git\\frameworks-regression-test-automation\\Reports\\20241006_225851\\CHC_Instance\\PointofSale_Module\\TS5_POS_Cash_Refund_Full_CHC\\20241006_225852\\1728215998635.png]]

06-10-2024T22:59:59 - [TEST_STEP][PASSED] - click(findTestObject("Object Repository/TS5_POS_CashRefund_Full_CHC/Page_Frameworks (Demo)/div_New")): Object: 'Object Repository/TS5_POS_CashRefund_Full_CHC/Page_Frameworks (Demo)/div_New' is clicked on

06-10-2024T22:59:59 - [MESSAGE][PASSED] - Object: 'Object Repository/TS5_POS_CashRefund_Full_CHC/Page_Frameworks (Demo)/div_New' is clicked on

06-10-2024T22:59:59 - [TEST_STEP][PASSED] - delay(2): Delayed 2 second(s)

06-10-2024T23:00:01 - [MESSAGE][PASSED] - Delayed 2 second(s)

06-10-2024T23:00:01 - [TEST_STEP][PASSED] - takeFullPageScreenshot(): Taking screenshot successfully

06-10-2024T23:00:01 - [MESSAGE][INFO] - 0 hidden object(s)

06-10-2024T23:00:02 - [MESSAGE][PASSED] - Taking screenshot successfully
[[ATTACHMENT|C:\\Users\\User\\git\\frameworks-regression-test-automation\\Reports\\20241006_225851\\CHC_Instance\\PointofSale_Module\\TS5_POS_Cash_Refund_Full_CHC\\20241006_225852\\1728216001516.png]]

06-10-2024T23:00:02 - [TEST_STEP][PASSED] - transaction_Number = getText(findTestObject("Object Repository/TS5_POS_CashRefund_Full_CHC/Page_Frameworks (Demo)/transaction_Number")): Text of object 'Object Repository/TS5_POS_CashRefund_Full_CHC/Page_Frameworks (Demo)/transaction_Number' is: '13072724'

06-10-2024T23:00:02 - [MESSAGE][PASSED] - Text of object 'Object Repository/TS5_POS_CashRefund_Full_CHC/Page_Frameworks (Demo)/transaction_Number' is: '13072724'

06-10-2024T23:00:02 - [TEST_STEP][PASSED] - println(transaction_Number): null

06-10-2024T23:00:02 - [TEST_STEP][PASSED] - click(findTestObject("Object Repository/TS5_POS_CashRefund_Full_CHC/Page_Frameworks (Demo)/table_Select a Value")): Object: 'Object Repository/TS5_POS_CashRefund_Full_CHC/Page_Frameworks (Demo)/table_Select a Value' is clicked on

06-10-2024T23:00:02 - [MESSAGE][PASSED] - Object: 'Object Repository/TS5_POS_CashRefund_Full_CHC/Page_Frameworks (Demo)/table_Select a Value' is clicked on

06-10-2024T23:00:02 - [TEST_STEP][PASSED] - click(findTestObject("Object Repository/TS5_POS_CashRefund_Full_CHC/Page_Frameworks (Demo)/div_Stock Return")): Object: 'Object Repository/TS5_POS_CashRefund_Full_CHC/Page_Frameworks (Demo)/div_Stock Return' is clicked on

06-10-2024T23:00:03 - [MESSAGE][PASSED] - Object: 'Object Repository/TS5_POS_CashRefund_Full_CHC/Page_Frameworks (Demo)/div_Stock Return' is clicked on

06-10-2024T23:00:03 - [TEST_STEP][PASSED] - click(findTestObject("Object Repository/TS5_POS_CashRefund_Full_CHC/Page_Frameworks (Demo)/table_Reason_isc_YX")): Object: 'Object Repository/TS5_POS_CashRefund_Full_CHC/Page_Frameworks (Demo)/table_Reason_isc_YX' is clicked on

06-10-2024T23:00:04 - [MESSAGE][PASSED] - Object: 'Object Repository/TS5_POS_CashRefund_Full_CHC/Page_Frameworks (Demo)/table_Reason_isc_YX' is clicked on

06-10-2024T23:00:04 - [TEST_STEP][PASSED] - click(findTestObject("Object Repository/TS5_POS_CashRefund_Full_CHC/Page_Frameworks (Demo)/div_1 - Stock Return")): Object: 'Object Repository/TS5_POS_CashRefund_Full_CHC/Page_Frameworks (Demo)/div_1 - Stock Return' is clicked on

06-10-2024T23:00:04 - [MESSAGE][PASSED] - Object: 'Object Repository/TS5_POS_CashRefund_Full_CHC/Page_Frameworks (Demo)/div_1 - Stock Return' is clicked on

06-10-2024T23:00:04 - [TEST_STEP][PASSED] - click(findTestObject("Object Repository/TS5_POS_CashRefund_Full_CHC/Page_Frameworks (Demo)/input_Original Docket_originalDocket"), STOP_ON_FAILURE): Object: 'Object Repository/TS5_POS_CashRefund_Full_CHC/Page_Frameworks (Demo)/input_Original Docket_originalDocket' is clicked on

06-10-2024T23:00:05 - [MESSAGE][PASSED] - Object: 'Object Repository/TS5_POS_CashRefund_Full_CHC/Page_Frameworks (Demo)/input_Original Docket_originalDocket' is clicked on

06-10-2024T23:00:05 - [TEST_STEP][PASSED] - sendKeys(findTestObject("Object Repository/TS5_POS_CashRefund_Full_CHC/Page_Frameworks (Demo)/input_Original Docket_originalDocket"), docketNumber): Keys '13072722' sent to object: 'Object Repository/TS5_POS_CashRefund_Full_CHC/Page_Frameworks (Demo)/input_Original Docket_originalDocket'

06-10-2024T23:00:05 - [MESSAGE][PASSED] - Keys '13072722' sent to object: 'Object Repository/TS5_POS_CashRefund_Full_CHC/Page_Frameworks (Demo)/input_Original Docket_originalDocket'

06-10-2024T23:00:05 - [TEST_STEP][PASSED] - click(findTestObject("Object Repository/TS5_POS_CashRefund_Full_CHC/Page_Frameworks (Demo)/div_BranchDropdown")): Object: 'Object Repository/TS5_POS_CashRefund_Full_CHC/Page_Frameworks (Demo)/div_BranchDropdown' is clicked on

06-10-2024T23:00:06 - [MESSAGE][PASSED] - Object: 'Object Repository/TS5_POS_CashRefund_Full_CHC/Page_Frameworks (Demo)/div_BranchDropdown' is clicked on

06-10-2024T23:00:06 - [TEST_STEP][PASSED] - click(findTestObject("Object Repository/TS5_POS_CashRefund_Full_CHC/Page_Frameworks (Demo)/div_501 - DEMONSTRATION BRANCH 501")): Object: 'Object Repository/TS5_POS_CashRefund_Full_CHC/Page_Frameworks (Demo)/div_501 - DEMONSTRATION BRANCH 501' is clicked on

06-10-2024T23:00:07 - [MESSAGE][PASSED] - Object: 'Object Repository/TS5_POS_CashRefund_Full_CHC/Page_Frameworks (Demo)/div_501 - DEMONSTRATION BRANCH 501' is clicked on

06-10-2024T23:00:07 - [TEST_STEP][PASSED] - delay(2): Delayed 2 second(s)

06-10-2024T23:00:09 - [MESSAGE][PASSED] - Delayed 2 second(s)

06-10-2024T23:00:09 - [TEST_STEP][PASSED] - takeFullPageScreenshot(): Taking screenshot successfully

06-10-2024T23:00:10 - [MESSAGE][INFO] - 0 hidden object(s)

06-10-2024T23:00:10 - [MESSAGE][PASSED] - Taking screenshot successfully
[[ATTACHMENT|C:\\Users\\User\\git\\frameworks-regression-test-automation\\Reports\\20241006_225851\\CHC_Instance\\PointofSale_Module\\TS5_POS_Cash_Refund_Full_CHC\\20241006_225852\\1728216009742.png]]

06-10-2024T23:00:10 - [TEST_STEP][PASSED] - click(findTestObject("Object Repository/TS5_POS_CashRefund_Full_CHC/Page_Frameworks (Demo)/div_Load Details")): Object: 'Object Repository/TS5_POS_CashRefund_Full_CHC/Page_Frameworks (Demo)/div_Load Details' is clicked on

06-10-2024T23:00:10 - [MESSAGE][PASSED] - Object: 'Object Repository/TS5_POS_CashRefund_Full_CHC/Page_Frameworks (Demo)/div_Load Details' is clicked on

06-10-2024T23:00:10 - [TEST_STEP][PASSED] - delay(2): Delayed 2 second(s)

06-10-2024T23:00:12 - [MESSAGE][PASSED] - Delayed 2 second(s)

06-10-2024T23:00:12 - [TEST_STEP][PASSED] - takeFullPageScreenshot(): Taking screenshot successfully

06-10-2024T23:00:13 - [MESSAGE][INFO] - 0 hidden object(s)

06-10-2024T23:00:13 - [MESSAGE][PASSED] - Taking screenshot successfully
[[ATTACHMENT|C:\\Users\\User\\git\\frameworks-regression-test-automation\\Reports\\20241006_225851\\CHC_Instance\\PointofSale_Module\\TS5_POS_Cash_Refund_Full_CHC\\20241006_225852\\1728216012794.png]]

06-10-2024T23:00:13 - [TEST_STEP][PASSED] - click(findTestObject("Object Repository/TS5_POS_CashRefund_Full_CHC/Page_Frameworks (Demo)/div_Refund All")): Object: 'Object Repository/TS5_POS_CashRefund_Full_CHC/Page_Frameworks (Demo)/div_Refund All' is clicked on

06-10-2024T23:00:13 - [MESSAGE][PASSED] - Object: 'Object Repository/TS5_POS_CashRefund_Full_CHC/Page_Frameworks (Demo)/div_Refund All' is clicked on

06-10-2024T23:00:13 - [TEST_STEP][PASSED] - delay(2): Delayed 2 second(s)

06-10-2024T23:00:15 - [MESSAGE][PASSED] - Delayed 2 second(s)

06-10-2024T23:00:15 - [TEST_STEP][PASSED] - takeFullPageScreenshot(): Taking screenshot successfully

06-10-2024T23:00:16 - [MESSAGE][INFO] - 0 hidden object(s)

06-10-2024T23:00:16 - [MESSAGE][PASSED] - Taking screenshot successfully
[[ATTACHMENT|C:\\Users\\User\\git\\frameworks-regression-test-automation\\Reports\\20241006_225851\\CHC_Instance\\PointofSale_Module\\TS5_POS_Cash_Refund_Full_CHC\\20241006_225852\\1728216015607.png]]

06-10-2024T23:00:16 - [TEST_STEP][PASSED] - click(findTestObject("Object Repository/TS5_POS_CashRefund_Full_CHC/Page_Frameworks (Demo)/div_Finish (S)")): Object: 'Object Repository/TS5_POS_CashRefund_Full_CHC/Page_Frameworks (Demo)/div_Finish (S)' is clicked on

06-10-2024T23:00:16 - [MESSAGE][PASSED] - Object: 'Object Repository/TS5_POS_CashRefund_Full_CHC/Page_Frameworks (Demo)/div_Finish (S)' is clicked on

06-10-2024T23:00:16 - [TEST_STEP][PASSED] - delay(2): Delayed 2 second(s)

06-10-2024T23:00:18 - [MESSAGE][PASSED] - Delayed 2 second(s)

06-10-2024T23:00:18 - [TEST_STEP][PASSED] - takeFullPageScreenshot(): Taking screenshot successfully

06-10-2024T23:00:18 - [MESSAGE][INFO] - 0 hidden object(s)

06-10-2024T23:00:18 - [MESSAGE][PASSED] - Taking screenshot successfully
[[ATTACHMENT|C:\\Users\\User\\git\\frameworks-regression-test-automation\\Reports\\20241006_225851\\CHC_Instance\\PointofSale_Module\\TS5_POS_Cash_Refund_Full_CHC\\20241006_225852\\1728216018468.png]]

06-10-2024T23:00:18 - [TEST_STEP][PASSED] - click(findTestObject("Object Repository/TS5_POS_CashRefund_Full_CHC/Page_Frameworks (Demo)/div_EFTPOS")): Object: 'Object Repository/TS5_POS_CashRefund_Full_CHC/Page_Frameworks (Demo)/div_EFTPOS' is clicked on

06-10-2024T23:00:19 - [MESSAGE][PASSED] - Object: 'Object Repository/TS5_POS_CashRefund_Full_CHC/Page_Frameworks (Demo)/div_EFTPOS' is clicked on

06-10-2024T23:00:19 - [TEST_STEP][PASSED] - delay(2): Delayed 2 second(s)

06-10-2024T23:00:21 - [MESSAGE][PASSED] - Delayed 2 second(s)

06-10-2024T23:00:21 - [TEST_STEP][PASSED] - takeFullPageScreenshot(): Taking screenshot successfully

06-10-2024T23:00:21 - [MESSAGE][INFO] - 0 hidden object(s)

06-10-2024T23:00:21 - [MESSAGE][PASSED] - Taking screenshot successfully
[[ATTACHMENT|C:\\Users\\User\\git\\frameworks-regression-test-automation\\Reports\\20241006_225851\\CHC_Instance\\PointofSale_Module\\TS5_POS_Cash_Refund_Full_CHC\\20241006_225852\\1728216021330.png]]

06-10-2024T23:00:21 - [TEST_STEP][PASSED] - click(findTestObject("Object Repository/TS5_POS_CashRefund_Full_CHC/Page_Frameworks (Demo)/img_EftposTransact")): Object: 'Object Repository/TS5_POS_CashRefund_Full_CHC/Page_Frameworks (Demo)/img_EftposTransact' is clicked on

06-10-2024T23:00:22 - [MESSAGE][PASSED] - Object: 'Object Repository/TS5_POS_CashRefund_Full_CHC/Page_Frameworks (Demo)/img_EftposTransact' is clicked on

06-10-2024T23:00:22 - [TEST_STEP][PASSED] - updatesourceFile = new java.io.FileInputStream(ExcelFile): null

06-10-2024T23:00:22 - [TEST_STEP][PASSED] - updateWorkbook = new org.apache.poi.xssf.usermodel.XSSFWorkbook(updatesourceFile): null

06-10-2024T23:00:22 - [TEST_STEP][PASSED] - updateSheet = updateWorkbook.getSheet("Sheet1"): null

06-10-2024T23:00:22 - [TEST_STEP][PASSED] - updateRow = updateSheet.getRow(0): null

06-10-2024T23:00:22 - [TEST_STEP][PASSED] - updateCell = updateRow.getCell(1): null

06-10-2024T23:00:22 - [TEST_STEP][PASSED] - updateRow = updateSheet.createRow(2): null

06-10-2024T23:00:22 - [TEST_STEP][PASSED] - updateCell = updateRow.createCell(0): null

06-10-2024T23:00:22 - [TEST_STEP][PASSED] - updateCell.setCellValue("TransactionNumber"): null

06-10-2024T23:00:22 - [TEST_STEP][PASSED] - updateCell = updateRow.createCell(1): null

06-10-2024T23:00:22 - [TEST_STEP][PASSED] - updateCell.setCellValue(transaction_Number): null

06-10-2024T23:00:22 - [TEST_STEP][PASSED] - fos = new java.io.FileOutputStream(ExcelFile): null

06-10-2024T23:00:22 - [TEST_STEP][PASSED] - updateWorkbook.write(fos): null

06-10-2024T23:00:22 - [TEST_STEP][PASSED] - fos.close(): null

06-10-2024T23:00:22 - [TEST_STEP][PASSED] - updatesourceFile.close(): null

06-10-2024T23:00:22 - [TEST_STEP][PASSED] - click(findTestObject("Object Repository/TS5_POS_CashRefund_Full_CHC/Page_Frameworks (Demo)/img_Accountdropd")): Object: 'Object Repository/TS5_POS_CashRefund_Full_CHC/Page_Frameworks (Demo)/img_Accountdropd' is clicked on

06-10-2024T23:00:23 - [MESSAGE][PASSED] - Object: 'Object Repository/TS5_POS_CashRefund_Full_CHC/Page_Frameworks (Demo)/img_Accountdropd' is clicked on

06-10-2024T23:00:23 - [TEST_STEP][PASSED] - click(findTestObject("Object Repository/TS5_POS_CashRefund_Full_CHC/Page_Frameworks (Demo)/div_Logout")): Object: 'Object Repository/TS5_POS_CashRefund_Full_CHC/Page_Frameworks (Demo)/div_Logout' is clicked on

06-10-2024T23:00:24 - [MESSAGE][PASSED] - Object: 'Object Repository/TS5_POS_CashRefund_Full_CHC/Page_Frameworks (Demo)/div_Logout' is clicked on]]></system-out>
         <system-err><![CDATA[]]></system-err>
      </testcase>
      <testcase name="Test Cases/CHC_Instance/PointofSale_Module/TS5_POS_CashRefund_Full_StockReturn/POS_CashRefund_Full_ValidateStock_CHC" time="53.934" classname="Test Cases/CHC_Instance/PointofSale_Module/TS5_POS_CashRefund_Full_StockReturn/POS_CashRefund_Full_ValidateStock_CHC" status="PASSED">
         <system-out><![CDATA[06-10-2024T23:00:24 - [TEST_CASE][PASSED] - Test Cases/CHC_Instance/PointofSale_Module/TS5_POS_CashRefund_Full_StockReturn/POS_CashRefund_Full_ValidateStock_CHC: Test Cases/CHC_Instance/PointofSale_Module/TS5_POS_CashRefund_Full_StockReturn/POS_CashRefund_Full_ValidateStock_CHC

06-10-2024T23:00:24 - [TEST_STEP][PASSED] - sourceFile = new java.io.FileInputStream(ExcelFile): null

06-10-2024T23:00:24 - [TEST_STEP][PASSED] - workbook = new org.apache.poi.xssf.usermodel.XSSFWorkbook(sourceFile): null

06-10-2024T23:00:24 - [TEST_STEP][PASSED] - sheet = workbook.getSheet("Sheet1"): null

06-10-2024T23:00:24 - [TEST_STEP][PASSED] - row = sheet.getRow(2): null

06-10-2024T23:00:24 - [TEST_STEP][PASSED] - cell = row.getCell(1): null

06-10-2024T23:00:24 - [TEST_STEP][PASSED] - transactionNumber = cell.getStringCellValue(): null

06-10-2024T23:00:24 - [TEST_STEP][PASSED] - println(transactionNumber): null

06-10-2024T23:00:24 - [TEST_STEP][PASSED] - sourceFile.close(): null

06-10-2024T23:00:24 - [TEST_STEP][PASSED] - openBrowser(""): Browser is opened with url: ''

06-10-2024T23:00:24 - [MESSAGE][WARNING] - A browser is already opened. Closing browser and opening a new one

06-10-2024T23:00:25 - [MESSAGE][INFO] - Starting 'Chrome' driver

06-10-2024T23:00:25 - [MESSAGE][INFO] - Action delay is set to 0 milliseconds

06-10-2024T23:00:25 - [MESSAGE][PASSED] - Browser is opened with url: ''

06-10-2024T23:00:25 - [TEST_STEP][PASSED] - maximizeWindow(): Current window maximized

06-10-2024T23:00:25 - [MESSAGE][PASSED] - Current window maximized

06-10-2024T23:00:25 - [TEST_STEP][PASSED] - navigateToUrl("http://frameworks.cairnshardware.com.au:8080/FWDemo/Fluid.html#homeDashboard,dash,Frameworks.Activity.Menu.HomeDashBoard"): Navigate to 'http://frameworks.cairnshardware.com.au:8080/FWDemo/Fluid.html#homeDashboard,dash,Frameworks.Activity.Menu.HomeDashBoard' successfully

06-10-2024T23:00:31 - [MESSAGE][PASSED] - Navigate to 'http://frameworks.cairnshardware.com.au:8080/FWDemo/Fluid.html#homeDashboard,dash,Frameworks.Activity.Menu.HomeDashBoard' successfully

06-10-2024T23:00:31 - [TEST_STEP][PASSED] - setText(findTestObject("Object Repository/TS3_POS_AccountCredit_Full_CHC/Page_Frameworks (Demo)/input_User ID_userid"), userName): Text 'manaki' is set on object 'Object Repository/TS3_POS_AccountCredit_Full_CHC/Page_Frameworks (Demo)/input_User ID_userid'

06-10-2024T23:00:37 - [MESSAGE][PASSED] - Text 'manaki' is set on object 'Object Repository/TS3_POS_AccountCredit_Full_CHC/Page_Frameworks (Demo)/input_User ID_userid'

06-10-2024T23:00:37 - [TEST_STEP][PASSED] - setEncryptedText(findTestObject("Object Repository/TS3_POS_AccountCredit_Full_CHC/Page_Frameworks (Demo)/input_Password_password"), "BvRmjN+0xFM="): Text ****** has been set on object 'Object Repository/TS3_POS_AccountCredit_Full_CHC/Page_Frameworks (Demo)/input_Password_password'

06-10-2024T23:00:37 - [MESSAGE][PASSED] - Text ****** has been set on object 'Object Repository/TS3_POS_AccountCredit_Full_CHC/Page_Frameworks (Demo)/input_Password_password'

06-10-2024T23:00:37 - [TEST_STEP][PASSED] - click(findTestObject("Object Repository/TS3_POS_AccountCredit_Full_CHC/Page_Frameworks (Demo)/div_Login")): Object: 'Object Repository/TS3_POS_AccountCredit_Full_CHC/Page_Frameworks (Demo)/div_Login' is clicked on

06-10-2024T23:00:38 - [MESSAGE][PASSED] - Object: 'Object Repository/TS3_POS_AccountCredit_Full_CHC/Page_Frameworks (Demo)/div_Login' is clicked on

06-10-2024T23:00:38 - [TEST_STEP][PASSED] - click(findTestObject("Object Repository/TS1_BT_BranchTransfer_DBC/New_Interface/Stock_Receipt/Page_Frameworks (Demo)/img_ProductDashboard")): Object: 'Object Repository/TS1_BT_BranchTransfer_DBC/New_Interface/Stock_Receipt/Page_Frameworks (Demo)/img_ProductDashboard' is clicked on

06-10-2024T23:01:09 - [MESSAGE][INFO] - Unable to find the element located by 'By.xpath: //img[contains(@src,'http://frameworks.dahlsens.com.au:8080/FWDemo/frameworks/sc/skins/Frameworks7/images/custom/menus/product.png')]'. Please recheck the objects properties to make sure the desired element is located. 

06-10-2024T23:01:09 - [MESSAGE][WARNING] - [SELF-HEALING] Failed to find element with id 'Object Repository/TS1_BT_BranchTransfer_DBC/New_Interface/Stock_Receipt/Page_Frameworks (Demo)/img_ProductDashboard'. Try using Self-healing.

06-10-2024T23:01:09 - [MESSAGE][WARNING] - [SELF-HEALING] The current locator of test object 'Object Repository/TS1_BT_BranchTransfer_DBC/New_Interface/Stock_Receipt/Page_Frameworks (Demo)/img_ProductDashboard' was broken. Propose an alternative one: '//div[@id='isc_2A']/img'.

06-10-2024T23:01:09 - [MESSAGE][PASSED] - Object: 'Object Repository/TS1_BT_BranchTransfer_DBC/New_Interface/Stock_Receipt/Page_Frameworks (Demo)/img_ProductDashboard' is clicked on

06-10-2024T23:01:09 - [TEST_STEP][PASSED] - setText(findTestObject("Object Repository/TS1_BT_BranchTransfer_DBC/New_Interface/Stock_Receipt/Page_Frameworks (Demo)/input_Product_ProdId"), "5006866"): Text '5006866' is set on object 'Object Repository/TS1_BT_BranchTransfer_DBC/New_Interface/Stock_Receipt/Page_Frameworks (Demo)/input_Product_ProdId'

06-10-2024T23:01:11 - [MESSAGE][PASSED] - Text '5006866' is set on object 'Object Repository/TS1_BT_BranchTransfer_DBC/New_Interface/Stock_Receipt/Page_Frameworks (Demo)/input_Product_ProdId'

06-10-2024T23:01:11 - [TEST_STEP][PASSED] - click(findTestObject("Object Repository/TS1_BT_BranchTransfer_DBC/New_Interface/Stock_Receipt/Page_Frameworks (Demo)/td_Find")): Object: 'Object Repository/TS1_BT_BranchTransfer_DBC/New_Interface/Stock_Receipt/Page_Frameworks (Demo)/td_Find' is clicked on

06-10-2024T23:01:11 - [MESSAGE][PASSED] - Object: 'Object Repository/TS1_BT_BranchTransfer_DBC/New_Interface/Stock_Receipt/Page_Frameworks (Demo)/td_Find' is clicked on

06-10-2024T23:01:11 - [TEST_STEP][PASSED] - delay(2): Delayed 2 second(s)

06-10-2024T23:01:13 - [MESSAGE][PASSED] - Delayed 2 second(s)

06-10-2024T23:01:13 - [TEST_STEP][PASSED] - takeFullPageScreenshot(): Taking screenshot successfully

06-10-2024T23:01:14 - [MESSAGE][INFO] - 0 hidden object(s)

06-10-2024T23:01:14 - [MESSAGE][PASSED] - Taking screenshot successfully
[[ATTACHMENT|C:\\Users\\User\\git\\frameworks-regression-test-automation\\Reports\\20241006_225851\\CHC_Instance\\PointofSale_Module\\TS5_POS_Cash_Refund_Full_CHC\\20241006_225852\\1728216073737.png]]

06-10-2024T23:01:14 - [TEST_STEP][PASSED] - click(findTestObject("Object Repository/TS1_BT_BranchTransfer_DBC/New_Interface/Stock_Receipt/Page_Frameworks (Demo)/div_Stock Movements")): Object: 'Object Repository/TS1_BT_BranchTransfer_DBC/New_Interface/Stock_Receipt/Page_Frameworks (Demo)/div_Stock Movements' is clicked on

06-10-2024T23:01:14 - [MESSAGE][PASSED] - Object: 'Object Repository/TS1_BT_BranchTransfer_DBC/New_Interface/Stock_Receipt/Page_Frameworks (Demo)/div_Stock Movements' is clicked on

06-10-2024T23:01:14 - [TEST_STEP][PASSED] - delay(2): Delayed 2 second(s)

06-10-2024T23:01:16 - [MESSAGE][PASSED] - Delayed 2 second(s)

06-10-2024T23:01:16 - [TEST_STEP][PASSED] - takeFullPageScreenshot(): Taking screenshot successfully

06-10-2024T23:01:16 - [MESSAGE][INFO] - 0 hidden object(s)

06-10-2024T23:01:17 - [MESSAGE][PASSED] - Taking screenshot successfully
[[ATTACHMENT|C:\\Users\\User\\git\\frameworks-regression-test-automation\\Reports\\20241006_225851\\CHC_Instance\\PointofSale_Module\\TS5_POS_Cash_Refund_Full_CHC\\20241006_225852\\1728216076548.png]]

06-10-2024T23:01:17 - [TEST_STEP][PASSED] - verifyTextPresent(transactionNumber, false): Text '13072724' is present on page 

06-10-2024T23:01:17 - [MESSAGE][PASSED] - Text '13072724' is present on page 

06-10-2024T23:01:17 - [TEST_STEP][PASSED] - click(findTestObject("Object Repository/Create_PurchaseOrder_CHC/Page_Frameworks (Demo)/img_Accountdropd")): Object: 'Object Repository/Create_PurchaseOrder_CHC/Page_Frameworks (Demo)/img_Accountdropd' is clicked on

06-10-2024T23:01:17 - [MESSAGE][PASSED] - Object: 'Object Repository/Create_PurchaseOrder_CHC/Page_Frameworks (Demo)/img_Accountdropd' is clicked on

06-10-2024T23:01:17 - [TEST_STEP][PASSED] - click(findTestObject("Object Repository/Create_PurchaseOrder_CHC/Page_Frameworks (Demo)/div_Logout")): Object: 'Object Repository/Create_PurchaseOrder_CHC/Page_Frameworks (Demo)/div_Logout' is clicked on

06-10-2024T23:01:18 - [MESSAGE][PASSED] - Object: 'Object Repository/Create_PurchaseOrder_CHC/Page_Frameworks (Demo)/div_Logout' is clicked on]]></system-out>
         <system-err><![CDATA[]]></system-err>
      </testcase>
      <system-out><![CDATA[06-10-2024T22:58:59 - [TEST_SUITE][PASSED] - TS5_POS_Cash_Refund_Full_CHC: Test Cases/CHC_Instance/PointofSale_Module/TS5_POS_CashRefund_Full_StockReturn/POS_CashRefund_Full_ValidateStock_CHC]]></system-out>
      <system-err><![CDATA[]]></system-err>
   </testsuite>
</testsuites>
