<?xml version="1.0" encoding="UTF-8"?>
<testsuites name="TS3_POS_AccountCredit_Full_NT" time="186.54" tests="4" failures="0" errors="0">
   <testsuite name="TS3_POS_AccountCredit_Full_NT" tests="4" failures="0" errors="0" time="186.54" skipped="0" timestamp="15-11-2024T09:17:18" hostname="azureuser - 10.192.8.5" id="Test Suites/Nortruss instance/PointofSale_Module/TS3_POS_AccountCredit_Full_NT">
      <properties>
         <property name="deviceName" value=""/>
         <property name="devicePlatform"/>
         <property name="logFolder" value="C:\\Users\\azureuser\\git\\frameworks-regression-test-automation\\Reports\\20241115_091708\\Nortruss instance\\PointofSale_Module\\TS3_POS_AccountCredit_Full_NT\\20241115_091708"/>
         <property name="logFiles" value="C:\\Users\\azureuser\\git\\frameworks-regression-test-automation\\Reports\\20241115_091708\\Nortruss instance\\PointofSale_Module\\TS3_POS_AccountCredit_Full_NT\\20241115_091708\\execution0.log"/>
         <property name="attachments" value=""/>
         <property name="hostName" value="azureuser - 10.192.8.5"/>
         <property name="os" value="Windows 11 64bit"/>
         <property name="katalonVersion" value="9.7.2.223"/>
         <property name="browser" value="Chrome 130.0.0.0"/>
         <property name="hostAddress" value="10.192.8.5"/>
         <property name="sessionId" value="f5793f44b2c73450017d3695f969e99f"/>
         <property name="seleniumVersion" value="3.141.59"/>
         <property name="proxyInformation" value="ProxyInformation { proxyOption=NO_PROXY, proxyServerType=HTTP, username=, password=********, proxyServerAddress=, proxyServerPort=0, executionList=&quot;&quot;, isApplyToDesiredCapabilities=true }"/>
         <property name="platform" value="Windows 11"/>
      </properties>
      <testcase name="Test Cases/Nortruss Instance/PointofSale_Module/TS2_POS_AccountSale/POS AccountSale-2023191(TS3)" time="55.087" classname="Test Cases/Nortruss Instance/PointofSale_Module/TS2_POS_AccountSale/POS AccountSale-2023191(TS3)" status="PASSED">
         <system-out><![CDATA[15-11-2024T09:17:19 - [TEST_CASE][PASSED] - Test Cases/Nortruss Instance/PointofSale_Module/TS2_POS_AccountSale/POS AccountSale-2023191(TS3): Test Cases/Nortruss Instance/PointofSale_Module/TS2_POS_AccountSale/POS AccountSale-2023191(TS3)

15-11-2024T09:17:20 - [TEST_STEP][PASSED] - openBrowser(""): Browser is opened with url: ''

15-11-2024T09:17:20 - [MESSAGE][INFO] - Starting 'Chrome' driver

15-11-2024T09:17:20 - [MESSAGE][INFO] - Action delay is set to 0 milliseconds

15-11-2024T09:17:23 - [MESSAGE][PASSED] - Browser is opened with url: ''

15-11-2024T09:17:23 - [TEST_STEP][PASSED] - maximizeWindow(): Current window maximized

15-11-2024T09:17:23 - [MESSAGE][PASSED] - Current window maximized

15-11-2024T09:17:23 - [TEST_STEP][PASSED] - navigateToUrl("http://frameworks.nt.nortruss.com.au:8080/FWDemo/Fluid.html#homeDashboard,dash,Frameworks.Activity.Menu.HomeDashBoard"): Navigate to 'http://frameworks.nt.nortruss.com.au:8080/FWDemo/Fluid.html#homeDashboard,dash,Frameworks.Activity.Menu.HomeDashBoard' successfully

15-11-2024T09:17:30 - [MESSAGE][PASSED] - Navigate to 'http://frameworks.nt.nortruss.com.au:8080/FWDemo/Fluid.html#homeDashboard,dash,Frameworks.Activity.Menu.HomeDashBoard' successfully

15-11-2024T09:17:30 - [TEST_STEP][PASSED] - setText(findTestObject("Object Repository/Page_Frameworks (Demo)/input_User ID_userid"), "manaki"): Text 'manaki' is set on object 'Object Repository/Page_Frameworks (Demo)/input_User ID_userid'

15-11-2024T09:17:35 - [MESSAGE][PASSED] - Text 'manaki' is set on object 'Object Repository/Page_Frameworks (Demo)/input_User ID_userid'

15-11-2024T09:17:35 - [TEST_STEP][PASSED] - setEncryptedText(findTestObject("Object Repository/Page_Frameworks (Demo)/input_Password_password"), "C5+8mNJ15mA="): Text ****** has been set on object 'Object Repository/Page_Frameworks (Demo)/input_Password_password'

15-11-2024T09:17:35 - [MESSAGE][PASSED] - Text ****** has been set on object 'Object Repository/Page_Frameworks (Demo)/input_Password_password'

15-11-2024T09:17:35 - [TEST_STEP][PASSED] - click(findTestObject("Object Repository/Page_Frameworks (Demo)/div_Login")): Object: 'Object Repository/Page_Frameworks (Demo)/div_Login' is clicked on

15-11-2024T09:17:36 - [MESSAGE][PASSED] - Object: 'Object Repository/Page_Frameworks (Demo)/div_Login' is clicked on

15-11-2024T09:17:36 - [TEST_STEP][PASSED] - click(findTestObject("Object Repository/Page_Frameworks (Demo)/img_FW")): Object: 'Object Repository/Page_Frameworks (Demo)/img_FW' is clicked on

15-11-2024T09:17:39 - [MESSAGE][PASSED] - Object: 'Object Repository/Page_Frameworks (Demo)/img_FW' is clicked on

15-11-2024T09:17:39 - [TEST_STEP][PASSED] - click(findTestObject("Object Repository/Page_Frameworks (Demo)/b_Transaction Processing")): Object: 'Object Repository/Page_Frameworks (Demo)/b_Transaction Processing' is clicked on

15-11-2024T09:17:42 - [MESSAGE][PASSED] - Object: 'Object Repository/Page_Frameworks (Demo)/b_Transaction Processing' is clicked on

15-11-2024T09:17:42 - [TEST_STEP][PASSED] - click(findTestObject("Object Repository/Page_Frameworks (Demo)/td_Point Of Sale")): Object: 'Object Repository/Page_Frameworks (Demo)/td_Point Of Sale' is clicked on

15-11-2024T09:17:42 - [MESSAGE][PASSED] - Object: 'Object Repository/Page_Frameworks (Demo)/td_Point Of Sale' is clicked on

15-11-2024T09:17:42 - [TEST_STEP][PASSED] - setEncryptedText(findTestObject("Object Repository/Page_Frameworks (Demo)/input_Operator No_operatorId"), "uzzxF8+Oh1A="): Text ****** has been set on object 'Object Repository/Page_Frameworks (Demo)/input_Operator No_operatorId'

15-11-2024T09:17:46 - [MESSAGE][PASSED] - Text ****** has been set on object 'Object Repository/Page_Frameworks (Demo)/input_Operator No_operatorId'

15-11-2024T09:17:46 - [TEST_STEP][PASSED] - setEncryptedText(findTestObject("Object Repository/Page_Frameworks (Demo)/input_PIN_pin"), "uzzxF8+Oh1A="): Text ****** has been set on object 'Object Repository/Page_Frameworks (Demo)/input_PIN_pin'

15-11-2024T09:17:47 - [MESSAGE][PASSED] - Text ****** has been set on object 'Object Repository/Page_Frameworks (Demo)/input_PIN_pin'

15-11-2024T09:17:47 - [TEST_STEP][PASSED] - click(findTestObject("Object Repository/Page_Frameworks (Demo)/div_OK")): Object: 'Object Repository/Page_Frameworks (Demo)/div_OK' is clicked on

15-11-2024T09:17:47 - [MESSAGE][PASSED] - Object: 'Object Repository/Page_Frameworks (Demo)/div_OK' is clicked on

15-11-2024T09:17:47 - [TEST_STEP][PASSED] - invoiceNum = getText(findTestObject("Object Repository/Page_Frameworks (Demo)/div_invoiceNum")): Text of object 'Object Repository/Page_Frameworks (Demo)/div_invoiceNum' is: '40559495'

15-11-2024T09:17:49 - [MESSAGE][PASSED] - Text of object 'Object Repository/Page_Frameworks (Demo)/div_invoiceNum' is: '40559495'

15-11-2024T09:17:49 - [TEST_STEP][PASSED] - println(invoiceNum): null

15-11-2024T09:17:49 - [TEST_STEP][PASSED] - setText(findTestObject("Object Repository/Page_Frameworks (Demo)/input_m_customerIdX"), "17179"): Text '17179' is set on object 'Object Repository/Page_Frameworks (Demo)/input_m_customerIdX'

15-11-2024T09:17:50 - [MESSAGE][PASSED] - Text '17179' is set on object 'Object Repository/Page_Frameworks (Demo)/input_m_customerIdX'

15-11-2024T09:17:50 - [TEST_STEP][PASSED] - click(findTestObject("Object Repository/Page_Frameworks (Demo)/div_Tiffany Brown (17179)")): Object: 'Object Repository/Page_Frameworks (Demo)/div_Tiffany Brown (17179)' is clicked on

15-11-2024T09:17:51 - [MESSAGE][PASSED] - Object: 'Object Repository/Page_Frameworks (Demo)/div_Tiffany Brown (17179)' is clicked on

15-11-2024T09:17:51 - [TEST_STEP][PASSED] - click(findTestObject("Object Repository/Page_Frameworks (Demo)/input_P_prodId")): Object: 'Object Repository/Page_Frameworks (Demo)/input_P_prodId' is clicked on

15-11-2024T09:17:52 - [MESSAGE][PASSED] - Object: 'Object Repository/Page_Frameworks (Demo)/input_P_prodId' is clicked on

15-11-2024T09:17:52 - [TEST_STEP][PASSED] - click(findTestObject("Object Repository/Page_Frameworks (Demo)/td_Close (O)")): Object: 'Object Repository/Page_Frameworks (Demo)/td_Close (O)' is clicked on

15-11-2024T09:17:54 - [MESSAGE][PASSED] - Object: 'Object Repository/Page_Frameworks (Demo)/td_Close (O)' is clicked on

15-11-2024T09:17:54 - [TEST_STEP][PASSED] - setText(findTestObject("Object Repository/Page_Frameworks (Demo)/input_P_prodId"), "2023191"): Text '2023191' is set on object 'Object Repository/Page_Frameworks (Demo)/input_P_prodId'

15-11-2024T09:17:55 - [MESSAGE][PASSED] - Text '2023191' is set on object 'Object Repository/Page_Frameworks (Demo)/input_P_prodId'

15-11-2024T09:17:55 - [TEST_STEP][PASSED] - click(findTestObject("Object Repository/Page_Frameworks (Demo)/input_Quantity_quantityOrdered")): Object: 'Object Repository/Page_Frameworks (Demo)/input_Quantity_quantityOrdered' is clicked on

15-11-2024T09:17:56 - [MESSAGE][PASSED] - Object: 'Object Repository/Page_Frameworks (Demo)/input_Quantity_quantityOrdered' is clicked on

15-11-2024T09:17:56 - [TEST_STEP][PASSED] - sendKeys(findTestObject("Object Repository/Page_Frameworks (Demo)/input_LM_tallyQuantity_1"), "2"): Keys '2' sent to object: 'Object Repository/Page_Frameworks (Demo)/input_LM_tallyQuantity_1'

15-11-2024T09:17:58 - [MESSAGE][PASSED] - Keys '2' sent to object: 'Object Repository/Page_Frameworks (Demo)/input_LM_tallyQuantity_1'

15-11-2024T09:17:58 - [TEST_STEP][PASSED] - doubleClick(findTestObject("Object Repository/Page_Frameworks (Demo)/div_0.000")): Object: 'Object Repository/Page_Frameworks (Demo)/div_0.000' is double clicked on

15-11-2024T09:17:59 - [MESSAGE][PASSED] - Object: 'Object Repository/Page_Frameworks (Demo)/div_0.000' is double clicked on

15-11-2024T09:17:59 - [TEST_STEP][PASSED] - sendKeys(findTestObject("Object Repository/Page_Frameworks (Demo)/input_LM_tallyLength"), "2"): Keys '2' sent to object: 'Object Repository/Page_Frameworks (Demo)/input_LM_tallyLength'

15-11-2024T09:18:00 - [MESSAGE][PASSED] - Keys '2' sent to object: 'Object Repository/Page_Frameworks (Demo)/input_LM_tallyLength'

15-11-2024T09:18:00 - [TEST_STEP][PASSED] - click(findTestObject("Object Repository/Page_Frameworks (Demo)/td_SaveClose (S)")): Object: 'Object Repository/Page_Frameworks (Demo)/td_SaveClose (S)' is clicked on

15-11-2024T09:18:01 - [MESSAGE][PASSED] - Object: 'Object Repository/Page_Frameworks (Demo)/td_SaveClose (S)' is clicked on

15-11-2024T09:18:01 - [TEST_STEP][PASSED] - click(findTestObject("Object Repository/Page_Frameworks (Demo)/img")): Object: 'Object Repository/Page_Frameworks (Demo)/img' is clicked on

15-11-2024T09:18:02 - [MESSAGE][PASSED] - Object: 'Object Repository/Page_Frameworks (Demo)/img' is clicked on

15-11-2024T09:18:02 - [TEST_STEP][PASSED] - click(findTestObject("Object Repository/Page_Frameworks (Demo)/div_FinishSale (S)")): Object: 'Object Repository/Page_Frameworks (Demo)/div_FinishSale (S)' is clicked on

15-11-2024T09:18:04 - [MESSAGE][PASSED] - Object: 'Object Repository/Page_Frameworks (Demo)/div_FinishSale (S)' is clicked on

15-11-2024T09:18:04 - [TEST_STEP][PASSED] - click(findTestObject("Object Repository/Page_Frameworks (Demo)/div_Pay")): Object: 'Object Repository/Page_Frameworks (Demo)/div_Pay' is clicked on

15-11-2024T09:18:07 - [MESSAGE][PASSED] - Object: 'Object Repository/Page_Frameworks (Demo)/div_Pay' is clicked on

15-11-2024T09:18:07 - [TEST_STEP][PASSED] - setEncryptedText(findTestObject("Object Repository/Page_Frameworks (Demo)/input_Operator No_operatorId_1"), "uzzxF8+Oh1A="): Text ****** has been set on object 'Object Repository/Page_Frameworks (Demo)/input_Operator No_operatorId_1'

15-11-2024T09:18:09 - [MESSAGE][PASSED] - Text ****** has been set on object 'Object Repository/Page_Frameworks (Demo)/input_Operator No_operatorId_1'

15-11-2024T09:18:09 - [TEST_STEP][PASSED] - setEncryptedText(findTestObject("Object Repository/Page_Frameworks (Demo)/input_PIN_pin_1"), "uzzxF8+Oh1A="): Text ****** has been set on object 'Object Repository/Page_Frameworks (Demo)/input_PIN_pin_1'

15-11-2024T09:18:10 - [MESSAGE][PASSED] - Text ****** has been set on object 'Object Repository/Page_Frameworks (Demo)/input_PIN_pin_1'

15-11-2024T09:18:10 - [TEST_STEP][PASSED] - click(findTestObject("Object Repository/Page_Frameworks (Demo)/div_OK_1")): Object: 'Object Repository/Page_Frameworks (Demo)/div_OK_1' is clicked on

15-11-2024T09:18:10 - [MESSAGE][PASSED] - Object: 'Object Repository/Page_Frameworks (Demo)/div_OK_1' is clicked on

15-11-2024T09:18:10 - [TEST_STEP][PASSED] - sourceFile = new java.io.FileInputStream(ExcelFile): null

15-11-2024T09:18:10 - [TEST_STEP][PASSED] - workbook = new org.apache.poi.xssf.usermodel.XSSFWorkbook(sourceFile): null

15-11-2024T09:18:11 - [TEST_STEP][PASSED] - sheet = workbook.getSheet("Sheet1"): null

15-11-2024T09:18:11 - [TEST_STEP][PASSED] - row = sheet.getRow(0): null

15-11-2024T09:18:11 - [TEST_STEP][PASSED] - cell = row.getCell(1): null

15-11-2024T09:18:12 - [TEST_STEP][PASSED] - row = sheet.createRow(1): null

15-11-2024T09:18:12 - [TEST_STEP][PASSED] - cell = row.createCell(0): null

15-11-2024T09:18:12 - [TEST_STEP][PASSED] - cell.setCellValue("Invoice Number"): null

15-11-2024T09:18:12 - [TEST_STEP][PASSED] - cell = row.createCell(1): null

15-11-2024T09:18:12 - [TEST_STEP][PASSED] - cell.setCellValue(invoiceNum): null

15-11-2024T09:18:12 - [TEST_STEP][PASSED] - fos = new java.io.FileOutputStream(ExcelFile): null

15-11-2024T09:18:12 - [TEST_STEP][PASSED] - workbook.write(fos): null

15-11-2024T09:18:12 - [TEST_STEP][PASSED] - fos.close(): null

15-11-2024T09:18:12 - [TEST_STEP][PASSED] - sourceFile.close(): null

15-11-2024T09:18:12 - [TEST_STEP][PASSED] - click(findTestObject("Object Repository/Page_Frameworks (Demo)/img_dropdownLogout")): Object: 'Object Repository/Page_Frameworks (Demo)/img_dropdownLogout' is clicked on

15-11-2024T09:18:13 - [MESSAGE][PASSED] - Object: 'Object Repository/Page_Frameworks (Demo)/img_dropdownLogout' is clicked on

15-11-2024T09:18:13 - [TEST_STEP][PASSED] - click(findTestObject("Object Repository/Page_Frameworks (Demo)/td_Logout")): Object: 'Object Repository/Page_Frameworks (Demo)/td_Logout' is clicked on

15-11-2024T09:18:13 - [MESSAGE][PASSED] - Object: 'Object Repository/Page_Frameworks (Demo)/td_Logout' is clicked on

15-11-2024T09:18:13 - [TEST_STEP][PASSED] - closeBrowser(): Browser is closed

15-11-2024T09:18:14 - [MESSAGE][PASSED] - Browser is closed]]></system-out>
         <system-err><![CDATA[]]></system-err>
      </testcase>
      <testcase name="Test Cases/Nortruss Instance/PointofSale_Module/TS3_POS_AccountCredit_Full_StockReturn_NT/POS_AccountCredit_Full_NT" time="53.359" classname="Test Cases/Nortruss Instance/PointofSale_Module/TS3_POS_AccountCredit_Full_StockReturn_NT/POS_AccountCredit_Full_NT" status="PASSED">
         <system-out><![CDATA[15-11-2024T09:18:14 - [TEST_CASE][PASSED] - Test Cases/Nortruss Instance/PointofSale_Module/TS3_POS_AccountCredit_Full_StockReturn_NT/POS_AccountCredit_Full_NT: Test Cases/Nortruss Instance/PointofSale_Module/TS3_POS_AccountCredit_Full_StockReturn_NT/POS_AccountCredit_Full_NT

15-11-2024T09:18:14 - [TEST_STEP][PASSED] - sourceFile = new java.io.FileInputStream(ExcelFile): null

15-11-2024T09:18:14 - [TEST_STEP][PASSED] - workbook = new org.apache.poi.xssf.usermodel.XSSFWorkbook(sourceFile): null

15-11-2024T09:18:14 - [TEST_STEP][PASSED] - sheet = workbook.getSheet("Sheet1"): null

15-11-2024T09:18:14 - [TEST_STEP][PASSED] - row = sheet.getRow(1): null

15-11-2024T09:18:14 - [TEST_STEP][PASSED] - cell = row.getCell(1): null

15-11-2024T09:18:14 - [TEST_STEP][PASSED] - docketNumber = cell.getStringCellValue(): null

15-11-2024T09:18:14 - [TEST_STEP][PASSED] - println(docketNumber): null

15-11-2024T09:18:14 - [TEST_STEP][PASSED] - openBrowser(""): Browser is opened with url: ''

15-11-2024T09:18:14 - [MESSAGE][INFO] - Starting 'Chrome' driver

15-11-2024T09:18:14 - [MESSAGE][INFO] - Action delay is set to 0 milliseconds

15-11-2024T09:18:16 - [MESSAGE][PASSED] - Browser is opened with url: ''

15-11-2024T09:18:16 - [TEST_STEP][PASSED] - maximizeWindow(): Current window maximized

15-11-2024T09:18:16 - [MESSAGE][PASSED] - Current window maximized

15-11-2024T09:18:16 - [TEST_STEP][PASSED] - navigateToUrl("http://frameworks.nt.nortruss.com.au:8080/FWDemo/Fluid.html#homeDashboard,dash,Frameworks.Activity.Menu.HomeDashBoard"): Navigate to 'http://frameworks.nt.nortruss.com.au:8080/FWDemo/Fluid.html#homeDashboard,dash,Frameworks.Activity.Menu.HomeDashBoard' successfully

15-11-2024T09:18:22 - [MESSAGE][PASSED] - Navigate to 'http://frameworks.nt.nortruss.com.au:8080/FWDemo/Fluid.html#homeDashboard,dash,Frameworks.Activity.Menu.HomeDashBoard' successfully

15-11-2024T09:18:23 - [TEST_STEP][PASSED] - setText(findTestObject("Object Repository/Page_Frameworks (Demo)/input_User ID_userid"), username): Text 'manaki' is set on object 'Object Repository/Page_Frameworks (Demo)/input_User ID_userid'

15-11-2024T09:18:27 - [MESSAGE][PASSED] - Text 'manaki' is set on object 'Object Repository/Page_Frameworks (Demo)/input_User ID_userid'

15-11-2024T09:18:27 - [TEST_STEP][PASSED] - setEncryptedText(findTestObject("Object Repository/Page_Frameworks (Demo)/input_Password_password"), "C5+8mNJ15mA="): Text ****** has been set on object 'Object Repository/Page_Frameworks (Demo)/input_Password_password'

15-11-2024T09:18:28 - [MESSAGE][PASSED] - Text ****** has been set on object 'Object Repository/Page_Frameworks (Demo)/input_Password_password'

15-11-2024T09:18:28 - [TEST_STEP][PASSED] - click(findTestObject("Object Repository/Page_Frameworks (Demo)/div_Login")): Object: 'Object Repository/Page_Frameworks (Demo)/div_Login' is clicked on

15-11-2024T09:18:28 - [MESSAGE][PASSED] - Object: 'Object Repository/Page_Frameworks (Demo)/div_Login' is clicked on

15-11-2024T09:18:28 - [TEST_STEP][PASSED] - click(findTestObject("Object Repository/Page_Frameworks (Demo)/img_FW")): Object: 'Object Repository/Page_Frameworks (Demo)/img_FW' is clicked on

15-11-2024T09:18:33 - [MESSAGE][PASSED] - Object: 'Object Repository/Page_Frameworks (Demo)/img_FW' is clicked on

15-11-2024T09:18:33 - [TEST_STEP][PASSED] - click(findTestObject("Object Repository/Page_Frameworks (Demo)/b_Transaction Processing")): Object: 'Object Repository/Page_Frameworks (Demo)/b_Transaction Processing' is clicked on

15-11-2024T09:18:34 - [MESSAGE][PASSED] - Object: 'Object Repository/Page_Frameworks (Demo)/b_Transaction Processing' is clicked on

15-11-2024T09:18:34 - [TEST_STEP][PASSED] - click(findTestObject("Object Repository/Page_Frameworks (Demo)/td_Credit Notes")): Object: 'Object Repository/Page_Frameworks (Demo)/td_Credit Notes' is clicked on

15-11-2024T09:18:35 - [MESSAGE][PASSED] - Object: 'Object Repository/Page_Frameworks (Demo)/td_Credit Notes' is clicked on

15-11-2024T09:18:35 - [TEST_STEP][PASSED] - click(findTestObject("Object Repository/Page_Frameworks (Demo)/td_New")): Object: 'Object Repository/Page_Frameworks (Demo)/td_New' is clicked on

15-11-2024T09:18:37 - [MESSAGE][PASSED] - Object: 'Object Repository/Page_Frameworks (Demo)/td_New' is clicked on

15-11-2024T09:18:37 - [TEST_STEP][PASSED] - setEncryptedText(findTestObject("Object Repository/Page_Frameworks (Demo)/input_Operator No_operatorId"), "uzzxF8+Oh1A="): Text ****** has been set on object 'Object Repository/Page_Frameworks (Demo)/input_Operator No_operatorId'

15-11-2024T09:18:40 - [MESSAGE][PASSED] - Text ****** has been set on object 'Object Repository/Page_Frameworks (Demo)/input_Operator No_operatorId'

15-11-2024T09:18:40 - [TEST_STEP][PASSED] - setEncryptedText(findTestObject("Object Repository/Page_Frameworks (Demo)/input_PIN_pin"), "uzzxF8+Oh1A="): Text ****** has been set on object 'Object Repository/Page_Frameworks (Demo)/input_PIN_pin'

15-11-2024T09:18:40 - [MESSAGE][PASSED] - Text ****** has been set on object 'Object Repository/Page_Frameworks (Demo)/input_PIN_pin'

15-11-2024T09:18:40 - [TEST_STEP][PASSED] - click(findTestObject("Object Repository/Page_Frameworks (Demo)/div_OK")): Object: 'Object Repository/Page_Frameworks (Demo)/div_OK' is clicked on

15-11-2024T09:18:41 - [MESSAGE][PASSED] - Object: 'Object Repository/Page_Frameworks (Demo)/div_OK' is clicked on

15-11-2024T09:18:41 - [TEST_STEP][PASSED] - transaction_Number = getText(findTestObject("Object Repository/Page_Frameworks (Demo)/transaction_Number")): Text of object 'Object Repository/Page_Frameworks (Demo)/transaction_Number' is: '40559497'

15-11-2024T09:18:42 - [MESSAGE][PASSED] - Text of object 'Object Repository/Page_Frameworks (Demo)/transaction_Number' is: '40559497'

15-11-2024T09:18:42 - [TEST_STEP][PASSED] - println(transaction_Number): null

15-11-2024T09:18:42 - [TEST_STEP][PASSED] - doubleClick(findTestObject("Object Repository/Page_Frameworks (Demo)/input_Customer_idCustX")): Object: 'Object Repository/Page_Frameworks (Demo)/input_Customer_idCustX' is double clicked on

15-11-2024T09:18:43 - [MESSAGE][PASSED] - Object: 'Object Repository/Page_Frameworks (Demo)/input_Customer_idCustX' is double clicked on

15-11-2024T09:18:43 - [TEST_STEP][PASSED] - setText(findTestObject("Object Repository/Page_Frameworks (Demo)/input_Customer_idCustX"), "17179"): Text '17179' is set on object 'Object Repository/Page_Frameworks (Demo)/input_Customer_idCustX'

15-11-2024T09:18:44 - [MESSAGE][PASSED] - Text '17179' is set on object 'Object Repository/Page_Frameworks (Demo)/input_Customer_idCustX'

15-11-2024T09:18:44 - [TEST_STEP][PASSED] - click(findTestObject("Object Repository/Page_Frameworks (Demo)/div_Tiffany Brown (17179) (1)")): Object: 'Object Repository/Page_Frameworks (Demo)/div_Tiffany Brown (17179) (1)' is clicked on

15-11-2024T09:18:45 - [MESSAGE][PASSED] - Object: 'Object Repository/Page_Frameworks (Demo)/div_Tiffany Brown (17179) (1)' is clicked on

15-11-2024T09:18:45 - [TEST_STEP][PASSED] - click(findTestObject("Object Repository/Page_Frameworks (Demo)/img_Select a Value_isc_FP")): Object: 'Object Repository/Page_Frameworks (Demo)/img_Select a Value_isc_FP' is clicked on

15-11-2024T09:18:45 - [MESSAGE][PASSED] - Object: 'Object Repository/Page_Frameworks (Demo)/img_Select a Value_isc_FP' is clicked on

15-11-2024T09:18:45 - [TEST_STEP][PASSED] - click(findTestObject("Object Repository/Page_Frameworks (Demo)/div_Stock Return")): Object: 'Object Repository/Page_Frameworks (Demo)/div_Stock Return' is clicked on

15-11-2024T09:18:46 - [MESSAGE][PASSED] - Object: 'Object Repository/Page_Frameworks (Demo)/div_Stock Return' is clicked on

15-11-2024T09:18:46 - [TEST_STEP][PASSED] - click(findTestObject("Object Repository/Page_Frameworks (Demo)/img_Reason_isc_FU")): Object: 'Object Repository/Page_Frameworks (Demo)/img_Reason_isc_FU' is clicked on

15-11-2024T09:18:48 - [MESSAGE][PASSED] - Object: 'Object Repository/Page_Frameworks (Demo)/img_Reason_isc_FU' is clicked on

15-11-2024T09:18:48 - [TEST_STEP][PASSED] - click(findTestObject("Object Repository/Page_Frameworks (Demo)/div_01 - Stock Returned_1")): Object: 'Object Repository/Page_Frameworks (Demo)/div_01 - Stock Returned_1' is clicked on

15-11-2024T09:18:49 - [MESSAGE][PASSED] - Object: 'Object Repository/Page_Frameworks (Demo)/div_01 - Stock Returned_1' is clicked on

15-11-2024T09:18:49 - [TEST_STEP][PASSED] - click(findTestObject("Object Repository/Page_Frameworks (Demo)/input_Original Docket_originalDocket")): Object: 'Object Repository/Page_Frameworks (Demo)/input_Original Docket_originalDocket' is clicked on

15-11-2024T09:18:49 - [MESSAGE][PASSED] - Object: 'Object Repository/Page_Frameworks (Demo)/input_Original Docket_originalDocket' is clicked on

15-11-2024T09:18:49 - [TEST_STEP][PASSED] - sendKeys(findTestObject("Object Repository/Page_Frameworks (Demo)/input_Original Docket_originalDocket"), docketNumber): Keys '40559495' sent to object: 'Object Repository/Page_Frameworks (Demo)/input_Original Docket_originalDocket'

15-11-2024T09:18:50 - [MESSAGE][PASSED] - Keys '40559495' sent to object: 'Object Repository/Page_Frameworks (Demo)/input_Original Docket_originalDocket'

15-11-2024T09:18:50 - [TEST_STEP][PASSED] - click(findTestObject("Object Repository/Page_Frameworks (Demo)/td_No line items loaded")): Object: 'Object Repository/Page_Frameworks (Demo)/td_No line items loaded' is clicked on

15-11-2024T09:18:50 - [MESSAGE][PASSED] - Object: 'Object Repository/Page_Frameworks (Demo)/td_No line items loaded' is clicked on

15-11-2024T09:18:50 - [TEST_STEP][PASSED] - click(findTestObject("Object Repository/Page_Frameworks (Demo)/span")): Object: 'Object Repository/Page_Frameworks (Demo)/span' is clicked on

15-11-2024T09:18:51 - [MESSAGE][PASSED] - Object: 'Object Repository/Page_Frameworks (Demo)/span' is clicked on

15-11-2024T09:18:51 - [TEST_STEP][PASSED] - click(findTestObject("Object Repository/Page_Frameworks (Demo)/div_Load Details")): Object: 'Object Repository/Page_Frameworks (Demo)/div_Load Details' is clicked on

15-11-2024T09:18:52 - [MESSAGE][PASSED] - Object: 'Object Repository/Page_Frameworks (Demo)/div_Load Details' is clicked on

15-11-2024T09:18:52 - [TEST_STEP][PASSED] - click(findTestObject("Object Repository/Page_Frameworks (Demo)/div_Refund All")): Object: 'Object Repository/Page_Frameworks (Demo)/div_Refund All' is clicked on

15-11-2024T09:18:53 - [MESSAGE][PASSED] - Object: 'Object Repository/Page_Frameworks (Demo)/div_Refund All' is clicked on

15-11-2024T09:18:53 - [TEST_STEP][PASSED] - click(findTestObject("Object Repository/Page_Frameworks (Demo)/div_Finish (S)")): Object: 'Object Repository/Page_Frameworks (Demo)/div_Finish (S)' is clicked on

15-11-2024T09:18:55 - [MESSAGE][PASSED] - Object: 'Object Repository/Page_Frameworks (Demo)/div_Finish (S)' is clicked on

15-11-2024T09:18:55 - [TEST_STEP][PASSED] - click(findTestObject("Object Repository/Page_Frameworks (Demo)/td_OK")): Object: 'Object Repository/Page_Frameworks (Demo)/td_OK' is clicked on

15-11-2024T09:18:56 - [MESSAGE][PASSED] - Object: 'Object Repository/Page_Frameworks (Demo)/td_OK' is clicked on

15-11-2024T09:18:56 - [TEST_STEP][PASSED] - click(findTestObject("Object Repository/Page_Frameworks (Demo)/img_Despatch Method_isc_QR")): Object: 'Object Repository/Page_Frameworks (Demo)/img_Despatch Method_isc_QR' is clicked on

15-11-2024T09:18:57 - [MESSAGE][PASSED] - Object: 'Object Repository/Page_Frameworks (Demo)/img_Despatch Method_isc_QR' is clicked on

15-11-2024T09:18:57 - [TEST_STEP][PASSED] - click(findTestObject("Object Repository/Page_Frameworks (Demo)/div_PICKU - Pick up From Store")): Object: 'Object Repository/Page_Frameworks (Demo)/div_PICKU - Pick up From Store' is clicked on

15-11-2024T09:18:57 - [MESSAGE][PASSED] - Object: 'Object Repository/Page_Frameworks (Demo)/div_PICKU - Pick up From Store' is clicked on

15-11-2024T09:18:57 - [TEST_STEP][PASSED] - setText(findTestObject("Object Repository/Page_Frameworks (Demo)/input_Address_deliverToAddress1"), "PO Box 1094"): Text 'PO Box 1094' is set on object 'Object Repository/Page_Frameworks (Demo)/input_Address_deliverToAddress1'

15-11-2024T09:18:59 - [MESSAGE][PASSED] - Text 'PO Box 1094' is set on object 'Object Repository/Page_Frameworks (Demo)/input_Address_deliverToAddress1'

15-11-2024T09:18:59 - [TEST_STEP][PASSED] - click(findTestObject("Object Repository/Page_Frameworks (Demo)/div_Finish (S)")): Object: 'Object Repository/Page_Frameworks (Demo)/div_Finish (S)' is clicked on

15-11-2024T09:18:59 - [MESSAGE][PASSED] - Object: 'Object Repository/Page_Frameworks (Demo)/div_Finish (S)' is clicked on

15-11-2024T09:18:59 - [TEST_STEP][PASSED] - click(findTestObject("Object Repository/Page_Frameworks (Demo)/div_Refund_1")): Object: 'Object Repository/Page_Frameworks (Demo)/div_Refund_1' is clicked on

15-11-2024T09:19:04 - [MESSAGE][PASSED] - Object: 'Object Repository/Page_Frameworks (Demo)/div_Refund_1' is clicked on

15-11-2024T09:19:04 - [TEST_STEP][PASSED] - updatesourceFile = new java.io.FileInputStream(ExcelFile): null

15-11-2024T09:19:04 - [TEST_STEP][PASSED] - updateWorkbook = new org.apache.poi.xssf.usermodel.XSSFWorkbook(updatesourceFile): null

15-11-2024T09:19:04 - [TEST_STEP][PASSED] - updateSheet = updateWorkbook.getSheet("Sheet1"): null

15-11-2024T09:19:04 - [TEST_STEP][PASSED] - updateRow = updateSheet.getRow(0): null

15-11-2024T09:19:04 - [TEST_STEP][PASSED] - updateCell = updateRow.getCell(1): null

15-11-2024T09:19:04 - [TEST_STEP][PASSED] - updateRow = updateSheet.createRow(2): null

15-11-2024T09:19:04 - [TEST_STEP][PASSED] - updateCell = updateRow.createCell(0): null

15-11-2024T09:19:04 - [TEST_STEP][PASSED] - updateCell.setCellValue("TransactionNumber"): null

15-11-2024T09:19:04 - [TEST_STEP][PASSED] - updateCell = updateRow.createCell(1): null

15-11-2024T09:19:04 - [TEST_STEP][PASSED] - updateCell.setCellValue(transaction_Number): null

15-11-2024T09:19:04 - [TEST_STEP][PASSED] - fos = new java.io.FileOutputStream(ExcelFile): null

15-11-2024T09:19:04 - [TEST_STEP][PASSED] - updateWorkbook.write(fos): null

15-11-2024T09:19:04 - [TEST_STEP][PASSED] - fos.close(): null

15-11-2024T09:19:04 - [TEST_STEP][PASSED] - updatesourceFile.close(): null

15-11-2024T09:19:04 - [TEST_STEP][PASSED] - click(findTestObject("Object Repository/Page_Frameworks (Demo)/img_dropdownLogout")): Object: 'Object Repository/Page_Frameworks (Demo)/img_dropdownLogout' is clicked on

15-11-2024T09:19:06 - [MESSAGE][PASSED] - Object: 'Object Repository/Page_Frameworks (Demo)/img_dropdownLogout' is clicked on

15-11-2024T09:19:06 - [TEST_STEP][PASSED] - click(findTestObject("Object Repository/Page_Frameworks (Demo)/td_Logout")): Object: 'Object Repository/Page_Frameworks (Demo)/td_Logout' is clicked on

15-11-2024T09:19:07 - [MESSAGE][PASSED] - Object: 'Object Repository/Page_Frameworks (Demo)/td_Logout' is clicked on

15-11-2024T09:19:07 - [TEST_STEP][PASSED] - closeBrowser(STOP_ON_FAILURE): Browser is closed

15-11-2024T09:19:07 - [MESSAGE][PASSED] - Browser is closed]]></system-out>
         <system-err><![CDATA[]]></system-err>
      </testcase>
      <testcase name="Test Cases/Nortruss Instance/PointofSale_Module/TS3_POS_AccountCredit_Full_StockReturn_NT/POS_AccountCredit_Full_ValidateRefund" time="37.407" classname="Test Cases/Nortruss Instance/PointofSale_Module/TS3_POS_AccountCredit_Full_StockReturn_NT/POS_AccountCredit_Full_ValidateRefund" status="PASSED">
         <system-out><![CDATA[15-11-2024T09:19:07 - [TEST_CASE][PASSED] - Test Cases/Nortruss Instance/PointofSale_Module/TS3_POS_AccountCredit_Full_StockReturn_NT/POS_AccountCredit_Full_ValidateRefund: Test Cases/Nortruss Instance/PointofSale_Module/TS3_POS_AccountCredit_Full_StockReturn_NT/POS_AccountCredit_Full_ValidateRefund

15-11-2024T09:19:07 - [TEST_STEP][PASSED] - sourceFile = new java.io.FileInputStream(ExcelFile): null

15-11-2024T09:19:07 - [TEST_STEP][PASSED] - workbook = new org.apache.poi.xssf.usermodel.XSSFWorkbook(sourceFile): null

15-11-2024T09:19:08 - [TEST_STEP][PASSED] - sheet = workbook.getSheet("Sheet1"): null

15-11-2024T09:19:08 - [TEST_STEP][PASSED] - row = sheet.getRow(1): null

15-11-2024T09:19:08 - [TEST_STEP][PASSED] - cell = row.getCell(1): null

15-11-2024T09:19:08 - [TEST_STEP][PASSED] - transactionNumber = cell.getStringCellValue(): null

15-11-2024T09:19:08 - [TEST_STEP][PASSED] - println(transactionNumber): null

15-11-2024T09:19:08 - [TEST_STEP][PASSED] - sourceFile.close(): null

15-11-2024T09:19:08 - [TEST_STEP][PASSED] - openBrowser(""): Browser is opened with url: ''

15-11-2024T09:19:08 - [MESSAGE][INFO] - Starting 'Chrome' driver

15-11-2024T09:19:08 - [MESSAGE][INFO] - Action delay is set to 0 milliseconds

15-11-2024T09:19:09 - [MESSAGE][PASSED] - Browser is opened with url: ''

15-11-2024T09:19:09 - [TEST_STEP][PASSED] - getUrl(): Current window's url is: 'data:,'

15-11-2024T09:19:09 - [MESSAGE][PASSED] - Current window's url is: 'data:,'

15-11-2024T09:19:09 - [TEST_STEP][PASSED] - navigateToUrl("http://frameworks.nt.nortruss.com.au:8080/FWDemo/Fluid.html#homeDashboard,dash,Frameworks.Activity.Menu.HomeDashBoard"): Navigate to 'http://frameworks.nt.nortruss.com.au:8080/FWDemo/Fluid.html#homeDashboard,dash,Frameworks.Activity.Menu.HomeDashBoard' successfully

15-11-2024T09:19:15 - [MESSAGE][PASSED] - Navigate to 'http://frameworks.nt.nortruss.com.au:8080/FWDemo/Fluid.html#homeDashboard,dash,Frameworks.Activity.Menu.HomeDashBoard' successfully

15-11-2024T09:19:15 - [TEST_STEP][PASSED] - maximizeWindow(): Current window maximized

15-11-2024T09:19:15 - [MESSAGE][PASSED] - Current window maximized

15-11-2024T09:19:15 - [TEST_STEP][PASSED] - setText(findTestObject("Object Repository/TS3_POS_Accountcredit_Full Validate Customer/Page_Frameworks (Demo)/input_User ID_userid"), "manaki"): Text 'manaki' is set on object 'Object Repository/TS3_POS_Accountcredit_Full Validate Customer/Page_Frameworks (Demo)/input_User ID_userid'

15-11-2024T09:19:20 - [MESSAGE][PASSED] - Text 'manaki' is set on object 'Object Repository/TS3_POS_Accountcredit_Full Validate Customer/Page_Frameworks (Demo)/input_User ID_userid'

15-11-2024T09:19:20 - [TEST_STEP][PASSED] - setEncryptedText(findTestObject("Object Repository/TS3_POS_Accountcredit_Full Validate Customer/Page_Frameworks (Demo)/input_Password_password"), "C5+8mNJ15mA="): Text ****** has been set on object 'Object Repository/TS3_POS_Accountcredit_Full Validate Customer/Page_Frameworks (Demo)/input_Password_password'

15-11-2024T09:19:20 - [MESSAGE][PASSED] - Text ****** has been set on object 'Object Repository/TS3_POS_Accountcredit_Full Validate Customer/Page_Frameworks (Demo)/input_Password_password'

15-11-2024T09:19:20 - [TEST_STEP][PASSED] - click(findTestObject("Object Repository/TS3_POS_Accountcredit_Full Validate Customer/Page_Frameworks (Demo)/div_Login")): Object: 'Object Repository/TS3_POS_Accountcredit_Full Validate Customer/Page_Frameworks (Demo)/div_Login' is clicked on

15-11-2024T09:19:21 - [MESSAGE][PASSED] - Object: 'Object Repository/TS3_POS_Accountcredit_Full Validate Customer/Page_Frameworks (Demo)/div_Login' is clicked on

15-11-2024T09:19:21 - [TEST_STEP][PASSED] - click(findTestObject("Object Repository/TS3_POS_Accountcredit_Full Validate Customer/Page_Frameworks (Demo)/img")): Object: 'Object Repository/TS3_POS_Accountcredit_Full Validate Customer/Page_Frameworks (Demo)/img' is clicked on

15-11-2024T09:19:24 - [MESSAGE][PASSED] - Object: 'Object Repository/TS3_POS_Accountcredit_Full Validate Customer/Page_Frameworks (Demo)/img' is clicked on

15-11-2024T09:19:24 - [TEST_STEP][PASSED] - setText(findTestObject("Object Repository/TS3_POS_Accountcredit_Full Validate Customer/Page_Frameworks (Demo)/input_Customer No_CustId"), "17179"): Text '17179' is set on object 'Object Repository/TS3_POS_Accountcredit_Full Validate Customer/Page_Frameworks (Demo)/input_Customer No_CustId'

15-11-2024T09:19:27 - [MESSAGE][PASSED] - Text '17179' is set on object 'Object Repository/TS3_POS_Accountcredit_Full Validate Customer/Page_Frameworks (Demo)/input_Customer No_CustId'

15-11-2024T09:19:27 - [TEST_STEP][PASSED] - click(findTestObject("Object Repository/TS3_POS_Accountcredit_Full Validate Customer/Page_Frameworks (Demo)/img_Exclude Permanent Stop_isc_8Bicon")): Object: 'Object Repository/TS3_POS_Accountcredit_Full Validate Customer/Page_Frameworks (Demo)/img_Exclude Permanent Stop_isc_8Bicon' is clicked on

15-11-2024T09:19:28 - [MESSAGE][PASSED] - Object: 'Object Repository/TS3_POS_Accountcredit_Full Validate Customer/Page_Frameworks (Demo)/img_Exclude Permanent Stop_isc_8Bicon' is clicked on

15-11-2024T09:19:28 - [TEST_STEP][PASSED] - click(findTestObject("Object Repository/TS3_POS_Accountcredit_Full Validate Customer/Page_Frameworks (Demo)/div_Invoices, Orders, Quotes, Projects  Jobs")): Object: 'Object Repository/TS3_POS_Accountcredit_Full Validate Customer/Page_Frameworks (Demo)/div_Invoices, Orders, Quotes, Projects  Jobs' is clicked on

15-11-2024T09:19:31 - [MESSAGE][PASSED] - Object: 'Object Repository/TS3_POS_Accountcredit_Full Validate Customer/Page_Frameworks (Demo)/div_Invoices, Orders, Quotes, Projects  Jobs' is clicked on

15-11-2024T09:19:31 - [TEST_STEP][PASSED] - verifyTextPresent(transactionNum, false): Text '' is present on page 

15-11-2024T09:19:33 - [MESSAGE][PASSED] - Text '' is present on page 

15-11-2024T09:19:33 - [TEST_STEP][PASSED] - delay(10): Delayed 10 second(s)

15-11-2024T09:19:43 - [MESSAGE][PASSED] - Delayed 10 second(s)

15-11-2024T09:19:43 - [TEST_STEP][PASSED] - click(findTestObject("Object Repository/TS3_POS_Accountcredit_Full Validate Customer/Page_Frameworks (Demo)/img_dropdownLogout")): Object: 'Object Repository/TS3_POS_Accountcredit_Full Validate Customer/Page_Frameworks (Demo)/img_dropdownLogout' is clicked on

15-11-2024T09:19:43 - [MESSAGE][PASSED] - Object: 'Object Repository/TS3_POS_Accountcredit_Full Validate Customer/Page_Frameworks (Demo)/img_dropdownLogout' is clicked on

15-11-2024T09:19:43 - [TEST_STEP][PASSED] - click(findTestObject("Object Repository/TS3_POS_Accountcredit_Full Validate Customer/Page_Frameworks (Demo)/td__1")): Object: 'Object Repository/TS3_POS_Accountcredit_Full Validate Customer/Page_Frameworks (Demo)/td__1' is clicked on

15-11-2024T09:19:44 - [MESSAGE][PASSED] - Object: 'Object Repository/TS3_POS_Accountcredit_Full Validate Customer/Page_Frameworks (Demo)/td__1' is clicked on

15-11-2024T09:19:44 - [TEST_STEP][PASSED] - closeBrowser(): Browser is closed

15-11-2024T09:19:45 - [MESSAGE][PASSED] - Browser is closed]]></system-out>
         <system-err><![CDATA[]]></system-err>
      </testcase>
      <testcase name="Test Cases/Nortruss Instance/PointofSale_Module/TS3_POS_AccountCredit_Full_StockReturn_NT/POS_AccountCredit_Full_ValidateStock" time="40.343" classname="Test Cases/Nortruss Instance/PointofSale_Module/TS3_POS_AccountCredit_Full_StockReturn_NT/POS_AccountCredit_Full_ValidateStock" status="PASSED">
         <system-out><![CDATA[15-11-2024T09:19:45 - [TEST_CASE][PASSED] - Test Cases/Nortruss Instance/PointofSale_Module/TS3_POS_AccountCredit_Full_StockReturn_NT/POS_AccountCredit_Full_ValidateStock: Test Cases/Nortruss Instance/PointofSale_Module/TS3_POS_AccountCredit_Full_StockReturn_NT/POS_AccountCredit_Full_ValidateStock

15-11-2024T09:19:45 - [TEST_STEP][PASSED] - sourceFile = new java.io.FileInputStream(ExcelFile): null

15-11-2024T09:19:45 - [TEST_STEP][PASSED] - workbook = new org.apache.poi.xssf.usermodel.XSSFWorkbook(sourceFile): null

15-11-2024T09:19:45 - [TEST_STEP][PASSED] - sheet = workbook.getSheet("Sheet1"): null

15-11-2024T09:19:45 - [TEST_STEP][PASSED] - row = sheet.getRow(1): null

15-11-2024T09:19:45 - [TEST_STEP][PASSED] - cell = row.getCell(1): null

15-11-2024T09:19:45 - [TEST_STEP][PASSED] - transactionNumber = cell.getStringCellValue(): null

15-11-2024T09:19:45 - [TEST_STEP][PASSED] - println(transactionNumber): null

15-11-2024T09:19:45 - [TEST_STEP][PASSED] - sourceFile.close(): null

15-11-2024T09:19:45 - [TEST_STEP][PASSED] - openBrowser(""): Browser is opened with url: ''

15-11-2024T09:19:45 - [MESSAGE][INFO] - Starting 'Chrome' driver

15-11-2024T09:19:45 - [MESSAGE][INFO] - Action delay is set to 0 milliseconds

15-11-2024T09:19:46 - [MESSAGE][PASSED] - Browser is opened with url: ''

15-11-2024T09:19:46 - [TEST_STEP][PASSED] - getUrl(): Current window's url is: 'data:,'

15-11-2024T09:19:46 - [MESSAGE][PASSED] - Current window's url is: 'data:,'

15-11-2024T09:19:46 - [TEST_STEP][PASSED] - navigateToUrl("http://frameworks.nt.nortruss.com.au:8080/FWDemo/Fluid.html#homeDashboard,dash,Frameworks.Activity.Menu.HomeDashBoard"): Navigate to 'http://frameworks.nt.nortruss.com.au:8080/FWDemo/Fluid.html#homeDashboard,dash,Frameworks.Activity.Menu.HomeDashBoard' successfully

15-11-2024T09:19:46 - [MESSAGE][PASSED] - Navigate to 'http://frameworks.nt.nortruss.com.au:8080/FWDemo/Fluid.html#homeDashboard,dash,Frameworks.Activity.Menu.HomeDashBoard' successfully

15-11-2024T09:19:46 - [TEST_STEP][PASSED] - maximizeWindow(): Current window maximized

15-11-2024T09:19:53 - [MESSAGE][PASSED] - Current window maximized

15-11-2024T09:19:53 - [TEST_STEP][PASSED] - setText(findTestObject("Object Repository/TS3_POS_AccountCredit_Full_ValidateStock/Page_Frameworks (Demo)/input_User ID_userid"), "manaki"): Text 'manaki' is set on object 'Object Repository/TS3_POS_AccountCredit_Full_ValidateStock/Page_Frameworks (Demo)/input_User ID_userid'

15-11-2024T09:19:59 - [MESSAGE][PASSED] - Text 'manaki' is set on object 'Object Repository/TS3_POS_AccountCredit_Full_ValidateStock/Page_Frameworks (Demo)/input_User ID_userid'

15-11-2024T09:19:59 - [TEST_STEP][PASSED] - setEncryptedText(findTestObject("Object Repository/TS3_POS_AccountCredit_Full_ValidateStock/Page_Frameworks (Demo)/input_Password_password"), "C5+8mNJ15mA="): Text ****** has been set on object 'Object Repository/TS3_POS_AccountCredit_Full_ValidateStock/Page_Frameworks (Demo)/input_Password_password'

15-11-2024T09:20:00 - [MESSAGE][PASSED] - Text ****** has been set on object 'Object Repository/TS3_POS_AccountCredit_Full_ValidateStock/Page_Frameworks (Demo)/input_Password_password'

15-11-2024T09:20:00 - [TEST_STEP][PASSED] - click(findTestObject("Object Repository/TS3_POS_AccountCredit_Full_ValidateStock/Page_Frameworks (Demo)/div_Login")): Object: 'Object Repository/TS3_POS_AccountCredit_Full_ValidateStock/Page_Frameworks (Demo)/div_Login' is clicked on

15-11-2024T09:20:00 - [MESSAGE][PASSED] - Object: 'Object Repository/TS3_POS_AccountCredit_Full_ValidateStock/Page_Frameworks (Demo)/div_Login' is clicked on

15-11-2024T09:20:00 - [TEST_STEP][PASSED] - click(findTestObject("Object Repository/TS3_POS_AccountCredit_Full_ValidateStock/Page_Frameworks (Demo)/img_1")): Object: 'Object Repository/TS3_POS_AccountCredit_Full_ValidateStock/Page_Frameworks (Demo)/img_1' is clicked on

15-11-2024T09:20:04 - [MESSAGE][PASSED] - Object: 'Object Repository/TS3_POS_AccountCredit_Full_ValidateStock/Page_Frameworks (Demo)/img_1' is clicked on

15-11-2024T09:20:04 - [TEST_STEP][PASSED] - setText(findTestObject("Object Repository/TS3_POS_AccountCredit_Full_ValidateStock/Page_Frameworks (Demo)/input_Product_ProdId"), "2023191"): Text '2023191' is set on object 'Object Repository/TS3_POS_AccountCredit_Full_ValidateStock/Page_Frameworks (Demo)/input_Product_ProdId'

15-11-2024T09:20:07 - [MESSAGE][PASSED] - Text '2023191' is set on object 'Object Repository/TS3_POS_AccountCredit_Full_ValidateStock/Page_Frameworks (Demo)/input_Product_ProdId'

15-11-2024T09:20:07 - [TEST_STEP][PASSED] - click(findTestObject("Object Repository/TS3_POS_AccountCredit_Full_ValidateStock/Page_Frameworks (Demo)/td_Find")): Object: 'Object Repository/TS3_POS_AccountCredit_Full_ValidateStock/Page_Frameworks (Demo)/td_Find' is clicked on

15-11-2024T09:20:08 - [MESSAGE][PASSED] - Object: 'Object Repository/TS3_POS_AccountCredit_Full_ValidateStock/Page_Frameworks (Demo)/td_Find' is clicked on

15-11-2024T09:20:08 - [TEST_STEP][PASSED] - scrollToElement(findTestObject("Object Repository/TS3_POS_AccountCredit_Full_ValidateStock/Page_Frameworks (Demo)/div_Stock Movements"), 30): Scroll to object 'Object Repository/TS3_POS_AccountCredit_Full_ValidateStock/Page_Frameworks (Demo)/div_Stock Movements' successfully

15-11-2024T09:20:11 - [MESSAGE][PASSED] - Scroll to object 'Object Repository/TS3_POS_AccountCredit_Full_ValidateStock/Page_Frameworks (Demo)/div_Stock Movements' successfully

15-11-2024T09:20:11 - [TEST_STEP][PASSED] - click(findTestObject("Object Repository/TS3_POS_AccountCredit_Full_ValidateStock/Page_Frameworks (Demo)/div_Stock Movements_1")): Object: 'Object Repository/TS3_POS_AccountCredit_Full_ValidateStock/Page_Frameworks (Demo)/div_Stock Movements_1' is clicked on

15-11-2024T09:20:11 - [MESSAGE][PASSED] - Object: 'Object Repository/TS3_POS_AccountCredit_Full_ValidateStock/Page_Frameworks (Demo)/div_Stock Movements_1' is clicked on

15-11-2024T09:20:11 - [TEST_STEP][PASSED] - verifyTextPresent(transactionNum, false): Text '' is present on page 

15-11-2024T09:20:13 - [MESSAGE][PASSED] - Text '' is present on page 

15-11-2024T09:20:13 - [TEST_STEP][PASSED] - delay(10): Delayed 10 second(s)

15-11-2024T09:20:23 - [MESSAGE][PASSED] - Delayed 10 second(s)

15-11-2024T09:20:23 - [TEST_STEP][PASSED] - click(findTestObject("Object Repository/TS3_POS_AccountCredit_Full_ValidateStock/Page_Frameworks (Demo)/img_dropdownLogout")): Object: 'Object Repository/TS3_POS_AccountCredit_Full_ValidateStock/Page_Frameworks (Demo)/img_dropdownLogout' is clicked on

15-11-2024T09:20:24 - [MESSAGE][PASSED] - Object: 'Object Repository/TS3_POS_AccountCredit_Full_ValidateStock/Page_Frameworks (Demo)/img_dropdownLogout' is clicked on

15-11-2024T09:20:24 - [TEST_STEP][PASSED] - click(findTestObject("Object Repository/TS3_POS_AccountCredit_Full_ValidateStock/Page_Frameworks (Demo)/td__1")): Object: 'Object Repository/TS3_POS_AccountCredit_Full_ValidateStock/Page_Frameworks (Demo)/td__1' is clicked on

15-11-2024T09:20:24 - [MESSAGE][PASSED] - Object: 'Object Repository/TS3_POS_AccountCredit_Full_ValidateStock/Page_Frameworks (Demo)/td__1' is clicked on

15-11-2024T09:20:24 - [TEST_STEP][PASSED] - closeBrowser(): Browser is closed

15-11-2024T09:20:25 - [MESSAGE][PASSED] - Browser is closed]]></system-out>
         <system-err><![CDATA[]]></system-err>
      </testcase>
      <system-out><![CDATA[15-11-2024T09:17:18 - [TEST_SUITE][PASSED] - TS3_POS_AccountCredit_Full_NT: Test Cases/Nortruss Instance/PointofSale_Module/TS3_POS_AccountCredit_Full_StockReturn_NT/POS_AccountCredit_Full_ValidateStock]]></system-out>
      <system-err><![CDATA[]]></system-err>
   </testsuite>
</testsuites>
