<?xml version="1.0" encoding="UTF-8"?>
<testsuites name="TS1_POS_CashSale" time="41.964" tests="1" failures="0" errors="0">
   <testsuite name="TS1_POS_CashSale" tests="1" failures="0" errors="0" time="41.964" skipped="0" timestamp="21-11-2024T17:01:59" hostname="azureuser - 10.192.8.5" id="Test Suites/Nortruss instance/PointofSale_Module/TS1_POS_CashSale">
      <properties>
         <property name="deviceName" value=""/>
         <property name="devicePlatform"/>
         <property name="logFolder" value="C:\\Users\\azureuser\\git\\frameworks-regression-test-automation\\Reports\\20241121_170149\\Nortruss instance\\PointofSale_Module\\TS1_POS_CashSale\\20241121_170149"/>
         <property name="logFiles" value="C:\\Users\\azureuser\\git\\frameworks-regression-test-automation\\Reports\\20241121_170149\\Nortruss instance\\PointofSale_Module\\TS1_POS_CashSale\\20241121_170149\\execution0.log"/>
         <property name="attachments" value=""/>
         <property name="hostName" value="azureuser - 10.192.8.5"/>
         <property name="os" value="Windows 11 64bit"/>
         <property name="katalonVersion" value="9.7.2.223"/>
         <property name="browser" value="Chrome 130.0.0.0"/>
         <property name="hostAddress" value="10.192.8.5"/>
         <property name="sessionId" value="d765a23aa354c49d55b66f628ae71067"/>
         <property name="seleniumVersion" value="3.141.59"/>
         <property name="proxyInformation" value="ProxyInformation { proxyOption=NO_PROXY, proxyServerType=HTTP, username=, password=********, proxyServerAddress=, proxyServerPort=0, executionList=&quot;&quot;, isApplyToDesiredCapabilities=true }"/>
         <property name="platform" value="Windows 11"/>
      </properties>
      <testcase name="Test Cases/Nortruss Instance/PointofSale_Module/TS1_POS_CashSale/POS Cash Sale" time="41.636" classname="Test Cases/Nortruss Instance/PointofSale_Module/TS1_POS_CashSale/POS Cash Sale" status="PASSED">
         <system-out><![CDATA[21-11-2024T17:01:59 - [TEST_CASE][PASSED] - Test Cases/Nortruss Instance/PointofSale_Module/TS1_POS_CashSale/POS Cash Sale: Test Cases/Nortruss Instance/PointofSale_Module/TS1_POS_CashSale/POS Cash Sale

21-11-2024T17:02:00 - [TEST_STEP][PASSED] - openBrowser(""): Browser is opened with url: ''

21-11-2024T17:02:00 - [MESSAGE][INFO] - Starting 'Chrome' driver

21-11-2024T17:02:01 - [MESSAGE][INFO] - Action delay is set to 0 milliseconds

21-11-2024T17:02:03 - [MESSAGE][PASSED] - Browser is opened with url: ''

21-11-2024T17:02:03 - [TEST_STEP][PASSED] - maximizeWindow(): Current window maximized

21-11-2024T17:02:03 - [MESSAGE][PASSED] - Current window maximized

21-11-2024T17:02:03 - [TEST_STEP][PASSED] - navigateToUrl("http://frameworks.nt.nortruss.com.au:8080/FWDemo/Fluid.html#homeDashboard,dash,Frameworks.Activity.Menu.HomeDashBoard"): Navigate to 'http://frameworks.nt.nortruss.com.au:8080/FWDemo/Fluid.html#homeDashboard,dash,Frameworks.Activity.Menu.HomeDashBoard' successfully

21-11-2024T17:02:11 - [MESSAGE][PASSED] - Navigate to 'http://frameworks.nt.nortruss.com.au:8080/FWDemo/Fluid.html#homeDashboard,dash,Frameworks.Activity.Menu.HomeDashBoard' successfully

21-11-2024T17:02:11 - [TEST_STEP][PASSED] - setText(findTestObject("Object Repository/Page_Frameworks (Demo)/input_User ID_userid"), "manaki"): Text 'manaki' is set on object 'Object Repository/Page_Frameworks (Demo)/input_User ID_userid'

21-11-2024T17:02:14 - [MESSAGE][PASSED] - Text 'manaki' is set on object 'Object Repository/Page_Frameworks (Demo)/input_User ID_userid'

21-11-2024T17:02:14 - [TEST_STEP][PASSED] - setEncryptedText(findTestObject("Object Repository/Page_Frameworks (Demo)/input_Password_password"), "C5+8mNJ15mA="): Text ****** has been set on object 'Object Repository/Page_Frameworks (Demo)/input_Password_password'

21-11-2024T17:02:15 - [MESSAGE][PASSED] - Text ****** has been set on object 'Object Repository/Page_Frameworks (Demo)/input_Password_password'

21-11-2024T17:02:15 - [TEST_STEP][PASSED] - click(findTestObject("Object Repository/Page_Frameworks (Demo)/div_Login")): Object: 'Object Repository/Page_Frameworks (Demo)/div_Login' is clicked on

21-11-2024T17:02:16 - [MESSAGE][PASSED] - Object: 'Object Repository/Page_Frameworks (Demo)/div_Login' is clicked on

21-11-2024T17:02:16 - [TEST_STEP][PASSED] - click(findTestObject("Object Repository/Page_Frameworks (Demo)/img_FW")): Object: 'Object Repository/Page_Frameworks (Demo)/img_FW' is clicked on

21-11-2024T17:02:18 - [MESSAGE][PASSED] - Object: 'Object Repository/Page_Frameworks (Demo)/img_FW' is clicked on

21-11-2024T17:02:18 - [TEST_STEP][PASSED] - click(findTestObject("Object Repository/Page_Frameworks (Demo)/b_Transaction Processing")): Object: 'Object Repository/Page_Frameworks (Demo)/b_Transaction Processing' is clicked on

21-11-2024T17:02:19 - [MESSAGE][PASSED] - Object: 'Object Repository/Page_Frameworks (Demo)/b_Transaction Processing' is clicked on

21-11-2024T17:02:19 - [TEST_STEP][PASSED] - click(findTestObject("Object Repository/Page_Frameworks (Demo)/td_Point Of Sale")): Object: 'Object Repository/Page_Frameworks (Demo)/td_Point Of Sale' is clicked on

21-11-2024T17:02:20 - [MESSAGE][PASSED] - Object: 'Object Repository/Page_Frameworks (Demo)/td_Point Of Sale' is clicked on

21-11-2024T17:02:20 - [TEST_STEP][PASSED] - setEncryptedText(findTestObject("Object Repository/Page_Frameworks (Demo)/input_Operator No_operatorId"), "uzzxF8+Oh1A="): Text ****** has been set on object 'Object Repository/Page_Frameworks (Demo)/input_Operator No_operatorId'

21-11-2024T17:02:23 - [MESSAGE][PASSED] - Text ****** has been set on object 'Object Repository/Page_Frameworks (Demo)/input_Operator No_operatorId'

21-11-2024T17:02:23 - [TEST_STEP][PASSED] - setEncryptedText(findTestObject("Object Repository/Page_Frameworks (Demo)/input_PIN_pin"), "uzzxF8+Oh1A="): Text ****** has been set on object 'Object Repository/Page_Frameworks (Demo)/input_PIN_pin'

21-11-2024T17:02:24 - [MESSAGE][PASSED] - Text ****** has been set on object 'Object Repository/Page_Frameworks (Demo)/input_PIN_pin'

21-11-2024T17:02:24 - [TEST_STEP][PASSED] - click(findTestObject("Object Repository/Page_Frameworks (Demo)/div_OK")): Object: 'Object Repository/Page_Frameworks (Demo)/div_OK' is clicked on

21-11-2024T17:02:25 - [MESSAGE][PASSED] - Object: 'Object Repository/Page_Frameworks (Demo)/div_OK' is clicked on

21-11-2024T17:02:25 - [TEST_STEP][PASSED] - setText(findTestObject("Object Repository/Page_Frameworks (Demo)/input_P_prodId"), "2014086"): Text '2014086' is set on object 'Object Repository/Page_Frameworks (Demo)/input_P_prodId'

21-11-2024T17:02:28 - [MESSAGE][PASSED] - Text '2014086' is set on object 'Object Repository/Page_Frameworks (Demo)/input_P_prodId'

21-11-2024T17:02:28 - [TEST_STEP][PASSED] - click(findTestObject("Object Repository/Page_Frameworks (Demo)/input_Quantity_quantityOrdered")): Object: 'Object Repository/Page_Frameworks (Demo)/input_Quantity_quantityOrdered' is clicked on

21-11-2024T17:02:29 - [MESSAGE][PASSED] - Object: 'Object Repository/Page_Frameworks (Demo)/input_Quantity_quantityOrdered' is clicked on

21-11-2024T17:02:29 - [TEST_STEP][PASSED] - click(findTestObject("Object Repository/Page_Frameworks (Demo)/img")): Object: 'Object Repository/Page_Frameworks (Demo)/img' is clicked on

21-11-2024T17:02:31 - [MESSAGE][PASSED] - Object: 'Object Repository/Page_Frameworks (Demo)/img' is clicked on

21-11-2024T17:02:31 - [TEST_STEP][PASSED] - click(findTestObject("Object Repository/Page_Frameworks (Demo)/div_FinishSale (S)")): Object: 'Object Repository/Page_Frameworks (Demo)/div_FinishSale (S)' is clicked on

21-11-2024T17:02:32 - [MESSAGE][PASSED] - Object: 'Object Repository/Page_Frameworks (Demo)/div_FinishSale (S)' is clicked on

21-11-2024T17:02:32 - [TEST_STEP][PASSED] - click(findTestObject("Object Repository/Page_Frameworks (Demo)/div_Pay")): Object: 'Object Repository/Page_Frameworks (Demo)/div_Pay' is clicked on

21-11-2024T17:02:35 - [MESSAGE][PASSED] - Object: 'Object Repository/Page_Frameworks (Demo)/div_Pay' is clicked on

21-11-2024T17:02:35 - [TEST_STEP][PASSED] - setEncryptedText(findTestObject("Object Repository/Page_Frameworks (Demo)/input_Operator No_operatorId_1"), "uzzxF8+Oh1A="): Text ****** has been set on object 'Object Repository/Page_Frameworks (Demo)/input_Operator No_operatorId_1'

21-11-2024T17:02:37 - [MESSAGE][PASSED] - Text ****** has been set on object 'Object Repository/Page_Frameworks (Demo)/input_Operator No_operatorId_1'

21-11-2024T17:02:37 - [TEST_STEP][PASSED] - setEncryptedText(findTestObject("Object Repository/Page_Frameworks (Demo)/input_PIN_pin_1"), "uzzxF8+Oh1A="): Text ****** has been set on object 'Object Repository/Page_Frameworks (Demo)/input_PIN_pin_1'

21-11-2024T17:02:38 - [MESSAGE][PASSED] - Text ****** has been set on object 'Object Repository/Page_Frameworks (Demo)/input_PIN_pin_1'

21-11-2024T17:02:38 - [TEST_STEP][PASSED] - click(findTestObject("Object Repository/Page_Frameworks (Demo)/div_OK_1")): Object: 'Object Repository/Page_Frameworks (Demo)/div_OK_1' is clicked on

21-11-2024T17:02:38 - [MESSAGE][PASSED] - Object: 'Object Repository/Page_Frameworks (Demo)/div_OK_1' is clicked on

21-11-2024T17:02:38 - [TEST_STEP][PASSED] - click(findTestObject("Object Repository/Page_Frameworks (Demo)/img_dropdownLogout")): Object: 'Object Repository/Page_Frameworks (Demo)/img_dropdownLogout' is clicked on

21-11-2024T17:02:40 - [MESSAGE][PASSED] - Object: 'Object Repository/Page_Frameworks (Demo)/img_dropdownLogout' is clicked on

21-11-2024T17:02:40 - [TEST_STEP][PASSED] - click(findTestObject("Object Repository/Page_Frameworks (Demo)/td_Logout")): Object: 'Object Repository/Page_Frameworks (Demo)/td_Logout' is clicked on

21-11-2024T17:02:41 - [MESSAGE][PASSED] - Object: 'Object Repository/Page_Frameworks (Demo)/td_Logout' is clicked on]]></system-out>
         <system-err><![CDATA[]]></system-err>
      </testcase>
      <system-out><![CDATA[21-11-2024T17:01:59 - [TEST_SUITE][PASSED] - TS1_POS_CashSale: Test Cases/Nortruss Instance/PointofSale_Module/TS1_POS_CashSale/POS Cash Sale]]></system-out>
      <system-err><![CDATA[]]></system-err>
   </testsuite>
</testsuites>
