<?xml version="1.0" encoding="UTF-8"?>
<testsuites name="TS8_POS_Cash_Refund_Overcharge_CHC" time="95.508" tests="2" failures="0" errors="0">
   <testsuite name="TS8_POS_Cash_Refund_Overcharge_CHC" tests="2" failures="0" errors="0" time="95.508" skipped="0" timestamp="07-10-2024T22:42:03" hostname="User - ROG" id="Test Suites/CHC_Instance/PointofSale_Module/TS8_POS_Cash_Refund_Overcharge_CHC">
      <properties>
         <property name="deviceName" value=""/>
         <property name="devicePlatform"/>
         <property name="logFolder" value="C:\\Users\\User\\git\\frameworks-regression-test-automation\\Reports\\20241007_224155\\CHC_Instance\\PointofSale_Module\\TS8_POS_Cash_Refund_Overcharge_CHC\\20241007_224155"/>
         <property name="logFiles" value="C:\\Users\\User\\git\\frameworks-regression-test-automation\\Reports\\20241007_224155\\CHC_Instance\\PointofSale_Module\\TS8_POS_Cash_Refund_Overcharge_CHC\\20241007_224155\\execution0.log"/>
         <property name="attachments" value="C:\\Users\\User\\git\\frameworks-regression-test-automation\\Reports\\20241007_224155\\CHC_Instance\\PointofSale_Module\\TS8_POS_Cash_Refund_Overcharge_CHC\\20241007_224155\\1728301342835.png, C:\\Users\\User\\git\\frameworks-regression-test-automation\\Reports\\20241007_224155\\CHC_Instance\\PointofSale_Module\\TS8_POS_Cash_Refund_Overcharge_CHC\\20241007_224155\\1728301354943.png, C:\\Users\\User\\git\\frameworks-regression-test-automation\\Reports\\20241007_224155\\CHC_Instance\\PointofSale_Module\\TS8_POS_Cash_Refund_Overcharge_CHC\\20241007_224155\\1728301357964.png, C:\\Users\\User\\git\\frameworks-regression-test-automation\\Reports\\20241007_224155\\CHC_Instance\\PointofSale_Module\\TS8_POS_Cash_Refund_Overcharge_CHC\\20241007_224155\\1728301364957.png, C:\\Users\\User\\git\\frameworks-regression-test-automation\\Reports\\20241007_224155\\CHC_Instance\\PointofSale_Module\\TS8_POS_Cash_Refund_Overcharge_CHC\\20241007_224155\\1728301387833.png, C:\\Users\\User\\git\\frameworks-regression-test-automation\\Reports\\20241007_224155\\CHC_Instance\\PointofSale_Module\\TS8_POS_Cash_Refund_Overcharge_CHC\\20241007_224155\\1728301391042.png, C:\\Users\\User\\git\\frameworks-regression-test-automation\\Reports\\20241007_224155\\CHC_Instance\\PointofSale_Module\\TS8_POS_Cash_Refund_Overcharge_CHC\\20241007_224155\\1728301400699.png, C:\\Users\\User\\git\\frameworks-regression-test-automation\\Reports\\20241007_224155\\CHC_Instance\\PointofSale_Module\\TS8_POS_Cash_Refund_Overcharge_CHC\\20241007_224155\\1728301403643.png, C:\\Users\\User\\git\\frameworks-regression-test-automation\\Reports\\20241007_224155\\CHC_Instance\\PointofSale_Module\\TS8_POS_Cash_Refund_Overcharge_CHC\\20241007_224155\\1728301407354.png, C:\\Users\\User\\git\\frameworks-regression-test-automation\\Reports\\20241007_224155\\CHC_Instance\\PointofSale_Module\\TS8_POS_Cash_Refund_Overcharge_CHC\\20241007_224155\\1728301410205.png, C:\\Users\\User\\git\\frameworks-regression-test-automation\\Reports\\20241007_224155\\CHC_Instance\\PointofSale_Module\\TS8_POS_Cash_Refund_Overcharge_CHC\\20241007_224155\\1728301417291.png"/>
         <property name="hostName" value="User - ROG"/>
         <property name="os" value="Windows 11 64bit"/>
         <property name="katalonVersion" value="9.5.0.217"/>
         <property name="browser" value="Chrome 129.0.0.0"/>
         <property name="hostAddress" value="10.192.251.1"/>
         <property name="sessionId" value="ba3ce2497236b48bc8356357de6f70e5"/>
         <property name="seleniumVersion" value="3.141.59"/>
         <property name="proxyInformation" value="ProxyInformation { proxyOption=NO_PROXY, proxyServerType=HTTP, username=, password=********, proxyServerAddress=, proxyServerPort=0, executionList=&quot;&quot;, isApplyToDesiredCapabilities=true }"/>
         <property name="platform" value="Windows 11"/>
      </properties>
      <testcase name="Test Cases/CHC_Instance/PointofSale_Module/TS1_POS_CashSale/POS_CashSale-5006866(TS8)" time="43.956" classname="Test Cases/CHC_Instance/PointofSale_Module/TS1_POS_CashSale/POS_CashSale-5006866(TS8)" status="PASSED">
         <system-out><![CDATA[07-10-2024T22:42:03 - [TEST_CASE][PASSED] - Test Cases/CHC_Instance/PointofSale_Module/TS1_POS_CashSale/POS_CashSale-5006866(TS8): Test Cases/CHC_Instance/PointofSale_Module/TS1_POS_CashSale/POS_CashSale-5006866(TS8)

07-10-2024T22:42:03 - [TEST_STEP][PASSED] - openBrowser(""): Browser is opened with url: ''

07-10-2024T22:42:04 - [MESSAGE][INFO] - Starting 'Chrome' driver

07-10-2024T22:42:04 - [MESSAGE][INFO] - Action delay is set to 0 milliseconds

07-10-2024T22:42:05 - [MESSAGE][PASSED] - Browser is opened with url: ''

07-10-2024T22:42:05 - [TEST_STEP][PASSED] - maximizeWindow(): Current window maximized

07-10-2024T22:42:05 - [MESSAGE][PASSED] - Current window maximized

07-10-2024T22:42:05 - [TEST_STEP][PASSED] - navigateToUrl("http://frameworks.cairnshardware.com.au:8080/FWDemo/Fluid.html#homeDashboard,dash,Frameworks.Activity.Menu.HomeDashBoard"): Navigate to 'http://frameworks.cairnshardware.com.au:8080/FWDemo/Fluid.html#homeDashboard,dash,Frameworks.Activity.Menu.HomeDashBoard' successfully

07-10-2024T22:42:11 - [MESSAGE][PASSED] - Navigate to 'http://frameworks.cairnshardware.com.au:8080/FWDemo/Fluid.html#homeDashboard,dash,Frameworks.Activity.Menu.HomeDashBoard' successfully

07-10-2024T22:42:11 - [TEST_STEP][PASSED] - setText(findTestObject("Object Repository/POS_CashSale_CHC/Page_Frameworks (Demo)/input_User ID_userid"), userName): Text 'manaki' is set on object 'Object Repository/POS_CashSale_CHC/Page_Frameworks (Demo)/input_User ID_userid'

07-10-2024T22:42:15 - [MESSAGE][PASSED] - Text 'manaki' is set on object 'Object Repository/POS_CashSale_CHC/Page_Frameworks (Demo)/input_User ID_userid'

07-10-2024T22:42:15 - [TEST_STEP][PASSED] - setEncryptedText(findTestObject("Object Repository/POS_CashSale_CHC/Page_Frameworks (Demo)/input_Password_password"), "BvRmjN+0xFM="): Text ****** has been set on object 'Object Repository/POS_CashSale_CHC/Page_Frameworks (Demo)/input_Password_password'

07-10-2024T22:42:15 - [MESSAGE][PASSED] - Text ****** has been set on object 'Object Repository/POS_CashSale_CHC/Page_Frameworks (Demo)/input_Password_password'

07-10-2024T22:42:15 - [TEST_STEP][PASSED] - click(findTestObject("Object Repository/POS_CashSale_CHC/Page_Frameworks (Demo)/div_Login")): Object: 'Object Repository/POS_CashSale_CHC/Page_Frameworks (Demo)/div_Login' is clicked on

07-10-2024T22:42:16 - [MESSAGE][PASSED] - Object: 'Object Repository/POS_CashSale_CHC/Page_Frameworks (Demo)/div_Login' is clicked on

07-10-2024T22:42:16 - [TEST_STEP][PASSED] - click(findTestObject("Object Repository/POS_CashSale_CHC/Page_Frameworks (Demo)/Fws_Menu")): Object: 'Object Repository/POS_CashSale_CHC/Page_Frameworks (Demo)/Fws_Menu' is clicked on

07-10-2024T22:42:18 - [MESSAGE][PASSED] - Object: 'Object Repository/POS_CashSale_CHC/Page_Frameworks (Demo)/Fws_Menu' is clicked on

07-10-2024T22:42:18 - [TEST_STEP][PASSED] - click(findTestObject("Object Repository/POS_CashSale_CHC/Page_Frameworks (Demo)/Sales_TransactionProcessing")): Object: 'Object Repository/POS_CashSale_CHC/Page_Frameworks (Demo)/Sales_TransactionProcessing' is clicked on

07-10-2024T22:42:19 - [MESSAGE][PASSED] - Object: 'Object Repository/POS_CashSale_CHC/Page_Frameworks (Demo)/Sales_TransactionProcessing' is clicked on

07-10-2024T22:42:19 - [TEST_STEP][PASSED] - click(findTestObject("Object Repository/POS_CashSale_CHC/Page_Frameworks (Demo)/td_Point Of Sale")): Object: 'Object Repository/POS_CashSale_CHC/Page_Frameworks (Demo)/td_Point Of Sale' is clicked on

07-10-2024T22:42:20 - [MESSAGE][PASSED] - Object: 'Object Repository/POS_CashSale_CHC/Page_Frameworks (Demo)/td_Point Of Sale' is clicked on

07-10-2024T22:42:20 - [TEST_STEP][PASSED] - delay(2): Delayed 2 second(s)

07-10-2024T22:42:22 - [MESSAGE][PASSED] - Delayed 2 second(s)

07-10-2024T22:42:22 - [TEST_STEP][PASSED] - takeFullPageScreenshot(): Taking screenshot successfully

07-10-2024T22:42:24 - [MESSAGE][INFO] - 0 hidden object(s)

07-10-2024T22:42:24 - [MESSAGE][PASSED] - Taking screenshot successfully
[[ATTACHMENT|C:\\Users\\User\\git\\frameworks-regression-test-automation\\Reports\\20241007_224155\\CHC_Instance\\PointofSale_Module\\TS8_POS_Cash_Refund_Overcharge_CHC\\20241007_224155\\1728301342835.png]]

07-10-2024T22:42:24 - [TEST_STEP][PASSED] - invoiceNum = getText(findTestObject("Object Repository/POS_CashSale_CHC/Page_Frameworks (Demo)/div_invoiceNum")): Text of object 'Object Repository/POS_CashSale_CHC/Page_Frameworks (Demo)/div_invoiceNum' is: '13072737'

07-10-2024T22:42:24 - [MESSAGE][PASSED] - Text of object 'Object Repository/POS_CashSale_CHC/Page_Frameworks (Demo)/div_invoiceNum' is: '13072737'

07-10-2024T22:42:24 - [TEST_STEP][PASSED] - setText(findTestObject("Object Repository/POS_CashSale_CHC/Page_Frameworks (Demo)/input_P_prodId"), "5006866"): Text '5006866' is set on object 'Object Repository/POS_CashSale_CHC/Page_Frameworks (Demo)/input_P_prodId'

07-10-2024T22:42:25 - [MESSAGE][PASSED] - Text '5006866' is set on object 'Object Repository/POS_CashSale_CHC/Page_Frameworks (Demo)/input_P_prodId'

07-10-2024T22:42:25 - [TEST_STEP][PASSED] - delay(2): Delayed 2 second(s)

07-10-2024T22:42:27 - [MESSAGE][PASSED] - Delayed 2 second(s)

07-10-2024T22:42:27 - [TEST_STEP][PASSED] - setText(findTestObject("Object Repository/POS_CashSale_CHC/Page_Frameworks (Demo)/input_Quantity_quantityOrdered"), "2"): Text '2' is set on object 'Object Repository/POS_CashSale_CHC/Page_Frameworks (Demo)/input_Quantity_quantityOrdered'

07-10-2024T22:42:30 - [MESSAGE][PASSED] - Text '2' is set on object 'Object Repository/POS_CashSale_CHC/Page_Frameworks (Demo)/input_Quantity_quantityOrdered'

07-10-2024T22:42:30 - [TEST_STEP][PASSED] - click(findTestObject("Object Repository/POS_CashSale_CHC/Page_Frameworks (Demo)/input_Quantity_quantityOrdered")): Object: 'Object Repository/POS_CashSale_CHC/Page_Frameworks (Demo)/input_Quantity_quantityOrdered' is clicked on

07-10-2024T22:42:30 - [MESSAGE][PASSED] - Object: 'Object Repository/POS_CashSale_CHC/Page_Frameworks (Demo)/input_Quantity_quantityOrdered' is clicked on

07-10-2024T22:42:30 - [TEST_STEP][PASSED] - delay(2): Delayed 2 second(s)

07-10-2024T22:42:32 - [MESSAGE][PASSED] - Delayed 2 second(s)

07-10-2024T22:42:32 - [TEST_STEP][PASSED] - click(findTestObject("Object Repository/POS_CashSale_CHC/Page_Frameworks (Demo)/img_add")): Object: 'Object Repository/POS_CashSale_CHC/Page_Frameworks (Demo)/img_add' is clicked on

07-10-2024T22:42:32 - [MESSAGE][PASSED] - Object: 'Object Repository/POS_CashSale_CHC/Page_Frameworks (Demo)/img_add' is clicked on

07-10-2024T22:42:32 - [TEST_STEP][PASSED] - delay(2): Delayed 2 second(s)

07-10-2024T22:42:34 - [MESSAGE][PASSED] - Delayed 2 second(s)

07-10-2024T22:42:34 - [TEST_STEP][PASSED] - takeFullPageScreenshot(): Taking screenshot successfully

07-10-2024T22:42:35 - [MESSAGE][INFO] - 0 hidden object(s)

07-10-2024T22:42:35 - [MESSAGE][PASSED] - Taking screenshot successfully
[[ATTACHMENT|C:\\Users\\User\\git\\frameworks-regression-test-automation\\Reports\\20241007_224155\\CHC_Instance\\PointofSale_Module\\TS8_POS_Cash_Refund_Overcharge_CHC\\20241007_224155\\1728301354943.png]]

07-10-2024T22:42:35 - [TEST_STEP][PASSED] - click(findTestObject("Object Repository/POS_CashSale_CHC/Page_Frameworks (Demo)/div_FinishSale (S)")): Object: 'Object Repository/POS_CashSale_CHC/Page_Frameworks (Demo)/div_FinishSale (S)' is clicked on

07-10-2024T22:42:35 - [MESSAGE][PASSED] - Object: 'Object Repository/POS_CashSale_CHC/Page_Frameworks (Demo)/div_FinishSale (S)' is clicked on

07-10-2024T22:42:35 - [TEST_STEP][PASSED] - delay(2): Delayed 2 second(s)

07-10-2024T22:42:37 - [MESSAGE][PASSED] - Delayed 2 second(s)

07-10-2024T22:42:37 - [TEST_STEP][PASSED] - takeFullPageScreenshot(): Taking screenshot successfully

07-10-2024T22:42:39 - [MESSAGE][INFO] - 0 hidden object(s)

07-10-2024T22:42:39 - [MESSAGE][PASSED] - Taking screenshot successfully
[[ATTACHMENT|C:\\Users\\User\\git\\frameworks-regression-test-automation\\Reports\\20241007_224155\\CHC_Instance\\PointofSale_Module\\TS8_POS_Cash_Refund_Overcharge_CHC\\20241007_224155\\1728301357964.png]]

07-10-2024T22:42:39 - [TEST_STEP][PASSED] - click(findTestObject("Object Repository/POS_CashSale_CHC/Page_Frameworks (Demo)/img_Paydropdown")): Object: 'Object Repository/POS_CashSale_CHC/Page_Frameworks (Demo)/img_Paydropdown' is clicked on

07-10-2024T22:42:39 - [MESSAGE][PASSED] - Object: 'Object Repository/POS_CashSale_CHC/Page_Frameworks (Demo)/img_Paydropdown' is clicked on

07-10-2024T22:42:39 - [TEST_STEP][PASSED] - click(findTestObject("Object Repository/POS_CashSale_CHC/Page_Frameworks (Demo)/div_EFTPOS")): Object: 'Object Repository/POS_CashSale_CHC/Page_Frameworks (Demo)/div_EFTPOS' is clicked on

07-10-2024T22:42:40 - [MESSAGE][PASSED] - Object: 'Object Repository/POS_CashSale_CHC/Page_Frameworks (Demo)/div_EFTPOS' is clicked on

07-10-2024T22:42:40 - [TEST_STEP][PASSED] - click(findTestObject("Object Repository/POS_CashSale_CHC/Page_Frameworks (Demo)/div_Pay")): Object: 'Object Repository/POS_CashSale_CHC/Page_Frameworks (Demo)/div_Pay' is clicked on

07-10-2024T22:42:41 - [MESSAGE][PASSED] - Object: 'Object Repository/POS_CashSale_CHC/Page_Frameworks (Demo)/div_Pay' is clicked on

07-10-2024T22:42:41 - [TEST_STEP][PASSED] - click(findTestObject("Object Repository/POS_CashSale_CHC/Page_Frameworks (Demo)/img_EftposTransact")): Object: 'Object Repository/POS_CashSale_CHC/Page_Frameworks (Demo)/img_EftposTransact' is clicked on

07-10-2024T22:42:42 - [MESSAGE][PASSED] - Object: 'Object Repository/POS_CashSale_CHC/Page_Frameworks (Demo)/img_EftposTransact' is clicked on

07-10-2024T22:42:42 - [TEST_STEP][PASSED] - delay(2): Delayed 2 second(s)

07-10-2024T22:42:44 - [MESSAGE][PASSED] - Delayed 2 second(s)

07-10-2024T22:42:44 - [TEST_STEP][PASSED] - takeFullPageScreenshot(): Taking screenshot successfully

07-10-2024T22:42:45 - [MESSAGE][INFO] - 0 hidden object(s)

07-10-2024T22:42:45 - [MESSAGE][PASSED] - Taking screenshot successfully
[[ATTACHMENT|C:\\Users\\User\\git\\frameworks-regression-test-automation\\Reports\\20241007_224155\\CHC_Instance\\PointofSale_Module\\TS8_POS_Cash_Refund_Overcharge_CHC\\20241007_224155\\1728301364957.png]]

07-10-2024T22:42:45 - [TEST_STEP][PASSED] - sourceFile = new java.io.FileInputStream(ExcelFile): null

07-10-2024T22:42:45 - [TEST_STEP][PASSED] - workbook = new org.apache.poi.xssf.usermodel.XSSFWorkbook(sourceFile): null

07-10-2024T22:42:46 - [TEST_STEP][PASSED] - sheet = workbook.getSheet("Sheet1"): null

07-10-2024T22:42:46 - [TEST_STEP][PASSED] - row = sheet.getRow(0): null

07-10-2024T22:42:46 - [TEST_STEP][PASSED] - cell = row.getCell(1): null

07-10-2024T22:42:46 - [TEST_STEP][PASSED] - row = sheet.createRow(1): null

07-10-2024T22:42:46 - [TEST_STEP][PASSED] - cell = row.createCell(0): null

07-10-2024T22:42:46 - [TEST_STEP][PASSED] - cell.setCellValue("Invoice Number"): null

07-10-2024T22:42:46 - [TEST_STEP][PASSED] - cell = row.createCell(1): null

07-10-2024T22:42:46 - [TEST_STEP][PASSED] - cell.setCellValue(invoiceNum): null

07-10-2024T22:42:46 - [TEST_STEP][PASSED] - fos = new java.io.FileOutputStream(ExcelFile): null

07-10-2024T22:42:46 - [TEST_STEP][PASSED] - workbook.write(fos): null

07-10-2024T22:42:46 - [TEST_STEP][PASSED] - fos.close(): null

07-10-2024T22:42:46 - [TEST_STEP][PASSED] - sourceFile.close(): null

07-10-2024T22:42:46 - [TEST_STEP][PASSED] - click(findTestObject("Object Repository/TS8_POS_CashRefund_Overcharge_CHC/Page_Frameworks (Demo)/img_Accountdropd")): Object: 'Object Repository/TS8_POS_CashRefund_Overcharge_CHC/Page_Frameworks (Demo)/img_Accountdropd' is clicked on

07-10-2024T22:42:46 - [MESSAGE][PASSED] - Object: 'Object Repository/TS8_POS_CashRefund_Overcharge_CHC/Page_Frameworks (Demo)/img_Accountdropd' is clicked on

07-10-2024T22:42:46 - [TEST_STEP][PASSED] - click(findTestObject("Object Repository/TS8_POS_CashRefund_Overcharge_CHC/Page_Frameworks (Demo)/div_Logout")): Object: 'Object Repository/TS8_POS_CashRefund_Overcharge_CHC/Page_Frameworks (Demo)/div_Logout' is clicked on

07-10-2024T22:42:47 - [MESSAGE][PASSED] - Object: 'Object Repository/TS8_POS_CashRefund_Overcharge_CHC/Page_Frameworks (Demo)/div_Logout' is clicked on]]></system-out>
         <system-err><![CDATA[]]></system-err>
      </testcase>
      <testcase name="Test Cases/CHC_Instance/PointofSale_Module/TS8_POS_CashRefund_Overcharge/POS_CashRefund_Overcharge_CHC" time="51.375" classname="Test Cases/CHC_Instance/PointofSale_Module/TS8_POS_CashRefund_Overcharge/POS_CashRefund_Overcharge_CHC" status="PASSED">
         <system-out><![CDATA[07-10-2024T22:42:47 - [TEST_CASE][PASSED] - Test Cases/CHC_Instance/PointofSale_Module/TS8_POS_CashRefund_Overcharge/POS_CashRefund_Overcharge_CHC: Test Cases/CHC_Instance/PointofSale_Module/TS8_POS_CashRefund_Overcharge/POS_CashRefund_Overcharge_CHC

07-10-2024T22:42:47 - [TEST_STEP][PASSED] - sourceFile = new java.io.FileInputStream(ExcelFile): null

07-10-2024T22:42:47 - [TEST_STEP][PASSED] - workbook = new org.apache.poi.xssf.usermodel.XSSFWorkbook(sourceFile): null

07-10-2024T22:42:47 - [TEST_STEP][PASSED] - sheet = workbook.getSheet("Sheet1"): null

07-10-2024T22:42:47 - [TEST_STEP][PASSED] - row = sheet.getRow(1): null

07-10-2024T22:42:47 - [TEST_STEP][PASSED] - cell = row.getCell(1): null

07-10-2024T22:42:47 - [TEST_STEP][PASSED] - docketNumber = cell.getStringCellValue(): null

07-10-2024T22:42:47 - [TEST_STEP][PASSED] - println(docketNumber): null

07-10-2024T22:42:47 - [TEST_STEP][PASSED] - sourceFile.close(): null

07-10-2024T22:42:47 - [TEST_STEP][PASSED] - openBrowser(""): Browser is opened with url: ''

07-10-2024T22:42:47 - [MESSAGE][WARNING] - A browser is already opened. Closing browser and opening a new one

07-10-2024T22:42:48 - [MESSAGE][INFO] - Starting 'Chrome' driver

07-10-2024T22:42:48 - [MESSAGE][INFO] - Action delay is set to 0 milliseconds

07-10-2024T22:42:49 - [MESSAGE][PASSED] - Browser is opened with url: ''

07-10-2024T22:42:49 - [TEST_STEP][PASSED] - maximizeWindow(): Current window maximized

07-10-2024T22:42:49 - [MESSAGE][PASSED] - Current window maximized

07-10-2024T22:42:49 - [TEST_STEP][PASSED] - navigateToUrl("http://frameworks.cairnshardware.com.au:8080/FWDemo/Fluid.html#homeDashboard,dash,Frameworks.Activity.Menu.HomeDashBoard"): Navigate to 'http://frameworks.cairnshardware.com.au:8080/FWDemo/Fluid.html#homeDashboard,dash,Frameworks.Activity.Menu.HomeDashBoard' successfully

07-10-2024T22:42:56 - [MESSAGE][PASSED] - Navigate to 'http://frameworks.cairnshardware.com.au:8080/FWDemo/Fluid.html#homeDashboard,dash,Frameworks.Activity.Menu.HomeDashBoard' successfully

07-10-2024T22:42:56 - [TEST_STEP][PASSED] - setText(findTestObject("Object Repository/TS8_POS_CashRefund_Overcharge_CHC/Page_Frameworks (Demo)/input_User ID_userid"), userName): Text 'manaki' is set on object 'Object Repository/TS8_POS_CashRefund_Overcharge_CHC/Page_Frameworks (Demo)/input_User ID_userid'

07-10-2024T22:43:01 - [MESSAGE][PASSED] - Text 'manaki' is set on object 'Object Repository/TS8_POS_CashRefund_Overcharge_CHC/Page_Frameworks (Demo)/input_User ID_userid'

07-10-2024T22:43:01 - [TEST_STEP][PASSED] - setEncryptedText(findTestObject("Object Repository/TS8_POS_CashRefund_Overcharge_CHC/Page_Frameworks (Demo)/input_Password_password"), "BvRmjN+0xFM="): Text ****** has been set on object 'Object Repository/TS8_POS_CashRefund_Overcharge_CHC/Page_Frameworks (Demo)/input_Password_password'

07-10-2024T22:43:01 - [MESSAGE][PASSED] - Text ****** has been set on object 'Object Repository/TS8_POS_CashRefund_Overcharge_CHC/Page_Frameworks (Demo)/input_Password_password'

07-10-2024T22:43:01 - [TEST_STEP][PASSED] - click(findTestObject("Object Repository/TS8_POS_CashRefund_Overcharge_CHC/Page_Frameworks (Demo)/div_Login")): Object: 'Object Repository/TS8_POS_CashRefund_Overcharge_CHC/Page_Frameworks (Demo)/div_Login' is clicked on

07-10-2024T22:43:02 - [MESSAGE][PASSED] - Object: 'Object Repository/TS8_POS_CashRefund_Overcharge_CHC/Page_Frameworks (Demo)/div_Login' is clicked on

07-10-2024T22:43:02 - [TEST_STEP][PASSED] - click(findTestObject("Object Repository/TS8_POS_CashRefund_Overcharge_CHC/Page_Frameworks (Demo)/Fws_Menu")): Object: 'Object Repository/TS8_POS_CashRefund_Overcharge_CHC/Page_Frameworks (Demo)/Fws_Menu' is clicked on

07-10-2024T22:43:04 - [MESSAGE][PASSED] - Object: 'Object Repository/TS8_POS_CashRefund_Overcharge_CHC/Page_Frameworks (Demo)/Fws_Menu' is clicked on

07-10-2024T22:43:04 - [TEST_STEP][PASSED] - click(findTestObject("Object Repository/TS8_POS_CashRefund_Overcharge_CHC/Page_Frameworks (Demo)/Sales_TransactionProcessing")): Object: 'Object Repository/TS8_POS_CashRefund_Overcharge_CHC/Page_Frameworks (Demo)/Sales_TransactionProcessing' is clicked on

07-10-2024T22:43:04 - [MESSAGE][PASSED] - Object: 'Object Repository/TS8_POS_CashRefund_Overcharge_CHC/Page_Frameworks (Demo)/Sales_TransactionProcessing' is clicked on

07-10-2024T22:43:04 - [TEST_STEP][PASSED] - click(findTestObject("Object Repository/TS8_POS_CashRefund_Overcharge_CHC/Page_Frameworks (Demo)/td_Credit Notes")): Object: 'Object Repository/TS8_POS_CashRefund_Overcharge_CHC/Page_Frameworks (Demo)/td_Credit Notes' is clicked on

07-10-2024T22:43:05 - [MESSAGE][PASSED] - Object: 'Object Repository/TS8_POS_CashRefund_Overcharge_CHC/Page_Frameworks (Demo)/td_Credit Notes' is clicked on

07-10-2024T22:43:05 - [TEST_STEP][PASSED] - delay(2): Delayed 2 second(s)

07-10-2024T22:43:07 - [MESSAGE][PASSED] - Delayed 2 second(s)

07-10-2024T22:43:07 - [TEST_STEP][PASSED] - takeFullPageScreenshot(): Taking screenshot successfully

07-10-2024T22:43:08 - [MESSAGE][INFO] - 0 hidden object(s)

07-10-2024T22:43:08 - [MESSAGE][PASSED] - Taking screenshot successfully
[[ATTACHMENT|C:\\Users\\User\\git\\frameworks-regression-test-automation\\Reports\\20241007_224155\\CHC_Instance\\PointofSale_Module\\TS8_POS_Cash_Refund_Overcharge_CHC\\20241007_224155\\1728301387833.png]]

07-10-2024T22:43:08 - [TEST_STEP][PASSED] - click(findTestObject("Object Repository/TS8_POS_CashRefund_Overcharge_CHC/Page_Frameworks (Demo)/div_New")): Object: 'Object Repository/TS8_POS_CashRefund_Overcharge_CHC/Page_Frameworks (Demo)/div_New' is clicked on

07-10-2024T22:43:09 - [MESSAGE][PASSED] - Object: 'Object Repository/TS8_POS_CashRefund_Overcharge_CHC/Page_Frameworks (Demo)/div_New' is clicked on

07-10-2024T22:43:09 - [TEST_STEP][PASSED] - delay(2): Delayed 2 second(s)

07-10-2024T22:43:11 - [MESSAGE][PASSED] - Delayed 2 second(s)

07-10-2024T22:43:11 - [TEST_STEP][PASSED] - takeFullPageScreenshot(): Taking screenshot successfully

07-10-2024T22:43:11 - [MESSAGE][INFO] - 0 hidden object(s)

07-10-2024T22:43:11 - [MESSAGE][PASSED] - Taking screenshot successfully
[[ATTACHMENT|C:\\Users\\User\\git\\frameworks-regression-test-automation\\Reports\\20241007_224155\\CHC_Instance\\PointofSale_Module\\TS8_POS_Cash_Refund_Overcharge_CHC\\20241007_224155\\1728301391042.png]]

07-10-2024T22:43:11 - [TEST_STEP][PASSED] - transaction_Number = getText(findTestObject("Object Repository/TS8_POS_CashRefund_Overcharge_CHC/Page_Frameworks (Demo)/transaction_Number")): Text of object 'Object Repository/TS8_POS_CashRefund_Overcharge_CHC/Page_Frameworks (Demo)/transaction_Number' is: '13072739'

07-10-2024T22:43:12 - [MESSAGE][PASSED] - Text of object 'Object Repository/TS8_POS_CashRefund_Overcharge_CHC/Page_Frameworks (Demo)/transaction_Number' is: '13072739'

07-10-2024T22:43:12 - [TEST_STEP][PASSED] - println(transaction_Number): null

07-10-2024T22:43:12 - [TEST_STEP][PASSED] - click(findTestObject("Object Repository/TS8_POS_CashRefund_Overcharge_CHC/Page_Frameworks (Demo)/table_Select a Value")): Object: 'Object Repository/TS8_POS_CashRefund_Overcharge_CHC/Page_Frameworks (Demo)/table_Select a Value' is clicked on

07-10-2024T22:43:12 - [MESSAGE][PASSED] - Object: 'Object Repository/TS8_POS_CashRefund_Overcharge_CHC/Page_Frameworks (Demo)/table_Select a Value' is clicked on

07-10-2024T22:43:12 - [TEST_STEP][PASSED] - click(findTestObject("Object Repository/TS8_POS_CashRefund_Overcharge_CHC/Page_Frameworks (Demo)/div_Overcharge")): Object: 'Object Repository/TS8_POS_CashRefund_Overcharge_CHC/Page_Frameworks (Demo)/div_Overcharge' is clicked on

07-10-2024T22:43:13 - [MESSAGE][PASSED] - Object: 'Object Repository/TS8_POS_CashRefund_Overcharge_CHC/Page_Frameworks (Demo)/div_Overcharge' is clicked on

07-10-2024T22:43:13 - [TEST_STEP][PASSED] - click(findTestObject("Object Repository/TS8_POS_CashRefund_Overcharge_CHC/Page_Frameworks (Demo)/table_Reason_isc_YX")): Object: 'Object Repository/TS8_POS_CashRefund_Overcharge_CHC/Page_Frameworks (Demo)/table_Reason_isc_YX' is clicked on

07-10-2024T22:43:14 - [MESSAGE][PASSED] - Object: 'Object Repository/TS8_POS_CashRefund_Overcharge_CHC/Page_Frameworks (Demo)/table_Reason_isc_YX' is clicked on

07-10-2024T22:43:14 - [TEST_STEP][PASSED] - click(findTestObject("Object Repository/TS8_POS_CashRefund_Overcharge_CHC/Page_Frameworks (Demo)/div_3 - Overcharge Adj")): Object: 'Object Repository/TS8_POS_CashRefund_Overcharge_CHC/Page_Frameworks (Demo)/div_3 - Overcharge Adj' is clicked on

07-10-2024T22:43:15 - [MESSAGE][PASSED] - Object: 'Object Repository/TS8_POS_CashRefund_Overcharge_CHC/Page_Frameworks (Demo)/div_3 - Overcharge Adj' is clicked on

07-10-2024T22:43:15 - [TEST_STEP][PASSED] - click(findTestObject("Object Repository/TS8_POS_CashRefund_Overcharge_CHC/Page_Frameworks (Demo)/input_Original Docket_originalDocket"), STOP_ON_FAILURE): Object: 'Object Repository/TS8_POS_CashRefund_Overcharge_CHC/Page_Frameworks (Demo)/input_Original Docket_originalDocket' is clicked on

07-10-2024T22:43:16 - [MESSAGE][PASSED] - Object: 'Object Repository/TS8_POS_CashRefund_Overcharge_CHC/Page_Frameworks (Demo)/input_Original Docket_originalDocket' is clicked on

07-10-2024T22:43:16 - [TEST_STEP][PASSED] - sendKeys(findTestObject("Object Repository/TS8_POS_CashRefund_Overcharge_CHC/Page_Frameworks (Demo)/input_Original Docket_originalDocket"), docketNumber): Keys '13072737' sent to object: 'Object Repository/TS8_POS_CashRefund_Overcharge_CHC/Page_Frameworks (Demo)/input_Original Docket_originalDocket'

07-10-2024T22:43:16 - [MESSAGE][PASSED] - Keys '13072737' sent to object: 'Object Repository/TS8_POS_CashRefund_Overcharge_CHC/Page_Frameworks (Demo)/input_Original Docket_originalDocket'

07-10-2024T22:43:16 - [TEST_STEP][PASSED] - click(findTestObject("Object Repository/TS8_POS_CashRefund_Overcharge_CHC/Page_Frameworks (Demo)/img_Branch_selector")): Object: 'Object Repository/TS8_POS_CashRefund_Overcharge_CHC/Page_Frameworks (Demo)/img_Branch_selector' is clicked on

07-10-2024T22:43:17 - [MESSAGE][PASSED] - Object: 'Object Repository/TS8_POS_CashRefund_Overcharge_CHC/Page_Frameworks (Demo)/img_Branch_selector' is clicked on

07-10-2024T22:43:17 - [TEST_STEP][PASSED] - click(findTestObject("Object Repository/TS8_POS_CashRefund_Overcharge_CHC/Page_Frameworks (Demo)/div_501 - DEMONSTRATION BRANCH 501")): Object: 'Object Repository/TS8_POS_CashRefund_Overcharge_CHC/Page_Frameworks (Demo)/div_501 - DEMONSTRATION BRANCH 501' is clicked on

07-10-2024T22:43:18 - [MESSAGE][PASSED] - Object: 'Object Repository/TS8_POS_CashRefund_Overcharge_CHC/Page_Frameworks (Demo)/div_501 - DEMONSTRATION BRANCH 501' is clicked on

07-10-2024T22:43:18 - [TEST_STEP][PASSED] - delay(2): Delayed 2 second(s)

07-10-2024T22:43:20 - [MESSAGE][PASSED] - Delayed 2 second(s)

07-10-2024T22:43:20 - [TEST_STEP][PASSED] - takeFullPageScreenshot(): Taking screenshot successfully

07-10-2024T22:43:21 - [MESSAGE][INFO] - 0 hidden object(s)

07-10-2024T22:43:21 - [MESSAGE][PASSED] - Taking screenshot successfully
[[ATTACHMENT|C:\\Users\\User\\git\\frameworks-regression-test-automation\\Reports\\20241007_224155\\CHC_Instance\\PointofSale_Module\\TS8_POS_Cash_Refund_Overcharge_CHC\\20241007_224155\\1728301400699.png]]

07-10-2024T22:43:21 - [TEST_STEP][PASSED] - click(findTestObject("Object Repository/TS8_POS_CashRefund_Overcharge_CHC/Page_Frameworks (Demo)/div_Load Details")): Object: 'Object Repository/TS8_POS_CashRefund_Overcharge_CHC/Page_Frameworks (Demo)/div_Load Details' is clicked on

07-10-2024T22:43:21 - [MESSAGE][PASSED] - Object: 'Object Repository/TS8_POS_CashRefund_Overcharge_CHC/Page_Frameworks (Demo)/div_Load Details' is clicked on

07-10-2024T22:43:21 - [TEST_STEP][PASSED] - delay(2): Delayed 2 second(s)

07-10-2024T22:43:23 - [MESSAGE][PASSED] - Delayed 2 second(s)

07-10-2024T22:43:23 - [TEST_STEP][PASSED] - takeFullPageScreenshot(): Taking screenshot successfully

07-10-2024T22:43:24 - [MESSAGE][INFO] - 0 hidden object(s)

07-10-2024T22:43:24 - [MESSAGE][PASSED] - Taking screenshot successfully
[[ATTACHMENT|C:\\Users\\User\\git\\frameworks-regression-test-automation\\Reports\\20241007_224155\\CHC_Instance\\PointofSale_Module\\TS8_POS_Cash_Refund_Overcharge_CHC\\20241007_224155\\1728301403643.png]]

07-10-2024T22:43:24 - [TEST_STEP][PASSED] - click(findTestObject("Object Repository/TS8_POS_CashRefund_Overcharge_CHC/Page_Frameworks (Demo)/div_UnitCredit")): Object: 'Object Repository/TS8_POS_CashRefund_Overcharge_CHC/Page_Frameworks (Demo)/div_UnitCredit' is clicked on

07-10-2024T22:43:24 - [MESSAGE][PASSED] - Object: 'Object Repository/TS8_POS_CashRefund_Overcharge_CHC/Page_Frameworks (Demo)/div_UnitCredit' is clicked on

07-10-2024T22:43:24 - [TEST_STEP][PASSED] - sendKeys(findTestObject("Object Repository/TS8_POS_CashRefund_Overcharge_CHC/Page_Frameworks (Demo)/input_EA_unitSellBrowse"), "2"): Keys '2' sent to object: 'Object Repository/TS8_POS_CashRefund_Overcharge_CHC/Page_Frameworks (Demo)/input_EA_unitSellBrowse'

07-10-2024T22:43:25 - [MESSAGE][PASSED] - Keys '2' sent to object: 'Object Repository/TS8_POS_CashRefund_Overcharge_CHC/Page_Frameworks (Demo)/input_EA_unitSellBrowse'

07-10-2024T22:43:25 - [TEST_STEP][PASSED] - delay(2): Delayed 2 second(s)

07-10-2024T22:43:27 - [MESSAGE][PASSED] - Delayed 2 second(s)

07-10-2024T22:43:27 - [TEST_STEP][PASSED] - takeFullPageScreenshot(): Taking screenshot successfully

07-10-2024T22:43:27 - [MESSAGE][INFO] - 0 hidden object(s)

07-10-2024T22:43:27 - [MESSAGE][PASSED] - Taking screenshot successfully
[[ATTACHMENT|C:\\Users\\User\\git\\frameworks-regression-test-automation\\Reports\\20241007_224155\\CHC_Instance\\PointofSale_Module\\TS8_POS_Cash_Refund_Overcharge_CHC\\20241007_224155\\1728301407354.png]]

07-10-2024T22:43:27 - [TEST_STEP][PASSED] - click(findTestObject("Object Repository/TS8_POS_CashRefund_Overcharge_CHC/Page_Frameworks (Demo)/div_Finish (S)")): Object: 'Object Repository/TS8_POS_CashRefund_Overcharge_CHC/Page_Frameworks (Demo)/div_Finish (S)' is clicked on

07-10-2024T22:43:28 - [MESSAGE][PASSED] - Object: 'Object Repository/TS8_POS_CashRefund_Overcharge_CHC/Page_Frameworks (Demo)/div_Finish (S)' is clicked on

07-10-2024T22:43:28 - [TEST_STEP][PASSED] - delay(2): Delayed 2 second(s)

07-10-2024T22:43:30 - [MESSAGE][PASSED] - Delayed 2 second(s)

07-10-2024T22:43:30 - [TEST_STEP][PASSED] - takeFullPageScreenshot(): Taking screenshot successfully

07-10-2024T22:43:31 - [MESSAGE][INFO] - 0 hidden object(s)

07-10-2024T22:43:31 - [MESSAGE][PASSED] - Taking screenshot successfully
[[ATTACHMENT|C:\\Users\\User\\git\\frameworks-regression-test-automation\\Reports\\20241007_224155\\CHC_Instance\\PointofSale_Module\\TS8_POS_Cash_Refund_Overcharge_CHC\\20241007_224155\\1728301410205.png]]

07-10-2024T22:43:31 - [TEST_STEP][PASSED] - click(findTestObject("Object Repository/TS8_POS_CashRefund_Overcharge_CHC/Page_Frameworks (Demo)/img_Pay_select")): Object: 'Object Repository/TS8_POS_CashRefund_Overcharge_CHC/Page_Frameworks (Demo)/img_Pay_select' is clicked on

07-10-2024T22:43:31 - [MESSAGE][PASSED] - Object: 'Object Repository/TS8_POS_CashRefund_Overcharge_CHC/Page_Frameworks (Demo)/img_Pay_select' is clicked on

07-10-2024T22:43:31 - [TEST_STEP][PASSED] - click(findTestObject("Object Repository/TS8_POS_CashRefund_Overcharge_CHC/Page_Frameworks (Demo)/div_EFTPOS_1")): Object: 'Object Repository/TS8_POS_CashRefund_Overcharge_CHC/Page_Frameworks (Demo)/div_EFTPOS_1' is clicked on

07-10-2024T22:43:32 - [MESSAGE][PASSED] - Object: 'Object Repository/TS8_POS_CashRefund_Overcharge_CHC/Page_Frameworks (Demo)/div_EFTPOS_1' is clicked on

07-10-2024T22:43:32 - [TEST_STEP][PASSED] - click(findTestObject("Object Repository/TS8_POS_CashRefund_Overcharge_CHC/Page_Frameworks (Demo)/div_Refund")): Object: 'Object Repository/TS8_POS_CashRefund_Overcharge_CHC/Page_Frameworks (Demo)/div_Refund' is clicked on

07-10-2024T22:43:33 - [MESSAGE][PASSED] - Object: 'Object Repository/TS8_POS_CashRefund_Overcharge_CHC/Page_Frameworks (Demo)/div_Refund' is clicked on

07-10-2024T22:43:33 - [TEST_STEP][PASSED] - click(findTestObject("Object Repository/TS8_POS_CashRefund_Overcharge_CHC/Page_Frameworks (Demo)/img_EftposTransact")): Object: 'Object Repository/TS8_POS_CashRefund_Overcharge_CHC/Page_Frameworks (Demo)/img_EftposTransact' is clicked on

07-10-2024T22:43:35 - [MESSAGE][PASSED] - Object: 'Object Repository/TS8_POS_CashRefund_Overcharge_CHC/Page_Frameworks (Demo)/img_EftposTransact' is clicked on

07-10-2024T22:43:35 - [TEST_STEP][PASSED] - delay(2): Delayed 2 second(s)

07-10-2024T22:43:37 - [MESSAGE][PASSED] - Delayed 2 second(s)

07-10-2024T22:43:37 - [TEST_STEP][PASSED] - takeFullPageScreenshot(): Taking screenshot successfully

07-10-2024T22:43:37 - [MESSAGE][INFO] - 0 hidden object(s)

07-10-2024T22:43:37 - [MESSAGE][PASSED] - Taking screenshot successfully
[[ATTACHMENT|C:\\Users\\User\\git\\frameworks-regression-test-automation\\Reports\\20241007_224155\\CHC_Instance\\PointofSale_Module\\TS8_POS_Cash_Refund_Overcharge_CHC\\20241007_224155\\1728301417291.png]]

07-10-2024T22:43:37 - [TEST_STEP][PASSED] - click(findTestObject("Object Repository/TS8_POS_CashRefund_Overcharge_CHC/Page_Frameworks (Demo)/img_Accountdropd")): Object: 'Object Repository/TS8_POS_CashRefund_Overcharge_CHC/Page_Frameworks (Demo)/img_Accountdropd' is clicked on

07-10-2024T22:43:38 - [MESSAGE][PASSED] - Object: 'Object Repository/TS8_POS_CashRefund_Overcharge_CHC/Page_Frameworks (Demo)/img_Accountdropd' is clicked on

07-10-2024T22:43:38 - [TEST_STEP][PASSED] - click(findTestObject("Object Repository/TS8_POS_CashRefund_Overcharge_CHC/Page_Frameworks (Demo)/div_Logout")): Object: 'Object Repository/TS8_POS_CashRefund_Overcharge_CHC/Page_Frameworks (Demo)/div_Logout' is clicked on

07-10-2024T22:43:38 - [MESSAGE][PASSED] - Object: 'Object Repository/TS8_POS_CashRefund_Overcharge_CHC/Page_Frameworks (Demo)/div_Logout' is clicked on]]></system-out>
         <system-err><![CDATA[]]></system-err>
      </testcase>
      <system-out><![CDATA[07-10-2024T22:42:03 - [TEST_SUITE][PASSED] - TS8_POS_Cash_Refund_Overcharge_CHC: Test Cases/CHC_Instance/PointofSale_Module/TS8_POS_CashRefund_Overcharge/POS_CashRefund_Overcharge_CHC]]></system-out>
      <system-err><![CDATA[]]></system-err>
   </testsuite>
</testsuites>
