<?xml version="1.0" encoding="UTF-8"?>
<testsuites name="TS1_POS_CashSale_CHC" time="50.626" tests="1" failures="0" errors="0">
   <testsuite name="TS1_POS_CashSale_CHC" tests="1" failures="0" errors="0" time="50.626" skipped="0" timestamp="17-09-2024T12:09:33" hostname="User - ROG" id="Test Suites/CHC_Instance/PointofSale_Module/TS1_POS_CashSale_CHC">
      <properties>
         <property name="deviceName" value=""/>
         <property name="devicePlatform"/>
         <property name="logFolder" value="C:\\Users\\User\\git\\frameworks-regression-test-automation\\Reports\\20240917_120925\\CHC_Instance\\PointofSale_Module\\TS1_POS_CashSale_CHC\\20240917_120926"/>
         <property name="logFiles" value="C:\\Users\\User\\git\\frameworks-regression-test-automation\\Reports\\20240917_120925\\CHC_Instance\\PointofSale_Module\\TS1_POS_CashSale_CHC\\20240917_120926\\execution0.log"/>
         <property name="attachments" value="C:\\Users\\User\\git\\frameworks-regression-test-automation\\Reports\\20240917_120925\\CHC_Instance\\PointofSale_Module\\TS1_POS_CashSale_CHC\\20240917_120926\\1726538988497.png, C:\\Users\\User\\git\\frameworks-regression-test-automation\\Reports\\20240917_120925\\CHC_Instance\\PointofSale_Module\\TS1_POS_CashSale_CHC\\20240917_120926\\1726538997160.png, C:\\Users\\User\\git\\frameworks-regression-test-automation\\Reports\\20240917_120925\\CHC_Instance\\PointofSale_Module\\TS1_POS_CashSale_CHC\\20240917_120926\\1726539008067.png, C:\\Users\\User\\git\\frameworks-regression-test-automation\\Reports\\20240917_120925\\CHC_Instance\\PointofSale_Module\\TS1_POS_CashSale_CHC\\20240917_120926\\1726539011104.png, C:\\Users\\User\\git\\frameworks-regression-test-automation\\Reports\\20240917_120925\\CHC_Instance\\PointofSale_Module\\TS1_POS_CashSale_CHC\\20240917_120926\\1726539014045.png, C:\\Users\\User\\git\\frameworks-regression-test-automation\\Reports\\20240917_120925\\CHC_Instance\\PointofSale_Module\\TS1_POS_CashSale_CHC\\20240917_120926\\1726539016945.png, C:\\Users\\User\\git\\frameworks-regression-test-automation\\Reports\\20240917_120925\\CHC_Instance\\PointofSale_Module\\TS1_POS_CashSale_CHC\\20240917_120926\\1726539019787.png, C:\\Users\\User\\git\\frameworks-regression-test-automation\\Reports\\20240917_120925\\CHC_Instance\\PointofSale_Module\\TS1_POS_CashSale_CHC\\20240917_120926\\1726539022643.png"/>
         <property name="hostName" value="User - ROG"/>
         <property name="os" value="Windows 11 64bit"/>
         <property name="katalonVersion" value="9.5.0.217"/>
         <property name="browser" value="Chrome 128.0.0.0"/>
         <property name="hostAddress" value="10.192.251.1"/>
         <property name="sessionId" value="d8d1b4d17c1e49bed4ac02aec66b5104"/>
         <property name="seleniumVersion" value="3.141.59"/>
         <property name="proxyInformation" value="ProxyInformation { proxyOption=NO_PROXY, proxyServerType=HTTP, username=, password=********, proxyServerAddress=, proxyServerPort=0, executionList=&quot;&quot;, isApplyToDesiredCapabilities=true }"/>
         <property name="platform" value="Windows 11"/>
      </properties>
      <testcase name="Test Cases/CHC_Instance/PointofSale_Module/TS1_POS_CashSale/POS_CashSale_CHC" time="50.443" classname="Test Cases/CHC_Instance/PointofSale_Module/TS1_POS_CashSale/POS_CashSale_CHC" status="PASSED">
         <system-out><![CDATA[17-09-2024T12:09:33 - [TEST_CASE][PASSED] - Test Cases/CHC_Instance/PointofSale_Module/TS1_POS_CashSale/POS_CashSale_CHC: Test Cases/CHC_Instance/PointofSale_Module/TS1_POS_CashSale/POS_CashSale_CHC

17-09-2024T12:09:34 - [TEST_STEP][PASSED] - openBrowser(""): Browser is opened with url: ''

17-09-2024T12:09:34 - [MESSAGE][INFO] - Starting 'Chrome' driver

17-09-2024T12:09:34 - [MESSAGE][INFO] - Action delay is set to 0 milliseconds

17-09-2024T12:09:35 - [MESSAGE][PASSED] - Browser is opened with url: ''

17-09-2024T12:09:35 - [TEST_STEP][PASSED] - maximizeWindow(): Current window maximized

17-09-2024T12:09:35 - [MESSAGE][PASSED] - Current window maximized

17-09-2024T12:09:35 - [TEST_STEP][PASSED] - navigateToUrl("http://frameworks.cairnshardware.com.au:8080/FWDemo/Fluid.html#homeDashboard,dash,Frameworks.Activity.Menu.HomeDashBoard"): Navigate to 'http://frameworks.cairnshardware.com.au:8080/FWDemo/Fluid.html#homeDashboard,dash,Frameworks.Activity.Menu.HomeDashBoard' successfully

17-09-2024T12:09:39 - [MESSAGE][PASSED] - Navigate to 'http://frameworks.cairnshardware.com.au:8080/FWDemo/Fluid.html#homeDashboard,dash,Frameworks.Activity.Menu.HomeDashBoard' successfully

17-09-2024T12:09:39 - [TEST_STEP][PASSED] - setText(findTestObject("Object Repository/Create_PurchaseOrder_CHC/Page_Frameworks (Demo)/input_User ID_userid"), userName): Text 'manaki' is set on object 'Object Repository/Create_PurchaseOrder_CHC/Page_Frameworks (Demo)/input_User ID_userid'

17-09-2024T12:09:42 - [MESSAGE][PASSED] - Text 'manaki' is set on object 'Object Repository/Create_PurchaseOrder_CHC/Page_Frameworks (Demo)/input_User ID_userid'

17-09-2024T12:09:42 - [TEST_STEP][PASSED] - setEncryptedText(findTestObject("Object Repository/Create_PurchaseOrder_CHC/Page_Frameworks (Demo)/input_Password_password"), "BvRmjN+0xFM="): Text ****** has been set on object 'Object Repository/Create_PurchaseOrder_CHC/Page_Frameworks (Demo)/input_Password_password'

17-09-2024T12:09:42 - [MESSAGE][PASSED] - Text ****** has been set on object 'Object Repository/Create_PurchaseOrder_CHC/Page_Frameworks (Demo)/input_Password_password'

17-09-2024T12:09:42 - [TEST_STEP][PASSED] - click(findTestObject("Object Repository/Create_PurchaseOrder_CHC/Page_Frameworks (Demo)/div_Login")): Object: 'Object Repository/Create_PurchaseOrder_CHC/Page_Frameworks (Demo)/div_Login' is clicked on

17-09-2024T12:09:43 - [MESSAGE][PASSED] - Object: 'Object Repository/Create_PurchaseOrder_CHC/Page_Frameworks (Demo)/div_Login' is clicked on

17-09-2024T12:09:43 - [TEST_STEP][PASSED] - click(findTestObject("Object Repository/POS_CashSale_CHC/Page_Frameworks (Demo)/Fws_Menu")): Object: 'Object Repository/POS_CashSale_CHC/Page_Frameworks (Demo)/Fws_Menu' is clicked on

17-09-2024T12:09:44 - [MESSAGE][PASSED] - Object: 'Object Repository/POS_CashSale_CHC/Page_Frameworks (Demo)/Fws_Menu' is clicked on

17-09-2024T12:09:44 - [TEST_STEP][PASSED] - click(findTestObject("Object Repository/POS_CashSale_CHC/Page_Frameworks (Demo)/Sales_TransactionProcessing")): Object: 'Object Repository/POS_CashSale_CHC/Page_Frameworks (Demo)/Sales_TransactionProcessing' is clicked on

17-09-2024T12:09:45 - [MESSAGE][PASSED] - Object: 'Object Repository/POS_CashSale_CHC/Page_Frameworks (Demo)/Sales_TransactionProcessing' is clicked on

17-09-2024T12:09:45 - [TEST_STEP][PASSED] - click(findTestObject("Object Repository/POS_CashSale_CHC/Page_Frameworks (Demo)/td_Point Of Sale")): Object: 'Object Repository/POS_CashSale_CHC/Page_Frameworks (Demo)/td_Point Of Sale' is clicked on

17-09-2024T12:09:46 - [MESSAGE][PASSED] - Object: 'Object Repository/POS_CashSale_CHC/Page_Frameworks (Demo)/td_Point Of Sale' is clicked on

17-09-2024T12:09:46 - [TEST_STEP][PASSED] - delay(2): Delayed 2 second(s)

17-09-2024T12:09:48 - [MESSAGE][PASSED] - Delayed 2 second(s)

17-09-2024T12:09:48 - [TEST_STEP][PASSED] - takeFullPageScreenshot(): Taking screenshot successfully

17-09-2024T12:09:49 - [MESSAGE][INFO] - 0 hidden object(s)

17-09-2024T12:09:49 - [MESSAGE][PASSED] - Taking screenshot successfully
[[ATTACHMENT|C:\\Users\\User\\git\\frameworks-regression-test-automation\\Reports\\20240917_120925\\CHC_Instance\\PointofSale_Module\\TS1_POS_CashSale_CHC\\20240917_120926\\1726538988497.png]]

17-09-2024T12:09:49 - [TEST_STEP][PASSED] - setText(findTestObject("Object Repository/POS_CashSale_CHC/Page_Frameworks (Demo)/input_P_prodId"), "5006866"): Text '5006866' is set on object 'Object Repository/POS_CashSale_CHC/Page_Frameworks (Demo)/input_P_prodId'

17-09-2024T12:09:50 - [MESSAGE][PASSED] - Text '5006866' is set on object 'Object Repository/POS_CashSale_CHC/Page_Frameworks (Demo)/input_P_prodId'

17-09-2024T12:09:50 - [TEST_STEP][PASSED] - delay(2): Delayed 2 second(s)

17-09-2024T12:09:52 - [MESSAGE][PASSED] - Delayed 2 second(s)

17-09-2024T12:09:52 - [TEST_STEP][PASSED] - click(findTestObject("Object Repository/POS_CashSale_CHC/Page_Frameworks (Demo)/input_Quantity_quantityOrdered")): Object: 'Object Repository/POS_CashSale_CHC/Page_Frameworks (Demo)/input_Quantity_quantityOrdered' is clicked on

17-09-2024T12:09:52 - [MESSAGE][PASSED] - Object: 'Object Repository/POS_CashSale_CHC/Page_Frameworks (Demo)/input_Quantity_quantityOrdered' is clicked on

17-09-2024T12:09:52 - [TEST_STEP][PASSED] - delay(2): Delayed 2 second(s)

17-09-2024T12:09:54 - [MESSAGE][PASSED] - Delayed 2 second(s)

17-09-2024T12:09:54 - [TEST_STEP][PASSED] - click(findTestObject("Object Repository/POS_CashSale_CHC/Page_Frameworks (Demo)/img_add")): Object: 'Object Repository/POS_CashSale_CHC/Page_Frameworks (Demo)/img_add' is clicked on

17-09-2024T12:09:55 - [MESSAGE][PASSED] - Object: 'Object Repository/POS_CashSale_CHC/Page_Frameworks (Demo)/img_add' is clicked on

17-09-2024T12:09:55 - [TEST_STEP][PASSED] - delay(2): Delayed 2 second(s)

17-09-2024T12:09:57 - [MESSAGE][PASSED] - Delayed 2 second(s)

17-09-2024T12:09:57 - [TEST_STEP][PASSED] - takeFullPageScreenshot(): Taking screenshot successfully

17-09-2024T12:09:57 - [MESSAGE][INFO] - 0 hidden object(s)

17-09-2024T12:09:57 - [MESSAGE][PASSED] - Taking screenshot successfully
[[ATTACHMENT|C:\\Users\\User\\git\\frameworks-regression-test-automation\\Reports\\20240917_120925\\CHC_Instance\\PointofSale_Module\\TS1_POS_CashSale_CHC\\20240917_120926\\1726538997160.png]]

17-09-2024T12:09:57 - [TEST_STEP][PASSED] - setText(findTestObject("Object Repository/POS_CashSale_CHC/Page_Frameworks (Demo)/input_P_prodId"), "5155103"): Text '5155103' is set on object 'Object Repository/POS_CashSale_CHC/Page_Frameworks (Demo)/input_P_prodId'

17-09-2024T12:09:58 - [MESSAGE][PASSED] - Text '5155103' is set on object 'Object Repository/POS_CashSale_CHC/Page_Frameworks (Demo)/input_P_prodId'

17-09-2024T12:09:58 - [TEST_STEP][PASSED] - click(findTestObject("Object Repository/POS_CashSale_CHC/Page_Frameworks (Demo)/input_Quantity_quantityOrdered")): Object: 'Object Repository/POS_CashSale_CHC/Page_Frameworks (Demo)/input_Quantity_quantityOrdered' is clicked on

17-09-2024T12:09:58 - [MESSAGE][PASSED] - Object: 'Object Repository/POS_CashSale_CHC/Page_Frameworks (Demo)/input_Quantity_quantityOrdered' is clicked on

17-09-2024T12:09:58 - [TEST_STEP][PASSED] - delay(2): Delayed 2 second(s)

17-09-2024T12:10:00 - [MESSAGE][PASSED] - Delayed 2 second(s)

17-09-2024T12:10:00 - [TEST_STEP][PASSED] - click(findTestObject("Object Repository/POS_CashSale_CHC/Page_Frameworks (Demo)/td_Tally Maintenance")): Object: 'Object Repository/POS_CashSale_CHC/Page_Frameworks (Demo)/td_Tally Maintenance' is clicked on

17-09-2024T12:10:00 - [MESSAGE][PASSED] - Object: 'Object Repository/POS_CashSale_CHC/Page_Frameworks (Demo)/td_Tally Maintenance' is clicked on

17-09-2024T12:10:01 - [TEST_STEP][PASSED] - click(findTestObject("Object Repository/POS_CashSale_CHC/Page_Frameworks (Demo)/div_Quantity_Col")): Object: 'Object Repository/POS_CashSale_CHC/Page_Frameworks (Demo)/div_Quantity_Col' is clicked on

17-09-2024T12:10:01 - [MESSAGE][PASSED] - Object: 'Object Repository/POS_CashSale_CHC/Page_Frameworks (Demo)/div_Quantity_Col' is clicked on

17-09-2024T12:10:01 - [TEST_STEP][PASSED] - sendKeys(findTestObject("Object Repository/POS_CashSale_CHC/Page_Frameworks (Demo)/input_LM_tallyQuantity"), "1"): Keys '1' sent to object: 'Object Repository/POS_CashSale_CHC/Page_Frameworks (Demo)/input_LM_tallyQuantity'

17-09-2024T12:10:02 - [MESSAGE][PASSED] - Keys '1' sent to object: 'Object Repository/POS_CashSale_CHC/Page_Frameworks (Demo)/input_LM_tallyQuantity'

17-09-2024T12:10:02 - [TEST_STEP][PASSED] - click(findTestObject("Object Repository/POS_CashSale_CHC/Page_Frameworks (Demo)/div_Length_Col")): Object: 'Object Repository/POS_CashSale_CHC/Page_Frameworks (Demo)/div_Length_Col' is clicked on

17-09-2024T12:10:02 - [MESSAGE][PASSED] - Object: 'Object Repository/POS_CashSale_CHC/Page_Frameworks (Demo)/div_Length_Col' is clicked on

17-09-2024T12:10:02 - [TEST_STEP][PASSED] - sendKeys(findTestObject("Object Repository/POS_CashSale_CHC/Page_Frameworks (Demo)/input_LM_tallyLength"), "3"): Keys '3' sent to object: 'Object Repository/POS_CashSale_CHC/Page_Frameworks (Demo)/input_LM_tallyLength'

17-09-2024T12:10:03 - [MESSAGE][PASSED] - Keys '3' sent to object: 'Object Repository/POS_CashSale_CHC/Page_Frameworks (Demo)/input_LM_tallyLength'

17-09-2024T12:10:03 - [TEST_STEP][PASSED] - click(findTestObject("Object Repository/POS_CashSale_CHC/Page_Frameworks (Demo)/td_Add")): Object: 'Object Repository/POS_CashSale_CHC/Page_Frameworks (Demo)/td_Add' is clicked on

17-09-2024T12:10:04 - [MESSAGE][PASSED] - Object: 'Object Repository/POS_CashSale_CHC/Page_Frameworks (Demo)/td_Add' is clicked on

17-09-2024T12:10:04 - [TEST_STEP][PASSED] - sendKeys(findTestObject("Object Repository/POS_CashSale_CHC/Page_Frameworks (Demo)/input_LM_tallyQuantity_1"), "1"): Keys '1' sent to object: 'Object Repository/POS_CashSale_CHC/Page_Frameworks (Demo)/input_LM_tallyQuantity_1'

17-09-2024T12:10:05 - [MESSAGE][PASSED] - Keys '1' sent to object: 'Object Repository/POS_CashSale_CHC/Page_Frameworks (Demo)/input_LM_tallyQuantity_1'

17-09-2024T12:10:05 - [TEST_STEP][PASSED] - click(findTestObject("Object Repository/POS_CashSale_CHC/Page_Frameworks (Demo)/div_Length_Col_Row2")): Object: 'Object Repository/POS_CashSale_CHC/Page_Frameworks (Demo)/div_Length_Col_Row2' is clicked on

17-09-2024T12:10:05 - [MESSAGE][PASSED] - Object: 'Object Repository/POS_CashSale_CHC/Page_Frameworks (Demo)/div_Length_Col_Row2' is clicked on

17-09-2024T12:10:05 - [TEST_STEP][PASSED] - sendKeys(findTestObject("Object Repository/POS_CashSale_CHC/Page_Frameworks (Demo)/input_LM_tallyLength_1"), "2"): Keys '2' sent to object: 'Object Repository/POS_CashSale_CHC/Page_Frameworks (Demo)/input_LM_tallyLength_1'

17-09-2024T12:10:06 - [MESSAGE][PASSED] - Keys '2' sent to object: 'Object Repository/POS_CashSale_CHC/Page_Frameworks (Demo)/input_LM_tallyLength_1'

17-09-2024T12:10:06 - [TEST_STEP][PASSED] - delay(2): Delayed 2 second(s)

17-09-2024T12:10:08 - [MESSAGE][PASSED] - Delayed 2 second(s)

17-09-2024T12:10:08 - [TEST_STEP][PASSED] - takeFullPageScreenshot(): Taking screenshot successfully

17-09-2024T12:10:08 - [MESSAGE][INFO] - 0 hidden object(s)

17-09-2024T12:10:08 - [MESSAGE][PASSED] - Taking screenshot successfully
[[ATTACHMENT|C:\\Users\\User\\git\\frameworks-regression-test-automation\\Reports\\20240917_120925\\CHC_Instance\\PointofSale_Module\\TS1_POS_CashSale_CHC\\20240917_120926\\1726539008067.png]]

17-09-2024T12:10:08 - [TEST_STEP][PASSED] - click(findTestObject("Object Repository/POS_CashSale_CHC/Page_Frameworks (Demo)/td_SaveClose (S)")): Object: 'Object Repository/POS_CashSale_CHC/Page_Frameworks (Demo)/td_SaveClose (S)' is clicked on

17-09-2024T12:10:09 - [MESSAGE][PASSED] - Object: 'Object Repository/POS_CashSale_CHC/Page_Frameworks (Demo)/td_SaveClose (S)' is clicked on

17-09-2024T12:10:09 - [TEST_STEP][PASSED] - delay(2): Delayed 2 second(s)

17-09-2024T12:10:11 - [MESSAGE][PASSED] - Delayed 2 second(s)

17-09-2024T12:10:11 - [TEST_STEP][PASSED] - takeFullPageScreenshot(): Taking screenshot successfully

17-09-2024T12:10:11 - [MESSAGE][INFO] - 0 hidden object(s)

17-09-2024T12:10:11 - [MESSAGE][PASSED] - Taking screenshot successfully
[[ATTACHMENT|C:\\Users\\User\\git\\frameworks-regression-test-automation\\Reports\\20240917_120925\\CHC_Instance\\PointofSale_Module\\TS1_POS_CashSale_CHC\\20240917_120926\\1726539011104.png]]

17-09-2024T12:10:11 - [TEST_STEP][PASSED] - click(findTestObject("Object Repository/POS_CashSale_CHC/Page_Frameworks (Demo)/img_add")): Object: 'Object Repository/POS_CashSale_CHC/Page_Frameworks (Demo)/img_add' is clicked on

17-09-2024T12:10:12 - [MESSAGE][PASSED] - Object: 'Object Repository/POS_CashSale_CHC/Page_Frameworks (Demo)/img_add' is clicked on

17-09-2024T12:10:12 - [TEST_STEP][PASSED] - delay(2): Delayed 2 second(s)

17-09-2024T12:10:14 - [MESSAGE][PASSED] - Delayed 2 second(s)

17-09-2024T12:10:14 - [TEST_STEP][PASSED] - takeFullPageScreenshot(): Taking screenshot successfully

17-09-2024T12:10:14 - [MESSAGE][INFO] - 0 hidden object(s)

17-09-2024T12:10:14 - [MESSAGE][PASSED] - Taking screenshot successfully
[[ATTACHMENT|C:\\Users\\User\\git\\frameworks-regression-test-automation\\Reports\\20240917_120925\\CHC_Instance\\PointofSale_Module\\TS1_POS_CashSale_CHC\\20240917_120926\\1726539014045.png]]

17-09-2024T12:10:14 - [TEST_STEP][PASSED] - click(findTestObject("Object Repository/POS_CashSale_CHC/Page_Frameworks (Demo)/div_FinishSale (S)")): Object: 'Object Repository/POS_CashSale_CHC/Page_Frameworks (Demo)/div_FinishSale (S)' is clicked on

17-09-2024T12:10:14 - [MESSAGE][PASSED] - Object: 'Object Repository/POS_CashSale_CHC/Page_Frameworks (Demo)/div_FinishSale (S)' is clicked on

17-09-2024T12:10:14 - [TEST_STEP][PASSED] - delay(2): Delayed 2 second(s)

17-09-2024T12:10:16 - [MESSAGE][PASSED] - Delayed 2 second(s)

17-09-2024T12:10:16 - [TEST_STEP][PASSED] - takeFullPageScreenshot(): Taking screenshot successfully

17-09-2024T12:10:17 - [MESSAGE][INFO] - 0 hidden object(s)

17-09-2024T12:10:17 - [MESSAGE][PASSED] - Taking screenshot successfully
[[ATTACHMENT|C:\\Users\\User\\git\\frameworks-regression-test-automation\\Reports\\20240917_120925\\CHC_Instance\\PointofSale_Module\\TS1_POS_CashSale_CHC\\20240917_120926\\1726539016945.png]]

17-09-2024T12:10:17 - [TEST_STEP][PASSED] - click(findTestObject("Object Repository/POS_CashSale_CHC/Page_Frameworks (Demo)/div_50 Cash")): Object: 'Object Repository/POS_CashSale_CHC/Page_Frameworks (Demo)/div_50 Cash' is clicked on

17-09-2024T12:10:17 - [MESSAGE][PASSED] - Object: 'Object Repository/POS_CashSale_CHC/Page_Frameworks (Demo)/div_50 Cash' is clicked on

17-09-2024T12:10:17 - [TEST_STEP][PASSED] - delay(2): Delayed 2 second(s)

17-09-2024T12:10:19 - [MESSAGE][PASSED] - Delayed 2 second(s)

17-09-2024T12:10:19 - [TEST_STEP][PASSED] - takeFullPageScreenshot(): Taking screenshot successfully

17-09-2024T12:10:20 - [MESSAGE][INFO] - 0 hidden object(s)

17-09-2024T12:10:20 - [MESSAGE][PASSED] - Taking screenshot successfully
[[ATTACHMENT|C:\\Users\\User\\git\\frameworks-regression-test-automation\\Reports\\20240917_120925\\CHC_Instance\\PointofSale_Module\\TS1_POS_CashSale_CHC\\20240917_120926\\1726539019787.png]]

17-09-2024T12:10:20 - [TEST_STEP][PASSED] - click(findTestObject("Object Repository/POS_CashSale_CHC/Page_Frameworks (Demo)/td_SaveClose (S)")): Object: 'Object Repository/POS_CashSale_CHC/Page_Frameworks (Demo)/td_SaveClose (S)' is clicked on

17-09-2024T12:10:20 - [MESSAGE][PASSED] - Object: 'Object Repository/POS_CashSale_CHC/Page_Frameworks (Demo)/td_SaveClose (S)' is clicked on

17-09-2024T12:10:20 - [TEST_STEP][PASSED] - delay(2): Delayed 2 second(s)

17-09-2024T12:10:22 - [MESSAGE][PASSED] - Delayed 2 second(s)

17-09-2024T12:10:22 - [TEST_STEP][PASSED] - takeFullPageScreenshot(): Taking screenshot successfully

17-09-2024T12:10:23 - [MESSAGE][INFO] - 0 hidden object(s)

17-09-2024T12:10:23 - [MESSAGE][PASSED] - Taking screenshot successfully
[[ATTACHMENT|C:\\Users\\User\\git\\frameworks-regression-test-automation\\Reports\\20240917_120925\\CHC_Instance\\PointofSale_Module\\TS1_POS_CashSale_CHC\\20240917_120926\\1726539022643.png]]

17-09-2024T12:10:23 - [TEST_STEP][PASSED] - click(findTestObject("Object Repository/Create_PurchaseOrder_CHC/Page_Frameworks (Demo)/img_Accountdropd")): Object: 'Object Repository/Create_PurchaseOrder_CHC/Page_Frameworks (Demo)/img_Accountdropd' is clicked on

17-09-2024T12:10:23 - [MESSAGE][PASSED] - Object: 'Object Repository/Create_PurchaseOrder_CHC/Page_Frameworks (Demo)/img_Accountdropd' is clicked on

17-09-2024T12:10:23 - [TEST_STEP][PASSED] - click(findTestObject("Object Repository/Create_PurchaseOrder_CHC/Page_Frameworks (Demo)/div_Logout")): Object: 'Object Repository/Create_PurchaseOrder_CHC/Page_Frameworks (Demo)/div_Logout' is clicked on

17-09-2024T12:10:23 - [MESSAGE][PASSED] - Object: 'Object Repository/Create_PurchaseOrder_CHC/Page_Frameworks (Demo)/div_Logout' is clicked on]]></system-out>
         <system-err><![CDATA[]]></system-err>
      </testcase>
      <system-out><![CDATA[17-09-2024T12:09:33 - [TEST_SUITE][PASSED] - TS1_POS_CashSale_CHC: Test Cases/CHC_Instance/PointofSale_Module/TS1_POS_CashSale/POS_CashSale_CHC]]></system-out>
      <system-err><![CDATA[]]></system-err>
   </testsuite>
</testsuites>
