<?xml version="1.0" encoding="UTF-8"?>
<testsuites name="TS1_BT_BranchTransfer_NT" time="206.231" tests="3" failures="0" errors="0">
   <testsuite name="TS1_BT_BranchTransfer_NT" tests="3" failures="0" errors="0" time="206.231" skipped="0" timestamp="01-12-2024T10:29:02" hostname="azureuser - 10.192.8.5" id="Test Suites/Nortruss instance/BranchTransfer_Module/TS1_BT_BranchTransfer_NT">
      <properties>
         <property name="deviceName" value=""/>
         <property name="devicePlatform"/>
         <property name="logFolder" value="C:\\Users\\azureuser\\git\\frameworks-regression-test-automation\\Reports\\20241201_102853\\Nortruss instance\\BranchTransfer_Module\\TS1_BT_BranchTransfer_NT\\20241201_102853"/>
         <property name="logFiles" value="C:\\Users\\azureuser\\git\\frameworks-regression-test-automation\\Reports\\20241201_102853\\Nortruss instance\\BranchTransfer_Module\\TS1_BT_BranchTransfer_NT\\20241201_102853\\execution0.log"/>
         <property name="attachments" value=""/>
         <property name="hostName" value="azureuser - 10.192.8.5"/>
         <property name="os" value="Windows 11 64bit"/>
         <property name="katalonVersion" value="9.7.2.223"/>
         <property name="browser" value="Chrome 131.0.0.0"/>
         <property name="hostAddress" value="10.192.8.5"/>
         <property name="sessionId" value="bf585f8b8c85975a5ff8f70fde170857"/>
         <property name="seleniumVersion" value="3.141.59"/>
         <property name="proxyInformation" value="ProxyInformation { proxyOption=NO_PROXY, proxyServerType=HTTP, username=, password=********, proxyServerAddress=, proxyServerPort=0, executionList=&quot;&quot;, isApplyToDesiredCapabilities=true }"/>
         <property name="platform" value="Windows 11"/>
      </properties>
      <testcase name="Test Cases/Nortruss Instance/BranchTransfer_Module/TS1_BT_BranchTransfer/Create_Purchase_Order_NT" time="59.359" classname="Test Cases/Nortruss Instance/BranchTransfer_Module/TS1_BT_BranchTransfer/Create_Purchase_Order_NT" status="PASSED">
         <system-out><![CDATA[01-12-2024T10:29:03 - [TEST_CASE][PASSED] - Test Cases/Nortruss Instance/BranchTransfer_Module/TS1_BT_BranchTransfer/Create_Purchase_Order_NT: Test Cases/Nortruss Instance/BranchTransfer_Module/TS1_BT_BranchTransfer/Create_Purchase_Order_NT

01-12-2024T10:29:04 - [TEST_STEP][PASSED] - openBrowser(""): Browser is opened with url: ''

01-12-2024T10:29:04 - [MESSAGE][INFO] - Starting 'Chrome' driver

01-12-2024T10:29:04 - [MESSAGE][INFO] - Action delay is set to 0 milliseconds

01-12-2024T10:29:07 - [MESSAGE][PASSED] - Browser is opened with url: ''

01-12-2024T10:29:07 - [TEST_STEP][PASSED] - maximizeWindow(): Current window maximized

01-12-2024T10:29:07 - [MESSAGE][PASSED] - Current window maximized

01-12-2024T10:29:07 - [TEST_STEP][PASSED] - navigateToUrl("http://frameworks.nt.nortruss.com.au:8080/FWDemo/Fluid.html#homeDashboard,dash,Frameworks.Activity.Menu.HomeDashBoard"): Navigate to 'http://frameworks.nt.nortruss.com.au:8080/FWDemo/Fluid.html#homeDashboard,dash,Frameworks.Activity.Menu.HomeDashBoard' successfully

01-12-2024T10:29:14 - [MESSAGE][PASSED] - Navigate to 'http://frameworks.nt.nortruss.com.au:8080/FWDemo/Fluid.html#homeDashboard,dash,Frameworks.Activity.Menu.HomeDashBoard' successfully

01-12-2024T10:29:14 - [TEST_STEP][PASSED] - setText(findTestObject("Object Repository/TS1_BT_BranchTransfer_NT/Page_Frameworks (Demo)/input_User ID_userid"), "manaki"): Text 'manaki' is set on object 'Object Repository/TS1_BT_BranchTransfer_NT/Page_Frameworks (Demo)/input_User ID_userid'

01-12-2024T10:29:18 - [MESSAGE][PASSED] - Text 'manaki' is set on object 'Object Repository/TS1_BT_BranchTransfer_NT/Page_Frameworks (Demo)/input_User ID_userid'

01-12-2024T10:29:18 - [TEST_STEP][PASSED] - setEncryptedText(findTestObject("Object Repository/TS1_BT_BranchTransfer_NT/Page_Frameworks (Demo)/input_Password_password"), "C5+8mNJ15mA="): Text ****** has been set on object 'Object Repository/TS1_BT_BranchTransfer_NT/Page_Frameworks (Demo)/input_Password_password'

01-12-2024T10:29:19 - [MESSAGE][PASSED] - Text ****** has been set on object 'Object Repository/TS1_BT_BranchTransfer_NT/Page_Frameworks (Demo)/input_Password_password'

01-12-2024T10:29:19 - [TEST_STEP][PASSED] - click(findTestObject("Object Repository/TS1_BT_BranchTransfer_NT/Page_Frameworks (Demo)/div_Login")): Object: 'Object Repository/TS1_BT_BranchTransfer_NT/Page_Frameworks (Demo)/div_Login' is clicked on

01-12-2024T10:29:19 - [MESSAGE][PASSED] - Object: 'Object Repository/TS1_BT_BranchTransfer_NT/Page_Frameworks (Demo)/div_Login' is clicked on

01-12-2024T10:29:19 - [TEST_STEP][PASSED] - click(findTestObject("Object Repository/TS1_BT_BranchTransfer_NT/Page_Frameworks (Demo)/img_FW")): Object: 'Object Repository/TS1_BT_BranchTransfer_NT/Page_Frameworks (Demo)/img_FW' is clicked on

01-12-2024T10:29:22 - [MESSAGE][PASSED] - Object: 'Object Repository/TS1_BT_BranchTransfer_NT/Page_Frameworks (Demo)/img_FW' is clicked on

01-12-2024T10:29:22 - [TEST_STEP][PASSED] - click(findTestObject("Object Repository/TS1_BT_BranchTransfer_NT/Page_Frameworks (Demo)/b_Purchasing  Receipting")): Object: 'Object Repository/TS1_BT_BranchTransfer_NT/Page_Frameworks (Demo)/b_Purchasing  Receipting' is clicked on

01-12-2024T10:29:23 - [MESSAGE][PASSED] - Object: 'Object Repository/TS1_BT_BranchTransfer_NT/Page_Frameworks (Demo)/b_Purchasing  Receipting' is clicked on

01-12-2024T10:29:23 - [TEST_STEP][PASSED] - click(findTestObject("Object Repository/TS1_BT_BranchTransfer_NT/Page_Frameworks (Demo)/Transaction Processing")): Object: 'Object Repository/TS1_BT_BranchTransfer_NT/Page_Frameworks (Demo)/Transaction Processing' is clicked on

01-12-2024T10:29:24 - [MESSAGE][PASSED] - Object: 'Object Repository/TS1_BT_BranchTransfer_NT/Page_Frameworks (Demo)/Transaction Processing' is clicked on

01-12-2024T10:29:24 - [TEST_STEP][PASSED] - click(findTestObject("Object Repository/TS1_BT_BranchTransfer_NT/Page_Frameworks (Demo)/td_Purchase Orders")): Object: 'Object Repository/TS1_BT_BranchTransfer_NT/Page_Frameworks (Demo)/td_Purchase Orders' is clicked on

01-12-2024T10:29:25 - [MESSAGE][PASSED] - Object: 'Object Repository/TS1_BT_BranchTransfer_NT/Page_Frameworks (Demo)/td_Purchase Orders' is clicked on

01-12-2024T10:29:25 - [TEST_STEP][PASSED] - click(findTestObject("Object Repository/TS1_BT_BranchTransfer_NT/Page_Frameworks (Demo)/div_New")): Object: 'Object Repository/TS1_BT_BranchTransfer_NT/Page_Frameworks (Demo)/div_New' is clicked on

01-12-2024T10:29:27 - [MESSAGE][PASSED] - Object: 'Object Repository/TS1_BT_BranchTransfer_NT/Page_Frameworks (Demo)/div_New' is clicked on

01-12-2024T10:29:27 - [TEST_STEP][PASSED] - setEncryptedText(findTestObject("Object Repository/TS1_BT_BranchTransfer_NT/Page_Frameworks (Demo)/input_Operator No_operatorId"), "uzzxF8+Oh1A="): Text ****** has been set on object 'Object Repository/TS1_BT_BranchTransfer_NT/Page_Frameworks (Demo)/input_Operator No_operatorId'

01-12-2024T10:29:29 - [MESSAGE][PASSED] - Text ****** has been set on object 'Object Repository/TS1_BT_BranchTransfer_NT/Page_Frameworks (Demo)/input_Operator No_operatorId'

01-12-2024T10:29:29 - [TEST_STEP][PASSED] - setEncryptedText(findTestObject("Object Repository/TS1_BT_BranchTransfer_NT/Page_Frameworks (Demo)/input_PIN_pin"), "uzzxF8+Oh1A="): Text ****** has been set on object 'Object Repository/TS1_BT_BranchTransfer_NT/Page_Frameworks (Demo)/input_PIN_pin'

01-12-2024T10:29:30 - [MESSAGE][PASSED] - Text ****** has been set on object 'Object Repository/TS1_BT_BranchTransfer_NT/Page_Frameworks (Demo)/input_PIN_pin'

01-12-2024T10:29:30 - [TEST_STEP][PASSED] - click(findTestObject("Object Repository/TS1_BT_BranchTransfer_NT/Page_Frameworks (Demo)/div_OK")): Object: 'Object Repository/TS1_BT_BranchTransfer_NT/Page_Frameworks (Demo)/div_OK' is clicked on

01-12-2024T10:29:30 - [MESSAGE][PASSED] - Object: 'Object Repository/TS1_BT_BranchTransfer_NT/Page_Frameworks (Demo)/div_OK' is clicked on

01-12-2024T10:29:30 - [TEST_STEP][PASSED] - setText(findTestObject("Object Repository/TS1_BT_BranchTransfer_NT/Page_Frameworks (Demo)/input_Supplier No_idSupp"), "Branch1"): Text 'Branch1' is set on object 'Object Repository/TS1_BT_BranchTransfer_NT/Page_Frameworks (Demo)/input_Supplier No_idSupp'

01-12-2024T10:29:32 - [MESSAGE][PASSED] - Text 'Branch1' is set on object 'Object Repository/TS1_BT_BranchTransfer_NT/Page_Frameworks (Demo)/input_Supplier No_idSupp'

01-12-2024T10:29:32 - [TEST_STEP][PASSED] - click(findTestObject("Object Repository/TS1_BT_BranchTransfer_NT/Page_Frameworks (Demo)/div_Nortruss Branch Transfer (Branch1)")): Object: 'Object Repository/TS1_BT_BranchTransfer_NT/Page_Frameworks (Demo)/div_Nortruss Branch Transfer (Branch1)' is clicked on

01-12-2024T10:29:33 - [MESSAGE][PASSED] - Object: 'Object Repository/TS1_BT_BranchTransfer_NT/Page_Frameworks (Demo)/div_Nortruss Branch Transfer (Branch1)' is clicked on

01-12-2024T10:29:33 - [TEST_STEP][PASSED] - click(findTestObject("Object Repository/TS1_BT_BranchTransfer_NT/Page_Frameworks (Demo)/div_1 - DEMONSTRATION BRANCH 001")): Object: 'Object Repository/TS1_BT_BranchTransfer_NT/Page_Frameworks (Demo)/div_1 - DEMONSTRATION BRANCH 001' is clicked on

01-12-2024T10:29:34 - [MESSAGE][PASSED] - Object: 'Object Repository/TS1_BT_BranchTransfer_NT/Page_Frameworks (Demo)/div_1 - DEMONSTRATION BRANCH 001' is clicked on

01-12-2024T10:29:34 - [TEST_STEP][PASSED] - click(findTestObject("Object Repository/TS1_BT_BranchTransfer_NT/Page_Frameworks (Demo)/div_2 - DEMONSTRATION BRANCH 002")): Object: 'Object Repository/TS1_BT_BranchTransfer_NT/Page_Frameworks (Demo)/div_2 - DEMONSTRATION BRANCH 002' is clicked on

01-12-2024T10:29:35 - [MESSAGE][PASSED] - Object: 'Object Repository/TS1_BT_BranchTransfer_NT/Page_Frameworks (Demo)/div_2 - DEMONSTRATION BRANCH 002' is clicked on

01-12-2024T10:29:35 - [TEST_STEP][PASSED] - click(findTestObject("Object Repository/TS1_BT_BranchTransfer_NT/Page_Frameworks (Demo)/img_Date Required_isc_FZ")): Object: 'Object Repository/TS1_BT_BranchTransfer_NT/Page_Frameworks (Demo)/img_Date Required_isc_FZ' is clicked on

01-12-2024T10:29:36 - [MESSAGE][PASSED] - Object: 'Object Repository/TS1_BT_BranchTransfer_NT/Page_Frameworks (Demo)/img_Date Required_isc_FZ' is clicked on

01-12-2024T10:29:36 - [TEST_STEP][PASSED] - click(findTestObject("Object Repository/TS1_BT_BranchTransfer_NT/Page_Frameworks (Demo)/td_Today")): Object: 'Object Repository/TS1_BT_BranchTransfer_NT/Page_Frameworks (Demo)/td_Today' is clicked on

01-12-2024T10:29:37 - [MESSAGE][PASSED] - Object: 'Object Repository/TS1_BT_BranchTransfer_NT/Page_Frameworks (Demo)/td_Today' is clicked on

01-12-2024T10:29:37 - [TEST_STEP][PASSED] - click(findTestObject("Object Repository/TS1_BT_BranchTransfer_NT/Page_Frameworks (Demo)/img_Shipping Basis_isc_GD")): Object: 'Object Repository/TS1_BT_BranchTransfer_NT/Page_Frameworks (Demo)/img_Shipping Basis_isc_GD' is clicked on

01-12-2024T10:29:38 - [MESSAGE][PASSED] - Object: 'Object Repository/TS1_BT_BranchTransfer_NT/Page_Frameworks (Demo)/img_Shipping Basis_isc_GD' is clicked on

01-12-2024T10:29:38 - [TEST_STEP][PASSED] - click(findTestObject("Object Repository/TS1_BT_BranchTransfer_NT/Page_Frameworks (Demo)/div_PU - PICK UP FROM SUPP")): Object: 'Object Repository/TS1_BT_BranchTransfer_NT/Page_Frameworks (Demo)/div_PU - PICK UP FROM SUPP' is clicked on

01-12-2024T10:29:39 - [MESSAGE][PASSED] - Object: 'Object Repository/TS1_BT_BranchTransfer_NT/Page_Frameworks (Demo)/div_PU - PICK UP FROM SUPP' is clicked on

01-12-2024T10:29:39 - [TEST_STEP][PASSED] - click(findTestObject("Object Repository/TS1_BT_BranchTransfer_NT/Page_Frameworks (Demo)/div_Pickup Method_isc_GY")): Object: 'Object Repository/TS1_BT_BranchTransfer_NT/Page_Frameworks (Demo)/div_Pickup Method_isc_GY' is clicked on

01-12-2024T10:29:40 - [MESSAGE][PASSED] - Object: 'Object Repository/TS1_BT_BranchTransfer_NT/Page_Frameworks (Demo)/div_Pickup Method_isc_GY' is clicked on

01-12-2024T10:29:40 - [TEST_STEP][PASSED] - click(findTestObject("Object Repository/TS1_BT_BranchTransfer_NT/Page_Frameworks (Demo)/div_PICKU - Pick up From Store")): Object: 'Object Repository/TS1_BT_BranchTransfer_NT/Page_Frameworks (Demo)/div_PICKU - Pick up From Store' is clicked on

01-12-2024T10:29:41 - [MESSAGE][PASSED] - Object: 'Object Repository/TS1_BT_BranchTransfer_NT/Page_Frameworks (Demo)/div_PICKU - Pick up From Store' is clicked on

01-12-2024T10:29:41 - [TEST_STEP][PASSED] - setText(findTestObject("Object Repository/TS1_BT_BranchTransfer_NT/Page_Frameworks (Demo)/input_Address_addressSupp1"), "Kimberley"): Text 'Kimberley' is set on object 'Object Repository/TS1_BT_BranchTransfer_NT/Page_Frameworks (Demo)/input_Address_addressSupp1'

01-12-2024T10:29:42 - [MESSAGE][PASSED] - Text 'Kimberley' is set on object 'Object Repository/TS1_BT_BranchTransfer_NT/Page_Frameworks (Demo)/input_Address_addressSupp1'

01-12-2024T10:29:42 - [TEST_STEP][PASSED] - click(findTestObject("Object Repository/TS1_BT_BranchTransfer_NT/Page_Frameworks (Demo)/td_Save (S)")): Object: 'Object Repository/TS1_BT_BranchTransfer_NT/Page_Frameworks (Demo)/td_Save (S)' is clicked on

01-12-2024T10:29:43 - [MESSAGE][PASSED] - Object: 'Object Repository/TS1_BT_BranchTransfer_NT/Page_Frameworks (Demo)/td_Save (S)' is clicked on

01-12-2024T10:29:43 - [TEST_STEP][PASSED] - PurchaseOrder = getText(findTestObject("Object Repository/TS1_BT_BranchTransfer_NT/Page_Frameworks (Demo)/purchaseOrderNo")): Text of object 'Object Repository/TS1_BT_BranchTransfer_NT/Page_Frameworks (Demo)/purchaseOrderNo' is: 'PO 950142'

01-12-2024T10:29:47 - [MESSAGE][PASSED] - Text of object 'Object Repository/TS1_BT_BranchTransfer_NT/Page_Frameworks (Demo)/purchaseOrderNo' is: 'PO 950142'

01-12-2024T10:29:47 - [TEST_STEP][PASSED] - setText(findTestObject("Object Repository/TS1_BT_BranchTransfer_NT/Page_Frameworks (Demo)/input_P_idProd"), "2014086"): Text '2014086' is set on object 'Object Repository/TS1_BT_BranchTransfer_NT/Page_Frameworks (Demo)/input_P_idProd'

01-12-2024T10:29:47 - [MESSAGE][PASSED] - Text '2014086' is set on object 'Object Repository/TS1_BT_BranchTransfer_NT/Page_Frameworks (Demo)/input_P_idProd'

01-12-2024T10:29:47 - [TEST_STEP][PASSED] - doubleClick(findTestObject("Object Repository/TS1_BT_BranchTransfer_NT/Page_Frameworks (Demo)/input_Quantity_qtyTran_1")): Object: 'Object Repository/TS1_BT_BranchTransfer_NT/Page_Frameworks (Demo)/input_Quantity_qtyTran_1' is double clicked on

01-12-2024T10:29:48 - [MESSAGE][PASSED] - Object: 'Object Repository/TS1_BT_BranchTransfer_NT/Page_Frameworks (Demo)/input_Quantity_qtyTran_1' is double clicked on

01-12-2024T10:29:48 - [TEST_STEP][PASSED] - sendKeys(findTestObject("Object Repository/TS1_BT_BranchTransfer_NT/Page_Frameworks (Demo)/input_Quantity_qtyTran_1"), "2"): Keys '2' sent to object: 'Object Repository/TS1_BT_BranchTransfer_NT/Page_Frameworks (Demo)/input_Quantity_qtyTran_1'

01-12-2024T10:29:49 - [MESSAGE][PASSED] - Keys '2' sent to object: 'Object Repository/TS1_BT_BranchTransfer_NT/Page_Frameworks (Demo)/input_Quantity_qtyTran_1'

01-12-2024T10:29:49 - [TEST_STEP][PASSED] - click(findTestObject("Object Repository/TS1_BT_BranchTransfer_NT/Page_Frameworks (Demo)/img_1")): Object: 'Object Repository/TS1_BT_BranchTransfer_NT/Page_Frameworks (Demo)/img_1' is clicked on

01-12-2024T10:29:49 - [MESSAGE][PASSED] - Object: 'Object Repository/TS1_BT_BranchTransfer_NT/Page_Frameworks (Demo)/img_1' is clicked on

01-12-2024T10:29:49 - [TEST_STEP][PASSED] - click(findTestObject("Object Repository/TS1_BT_BranchTransfer_NT/Page_Frameworks (Demo)/div_Actions")): Object: 'Object Repository/TS1_BT_BranchTransfer_NT/Page_Frameworks (Demo)/div_Actions' is clicked on

01-12-2024T10:29:52 - [MESSAGE][PASSED] - Object: 'Object Repository/TS1_BT_BranchTransfer_NT/Page_Frameworks (Demo)/div_Actions' is clicked on

01-12-2024T10:29:52 - [TEST_STEP][PASSED] - click(findTestObject("Object Repository/TS1_BT_BranchTransfer_NT/Page_Frameworks (Demo)/div_Finalise Transfer")): Object: 'Object Repository/TS1_BT_BranchTransfer_NT/Page_Frameworks (Demo)/div_Finalise Transfer' is clicked on

01-12-2024T10:29:53 - [MESSAGE][PASSED] - Object: 'Object Repository/TS1_BT_BranchTransfer_NT/Page_Frameworks (Demo)/div_Finalise Transfer' is clicked on

01-12-2024T10:29:53 - [TEST_STEP][PASSED] - click(findTestObject("Object Repository/TS1_BT_BranchTransfer_NT/Page_Frameworks (Demo)/td_Despatch Method_isc_17A")): Object: 'Object Repository/TS1_BT_BranchTransfer_NT/Page_Frameworks (Demo)/td_Despatch Method_isc_17A' is clicked on

01-12-2024T10:29:56 - [MESSAGE][PASSED] - Object: 'Object Repository/TS1_BT_BranchTransfer_NT/Page_Frameworks (Demo)/td_Despatch Method_isc_17A' is clicked on

01-12-2024T10:29:56 - [TEST_STEP][PASSED] - click(findTestObject("Object Repository/TS1_BT_BranchTransfer_NT/Page_Frameworks (Demo)/div_PICKU - Pick up From Store_1")): Object: 'Object Repository/TS1_BT_BranchTransfer_NT/Page_Frameworks (Demo)/div_PICKU - Pick up From Store_1' is clicked on

01-12-2024T10:29:57 - [MESSAGE][PASSED] - Object: 'Object Repository/TS1_BT_BranchTransfer_NT/Page_Frameworks (Demo)/div_PICKU - Pick up From Store_1' is clicked on

01-12-2024T10:29:57 - [TEST_STEP][PASSED] - click(findTestObject("Object Repository/TS1_BT_BranchTransfer_NT/Page_Frameworks (Demo)/td_Save (S)_1_2")): Object: 'Object Repository/TS1_BT_BranchTransfer_NT/Page_Frameworks (Demo)/td_Save (S)_1_2' is clicked on

01-12-2024T10:29:58 - [MESSAGE][PASSED] - Object: 'Object Repository/TS1_BT_BranchTransfer_NT/Page_Frameworks (Demo)/td_Save (S)_1_2' is clicked on

01-12-2024T10:29:58 - [TEST_STEP][PASSED] - SalesOrder = getText(findTestObject("Object Repository/TS1_BT_BranchTransfer_NT/Page_Frameworks (Demo)/a_Tfer SO")): Text of object 'Object Repository/TS1_BT_BranchTransfer_NT/Page_Frameworks (Demo)/a_Tfer SO' is: 'Tfer SO: 401509'

01-12-2024T10:29:59 - [MESSAGE][PASSED] - Text of object 'Object Repository/TS1_BT_BranchTransfer_NT/Page_Frameworks (Demo)/a_Tfer SO' is: 'Tfer SO: 401509'

01-12-2024T10:29:59 - [TEST_STEP][PASSED] - println(SalesOrder): null

01-12-2024T10:29:59 - [TEST_STEP][PASSED] - println(PurchaseOrder): null

01-12-2024T10:29:59 - [TEST_STEP][PASSED] - sourceFile = new java.io.FileInputStream(ExcelFile): null

01-12-2024T10:29:59 - [TEST_STEP][PASSED] - workbook = new org.apache.poi.xssf.usermodel.XSSFWorkbook(sourceFile): null

01-12-2024T10:30:00 - [TEST_STEP][PASSED] - sheet = workbook.getSheet("Sheet1"): null

01-12-2024T10:30:00 - [TEST_STEP][PASSED] - row = sheet.getRow(0): null

01-12-2024T10:30:00 - [TEST_STEP][PASSED] - cell = row.getCell(1): null

01-12-2024T10:30:00 - [TEST_STEP][PASSED] - row = sheet.createRow(1): null

01-12-2024T10:30:00 - [TEST_STEP][PASSED] - cell = row.createCell(0): null

01-12-2024T10:30:00 - [TEST_STEP][PASSED] - cell.setCellValue("Purchase Order"): null

01-12-2024T10:30:01 - [TEST_STEP][PASSED] - cell = row.createCell(1): null

01-12-2024T10:30:01 - [TEST_STEP][PASSED] - cell.setCellValue(PurchaseOrder): null

01-12-2024T10:30:01 - [TEST_STEP][PASSED] - row = sheet.createRow(2): null

01-12-2024T10:30:01 - [TEST_STEP][PASSED] - cell = row.createCell(0): null

01-12-2024T10:30:01 - [TEST_STEP][PASSED] - cell.setCellValue("Sales Order"): null

01-12-2024T10:30:01 - [TEST_STEP][PASSED] - cell = row.createCell(1): null

01-12-2024T10:30:01 - [TEST_STEP][PASSED] - cell.setCellValue(SalesOrder): null

01-12-2024T10:30:01 - [TEST_STEP][PASSED] - fos = new java.io.FileOutputStream(ExcelFile): null

01-12-2024T10:30:01 - [TEST_STEP][PASSED] - workbook.write(fos): null

01-12-2024T10:30:01 - [TEST_STEP][PASSED] - fos.close(): null

01-12-2024T10:30:01 - [TEST_STEP][PASSED] - sourceFile.close(): null

01-12-2024T10:30:01 - [TEST_STEP][PASSED] - click(findTestObject("Object Repository/TS1_BT_BranchTransfer_NT/Page_Frameworks (Demo)/img_dropdownLogout")): Object: 'Object Repository/TS1_BT_BranchTransfer_NT/Page_Frameworks (Demo)/img_dropdownLogout' is clicked on

01-12-2024T10:30:01 - [MESSAGE][PASSED] - Object: 'Object Repository/TS1_BT_BranchTransfer_NT/Page_Frameworks (Demo)/img_dropdownLogout' is clicked on

01-12-2024T10:30:01 - [TEST_STEP][PASSED] - click(findTestObject("Object Repository/TS1_BT_BranchTransfer_NT/Page_Frameworks (Demo)/td_Logout")): Object: 'Object Repository/TS1_BT_BranchTransfer_NT/Page_Frameworks (Demo)/td_Logout' is clicked on

01-12-2024T10:30:02 - [MESSAGE][PASSED] - Object: 'Object Repository/TS1_BT_BranchTransfer_NT/Page_Frameworks (Demo)/td_Logout' is clicked on]]></system-out>
         <system-err><![CDATA[]]></system-err>
      </testcase>
      <testcase name="Test Cases/Nortruss Instance/BranchTransfer_Module/TS1_BT_BranchTransfer/Pick_Release_SO_NT" time="44.446" classname="Test Cases/Nortruss Instance/BranchTransfer_Module/TS1_BT_BranchTransfer/Pick_Release_SO_NT" status="PASSED">
         <system-out><![CDATA[01-12-2024T10:30:02 - [TEST_CASE][PASSED] - Test Cases/Nortruss Instance/BranchTransfer_Module/TS1_BT_BranchTransfer/Pick_Release_SO_NT: Test Cases/Nortruss Instance/BranchTransfer_Module/TS1_BT_BranchTransfer/Pick_Release_SO_NT

01-12-2024T10:30:03 - [TEST_STEP][PASSED] - sourceFile = new java.io.FileInputStream(ExcelFile): null

01-12-2024T10:30:03 - [TEST_STEP][PASSED] - workbook = new org.apache.poi.xssf.usermodel.XSSFWorkbook(sourceFile): null

01-12-2024T10:30:03 - [TEST_STEP][PASSED] - sheet = workbook.getSheet("Sheet1"): null

01-12-2024T10:30:03 - [TEST_STEP][PASSED] - row = sheet.getRow(2): null

01-12-2024T10:30:03 - [TEST_STEP][PASSED] - cell = row.getCell(1): null

01-12-2024T10:30:03 - [TEST_STEP][PASSED] - SalesOrder = cell.getStringCellValue(): null

01-12-2024T10:30:03 - [TEST_STEP][PASSED] - SalesOrder = SalesOrder.replace("Tfer SO: ", ""): null

01-12-2024T10:30:03 - [TEST_STEP][PASSED] - println(SalesOrder): null

01-12-2024T10:30:03 - [TEST_STEP][PASSED] - sourceFile.close(): null

01-12-2024T10:30:03 - [TEST_STEP][PASSED] - openBrowser(""): Browser is opened with url: ''

01-12-2024T10:30:03 - [MESSAGE][WARNING] - A browser is already opened. Closing browser and opening a new one

01-12-2024T10:30:03 - [MESSAGE][INFO] - Starting 'Chrome' driver

01-12-2024T10:30:03 - [MESSAGE][INFO] - Action delay is set to 0 milliseconds

01-12-2024T10:30:05 - [MESSAGE][PASSED] - Browser is opened with url: ''

01-12-2024T10:30:05 - [TEST_STEP][PASSED] - maximizeWindow(): Current window maximized

01-12-2024T10:30:05 - [MESSAGE][PASSED] - Current window maximized

01-12-2024T10:30:05 - [TEST_STEP][PASSED] - navigateToUrl("http://frameworks.nt.nortruss.com.au:8080/FWDemo/Fluid.html#homeDashboard,dash,Frameworks.Activity.Menu.HomeDashBoard"): Navigate to 'http://frameworks.nt.nortruss.com.au:8080/FWDemo/Fluid.html#homeDashboard,dash,Frameworks.Activity.Menu.HomeDashBoard' successfully

01-12-2024T10:30:05 - [MESSAGE][PASSED] - Navigate to 'http://frameworks.nt.nortruss.com.au:8080/FWDemo/Fluid.html#homeDashboard,dash,Frameworks.Activity.Menu.HomeDashBoard' successfully

01-12-2024T10:30:05 - [TEST_STEP][PASSED] - setText(findTestObject("Object Repository/TS1_BT_BranchTransfer_NT/Page_Frameworks (Demo)/input_User ID_userid"), "manaki"): Text 'manaki' is set on object 'Object Repository/TS1_BT_BranchTransfer_NT/Page_Frameworks (Demo)/input_User ID_userid'

01-12-2024T10:30:16 - [MESSAGE][PASSED] - Text 'manaki' is set on object 'Object Repository/TS1_BT_BranchTransfer_NT/Page_Frameworks (Demo)/input_User ID_userid'

01-12-2024T10:30:16 - [TEST_STEP][PASSED] - setEncryptedText(findTestObject("Object Repository/TS1_BT_BranchTransfer_NT/Page_Frameworks (Demo)/input_Password_password"), "C5+8mNJ15mA="): Text ****** has been set on object 'Object Repository/TS1_BT_BranchTransfer_NT/Page_Frameworks (Demo)/input_Password_password'

01-12-2024T10:30:16 - [MESSAGE][PASSED] - Text ****** has been set on object 'Object Repository/TS1_BT_BranchTransfer_NT/Page_Frameworks (Demo)/input_Password_password'

01-12-2024T10:30:16 - [TEST_STEP][PASSED] - click(findTestObject("Object Repository/TS1_BT_BranchTransfer_NT/Page_Frameworks (Demo)/div_Login")): Object: 'Object Repository/TS1_BT_BranchTransfer_NT/Page_Frameworks (Demo)/div_Login' is clicked on

01-12-2024T10:30:17 - [MESSAGE][PASSED] - Object: 'Object Repository/TS1_BT_BranchTransfer_NT/Page_Frameworks (Demo)/div_Login' is clicked on

01-12-2024T10:30:17 - [TEST_STEP][PASSED] - click(findTestObject("Object Repository/TS1_BT_BranchTransfer_NT/Page_Frameworks (Demo)/img_FW")): Object: 'Object Repository/TS1_BT_BranchTransfer_NT/Page_Frameworks (Demo)/img_FW' is clicked on

01-12-2024T10:30:20 - [MESSAGE][PASSED] - Object: 'Object Repository/TS1_BT_BranchTransfer_NT/Page_Frameworks (Demo)/img_FW' is clicked on

01-12-2024T10:30:20 - [TEST_STEP][PASSED] - click(findTestObject("Object Repository/TS1_BT_BranchTransfer_NT/Page_Frameworks (Demo)/b_Transaction Processing")): Object: 'Object Repository/TS1_BT_BranchTransfer_NT/Page_Frameworks (Demo)/b_Transaction Processing' is clicked on

01-12-2024T10:30:21 - [MESSAGE][PASSED] - Object: 'Object Repository/TS1_BT_BranchTransfer_NT/Page_Frameworks (Demo)/b_Transaction Processing' is clicked on

01-12-2024T10:30:21 - [TEST_STEP][PASSED] - click(findTestObject("Object Repository/TS1_BT_BranchTransfer_NT/Page_Frameworks (Demo)/td_Sales Orders")): Object: 'Object Repository/TS1_BT_BranchTransfer_NT/Page_Frameworks (Demo)/td_Sales Orders' is clicked on

01-12-2024T10:30:22 - [MESSAGE][PASSED] - Object: 'Object Repository/TS1_BT_BranchTransfer_NT/Page_Frameworks (Demo)/td_Sales Orders' is clicked on

01-12-2024T10:30:22 - [TEST_STEP][PASSED] - setText(findTestObject("Object Repository/TS1_BT_BranchTransfer_NT/Page_Frameworks (Demo)/Sales_Td"), SalesOrder): Text '401509' is set on object 'Object Repository/TS1_BT_BranchTransfer_NT/Page_Frameworks (Demo)/Sales_Td'

01-12-2024T10:30:25 - [MESSAGE][PASSED] - Text '401509' is set on object 'Object Repository/TS1_BT_BranchTransfer_NT/Page_Frameworks (Demo)/Sales_Td'

01-12-2024T10:30:25 - [TEST_STEP][PASSED] - click(findTestObject("Object Repository/TS1_BT_BranchTransfer_NT/Page_Frameworks (Demo)/div_Find")): Object: 'Object Repository/TS1_BT_BranchTransfer_NT/Page_Frameworks (Demo)/div_Find' is clicked on

01-12-2024T10:30:26 - [MESSAGE][PASSED] - Object: 'Object Repository/TS1_BT_BranchTransfer_NT/Page_Frameworks (Demo)/div_Find' is clicked on

01-12-2024T10:30:26 - [TEST_STEP][PASSED] - click(findTestObject("Object Repository/TS1_BT_BranchTransfer_NT/Page_Frameworks (Demo)/a_00401492")): Object: 'Object Repository/TS1_BT_BranchTransfer_NT/Page_Frameworks (Demo)/a_00401492' is clicked on

01-12-2024T10:30:27 - [MESSAGE][PASSED] - Object: 'Object Repository/TS1_BT_BranchTransfer_NT/Page_Frameworks (Demo)/a_00401492' is clicked on

01-12-2024T10:30:27 - [TEST_STEP][PASSED] - setEncryptedText(findTestObject("Object Repository/TS1_BT_BranchTransfer_NT/Page_Frameworks (Demo)/input_Operator No_operatorId"), "uzzxF8+Oh1A="): Text ****** has been set on object 'Object Repository/TS1_BT_BranchTransfer_NT/Page_Frameworks (Demo)/input_Operator No_operatorId'

01-12-2024T10:30:30 - [MESSAGE][PASSED] - Text ****** has been set on object 'Object Repository/TS1_BT_BranchTransfer_NT/Page_Frameworks (Demo)/input_Operator No_operatorId'

01-12-2024T10:30:30 - [TEST_STEP][PASSED] - setEncryptedText(findTestObject("Object Repository/TS1_BT_BranchTransfer_NT/Page_Frameworks (Demo)/input_PIN_pin"), "uzzxF8+Oh1A="): Text ****** has been set on object 'Object Repository/TS1_BT_BranchTransfer_NT/Page_Frameworks (Demo)/input_PIN_pin'

01-12-2024T10:30:30 - [MESSAGE][PASSED] - Text ****** has been set on object 'Object Repository/TS1_BT_BranchTransfer_NT/Page_Frameworks (Demo)/input_PIN_pin'

01-12-2024T10:30:30 - [TEST_STEP][PASSED] - click(findTestObject("Object Repository/TS1_BT_BranchTransfer_NT/Page_Frameworks (Demo)/td_OK")): Object: 'Object Repository/TS1_BT_BranchTransfer_NT/Page_Frameworks (Demo)/td_OK' is clicked on

01-12-2024T10:30:31 - [MESSAGE][PASSED] - Object: 'Object Repository/TS1_BT_BranchTransfer_NT/Page_Frameworks (Demo)/td_OK' is clicked on

01-12-2024T10:30:31 - [TEST_STEP][PASSED] - SalesOrderValidate = getText(findTestObject("Object Repository/TS1_BT_BranchTransfer_NT/Page_Frameworks (Demo)/span_SO 4014940")): Text of object 'Object Repository/TS1_BT_BranchTransfer_NT/Page_Frameworks (Demo)/span_SO 4014940' is: 'SO 401509/0'

01-12-2024T10:30:33 - [MESSAGE][PASSED] - Text of object 'Object Repository/TS1_BT_BranchTransfer_NT/Page_Frameworks (Demo)/span_SO 4014940' is: 'SO 401509/0'

01-12-2024T10:30:33 - [TEST_STEP][PASSED] - SalesOrderValidate = SalesOrderValidate.replace("SO ", ""): null

01-12-2024T10:30:33 - [TEST_STEP][PASSED] - SalesOrderValidate = SalesOrderValidate.replace("/0", ""): null

01-12-2024T10:30:33 - [TEST_STEP][PASSED] - if (SalesOrder == SalesOrderValidate): Object: 'Object Repository/TS1_BT_BranchTransfer_NT/Page_Frameworks (Demo)/td_Logout' is clicked on

01-12-2024T10:30:33 - [TEST_STEP][PASSED] - println("yes it is same" + SalesOrder): null

01-12-2024T10:30:33 - [TEST_STEP][PASSED] - click(findTestObject("Object Repository/TS1_BT_BranchTransfer_NT/Page_Frameworks (Demo)/div_Actions")): Object: 'Object Repository/TS1_BT_BranchTransfer_NT/Page_Frameworks (Demo)/div_Actions' is clicked on

01-12-2024T10:30:34 - [MESSAGE][PASSED] - Object: 'Object Repository/TS1_BT_BranchTransfer_NT/Page_Frameworks (Demo)/div_Actions' is clicked on

01-12-2024T10:30:34 - [TEST_STEP][PASSED] - click(findTestObject("Object Repository/TS1_BT_BranchTransfer_NT/Page_Frameworks (Demo)/div_Pick  Release")): Object: 'Object Repository/TS1_BT_BranchTransfer_NT/Page_Frameworks (Demo)/div_Pick  Release' is clicked on

01-12-2024T10:30:35 - [MESSAGE][PASSED] - Object: 'Object Repository/TS1_BT_BranchTransfer_NT/Page_Frameworks (Demo)/div_Pick  Release' is clicked on

01-12-2024T10:30:35 - [TEST_STEP][PASSED] - click(findTestObject("Object Repository/TS1_BT_BranchTransfer_NT/Page_Frameworks (Demo)/div_Pick All")): Object: 'Object Repository/TS1_BT_BranchTransfer_NT/Page_Frameworks (Demo)/div_Pick All' is clicked on

01-12-2024T10:30:38 - [MESSAGE][PASSED] - Object: 'Object Repository/TS1_BT_BranchTransfer_NT/Page_Frameworks (Demo)/div_Pick All' is clicked on

01-12-2024T10:30:38 - [TEST_STEP][PASSED] - click(findTestObject("Object Repository/TS1_BT_BranchTransfer_NT/Page_Frameworks (Demo)/div_Complete Picking")): Object: 'Object Repository/TS1_BT_BranchTransfer_NT/Page_Frameworks (Demo)/div_Complete Picking' is clicked on

01-12-2024T10:30:40 - [MESSAGE][PASSED] - Object: 'Object Repository/TS1_BT_BranchTransfer_NT/Page_Frameworks (Demo)/div_Complete Picking' is clicked on

01-12-2024T10:30:40 - [TEST_STEP][PASSED] - click(findTestObject("Object Repository/TS1_BT_BranchTransfer_NT/Page_Frameworks (Demo)/div_Release Order")): Object: 'Object Repository/TS1_BT_BranchTransfer_NT/Page_Frameworks (Demo)/div_Release Order' is clicked on

01-12-2024T10:30:42 - [MESSAGE][PASSED] - Object: 'Object Repository/TS1_BT_BranchTransfer_NT/Page_Frameworks (Demo)/div_Release Order' is clicked on

01-12-2024T10:30:42 - [TEST_STEP][PASSED] - click(findTestObject("Object Repository/TS1_BT_BranchTransfer_NT/Page_Frameworks (Demo)/div_Print Delivery Docket_isc_1IB")): Object: 'Object Repository/TS1_BT_BranchTransfer_NT/Page_Frameworks (Demo)/div_Print Delivery Docket_isc_1IB' is clicked on

01-12-2024T10:30:44 - [MESSAGE][PASSED] - Object: 'Object Repository/TS1_BT_BranchTransfer_NT/Page_Frameworks (Demo)/div_Print Delivery Docket_isc_1IB' is clicked on

01-12-2024T10:30:44 - [TEST_STEP][PASSED] - click(findTestObject("Object Repository/TS1_BT_BranchTransfer_NT/Page_Frameworks (Demo)/td_Release (S)")): Object: 'Object Repository/TS1_BT_BranchTransfer_NT/Page_Frameworks (Demo)/td_Release (S)' is clicked on

01-12-2024T10:30:44 - [MESSAGE][PASSED] - Object: 'Object Repository/TS1_BT_BranchTransfer_NT/Page_Frameworks (Demo)/td_Release (S)' is clicked on

01-12-2024T10:30:44 - [TEST_STEP][PASSED] - click(findTestObject("Object Repository/TS1_BT_BranchTransfer_NT/Page_Frameworks (Demo)/img_dropdownLogout")): Object: 'Object Repository/TS1_BT_BranchTransfer_NT/Page_Frameworks (Demo)/img_dropdownLogout' is clicked on

01-12-2024T10:30:46 - [MESSAGE][PASSED] - Object: 'Object Repository/TS1_BT_BranchTransfer_NT/Page_Frameworks (Demo)/img_dropdownLogout' is clicked on

01-12-2024T10:30:46 - [TEST_STEP][PASSED] - click(findTestObject("Object Repository/TS1_BT_BranchTransfer_NT/Page_Frameworks (Demo)/td_Logout")): Object: 'Object Repository/TS1_BT_BranchTransfer_NT/Page_Frameworks (Demo)/td_Logout' is clicked on

01-12-2024T10:30:46 - [MESSAGE][PASSED] - Object: 'Object Repository/TS1_BT_BranchTransfer_NT/Page_Frameworks (Demo)/td_Logout' is clicked on]]></system-out>
         <system-err><![CDATA[]]></system-err>
      </testcase>
      <testcase name="Test Cases/Nortruss Instance/BranchTransfer_Module/TS1_BT_BranchTransfer/Stock_Receipt_NT" time="102.108" classname="Test Cases/Nortruss Instance/BranchTransfer_Module/TS1_BT_BranchTransfer/Stock_Receipt_NT" status="PASSED">
         <system-out><![CDATA[01-12-2024T10:30:46 - [TEST_CASE][PASSED] - Test Cases/Nortruss Instance/BranchTransfer_Module/TS1_BT_BranchTransfer/Stock_Receipt_NT: Test Cases/Nortruss Instance/BranchTransfer_Module/TS1_BT_BranchTransfer/Stock_Receipt_NT

01-12-2024T10:30:47 - [TEST_STEP][PASSED] - sourceFile = new java.io.FileInputStream(ExcelFile): null

01-12-2024T10:30:47 - [TEST_STEP][PASSED] - workbook = new org.apache.poi.xssf.usermodel.XSSFWorkbook(sourceFile): null

01-12-2024T10:30:47 - [TEST_STEP][PASSED] - sheet = workbook.getSheet("Sheet1"): null

01-12-2024T10:30:47 - [TEST_STEP][PASSED] - row = sheet.getRow(2): null

01-12-2024T10:30:47 - [TEST_STEP][PASSED] - cell = row.getCell(1): null

01-12-2024T10:30:47 - [TEST_STEP][PASSED] - SalesOrder = cell.getStringCellValue(): null

01-12-2024T10:30:47 - [TEST_STEP][PASSED] - SalesOrder = SalesOrder.replace("Tfer SO: ", ""): null

01-12-2024T10:30:47 - [TEST_STEP][PASSED] - println(SalesOrder): null

01-12-2024T10:30:47 - [TEST_STEP][PASSED] - row = sheet.getRow(1): null

01-12-2024T10:30:47 - [TEST_STEP][PASSED] - cell = row.getCell(1): null

01-12-2024T10:30:47 - [TEST_STEP][PASSED] - PurchaseOrder = cell.getStringCellValue(): null

01-12-2024T10:30:47 - [TEST_STEP][PASSED] - PurchaseOrder = PurchaseOrder.replace("PO ", ""): null

01-12-2024T10:30:47 - [TEST_STEP][PASSED] - println(PurchaseOrder): null

01-12-2024T10:30:47 - [TEST_STEP][PASSED] - sourceFile.close(): null

01-12-2024T10:30:47 - [TEST_STEP][PASSED] - openBrowser(""): Browser is opened with url: ''

01-12-2024T10:30:47 - [MESSAGE][WARNING] - A browser is already opened. Closing browser and opening a new one

01-12-2024T10:30:48 - [MESSAGE][INFO] - Starting 'Chrome' driver

01-12-2024T10:30:48 - [MESSAGE][INFO] - Action delay is set to 0 milliseconds

01-12-2024T10:30:49 - [MESSAGE][PASSED] - Browser is opened with url: ''

01-12-2024T10:30:49 - [TEST_STEP][PASSED] - maximizeWindow(): Current window maximized

01-12-2024T10:30:49 - [MESSAGE][PASSED] - Current window maximized

01-12-2024T10:30:49 - [TEST_STEP][PASSED] - navigateToUrl("http://frameworks.nt.nortruss.com.au:8080/FWDemo/Fluid.html#homeDashboard,dash,Frameworks.Activity.Menu.HomeDashBoard"): Navigate to 'http://frameworks.nt.nortruss.com.au:8080/FWDemo/Fluid.html#homeDashboard,dash,Frameworks.Activity.Menu.HomeDashBoard' successfully

01-12-2024T10:30:54 - [MESSAGE][PASSED] - Navigate to 'http://frameworks.nt.nortruss.com.au:8080/FWDemo/Fluid.html#homeDashboard,dash,Frameworks.Activity.Menu.HomeDashBoard' successfully

01-12-2024T10:30:54 - [TEST_STEP][PASSED] - setText(findTestObject("Object Repository/TS1_BT_BranchTransfer_NT/Page_Frameworks (Demo)/input_User ID_userid"), "manaki"): Text 'manaki' is set on object 'Object Repository/TS1_BT_BranchTransfer_NT/Page_Frameworks (Demo)/input_User ID_userid'

01-12-2024T10:30:59 - [MESSAGE][PASSED] - Text 'manaki' is set on object 'Object Repository/TS1_BT_BranchTransfer_NT/Page_Frameworks (Demo)/input_User ID_userid'

01-12-2024T10:30:59 - [TEST_STEP][PASSED] - setEncryptedText(findTestObject("Object Repository/TS1_BT_BranchTransfer_NT/Page_Frameworks (Demo)/input_Password_password"), "C5+8mNJ15mA="): Text ****** has been set on object 'Object Repository/TS1_BT_BranchTransfer_NT/Page_Frameworks (Demo)/input_Password_password'

01-12-2024T10:31:00 - [MESSAGE][PASSED] - Text ****** has been set on object 'Object Repository/TS1_BT_BranchTransfer_NT/Page_Frameworks (Demo)/input_Password_password'

01-12-2024T10:31:00 - [TEST_STEP][PASSED] - click(findTestObject("Object Repository/TS1_BT_BranchTransfer_NT/Page_Frameworks (Demo)/div_Login")): Object: 'Object Repository/TS1_BT_BranchTransfer_NT/Page_Frameworks (Demo)/div_Login' is clicked on

01-12-2024T10:31:00 - [MESSAGE][PASSED] - Object: 'Object Repository/TS1_BT_BranchTransfer_NT/Page_Frameworks (Demo)/div_Login' is clicked on

01-12-2024T10:31:00 - [TEST_STEP][PASSED] - click(findTestObject("Object Repository/TS1_BT_BranchTransfer_NT/Page_Frameworks (Demo)/img_FW")): Object: 'Object Repository/TS1_BT_BranchTransfer_NT/Page_Frameworks (Demo)/img_FW' is clicked on

01-12-2024T10:31:03 - [MESSAGE][PASSED] - Object: 'Object Repository/TS1_BT_BranchTransfer_NT/Page_Frameworks (Demo)/img_FW' is clicked on

01-12-2024T10:31:03 - [TEST_STEP][PASSED] - click(findTestObject("Object Repository/TS1_BT_BranchTransfer_NT/Page_Frameworks (Demo)/b_Purchasing  Receipting")): Object: 'Object Repository/TS1_BT_BranchTransfer_NT/Page_Frameworks (Demo)/b_Purchasing  Receipting' is clicked on

01-12-2024T10:31:04 - [MESSAGE][PASSED] - Object: 'Object Repository/TS1_BT_BranchTransfer_NT/Page_Frameworks (Demo)/b_Purchasing  Receipting' is clicked on

01-12-2024T10:31:04 - [TEST_STEP][PASSED] - click(findTestObject("Object Repository/TS1_BT_BranchTransfer_NT/Page_Frameworks (Demo)/b_Transaction Processing_1")): Object: 'Object Repository/TS1_BT_BranchTransfer_NT/Page_Frameworks (Demo)/b_Transaction Processing_1' is clicked on

01-12-2024T10:31:05 - [MESSAGE][PASSED] - Object: 'Object Repository/TS1_BT_BranchTransfer_NT/Page_Frameworks (Demo)/b_Transaction Processing_1' is clicked on

01-12-2024T10:31:05 - [TEST_STEP][PASSED] - click(findTestObject("Object Repository/TS1_BT_BranchTransfer_NT/Page_Frameworks (Demo)/td_Stock Receipting")): Object: 'Object Repository/TS1_BT_BranchTransfer_NT/Page_Frameworks (Demo)/td_Stock Receipting' is clicked on

01-12-2024T10:31:07 - [MESSAGE][PASSED] - Object: 'Object Repository/TS1_BT_BranchTransfer_NT/Page_Frameworks (Demo)/td_Stock Receipting' is clicked on

01-12-2024T10:31:07 - [TEST_STEP][PASSED] - setText(findTestObject("Object Repository/TS1_BT_BranchTransfer_NT/Page_Frameworks (Demo)/input_Order_orderNo"), PurchaseOrder): Text '950142' is set on object 'Object Repository/TS1_BT_BranchTransfer_NT/Page_Frameworks (Demo)/input_Order_orderNo'

01-12-2024T10:31:38 - [MESSAGE][INFO] - Unable to find the element located by 'By.xpath: //input[@id='isc_9C']'. Please recheck the objects properties to make sure the desired element is located. 

01-12-2024T10:31:38 - [MESSAGE][WARNING] - [SELF-HEALING] Failed to find element with id 'Object Repository/TS1_BT_BranchTransfer_NT/Page_Frameworks (Demo)/input_Order_orderNo'. Try using Self-healing.

01-12-2024T10:31:38 - [MESSAGE][WARNING] - [SELF-HEALING] The current locator of test object 'Object Repository/TS1_BT_BranchTransfer_NT/Page_Frameworks (Demo)/input_Order_orderNo' was broken. Propose an alternative one: '//input[@id='isc_8Z']'.

01-12-2024T10:32:10 - [MESSAGE][INFO] - Unable to find the element located by 'By.xpath: //input[@id='isc_9C']'. Please recheck the objects properties to make sure the desired element is located. 

01-12-2024T10:32:10 - [MESSAGE][WARNING] - [SELF-HEALING] Failed to find element with id 'Object Repository/TS1_BT_BranchTransfer_NT/Page_Frameworks (Demo)/input_Order_orderNo'. Try using Self-healing.

01-12-2024T10:32:10 - [MESSAGE][WARNING] - [SELF-HEALING] The current locator of test object 'Object Repository/TS1_BT_BranchTransfer_NT/Page_Frameworks (Demo)/input_Order_orderNo' was broken. Propose an alternative one: '//input[@id='isc_8Z']'.

01-12-2024T10:32:10 - [MESSAGE][PASSED] - Text '950142' is set on object 'Object Repository/TS1_BT_BranchTransfer_NT/Page_Frameworks (Demo)/input_Order_orderNo'

01-12-2024T10:32:10 - [TEST_STEP][PASSED] - click(findTestObject("Object Repository/TS1_BT_BranchTransfer_NT/Page_Frameworks (Demo)/div_Find")): Object: 'Object Repository/TS1_BT_BranchTransfer_NT/Page_Frameworks (Demo)/div_Find' is clicked on

01-12-2024T10:32:11 - [MESSAGE][PASSED] - Object: 'Object Repository/TS1_BT_BranchTransfer_NT/Page_Frameworks (Demo)/div_Find' is clicked on

01-12-2024T10:32:11 - [TEST_STEP][PASSED] - click(findTestObject("Object Repository/TS1_BT_BranchTransfer_NT/Page_Frameworks (Demo)/a_00950125")): Object: 'Object Repository/TS1_BT_BranchTransfer_NT/Page_Frameworks (Demo)/a_00950125' is clicked on

01-12-2024T10:32:12 - [MESSAGE][PASSED] - Object: 'Object Repository/TS1_BT_BranchTransfer_NT/Page_Frameworks (Demo)/a_00950125' is clicked on

01-12-2024T10:32:12 - [TEST_STEP][PASSED] - setText(findTestObject("Object Repository/TS1_BT_BranchTransfer_NT/Page_Frameworks (Demo)/input_Docket Number_refSuppDocket"), SalesOrder): Text '401509' is set on object 'Object Repository/TS1_BT_BranchTransfer_NT/Page_Frameworks (Demo)/input_Docket Number_refSuppDocket'

01-12-2024T10:32:16 - [MESSAGE][PASSED] - Text '401509' is set on object 'Object Repository/TS1_BT_BranchTransfer_NT/Page_Frameworks (Demo)/input_Docket Number_refSuppDocket'

01-12-2024T10:32:16 - [TEST_STEP][PASSED] - click(findTestObject("Object Repository/TS1_BT_BranchTransfer_NT/Page_Frameworks (Demo)/div_Receipt Goods")): Object: 'Object Repository/TS1_BT_BranchTransfer_NT/Page_Frameworks (Demo)/div_Receipt Goods' is clicked on

01-12-2024T10:32:16 - [MESSAGE][PASSED] - Object: 'Object Repository/TS1_BT_BranchTransfer_NT/Page_Frameworks (Demo)/div_Receipt Goods' is clicked on

01-12-2024T10:32:16 - [TEST_STEP][PASSED] - click(findTestObject("Object Repository/TS1_BT_BranchTransfer_NT/Page_Frameworks (Demo)/img")): Object: 'Object Repository/TS1_BT_BranchTransfer_NT/Page_Frameworks (Demo)/img' is clicked on

01-12-2024T10:32:18 - [MESSAGE][PASSED] - Object: 'Object Repository/TS1_BT_BranchTransfer_NT/Page_Frameworks (Demo)/img' is clicked on

01-12-2024T10:32:18 - [TEST_STEP][PASSED] - setText(findTestObject("Object Repository/TS1_BT_BranchTransfer_NT/Page_Frameworks (Demo)/input_Product_ProdId"), "2014086"): Text '2014086' is set on object 'Object Repository/TS1_BT_BranchTransfer_NT/Page_Frameworks (Demo)/input_Product_ProdId'

01-12-2024T10:32:19 - [MESSAGE][PASSED] - Text '2014086' is set on object 'Object Repository/TS1_BT_BranchTransfer_NT/Page_Frameworks (Demo)/input_Product_ProdId'

01-12-2024T10:32:19 - [TEST_STEP][PASSED] - click(findTestObject("Object Repository/TS1_BT_BranchTransfer_NT/Page_Frameworks (Demo)/td_Find")): Object: 'Object Repository/TS1_BT_BranchTransfer_NT/Page_Frameworks (Demo)/td_Find' is clicked on

01-12-2024T10:32:20 - [MESSAGE][PASSED] - Object: 'Object Repository/TS1_BT_BranchTransfer_NT/Page_Frameworks (Demo)/td_Find' is clicked on

01-12-2024T10:32:20 - [TEST_STEP][PASSED] - scrollToElement(findTestObject("Object Repository/TS1_BT_BranchTransfer_NT/Page_Frameworks (Demo)/div_Stock Movements"), 30): Scroll to object 'Object Repository/TS1_BT_BranchTransfer_NT/Page_Frameworks (Demo)/div_Stock Movements' successfully

01-12-2024T10:32:22 - [MESSAGE][PASSED] - Scroll to object 'Object Repository/TS1_BT_BranchTransfer_NT/Page_Frameworks (Demo)/div_Stock Movements' successfully

01-12-2024T10:32:22 - [TEST_STEP][PASSED] - click(findTestObject("Object Repository/TS1_BT_BranchTransfer_NT/Page_Frameworks (Demo)/div_Stock Movements")): Object: 'Object Repository/TS1_BT_BranchTransfer_NT/Page_Frameworks (Demo)/div_Stock Movements' is clicked on

01-12-2024T10:32:23 - [MESSAGE][PASSED] - Object: 'Object Repository/TS1_BT_BranchTransfer_NT/Page_Frameworks (Demo)/div_Stock Movements' is clicked on

01-12-2024T10:32:23 - [TEST_STEP][PASSED] - click(findTestObject("Object Repository/TS1_BT_BranchTransfer_NT/Page_Frameworks (Demo)/img_Branch_isc_1RO")): Object: 'Object Repository/TS1_BT_BranchTransfer_NT/Page_Frameworks (Demo)/img_Branch_isc_1RO' is clicked on

01-12-2024T10:32:25 - [MESSAGE][PASSED] - Object: 'Object Repository/TS1_BT_BranchTransfer_NT/Page_Frameworks (Demo)/img_Branch_isc_1RO' is clicked on

01-12-2024T10:32:25 - [TEST_STEP][PASSED] - click(findTestObject("Object Repository/TS1_BT_BranchTransfer_NT/Page_Frameworks (Demo)/div_2 - DEMONSTRATION BRANCH 002")): Object: 'Object Repository/TS1_BT_BranchTransfer_NT/Page_Frameworks (Demo)/div_2 - DEMONSTRATION BRANCH 002' is clicked on

01-12-2024T10:32:26 - [MESSAGE][PASSED] - Object: 'Object Repository/TS1_BT_BranchTransfer_NT/Page_Frameworks (Demo)/div_2 - DEMONSTRATION BRANCH 002' is clicked on

01-12-2024T10:32:26 - [TEST_STEP][PASSED] - click(findTestObject("Object Repository/TS1_BT_BranchTransfer_NT/Page_Frameworks (Demo)/img_Exclude Zero_isc_1RYicon")): Object: 'Object Repository/TS1_BT_BranchTransfer_NT/Page_Frameworks (Demo)/img_Exclude Zero_isc_1RYicon' is clicked on

01-12-2024T10:32:27 - [MESSAGE][PASSED] - Object: 'Object Repository/TS1_BT_BranchTransfer_NT/Page_Frameworks (Demo)/img_Exclude Zero_isc_1RYicon' is clicked on

01-12-2024T10:32:27 - [TEST_STEP][PASSED] - click(findTestObject("Object Repository/TS1_BT_BranchTransfer_NT/Page_Frameworks (Demo)/img_dropdownLogout")): Object: 'Object Repository/TS1_BT_BranchTransfer_NT/Page_Frameworks (Demo)/img_dropdownLogout' is clicked on

01-12-2024T10:32:28 - [MESSAGE][PASSED] - Object: 'Object Repository/TS1_BT_BranchTransfer_NT/Page_Frameworks (Demo)/img_dropdownLogout' is clicked on

01-12-2024T10:32:28 - [TEST_STEP][PASSED] - click(findTestObject("Object Repository/TS1_BT_BranchTransfer_NT/Page_Frameworks (Demo)/td_Logout")): Object: 'Object Repository/TS1_BT_BranchTransfer_NT/Page_Frameworks (Demo)/td_Logout' is clicked on

01-12-2024T10:32:29 - [MESSAGE][PASSED] - Object: 'Object Repository/TS1_BT_BranchTransfer_NT/Page_Frameworks (Demo)/td_Logout' is clicked on]]></system-out>
         <system-err><![CDATA[]]></system-err>
      </testcase>
      <system-out><![CDATA[01-12-2024T10:29:02 - [TEST_SUITE][PASSED] - TS1_BT_BranchTransfer_NT: Test Cases/Nortruss Instance/BranchTransfer_Module/TS1_BT_BranchTransfer/Stock_Receipt_NT]]></system-out>
      <system-err><![CDATA[]]></system-err>
   </testsuite>
</testsuites>
