<?xml version="1.0" encoding="UTF-8"?>
<testsuites name="TS5_POS_CashRefund_Full_StockReturn_NT" time="149.712" tests="3" failures="0" errors="0">
   <testsuite name="TS5_POS_CashRefund_Full_StockReturn_NT" tests="3" failures="0" errors="0" time="149.712" skipped="0" timestamp="09-11-2024T08:01:59" hostname="azureuser - 10.192.8.5" id="Test Suites/Nortruss instance/PointofSale_Module/TS5_POS_CashRefund_Full_StockReturn_NT">
      <properties>
         <property name="deviceName" value=""/>
         <property name="devicePlatform"/>
         <property name="logFolder" value="C:\\Users\\azureuser\\git\\frameworks-regression-test-automation\\Reports\\20241109_080150\\Nortruss instance\\PointofSale_Module\\TS5_POS_CashRefund_Full_StockReturn_NT\\20241109_080150"/>
         <property name="logFiles" value="C:\\Users\\azureuser\\git\\frameworks-regression-test-automation\\Reports\\20241109_080150\\Nortruss instance\\PointofSale_Module\\TS5_POS_CashRefund_Full_StockReturn_NT\\20241109_080150\\execution0.log"/>
         <property name="attachments" value=""/>
         <property name="hostName" value="azureuser - 10.192.8.5"/>
         <property name="os" value="Windows 11 64bit"/>
         <property name="katalonVersion" value="9.7.2.223"/>
         <property name="browser" value="Chrome 130.0.0.0"/>
         <property name="hostAddress" value="10.192.8.5"/>
         <property name="sessionId" value="8cca17cf56e9aa673158bbd961547502"/>
         <property name="seleniumVersion" value="3.141.59"/>
         <property name="proxyInformation" value="ProxyInformation { proxyOption=NO_PROXY, proxyServerType=HTTP, username=, password=********, proxyServerAddress=, proxyServerPort=0, executionList=&quot;&quot;, isApplyToDesiredCapabilities=true }"/>
         <property name="platform" value="Windows 11"/>
      </properties>
      <testcase name="Test Cases/Nortruss Instance/PointofSale_Module/TS1_POS_CashSale/POS Cash Sale-2014086(TS5)" time="43.216" classname="Test Cases/Nortruss Instance/PointofSale_Module/TS1_POS_CashSale/POS Cash Sale-2014086(TS5)" status="PASSED">
         <system-out><![CDATA[09-11-2024T08:01:59 - [TEST_CASE][PASSED] - Test Cases/Nortruss Instance/PointofSale_Module/TS1_POS_CashSale/POS Cash Sale-2014086(TS5): Test Cases/Nortruss Instance/PointofSale_Module/TS1_POS_CashSale/POS Cash Sale-2014086(TS5)

09-11-2024T08:02:00 - [TEST_STEP][PASSED] - openBrowser(""): Browser is opened with url: ''

09-11-2024T08:02:00 - [MESSAGE][INFO] - Starting 'Chrome' driver

09-11-2024T08:02:01 - [MESSAGE][INFO] - Action delay is set to 0 milliseconds

09-11-2024T08:02:03 - [MESSAGE][PASSED] - Browser is opened with url: ''

09-11-2024T08:02:03 - [TEST_STEP][PASSED] - maximizeWindow(): Current window maximized

09-11-2024T08:02:03 - [MESSAGE][PASSED] - Current window maximized

09-11-2024T08:02:03 - [TEST_STEP][PASSED] - navigateToUrl("http://frameworks.nt.nortruss.com.au:8080/FWDemo/Fluid.html#homeDashboard,dash,Frameworks.Activity.Menu.HomeDashBoard"): Navigate to 'http://frameworks.nt.nortruss.com.au:8080/FWDemo/Fluid.html#homeDashboard,dash,Frameworks.Activity.Menu.HomeDashBoard' successfully

09-11-2024T08:02:11 - [MESSAGE][PASSED] - Navigate to 'http://frameworks.nt.nortruss.com.au:8080/FWDemo/Fluid.html#homeDashboard,dash,Frameworks.Activity.Menu.HomeDashBoard' successfully

09-11-2024T08:02:11 - [TEST_STEP][PASSED] - setText(findTestObject("Object Repository/Page_Frameworks (Demo)/input_User ID_userid"), "manaki"): Text 'manaki' is set on object 'Object Repository/Page_Frameworks (Demo)/input_User ID_userid'

09-11-2024T08:02:14 - [MESSAGE][PASSED] - Text 'manaki' is set on object 'Object Repository/Page_Frameworks (Demo)/input_User ID_userid'

09-11-2024T08:02:14 - [TEST_STEP][PASSED] - setEncryptedText(findTestObject("Object Repository/Page_Frameworks (Demo)/input_Password_password"), "C5+8mNJ15mA="): Text ****** has been set on object 'Object Repository/Page_Frameworks (Demo)/input_Password_password'

09-11-2024T08:02:15 - [MESSAGE][PASSED] - Text ****** has been set on object 'Object Repository/Page_Frameworks (Demo)/input_Password_password'

09-11-2024T08:02:15 - [TEST_STEP][PASSED] - click(findTestObject("Object Repository/Page_Frameworks (Demo)/div_Login")): Object: 'Object Repository/Page_Frameworks (Demo)/div_Login' is clicked on

09-11-2024T08:02:16 - [MESSAGE][PASSED] - Object: 'Object Repository/Page_Frameworks (Demo)/div_Login' is clicked on

09-11-2024T08:02:16 - [TEST_STEP][PASSED] - click(findTestObject("Object Repository/Page_Frameworks (Demo)/img_FW")): Object: 'Object Repository/Page_Frameworks (Demo)/img_FW' is clicked on

09-11-2024T08:02:18 - [MESSAGE][PASSED] - Object: 'Object Repository/Page_Frameworks (Demo)/img_FW' is clicked on

09-11-2024T08:02:19 - [TEST_STEP][PASSED] - click(findTestObject("Object Repository/Page_Frameworks (Demo)/b_Transaction Processing")): Object: 'Object Repository/Page_Frameworks (Demo)/b_Transaction Processing' is clicked on

09-11-2024T08:02:20 - [MESSAGE][PASSED] - Object: 'Object Repository/Page_Frameworks (Demo)/b_Transaction Processing' is clicked on

09-11-2024T08:02:20 - [TEST_STEP][PASSED] - click(findTestObject("Object Repository/Page_Frameworks (Demo)/td_Point Of Sale")): Object: 'Object Repository/Page_Frameworks (Demo)/td_Point Of Sale' is clicked on

09-11-2024T08:02:21 - [MESSAGE][PASSED] - Object: 'Object Repository/Page_Frameworks (Demo)/td_Point Of Sale' is clicked on

09-11-2024T08:02:21 - [TEST_STEP][PASSED] - setEncryptedText(findTestObject("Object Repository/Page_Frameworks (Demo)/input_Operator No_operatorId"), "uzzxF8+Oh1A="): Text ****** has been set on object 'Object Repository/Page_Frameworks (Demo)/input_Operator No_operatorId'

09-11-2024T08:02:25 - [MESSAGE][PASSED] - Text ****** has been set on object 'Object Repository/Page_Frameworks (Demo)/input_Operator No_operatorId'

09-11-2024T08:02:25 - [TEST_STEP][PASSED] - setEncryptedText(findTestObject("Object Repository/Page_Frameworks (Demo)/input_PIN_pin"), "uzzxF8+Oh1A="): Text ****** has been set on object 'Object Repository/Page_Frameworks (Demo)/input_PIN_pin'

09-11-2024T08:02:25 - [MESSAGE][PASSED] - Text ****** has been set on object 'Object Repository/Page_Frameworks (Demo)/input_PIN_pin'

09-11-2024T08:02:25 - [TEST_STEP][PASSED] - click(findTestObject("Object Repository/Page_Frameworks (Demo)/div_OK")): Object: 'Object Repository/Page_Frameworks (Demo)/div_OK' is clicked on

09-11-2024T08:02:26 - [MESSAGE][PASSED] - Object: 'Object Repository/Page_Frameworks (Demo)/div_OK' is clicked on

09-11-2024T08:02:26 - [TEST_STEP][PASSED] - invoiceNum = getText(findTestObject("Object Repository/Page_Frameworks (Demo)/div_invoiceNum")): Text of object 'Object Repository/Page_Frameworks (Demo)/div_invoiceNum' is: '40559360'

09-11-2024T08:02:29 - [MESSAGE][PASSED] - Text of object 'Object Repository/Page_Frameworks (Demo)/div_invoiceNum' is: '40559360'

09-11-2024T08:02:29 - [TEST_STEP][PASSED] - println(invoiceNum): null

09-11-2024T08:02:29 - [TEST_STEP][PASSED] - setText(findTestObject("Object Repository/Page_Frameworks (Demo)/input_P_prodId"), "2014086"): Text '2014086' is set on object 'Object Repository/Page_Frameworks (Demo)/input_P_prodId'

09-11-2024T08:02:30 - [MESSAGE][PASSED] - Text '2014086' is set on object 'Object Repository/Page_Frameworks (Demo)/input_P_prodId'

09-11-2024T08:02:30 - [TEST_STEP][PASSED] - click(findTestObject("Object Repository/Page_Frameworks (Demo)/input_Quantity_quantityOrdered")): Object: 'Object Repository/Page_Frameworks (Demo)/input_Quantity_quantityOrdered' is clicked on

09-11-2024T08:02:31 - [MESSAGE][PASSED] - Object: 'Object Repository/Page_Frameworks (Demo)/input_Quantity_quantityOrdered' is clicked on

09-11-2024T08:02:31 - [TEST_STEP][PASSED] - click(findTestObject("Object Repository/Page_Frameworks (Demo)/img_1")): Object: 'Object Repository/Page_Frameworks (Demo)/img_1' is clicked on

09-11-2024T08:02:32 - [MESSAGE][PASSED] - Object: 'Object Repository/Page_Frameworks (Demo)/img_1' is clicked on

09-11-2024T08:02:32 - [TEST_STEP][PASSED] - click(findTestObject("Object Repository/Page_Frameworks (Demo)/div_FinishSale (S)")): Object: 'Object Repository/Page_Frameworks (Demo)/div_FinishSale (S)' is clicked on

09-11-2024T08:02:34 - [MESSAGE][PASSED] - Object: 'Object Repository/Page_Frameworks (Demo)/div_FinishSale (S)' is clicked on

09-11-2024T08:02:34 - [TEST_STEP][PASSED] - click(findTestObject("Object Repository/Page_Frameworks (Demo)/div_Pay")): Object: 'Object Repository/Page_Frameworks (Demo)/div_Pay' is clicked on

09-11-2024T08:02:37 - [MESSAGE][PASSED] - Object: 'Object Repository/Page_Frameworks (Demo)/div_Pay' is clicked on

09-11-2024T08:02:37 - [TEST_STEP][PASSED] - setEncryptedText(findTestObject("Object Repository/Page_Frameworks (Demo)/input_Operator No_operatorId_1"), "uzzxF8+Oh1A="): Text ****** has been set on object 'Object Repository/Page_Frameworks (Demo)/input_Operator No_operatorId_1'

09-11-2024T08:02:39 - [MESSAGE][PASSED] - Text ****** has been set on object 'Object Repository/Page_Frameworks (Demo)/input_Operator No_operatorId_1'

09-11-2024T08:02:39 - [TEST_STEP][PASSED] - setEncryptedText(findTestObject("Object Repository/Page_Frameworks (Demo)/input_PIN_pin_1"), "uzzxF8+Oh1A="): Text ****** has been set on object 'Object Repository/Page_Frameworks (Demo)/input_PIN_pin_1'

09-11-2024T08:02:39 - [MESSAGE][PASSED] - Text ****** has been set on object 'Object Repository/Page_Frameworks (Demo)/input_PIN_pin_1'

09-11-2024T08:02:39 - [TEST_STEP][PASSED] - click(findTestObject("Object Repository/Page_Frameworks (Demo)/div_OK_1")): Object: 'Object Repository/Page_Frameworks (Demo)/div_OK_1' is clicked on

09-11-2024T08:02:39 - [MESSAGE][PASSED] - Object: 'Object Repository/Page_Frameworks (Demo)/div_OK_1' is clicked on

09-11-2024T08:02:40 - [TEST_STEP][PASSED] - sourceFile = new java.io.FileInputStream(ExcelFile): null

09-11-2024T08:02:40 - [TEST_STEP][PASSED] - workbook = new org.apache.poi.xssf.usermodel.XSSFWorkbook(sourceFile): null

09-11-2024T08:02:41 - [TEST_STEP][PASSED] - sheet = workbook.getSheet("Sheet1"): null

09-11-2024T08:02:41 - [TEST_STEP][PASSED] - row = sheet.getRow(0): null

09-11-2024T08:02:41 - [TEST_STEP][PASSED] - cell = row.getCell(1): null

09-11-2024T08:02:41 - [TEST_STEP][PASSED] - row = sheet.createRow(1): null

09-11-2024T08:02:41 - [TEST_STEP][PASSED] - cell = row.createCell(0): null

09-11-2024T08:02:41 - [TEST_STEP][PASSED] - cell.setCellValue("Invoice Number"): null

09-11-2024T08:02:41 - [TEST_STEP][PASSED] - cell = row.createCell(1): null

09-11-2024T08:02:41 - [TEST_STEP][PASSED] - cell.setCellValue(invoiceNum): null

09-11-2024T08:02:41 - [TEST_STEP][PASSED] - fos = new java.io.FileOutputStream(ExcelFile): null

09-11-2024T08:02:41 - [TEST_STEP][PASSED] - workbook.write(fos): null

09-11-2024T08:02:41 - [TEST_STEP][PASSED] - fos.close(): null

09-11-2024T08:02:41 - [TEST_STEP][PASSED] - sourceFile.close(): null

09-11-2024T08:02:41 - [TEST_STEP][PASSED] - click(findTestObject("Object Repository/Page_Frameworks (Demo)/img_dropdownLogout")): Object: 'Object Repository/Page_Frameworks (Demo)/img_dropdownLogout' is clicked on

09-11-2024T08:02:42 - [MESSAGE][PASSED] - Object: 'Object Repository/Page_Frameworks (Demo)/img_dropdownLogout' is clicked on

09-11-2024T08:02:42 - [TEST_STEP][PASSED] - click(findTestObject("Object Repository/Page_Frameworks (Demo)/td_Logout")): Object: 'Object Repository/Page_Frameworks (Demo)/td_Logout' is clicked on

09-11-2024T08:02:42 - [MESSAGE][PASSED] - Object: 'Object Repository/Page_Frameworks (Demo)/td_Logout' is clicked on]]></system-out>
         <system-err><![CDATA[]]></system-err>
      </testcase>
      <testcase name="Test Cases/Nortruss Instance/PointofSale_Module/TS5_POS_CashRefund_Full_StockReturn/POS_CashRefund_Full" time="53.055" classname="Test Cases/Nortruss Instance/PointofSale_Module/TS5_POS_CashRefund_Full_StockReturn/POS_CashRefund_Full" status="PASSED">
         <system-out><![CDATA[09-11-2024T08:02:42 - [TEST_CASE][PASSED] - Test Cases/Nortruss Instance/PointofSale_Module/TS5_POS_CashRefund_Full_StockReturn/POS_CashRefund_Full: Test Cases/Nortruss Instance/PointofSale_Module/TS5_POS_CashRefund_Full_StockReturn/POS_CashRefund_Full

09-11-2024T08:02:43 - [TEST_STEP][PASSED] - sourceFile = new java.io.FileInputStream(ExcelFile): null

09-11-2024T08:02:43 - [TEST_STEP][PASSED] - workbook = new org.apache.poi.xssf.usermodel.XSSFWorkbook(sourceFile): null

09-11-2024T08:02:43 - [TEST_STEP][PASSED] - sheet = workbook.getSheet("Sheet1"): null

09-11-2024T08:02:43 - [TEST_STEP][PASSED] - row = sheet.getRow(1): null

09-11-2024T08:02:43 - [TEST_STEP][PASSED] - cell = row.getCell(1): null

09-11-2024T08:02:43 - [TEST_STEP][PASSED] - docketNumber = cell.getStringCellValue(): null

09-11-2024T08:02:43 - [TEST_STEP][PASSED] - println(docketNumber): null

09-11-2024T08:02:43 - [TEST_STEP][PASSED] - openBrowser(""): Browser is opened with url: ''

09-11-2024T08:02:43 - [MESSAGE][WARNING] - A browser is already opened. Closing browser and opening a new one

09-11-2024T08:02:43 - [MESSAGE][INFO] - Starting 'Chrome' driver

09-11-2024T08:02:43 - [MESSAGE][INFO] - Action delay is set to 0 milliseconds

09-11-2024T08:02:45 - [MESSAGE][PASSED] - Browser is opened with url: ''

09-11-2024T08:02:45 - [TEST_STEP][PASSED] - maximizeWindow(): Current window maximized

09-11-2024T08:02:45 - [MESSAGE][PASSED] - Current window maximized

09-11-2024T08:02:45 - [TEST_STEP][PASSED] - navigateToUrl("http://frameworks.nt.nortruss.com.au:8080/FWDemo/Fluid.html#homeDashboard,dash,Frameworks.Activity.Menu.HomeDashBoard"): Navigate to 'http://frameworks.nt.nortruss.com.au:8080/FWDemo/Fluid.html#homeDashboard,dash,Frameworks.Activity.Menu.HomeDashBoard' successfully

09-11-2024T08:02:52 - [MESSAGE][PASSED] - Navigate to 'http://frameworks.nt.nortruss.com.au:8080/FWDemo/Fluid.html#homeDashboard,dash,Frameworks.Activity.Menu.HomeDashBoard' successfully

09-11-2024T08:02:52 - [TEST_STEP][PASSED] - setText(findTestObject("Object Repository/TS05_Cash_refund_Full/Page_Frameworks (Demo)/input_User ID_userid"), username): Text 'manaki' is set on object 'Object Repository/TS05_Cash_refund_Full/Page_Frameworks (Demo)/input_User ID_userid'

09-11-2024T08:02:56 - [MESSAGE][PASSED] - Text 'manaki' is set on object 'Object Repository/TS05_Cash_refund_Full/Page_Frameworks (Demo)/input_User ID_userid'

09-11-2024T08:02:56 - [TEST_STEP][PASSED] - setEncryptedText(findTestObject("Object Repository/TS05_Cash_refund_Full/Page_Frameworks (Demo)/input_Password_password"), "C5+8mNJ15mA="): Text ****** has been set on object 'Object Repository/TS05_Cash_refund_Full/Page_Frameworks (Demo)/input_Password_password'

09-11-2024T08:02:56 - [MESSAGE][PASSED] - Text ****** has been set on object 'Object Repository/TS05_Cash_refund_Full/Page_Frameworks (Demo)/input_Password_password'

09-11-2024T08:02:56 - [TEST_STEP][PASSED] - click(findTestObject("Object Repository/TS05_Cash_refund_Full/Page_Frameworks (Demo)/div_Login")): Object: 'Object Repository/TS05_Cash_refund_Full/Page_Frameworks (Demo)/div_Login' is clicked on

09-11-2024T08:02:57 - [MESSAGE][PASSED] - Object: 'Object Repository/TS05_Cash_refund_Full/Page_Frameworks (Demo)/div_Login' is clicked on

09-11-2024T08:02:57 - [TEST_STEP][PASSED] - click(findTestObject("Object Repository/TS05_Cash_refund_Full/Page_Frameworks (Demo)/img_FW")): Object: 'Object Repository/TS05_Cash_refund_Full/Page_Frameworks (Demo)/img_FW' is clicked on

09-11-2024T08:03:00 - [MESSAGE][PASSED] - Object: 'Object Repository/TS05_Cash_refund_Full/Page_Frameworks (Demo)/img_FW' is clicked on

09-11-2024T08:03:00 - [TEST_STEP][PASSED] - click(findTestObject("Object Repository/TS05_Cash_refund_Full/Page_Frameworks (Demo)/b_Transaction Processing")): Object: 'Object Repository/TS05_Cash_refund_Full/Page_Frameworks (Demo)/b_Transaction Processing' is clicked on

09-11-2024T08:03:01 - [MESSAGE][PASSED] - Object: 'Object Repository/TS05_Cash_refund_Full/Page_Frameworks (Demo)/b_Transaction Processing' is clicked on

09-11-2024T08:03:01 - [TEST_STEP][PASSED] - click(findTestObject("Object Repository/TS05_Cash_refund_Full/Page_Frameworks (Demo)/td_Credit Notes")): Object: 'Object Repository/TS05_Cash_refund_Full/Page_Frameworks (Demo)/td_Credit Notes' is clicked on

09-11-2024T08:03:02 - [MESSAGE][PASSED] - Object: 'Object Repository/TS05_Cash_refund_Full/Page_Frameworks (Demo)/td_Credit Notes' is clicked on

09-11-2024T08:03:02 - [TEST_STEP][PASSED] - click(findTestObject("Object Repository/TS05_Cash_refund_Full/Page_Frameworks (Demo)/td_New")): Object: 'Object Repository/TS05_Cash_refund_Full/Page_Frameworks (Demo)/td_New' is clicked on

09-11-2024T08:03:05 - [MESSAGE][PASSED] - Object: 'Object Repository/TS05_Cash_refund_Full/Page_Frameworks (Demo)/td_New' is clicked on

09-11-2024T08:03:05 - [TEST_STEP][PASSED] - setEncryptedText(findTestObject("Object Repository/TS05_Cash_refund_Full/Page_Frameworks (Demo)/input_Operator No_operatorId"), "uzzxF8+Oh1A="): Text ****** has been set on object 'Object Repository/TS05_Cash_refund_Full/Page_Frameworks (Demo)/input_Operator No_operatorId'

09-11-2024T08:03:07 - [MESSAGE][PASSED] - Text ****** has been set on object 'Object Repository/TS05_Cash_refund_Full/Page_Frameworks (Demo)/input_Operator No_operatorId'

09-11-2024T08:03:07 - [TEST_STEP][PASSED] - setEncryptedText(findTestObject("Object Repository/TS05_Cash_refund_Full/Page_Frameworks (Demo)/input_PIN_pin"), "uzzxF8+Oh1A="): Text ****** has been set on object 'Object Repository/TS05_Cash_refund_Full/Page_Frameworks (Demo)/input_PIN_pin'

09-11-2024T08:03:07 - [MESSAGE][PASSED] - Text ****** has been set on object 'Object Repository/TS05_Cash_refund_Full/Page_Frameworks (Demo)/input_PIN_pin'

09-11-2024T08:03:07 - [TEST_STEP][PASSED] - click(findTestObject("Object Repository/TS05_Cash_refund_Full/Page_Frameworks (Demo)/div_OK")): Object: 'Object Repository/TS05_Cash_refund_Full/Page_Frameworks (Demo)/div_OK' is clicked on

09-11-2024T08:03:08 - [MESSAGE][PASSED] - Object: 'Object Repository/TS05_Cash_refund_Full/Page_Frameworks (Demo)/div_OK' is clicked on

09-11-2024T08:03:08 - [TEST_STEP][PASSED] - transaction_Number = getText(findTestObject("Object Repository/TS05_Cash_refund_Full/Page_Frameworks (Demo)/transaction_Number")): Text of object 'Object Repository/TS05_Cash_refund_Full/Page_Frameworks (Demo)/transaction_Number' is: '40559362'

09-11-2024T08:03:10 - [MESSAGE][PASSED] - Text of object 'Object Repository/TS05_Cash_refund_Full/Page_Frameworks (Demo)/transaction_Number' is: '40559362'

09-11-2024T08:03:10 - [TEST_STEP][PASSED] - println(transaction_Number): null

09-11-2024T08:03:10 - [TEST_STEP][PASSED] - click(findTestObject("Object Repository/TS05_Cash_refund_Full/Page_Frameworks (Demo)/img_Select a Value_isc_FP")): Object: 'Object Repository/TS05_Cash_refund_Full/Page_Frameworks (Demo)/img_Select a Value_isc_FP' is clicked on

09-11-2024T08:03:10 - [MESSAGE][PASSED] - Object: 'Object Repository/TS05_Cash_refund_Full/Page_Frameworks (Demo)/img_Select a Value_isc_FP' is clicked on

09-11-2024T08:03:10 - [TEST_STEP][PASSED] - click(findTestObject("Object Repository/TS05_Cash_refund_Full/Page_Frameworks (Demo)/div_Stock Return")): Object: 'Object Repository/TS05_Cash_refund_Full/Page_Frameworks (Demo)/div_Stock Return' is clicked on

09-11-2024T08:03:11 - [MESSAGE][PASSED] - Object: 'Object Repository/TS05_Cash_refund_Full/Page_Frameworks (Demo)/div_Stock Return' is clicked on

09-11-2024T08:03:11 - [TEST_STEP][PASSED] - click(findTestObject("Object Repository/TS05_Cash_refund_Full/Page_Frameworks (Demo)/img_Reason_isc_FU")): Object: 'Object Repository/TS05_Cash_refund_Full/Page_Frameworks (Demo)/img_Reason_isc_FU' is clicked on

09-11-2024T08:03:13 - [MESSAGE][PASSED] - Object: 'Object Repository/TS05_Cash_refund_Full/Page_Frameworks (Demo)/img_Reason_isc_FU' is clicked on

09-11-2024T08:03:13 - [TEST_STEP][PASSED] - click(findTestObject("Object Repository/TS05_Cash_refund_Full/Page_Frameworks (Demo)/div_01 - Stock Returned_1")): Object: 'Object Repository/TS05_Cash_refund_Full/Page_Frameworks (Demo)/div_01 - Stock Returned_1' is clicked on

09-11-2024T08:03:14 - [MESSAGE][PASSED] - Object: 'Object Repository/TS05_Cash_refund_Full/Page_Frameworks (Demo)/div_01 - Stock Returned_1' is clicked on

09-11-2024T08:03:14 - [TEST_STEP][PASSED] - click(findTestObject("Object Repository/TS05_Cash_refund_Full/Page_Frameworks (Demo)/input_Original Docket_originalDocket")): Object: 'Object Repository/TS05_Cash_refund_Full/Page_Frameworks (Demo)/input_Original Docket_originalDocket' is clicked on

09-11-2024T08:03:14 - [MESSAGE][PASSED] - Object: 'Object Repository/TS05_Cash_refund_Full/Page_Frameworks (Demo)/input_Original Docket_originalDocket' is clicked on

09-11-2024T08:03:14 - [TEST_STEP][PASSED] - sendKeys(findTestObject("Object Repository/TS05_Cash_refund_Full/Page_Frameworks (Demo)/input_Original Docket_originalDocket"), docketNumber): Keys '40559360' sent to object: 'Object Repository/TS05_Cash_refund_Full/Page_Frameworks (Demo)/input_Original Docket_originalDocket'

09-11-2024T08:03:15 - [MESSAGE][PASSED] - Keys '40559360' sent to object: 'Object Repository/TS05_Cash_refund_Full/Page_Frameworks (Demo)/input_Original Docket_originalDocket'

09-11-2024T08:03:15 - [TEST_STEP][PASSED] - click(findTestObject("Object Repository/TS05_Cash_refund_Full/Page_Frameworks (Demo)/td_No line items loaded")): Object: 'Object Repository/TS05_Cash_refund_Full/Page_Frameworks (Demo)/td_No line items loaded' is clicked on

09-11-2024T08:03:16 - [MESSAGE][PASSED] - Object: 'Object Repository/TS05_Cash_refund_Full/Page_Frameworks (Demo)/td_No line items loaded' is clicked on

09-11-2024T08:03:16 - [TEST_STEP][PASSED] - click(findTestObject("Object Repository/TS05_Cash_refund_Full/Page_Frameworks (Demo)/span")): Object: 'Object Repository/TS05_Cash_refund_Full/Page_Frameworks (Demo)/span' is clicked on

09-11-2024T08:03:17 - [MESSAGE][PASSED] - Object: 'Object Repository/TS05_Cash_refund_Full/Page_Frameworks (Demo)/span' is clicked on

09-11-2024T08:03:17 - [TEST_STEP][PASSED] - click(findTestObject("Object Repository/TS05_Cash_refund_Full/Page_Frameworks (Demo)/div_Load Details")): Object: 'Object Repository/TS05_Cash_refund_Full/Page_Frameworks (Demo)/div_Load Details' is clicked on

09-11-2024T08:03:17 - [MESSAGE][PASSED] - Object: 'Object Repository/TS05_Cash_refund_Full/Page_Frameworks (Demo)/div_Load Details' is clicked on

09-11-2024T08:03:17 - [TEST_STEP][PASSED] - click(findTestObject("Object Repository/TS05_Cash_refund_Full/Page_Frameworks (Demo)/div_0")): Object: 'Object Repository/TS05_Cash_refund_Full/Page_Frameworks (Demo)/div_0' is clicked on

09-11-2024T08:03:18 - [MESSAGE][PASSED] - Object: 'Object Repository/TS05_Cash_refund_Full/Page_Frameworks (Demo)/div_0' is clicked on

09-11-2024T08:03:18 - [TEST_STEP][PASSED] - sendKeys(findTestObject("Object Repository/TS05_Cash_refund_Full/Page_Frameworks (Demo)/input_CEMENT GP 20KG NORTHERN CEMENT_quanti_762d5d"), "1"): Keys '1' sent to object: 'Object Repository/TS05_Cash_refund_Full/Page_Frameworks (Demo)/input_CEMENT GP 20KG NORTHERN CEMENT_quanti_762d5d'

09-11-2024T08:03:19 - [MESSAGE][PASSED] - Keys '1' sent to object: 'Object Repository/TS05_Cash_refund_Full/Page_Frameworks (Demo)/input_CEMENT GP 20KG NORTHERN CEMENT_quanti_762d5d'

09-11-2024T08:03:19 - [TEST_STEP][PASSED] - click(findTestObject("Object Repository/TS05_Cash_refund_Full/Page_Frameworks (Demo)/div_Finish (S)")): Object: 'Object Repository/TS05_Cash_refund_Full/Page_Frameworks (Demo)/div_Finish (S)' is clicked on

09-11-2024T08:03:19 - [MESSAGE][PASSED] - Object: 'Object Repository/TS05_Cash_refund_Full/Page_Frameworks (Demo)/div_Finish (S)' is clicked on

09-11-2024T08:03:19 - [TEST_STEP][PASSED] - click(findTestObject("Object Repository/TS05_Cash_refund_Full/Page_Frameworks (Demo)/td_Cash_isc_R4")): Object: 'Object Repository/TS05_Cash_refund_Full/Page_Frameworks (Demo)/td_Cash_isc_R4' is clicked on

09-11-2024T08:03:22 - [MESSAGE][PASSED] - Object: 'Object Repository/TS05_Cash_refund_Full/Page_Frameworks (Demo)/td_Cash_isc_R4' is clicked on

09-11-2024T08:03:22 - [TEST_STEP][PASSED] - click(findTestObject("Object Repository/TS05_Cash_refund_Full/Page_Frameworks (Demo)/div_EFTPOS")): Object: 'Object Repository/TS05_Cash_refund_Full/Page_Frameworks (Demo)/div_EFTPOS' is clicked on

09-11-2024T08:03:23 - [MESSAGE][PASSED] - Object: 'Object Repository/TS05_Cash_refund_Full/Page_Frameworks (Demo)/div_EFTPOS' is clicked on

09-11-2024T08:03:23 - [TEST_STEP][PASSED] - click(findTestObject("Object Repository/TS05_Cash_refund_Full/Page_Frameworks (Demo)/div_Refund_1")): Object: 'Object Repository/TS05_Cash_refund_Full/Page_Frameworks (Demo)/div_Refund_1' is clicked on

09-11-2024T08:03:24 - [MESSAGE][PASSED] - Object: 'Object Repository/TS05_Cash_refund_Full/Page_Frameworks (Demo)/div_Refund_1' is clicked on

09-11-2024T08:03:24 - [TEST_STEP][PASSED] - click(findTestObject("Object Repository/TS05_Cash_refund_Full/Page_Frameworks (Demo)/img_1")): Object: 'Object Repository/TS05_Cash_refund_Full/Page_Frameworks (Demo)/img_1' is clicked on

09-11-2024T08:03:26 - [MESSAGE][PASSED] - Object: 'Object Repository/TS05_Cash_refund_Full/Page_Frameworks (Demo)/img_1' is clicked on

09-11-2024T08:03:26 - [TEST_STEP][PASSED] - updatesourceFile = new java.io.FileInputStream(ExcelFile): null

09-11-2024T08:03:26 - [TEST_STEP][PASSED] - updateWorkbook = new org.apache.poi.xssf.usermodel.XSSFWorkbook(updatesourceFile): null

09-11-2024T08:03:26 - [TEST_STEP][PASSED] - updateSheet = updateWorkbook.getSheet("Sheet1"): null

09-11-2024T08:03:26 - [TEST_STEP][PASSED] - updateRow = updateSheet.getRow(0): null

09-11-2024T08:03:26 - [TEST_STEP][PASSED] - updateCell = updateRow.getCell(1): null

09-11-2024T08:03:26 - [TEST_STEP][PASSED] - updateRow = updateSheet.createRow(2): null

09-11-2024T08:03:26 - [TEST_STEP][PASSED] - updateCell = updateRow.createCell(0): null

09-11-2024T08:03:26 - [TEST_STEP][PASSED] - updateCell.setCellValue("TransactionNumber"): null

09-11-2024T08:03:26 - [TEST_STEP][PASSED] - updateCell = updateRow.createCell(1): null

09-11-2024T08:03:26 - [TEST_STEP][PASSED] - updateCell.setCellValue(transaction_Number): null

09-11-2024T08:03:26 - [TEST_STEP][PASSED] - fos = new java.io.FileOutputStream(ExcelFile): null

09-11-2024T08:03:26 - [TEST_STEP][PASSED] - updateWorkbook.write(fos): null

09-11-2024T08:03:26 - [TEST_STEP][PASSED] - fos.close(): null

09-11-2024T08:03:26 - [TEST_STEP][PASSED] - updatesourceFile.close(): null

09-11-2024T08:03:26 - [TEST_STEP][PASSED] - click(findTestObject("Object Repository/TS05_Cash_refund_Full/Page_Frameworks (Demo)/img_dropdownLogout")): Object: 'Object Repository/TS05_Cash_refund_Full/Page_Frameworks (Demo)/img_dropdownLogout' is clicked on

09-11-2024T08:03:29 - [MESSAGE][PASSED] - Object: 'Object Repository/TS05_Cash_refund_Full/Page_Frameworks (Demo)/img_dropdownLogout' is clicked on

09-11-2024T08:03:29 - [TEST_STEP][PASSED] - click(findTestObject("Object Repository/TS05_Cash_refund_Full/Page_Frameworks (Demo)/td_Logout")): Object: 'Object Repository/TS05_Cash_refund_Full/Page_Frameworks (Demo)/td_Logout' is clicked on

09-11-2024T08:03:30 - [MESSAGE][PASSED] - Object: 'Object Repository/TS05_Cash_refund_Full/Page_Frameworks (Demo)/td_Logout' is clicked on

09-11-2024T08:03:30 - [TEST_STEP][PASSED] - delay(5): Delayed 5 second(s)

09-11-2024T08:03:35 - [MESSAGE][PASSED] - Delayed 5 second(s)]]></system-out>
         <system-err><![CDATA[]]></system-err>
      </testcase>
      <testcase name="Test Cases/Nortruss Instance/PointofSale_Module/TS5_POS_CashRefund_Full_StockReturn/POS_CashRefund_Full_ValidateStock" time="53.099" classname="Test Cases/Nortruss Instance/PointofSale_Module/TS5_POS_CashRefund_Full_StockReturn/POS_CashRefund_Full_ValidateStock" status="PASSED">
         <system-out><![CDATA[09-11-2024T08:03:35 - [TEST_CASE][PASSED] - Test Cases/Nortruss Instance/PointofSale_Module/TS5_POS_CashRefund_Full_StockReturn/POS_CashRefund_Full_ValidateStock: Test Cases/Nortruss Instance/PointofSale_Module/TS5_POS_CashRefund_Full_StockReturn/POS_CashRefund_Full_ValidateStock

09-11-2024T08:03:35 - [TEST_STEP][PASSED] - sourceFile = new java.io.FileInputStream(ExcelFile): null

09-11-2024T08:03:35 - [TEST_STEP][PASSED] - workbook = new org.apache.poi.xssf.usermodel.XSSFWorkbook(sourceFile): null

09-11-2024T08:03:35 - [TEST_STEP][PASSED] - sheet = workbook.getSheet("Sheet1"): null

09-11-2024T08:03:35 - [TEST_STEP][PASSED] - row = sheet.getRow(2): null

09-11-2024T08:03:35 - [TEST_STEP][PASSED] - cell = row.getCell(1): null

09-11-2024T08:03:35 - [TEST_STEP][PASSED] - transactionNumber = cell.getStringCellValue(): null

09-11-2024T08:03:35 - [TEST_STEP][PASSED] - println(transactionNumber): null

09-11-2024T08:03:35 - [TEST_STEP][PASSED] - sourceFile.close(): null

09-11-2024T08:03:35 - [TEST_STEP][PASSED] - openBrowser(""): Browser is opened with url: ''

09-11-2024T08:03:35 - [MESSAGE][WARNING] - A browser is already opened. Closing browser and opening a new one

09-11-2024T08:03:36 - [MESSAGE][INFO] - Starting 'Chrome' driver

09-11-2024T08:03:36 - [MESSAGE][INFO] - Action delay is set to 0 milliseconds

09-11-2024T08:03:37 - [MESSAGE][PASSED] - Browser is opened with url: ''

09-11-2024T08:03:37 - [TEST_STEP][PASSED] - getUrl(): Current window's url is: 'data:,'

09-11-2024T08:03:37 - [MESSAGE][PASSED] - Current window's url is: 'data:,'

09-11-2024T08:03:37 - [TEST_STEP][PASSED] - navigateToUrl("http://frameworks.nt.nortruss.com.au:8080/FWDemo/Fluid.html#homeDashboard,dash,Frameworks.Activity.Menu.HomeDashBoard"): Navigate to 'http://frameworks.nt.nortruss.com.au:8080/FWDemo/Fluid.html#homeDashboard,dash,Frameworks.Activity.Menu.HomeDashBoard' successfully

09-11-2024T08:03:45 - [MESSAGE][PASSED] - Navigate to 'http://frameworks.nt.nortruss.com.au:8080/FWDemo/Fluid.html#homeDashboard,dash,Frameworks.Activity.Menu.HomeDashBoard' successfully

09-11-2024T08:03:45 - [TEST_STEP][PASSED] - maximizeWindow(): Current window maximized

09-11-2024T08:03:45 - [MESSAGE][PASSED] - Current window maximized

09-11-2024T08:03:45 - [TEST_STEP][PASSED] - setText(findTestObject("Object Repository/TS05_Cash_refund_Full/Page_Frameworks (Demo)/input_User ID_userid"), "manaki"): Text 'manaki' is set on object 'Object Repository/TS05_Cash_refund_Full/Page_Frameworks (Demo)/input_User ID_userid'

09-11-2024T08:03:49 - [MESSAGE][PASSED] - Text 'manaki' is set on object 'Object Repository/TS05_Cash_refund_Full/Page_Frameworks (Demo)/input_User ID_userid'

09-11-2024T08:03:49 - [TEST_STEP][PASSED] - setEncryptedText(findTestObject("Object Repository/TS05_Cash_refund_Full/Page_Frameworks (Demo)/input_Password_password"), "C5+8mNJ15mA="): Text ****** has been set on object 'Object Repository/TS05_Cash_refund_Full/Page_Frameworks (Demo)/input_Password_password'

09-11-2024T08:03:49 - [MESSAGE][PASSED] - Text ****** has been set on object 'Object Repository/TS05_Cash_refund_Full/Page_Frameworks (Demo)/input_Password_password'

09-11-2024T08:03:49 - [TEST_STEP][PASSED] - click(findTestObject("Object Repository/TS05_Cash_refund_Full/Page_Frameworks (Demo)/div_Login")): Object: 'Object Repository/TS05_Cash_refund_Full/Page_Frameworks (Demo)/div_Login' is clicked on

09-11-2024T08:03:50 - [MESSAGE][PASSED] - Object: 'Object Repository/TS05_Cash_refund_Full/Page_Frameworks (Demo)/div_Login' is clicked on

09-11-2024T08:03:50 - [TEST_STEP][PASSED] - click(findTestObject("Object Repository/TS05_Cash_refund_Full/Page_Frameworks (Demo)/img_1")): Object: 'Object Repository/TS05_Cash_refund_Full/Page_Frameworks (Demo)/img_1' is clicked on

09-11-2024T08:04:21 - [MESSAGE][INFO] - Unable to find the element located by 'By.xpath: //img[@src = 'http://frameworks.nt.nortruss.com.au:8080/FWDemo/frameworks/sc/skins/Frameworks7/images/custom/menus/checkmark-circle.png']'. Please recheck the objects properties to make sure the desired element is located. 

09-11-2024T08:04:21 - [MESSAGE][WARNING] - [SELF-HEALING] Failed to find element with id 'Object Repository/TS05_Cash_refund_Full/Page_Frameworks (Demo)/img_1'. Try using Self-healing.

09-11-2024T08:04:21 - [MESSAGE][WARNING] - [SELF-HEALING] The current locator of test object 'Object Repository/TS05_Cash_refund_Full/Page_Frameworks (Demo)/img_1' was broken. Propose an alternative one: '//div[@id='isc_2A']/img'.

09-11-2024T08:04:21 - [MESSAGE][PASSED] - Object: 'Object Repository/TS05_Cash_refund_Full/Page_Frameworks (Demo)/img_1' is clicked on

09-11-2024T08:04:21 - [TEST_STEP][PASSED] - click(findTestObject("Object Repository/TS05_Cash_refund_Full/Page_Frameworks (Demo)/div_Stock Movements")): Object: 'Object Repository/TS05_Cash_refund_Full/Page_Frameworks (Demo)/div_Stock Movements' is clicked on

09-11-2024T08:04:23 - [MESSAGE][PASSED] - Object: 'Object Repository/TS05_Cash_refund_Full/Page_Frameworks (Demo)/div_Stock Movements' is clicked on

09-11-2024T08:04:23 - [TEST_STEP][PASSED] - setText(findTestObject("Object Repository/TS05_Cash_refund_Full/Page_Frameworks (Demo)/input_Product_prodId"), "2014086"): Text '2014086' is set on object 'Object Repository/TS05_Cash_refund_Full/Page_Frameworks (Demo)/input_Product_prodId'

09-11-2024T08:04:25 - [MESSAGE][PASSED] - Text '2014086' is set on object 'Object Repository/TS05_Cash_refund_Full/Page_Frameworks (Demo)/input_Product_prodId'

09-11-2024T08:04:25 - [TEST_STEP][PASSED] - click(findTestObject("Object Repository/TS05_Cash_refund_Full/Page_Frameworks (Demo)/td_Find")): Object: 'Object Repository/TS05_Cash_refund_Full/Page_Frameworks (Demo)/td_Find' is clicked on

09-11-2024T08:04:26 - [MESSAGE][PASSED] - Object: 'Object Repository/TS05_Cash_refund_Full/Page_Frameworks (Demo)/td_Find' is clicked on

09-11-2024T08:04:26 - [TEST_STEP][PASSED] - verifyTextPresent(transactionNumber, false): Text '40559362' is present on page 

09-11-2024T08:04:27 - [MESSAGE][PASSED] - Text '40559362' is present on page 

09-11-2024T08:04:27 - [TEST_STEP][PASSED] - click(findTestObject("Object Repository/TS05_Cash_refund_Full/Page_Frameworks (Demo)/img_dropdownLogout")): Object: 'Object Repository/TS05_Cash_refund_Full/Page_Frameworks (Demo)/img_dropdownLogout' is clicked on

09-11-2024T08:04:28 - [MESSAGE][PASSED] - Object: 'Object Repository/TS05_Cash_refund_Full/Page_Frameworks (Demo)/img_dropdownLogout' is clicked on

09-11-2024T08:04:28 - [TEST_STEP][PASSED] - click(findTestObject("Object Repository/TS05_Cash_refund_Full/Page_Frameworks (Demo)/td__1")): Object: 'Object Repository/TS05_Cash_refund_Full/Page_Frameworks (Demo)/td__1' is clicked on

09-11-2024T08:04:28 - [MESSAGE][PASSED] - Object: 'Object Repository/TS05_Cash_refund_Full/Page_Frameworks (Demo)/td__1' is clicked on]]></system-out>
         <system-err><![CDATA[]]></system-err>
      </testcase>
      <system-out><![CDATA[09-11-2024T08:01:59 - [TEST_SUITE][PASSED] - TS5_POS_CashRefund_Full_StockReturn_NT: Test Cases/Nortruss Instance/PointofSale_Module/TS5_POS_CashRefund_Full_StockReturn/POS_CashRefund_Full_ValidateStock]]></system-out>
      <system-err><![CDATA[]]></system-err>
   </testsuite>
</testsuites>
