<?xml version="1.0" encoding="UTF-8"?>
<testsuites name="TS1_and_TS2" time="157.102" tests="3" failures="0" errors="0">
   <testsuite name="TS1_and_TS2" tests="3" failures="0" errors="0" time="157.102" skipped="0" timestamp="15-09-2024T13:40:15" hostname="User - ROG" id="Test Suites/DBC_Instance/PointofSale_Module/New_Interface/TS1_and_TS2">
      <properties>
         <property name="deviceName" value=""/>
         <property name="devicePlatform"/>
         <property name="logFolder" value="C:\\Users\\User\\git\\frameworks-regression-test-automation\\Reports\\20240915_134001\\DBC_Instance\\PointofSale_Module\\New_Interface\\TS1_and_TS2\\20240915_134001"/>
         <property name="logFiles" value="C:\\Users\\User\\git\\frameworks-regression-test-automation\\Reports\\20240915_134001\\DBC_Instance\\PointofSale_Module\\New_Interface\\TS1_and_TS2\\20240915_134001\\execution0.log"/>
         <property name="attachments" value="C:\\Users\\User\\git\\frameworks-regression-test-automation\\Reports\\20240915_134001\\DBC_Instance\\PointofSale_Module\\New_Interface\\TS1_and_TS2\\20240915_134001\\1726371648535.png, C:\\Users\\User\\git\\frameworks-regression-test-automation\\Reports\\20240915_134001\\DBC_Instance\\PointofSale_Module\\New_Interface\\TS1_and_TS2\\20240915_134001\\1726371662857.png, C:\\Users\\User\\git\\frameworks-regression-test-automation\\Reports\\20240915_134001\\DBC_Instance\\PointofSale_Module\\New_Interface\\TS1_and_TS2\\20240915_134001\\1726371669295.png, C:\\Users\\User\\git\\frameworks-regression-test-automation\\Reports\\20240915_134001\\DBC_Instance\\PointofSale_Module\\New_Interface\\TS1_and_TS2\\20240915_134001\\1726371677630.png, C:\\Users\\User\\git\\frameworks-regression-test-automation\\Reports\\20240915_134001\\DBC_Instance\\PointofSale_Module\\New_Interface\\TS1_and_TS2\\20240915_134001\\1726371716490.png, C:\\Users\\User\\git\\frameworks-regression-test-automation\\Reports\\20240915_134001\\DBC_Instance\\PointofSale_Module\\New_Interface\\TS1_and_TS2\\20240915_134001\\1726371730231.png, C:\\Users\\User\\git\\frameworks-regression-test-automation\\Reports\\20240915_134001\\DBC_Instance\\PointofSale_Module\\New_Interface\\TS1_and_TS2\\20240915_134001\\1726371768412.png"/>
         <property name="hostName" value="User - ROG"/>
         <property name="os" value="Windows 11 64bit"/>
         <property name="katalonVersion" value="9.5.0.217"/>
         <property name="browser" value="Chrome 128.0.0.0"/>
         <property name="hostAddress" value="10.192.251.1"/>
         <property name="sessionId" value="4be7cc8a1c3e7c47f2ec1975e15c12c6"/>
         <property name="seleniumVersion" value="3.141.59"/>
         <property name="proxyInformation" value="ProxyInformation { proxyOption=NO_PROXY, proxyServerType=HTTP, username=, password=********, proxyServerAddress=, proxyServerPort=0, executionList=&quot;&quot;, isApplyToDesiredCapabilities=true }"/>
         <property name="platform" value="Windows 11"/>
      </properties>
      <testcase name="Test Cases/DBC_Instance/PointofSale_Module/TS1_POS_CashSale/POS_CashSale - New" time="66.667" classname="Test Cases/DBC_Instance/PointofSale_Module/TS1_POS_CashSale/POS_CashSale - New" status="PASSED">
         <system-out><![CDATA[15-09-2024T13:40:15 - [TEST_CASE][PASSED] - Test Cases/DBC_Instance/PointofSale_Module/TS1_POS_CashSale/POS_CashSale - New: Test Cases/DBC_Instance/PointofSale_Module/TS1_POS_CashSale/POS_CashSale - New

15-09-2024T13:40:16 - [TEST_STEP][PASSED] - openBrowser(""): Browser is opened with url: ''

15-09-2024T13:40:17 - [MESSAGE][INFO] - Starting 'Chrome' driver

15-09-2024T13:40:18 - [MESSAGE][INFO] - Action delay is set to 0 milliseconds

15-09-2024T13:40:20 - [MESSAGE][PASSED] - Browser is opened with url: ''

15-09-2024T13:40:20 - [TEST_STEP][PASSED] - maximizeWindow(): Current window maximized

15-09-2024T13:40:21 - [MESSAGE][PASSED] - Current window maximized

15-09-2024T13:40:21 - [TEST_STEP][PASSED] - navigateToUrl("http://frameworks.dahlsens.com.au:8080/FWDemo/Fluid.html#homeDashboard,dash,Frameworks.Activity.Menu.HomeDashBoard"): Navigate to 'http://frameworks.dahlsens.com.au:8080/FWDemo/Fluid.html#homeDashboard,dash,Frameworks.Activity.Menu.HomeDashBoard' successfully

15-09-2024T13:40:25 - [MESSAGE][PASSED] - Navigate to 'http://frameworks.dahlsens.com.au:8080/FWDemo/Fluid.html#homeDashboard,dash,Frameworks.Activity.Menu.HomeDashBoard' successfully

15-09-2024T13:40:25 - [TEST_STEP][PASSED] - setText(findTestObject("Object Repository/TS1_POS_CashSale_DBC/New_Interface/Page_Frameworks (Demo)/input_User ID_userid"), userName): Text 'manaki' is set on object 'Object Repository/TS1_POS_CashSale_DBC/New_Interface/Page_Frameworks (Demo)/input_User ID_userid'

15-09-2024T13:40:28 - [MESSAGE][PASSED] - Text 'manaki' is set on object 'Object Repository/TS1_POS_CashSale_DBC/New_Interface/Page_Frameworks (Demo)/input_User ID_userid'

15-09-2024T13:40:28 - [TEST_STEP][PASSED] - setEncryptedText(findTestObject("Object Repository/TS1_POS_CashSale_DBC/New_Interface/Page_Frameworks (Demo)/input_Password_password"), "FHoXGFMjtD0="): Text ****** has been set on object 'Object Repository/TS1_POS_CashSale_DBC/New_Interface/Page_Frameworks (Demo)/input_Password_password'

15-09-2024T13:40:29 - [MESSAGE][PASSED] - Text ****** has been set on object 'Object Repository/TS1_POS_CashSale_DBC/New_Interface/Page_Frameworks (Demo)/input_Password_password'

15-09-2024T13:40:29 - [TEST_STEP][PASSED] - click(findTestObject("Object Repository/TS1_POS_CashSale_DBC/New_Interface/Page_Frameworks (Demo)/div_Login")): Object: 'Object Repository/TS1_POS_CashSale_DBC/New_Interface/Page_Frameworks (Demo)/div_Login' is clicked on

15-09-2024T13:40:29 - [MESSAGE][PASSED] - Object: 'Object Repository/TS1_POS_CashSale_DBC/New_Interface/Page_Frameworks (Demo)/div_Login' is clicked on

15-09-2024T13:40:29 - [TEST_STEP][PASSED] - click(findTestObject("Object Repository/TS1_POS_CashSale_DBC/New_Interface/Page_Frameworks (Demo)/img_MenuIcon")): Object: 'Object Repository/TS1_POS_CashSale_DBC/New_Interface/Page_Frameworks (Demo)/img_MenuIcon' is clicked on

15-09-2024T13:40:36 - [MESSAGE][PASSED] - Object: 'Object Repository/TS1_POS_CashSale_DBC/New_Interface/Page_Frameworks (Demo)/img_MenuIcon' is clicked on

15-09-2024T13:40:36 - [TEST_STEP][PASSED] - click(findTestObject("Object Repository/TS1_POS_CashSale_DBC/New_Interface/Page_Frameworks (Demo)/b_Transaction Processing")): Object: 'Object Repository/TS1_POS_CashSale_DBC/New_Interface/Page_Frameworks (Demo)/b_Transaction Processing' is clicked on

15-09-2024T13:40:37 - [MESSAGE][PASSED] - Object: 'Object Repository/TS1_POS_CashSale_DBC/New_Interface/Page_Frameworks (Demo)/b_Transaction Processing' is clicked on

15-09-2024T13:40:37 - [TEST_STEP][PASSED] - click(findTestObject("Object Repository/TS1_POS_CashSale_DBC/New_Interface/Page_Frameworks (Demo)/td_Point Of Sale")): Object: 'Object Repository/TS1_POS_CashSale_DBC/New_Interface/Page_Frameworks (Demo)/td_Point Of Sale' is clicked on

15-09-2024T13:40:38 - [MESSAGE][PASSED] - Object: 'Object Repository/TS1_POS_CashSale_DBC/New_Interface/Page_Frameworks (Demo)/td_Point Of Sale' is clicked on

15-09-2024T13:40:38 - [TEST_STEP][PASSED] - invoiceNum = getText(findTestObject("Object Repository/TS1_POS_CashSale_DBC/New_Interface/Page_Frameworks (Demo)/div_invoiceNum")): Text of object 'Object Repository/TS1_POS_CashSale_DBC/New_Interface/Page_Frameworks (Demo)/div_invoiceNum' is: '20217588'

15-09-2024T13:40:43 - [MESSAGE][PASSED] - Text of object 'Object Repository/TS1_POS_CashSale_DBC/New_Interface/Page_Frameworks (Demo)/div_invoiceNum' is: '20217588'

15-09-2024T13:40:43 - [TEST_STEP][PASSED] - setText(findTestObject("Object Repository/TS1_POS_CashSale_DBC/New_Interface/Page_Frameworks (Demo)/input_P_prodId"), "594"): Text '594' is set on object 'Object Repository/TS1_POS_CashSale_DBC/New_Interface/Page_Frameworks (Demo)/input_P_prodId'

15-09-2024T13:40:44 - [MESSAGE][PASSED] - Text '594' is set on object 'Object Repository/TS1_POS_CashSale_DBC/New_Interface/Page_Frameworks (Demo)/input_P_prodId'

15-09-2024T13:40:44 - [TEST_STEP][PASSED] - click(findTestObject("Object Repository/TS1_POS_CashSale_DBC/New_Interface/Page_Frameworks (Demo)/input_Quantity_quantityOrdered")): Object: 'Object Repository/TS1_POS_CashSale_DBC/New_Interface/Page_Frameworks (Demo)/input_Quantity_quantityOrdered' is clicked on

15-09-2024T13:40:44 - [MESSAGE][PASSED] - Object: 'Object Repository/TS1_POS_CashSale_DBC/New_Interface/Page_Frameworks (Demo)/input_Quantity_quantityOrdered' is clicked on

15-09-2024T13:40:44 - [TEST_STEP][PASSED] - click(findTestObject("Object Repository/TS1_POS_CashSale_DBC/New_Interface/Page_Frameworks (Demo)/img_add")): Object: 'Object Repository/TS1_POS_CashSale_DBC/New_Interface/Page_Frameworks (Demo)/img_add' is clicked on

15-09-2024T13:40:46 - [MESSAGE][PASSED] - Object: 'Object Repository/TS1_POS_CashSale_DBC/New_Interface/Page_Frameworks (Demo)/img_add' is clicked on

15-09-2024T13:40:46 - [TEST_STEP][PASSED] - delay(2): Delayed 2 second(s)

15-09-2024T13:40:48 - [MESSAGE][PASSED] - Delayed 2 second(s)

15-09-2024T13:40:48 - [TEST_STEP][PASSED] - takeFullPageScreenshot(): Taking screenshot successfully

15-09-2024T13:40:49 - [MESSAGE][INFO] - 0 hidden object(s)

15-09-2024T13:40:50 - [MESSAGE][PASSED] - Taking screenshot successfully
[[ATTACHMENT|C:\\Users\\User\\git\\frameworks-regression-test-automation\\Reports\\20240915_134001\\DBC_Instance\\PointofSale_Module\\New_Interface\\TS1_and_TS2\\20240915_134001\\1726371648535.png]]

15-09-2024T13:40:50 - [TEST_STEP][PASSED] - setText(findTestObject("Object Repository/TS1_POS_CashSale_DBC/New_Interface/Page_Frameworks (Demo)/input_P_prodId"), "pfr7035"): Text 'pfr7035' is set on object 'Object Repository/TS1_POS_CashSale_DBC/New_Interface/Page_Frameworks (Demo)/input_P_prodId'

15-09-2024T13:40:51 - [MESSAGE][PASSED] - Text 'pfr7035' is set on object 'Object Repository/TS1_POS_CashSale_DBC/New_Interface/Page_Frameworks (Demo)/input_P_prodId'

15-09-2024T13:40:51 - [TEST_STEP][PASSED] - click(findTestObject("Object Repository/TS1_POS_CashSale_DBC/New_Interface/Page_Frameworks (Demo)/input_Quantity_quantityOrdered")): Object: 'Object Repository/TS1_POS_CashSale_DBC/New_Interface/Page_Frameworks (Demo)/input_Quantity_quantityOrdered' is clicked on

15-09-2024T13:40:51 - [MESSAGE][PASSED] - Object: 'Object Repository/TS1_POS_CashSale_DBC/New_Interface/Page_Frameworks (Demo)/input_Quantity_quantityOrdered' is clicked on

15-09-2024T13:40:51 - [TEST_STEP][PASSED] - click(findTestObject("Object Repository/TS1_POS_CashSale_DBC/New_Interface/Page_Frameworks (Demo)/td_Tally Maintenance")): Object: 'Object Repository/TS1_POS_CashSale_DBC/New_Interface/Page_Frameworks (Demo)/td_Tally Maintenance' is clicked on

15-09-2024T13:40:54 - [MESSAGE][PASSED] - Object: 'Object Repository/TS1_POS_CashSale_DBC/New_Interface/Page_Frameworks (Demo)/td_Tally Maintenance' is clicked on

15-09-2024T13:40:54 - [TEST_STEP][PASSED] - click(findTestObject("Object Repository/TS1_POS_CashSale_DBC/New_Interface/Page_Frameworks (Demo)/div_Quantity_Col")): Object: 'Object Repository/TS1_POS_CashSale_DBC/New_Interface/Page_Frameworks (Demo)/div_Quantity_Col' is clicked on

15-09-2024T13:40:55 - [MESSAGE][PASSED] - Object: 'Object Repository/TS1_POS_CashSale_DBC/New_Interface/Page_Frameworks (Demo)/div_Quantity_Col' is clicked on

15-09-2024T13:40:55 - [TEST_STEP][PASSED] - sendKeys(findTestObject("Object Repository/TS1_POS_CashSale_DBC/New_Interface/Page_Frameworks (Demo)/input_LM_tallyQuantity"), "1"): Keys '1' sent to object: 'Object Repository/TS1_POS_CashSale_DBC/New_Interface/Page_Frameworks (Demo)/input_LM_tallyQuantity'

15-09-2024T13:40:55 - [MESSAGE][PASSED] - Keys '1' sent to object: 'Object Repository/TS1_POS_CashSale_DBC/New_Interface/Page_Frameworks (Demo)/input_LM_tallyQuantity'

15-09-2024T13:40:55 - [TEST_STEP][PASSED] - click(findTestObject("Object Repository/TS1_POS_CashSale_DBC/New_Interface/Page_Frameworks (Demo)/div_Length_Col")): Object: 'Object Repository/TS1_POS_CashSale_DBC/New_Interface/Page_Frameworks (Demo)/div_Length_Col' is clicked on

15-09-2024T13:40:56 - [MESSAGE][PASSED] - Object: 'Object Repository/TS1_POS_CashSale_DBC/New_Interface/Page_Frameworks (Demo)/div_Length_Col' is clicked on

15-09-2024T13:40:56 - [TEST_STEP][PASSED] - sendKeys(findTestObject("Object Repository/TS1_POS_CashSale_DBC/New_Interface/Page_Frameworks (Demo)/input_LM_tallyLength"), "3"): Keys '3' sent to object: 'Object Repository/TS1_POS_CashSale_DBC/New_Interface/Page_Frameworks (Demo)/input_LM_tallyLength'

15-09-2024T13:40:57 - [MESSAGE][PASSED] - Keys '3' sent to object: 'Object Repository/TS1_POS_CashSale_DBC/New_Interface/Page_Frameworks (Demo)/input_LM_tallyLength'

15-09-2024T13:40:57 - [TEST_STEP][PASSED] - click(findTestObject("Object Repository/TS1_POS_CashSale_DBC/New_Interface/Page_Frameworks (Demo)/td_Add")): Object: 'Object Repository/TS1_POS_CashSale_DBC/New_Interface/Page_Frameworks (Demo)/td_Add' is clicked on

15-09-2024T13:40:58 - [MESSAGE][PASSED] - Object: 'Object Repository/TS1_POS_CashSale_DBC/New_Interface/Page_Frameworks (Demo)/td_Add' is clicked on

15-09-2024T13:40:58 - [TEST_STEP][PASSED] - sendKeys(findTestObject("Object Repository/TS1_POS_CashSale_DBC/New_Interface/Page_Frameworks (Demo)/input_LM_tallyQuantity_1_2"), "1"): Keys '1' sent to object: 'Object Repository/TS1_POS_CashSale_DBC/New_Interface/Page_Frameworks (Demo)/input_LM_tallyQuantity_1_2'

15-09-2024T13:40:59 - [MESSAGE][PASSED] - Keys '1' sent to object: 'Object Repository/TS1_POS_CashSale_DBC/New_Interface/Page_Frameworks (Demo)/input_LM_tallyQuantity_1_2'

15-09-2024T13:40:59 - [TEST_STEP][PASSED] - click(findTestObject("Object Repository/TS1_POS_CashSale_DBC/New_Interface/Page_Frameworks (Demo)/div_Length_Col_Row2")): Object: 'Object Repository/TS1_POS_CashSale_DBC/New_Interface/Page_Frameworks (Demo)/div_Length_Col_Row2' is clicked on

15-09-2024T13:40:59 - [MESSAGE][PASSED] - Object: 'Object Repository/TS1_POS_CashSale_DBC/New_Interface/Page_Frameworks (Demo)/div_Length_Col_Row2' is clicked on

15-09-2024T13:40:59 - [TEST_STEP][PASSED] - sendKeys(findTestObject("Object Repository/TS1_POS_CashSale_DBC/New_Interface/Page_Frameworks (Demo)/input_LM_tallyLength_1_2"), "2"): Keys '2' sent to object: 'Object Repository/TS1_POS_CashSale_DBC/New_Interface/Page_Frameworks (Demo)/input_LM_tallyLength_1_2'

15-09-2024T13:41:00 - [MESSAGE][PASSED] - Keys '2' sent to object: 'Object Repository/TS1_POS_CashSale_DBC/New_Interface/Page_Frameworks (Demo)/input_LM_tallyLength_1_2'

15-09-2024T13:41:00 - [TEST_STEP][PASSED] - delay(2): Delayed 2 second(s)

15-09-2024T13:41:02 - [MESSAGE][PASSED] - Delayed 2 second(s)

15-09-2024T13:41:02 - [TEST_STEP][PASSED] - takeFullPageScreenshot(): Taking screenshot successfully

15-09-2024T13:41:03 - [MESSAGE][INFO] - 0 hidden object(s)

15-09-2024T13:41:04 - [MESSAGE][PASSED] - Taking screenshot successfully
[[ATTACHMENT|C:\\Users\\User\\git\\frameworks-regression-test-automation\\Reports\\20240915_134001\\DBC_Instance\\PointofSale_Module\\New_Interface\\TS1_and_TS2\\20240915_134001\\1726371662857.png]]

15-09-2024T13:41:04 - [TEST_STEP][PASSED] - click(findTestObject("Object Repository/TS1_POS_CashSale_DBC/New_Interface/Page_Frameworks (Demo)/td_SaveClose (S)")): Object: 'Object Repository/TS1_POS_CashSale_DBC/New_Interface/Page_Frameworks (Demo)/td_SaveClose (S)' is clicked on

15-09-2024T13:41:04 - [MESSAGE][PASSED] - Object: 'Object Repository/TS1_POS_CashSale_DBC/New_Interface/Page_Frameworks (Demo)/td_SaveClose (S)' is clicked on

15-09-2024T13:41:04 - [TEST_STEP][PASSED] - click(findTestObject("Object Repository/TS1_POS_CashSale_DBC/New_Interface/Page_Frameworks (Demo)/img_add")): Object: 'Object Repository/TS1_POS_CashSale_DBC/New_Interface/Page_Frameworks (Demo)/img_add' is clicked on

15-09-2024T13:41:07 - [MESSAGE][PASSED] - Object: 'Object Repository/TS1_POS_CashSale_DBC/New_Interface/Page_Frameworks (Demo)/img_add' is clicked on

15-09-2024T13:41:07 - [TEST_STEP][PASSED] - delay(2): Delayed 2 second(s)

15-09-2024T13:41:09 - [MESSAGE][PASSED] - Delayed 2 second(s)

15-09-2024T13:41:09 - [TEST_STEP][PASSED] - takeFullPageScreenshot(): Taking screenshot successfully

15-09-2024T13:41:10 - [MESSAGE][INFO] - 0 hidden object(s)

15-09-2024T13:41:10 - [MESSAGE][PASSED] - Taking screenshot successfully
[[ATTACHMENT|C:\\Users\\User\\git\\frameworks-regression-test-automation\\Reports\\20240915_134001\\DBC_Instance\\PointofSale_Module\\New_Interface\\TS1_and_TS2\\20240915_134001\\1726371669295.png]]

15-09-2024T13:41:10 - [TEST_STEP][PASSED] - click(findTestObject("Object Repository/TS1_POS_CashSale_DBC/New_Interface/Page_Frameworks (Demo)/div_FinishSale (S)")): Object: 'Object Repository/TS1_POS_CashSale_DBC/New_Interface/Page_Frameworks (Demo)/div_FinishSale (S)' is clicked on

15-09-2024T13:41:11 - [MESSAGE][PASSED] - Object: 'Object Repository/TS1_POS_CashSale_DBC/New_Interface/Page_Frameworks (Demo)/div_FinishSale (S)' is clicked on

15-09-2024T13:41:11 - [TEST_STEP][PASSED] - click(findTestObject("Object Repository/TS1_POS_CashSale_DBC/New_Interface/Page_Frameworks (Demo)/div_100 Cash")): Object: 'Object Repository/TS1_POS_CashSale_DBC/New_Interface/Page_Frameworks (Demo)/div_100 Cash' is clicked on

15-09-2024T13:41:15 - [MESSAGE][PASSED] - Object: 'Object Repository/TS1_POS_CashSale_DBC/New_Interface/Page_Frameworks (Demo)/div_100 Cash' is clicked on

15-09-2024T13:41:15 - [TEST_STEP][PASSED] - delay(2): Delayed 2 second(s)

15-09-2024T13:41:17 - [MESSAGE][PASSED] - Delayed 2 second(s)

15-09-2024T13:41:17 - [TEST_STEP][PASSED] - takeFullPageScreenshot(): Taking screenshot successfully

15-09-2024T13:41:18 - [MESSAGE][INFO] - 0 hidden object(s)

15-09-2024T13:41:18 - [MESSAGE][PASSED] - Taking screenshot successfully
[[ATTACHMENT|C:\\Users\\User\\git\\frameworks-regression-test-automation\\Reports\\20240915_134001\\DBC_Instance\\PointofSale_Module\\New_Interface\\TS1_and_TS2\\20240915_134001\\1726371677630.png]]

15-09-2024T13:41:18 - [TEST_STEP][PASSED] - click(findTestObject("Object Repository/TS1_POS_CashSale_DBC/New_Interface/Page_Frameworks (Demo)/td_SaveClose (S)")): Object: 'Object Repository/TS1_POS_CashSale_DBC/New_Interface/Page_Frameworks (Demo)/td_SaveClose (S)' is clicked on

15-09-2024T13:41:19 - [MESSAGE][PASSED] - Object: 'Object Repository/TS1_POS_CashSale_DBC/New_Interface/Page_Frameworks (Demo)/td_SaveClose (S)' is clicked on

15-09-2024T13:41:19 - [TEST_STEP][PASSED] - click(findTestObject("Object Repository/TS2_POS_AccountSale_DBC/New_Interface/Page_Frameworks (Demo)/img_AccountDropdown")): Object: 'Object Repository/TS2_POS_AccountSale_DBC/New_Interface/Page_Frameworks (Demo)/img_AccountDropdown' is clicked on

15-09-2024T13:41:21 - [MESSAGE][PASSED] - Object: 'Object Repository/TS2_POS_AccountSale_DBC/New_Interface/Page_Frameworks (Demo)/img_AccountDropdown' is clicked on

15-09-2024T13:41:21 - [TEST_STEP][PASSED] - click(findTestObject("Object Repository/TS2_POS_AccountSale_DBC/New_Interface/Page_Frameworks (Demo)/div_Logout")): Object: 'Object Repository/TS2_POS_AccountSale_DBC/New_Interface/Page_Frameworks (Demo)/div_Logout' is clicked on

15-09-2024T13:41:22 - [MESSAGE][PASSED] - Object: 'Object Repository/TS2_POS_AccountSale_DBC/New_Interface/Page_Frameworks (Demo)/div_Logout' is clicked on]]></system-out>
         <system-err><![CDATA[]]></system-err>
      </testcase>
      <testcase name="Test Cases/DBC_Instance/PointofSale_Module/TS2_POS_AccountSale/POS_AccountSale - New" time="60.974" classname="Test Cases/DBC_Instance/PointofSale_Module/TS2_POS_AccountSale/POS_AccountSale - New" status="PASSED">
         <system-out><![CDATA[15-09-2024T13:41:22 - [TEST_CASE][PASSED] - Test Cases/DBC_Instance/PointofSale_Module/TS2_POS_AccountSale/POS_AccountSale - New: Test Cases/DBC_Instance/PointofSale_Module/TS2_POS_AccountSale/POS_AccountSale - New

15-09-2024T13:41:23 - [TEST_STEP][PASSED] - openBrowser(""): Browser is opened with url: ''

15-09-2024T13:41:23 - [MESSAGE][WARNING] - A browser is already opened. Closing browser and opening a new one

15-09-2024T13:41:23 - [MESSAGE][INFO] - Starting 'Chrome' driver

15-09-2024T13:41:23 - [MESSAGE][INFO] - Action delay is set to 0 milliseconds

15-09-2024T13:41:24 - [MESSAGE][PASSED] - Browser is opened with url: ''

15-09-2024T13:41:24 - [TEST_STEP][PASSED] - maximizeWindow(): Current window maximized

15-09-2024T13:41:24 - [MESSAGE][PASSED] - Current window maximized

15-09-2024T13:41:24 - [TEST_STEP][PASSED] - navigateToUrl("http://frameworks.dahlsens.com.au:8080/FWDemo/Fluid.html#homeDashboard,dash,Frameworks.Activity.Menu.HomeDashBoard"): Navigate to 'http://frameworks.dahlsens.com.au:8080/FWDemo/Fluid.html#homeDashboard,dash,Frameworks.Activity.Menu.HomeDashBoard' successfully

15-09-2024T13:41:28 - [MESSAGE][PASSED] - Navigate to 'http://frameworks.dahlsens.com.au:8080/FWDemo/Fluid.html#homeDashboard,dash,Frameworks.Activity.Menu.HomeDashBoard' successfully

15-09-2024T13:41:28 - [TEST_STEP][PASSED] - setText(findTestObject("Object Repository/TS2_POS_AccountSale_DBC/New_Interface/Page_Frameworks (Demo)/input_User ID_userid"), userName): Text 'manaki' is set on object 'Object Repository/TS2_POS_AccountSale_DBC/New_Interface/Page_Frameworks (Demo)/input_User ID_userid'

15-09-2024T13:41:31 - [MESSAGE][PASSED] - Text 'manaki' is set on object 'Object Repository/TS2_POS_AccountSale_DBC/New_Interface/Page_Frameworks (Demo)/input_User ID_userid'

15-09-2024T13:41:31 - [TEST_STEP][PASSED] - setEncryptedText(findTestObject("Object Repository/TS2_POS_AccountSale_DBC/New_Interface/Page_Frameworks (Demo)/input_Password_password"), "FHoXGFMjtD0="): Text ****** has been set on object 'Object Repository/TS2_POS_AccountSale_DBC/New_Interface/Page_Frameworks (Demo)/input_Password_password'

15-09-2024T13:41:32 - [MESSAGE][PASSED] - Text ****** has been set on object 'Object Repository/TS2_POS_AccountSale_DBC/New_Interface/Page_Frameworks (Demo)/input_Password_password'

15-09-2024T13:41:32 - [TEST_STEP][PASSED] - click(findTestObject("Object Repository/TS2_POS_AccountSale_DBC/New_Interface/Page_Frameworks (Demo)/div_Login")): Object: 'Object Repository/TS2_POS_AccountSale_DBC/New_Interface/Page_Frameworks (Demo)/div_Login' is clicked on

15-09-2024T13:41:32 - [MESSAGE][PASSED] - Object: 'Object Repository/TS2_POS_AccountSale_DBC/New_Interface/Page_Frameworks (Demo)/div_Login' is clicked on

15-09-2024T13:41:32 - [TEST_STEP][PASSED] - click(findTestObject("Object Repository/TS2_POS_AccountSale_DBC/New_Interface/Page_Frameworks (Demo)/img_MenuIcon")): Object: 'Object Repository/TS2_POS_AccountSale_DBC/New_Interface/Page_Frameworks (Demo)/img_MenuIcon' is clicked on

15-09-2024T13:41:38 - [MESSAGE][PASSED] - Object: 'Object Repository/TS2_POS_AccountSale_DBC/New_Interface/Page_Frameworks (Demo)/img_MenuIcon' is clicked on

15-09-2024T13:41:38 - [TEST_STEP][PASSED] - click(findTestObject("Object Repository/TS2_POS_AccountSale_DBC/New_Interface/Page_Frameworks (Demo)/b_Transaction Processing")): Object: 'Object Repository/TS2_POS_AccountSale_DBC/New_Interface/Page_Frameworks (Demo)/b_Transaction Processing' is clicked on

15-09-2024T13:41:40 - [MESSAGE][PASSED] - Object: 'Object Repository/TS2_POS_AccountSale_DBC/New_Interface/Page_Frameworks (Demo)/b_Transaction Processing' is clicked on

15-09-2024T13:41:40 - [TEST_STEP][PASSED] - click(findTestObject("Object Repository/TS2_POS_AccountSale_DBC/New_Interface/Page_Frameworks (Demo)/td_Point Of Sale")): Object: 'Object Repository/TS2_POS_AccountSale_DBC/New_Interface/Page_Frameworks (Demo)/td_Point Of Sale' is clicked on

15-09-2024T13:41:41 - [MESSAGE][PASSED] - Object: 'Object Repository/TS2_POS_AccountSale_DBC/New_Interface/Page_Frameworks (Demo)/td_Point Of Sale' is clicked on

15-09-2024T13:41:41 - [TEST_STEP][PASSED] - setText(findTestObject("Object Repository/TS2_POS_AccountSale_DBC/New_Interface/Page_Frameworks (Demo)/input_m_customerIdX"), "Joe Chila (3379)"): Text 'Joe Chila (3379)' is set on object 'Object Repository/TS2_POS_AccountSale_DBC/New_Interface/Page_Frameworks (Demo)/input_m_customerIdX'

15-09-2024T13:41:47 - [MESSAGE][PASSED] - Text 'Joe Chila (3379)' is set on object 'Object Repository/TS2_POS_AccountSale_DBC/New_Interface/Page_Frameworks (Demo)/input_m_customerIdX'

15-09-2024T13:41:47 - [TEST_STEP][PASSED] - click(findTestObject("Object Repository/TS2_POS_AccountSale_DBC/New_Interface/Page_Frameworks (Demo)/div_JOE CHILA (3379)")): Object: 'Object Repository/TS2_POS_AccountSale_DBC/New_Interface/Page_Frameworks (Demo)/div_JOE CHILA (3379)' is clicked on

15-09-2024T13:41:49 - [MESSAGE][PASSED] - Object: 'Object Repository/TS2_POS_AccountSale_DBC/New_Interface/Page_Frameworks (Demo)/div_JOE CHILA (3379)' is clicked on

15-09-2024T13:41:49 - [TEST_STEP][PASSED] - click(findTestObject("Object Repository/TS2_POS_AccountSale_DBC/New_Interface/Page_Frameworks (Demo)/div_invoiceNum")): Object: 'Object Repository/TS2_POS_AccountSale_DBC/New_Interface/Page_Frameworks (Demo)/div_invoiceNum' is clicked on

15-09-2024T13:41:49 - [MESSAGE][PASSED] - Object: 'Object Repository/TS2_POS_AccountSale_DBC/New_Interface/Page_Frameworks (Demo)/div_invoiceNum' is clicked on

15-09-2024T13:41:49 - [TEST_STEP][PASSED] - invoiceNum = getText(findTestObject("Object Repository/TS2_POS_AccountSale_DBC/New_Interface/Page_Frameworks (Demo)/div_invoiceNum")): Text of object 'Object Repository/TS2_POS_AccountSale_DBC/New_Interface/Page_Frameworks (Demo)/div_invoiceNum' is: '20217590'

15-09-2024T13:41:51 - [MESSAGE][PASSED] - Text of object 'Object Repository/TS2_POS_AccountSale_DBC/New_Interface/Page_Frameworks (Demo)/div_invoiceNum' is: '20217590'

15-09-2024T13:41:51 - [TEST_STEP][PASSED] - setText(findTestObject("Object Repository/TS2_POS_AccountSale_DBC/New_Interface/Page_Frameworks (Demo)/input_P_prodId"), "594"): Text '594' is set on object 'Object Repository/TS2_POS_AccountSale_DBC/New_Interface/Page_Frameworks (Demo)/input_P_prodId'

15-09-2024T13:41:52 - [MESSAGE][PASSED] - Text '594' is set on object 'Object Repository/TS2_POS_AccountSale_DBC/New_Interface/Page_Frameworks (Demo)/input_P_prodId'

15-09-2024T13:41:52 - [TEST_STEP][PASSED] - click(findTestObject("Object Repository/TS2_POS_AccountSale_DBC/New_Interface/Page_Frameworks (Demo)/input_Quantity_quantityOrdered")): Object: 'Object Repository/TS2_POS_AccountSale_DBC/New_Interface/Page_Frameworks (Demo)/input_Quantity_quantityOrdered' is clicked on

15-09-2024T13:41:52 - [MESSAGE][PASSED] - Object: 'Object Repository/TS2_POS_AccountSale_DBC/New_Interface/Page_Frameworks (Demo)/input_Quantity_quantityOrdered' is clicked on

15-09-2024T13:41:52 - [TEST_STEP][PASSED] - click(findTestObject("Object Repository/TS2_POS_AccountSale_DBC/New_Interface/Page_Frameworks (Demo)/img_add")): Object: 'Object Repository/TS2_POS_AccountSale_DBC/New_Interface/Page_Frameworks (Demo)/img_add' is clicked on

15-09-2024T13:41:54 - [MESSAGE][PASSED] - Object: 'Object Repository/TS2_POS_AccountSale_DBC/New_Interface/Page_Frameworks (Demo)/img_add' is clicked on

15-09-2024T13:41:54 - [TEST_STEP][PASSED] - delay(2): Delayed 2 second(s)

15-09-2024T13:41:56 - [MESSAGE][PASSED] - Delayed 2 second(s)

15-09-2024T13:41:56 - [TEST_STEP][PASSED] - takeFullPageScreenshot(): Taking screenshot successfully

15-09-2024T13:41:57 - [MESSAGE][INFO] - 0 hidden object(s)

15-09-2024T13:41:57 - [MESSAGE][PASSED] - Taking screenshot successfully
[[ATTACHMENT|C:\\Users\\User\\git\\frameworks-regression-test-automation\\Reports\\20240915_134001\\DBC_Instance\\PointofSale_Module\\New_Interface\\TS1_and_TS2\\20240915_134001\\1726371716490.png]]

15-09-2024T13:41:57 - [TEST_STEP][PASSED] - setText(findTestObject("Object Repository/TS2_POS_AccountSale_DBC/New_Interface/Page_Frameworks (Demo)/input_P_prodId"), "pfr7035"): Text 'pfr7035' is set on object 'Object Repository/TS2_POS_AccountSale_DBC/New_Interface/Page_Frameworks (Demo)/input_P_prodId'

15-09-2024T13:41:58 - [MESSAGE][PASSED] - Text 'pfr7035' is set on object 'Object Repository/TS2_POS_AccountSale_DBC/New_Interface/Page_Frameworks (Demo)/input_P_prodId'

15-09-2024T13:41:58 - [TEST_STEP][PASSED] - click(findTestObject("Object Repository/TS2_POS_AccountSale_DBC/New_Interface/Page_Frameworks (Demo)/input_Quantity_quantityOrdered")): Object: 'Object Repository/TS2_POS_AccountSale_DBC/New_Interface/Page_Frameworks (Demo)/input_Quantity_quantityOrdered' is clicked on

15-09-2024T13:41:58 - [MESSAGE][PASSED] - Object: 'Object Repository/TS2_POS_AccountSale_DBC/New_Interface/Page_Frameworks (Demo)/input_Quantity_quantityOrdered' is clicked on

15-09-2024T13:41:58 - [TEST_STEP][PASSED] - click(findTestObject("Object Repository/TS2_POS_AccountSale_DBC/New_Interface/Page_Frameworks (Demo)/td_Tally Maintenance")): Object: 'Object Repository/TS2_POS_AccountSale_DBC/New_Interface/Page_Frameworks (Demo)/td_Tally Maintenance' is clicked on

15-09-2024T13:42:01 - [MESSAGE][PASSED] - Object: 'Object Repository/TS2_POS_AccountSale_DBC/New_Interface/Page_Frameworks (Demo)/td_Tally Maintenance' is clicked on

15-09-2024T13:42:01 - [TEST_STEP][PASSED] - click(findTestObject("Object Repository/TS2_POS_AccountSale_DBC/New_Interface/Page_Frameworks (Demo)/div_Quantity_Col")): Object: 'Object Repository/TS2_POS_AccountSale_DBC/New_Interface/Page_Frameworks (Demo)/div_Quantity_Col' is clicked on

15-09-2024T13:42:02 - [MESSAGE][PASSED] - Object: 'Object Repository/TS2_POS_AccountSale_DBC/New_Interface/Page_Frameworks (Demo)/div_Quantity_Col' is clicked on

15-09-2024T13:42:02 - [TEST_STEP][PASSED] - sendKeys(findTestObject("Object Repository/TS2_POS_AccountSale_DBC/New_Interface/Page_Frameworks (Demo)/input_LM_tallyQuantity"), "1"): Keys '1' sent to object: 'Object Repository/TS2_POS_AccountSale_DBC/New_Interface/Page_Frameworks (Demo)/input_LM_tallyQuantity'

15-09-2024T13:42:02 - [MESSAGE][PASSED] - Keys '1' sent to object: 'Object Repository/TS2_POS_AccountSale_DBC/New_Interface/Page_Frameworks (Demo)/input_LM_tallyQuantity'

15-09-2024T13:42:02 - [TEST_STEP][PASSED] - click(findTestObject("Object Repository/TS2_POS_AccountSale_DBC/New_Interface/Page_Frameworks (Demo)/div_Length_Col")): Object: 'Object Repository/TS2_POS_AccountSale_DBC/New_Interface/Page_Frameworks (Demo)/div_Length_Col' is clicked on

15-09-2024T13:42:03 - [MESSAGE][PASSED] - Object: 'Object Repository/TS2_POS_AccountSale_DBC/New_Interface/Page_Frameworks (Demo)/div_Length_Col' is clicked on

15-09-2024T13:42:03 - [TEST_STEP][PASSED] - sendKeys(findTestObject("Object Repository/TS2_POS_AccountSale_DBC/New_Interface/Page_Frameworks (Demo)/input_LM_tallyLength"), "3"): Keys '3' sent to object: 'Object Repository/TS2_POS_AccountSale_DBC/New_Interface/Page_Frameworks (Demo)/input_LM_tallyLength'

15-09-2024T13:42:04 - [MESSAGE][PASSED] - Keys '3' sent to object: 'Object Repository/TS2_POS_AccountSale_DBC/New_Interface/Page_Frameworks (Demo)/input_LM_tallyLength'

15-09-2024T13:42:04 - [TEST_STEP][PASSED] - click(findTestObject("Object Repository/TS2_POS_AccountSale_DBC/New_Interface/Page_Frameworks (Demo)/td_Add")): Object: 'Object Repository/TS2_POS_AccountSale_DBC/New_Interface/Page_Frameworks (Demo)/td_Add' is clicked on

15-09-2024T13:42:05 - [MESSAGE][PASSED] - Object: 'Object Repository/TS2_POS_AccountSale_DBC/New_Interface/Page_Frameworks (Demo)/td_Add' is clicked on

15-09-2024T13:42:05 - [TEST_STEP][PASSED] - sendKeys(findTestObject("Object Repository/TS2_POS_AccountSale_DBC/New_Interface/Page_Frameworks (Demo)/input_LM_tallyQuantity_1_2"), "1"): Keys '1' sent to object: 'Object Repository/TS2_POS_AccountSale_DBC/New_Interface/Page_Frameworks (Demo)/input_LM_tallyQuantity_1_2'

15-09-2024T13:42:06 - [MESSAGE][PASSED] - Keys '1' sent to object: 'Object Repository/TS2_POS_AccountSale_DBC/New_Interface/Page_Frameworks (Demo)/input_LM_tallyQuantity_1_2'

15-09-2024T13:42:06 - [TEST_STEP][PASSED] - click(findTestObject("Object Repository/TS2_POS_AccountSale_DBC/New_Interface/Page_Frameworks (Demo)/div_Length_Col_Row2")): Object: 'Object Repository/TS2_POS_AccountSale_DBC/New_Interface/Page_Frameworks (Demo)/div_Length_Col_Row2' is clicked on

15-09-2024T13:42:07 - [MESSAGE][PASSED] - Object: 'Object Repository/TS2_POS_AccountSale_DBC/New_Interface/Page_Frameworks (Demo)/div_Length_Col_Row2' is clicked on

15-09-2024T13:42:07 - [TEST_STEP][PASSED] - sendKeys(findTestObject("Object Repository/TS2_POS_AccountSale_DBC/New_Interface/Page_Frameworks (Demo)/input_LM_tallyLength_1_2"), "2"): Keys '2' sent to object: 'Object Repository/TS2_POS_AccountSale_DBC/New_Interface/Page_Frameworks (Demo)/input_LM_tallyLength_1_2'

15-09-2024T13:42:08 - [MESSAGE][PASSED] - Keys '2' sent to object: 'Object Repository/TS2_POS_AccountSale_DBC/New_Interface/Page_Frameworks (Demo)/input_LM_tallyLength_1_2'

15-09-2024T13:42:08 - [TEST_STEP][PASSED] - delay(2): Delayed 2 second(s)

15-09-2024T13:42:10 - [MESSAGE][PASSED] - Delayed 2 second(s)

15-09-2024T13:42:10 - [TEST_STEP][PASSED] - takeFullPageScreenshot(): Taking screenshot successfully

15-09-2024T13:42:11 - [MESSAGE][INFO] - 0 hidden object(s)

15-09-2024T13:42:11 - [MESSAGE][PASSED] - Taking screenshot successfully
[[ATTACHMENT|C:\\Users\\User\\git\\frameworks-regression-test-automation\\Reports\\20240915_134001\\DBC_Instance\\PointofSale_Module\\New_Interface\\TS1_and_TS2\\20240915_134001\\1726371730231.png]]

15-09-2024T13:42:11 - [TEST_STEP][PASSED] - click(findTestObject("Object Repository/TS2_POS_AccountSale_DBC/New_Interface/Page_Frameworks (Demo)/td_SaveClose (S)")): Object: 'Object Repository/TS2_POS_AccountSale_DBC/New_Interface/Page_Frameworks (Demo)/td_SaveClose (S)' is clicked on

15-09-2024T13:42:11 - [MESSAGE][PASSED] - Object: 'Object Repository/TS2_POS_AccountSale_DBC/New_Interface/Page_Frameworks (Demo)/td_SaveClose (S)' is clicked on

15-09-2024T13:42:11 - [TEST_STEP][PASSED] - click(findTestObject("Object Repository/TS2_POS_AccountSale_DBC/New_Interface/Page_Frameworks (Demo)/img_add")): Object: 'Object Repository/TS2_POS_AccountSale_DBC/New_Interface/Page_Frameworks (Demo)/img_add' is clicked on

15-09-2024T13:42:14 - [MESSAGE][PASSED] - Object: 'Object Repository/TS2_POS_AccountSale_DBC/New_Interface/Page_Frameworks (Demo)/img_add' is clicked on

15-09-2024T13:42:14 - [TEST_STEP][PASSED] - click(findTestObject("Object Repository/TS2_POS_AccountSale_DBC/New_Interface/Page_Frameworks (Demo)/div_ACCOUNT (A)")): Object: 'Object Repository/TS2_POS_AccountSale_DBC/New_Interface/Page_Frameworks (Demo)/div_ACCOUNT (A)' is clicked on

15-09-2024T13:42:16 - [MESSAGE][PASSED] - Object: 'Object Repository/TS2_POS_AccountSale_DBC/New_Interface/Page_Frameworks (Demo)/div_ACCOUNT (A)' is clicked on

15-09-2024T13:42:16 - [TEST_STEP][PASSED] - sourceFile = new java.io.FileInputStream(ExcelFile): null

15-09-2024T13:42:16 - [TEST_STEP][PASSED] - workbook = new org.apache.poi.xssf.usermodel.XSSFWorkbook(sourceFile): null

15-09-2024T13:42:17 - [TEST_STEP][PASSED] - sheet = workbook.getSheet("Sheet1"): null

15-09-2024T13:42:17 - [TEST_STEP][PASSED] - row = sheet.getRow(0): null

15-09-2024T13:42:17 - [TEST_STEP][PASSED] - cell = row.getCell(1): null

15-09-2024T13:42:17 - [TEST_STEP][PASSED] - row = sheet.createRow(1): null

15-09-2024T13:42:17 - [TEST_STEP][PASSED] - cell = row.createCell(0): null

15-09-2024T13:42:17 - [TEST_STEP][PASSED] - cell.setCellValue("Invoice Number"): null

15-09-2024T13:42:17 - [TEST_STEP][PASSED] - cell = row.createCell(1): null

15-09-2024T13:42:17 - [TEST_STEP][PASSED] - cell.setCellValue(invoiceNum): null

15-09-2024T13:42:17 - [TEST_STEP][PASSED] - fos = new java.io.FileOutputStream(ExcelFile): null

15-09-2024T13:42:17 - [TEST_STEP][PASSED] - workbook.write(fos): null

15-09-2024T13:42:17 - [TEST_STEP][PASSED] - fos.close(): null

15-09-2024T13:42:17 - [TEST_STEP][PASSED] - sourceFile.close(): null

15-09-2024T13:42:17 - [TEST_STEP][PASSED] - click(findTestObject("Object Repository/TS2_POS_AccountSale_DBC/New_Interface/Page_Frameworks (Demo)/img_AccountDropdown")): Object: 'Object Repository/TS2_POS_AccountSale_DBC/New_Interface/Page_Frameworks (Demo)/img_AccountDropdown' is clicked on

15-09-2024T13:42:22 - [MESSAGE][PASSED] - Object: 'Object Repository/TS2_POS_AccountSale_DBC/New_Interface/Page_Frameworks (Demo)/img_AccountDropdown' is clicked on

15-09-2024T13:42:22 - [TEST_STEP][PASSED] - click(findTestObject("Object Repository/TS2_POS_AccountSale_DBC/New_Interface/Page_Frameworks (Demo)/div_Logout")): Object: 'Object Repository/TS2_POS_AccountSale_DBC/New_Interface/Page_Frameworks (Demo)/div_Logout' is clicked on

15-09-2024T13:42:23 - [MESSAGE][PASSED] - Object: 'Object Repository/TS2_POS_AccountSale_DBC/New_Interface/Page_Frameworks (Demo)/div_Logout' is clicked on]]></system-out>
         <system-err><![CDATA[]]></system-err>
      </testcase>
      <testcase name="Test Cases/DBC_Instance/PointofSale_Module/TS2_POS_AccountSale/POS_AccountSale_Validate - New" time="29.12" classname="Test Cases/DBC_Instance/PointofSale_Module/TS2_POS_AccountSale/POS_AccountSale_Validate - New" status="PASSED">
         <system-out><![CDATA[15-09-2024T13:42:23 - [TEST_CASE][PASSED] - Test Cases/DBC_Instance/PointofSale_Module/TS2_POS_AccountSale/POS_AccountSale_Validate - New: Test Cases/DBC_Instance/PointofSale_Module/TS2_POS_AccountSale/POS_AccountSale_Validate - New

15-09-2024T13:42:23 - [TEST_STEP][PASSED] - sourceFile = new java.io.FileInputStream(ExcelFile): null

15-09-2024T13:42:23 - [TEST_STEP][PASSED] - workbook = new org.apache.poi.xssf.usermodel.XSSFWorkbook(sourceFile): null

15-09-2024T13:42:23 - [TEST_STEP][PASSED] - sheet = workbook.getSheet("Sheet1"): null

15-09-2024T13:42:23 - [TEST_STEP][PASSED] - row = sheet.getRow(1): null

15-09-2024T13:42:23 - [TEST_STEP][PASSED] - cell = row.getCell(1): null

15-09-2024T13:42:23 - [TEST_STEP][PASSED] - invoiceNum = cell.getStringCellValue(): null

15-09-2024T13:42:23 - [TEST_STEP][PASSED] - println(invoiceNum): null

15-09-2024T13:42:23 - [TEST_STEP][PASSED] - sourceFile.close(): null

15-09-2024T13:42:23 - [TEST_STEP][PASSED] - openBrowser(""): Browser is opened with url: ''

15-09-2024T13:42:23 - [MESSAGE][WARNING] - A browser is already opened. Closing browser and opening a new one

15-09-2024T13:42:24 - [MESSAGE][INFO] - Starting 'Chrome' driver

15-09-2024T13:42:24 - [MESSAGE][INFO] - Action delay is set to 0 milliseconds

15-09-2024T13:42:25 - [MESSAGE][PASSED] - Browser is opened with url: ''

15-09-2024T13:42:25 - [TEST_STEP][PASSED] - maximizeWindow(): Current window maximized

15-09-2024T13:42:25 - [MESSAGE][PASSED] - Current window maximized

15-09-2024T13:42:25 - [TEST_STEP][PASSED] - navigateToUrl("http://frameworks.dahlsens.com.au:8080/FWDemo/Fluid.html#homeDashboard,dash,Frameworks.Activity.Menu.HomeDashBoard"): Navigate to 'http://frameworks.dahlsens.com.au:8080/FWDemo/Fluid.html#homeDashboard,dash,Frameworks.Activity.Menu.HomeDashBoard' successfully

15-09-2024T13:42:30 - [MESSAGE][PASSED] - Navigate to 'http://frameworks.dahlsens.com.au:8080/FWDemo/Fluid.html#homeDashboard,dash,Frameworks.Activity.Menu.HomeDashBoard' successfully

15-09-2024T13:42:30 - [TEST_STEP][PASSED] - setText(findTestObject("Object Repository/TS2_POS_AccountSale_DBC/New_Interface/Page_Frameworks (Demo)/input_User ID_userid"), userName): Text 'manaki' is set on object 'Object Repository/TS2_POS_AccountSale_DBC/New_Interface/Page_Frameworks (Demo)/input_User ID_userid'

15-09-2024T13:42:32 - [MESSAGE][PASSED] - Text 'manaki' is set on object 'Object Repository/TS2_POS_AccountSale_DBC/New_Interface/Page_Frameworks (Demo)/input_User ID_userid'

15-09-2024T13:42:32 - [TEST_STEP][PASSED] - setEncryptedText(findTestObject("Object Repository/TS2_POS_AccountSale_DBC/New_Interface/Page_Frameworks (Demo)/input_Password_password"), "FHoXGFMjtD0="): Text ****** has been set on object 'Object Repository/TS2_POS_AccountSale_DBC/New_Interface/Page_Frameworks (Demo)/input_Password_password'

15-09-2024T13:42:33 - [MESSAGE][PASSED] - Text ****** has been set on object 'Object Repository/TS2_POS_AccountSale_DBC/New_Interface/Page_Frameworks (Demo)/input_Password_password'

15-09-2024T13:42:33 - [TEST_STEP][PASSED] - click(findTestObject("Object Repository/TS2_POS_AccountSale_DBC/New_Interface/Page_Frameworks (Demo)/div_Login")): Object: 'Object Repository/TS2_POS_AccountSale_DBC/New_Interface/Page_Frameworks (Demo)/div_Login' is clicked on

15-09-2024T13:42:33 - [MESSAGE][PASSED] - Object: 'Object Repository/TS2_POS_AccountSale_DBC/New_Interface/Page_Frameworks (Demo)/div_Login' is clicked on

15-09-2024T13:42:33 - [TEST_STEP][PASSED] - click(findTestObject("Object Repository/TS2_POS_AccountSale_DBC/New_Interface/Page_Frameworks (Demo)/img_CustomerDashboard")): Object: 'Object Repository/TS2_POS_AccountSale_DBC/New_Interface/Page_Frameworks (Demo)/img_CustomerDashboard' is clicked on

15-09-2024T13:42:39 - [MESSAGE][PASSED] - Object: 'Object Repository/TS2_POS_AccountSale_DBC/New_Interface/Page_Frameworks (Demo)/img_CustomerDashboard' is clicked on

15-09-2024T13:42:39 - [TEST_STEP][PASSED] - setText(findTestObject("Object Repository/TS2_POS_AccountSale_DBC/New_Interface/Page_Frameworks (Demo)/input_Customer No_CustId"), "3379"): Text '3379' is set on object 'Object Repository/TS2_POS_AccountSale_DBC/New_Interface/Page_Frameworks (Demo)/input_Customer No_CustId'

15-09-2024T13:42:41 - [MESSAGE][PASSED] - Text '3379' is set on object 'Object Repository/TS2_POS_AccountSale_DBC/New_Interface/Page_Frameworks (Demo)/input_Customer No_CustId'

15-09-2024T13:42:41 - [TEST_STEP][PASSED] - click(findTestObject("Object Repository/TS2_POS_AccountSale_DBC/New_Interface/Page_Frameworks (Demo)/td_Find")): Object: 'Object Repository/TS2_POS_AccountSale_DBC/New_Interface/Page_Frameworks (Demo)/td_Find' is clicked on

15-09-2024T13:42:42 - [MESSAGE][PASSED] - Object: 'Object Repository/TS2_POS_AccountSale_DBC/New_Interface/Page_Frameworks (Demo)/td_Find' is clicked on

15-09-2024T13:42:42 - [TEST_STEP][PASSED] - click(findTestObject("Object Repository/TS2_POS_AccountSale_DBC/New_Interface/Page_Frameworks (Demo)/div_Invoices, Orders, Quotes, Projects  Jobs")): Object: 'Object Repository/TS2_POS_AccountSale_DBC/New_Interface/Page_Frameworks (Demo)/div_Invoices, Orders, Quotes, Projects  Jobs' is clicked on

15-09-2024T13:42:46 - [MESSAGE][PASSED] - Object: 'Object Repository/TS2_POS_AccountSale_DBC/New_Interface/Page_Frameworks (Demo)/div_Invoices, Orders, Quotes, Projects  Jobs' is clicked on

15-09-2024T13:42:46 - [TEST_STEP][PASSED] - delay(2): Delayed 2 second(s)

15-09-2024T13:42:48 - [MESSAGE][PASSED] - Delayed 2 second(s)

15-09-2024T13:42:48 - [TEST_STEP][PASSED] - takeFullPageScreenshot(): Taking screenshot successfully

15-09-2024T13:42:49 - [MESSAGE][INFO] - 0 hidden object(s)

15-09-2024T13:42:49 - [MESSAGE][PASSED] - Taking screenshot successfully
[[ATTACHMENT|C:\\Users\\User\\git\\frameworks-regression-test-automation\\Reports\\20240915_134001\\DBC_Instance\\PointofSale_Module\\New_Interface\\TS1_and_TS2\\20240915_134001\\1726371768412.png]]

15-09-2024T13:42:49 - [TEST_STEP][PASSED] - verifyTextPresent(invoiceNum, false): Text '20217590' is present on page 

15-09-2024T13:42:51 - [MESSAGE][PASSED] - Text '20217590' is present on page 

15-09-2024T13:42:51 - [TEST_STEP][PASSED] - click(findTestObject("Object Repository/TS2_POS_AccountSale_DBC/New_Interface/Page_Frameworks (Demo)/img_AccountDropdown")): Object: 'Object Repository/TS2_POS_AccountSale_DBC/New_Interface/Page_Frameworks (Demo)/img_AccountDropdown' is clicked on

15-09-2024T13:42:51 - [MESSAGE][PASSED] - Object: 'Object Repository/TS2_POS_AccountSale_DBC/New_Interface/Page_Frameworks (Demo)/img_AccountDropdown' is clicked on

15-09-2024T13:42:51 - [TEST_STEP][PASSED] - click(findTestObject("Object Repository/TS2_POS_AccountSale_DBC/New_Interface/Page_Frameworks (Demo)/div_Logout")): Object: 'Object Repository/TS2_POS_AccountSale_DBC/New_Interface/Page_Frameworks (Demo)/div_Logout' is clicked on

15-09-2024T13:42:52 - [MESSAGE][PASSED] - Object: 'Object Repository/TS2_POS_AccountSale_DBC/New_Interface/Page_Frameworks (Demo)/div_Logout' is clicked on]]></system-out>
         <system-err><![CDATA[]]></system-err>
      </testcase>
      <system-out><![CDATA[15-09-2024T13:40:15 - [TEST_SUITE][PASSED] - TS1_and_TS2: Test Cases/DBC_Instance/PointofSale_Module/TS2_POS_AccountSale/POS_AccountSale_Validate - New]]></system-out>
      <system-err><![CDATA[]]></system-err>
   </testsuite>
</testsuites>
