<?xml version="1.0" encoding="UTF-8"?>
<testsuites name="TS9_POS_Suspend_Resume_Sale" time="64.722" tests="2" failures="0" errors="0">
   <testsuite name="TS9_POS_Suspend_Resume_Sale" tests="2" failures="0" errors="0" time="64.722" skipped="0" timestamp="07-10-2024T22:51:05" hostname="User - ROG" id="Test Suites/DBC_Instance/PointofSale_Module/New_Interface/TS9_POS_Suspend_Resume_Sale">
      <properties>
         <property name="deviceName" value=""/>
         <property name="devicePlatform"/>
         <property name="logFolder" value="C:\\Users\\User\\git\\frameworks-regression-test-automation\\Reports\\20241007_225059\\DBC_Instance\\PointofSale_Module\\New_Interface\\TS9_POS_Suspend_Resume_Sale\\20241007_225059"/>
         <property name="logFiles" value="C:\\Users\\User\\git\\frameworks-regression-test-automation\\Reports\\20241007_225059\\DBC_Instance\\PointofSale_Module\\New_Interface\\TS9_POS_Suspend_Resume_Sale\\20241007_225059\\execution0.log"/>
         <property name="attachments" value="C:\\Users\\User\\git\\frameworks-regression-test-automation\\Reports\\20241007_225059\\DBC_Instance\\PointofSale_Module\\New_Interface\\TS9_POS_Suspend_Resume_Sale\\20241007_225059\\1728301886767.png, C:\\Users\\User\\git\\frameworks-regression-test-automation\\Reports\\20241007_225059\\DBC_Instance\\PointofSale_Module\\New_Interface\\TS9_POS_Suspend_Resume_Sale\\20241007_225059\\1728301889869.png, C:\\Users\\User\\git\\frameworks-regression-test-automation\\Reports\\20241007_225059\\DBC_Instance\\PointofSale_Module\\New_Interface\\TS9_POS_Suspend_Resume_Sale\\20241007_225059\\1728301904775.png, C:\\Users\\User\\git\\frameworks-regression-test-automation\\Reports\\20241007_225059\\DBC_Instance\\PointofSale_Module\\New_Interface\\TS9_POS_Suspend_Resume_Sale\\20241007_225059\\1728301912636.png, C:\\Users\\User\\git\\frameworks-regression-test-automation\\Reports\\20241007_225059\\DBC_Instance\\PointofSale_Module\\New_Interface\\TS9_POS_Suspend_Resume_Sale\\20241007_225059\\1728301915483.png, C:\\Users\\User\\git\\frameworks-regression-test-automation\\Reports\\20241007_225059\\DBC_Instance\\PointofSale_Module\\New_Interface\\TS9_POS_Suspend_Resume_Sale\\20241007_225059\\1728301918589.png, C:\\Users\\User\\git\\frameworks-regression-test-automation\\Reports\\20241007_225059\\DBC_Instance\\PointofSale_Module\\New_Interface\\TS9_POS_Suspend_Resume_Sale\\20241007_225059\\1728301923417.png, C:\\Users\\User\\git\\frameworks-regression-test-automation\\Reports\\20241007_225059\\DBC_Instance\\PointofSale_Module\\New_Interface\\TS9_POS_Suspend_Resume_Sale\\20241007_225059\\1728301926255.png, C:\\Users\\User\\git\\frameworks-regression-test-automation\\Reports\\20241007_225059\\DBC_Instance\\PointofSale_Module\\New_Interface\\TS9_POS_Suspend_Resume_Sale\\20241007_225059\\1728301929253.png"/>
         <property name="hostName" value="User - ROG"/>
         <property name="os" value="Windows 11 64bit"/>
         <property name="katalonVersion" value="9.5.0.217"/>
         <property name="browser" value="Chrome 129.0.0.0"/>
         <property name="hostAddress" value="10.192.251.1"/>
         <property name="sessionId" value="d71d3adb75789df749bab54370867ae1"/>
         <property name="seleniumVersion" value="3.141.59"/>
         <property name="proxyInformation" value="ProxyInformation { proxyOption=NO_PROXY, proxyServerType=HTTP, username=, password=********, proxyServerAddress=, proxyServerPort=0, executionList=&quot;&quot;, isApplyToDesiredCapabilities=true }"/>
         <property name="platform" value="Windows 11"/>
      </properties>
      <testcase name="Test Cases/DBC_Instance/PointofSale_Module/TS9_POS_SuspendResume_Sale/POS_Suspend_Sale" time="25.977" classname="Test Cases/DBC_Instance/PointofSale_Module/TS9_POS_SuspendResume_Sale/POS_Suspend_Sale" status="PASSED">
         <system-out><![CDATA[07-10-2024T22:51:06 - [TEST_CASE][PASSED] - Test Cases/DBC_Instance/PointofSale_Module/TS9_POS_SuspendResume_Sale/POS_Suspend_Sale: Test Cases/DBC_Instance/PointofSale_Module/TS9_POS_SuspendResume_Sale/POS_Suspend_Sale

07-10-2024T22:51:06 - [TEST_STEP][PASSED] - openBrowser(""): Browser is opened with url: ''

07-10-2024T22:51:06 - [MESSAGE][INFO] - Starting 'Chrome' driver

07-10-2024T22:51:06 - [MESSAGE][INFO] - Action delay is set to 0 milliseconds

07-10-2024T22:51:08 - [MESSAGE][PASSED] - Browser is opened with url: ''

07-10-2024T22:51:08 - [TEST_STEP][PASSED] - maximizeWindow(): Current window maximized

07-10-2024T22:51:08 - [MESSAGE][PASSED] - Current window maximized

07-10-2024T22:51:08 - [TEST_STEP][PASSED] - navigateToUrl("http://frameworks.dahlsens.com.au:8080/FWDemo/Fluid.html#homeDashboard,dash,Frameworks.Activity.Menu.HomeDashBoard"): Navigate to 'http://frameworks.dahlsens.com.au:8080/FWDemo/Fluid.html#homeDashboard,dash,Frameworks.Activity.Menu.HomeDashBoard' successfully

07-10-2024T22:51:11 - [MESSAGE][PASSED] - Navigate to 'http://frameworks.dahlsens.com.au:8080/FWDemo/Fluid.html#homeDashboard,dash,Frameworks.Activity.Menu.HomeDashBoard' successfully

07-10-2024T22:51:11 - [TEST_STEP][PASSED] - setText(findTestObject("Object Repository/TS9_POS_Suspend_Resume_Sale_DBC/Page_Frameworks (Demo)/input_User ID_userid"), userName): Text 'manaki' is set on object 'Object Repository/TS9_POS_Suspend_Resume_Sale_DBC/Page_Frameworks (Demo)/input_User ID_userid'

07-10-2024T22:51:13 - [MESSAGE][PASSED] - Text 'manaki' is set on object 'Object Repository/TS9_POS_Suspend_Resume_Sale_DBC/Page_Frameworks (Demo)/input_User ID_userid'

07-10-2024T22:51:13 - [TEST_STEP][PASSED] - setEncryptedText(findTestObject("Object Repository/TS9_POS_Suspend_Resume_Sale_DBC/Page_Frameworks (Demo)/input_Password_password"), "FHoXGFMjtD0="): Text ****** has been set on object 'Object Repository/TS9_POS_Suspend_Resume_Sale_DBC/Page_Frameworks (Demo)/input_Password_password'

07-10-2024T22:51:13 - [MESSAGE][PASSED] - Text ****** has been set on object 'Object Repository/TS9_POS_Suspend_Resume_Sale_DBC/Page_Frameworks (Demo)/input_Password_password'

07-10-2024T22:51:13 - [TEST_STEP][PASSED] - click(findTestObject("Object Repository/TS9_POS_Suspend_Resume_Sale_DBC/Page_Frameworks (Demo)/div_Login")): Object: 'Object Repository/TS9_POS_Suspend_Resume_Sale_DBC/Page_Frameworks (Demo)/div_Login' is clicked on

07-10-2024T22:51:14 - [MESSAGE][PASSED] - Object: 'Object Repository/TS9_POS_Suspend_Resume_Sale_DBC/Page_Frameworks (Demo)/div_Login' is clicked on

07-10-2024T22:51:14 - [TEST_STEP][PASSED] - click(findTestObject("Object Repository/TS9_POS_Suspend_Resume_Sale_DBC/Page_Frameworks (Demo)/img_MenuIcon")): Object: 'Object Repository/TS9_POS_Suspend_Resume_Sale_DBC/Page_Frameworks (Demo)/img_MenuIcon' is clicked on

07-10-2024T22:51:18 - [MESSAGE][PASSED] - Object: 'Object Repository/TS9_POS_Suspend_Resume_Sale_DBC/Page_Frameworks (Demo)/img_MenuIcon' is clicked on

07-10-2024T22:51:18 - [TEST_STEP][PASSED] - click(findTestObject("Object Repository/TS9_POS_Suspend_Resume_Sale_DBC/Page_Frameworks (Demo)/b_Transaction Processing")): Object: 'Object Repository/TS9_POS_Suspend_Resume_Sale_DBC/Page_Frameworks (Demo)/b_Transaction Processing' is clicked on

07-10-2024T22:51:19 - [MESSAGE][PASSED] - Object: 'Object Repository/TS9_POS_Suspend_Resume_Sale_DBC/Page_Frameworks (Demo)/b_Transaction Processing' is clicked on

07-10-2024T22:51:19 - [TEST_STEP][PASSED] - click(findTestObject("Object Repository/TS9_POS_Suspend_Resume_Sale_DBC/Page_Frameworks (Demo)/td_Point Of Sale")): Object: 'Object Repository/TS9_POS_Suspend_Resume_Sale_DBC/Page_Frameworks (Demo)/td_Point Of Sale' is clicked on

07-10-2024T22:51:19 - [MESSAGE][PASSED] - Object: 'Object Repository/TS9_POS_Suspend_Resume_Sale_DBC/Page_Frameworks (Demo)/td_Point Of Sale' is clicked on

07-10-2024T22:51:19 - [TEST_STEP][PASSED] - invoiceNum = getText(findTestObject("Object Repository/TS9_POS_Suspend_Resume_Sale_DBC/Page_Frameworks (Demo)/div_invoiceNum")): Text of object 'Object Repository/TS9_POS_Suspend_Resume_Sale_DBC/Page_Frameworks (Demo)/div_invoiceNum' is: '20258410'

07-10-2024T22:51:22 - [MESSAGE][PASSED] - Text of object 'Object Repository/TS9_POS_Suspend_Resume_Sale_DBC/Page_Frameworks (Demo)/div_invoiceNum' is: '20258410'

07-10-2024T22:51:22 - [TEST_STEP][PASSED] - setText(findTestObject("Object Repository/TS9_POS_Suspend_Resume_Sale_DBC/Page_Frameworks (Demo)/input_P_prodId"), "LM20"): Text 'LM20' is set on object 'Object Repository/TS9_POS_Suspend_Resume_Sale_DBC/Page_Frameworks (Demo)/input_P_prodId'

07-10-2024T22:51:23 - [MESSAGE][PASSED] - Text 'LM20' is set on object 'Object Repository/TS9_POS_Suspend_Resume_Sale_DBC/Page_Frameworks (Demo)/input_P_prodId'

07-10-2024T22:51:23 - [TEST_STEP][PASSED] - click(findTestObject("Object Repository/TS9_POS_Suspend_Resume_Sale_DBC/Page_Frameworks (Demo)/input_Quantity_quantityOrdered")): Object: 'Object Repository/TS9_POS_Suspend_Resume_Sale_DBC/Page_Frameworks (Demo)/input_Quantity_quantityOrdered' is clicked on

07-10-2024T22:51:23 - [MESSAGE][PASSED] - Object: 'Object Repository/TS9_POS_Suspend_Resume_Sale_DBC/Page_Frameworks (Demo)/input_Quantity_quantityOrdered' is clicked on

07-10-2024T22:51:23 - [TEST_STEP][PASSED] - click(findTestObject("Object Repository/TS9_POS_Suspend_Resume_Sale_DBC/Page_Frameworks (Demo)/img_add")): Object: 'Object Repository/TS9_POS_Suspend_Resume_Sale_DBC/Page_Frameworks (Demo)/img_add' is clicked on

07-10-2024T22:51:24 - [MESSAGE][PASSED] - Object: 'Object Repository/TS9_POS_Suspend_Resume_Sale_DBC/Page_Frameworks (Demo)/img_add' is clicked on

07-10-2024T22:51:24 - [TEST_STEP][PASSED] - delay(2): Delayed 2 second(s)

07-10-2024T22:51:26 - [MESSAGE][PASSED] - Delayed 2 second(s)

07-10-2024T22:51:26 - [TEST_STEP][PASSED] - takeFullPageScreenshot(): Taking screenshot successfully

07-10-2024T22:51:27 - [MESSAGE][INFO] - 0 hidden object(s)

07-10-2024T22:51:27 - [MESSAGE][PASSED] - Taking screenshot successfully
[[ATTACHMENT|C:\\Users\\User\\git\\frameworks-regression-test-automation\\Reports\\20241007_225059\\DBC_Instance\\PointofSale_Module\\New_Interface\\TS9_POS_Suspend_Resume_Sale\\20241007_225059\\1728301886767.png]]

07-10-2024T22:51:27 - [TEST_STEP][PASSED] - click(findTestObject("Object Repository/TS9_POS_Suspend_Resume_Sale_CHC/Page_Frameworks (Demo)/div_SuspendSale")): Object: 'Object Repository/TS9_POS_Suspend_Resume_Sale_CHC/Page_Frameworks (Demo)/div_SuspendSale' is clicked on

07-10-2024T22:51:27 - [MESSAGE][PASSED] - Object: 'Object Repository/TS9_POS_Suspend_Resume_Sale_CHC/Page_Frameworks (Demo)/div_SuspendSale' is clicked on

07-10-2024T22:51:27 - [TEST_STEP][PASSED] - delay(2): Delayed 2 second(s)

07-10-2024T22:51:29 - [MESSAGE][PASSED] - Delayed 2 second(s)

07-10-2024T22:51:29 - [TEST_STEP][PASSED] - takeFullPageScreenshot(): Taking screenshot successfully

07-10-2024T22:51:30 - [MESSAGE][INFO] - 0 hidden object(s)

07-10-2024T22:51:30 - [MESSAGE][PASSED] - Taking screenshot successfully
[[ATTACHMENT|C:\\Users\\User\\git\\frameworks-regression-test-automation\\Reports\\20241007_225059\\DBC_Instance\\PointofSale_Module\\New_Interface\\TS9_POS_Suspend_Resume_Sale\\20241007_225059\\1728301889869.png]]

07-10-2024T22:51:30 - [TEST_STEP][PASSED] - sourceFile = new java.io.FileInputStream(ExcelFile): null

07-10-2024T22:51:30 - [TEST_STEP][PASSED] - workbook = new org.apache.poi.xssf.usermodel.XSSFWorkbook(sourceFile): null

07-10-2024T22:51:30 - [TEST_STEP][PASSED] - sheet = workbook.getSheet("Sheet1"): null

07-10-2024T22:51:30 - [TEST_STEP][PASSED] - row = sheet.getRow(0): null

07-10-2024T22:51:30 - [TEST_STEP][PASSED] - cell = row.getCell(1): null

07-10-2024T22:51:30 - [TEST_STEP][PASSED] - row = sheet.createRow(1): null

07-10-2024T22:51:30 - [TEST_STEP][PASSED] - cell = row.createCell(0): null

07-10-2024T22:51:30 - [TEST_STEP][PASSED] - cell.setCellValue("Invoice Number"): null

07-10-2024T22:51:31 - [TEST_STEP][PASSED] - cell = row.createCell(1): null

07-10-2024T22:51:31 - [TEST_STEP][PASSED] - cell.setCellValue(invoiceNum): null

07-10-2024T22:51:31 - [TEST_STEP][PASSED] - fos = new java.io.FileOutputStream(ExcelFile): null

07-10-2024T22:51:31 - [TEST_STEP][PASSED] - workbook.write(fos): null

07-10-2024T22:51:31 - [TEST_STEP][PASSED] - fos.close(): null

07-10-2024T22:51:31 - [TEST_STEP][PASSED] - sourceFile.close(): null

07-10-2024T22:51:31 - [TEST_STEP][PASSED] - click(findTestObject("Object Repository/TS9_POS_Suspend_Resume_Sale_DBC/Page_Frameworks (Demo)/img_AccountDropdown")): Object: 'Object Repository/TS9_POS_Suspend_Resume_Sale_DBC/Page_Frameworks (Demo)/img_AccountDropdown' is clicked on

07-10-2024T22:51:31 - [MESSAGE][PASSED] - Object: 'Object Repository/TS9_POS_Suspend_Resume_Sale_DBC/Page_Frameworks (Demo)/img_AccountDropdown' is clicked on

07-10-2024T22:51:31 - [TEST_STEP][PASSED] - click(findTestObject("Object Repository/TS9_POS_Suspend_Resume_Sale_DBC/Page_Frameworks (Demo)/div_Logout")): Object: 'Object Repository/TS9_POS_Suspend_Resume_Sale_DBC/Page_Frameworks (Demo)/div_Logout' is clicked on

07-10-2024T22:51:31 - [MESSAGE][PASSED] - Object: 'Object Repository/TS9_POS_Suspend_Resume_Sale_DBC/Page_Frameworks (Demo)/div_Logout' is clicked on]]></system-out>
         <system-err><![CDATA[]]></system-err>
      </testcase>
      <testcase name="Test Cases/DBC_Instance/PointofSale_Module/TS9_POS_SuspendResume_Sale/POS_Resume_Sale" time="38.586" classname="Test Cases/DBC_Instance/PointofSale_Module/TS9_POS_SuspendResume_Sale/POS_Resume_Sale" status="PASSED">
         <system-out><![CDATA[07-10-2024T22:51:32 - [TEST_CASE][PASSED] - Test Cases/DBC_Instance/PointofSale_Module/TS9_POS_SuspendResume_Sale/POS_Resume_Sale: Test Cases/DBC_Instance/PointofSale_Module/TS9_POS_SuspendResume_Sale/POS_Resume_Sale

07-10-2024T22:51:32 - [TEST_STEP][PASSED] - sourceFile = new java.io.FileInputStream(ExcelFile): null

07-10-2024T22:51:32 - [TEST_STEP][PASSED] - workbook = new org.apache.poi.xssf.usermodel.XSSFWorkbook(sourceFile): null

07-10-2024T22:51:32 - [TEST_STEP][PASSED] - sheet = workbook.getSheet("Sheet1"): null

07-10-2024T22:51:32 - [TEST_STEP][PASSED] - row = sheet.getRow(1): null

07-10-2024T22:51:32 - [TEST_STEP][PASSED] - cell = row.getCell(1): null

07-10-2024T22:51:32 - [TEST_STEP][PASSED] - invoiceNum = cell.getStringCellValue(): null

07-10-2024T22:51:32 - [TEST_STEP][PASSED] - println(invoiceNum): null

07-10-2024T22:51:32 - [TEST_STEP][PASSED] - sourceFile.close(): null

07-10-2024T22:51:32 - [TEST_STEP][PASSED] - openBrowser(""): Browser is opened with url: ''

07-10-2024T22:51:32 - [MESSAGE][WARNING] - A browser is already opened. Closing browser and opening a new one

07-10-2024T22:51:32 - [MESSAGE][INFO] - Starting 'Chrome' driver

07-10-2024T22:51:32 - [MESSAGE][INFO] - Action delay is set to 0 milliseconds

07-10-2024T22:51:33 - [MESSAGE][PASSED] - Browser is opened with url: ''

07-10-2024T22:51:33 - [TEST_STEP][PASSED] - maximizeWindow(): Current window maximized

07-10-2024T22:51:33 - [MESSAGE][PASSED] - Current window maximized

07-10-2024T22:51:33 - [TEST_STEP][PASSED] - navigateToUrl("http://frameworks.dahlsens.com.au:8080/FWDemo/Fluid.html#homeDashboard,dash,Frameworks.Activity.Menu.HomeDashBoard"): Navigate to 'http://frameworks.dahlsens.com.au:8080/FWDemo/Fluid.html#homeDashboard,dash,Frameworks.Activity.Menu.HomeDashBoard' successfully

07-10-2024T22:51:35 - [MESSAGE][PASSED] - Navigate to 'http://frameworks.dahlsens.com.au:8080/FWDemo/Fluid.html#homeDashboard,dash,Frameworks.Activity.Menu.HomeDashBoard' successfully

07-10-2024T22:51:35 - [TEST_STEP][PASSED] - setText(findTestObject("Object Repository/TS1_POS_CashSale_DBC/New_Interface/Page_Frameworks (Demo)/input_User ID_userid"), userName): Text 'manaki' is set on object 'Object Repository/TS1_POS_CashSale_DBC/New_Interface/Page_Frameworks (Demo)/input_User ID_userid'

07-10-2024T22:51:37 - [MESSAGE][PASSED] - Text 'manaki' is set on object 'Object Repository/TS1_POS_CashSale_DBC/New_Interface/Page_Frameworks (Demo)/input_User ID_userid'

07-10-2024T22:51:37 - [TEST_STEP][PASSED] - setEncryptedText(findTestObject("Object Repository/TS1_POS_CashSale_DBC/New_Interface/Page_Frameworks (Demo)/input_Password_password"), "FHoXGFMjtD0="): Text ****** has been set on object 'Object Repository/TS1_POS_CashSale_DBC/New_Interface/Page_Frameworks (Demo)/input_Password_password'

07-10-2024T22:51:37 - [MESSAGE][PASSED] - Text ****** has been set on object 'Object Repository/TS1_POS_CashSale_DBC/New_Interface/Page_Frameworks (Demo)/input_Password_password'

07-10-2024T22:51:37 - [TEST_STEP][PASSED] - click(findTestObject("Object Repository/TS9_POS_Suspend_Resume_Sale_CHC/Page_Frameworks (Demo)/div_Login")): Object: 'Object Repository/TS9_POS_Suspend_Resume_Sale_CHC/Page_Frameworks (Demo)/div_Login' is clicked on

07-10-2024T22:51:38 - [MESSAGE][PASSED] - Object: 'Object Repository/TS9_POS_Suspend_Resume_Sale_CHC/Page_Frameworks (Demo)/div_Login' is clicked on

07-10-2024T22:51:38 - [TEST_STEP][PASSED] - click(findTestObject("Object Repository/TS9_POS_Suspend_Resume_Sale_DBC/Page_Frameworks (Demo)/Fws_Menu")): Object: 'Object Repository/TS9_POS_Suspend_Resume_Sale_DBC/Page_Frameworks (Demo)/Fws_Menu' is clicked on

07-10-2024T22:51:41 - [MESSAGE][PASSED] - Object: 'Object Repository/TS9_POS_Suspend_Resume_Sale_DBC/Page_Frameworks (Demo)/Fws_Menu' is clicked on

07-10-2024T22:51:41 - [TEST_STEP][PASSED] - click(findTestObject("Object Repository/TS9_POS_Suspend_Resume_Sale_CHC/Page_Frameworks (Demo)/Sales_TransactionProcessing")): Object: 'Object Repository/TS9_POS_Suspend_Resume_Sale_CHC/Page_Frameworks (Demo)/Sales_TransactionProcessing' is clicked on

07-10-2024T22:51:41 - [MESSAGE][PASSED] - Object: 'Object Repository/TS9_POS_Suspend_Resume_Sale_CHC/Page_Frameworks (Demo)/Sales_TransactionProcessing' is clicked on

07-10-2024T22:51:41 - [TEST_STEP][PASSED] - click(findTestObject("Object Repository/TS9_POS_Suspend_Resume_Sale_CHC/Page_Frameworks (Demo)/td_Point Of Sale")): Object: 'Object Repository/TS9_POS_Suspend_Resume_Sale_CHC/Page_Frameworks (Demo)/td_Point Of Sale' is clicked on

07-10-2024T22:51:42 - [MESSAGE][PASSED] - Object: 'Object Repository/TS9_POS_Suspend_Resume_Sale_CHC/Page_Frameworks (Demo)/td_Point Of Sale' is clicked on

07-10-2024T22:51:42 - [TEST_STEP][PASSED] - delay(2): Delayed 2 second(s)

07-10-2024T22:51:44 - [MESSAGE][PASSED] - Delayed 2 second(s)

07-10-2024T22:51:44 - [TEST_STEP][PASSED] - takeFullPageScreenshot(): Taking screenshot successfully

07-10-2024T22:51:45 - [MESSAGE][INFO] - 0 hidden object(s)

07-10-2024T22:51:45 - [MESSAGE][PASSED] - Taking screenshot successfully
[[ATTACHMENT|C:\\Users\\User\\git\\frameworks-regression-test-automation\\Reports\\20241007_225059\\DBC_Instance\\PointofSale_Module\\New_Interface\\TS9_POS_Suspend_Resume_Sale\\20241007_225059\\1728301904775.png]]

07-10-2024T22:51:45 - [TEST_STEP][PASSED] - click(findTestObject("Object Repository/TS9_POS_Suspend_Resume_Sale_DBC/Page_Frameworks (Demo)/div_Actions")): Object: 'Object Repository/TS9_POS_Suspend_Resume_Sale_DBC/Page_Frameworks (Demo)/div_Actions' is clicked on

07-10-2024T22:51:46 - [MESSAGE][PASSED] - Object: 'Object Repository/TS9_POS_Suspend_Resume_Sale_DBC/Page_Frameworks (Demo)/div_Actions' is clicked on

07-10-2024T22:51:46 - [TEST_STEP][PASSED] - click(findTestObject("Object Repository/TS9_POS_Suspend_Resume_Sale_DBC/Page_Frameworks (Demo)/div_ResumeSale")): Object: 'Object Repository/TS9_POS_Suspend_Resume_Sale_DBC/Page_Frameworks (Demo)/div_ResumeSale' is clicked on

07-10-2024T22:51:47 - [MESSAGE][PASSED] - Object: 'Object Repository/TS9_POS_Suspend_Resume_Sale_DBC/Page_Frameworks (Demo)/div_ResumeSale' is clicked on

07-10-2024T22:51:47 - [TEST_STEP][PASSED] - setText(findTestObject("Object Repository/TS9_POS_Suspend_Resume_Sale_DBC/Page_Frameworks (Demo)/input_FromNumber"), invoiceNum): Text '20258410' is set on object 'Object Repository/TS9_POS_Suspend_Resume_Sale_DBC/Page_Frameworks (Demo)/input_FromNumber'

07-10-2024T22:51:48 - [MESSAGE][PASSED] - Text '20258410' is set on object 'Object Repository/TS9_POS_Suspend_Resume_Sale_DBC/Page_Frameworks (Demo)/input_FromNumber'

07-10-2024T22:51:48 - [TEST_STEP][PASSED] - setText(findTestObject("Object Repository/TS9_POS_Suspend_Resume_Sale_DBC/Page_Frameworks (Demo)/input_ToNumber"), invoiceNum): Text '20258410' is set on object 'Object Repository/TS9_POS_Suspend_Resume_Sale_DBC/Page_Frameworks (Demo)/input_ToNumber'

07-10-2024T22:51:49 - [MESSAGE][PASSED] - Text '20258410' is set on object 'Object Repository/TS9_POS_Suspend_Resume_Sale_DBC/Page_Frameworks (Demo)/input_ToNumber'

07-10-2024T22:51:49 - [TEST_STEP][PASSED] - click(findTestObject("Object Repository/TS9_POS_Suspend_Resume_Sale_DBC/Page_Frameworks (Demo)/img_Calendar_icon")): Object: 'Object Repository/TS9_POS_Suspend_Resume_Sale_DBC/Page_Frameworks (Demo)/img_Calendar_icon' is clicked on

07-10-2024T22:51:49 - [MESSAGE][PASSED] - Object: 'Object Repository/TS9_POS_Suspend_Resume_Sale_DBC/Page_Frameworks (Demo)/img_Calendar_icon' is clicked on

07-10-2024T22:51:49 - [TEST_STEP][PASSED] - click(findTestObject("Object Repository/TS9_POS_Suspend_Resume_Sale_DBC/Page_Frameworks (Demo)/td_Today")): Object: 'Object Repository/TS9_POS_Suspend_Resume_Sale_DBC/Page_Frameworks (Demo)/td_Today' is clicked on

07-10-2024T22:51:50 - [MESSAGE][PASSED] - Object: 'Object Repository/TS9_POS_Suspend_Resume_Sale_DBC/Page_Frameworks (Demo)/td_Today' is clicked on

07-10-2024T22:51:50 - [TEST_STEP][PASSED] - delay(2): Delayed 2 second(s)

07-10-2024T22:51:52 - [MESSAGE][PASSED] - Delayed 2 second(s)

07-10-2024T22:51:52 - [TEST_STEP][PASSED] - takeFullPageScreenshot(): Taking screenshot successfully

07-10-2024T22:51:53 - [MESSAGE][INFO] - 0 hidden object(s)

07-10-2024T22:51:53 - [MESSAGE][PASSED] - Taking screenshot successfully
[[ATTACHMENT|C:\\Users\\User\\git\\frameworks-regression-test-automation\\Reports\\20241007_225059\\DBC_Instance\\PointofSale_Module\\New_Interface\\TS9_POS_Suspend_Resume_Sale\\20241007_225059\\1728301912636.png]]

07-10-2024T22:51:53 - [TEST_STEP][PASSED] - click(findTestObject("Object Repository/TS9_POS_Suspend_Resume_Sale_DBC/Page_Frameworks (Demo)/td_Find")): Object: 'Object Repository/TS9_POS_Suspend_Resume_Sale_DBC/Page_Frameworks (Demo)/td_Find' is clicked on

07-10-2024T22:51:53 - [MESSAGE][PASSED] - Object: 'Object Repository/TS9_POS_Suspend_Resume_Sale_DBC/Page_Frameworks (Demo)/td_Find' is clicked on

07-10-2024T22:51:53 - [TEST_STEP][PASSED] - delay(2): Delayed 2 second(s)

07-10-2024T22:51:55 - [MESSAGE][PASSED] - Delayed 2 second(s)

07-10-2024T22:51:55 - [TEST_STEP][PASSED] - takeFullPageScreenshot(): Taking screenshot successfully

07-10-2024T22:51:55 - [MESSAGE][INFO] - 0 hidden object(s)

07-10-2024T22:51:56 - [MESSAGE][PASSED] - Taking screenshot successfully
[[ATTACHMENT|C:\\Users\\User\\git\\frameworks-regression-test-automation\\Reports\\20241007_225059\\DBC_Instance\\PointofSale_Module\\New_Interface\\TS9_POS_Suspend_Resume_Sale\\20241007_225059\\1728301915483.png]]

07-10-2024T22:51:56 - [TEST_STEP][PASSED] - click(findTestObject("Object Repository/TS9_POS_Suspend_Resume_Sale_DBC/Page_Frameworks (Demo)/first_invoiceNumber_link")): Object: 'Object Repository/TS9_POS_Suspend_Resume_Sale_DBC/Page_Frameworks (Demo)/first_invoiceNumber_link' is clicked on

07-10-2024T22:51:56 - [MESSAGE][PASSED] - Object: 'Object Repository/TS9_POS_Suspend_Resume_Sale_DBC/Page_Frameworks (Demo)/first_invoiceNumber_link' is clicked on

07-10-2024T22:51:56 - [TEST_STEP][PASSED] - delay(2): Delayed 2 second(s)

07-10-2024T22:51:58 - [MESSAGE][PASSED] - Delayed 2 second(s)

07-10-2024T22:51:58 - [TEST_STEP][PASSED] - takeFullPageScreenshot(): Taking screenshot successfully

07-10-2024T22:51:58 - [MESSAGE][INFO] - 0 hidden object(s)

07-10-2024T22:51:59 - [MESSAGE][PASSED] - Taking screenshot successfully
[[ATTACHMENT|C:\\Users\\User\\git\\frameworks-regression-test-automation\\Reports\\20241007_225059\\DBC_Instance\\PointofSale_Module\\New_Interface\\TS9_POS_Suspend_Resume_Sale\\20241007_225059\\1728301918589.png]]

07-10-2024T22:51:59 - [TEST_STEP][PASSED] - click(findTestObject("Object Repository/TS9_POS_Suspend_Resume_Sale_DBC/Page_Frameworks (Demo)/div_FinishSale (S)")): Object: 'Object Repository/TS9_POS_Suspend_Resume_Sale_DBC/Page_Frameworks (Demo)/div_FinishSale (S)' is clicked on

07-10-2024T22:51:59 - [MESSAGE][PASSED] - Object: 'Object Repository/TS9_POS_Suspend_Resume_Sale_DBC/Page_Frameworks (Demo)/div_FinishSale (S)' is clicked on

07-10-2024T22:51:59 - [TEST_STEP][PASSED] - click(findTestObject("Object Repository/TS9_POS_Suspend_Resume_Sale_DBC/Page_Frameworks (Demo)/img_Please Select_isc_W4")): Object: 'Object Repository/TS9_POS_Suspend_Resume_Sale_DBC/Page_Frameworks (Demo)/img_Please Select_isc_W4' is clicked on

07-10-2024T22:52:01 - [MESSAGE][PASSED] - Object: 'Object Repository/TS9_POS_Suspend_Resume_Sale_DBC/Page_Frameworks (Demo)/img_Please Select_isc_W4' is clicked on

07-10-2024T22:52:01 - [TEST_STEP][PASSED] - delay(2): Delayed 2 second(s)

07-10-2024T22:52:03 - [MESSAGE][PASSED] - Delayed 2 second(s)

07-10-2024T22:52:03 - [TEST_STEP][PASSED] - takeFullPageScreenshot(): Taking screenshot successfully

07-10-2024T22:52:03 - [MESSAGE][INFO] - 0 hidden object(s)

07-10-2024T22:52:03 - [MESSAGE][PASSED] - Taking screenshot successfully
[[ATTACHMENT|C:\\Users\\User\\git\\frameworks-regression-test-automation\\Reports\\20241007_225059\\DBC_Instance\\PointofSale_Module\\New_Interface\\TS9_POS_Suspend_Resume_Sale\\20241007_225059\\1728301923417.png]]

07-10-2024T22:52:03 - [TEST_STEP][PASSED] - click(findTestObject("Object Repository/TS9_POS_Suspend_Resume_Sale_DBC/Page_Frameworks (Demo)/div_Cash")): Object: 'Object Repository/TS9_POS_Suspend_Resume_Sale_DBC/Page_Frameworks (Demo)/div_Cash' is clicked on

07-10-2024T22:52:04 - [MESSAGE][PASSED] - Object: 'Object Repository/TS9_POS_Suspend_Resume_Sale_DBC/Page_Frameworks (Demo)/div_Cash' is clicked on

07-10-2024T22:52:04 - [TEST_STEP][PASSED] - delay(2): Delayed 2 second(s)

07-10-2024T22:52:06 - [MESSAGE][PASSED] - Delayed 2 second(s)

07-10-2024T22:52:06 - [TEST_STEP][PASSED] - takeFullPageScreenshot(): Taking screenshot successfully

07-10-2024T22:52:06 - [MESSAGE][INFO] - 0 hidden object(s)

07-10-2024T22:52:06 - [MESSAGE][PASSED] - Taking screenshot successfully
[[ATTACHMENT|C:\\Users\\User\\git\\frameworks-regression-test-automation\\Reports\\20241007_225059\\DBC_Instance\\PointofSale_Module\\New_Interface\\TS9_POS_Suspend_Resume_Sale\\20241007_225059\\1728301926255.png]]

07-10-2024T22:52:06 - [TEST_STEP][PASSED] - click(findTestObject("Object Repository/TS9_POS_Suspend_Resume_Sale_DBC/Page_Frameworks (Demo)/div_Pay")): Object: 'Object Repository/TS9_POS_Suspend_Resume_Sale_DBC/Page_Frameworks (Demo)/div_Pay' is clicked on

07-10-2024T22:52:07 - [MESSAGE][PASSED] - Object: 'Object Repository/TS9_POS_Suspend_Resume_Sale_DBC/Page_Frameworks (Demo)/div_Pay' is clicked on

07-10-2024T22:52:07 - [TEST_STEP][PASSED] - delay(2): Delayed 2 second(s)

07-10-2024T22:52:09 - [MESSAGE][PASSED] - Delayed 2 second(s)

07-10-2024T22:52:09 - [TEST_STEP][PASSED] - takeFullPageScreenshot(): Taking screenshot successfully

07-10-2024T22:52:09 - [MESSAGE][INFO] - 0 hidden object(s)

07-10-2024T22:52:09 - [MESSAGE][PASSED] - Taking screenshot successfully
[[ATTACHMENT|C:\\Users\\User\\git\\frameworks-regression-test-automation\\Reports\\20241007_225059\\DBC_Instance\\PointofSale_Module\\New_Interface\\TS9_POS_Suspend_Resume_Sale\\20241007_225059\\1728301929253.png]]

07-10-2024T22:52:09 - [TEST_STEP][PASSED] - click(findTestObject("Object Repository/TS9_POS_Suspend_Resume_Sale_DBC/Page_Frameworks (Demo)/img_AccountDropdown")): Object: 'Object Repository/TS9_POS_Suspend_Resume_Sale_DBC/Page_Frameworks (Demo)/img_AccountDropdown' is clicked on

07-10-2024T22:52:10 - [MESSAGE][PASSED] - Object: 'Object Repository/TS9_POS_Suspend_Resume_Sale_DBC/Page_Frameworks (Demo)/img_AccountDropdown' is clicked on

07-10-2024T22:52:10 - [TEST_STEP][PASSED] - click(findTestObject("Object Repository/TS9_POS_Suspend_Resume_Sale_DBC/Page_Frameworks (Demo)/div_Logout")): Object: 'Object Repository/TS9_POS_Suspend_Resume_Sale_DBC/Page_Frameworks (Demo)/div_Logout' is clicked on

07-10-2024T22:52:10 - [MESSAGE][PASSED] - Object: 'Object Repository/TS9_POS_Suspend_Resume_Sale_DBC/Page_Frameworks (Demo)/div_Logout' is clicked on]]></system-out>
         <system-err><![CDATA[]]></system-err>
      </testcase>
      <system-out><![CDATA[07-10-2024T22:51:05 - [TEST_SUITE][PASSED] - TS9_POS_Suspend_Resume_Sale: Test Cases/DBC_Instance/PointofSale_Module/TS9_POS_SuspendResume_Sale/POS_Resume_Sale]]></system-out>
      <system-err><![CDATA[]]></system-err>
   </testsuite>
</testsuites>
