<?xml version="1.0" encoding="UTF-8"?>
<testsuites name="TS6_POS_Cash_Refund_Partial_CHC" time="130.064" tests="3" failures="0" errors="0">
   <testsuite name="TS6_POS_Cash_Refund_Partial_CHC" tests="3" failures="0" errors="0" time="130.064" skipped="0" timestamp="02-10-2024T23:14:21" hostname="User - ROG" id="Test Suites/CHC_Instance/PointofSale_Module/TS6_POS_Cash_Refund_Partial_CHC">
      <properties>
         <property name="deviceName" value=""/>
         <property name="devicePlatform"/>
         <property name="logFolder" value="C:\\Users\\User\\git\\frameworks-regression-test-automation\\Reports\\20241002_231414\\CHC_Instance\\PointofSale_Module\\TS6_POS_Cash_Refund_Partial_CHC\\20241002_231414"/>
         <property name="logFiles" value="C:\\Users\\User\\git\\frameworks-regression-test-automation\\Reports\\20241002_231414\\CHC_Instance\\PointofSale_Module\\TS6_POS_Cash_Refund_Partial_CHC\\20241002_231414\\execution0.log"/>
         <property name="attachments" value="C:\\Users\\User\\git\\frameworks-regression-test-automation\\Reports\\20241002_231414\\CHC_Instance\\PointofSale_Module\\TS6_POS_Cash_Refund_Partial_CHC\\20241002_231414\\1727874877944.png, C:\\Users\\User\\git\\frameworks-regression-test-automation\\Reports\\20241002_231414\\CHC_Instance\\PointofSale_Module\\TS6_POS_Cash_Refund_Partial_CHC\\20241002_231414\\1727874887953.png, C:\\Users\\User\\git\\frameworks-regression-test-automation\\Reports\\20241002_231414\\CHC_Instance\\PointofSale_Module\\TS6_POS_Cash_Refund_Partial_CHC\\20241002_231414\\1727874890888.png, C:\\Users\\User\\git\\frameworks-regression-test-automation\\Reports\\20241002_231414\\CHC_Instance\\PointofSale_Module\\TS6_POS_Cash_Refund_Partial_CHC\\20241002_231414\\1727874893813.png, C:\\Users\\User\\git\\frameworks-regression-test-automation\\Reports\\20241002_231414\\CHC_Instance\\PointofSale_Module\\TS6_POS_Cash_Refund_Partial_CHC\\20241002_231414\\1727874896781.png, C:\\Users\\User\\git\\frameworks-regression-test-automation\\Reports\\20241002_231414\\CHC_Instance\\PointofSale_Module\\TS6_POS_Cash_Refund_Partial_CHC\\20241002_231414\\1727874912382.png, C:\\Users\\User\\git\\frameworks-regression-test-automation\\Reports\\20241002_231414\\CHC_Instance\\PointofSale_Module\\TS6_POS_Cash_Refund_Partial_CHC\\20241002_231414\\1727874915264.png, C:\\Users\\User\\git\\frameworks-regression-test-automation\\Reports\\20241002_231414\\CHC_Instance\\PointofSale_Module\\TS6_POS_Cash_Refund_Partial_CHC\\20241002_231414\\1727874924397.png, C:\\Users\\User\\git\\frameworks-regression-test-automation\\Reports\\20241002_231414\\CHC_Instance\\PointofSale_Module\\TS6_POS_Cash_Refund_Partial_CHC\\20241002_231414\\1727874927338.png, C:\\Users\\User\\git\\frameworks-regression-test-automation\\Reports\\20241002_231414\\CHC_Instance\\PointofSale_Module\\TS6_POS_Cash_Refund_Partial_CHC\\20241002_231414\\1727874931006.png, C:\\Users\\User\\git\\frameworks-regression-test-automation\\Reports\\20241002_231414\\CHC_Instance\\PointofSale_Module\\TS6_POS_Cash_Refund_Partial_CHC\\20241002_231414\\1727874933910.png, C:\\Users\\User\\git\\frameworks-regression-test-automation\\Reports\\20241002_231414\\CHC_Instance\\PointofSale_Module\\TS6_POS_Cash_Refund_Partial_CHC\\20241002_231414\\1727874936741.png, C:\\Users\\User\\git\\frameworks-regression-test-automation\\Reports\\20241002_231414\\CHC_Instance\\PointofSale_Module\\TS6_POS_Cash_Refund_Partial_CHC\\20241002_231414\\1727874987238.png, C:\\Users\\User\\git\\frameworks-regression-test-automation\\Reports\\20241002_231414\\CHC_Instance\\PointofSale_Module\\TS6_POS_Cash_Refund_Partial_CHC\\20241002_231414\\1727874990080.png"/>
         <property name="hostName" value="User - ROG"/>
         <property name="os" value="Windows 11 64bit"/>
         <property name="katalonVersion" value="9.5.0.217"/>
         <property name="browser" value="Chrome 129.0.0.0"/>
         <property name="hostAddress" value="10.192.251.1"/>
         <property name="sessionId" value="48f982a62828b53da23ff0a71073c90a"/>
         <property name="seleniumVersion" value="3.141.59"/>
         <property name="proxyInformation" value="ProxyInformation { proxyOption=NO_PROXY, proxyServerType=HTTP, username=, password=********, proxyServerAddress=, proxyServerPort=0, executionList=&quot;&quot;, isApplyToDesiredCapabilities=true }"/>
         <property name="platform" value="Windows 11"/>
      </properties>
      <testcase name="Test Cases/CHC_Instance/PointofSale_Module/TS1_POS_CashSale/POS_CashSale-5006866(TS6)" time="36.876" classname="Test Cases/CHC_Instance/PointofSale_Module/TS1_POS_CashSale/POS_CashSale-5006866(TS6)" status="PASSED">
         <system-out><![CDATA[02-10-2024T23:14:22 - [TEST_CASE][PASSED] - Test Cases/CHC_Instance/PointofSale_Module/TS1_POS_CashSale/POS_CashSale-5006866(TS6): Test Cases/CHC_Instance/PointofSale_Module/TS1_POS_CashSale/POS_CashSale-5006866(TS6)

02-10-2024T23:14:22 - [TEST_STEP][PASSED] - openBrowser(""): Browser is opened with url: ''

02-10-2024T23:14:22 - [MESSAGE][INFO] - Starting 'Chrome' driver

02-10-2024T23:14:22 - [MESSAGE][INFO] - Action delay is set to 0 milliseconds

02-10-2024T23:14:24 - [MESSAGE][PASSED] - Browser is opened with url: ''

02-10-2024T23:14:24 - [TEST_STEP][PASSED] - maximizeWindow(): Current window maximized

02-10-2024T23:14:24 - [MESSAGE][PASSED] - Current window maximized

02-10-2024T23:14:24 - [TEST_STEP][PASSED] - navigateToUrl("http://frameworks.cairnshardware.com.au:8080/FWDemo/Fluid.html#homeDashboard,dash,Frameworks.Activity.Menu.HomeDashBoard"): Navigate to 'http://frameworks.cairnshardware.com.au:8080/FWDemo/Fluid.html#homeDashboard,dash,Frameworks.Activity.Menu.HomeDashBoard' successfully

02-10-2024T23:14:29 - [MESSAGE][PASSED] - Navigate to 'http://frameworks.cairnshardware.com.au:8080/FWDemo/Fluid.html#homeDashboard,dash,Frameworks.Activity.Menu.HomeDashBoard' successfully

02-10-2024T23:14:29 - [TEST_STEP][PASSED] - setText(findTestObject("Object Repository/Create_PurchaseOrder_CHC/Page_Frameworks (Demo)/input_User ID_userid"), userName): Text 'manaki' is set on object 'Object Repository/Create_PurchaseOrder_CHC/Page_Frameworks (Demo)/input_User ID_userid'

02-10-2024T23:14:31 - [MESSAGE][PASSED] - Text 'manaki' is set on object 'Object Repository/Create_PurchaseOrder_CHC/Page_Frameworks (Demo)/input_User ID_userid'

02-10-2024T23:14:31 - [TEST_STEP][PASSED] - setEncryptedText(findTestObject("Object Repository/Create_PurchaseOrder_CHC/Page_Frameworks (Demo)/input_Password_password"), "BvRmjN+0xFM="): Text ****** has been set on object 'Object Repository/Create_PurchaseOrder_CHC/Page_Frameworks (Demo)/input_Password_password'

02-10-2024T23:14:32 - [MESSAGE][PASSED] - Text ****** has been set on object 'Object Repository/Create_PurchaseOrder_CHC/Page_Frameworks (Demo)/input_Password_password'

02-10-2024T23:14:32 - [TEST_STEP][PASSED] - click(findTestObject("Object Repository/Create_PurchaseOrder_CHC/Page_Frameworks (Demo)/div_Login")): Object: 'Object Repository/Create_PurchaseOrder_CHC/Page_Frameworks (Demo)/div_Login' is clicked on

02-10-2024T23:14:32 - [MESSAGE][PASSED] - Object: 'Object Repository/Create_PurchaseOrder_CHC/Page_Frameworks (Demo)/div_Login' is clicked on

02-10-2024T23:14:32 - [TEST_STEP][PASSED] - click(findTestObject("Object Repository/POS_CashSale_CHC/Page_Frameworks (Demo)/Fws_Menu")): Object: 'Object Repository/POS_CashSale_CHC/Page_Frameworks (Demo)/Fws_Menu' is clicked on

02-10-2024T23:14:34 - [MESSAGE][PASSED] - Object: 'Object Repository/POS_CashSale_CHC/Page_Frameworks (Demo)/Fws_Menu' is clicked on

02-10-2024T23:14:34 - [TEST_STEP][PASSED] - click(findTestObject("Object Repository/POS_CashSale_CHC/Page_Frameworks (Demo)/Sales_TransactionProcessing")): Object: 'Object Repository/POS_CashSale_CHC/Page_Frameworks (Demo)/Sales_TransactionProcessing' is clicked on

02-10-2024T23:14:35 - [MESSAGE][PASSED] - Object: 'Object Repository/POS_CashSale_CHC/Page_Frameworks (Demo)/Sales_TransactionProcessing' is clicked on

02-10-2024T23:14:35 - [TEST_STEP][PASSED] - click(findTestObject("Object Repository/POS_CashSale_CHC/Page_Frameworks (Demo)/td_Point Of Sale")): Object: 'Object Repository/POS_CashSale_CHC/Page_Frameworks (Demo)/td_Point Of Sale' is clicked on

02-10-2024T23:14:35 - [MESSAGE][PASSED] - Object: 'Object Repository/POS_CashSale_CHC/Page_Frameworks (Demo)/td_Point Of Sale' is clicked on

02-10-2024T23:14:35 - [TEST_STEP][PASSED] - delay(2): Delayed 2 second(s)

02-10-2024T23:14:37 - [MESSAGE][PASSED] - Delayed 2 second(s)

02-10-2024T23:14:37 - [TEST_STEP][PASSED] - takeFullPageScreenshot(): Taking screenshot successfully

02-10-2024T23:14:38 - [MESSAGE][INFO] - 0 hidden object(s)

02-10-2024T23:14:38 - [MESSAGE][PASSED] - Taking screenshot successfully
[[ATTACHMENT|C:\\Users\\User\\git\\frameworks-regression-test-automation\\Reports\\20241002_231414\\CHC_Instance\\PointofSale_Module\\TS6_POS_Cash_Refund_Partial_CHC\\20241002_231414\\1727874877944.png]]

02-10-2024T23:14:38 - [TEST_STEP][PASSED] - invoiceNum = getText(findTestObject("Object Repository/TS2_POS_AccountSale_DBC/New_Interface/Page_Frameworks (Demo)/div_invoiceNum")): Text of object 'Object Repository/TS2_POS_AccountSale_DBC/New_Interface/Page_Frameworks (Demo)/div_invoiceNum' is: '13072663'

02-10-2024T23:14:38 - [MESSAGE][PASSED] - Text of object 'Object Repository/TS2_POS_AccountSale_DBC/New_Interface/Page_Frameworks (Demo)/div_invoiceNum' is: '13072663'

02-10-2024T23:14:38 - [TEST_STEP][PASSED] - setText(findTestObject("Object Repository/POS_CashSale_CHC/Page_Frameworks (Demo)/input_P_prodId"), "5006866"): Text '5006866' is set on object 'Object Repository/POS_CashSale_CHC/Page_Frameworks (Demo)/input_P_prodId'

02-10-2024T23:14:39 - [MESSAGE][PASSED] - Text '5006866' is set on object 'Object Repository/POS_CashSale_CHC/Page_Frameworks (Demo)/input_P_prodId'

02-10-2024T23:14:39 - [TEST_STEP][PASSED] - delay(2): Delayed 2 second(s)

02-10-2024T23:14:41 - [MESSAGE][PASSED] - Delayed 2 second(s)

02-10-2024T23:14:41 - [TEST_STEP][PASSED] - setText(findTestObject("Object Repository/POS_CashSale_CHC/Page_Frameworks (Demo)/input_Quantity_quantityOrdered"), "2"): Text '2' is set on object 'Object Repository/POS_CashSale_CHC/Page_Frameworks (Demo)/input_Quantity_quantityOrdered'

02-10-2024T23:14:43 - [MESSAGE][PASSED] - Text '2' is set on object 'Object Repository/POS_CashSale_CHC/Page_Frameworks (Demo)/input_Quantity_quantityOrdered'

02-10-2024T23:14:43 - [TEST_STEP][PASSED] - click(findTestObject("Object Repository/POS_CashSale_CHC/Page_Frameworks (Demo)/input_Quantity_quantityOrdered")): Object: 'Object Repository/POS_CashSale_CHC/Page_Frameworks (Demo)/input_Quantity_quantityOrdered' is clicked on

02-10-2024T23:14:43 - [MESSAGE][PASSED] - Object: 'Object Repository/POS_CashSale_CHC/Page_Frameworks (Demo)/input_Quantity_quantityOrdered' is clicked on

02-10-2024T23:14:43 - [TEST_STEP][PASSED] - delay(2): Delayed 2 second(s)

02-10-2024T23:14:45 - [MESSAGE][PASSED] - Delayed 2 second(s)

02-10-2024T23:14:45 - [TEST_STEP][PASSED] - click(findTestObject("Object Repository/POS_CashSale_CHC/Page_Frameworks (Demo)/img_add")): Object: 'Object Repository/POS_CashSale_CHC/Page_Frameworks (Demo)/img_add' is clicked on

02-10-2024T23:14:45 - [MESSAGE][PASSED] - Object: 'Object Repository/POS_CashSale_CHC/Page_Frameworks (Demo)/img_add' is clicked on

02-10-2024T23:14:45 - [TEST_STEP][PASSED] - delay(2): Delayed 2 second(s)

02-10-2024T23:14:47 - [MESSAGE][PASSED] - Delayed 2 second(s)

02-10-2024T23:14:47 - [TEST_STEP][PASSED] - takeFullPageScreenshot(): Taking screenshot successfully

02-10-2024T23:14:48 - [MESSAGE][INFO] - 0 hidden object(s)

02-10-2024T23:14:48 - [MESSAGE][PASSED] - Taking screenshot successfully
[[ATTACHMENT|C:\\Users\\User\\git\\frameworks-regression-test-automation\\Reports\\20241002_231414\\CHC_Instance\\PointofSale_Module\\TS6_POS_Cash_Refund_Partial_CHC\\20241002_231414\\1727874887953.png]]

02-10-2024T23:14:48 - [TEST_STEP][PASSED] - click(findTestObject("Object Repository/POS_CashSale_CHC/Page_Frameworks (Demo)/div_FinishSale (S)")): Object: 'Object Repository/POS_CashSale_CHC/Page_Frameworks (Demo)/div_FinishSale (S)' is clicked on

02-10-2024T23:14:48 - [MESSAGE][PASSED] - Object: 'Object Repository/POS_CashSale_CHC/Page_Frameworks (Demo)/div_FinishSale (S)' is clicked on

02-10-2024T23:14:48 - [TEST_STEP][PASSED] - delay(2): Delayed 2 second(s)

02-10-2024T23:14:50 - [MESSAGE][PASSED] - Delayed 2 second(s)

02-10-2024T23:14:50 - [TEST_STEP][PASSED] - takeFullPageScreenshot(): Taking screenshot successfully

02-10-2024T23:14:51 - [MESSAGE][INFO] - 0 hidden object(s)

02-10-2024T23:14:51 - [MESSAGE][PASSED] - Taking screenshot successfully
[[ATTACHMENT|C:\\Users\\User\\git\\frameworks-regression-test-automation\\Reports\\20241002_231414\\CHC_Instance\\PointofSale_Module\\TS6_POS_Cash_Refund_Partial_CHC\\20241002_231414\\1727874890888.png]]

02-10-2024T23:14:51 - [TEST_STEP][PASSED] - click(findTestObject("Object Repository/POS_CashSale_CHC/Page_Frameworks (Demo)/div_50 Cash")): Object: 'Object Repository/POS_CashSale_CHC/Page_Frameworks (Demo)/div_50 Cash' is clicked on

02-10-2024T23:14:51 - [MESSAGE][PASSED] - Object: 'Object Repository/POS_CashSale_CHC/Page_Frameworks (Demo)/div_50 Cash' is clicked on

02-10-2024T23:14:51 - [TEST_STEP][PASSED] - delay(2): Delayed 2 second(s)

02-10-2024T23:14:53 - [MESSAGE][PASSED] - Delayed 2 second(s)

02-10-2024T23:14:53 - [TEST_STEP][PASSED] - takeFullPageScreenshot(): Taking screenshot successfully

02-10-2024T23:14:54 - [MESSAGE][INFO] - 0 hidden object(s)

02-10-2024T23:14:54 - [MESSAGE][PASSED] - Taking screenshot successfully
[[ATTACHMENT|C:\\Users\\User\\git\\frameworks-regression-test-automation\\Reports\\20241002_231414\\CHC_Instance\\PointofSale_Module\\TS6_POS_Cash_Refund_Partial_CHC\\20241002_231414\\1727874893813.png]]

02-10-2024T23:14:54 - [TEST_STEP][PASSED] - click(findTestObject("Object Repository/POS_CashSale_CHC/Page_Frameworks (Demo)/td_SaveClose (S)")): Object: 'Object Repository/POS_CashSale_CHC/Page_Frameworks (Demo)/td_SaveClose (S)' is clicked on

02-10-2024T23:14:54 - [MESSAGE][PASSED] - Object: 'Object Repository/POS_CashSale_CHC/Page_Frameworks (Demo)/td_SaveClose (S)' is clicked on

02-10-2024T23:14:54 - [TEST_STEP][PASSED] - delay(2): Delayed 2 second(s)

02-10-2024T23:14:56 - [MESSAGE][PASSED] - Delayed 2 second(s)

02-10-2024T23:14:56 - [TEST_STEP][PASSED] - takeFullPageScreenshot(): Taking screenshot successfully

02-10-2024T23:14:57 - [MESSAGE][INFO] - 0 hidden object(s)

02-10-2024T23:14:57 - [MESSAGE][PASSED] - Taking screenshot successfully
[[ATTACHMENT|C:\\Users\\User\\git\\frameworks-regression-test-automation\\Reports\\20241002_231414\\CHC_Instance\\PointofSale_Module\\TS6_POS_Cash_Refund_Partial_CHC\\20241002_231414\\1727874896781.png]]

02-10-2024T23:14:57 - [TEST_STEP][PASSED] - sourceFile = new java.io.FileInputStream(ExcelFile): null

02-10-2024T23:14:57 - [TEST_STEP][PASSED] - workbook = new org.apache.poi.xssf.usermodel.XSSFWorkbook(sourceFile): null

02-10-2024T23:14:57 - [TEST_STEP][PASSED] - sheet = workbook.getSheet("Sheet1"): null

02-10-2024T23:14:57 - [TEST_STEP][PASSED] - row = sheet.getRow(0): null

02-10-2024T23:14:57 - [TEST_STEP][PASSED] - cell = row.getCell(1): null

02-10-2024T23:14:57 - [TEST_STEP][PASSED] - row = sheet.createRow(1): null

02-10-2024T23:14:57 - [TEST_STEP][PASSED] - cell = row.createCell(0): null

02-10-2024T23:14:57 - [TEST_STEP][PASSED] - cell.setCellValue("Invoice Number"): null

02-10-2024T23:14:57 - [TEST_STEP][PASSED] - cell = row.createCell(1): null

02-10-2024T23:14:57 - [TEST_STEP][PASSED] - cell.setCellValue(invoiceNum): null

02-10-2024T23:14:57 - [TEST_STEP][PASSED] - fos = new java.io.FileOutputStream(ExcelFile): null

02-10-2024T23:14:57 - [TEST_STEP][PASSED] - workbook.write(fos): null

02-10-2024T23:14:57 - [TEST_STEP][PASSED] - fos.close(): null

02-10-2024T23:14:58 - [TEST_STEP][PASSED] - sourceFile.close(): null

02-10-2024T23:14:58 - [TEST_STEP][PASSED] - click(findTestObject("Object Repository/Create_PurchaseOrder_CHC/Page_Frameworks (Demo)/img_Accountdropd")): Object: 'Object Repository/Create_PurchaseOrder_CHC/Page_Frameworks (Demo)/img_Accountdropd' is clicked on

02-10-2024T23:14:58 - [MESSAGE][PASSED] - Object: 'Object Repository/Create_PurchaseOrder_CHC/Page_Frameworks (Demo)/img_Accountdropd' is clicked on

02-10-2024T23:14:58 - [TEST_STEP][PASSED] - click(findTestObject("Object Repository/Create_PurchaseOrder_CHC/Page_Frameworks (Demo)/div_Logout")): Object: 'Object Repository/Create_PurchaseOrder_CHC/Page_Frameworks (Demo)/div_Logout' is clicked on

02-10-2024T23:14:58 - [MESSAGE][PASSED] - Object: 'Object Repository/Create_PurchaseOrder_CHC/Page_Frameworks (Demo)/div_Logout' is clicked on]]></system-out>
         <system-err><![CDATA[]]></system-err>
      </testcase>
      <testcase name="Test Cases/CHC_Instance/PointofSale_Module/TS6_POS_CashRefund_Partial_StockReturn/POS_CashRefund_Partial_CHC" time="41.539" classname="Test Cases/CHC_Instance/PointofSale_Module/TS6_POS_CashRefund_Partial_StockReturn/POS_CashRefund_Partial_CHC" status="PASSED">
         <system-out><![CDATA[02-10-2024T23:14:58 - [TEST_CASE][PASSED] - Test Cases/CHC_Instance/PointofSale_Module/TS6_POS_CashRefund_Partial_StockReturn/POS_CashRefund_Partial_CHC: Test Cases/CHC_Instance/PointofSale_Module/TS6_POS_CashRefund_Partial_StockReturn/POS_CashRefund_Partial_CHC

02-10-2024T23:14:59 - [TEST_STEP][PASSED] - sourceFile = new java.io.FileInputStream(ExcelFile): null

02-10-2024T23:14:59 - [TEST_STEP][PASSED] - workbook = new org.apache.poi.xssf.usermodel.XSSFWorkbook(sourceFile): null

02-10-2024T23:14:59 - [TEST_STEP][PASSED] - sheet = workbook.getSheet("Sheet1"): null

02-10-2024T23:14:59 - [TEST_STEP][PASSED] - row = sheet.getRow(1): null

02-10-2024T23:14:59 - [TEST_STEP][PASSED] - cell = row.getCell(1): null

02-10-2024T23:14:59 - [TEST_STEP][PASSED] - docketNumber = cell.getStringCellValue(): null

02-10-2024T23:14:59 - [TEST_STEP][PASSED] - println(docketNumber): null

02-10-2024T23:14:59 - [TEST_STEP][PASSED] - sourceFile.close(): null

02-10-2024T23:14:59 - [TEST_STEP][PASSED] - openBrowser(""): Browser is opened with url: ''

02-10-2024T23:14:59 - [MESSAGE][WARNING] - A browser is already opened. Closing browser and opening a new one

02-10-2024T23:14:59 - [MESSAGE][INFO] - Starting 'Chrome' driver

02-10-2024T23:14:59 - [MESSAGE][INFO] - Action delay is set to 0 milliseconds

02-10-2024T23:15:00 - [MESSAGE][PASSED] - Browser is opened with url: ''

02-10-2024T23:15:00 - [TEST_STEP][PASSED] - maximizeWindow(): Current window maximized

02-10-2024T23:15:00 - [MESSAGE][PASSED] - Current window maximized

02-10-2024T23:15:00 - [TEST_STEP][PASSED] - navigateToUrl("http://frameworks.cairnshardware.com.au:8080/FWDemo/Fluid.html#homeDashboard,dash,Frameworks.Activity.Menu.HomeDashBoard"): Navigate to 'http://frameworks.cairnshardware.com.au:8080/FWDemo/Fluid.html#homeDashboard,dash,Frameworks.Activity.Menu.HomeDashBoard' successfully

02-10-2024T23:15:03 - [MESSAGE][PASSED] - Navigate to 'http://frameworks.cairnshardware.com.au:8080/FWDemo/Fluid.html#homeDashboard,dash,Frameworks.Activity.Menu.HomeDashBoard' successfully

02-10-2024T23:15:03 - [TEST_STEP][PASSED] - setText(findTestObject("Object Repository/TS5_POS_CashRefund_Full_CHC/Page_Frameworks (Demo)/input_User ID_userid"), userName): Text 'manaki' is set on object 'Object Repository/TS5_POS_CashRefund_Full_CHC/Page_Frameworks (Demo)/input_User ID_userid'

02-10-2024T23:15:05 - [MESSAGE][PASSED] - Text 'manaki' is set on object 'Object Repository/TS5_POS_CashRefund_Full_CHC/Page_Frameworks (Demo)/input_User ID_userid'

02-10-2024T23:15:05 - [TEST_STEP][PASSED] - setEncryptedText(findTestObject("Object Repository/TS5_POS_CashRefund_Full_CHC/Page_Frameworks (Demo)/input_Password_password"), "BvRmjN+0xFM="): Text ****** has been set on object 'Object Repository/TS5_POS_CashRefund_Full_CHC/Page_Frameworks (Demo)/input_Password_password'

02-10-2024T23:15:06 - [MESSAGE][PASSED] - Text ****** has been set on object 'Object Repository/TS5_POS_CashRefund_Full_CHC/Page_Frameworks (Demo)/input_Password_password'

02-10-2024T23:15:06 - [TEST_STEP][PASSED] - click(findTestObject("Object Repository/TS5_POS_CashRefund_Full_CHC/Page_Frameworks (Demo)/div_Login")): Object: 'Object Repository/TS5_POS_CashRefund_Full_CHC/Page_Frameworks (Demo)/div_Login' is clicked on

02-10-2024T23:15:06 - [MESSAGE][PASSED] - Object: 'Object Repository/TS5_POS_CashRefund_Full_CHC/Page_Frameworks (Demo)/div_Login' is clicked on

02-10-2024T23:15:06 - [TEST_STEP][PASSED] - click(findTestObject("Object Repository/TS5_POS_CashRefund_Full_CHC/Page_Frameworks (Demo)/Fws_Menu")): Object: 'Object Repository/TS5_POS_CashRefund_Full_CHC/Page_Frameworks (Demo)/Fws_Menu' is clicked on

02-10-2024T23:15:09 - [MESSAGE][PASSED] - Object: 'Object Repository/TS5_POS_CashRefund_Full_CHC/Page_Frameworks (Demo)/Fws_Menu' is clicked on

02-10-2024T23:15:09 - [TEST_STEP][PASSED] - click(findTestObject("Object Repository/TS5_POS_CashRefund_Full_CHC/Page_Frameworks (Demo)/Sales_TransactionProcessing")): Object: 'Object Repository/TS5_POS_CashRefund_Full_CHC/Page_Frameworks (Demo)/Sales_TransactionProcessing' is clicked on

02-10-2024T23:15:09 - [MESSAGE][PASSED] - Object: 'Object Repository/TS5_POS_CashRefund_Full_CHC/Page_Frameworks (Demo)/Sales_TransactionProcessing' is clicked on

02-10-2024T23:15:09 - [TEST_STEP][PASSED] - click(findTestObject("Object Repository/TS5_POS_CashRefund_Full_CHC/Page_Frameworks (Demo)/td_Credit Notes")): Object: 'Object Repository/TS5_POS_CashRefund_Full_CHC/Page_Frameworks (Demo)/td_Credit Notes' is clicked on

02-10-2024T23:15:10 - [MESSAGE][PASSED] - Object: 'Object Repository/TS5_POS_CashRefund_Full_CHC/Page_Frameworks (Demo)/td_Credit Notes' is clicked on

02-10-2024T23:15:10 - [TEST_STEP][PASSED] - delay(2): Delayed 2 second(s)

02-10-2024T23:15:12 - [MESSAGE][PASSED] - Delayed 2 second(s)

02-10-2024T23:15:12 - [TEST_STEP][PASSED] - takeFullPageScreenshot(): Taking screenshot successfully

02-10-2024T23:15:12 - [MESSAGE][INFO] - 0 hidden object(s)

02-10-2024T23:15:12 - [MESSAGE][PASSED] - Taking screenshot successfully
[[ATTACHMENT|C:\\Users\\User\\git\\frameworks-regression-test-automation\\Reports\\20241002_231414\\CHC_Instance\\PointofSale_Module\\TS6_POS_Cash_Refund_Partial_CHC\\20241002_231414\\1727874912382.png]]

02-10-2024T23:15:12 - [TEST_STEP][PASSED] - click(findTestObject("Object Repository/TS5_POS_CashRefund_Full_CHC/Page_Frameworks (Demo)/div_New")): Object: 'Object Repository/TS5_POS_CashRefund_Full_CHC/Page_Frameworks (Demo)/div_New' is clicked on

02-10-2024T23:15:13 - [MESSAGE][PASSED] - Object: 'Object Repository/TS5_POS_CashRefund_Full_CHC/Page_Frameworks (Demo)/div_New' is clicked on

02-10-2024T23:15:13 - [TEST_STEP][PASSED] - delay(2): Delayed 2 second(s)

02-10-2024T23:15:15 - [MESSAGE][PASSED] - Delayed 2 second(s)

02-10-2024T23:15:15 - [TEST_STEP][PASSED] - takeFullPageScreenshot(): Taking screenshot successfully

02-10-2024T23:15:15 - [MESSAGE][INFO] - 0 hidden object(s)

02-10-2024T23:15:16 - [MESSAGE][PASSED] - Taking screenshot successfully
[[ATTACHMENT|C:\\Users\\User\\git\\frameworks-regression-test-automation\\Reports\\20241002_231414\\CHC_Instance\\PointofSale_Module\\TS6_POS_Cash_Refund_Partial_CHC\\20241002_231414\\1727874915264.png]]

02-10-2024T23:15:16 - [TEST_STEP][PASSED] - transaction_Number = getText(findTestObject("Object Repository/TS5_POS_CashRefund_Full_CHC/Page_Frameworks (Demo)/transaction_Number")): Text of object 'Object Repository/TS5_POS_CashRefund_Full_CHC/Page_Frameworks (Demo)/transaction_Number' is: '13072665'

02-10-2024T23:15:16 - [MESSAGE][PASSED] - Text of object 'Object Repository/TS5_POS_CashRefund_Full_CHC/Page_Frameworks (Demo)/transaction_Number' is: '13072665'

02-10-2024T23:15:16 - [TEST_STEP][PASSED] - println(transaction_Number): null

02-10-2024T23:15:16 - [TEST_STEP][PASSED] - click(findTestObject("Object Repository/TS5_POS_CashRefund_Full_CHC/Page_Frameworks (Demo)/table_Select a Value")): Object: 'Object Repository/TS5_POS_CashRefund_Full_CHC/Page_Frameworks (Demo)/table_Select a Value' is clicked on

02-10-2024T23:15:16 - [MESSAGE][PASSED] - Object: 'Object Repository/TS5_POS_CashRefund_Full_CHC/Page_Frameworks (Demo)/table_Select a Value' is clicked on

02-10-2024T23:15:16 - [TEST_STEP][PASSED] - click(findTestObject("Object Repository/TS5_POS_CashRefund_Full_CHC/Page_Frameworks (Demo)/div_Stock Return")): Object: 'Object Repository/TS5_POS_CashRefund_Full_CHC/Page_Frameworks (Demo)/div_Stock Return' is clicked on

02-10-2024T23:15:17 - [MESSAGE][PASSED] - Object: 'Object Repository/TS5_POS_CashRefund_Full_CHC/Page_Frameworks (Demo)/div_Stock Return' is clicked on

02-10-2024T23:15:17 - [TEST_STEP][PASSED] - click(findTestObject("Object Repository/TS5_POS_CashRefund_Full_CHC/Page_Frameworks (Demo)/table_Reason_isc_YX")): Object: 'Object Repository/TS5_POS_CashRefund_Full_CHC/Page_Frameworks (Demo)/table_Reason_isc_YX' is clicked on

02-10-2024T23:15:18 - [MESSAGE][PASSED] - Object: 'Object Repository/TS5_POS_CashRefund_Full_CHC/Page_Frameworks (Demo)/table_Reason_isc_YX' is clicked on

02-10-2024T23:15:18 - [TEST_STEP][PASSED] - click(findTestObject("Object Repository/TS5_POS_CashRefund_Full_CHC/Page_Frameworks (Demo)/div_1 - Stock Return")): Object: 'Object Repository/TS5_POS_CashRefund_Full_CHC/Page_Frameworks (Demo)/div_1 - Stock Return' is clicked on

02-10-2024T23:15:19 - [MESSAGE][PASSED] - Object: 'Object Repository/TS5_POS_CashRefund_Full_CHC/Page_Frameworks (Demo)/div_1 - Stock Return' is clicked on

02-10-2024T23:15:19 - [TEST_STEP][PASSED] - click(findTestObject("Object Repository/TS5_POS_CashRefund_Full_CHC/Page_Frameworks (Demo)/input_Original Docket_originalDocket"), STOP_ON_FAILURE): Object: 'Object Repository/TS5_POS_CashRefund_Full_CHC/Page_Frameworks (Demo)/input_Original Docket_originalDocket' is clicked on

02-10-2024T23:15:20 - [MESSAGE][PASSED] - Object: 'Object Repository/TS5_POS_CashRefund_Full_CHC/Page_Frameworks (Demo)/input_Original Docket_originalDocket' is clicked on

02-10-2024T23:15:20 - [TEST_STEP][PASSED] - sendKeys(findTestObject("Object Repository/TS5_POS_CashRefund_Full_CHC/Page_Frameworks (Demo)/input_Original Docket_originalDocket"), docketNumber): Keys '13072663' sent to object: 'Object Repository/TS5_POS_CashRefund_Full_CHC/Page_Frameworks (Demo)/input_Original Docket_originalDocket'

02-10-2024T23:15:20 - [MESSAGE][PASSED] - Keys '13072663' sent to object: 'Object Repository/TS5_POS_CashRefund_Full_CHC/Page_Frameworks (Demo)/input_Original Docket_originalDocket'

02-10-2024T23:15:20 - [TEST_STEP][PASSED] - click(findTestObject("Object Repository/TS5_POS_CashRefund_Full_CHC/Page_Frameworks (Demo)/div_BranchDropdown")): Object: 'Object Repository/TS5_POS_CashRefund_Full_CHC/Page_Frameworks (Demo)/div_BranchDropdown' is clicked on

02-10-2024T23:15:21 - [MESSAGE][PASSED] - Object: 'Object Repository/TS5_POS_CashRefund_Full_CHC/Page_Frameworks (Demo)/div_BranchDropdown' is clicked on

02-10-2024T23:15:21 - [TEST_STEP][PASSED] - click(findTestObject("Object Repository/TS5_POS_CashRefund_Full_CHC/Page_Frameworks (Demo)/div_501 - DEMONSTRATION BRANCH 501")): Object: 'Object Repository/TS5_POS_CashRefund_Full_CHC/Page_Frameworks (Demo)/div_501 - DEMONSTRATION BRANCH 501' is clicked on

02-10-2024T23:15:22 - [MESSAGE][PASSED] - Object: 'Object Repository/TS5_POS_CashRefund_Full_CHC/Page_Frameworks (Demo)/div_501 - DEMONSTRATION BRANCH 501' is clicked on

02-10-2024T23:15:22 - [TEST_STEP][PASSED] - delay(2): Delayed 2 second(s)

02-10-2024T23:15:24 - [MESSAGE][PASSED] - Delayed 2 second(s)

02-10-2024T23:15:24 - [TEST_STEP][PASSED] - takeFullPageScreenshot(): Taking screenshot successfully

02-10-2024T23:15:24 - [MESSAGE][INFO] - 0 hidden object(s)

02-10-2024T23:15:24 - [MESSAGE][PASSED] - Taking screenshot successfully
[[ATTACHMENT|C:\\Users\\User\\git\\frameworks-regression-test-automation\\Reports\\20241002_231414\\CHC_Instance\\PointofSale_Module\\TS6_POS_Cash_Refund_Partial_CHC\\20241002_231414\\1727874924397.png]]

02-10-2024T23:15:24 - [TEST_STEP][PASSED] - click(findTestObject("Object Repository/TS5_POS_CashRefund_Full_CHC/Page_Frameworks (Demo)/div_Load Details")): Object: 'Object Repository/TS5_POS_CashRefund_Full_CHC/Page_Frameworks (Demo)/div_Load Details' is clicked on

02-10-2024T23:15:25 - [MESSAGE][PASSED] - Object: 'Object Repository/TS5_POS_CashRefund_Full_CHC/Page_Frameworks (Demo)/div_Load Details' is clicked on

02-10-2024T23:15:25 - [TEST_STEP][PASSED] - delay(2): Delayed 2 second(s)

02-10-2024T23:15:27 - [MESSAGE][PASSED] - Delayed 2 second(s)

02-10-2024T23:15:27 - [TEST_STEP][PASSED] - takeFullPageScreenshot(): Taking screenshot successfully

02-10-2024T23:15:27 - [MESSAGE][INFO] - 0 hidden object(s)

02-10-2024T23:15:27 - [MESSAGE][PASSED] - Taking screenshot successfully
[[ATTACHMENT|C:\\Users\\User\\git\\frameworks-regression-test-automation\\Reports\\20241002_231414\\CHC_Instance\\PointofSale_Module\\TS6_POS_Cash_Refund_Partial_CHC\\20241002_231414\\1727874927338.png]]

02-10-2024T23:15:27 - [TEST_STEP][PASSED] - click(findTestObject("Object Repository/TS5_POS_CashRefund_Full_CHC/Page_Frameworks (Demo)/div_CreditQty_Row1")): Object: 'Object Repository/TS5_POS_CashRefund_Full_CHC/Page_Frameworks (Demo)/div_CreditQty_Row1' is clicked on

02-10-2024T23:15:28 - [MESSAGE][PASSED] - Object: 'Object Repository/TS5_POS_CashRefund_Full_CHC/Page_Frameworks (Demo)/div_CreditQty_Row1' is clicked on

02-10-2024T23:15:28 - [TEST_STEP][PASSED] - sendKeys(findTestObject("Object Repository/TS5_POS_CashRefund_Full_CHC/Page_Frameworks (Demo)/input_CreditQty_row1"), "1"): Keys '1' sent to object: 'Object Repository/TS5_POS_CashRefund_Full_CHC/Page_Frameworks (Demo)/input_CreditQty_row1'

02-10-2024T23:15:28 - [MESSAGE][PASSED] - Keys '1' sent to object: 'Object Repository/TS5_POS_CashRefund_Full_CHC/Page_Frameworks (Demo)/input_CreditQty_row1'

02-10-2024T23:15:28 - [TEST_STEP][PASSED] - delay(2): Delayed 2 second(s)

02-10-2024T23:15:30 - [MESSAGE][PASSED] - Delayed 2 second(s)

02-10-2024T23:15:31 - [TEST_STEP][PASSED] - takeFullPageScreenshot(): Taking screenshot successfully

02-10-2024T23:15:31 - [MESSAGE][INFO] - 0 hidden object(s)

02-10-2024T23:15:31 - [MESSAGE][PASSED] - Taking screenshot successfully
[[ATTACHMENT|C:\\Users\\User\\git\\frameworks-regression-test-automation\\Reports\\20241002_231414\\CHC_Instance\\PointofSale_Module\\TS6_POS_Cash_Refund_Partial_CHC\\20241002_231414\\1727874931006.png]]

02-10-2024T23:15:31 - [TEST_STEP][PASSED] - click(findTestObject("Object Repository/TS5_POS_CashRefund_Full_CHC/Page_Frameworks (Demo)/div_Finish (S)")): Object: 'Object Repository/TS5_POS_CashRefund_Full_CHC/Page_Frameworks (Demo)/div_Finish (S)' is clicked on

02-10-2024T23:15:31 - [MESSAGE][PASSED] - Object: 'Object Repository/TS5_POS_CashRefund_Full_CHC/Page_Frameworks (Demo)/div_Finish (S)' is clicked on

02-10-2024T23:15:31 - [TEST_STEP][PASSED] - delay(2): Delayed 2 second(s)

02-10-2024T23:15:33 - [MESSAGE][PASSED] - Delayed 2 second(s)

02-10-2024T23:15:33 - [TEST_STEP][PASSED] - takeFullPageScreenshot(): Taking screenshot successfully

02-10-2024T23:15:34 - [MESSAGE][INFO] - 0 hidden object(s)

02-10-2024T23:15:34 - [MESSAGE][PASSED] - Taking screenshot successfully
[[ATTACHMENT|C:\\Users\\User\\git\\frameworks-regression-test-automation\\Reports\\20241002_231414\\CHC_Instance\\PointofSale_Module\\TS6_POS_Cash_Refund_Partial_CHC\\20241002_231414\\1727874933910.png]]

02-10-2024T23:15:34 - [TEST_STEP][PASSED] - click(findTestObject("Object Repository/TS5_POS_CashRefund_Full_CHC/Page_Frameworks (Demo)/div_EFTPOS")): Object: 'Object Repository/TS5_POS_CashRefund_Full_CHC/Page_Frameworks (Demo)/div_EFTPOS' is clicked on

02-10-2024T23:15:34 - [MESSAGE][PASSED] - Object: 'Object Repository/TS5_POS_CashRefund_Full_CHC/Page_Frameworks (Demo)/div_EFTPOS' is clicked on

02-10-2024T23:15:34 - [TEST_STEP][PASSED] - delay(2): Delayed 2 second(s)

02-10-2024T23:15:36 - [MESSAGE][PASSED] - Delayed 2 second(s)

02-10-2024T23:15:36 - [TEST_STEP][PASSED] - takeFullPageScreenshot(): Taking screenshot successfully

02-10-2024T23:15:37 - [MESSAGE][INFO] - 0 hidden object(s)

02-10-2024T23:15:37 - [MESSAGE][PASSED] - Taking screenshot successfully
[[ATTACHMENT|C:\\Users\\User\\git\\frameworks-regression-test-automation\\Reports\\20241002_231414\\CHC_Instance\\PointofSale_Module\\TS6_POS_Cash_Refund_Partial_CHC\\20241002_231414\\1727874936741.png]]

02-10-2024T23:15:37 - [TEST_STEP][PASSED] - click(findTestObject("Object Repository/TS5_POS_CashRefund_Full_CHC/Page_Frameworks (Demo)/img_EftposTransact")): Object: 'Object Repository/TS5_POS_CashRefund_Full_CHC/Page_Frameworks (Demo)/img_EftposTransact' is clicked on

02-10-2024T23:15:37 - [MESSAGE][PASSED] - Object: 'Object Repository/TS5_POS_CashRefund_Full_CHC/Page_Frameworks (Demo)/img_EftposTransact' is clicked on

02-10-2024T23:15:37 - [TEST_STEP][PASSED] - updatesourceFile = new java.io.FileInputStream(ExcelFile): null

02-10-2024T23:15:37 - [TEST_STEP][PASSED] - updateWorkbook = new org.apache.poi.xssf.usermodel.XSSFWorkbook(updatesourceFile): null

02-10-2024T23:15:37 - [TEST_STEP][PASSED] - updateSheet = updateWorkbook.getSheet("Sheet1"): null

02-10-2024T23:15:37 - [TEST_STEP][PASSED] - updateRow = updateSheet.getRow(0): null

02-10-2024T23:15:37 - [TEST_STEP][PASSED] - updateCell = updateRow.getCell(1): null

02-10-2024T23:15:37 - [TEST_STEP][PASSED] - updateRow = updateSheet.createRow(2): null

02-10-2024T23:15:37 - [TEST_STEP][PASSED] - updateCell = updateRow.createCell(0): null

02-10-2024T23:15:37 - [TEST_STEP][PASSED] - updateCell.setCellValue("TransactionNumber"): null

02-10-2024T23:15:37 - [TEST_STEP][PASSED] - updateCell = updateRow.createCell(1): null

02-10-2024T23:15:37 - [TEST_STEP][PASSED] - updateCell.setCellValue(transaction_Number): null

02-10-2024T23:15:37 - [TEST_STEP][PASSED] - fos = new java.io.FileOutputStream(ExcelFile): null

02-10-2024T23:15:37 - [TEST_STEP][PASSED] - updateWorkbook.write(fos): null

02-10-2024T23:15:37 - [TEST_STEP][PASSED] - fos.close(): null

02-10-2024T23:15:37 - [TEST_STEP][PASSED] - updatesourceFile.close(): null

02-10-2024T23:15:37 - [TEST_STEP][PASSED] - click(findTestObject("Object Repository/TS5_POS_CashRefund_Full_CHC/Page_Frameworks (Demo)/img_Accountdropd")): Object: 'Object Repository/TS5_POS_CashRefund_Full_CHC/Page_Frameworks (Demo)/img_Accountdropd' is clicked on

02-10-2024T23:15:39 - [MESSAGE][PASSED] - Object: 'Object Repository/TS5_POS_CashRefund_Full_CHC/Page_Frameworks (Demo)/img_Accountdropd' is clicked on

02-10-2024T23:15:39 - [TEST_STEP][PASSED] - click(findTestObject("Object Repository/TS5_POS_CashRefund_Full_CHC/Page_Frameworks (Demo)/div_Logout")): Object: 'Object Repository/TS5_POS_CashRefund_Full_CHC/Page_Frameworks (Demo)/div_Logout' is clicked on

02-10-2024T23:15:40 - [MESSAGE][PASSED] - Object: 'Object Repository/TS5_POS_CashRefund_Full_CHC/Page_Frameworks (Demo)/div_Logout' is clicked on]]></system-out>
         <system-err><![CDATA[]]></system-err>
      </testcase>
      <testcase name="Test Cases/CHC_Instance/PointofSale_Module/TS6_POS_CashRefund_Partial_StockReturn/POS_CashRefund_Partial_ValidateStock_CHC" time="51.49" classname="Test Cases/CHC_Instance/PointofSale_Module/TS6_POS_CashRefund_Partial_StockReturn/POS_CashRefund_Partial_ValidateStock_CHC" status="PASSED">
         <system-out><![CDATA[02-10-2024T23:15:40 - [TEST_CASE][PASSED] - Test Cases/CHC_Instance/PointofSale_Module/TS6_POS_CashRefund_Partial_StockReturn/POS_CashRefund_Partial_ValidateStock_CHC: Test Cases/CHC_Instance/PointofSale_Module/TS6_POS_CashRefund_Partial_StockReturn/POS_CashRefund_Partial_ValidateStock_CHC

02-10-2024T23:15:40 - [TEST_STEP][PASSED] - sourceFile = new java.io.FileInputStream(ExcelFile): null

02-10-2024T23:15:40 - [TEST_STEP][PASSED] - workbook = new org.apache.poi.xssf.usermodel.XSSFWorkbook(sourceFile): null

02-10-2024T23:15:40 - [TEST_STEP][PASSED] - sheet = workbook.getSheet("Sheet1"): null

02-10-2024T23:15:40 - [TEST_STEP][PASSED] - row = sheet.getRow(2): null

02-10-2024T23:15:40 - [TEST_STEP][PASSED] - cell = row.getCell(1): null

02-10-2024T23:15:40 - [TEST_STEP][PASSED] - transactionNumber = cell.getStringCellValue(): null

02-10-2024T23:15:40 - [TEST_STEP][PASSED] - println(transactionNumber): null

02-10-2024T23:15:40 - [TEST_STEP][PASSED] - sourceFile.close(): null

02-10-2024T23:15:40 - [TEST_STEP][PASSED] - openBrowser(""): Browser is opened with url: ''

02-10-2024T23:15:40 - [MESSAGE][WARNING] - A browser is already opened. Closing browser and opening a new one

02-10-2024T23:15:41 - [MESSAGE][INFO] - Starting 'Chrome' driver

02-10-2024T23:15:41 - [MESSAGE][INFO] - Action delay is set to 0 milliseconds

02-10-2024T23:15:41 - [MESSAGE][PASSED] - Browser is opened with url: ''

02-10-2024T23:15:41 - [TEST_STEP][PASSED] - maximizeWindow(): Current window maximized

02-10-2024T23:15:41 - [MESSAGE][PASSED] - Current window maximized

02-10-2024T23:15:41 - [TEST_STEP][PASSED] - navigateToUrl("http://frameworks.cairnshardware.com.au:8080/FWDemo/Fluid.html#homeDashboard,dash,Frameworks.Activity.Menu.HomeDashBoard"): Navigate to 'http://frameworks.cairnshardware.com.au:8080/FWDemo/Fluid.html#homeDashboard,dash,Frameworks.Activity.Menu.HomeDashBoard' successfully

02-10-2024T23:15:46 - [MESSAGE][PASSED] - Navigate to 'http://frameworks.cairnshardware.com.au:8080/FWDemo/Fluid.html#homeDashboard,dash,Frameworks.Activity.Menu.HomeDashBoard' successfully

02-10-2024T23:15:46 - [TEST_STEP][PASSED] - setText(findTestObject("Object Repository/TS3_POS_AccountCredit_Full_CHC/Page_Frameworks (Demo)/input_User ID_userid"), userName): Text 'manaki' is set on object 'Object Repository/TS3_POS_AccountCredit_Full_CHC/Page_Frameworks (Demo)/input_User ID_userid'

02-10-2024T23:15:50 - [MESSAGE][PASSED] - Text 'manaki' is set on object 'Object Repository/TS3_POS_AccountCredit_Full_CHC/Page_Frameworks (Demo)/input_User ID_userid'

02-10-2024T23:15:50 - [TEST_STEP][PASSED] - setEncryptedText(findTestObject("Object Repository/TS3_POS_AccountCredit_Full_CHC/Page_Frameworks (Demo)/input_Password_password"), "BvRmjN+0xFM="): Text ****** has been set on object 'Object Repository/TS3_POS_AccountCredit_Full_CHC/Page_Frameworks (Demo)/input_Password_password'

02-10-2024T23:15:51 - [MESSAGE][PASSED] - Text ****** has been set on object 'Object Repository/TS3_POS_AccountCredit_Full_CHC/Page_Frameworks (Demo)/input_Password_password'

02-10-2024T23:15:51 - [TEST_STEP][PASSED] - click(findTestObject("Object Repository/TS3_POS_AccountCredit_Full_CHC/Page_Frameworks (Demo)/div_Login")): Object: 'Object Repository/TS3_POS_AccountCredit_Full_CHC/Page_Frameworks (Demo)/div_Login' is clicked on

02-10-2024T23:15:51 - [MESSAGE][PASSED] - Object: 'Object Repository/TS3_POS_AccountCredit_Full_CHC/Page_Frameworks (Demo)/div_Login' is clicked on

02-10-2024T23:15:51 - [TEST_STEP][PASSED] - click(findTestObject("Object Repository/TS1_BT_BranchTransfer_DBC/New_Interface/Stock_Receipt/Page_Frameworks (Demo)/img_ProductDashboard")): Object: 'Object Repository/TS1_BT_BranchTransfer_DBC/New_Interface/Stock_Receipt/Page_Frameworks (Demo)/img_ProductDashboard' is clicked on

02-10-2024T23:16:22 - [MESSAGE][INFO] - Unable to find the element located by 'By.xpath: //img[contains(@src,'http://frameworks.dahlsens.com.au:8080/FWDemo/frameworks/sc/skins/Frameworks7/images/custom/menus/product.png')]'. Please recheck the objects properties to make sure the desired element is located. 

02-10-2024T23:16:22 - [MESSAGE][WARNING] - [SELF-HEALING] Failed to find element with id 'Object Repository/TS1_BT_BranchTransfer_DBC/New_Interface/Stock_Receipt/Page_Frameworks (Demo)/img_ProductDashboard'. Try using Self-healing.

02-10-2024T23:16:22 - [MESSAGE][WARNING] - [SELF-HEALING] The current locator of test object 'Object Repository/TS1_BT_BranchTransfer_DBC/New_Interface/Stock_Receipt/Page_Frameworks (Demo)/img_ProductDashboard' was broken. Propose an alternative one: '//div[@id='isc_2A']/img'.

02-10-2024T23:16:23 - [MESSAGE][PASSED] - Object: 'Object Repository/TS1_BT_BranchTransfer_DBC/New_Interface/Stock_Receipt/Page_Frameworks (Demo)/img_ProductDashboard' is clicked on

02-10-2024T23:16:23 - [TEST_STEP][PASSED] - setText(findTestObject("Object Repository/TS1_BT_BranchTransfer_DBC/New_Interface/Stock_Receipt/Page_Frameworks (Demo)/input_Product_ProdId"), "5006866"): Text '5006866' is set on object 'Object Repository/TS1_BT_BranchTransfer_DBC/New_Interface/Stock_Receipt/Page_Frameworks (Demo)/input_Product_ProdId'

02-10-2024T23:16:24 - [MESSAGE][PASSED] - Text '5006866' is set on object 'Object Repository/TS1_BT_BranchTransfer_DBC/New_Interface/Stock_Receipt/Page_Frameworks (Demo)/input_Product_ProdId'

02-10-2024T23:16:24 - [TEST_STEP][PASSED] - click(findTestObject("Object Repository/TS1_BT_BranchTransfer_DBC/New_Interface/Stock_Receipt/Page_Frameworks (Demo)/td_Find")): Object: 'Object Repository/TS1_BT_BranchTransfer_DBC/New_Interface/Stock_Receipt/Page_Frameworks (Demo)/td_Find' is clicked on

02-10-2024T23:16:25 - [MESSAGE][PASSED] - Object: 'Object Repository/TS1_BT_BranchTransfer_DBC/New_Interface/Stock_Receipt/Page_Frameworks (Demo)/td_Find' is clicked on

02-10-2024T23:16:25 - [TEST_STEP][PASSED] - delay(2): Delayed 2 second(s)

02-10-2024T23:16:27 - [MESSAGE][PASSED] - Delayed 2 second(s)

02-10-2024T23:16:27 - [TEST_STEP][PASSED] - takeFullPageScreenshot(): Taking screenshot successfully

02-10-2024T23:16:27 - [MESSAGE][INFO] - 0 hidden object(s)

02-10-2024T23:16:27 - [MESSAGE][PASSED] - Taking screenshot successfully
[[ATTACHMENT|C:\\Users\\User\\git\\frameworks-regression-test-automation\\Reports\\20241002_231414\\CHC_Instance\\PointofSale_Module\\TS6_POS_Cash_Refund_Partial_CHC\\20241002_231414\\1727874987238.png]]

02-10-2024T23:16:27 - [TEST_STEP][PASSED] - click(findTestObject("Object Repository/TS1_BT_BranchTransfer_DBC/New_Interface/Stock_Receipt/Page_Frameworks (Demo)/div_Stock Movements")): Object: 'Object Repository/TS1_BT_BranchTransfer_DBC/New_Interface/Stock_Receipt/Page_Frameworks (Demo)/div_Stock Movements' is clicked on

02-10-2024T23:16:28 - [MESSAGE][PASSED] - Object: 'Object Repository/TS1_BT_BranchTransfer_DBC/New_Interface/Stock_Receipt/Page_Frameworks (Demo)/div_Stock Movements' is clicked on

02-10-2024T23:16:28 - [TEST_STEP][PASSED] - delay(2): Delayed 2 second(s)

02-10-2024T23:16:30 - [MESSAGE][PASSED] - Delayed 2 second(s)

02-10-2024T23:16:30 - [TEST_STEP][PASSED] - takeFullPageScreenshot(): Taking screenshot successfully

02-10-2024T23:16:30 - [MESSAGE][INFO] - 0 hidden object(s)

02-10-2024T23:16:30 - [MESSAGE][PASSED] - Taking screenshot successfully
[[ATTACHMENT|C:\\Users\\User\\git\\frameworks-regression-test-automation\\Reports\\20241002_231414\\CHC_Instance\\PointofSale_Module\\TS6_POS_Cash_Refund_Partial_CHC\\20241002_231414\\1727874990080.png]]

02-10-2024T23:16:30 - [TEST_STEP][PASSED] - verifyTextPresent(transactionNumber, false): Text '13072665' is present on page 

02-10-2024T23:16:30 - [MESSAGE][PASSED] - Text '13072665' is present on page 

02-10-2024T23:16:30 - [TEST_STEP][PASSED] - click(findTestObject("Object Repository/Create_PurchaseOrder_CHC/Page_Frameworks (Demo)/img_Accountdropd")): Object: 'Object Repository/Create_PurchaseOrder_CHC/Page_Frameworks (Demo)/img_Accountdropd' is clicked on

02-10-2024T23:16:31 - [MESSAGE][PASSED] - Object: 'Object Repository/Create_PurchaseOrder_CHC/Page_Frameworks (Demo)/img_Accountdropd' is clicked on

02-10-2024T23:16:31 - [TEST_STEP][PASSED] - click(findTestObject("Object Repository/Create_PurchaseOrder_CHC/Page_Frameworks (Demo)/div_Logout")): Object: 'Object Repository/Create_PurchaseOrder_CHC/Page_Frameworks (Demo)/div_Logout' is clicked on

02-10-2024T23:16:31 - [MESSAGE][PASSED] - Object: 'Object Repository/Create_PurchaseOrder_CHC/Page_Frameworks (Demo)/div_Logout' is clicked on]]></system-out>
         <system-err><![CDATA[]]></system-err>
      </testcase>
      <system-out><![CDATA[02-10-2024T23:14:21 - [TEST_SUITE][PASSED] - TS6_POS_Cash_Refund_Partial_CHC: Test Cases/CHC_Instance/PointofSale_Module/TS6_POS_CashRefund_Partial_StockReturn/POS_CashRefund_Partial_ValidateStock_CHC]]></system-out>
      <system-err><![CDATA[]]></system-err>
   </testsuite>
</testsuites>
