<?xml version="1.0" encoding="UTF-8"?>
<testsuites name="TS9_POS_Suspend_Resume_Sale" time="54.076" tests="2" failures="0" errors="0">
   <testsuite name="TS9_POS_Suspend_Resume_Sale" tests="2" failures="0" errors="0" time="54.076" skipped="0" timestamp="07-10-2024T22:47:55" hostname="User - ROG" id="Test Suites/DBC_Instance/PointofSale_Module/New_Interface/TS9_POS_Suspend_Resume_Sale">
      <properties>
         <property name="deviceName" value=""/>
         <property name="devicePlatform"/>
         <property name="logFolder" value="C:\\Users\\User\\git\\frameworks-regression-test-automation\\Reports\\20241007_224747\\DBC_Instance\\PointofSale_Module\\New_Interface\\TS9_POS_Suspend_Resume_Sale\\20241007_224748"/>
         <property name="logFiles" value="C:\\Users\\User\\git\\frameworks-regression-test-automation\\Reports\\20241007_224747\\DBC_Instance\\PointofSale_Module\\New_Interface\\TS9_POS_Suspend_Resume_Sale\\20241007_224748\\execution0.log"/>
         <property name="attachments" value="C:\\Users\\User\\git\\frameworks-regression-test-automation\\Reports\\20241007_224747\\DBC_Instance\\PointofSale_Module\\New_Interface\\TS9_POS_Suspend_Resume_Sale\\20241007_224748\\1728301695163.png, C:\\Users\\User\\git\\frameworks-regression-test-automation\\Reports\\20241007_224747\\DBC_Instance\\PointofSale_Module\\New_Interface\\TS9_POS_Suspend_Resume_Sale\\20241007_224748\\1728301698246.png, C:\\Users\\User\\git\\frameworks-regression-test-automation\\Reports\\20241007_224747\\DBC_Instance\\PointofSale_Module\\New_Interface\\TS9_POS_Suspend_Resume_Sale\\20241007_224748\\1728301713995.png"/>
         <property name="hostName" value="User - ROG"/>
         <property name="os" value="Windows 11 64bit"/>
         <property name="katalonVersion" value="9.5.0.217"/>
         <property name="browser" value="Chrome 129.0.0.0"/>
         <property name="hostAddress" value="10.192.251.1"/>
         <property name="sessionId" value="cb5fa2ff8190e5c9a90983863b0c49bb"/>
         <property name="seleniumVersion" value="3.141.59"/>
         <property name="proxyInformation" value="ProxyInformation { proxyOption=NO_PROXY, proxyServerType=HTTP, username=, password=********, proxyServerAddress=, proxyServerPort=0, executionList=&quot;&quot;, isApplyToDesiredCapabilities=true }"/>
         <property name="platform" value="Windows 11"/>
      </properties>
      <testcase name="Test Cases/DBC_Instance/PointofSale_Module/TS9_POS_SuspendResume_Sale/POS_Suspend_Sale" time="24.995" classname="Test Cases/DBC_Instance/PointofSale_Module/TS9_POS_SuspendResume_Sale/POS_Suspend_Sale" status="PASSED">
         <system-out><![CDATA[07-10-2024T22:47:55 - [TEST_CASE][PASSED] - Test Cases/DBC_Instance/PointofSale_Module/TS9_POS_SuspendResume_Sale/POS_Suspend_Sale: Test Cases/DBC_Instance/PointofSale_Module/TS9_POS_SuspendResume_Sale/POS_Suspend_Sale

07-10-2024T22:47:56 - [TEST_STEP][PASSED] - openBrowser(""): Browser is opened with url: ''

07-10-2024T22:47:56 - [MESSAGE][INFO] - Starting 'Chrome' driver

07-10-2024T22:47:56 - [MESSAGE][INFO] - Action delay is set to 0 milliseconds

07-10-2024T22:47:57 - [MESSAGE][PASSED] - Browser is opened with url: ''

07-10-2024T22:47:57 - [TEST_STEP][PASSED] - maximizeWindow(): Current window maximized

07-10-2024T22:47:57 - [MESSAGE][PASSED] - Current window maximized

07-10-2024T22:47:57 - [TEST_STEP][PASSED] - navigateToUrl("http://frameworks.dahlsens.com.au:8080/FWDemo/Fluid.html#homeDashboard,dash,Frameworks.Activity.Menu.HomeDashBoard"): Navigate to 'http://frameworks.dahlsens.com.au:8080/FWDemo/Fluid.html#homeDashboard,dash,Frameworks.Activity.Menu.HomeDashBoard' successfully

07-10-2024T22:48:00 - [MESSAGE][PASSED] - Navigate to 'http://frameworks.dahlsens.com.au:8080/FWDemo/Fluid.html#homeDashboard,dash,Frameworks.Activity.Menu.HomeDashBoard' successfully

07-10-2024T22:48:00 - [TEST_STEP][PASSED] - setText(findTestObject("Object Repository/TS9_POS_Suspend_Resume_Sale_DBC/Page_Frameworks (Demo)/input_User ID_userid"), userName): Text 'manaki' is set on object 'Object Repository/TS9_POS_Suspend_Resume_Sale_DBC/Page_Frameworks (Demo)/input_User ID_userid'

07-10-2024T22:48:01 - [MESSAGE][PASSED] - Text 'manaki' is set on object 'Object Repository/TS9_POS_Suspend_Resume_Sale_DBC/Page_Frameworks (Demo)/input_User ID_userid'

07-10-2024T22:48:01 - [TEST_STEP][PASSED] - setEncryptedText(findTestObject("Object Repository/TS9_POS_Suspend_Resume_Sale_DBC/Page_Frameworks (Demo)/input_Password_password"), "FHoXGFMjtD0="): Text ****** has been set on object 'Object Repository/TS9_POS_Suspend_Resume_Sale_DBC/Page_Frameworks (Demo)/input_Password_password'

07-10-2024T22:48:02 - [MESSAGE][PASSED] - Text ****** has been set on object 'Object Repository/TS9_POS_Suspend_Resume_Sale_DBC/Page_Frameworks (Demo)/input_Password_password'

07-10-2024T22:48:02 - [TEST_STEP][PASSED] - click(findTestObject("Object Repository/TS9_POS_Suspend_Resume_Sale_DBC/Page_Frameworks (Demo)/div_Login")): Object: 'Object Repository/TS9_POS_Suspend_Resume_Sale_DBC/Page_Frameworks (Demo)/div_Login' is clicked on

07-10-2024T22:48:02 - [MESSAGE][PASSED] - Object: 'Object Repository/TS9_POS_Suspend_Resume_Sale_DBC/Page_Frameworks (Demo)/div_Login' is clicked on

07-10-2024T22:48:02 - [TEST_STEP][PASSED] - click(findTestObject("Object Repository/TS9_POS_Suspend_Resume_Sale_DBC/Page_Frameworks (Demo)/img_MenuIcon")): Object: 'Object Repository/TS9_POS_Suspend_Resume_Sale_DBC/Page_Frameworks (Demo)/img_MenuIcon' is clicked on

07-10-2024T22:48:05 - [MESSAGE][PASSED] - Object: 'Object Repository/TS9_POS_Suspend_Resume_Sale_DBC/Page_Frameworks (Demo)/img_MenuIcon' is clicked on

07-10-2024T22:48:05 - [TEST_STEP][PASSED] - click(findTestObject("Object Repository/TS9_POS_Suspend_Resume_Sale_DBC/Page_Frameworks (Demo)/b_Transaction Processing")): Object: 'Object Repository/TS9_POS_Suspend_Resume_Sale_DBC/Page_Frameworks (Demo)/b_Transaction Processing' is clicked on

07-10-2024T22:48:06 - [MESSAGE][PASSED] - Object: 'Object Repository/TS9_POS_Suspend_Resume_Sale_DBC/Page_Frameworks (Demo)/b_Transaction Processing' is clicked on

07-10-2024T22:48:06 - [TEST_STEP][PASSED] - click(findTestObject("Object Repository/TS9_POS_Suspend_Resume_Sale_DBC/Page_Frameworks (Demo)/td_Point Of Sale")): Object: 'Object Repository/TS9_POS_Suspend_Resume_Sale_DBC/Page_Frameworks (Demo)/td_Point Of Sale' is clicked on

07-10-2024T22:48:07 - [MESSAGE][PASSED] - Object: 'Object Repository/TS9_POS_Suspend_Resume_Sale_DBC/Page_Frameworks (Demo)/td_Point Of Sale' is clicked on

07-10-2024T22:48:07 - [TEST_STEP][PASSED] - invoiceNum = getText(findTestObject("Object Repository/TS9_POS_Suspend_Resume_Sale_DBC/Page_Frameworks (Demo)/div_invoiceNum")): Text of object 'Object Repository/TS9_POS_Suspend_Resume_Sale_DBC/Page_Frameworks (Demo)/div_invoiceNum' is: '20258406'

07-10-2024T22:48:09 - [MESSAGE][PASSED] - Text of object 'Object Repository/TS9_POS_Suspend_Resume_Sale_DBC/Page_Frameworks (Demo)/div_invoiceNum' is: '20258406'

07-10-2024T22:48:09 - [TEST_STEP][PASSED] - setText(findTestObject("Object Repository/TS9_POS_Suspend_Resume_Sale_DBC/Page_Frameworks (Demo)/input_P_prodId"), "LM20"): Text 'LM20' is set on object 'Object Repository/TS9_POS_Suspend_Resume_Sale_DBC/Page_Frameworks (Demo)/input_P_prodId'

07-10-2024T22:48:10 - [MESSAGE][PASSED] - Text 'LM20' is set on object 'Object Repository/TS9_POS_Suspend_Resume_Sale_DBC/Page_Frameworks (Demo)/input_P_prodId'

07-10-2024T22:48:10 - [TEST_STEP][PASSED] - click(findTestObject("Object Repository/TS9_POS_Suspend_Resume_Sale_DBC/Page_Frameworks (Demo)/input_Quantity_quantityOrdered")): Object: 'Object Repository/TS9_POS_Suspend_Resume_Sale_DBC/Page_Frameworks (Demo)/input_Quantity_quantityOrdered' is clicked on

07-10-2024T22:48:11 - [MESSAGE][PASSED] - Object: 'Object Repository/TS9_POS_Suspend_Resume_Sale_DBC/Page_Frameworks (Demo)/input_Quantity_quantityOrdered' is clicked on

07-10-2024T22:48:11 - [TEST_STEP][PASSED] - click(findTestObject("Object Repository/TS9_POS_Suspend_Resume_Sale_DBC/Page_Frameworks (Demo)/img_add")): Object: 'Object Repository/TS9_POS_Suspend_Resume_Sale_DBC/Page_Frameworks (Demo)/img_add' is clicked on

07-10-2024T22:48:13 - [MESSAGE][PASSED] - Object: 'Object Repository/TS9_POS_Suspend_Resume_Sale_DBC/Page_Frameworks (Demo)/img_add' is clicked on

07-10-2024T22:48:13 - [TEST_STEP][PASSED] - delay(2): Delayed 2 second(s)

07-10-2024T22:48:15 - [MESSAGE][PASSED] - Delayed 2 second(s)

07-10-2024T22:48:15 - [TEST_STEP][PASSED] - takeFullPageScreenshot(): Taking screenshot successfully

07-10-2024T22:48:15 - [MESSAGE][INFO] - 0 hidden object(s)

07-10-2024T22:48:15 - [MESSAGE][PASSED] - Taking screenshot successfully
[[ATTACHMENT|C:\\Users\\User\\git\\frameworks-regression-test-automation\\Reports\\20241007_224747\\DBC_Instance\\PointofSale_Module\\New_Interface\\TS9_POS_Suspend_Resume_Sale\\20241007_224748\\1728301695163.png]]

07-10-2024T22:48:15 - [TEST_STEP][PASSED] - click(findTestObject("Object Repository/TS9_POS_Suspend_Resume_Sale_CHC/Page_Frameworks (Demo)/div_SuspendSale")): Object: 'Object Repository/TS9_POS_Suspend_Resume_Sale_CHC/Page_Frameworks (Demo)/div_SuspendSale' is clicked on

07-10-2024T22:48:16 - [MESSAGE][PASSED] - Object: 'Object Repository/TS9_POS_Suspend_Resume_Sale_CHC/Page_Frameworks (Demo)/div_SuspendSale' is clicked on

07-10-2024T22:48:16 - [TEST_STEP][PASSED] - delay(2): Delayed 2 second(s)

07-10-2024T22:48:18 - [MESSAGE][PASSED] - Delayed 2 second(s)

07-10-2024T22:48:18 - [TEST_STEP][PASSED] - takeFullPageScreenshot(): Taking screenshot successfully

07-10-2024T22:48:18 - [MESSAGE][INFO] - 0 hidden object(s)

07-10-2024T22:48:18 - [MESSAGE][PASSED] - Taking screenshot successfully
[[ATTACHMENT|C:\\Users\\User\\git\\frameworks-regression-test-automation\\Reports\\20241007_224747\\DBC_Instance\\PointofSale_Module\\New_Interface\\TS9_POS_Suspend_Resume_Sale\\20241007_224748\\1728301698246.png]]

07-10-2024T22:48:18 - [TEST_STEP][PASSED] - sourceFile = new java.io.FileInputStream(ExcelFile): null

07-10-2024T22:48:18 - [TEST_STEP][PASSED] - workbook = new org.apache.poi.xssf.usermodel.XSSFWorkbook(sourceFile): null

07-10-2024T22:48:19 - [TEST_STEP][PASSED] - sheet = workbook.getSheet("Sheet1"): null

07-10-2024T22:48:19 - [TEST_STEP][PASSED] - row = sheet.getRow(0): null

07-10-2024T22:48:19 - [TEST_STEP][PASSED] - cell = row.getCell(1): null

07-10-2024T22:48:19 - [TEST_STEP][PASSED] - row = sheet.createRow(1): null

07-10-2024T22:48:19 - [TEST_STEP][PASSED] - cell = row.createCell(0): null

07-10-2024T22:48:19 - [TEST_STEP][PASSED] - cell.setCellValue("Invoice Number"): null

07-10-2024T22:48:19 - [TEST_STEP][PASSED] - cell = row.createCell(1): null

07-10-2024T22:48:19 - [TEST_STEP][PASSED] - cell.setCellValue(invoiceNum): null

07-10-2024T22:48:19 - [TEST_STEP][PASSED] - fos = new java.io.FileOutputStream(ExcelFile): null

07-10-2024T22:48:19 - [TEST_STEP][PASSED] - workbook.write(fos): null

07-10-2024T22:48:19 - [TEST_STEP][PASSED] - fos.close(): null

07-10-2024T22:48:19 - [TEST_STEP][PASSED] - sourceFile.close(): null

07-10-2024T22:48:19 - [TEST_STEP][PASSED] - click(findTestObject("Object Repository/TS9_POS_Suspend_Resume_Sale_DBC/Page_Frameworks (Demo)/img_AccountDropdown")): Object: 'Object Repository/TS9_POS_Suspend_Resume_Sale_DBC/Page_Frameworks (Demo)/img_AccountDropdown' is clicked on

07-10-2024T22:48:19 - [MESSAGE][PASSED] - Object: 'Object Repository/TS9_POS_Suspend_Resume_Sale_DBC/Page_Frameworks (Demo)/img_AccountDropdown' is clicked on

07-10-2024T22:48:19 - [TEST_STEP][PASSED] - click(findTestObject("Object Repository/TS9_POS_Suspend_Resume_Sale_DBC/Page_Frameworks (Demo)/div_Logout")): Object: 'Object Repository/TS9_POS_Suspend_Resume_Sale_DBC/Page_Frameworks (Demo)/div_Logout' is clicked on

07-10-2024T22:48:20 - [MESSAGE][PASSED] - Object: 'Object Repository/TS9_POS_Suspend_Resume_Sale_DBC/Page_Frameworks (Demo)/div_Logout' is clicked on]]></system-out>
         <system-err><![CDATA[]]></system-err>
      </testcase>
      <testcase name="Test Cases/DBC_Instance/PointofSale_Module/TS9_POS_SuspendResume_Sale/POS_Resume_Sale" time="28.934" classname="Test Cases/DBC_Instance/PointofSale_Module/TS9_POS_SuspendResume_Sale/POS_Resume_Sale" status="PASSED">
         <system-out><![CDATA[07-10-2024T22:48:20 - [TEST_CASE][PASSED] - Test Cases/DBC_Instance/PointofSale_Module/TS9_POS_SuspendResume_Sale/POS_Resume_Sale: Test Cases/DBC_Instance/PointofSale_Module/TS9_POS_SuspendResume_Sale/POS_Resume_Sale

07-10-2024T22:48:20 - [TEST_STEP][PASSED] - sourceFile = new java.io.FileInputStream(ExcelFile): null

07-10-2024T22:48:20 - [TEST_STEP][PASSED] - workbook = new org.apache.poi.xssf.usermodel.XSSFWorkbook(sourceFile): null

07-10-2024T22:48:20 - [TEST_STEP][PASSED] - sheet = workbook.getSheet("Sheet1"): null

07-10-2024T22:48:20 - [TEST_STEP][PASSED] - row = sheet.getRow(1): null

07-10-2024T22:48:20 - [TEST_STEP][PASSED] - cell = row.getCell(1): null

07-10-2024T22:48:20 - [TEST_STEP][PASSED] - invoiceNum = cell.getStringCellValue(): null

07-10-2024T22:48:20 - [TEST_STEP][PASSED] - println(invoiceNum): null

07-10-2024T22:48:20 - [TEST_STEP][PASSED] - sourceFile.close(): null

07-10-2024T22:48:20 - [TEST_STEP][PASSED] - openBrowser(""): Browser is opened with url: ''

07-10-2024T22:48:20 - [MESSAGE][WARNING] - A browser is already opened. Closing browser and opening a new one

07-10-2024T22:48:21 - [MESSAGE][INFO] - Starting 'Chrome' driver

07-10-2024T22:48:21 - [MESSAGE][INFO] - Action delay is set to 0 milliseconds

07-10-2024T22:48:21 - [MESSAGE][PASSED] - Browser is opened with url: ''

07-10-2024T22:48:21 - [TEST_STEP][PASSED] - maximizeWindow(): Current window maximized

07-10-2024T22:48:21 - [MESSAGE][PASSED] - Current window maximized

07-10-2024T22:48:21 - [TEST_STEP][PASSED] - navigateToUrl("http://frameworks.dahlsens.com.au:8080/FWDemo/Fluid.html#homeDashboard,dash,Frameworks.Activity.Menu.HomeDashBoard"): Navigate to 'http://frameworks.dahlsens.com.au:8080/FWDemo/Fluid.html#homeDashboard,dash,Frameworks.Activity.Menu.HomeDashBoard' successfully

07-10-2024T22:48:23 - [MESSAGE][PASSED] - Navigate to 'http://frameworks.dahlsens.com.au:8080/FWDemo/Fluid.html#homeDashboard,dash,Frameworks.Activity.Menu.HomeDashBoard' successfully

07-10-2024T22:48:23 - [TEST_STEP][PASSED] - setText(findTestObject("Object Repository/TS1_POS_CashSale_DBC/New_Interface/Page_Frameworks (Demo)/input_User ID_userid"), userName): Text 'manaki' is set on object 'Object Repository/TS1_POS_CashSale_DBC/New_Interface/Page_Frameworks (Demo)/input_User ID_userid'

07-10-2024T22:48:25 - [MESSAGE][PASSED] - Text 'manaki' is set on object 'Object Repository/TS1_POS_CashSale_DBC/New_Interface/Page_Frameworks (Demo)/input_User ID_userid'

07-10-2024T22:48:25 - [TEST_STEP][PASSED] - setEncryptedText(findTestObject("Object Repository/TS1_POS_CashSale_DBC/New_Interface/Page_Frameworks (Demo)/input_Password_password"), "FHoXGFMjtD0="): Text ****** has been set on object 'Object Repository/TS1_POS_CashSale_DBC/New_Interface/Page_Frameworks (Demo)/input_Password_password'

07-10-2024T22:48:26 - [MESSAGE][PASSED] - Text ****** has been set on object 'Object Repository/TS1_POS_CashSale_DBC/New_Interface/Page_Frameworks (Demo)/input_Password_password'

07-10-2024T22:48:26 - [TEST_STEP][PASSED] - click(findTestObject("Object Repository/TS9_POS_Suspend_Resume_Sale_CHC/Page_Frameworks (Demo)/div_Login")): Object: 'Object Repository/TS9_POS_Suspend_Resume_Sale_CHC/Page_Frameworks (Demo)/div_Login' is clicked on

07-10-2024T22:48:26 - [MESSAGE][PASSED] - Object: 'Object Repository/TS9_POS_Suspend_Resume_Sale_CHC/Page_Frameworks (Demo)/div_Login' is clicked on

07-10-2024T22:48:26 - [TEST_STEP][PASSED] - click(findTestObject("Object Repository/TS9_POS_Suspend_Resume_Sale_DBC/Page_Frameworks (Demo)/Fws_Menu")): Object: 'Object Repository/TS9_POS_Suspend_Resume_Sale_DBC/Page_Frameworks (Demo)/Fws_Menu' is clicked on

07-10-2024T22:48:29 - [MESSAGE][PASSED] - Object: 'Object Repository/TS9_POS_Suspend_Resume_Sale_DBC/Page_Frameworks (Demo)/Fws_Menu' is clicked on

07-10-2024T22:48:29 - [TEST_STEP][PASSED] - click(findTestObject("Object Repository/TS9_POS_Suspend_Resume_Sale_CHC/Page_Frameworks (Demo)/Sales_TransactionProcessing")): Object: 'Object Repository/TS9_POS_Suspend_Resume_Sale_CHC/Page_Frameworks (Demo)/Sales_TransactionProcessing' is clicked on

07-10-2024T22:48:31 - [MESSAGE][PASSED] - Object: 'Object Repository/TS9_POS_Suspend_Resume_Sale_CHC/Page_Frameworks (Demo)/Sales_TransactionProcessing' is clicked on

07-10-2024T22:48:31 - [TEST_STEP][PASSED] - click(findTestObject("Object Repository/TS9_POS_Suspend_Resume_Sale_CHC/Page_Frameworks (Demo)/td_Point Of Sale")): Object: 'Object Repository/TS9_POS_Suspend_Resume_Sale_CHC/Page_Frameworks (Demo)/td_Point Of Sale' is clicked on

07-10-2024T22:48:31 - [MESSAGE][PASSED] - Object: 'Object Repository/TS9_POS_Suspend_Resume_Sale_CHC/Page_Frameworks (Demo)/td_Point Of Sale' is clicked on

07-10-2024T22:48:31 - [TEST_STEP][PASSED] - delay(2): Delayed 2 second(s)

07-10-2024T22:48:33 - [MESSAGE][PASSED] - Delayed 2 second(s)

07-10-2024T22:48:33 - [TEST_STEP][PASSED] - takeFullPageScreenshot(): Taking screenshot successfully

07-10-2024T22:48:34 - [MESSAGE][INFO] - 0 hidden object(s)

07-10-2024T22:48:34 - [MESSAGE][PASSED] - Taking screenshot successfully
[[ATTACHMENT|C:\\Users\\User\\git\\frameworks-regression-test-automation\\Reports\\20241007_224747\\DBC_Instance\\PointofSale_Module\\New_Interface\\TS9_POS_Suspend_Resume_Sale\\20241007_224748\\1728301713995.png]]

07-10-2024T22:48:34 - [TEST_STEP][PASSED] - click(findTestObject("Object Repository/TS9_POS_Suspend_Resume_Sale_DBC/Page_Frameworks (Demo)/div_Actions")): Object: 'Object Repository/TS9_POS_Suspend_Resume_Sale_DBC/Page_Frameworks (Demo)/div_Actions' is clicked on

07-10-2024T22:48:34 - [MESSAGE][PASSED] - Object: 'Object Repository/TS9_POS_Suspend_Resume_Sale_DBC/Page_Frameworks (Demo)/div_Actions' is clicked on

07-10-2024T22:48:34 - [TEST_STEP][PASSED] - click(findTestObject("Object Repository/TS9_POS_Suspend_Resume_Sale_DBC/Page_Frameworks (Demo)/div_ResumeSale")): Object: 'Object Repository/TS9_POS_Suspend_Resume_Sale_DBC/Page_Frameworks (Demo)/div_ResumeSale' is clicked on

07-10-2024T22:48:35 - [MESSAGE][PASSED] - Object: 'Object Repository/TS9_POS_Suspend_Resume_Sale_DBC/Page_Frameworks (Demo)/div_ResumeSale' is clicked on

07-10-2024T22:48:35 - [TEST_STEP][PASSED] - setText(findTestObject("Object Repository/TS9_POS_Suspend_Resume_Sale_DBC/Page_Frameworks (Demo)/input_FromNumber"), invoiceNum): Text '20258406' is set on object 'Object Repository/TS9_POS_Suspend_Resume_Sale_DBC/Page_Frameworks (Demo)/input_FromNumber'

07-10-2024T22:48:37 - [MESSAGE][PASSED] - Text '20258406' is set on object 'Object Repository/TS9_POS_Suspend_Resume_Sale_DBC/Page_Frameworks (Demo)/input_FromNumber'

07-10-2024T22:48:37 - [TEST_STEP][PASSED] - setText(findTestObject("Object Repository/TS9_POS_Suspend_Resume_Sale_DBC/Page_Frameworks (Demo)/input_ToNumber"), invoiceNum): Text '20258406' is set on object 'Object Repository/TS9_POS_Suspend_Resume_Sale_DBC/Page_Frameworks (Demo)/input_ToNumber'

07-10-2024T22:48:38 - [MESSAGE][PASSED] - Text '20258406' is set on object 'Object Repository/TS9_POS_Suspend_Resume_Sale_DBC/Page_Frameworks (Demo)/input_ToNumber'

07-10-2024T22:48:38 - [TEST_STEP][PASSED] - click(findTestObject("Object Repository/TS9_POS_Suspend_Resume_Sale_DBC/Page_Frameworks (Demo)/img_Calendar_icon")): Object: 'Object Repository/TS9_POS_Suspend_Resume_Sale_DBC/Page_Frameworks (Demo)/img_Calendar_icon' is clicked on

07-10-2024T22:48:39 - [MESSAGE][PASSED] - Object: 'Object Repository/TS9_POS_Suspend_Resume_Sale_DBC/Page_Frameworks (Demo)/img_Calendar_icon' is clicked on

07-10-2024T22:48:39 - [TEST_STEP][PASSED] - click(findTestObject("Object Repository/TS9_POS_Suspend_Resume_Sale_DBC/Page_Frameworks (Demo)/td_Today")): Object: 'Object Repository/TS9_POS_Suspend_Resume_Sale_DBC/Page_Frameworks (Demo)/td_Today' is clicked on

07-10-2024T22:48:40 - [MESSAGE][PASSED] - Object: 'Object Repository/TS9_POS_Suspend_Resume_Sale_DBC/Page_Frameworks (Demo)/td_Today' is clicked on

07-10-2024T22:48:40 - [TEST_STEP][PASSED] - click(findTestObject("Object Repository/TS9_POS_Suspend_Resume_Sale_DBC/Page_Frameworks (Demo)/td_Find")): Object: 'Object Repository/TS9_POS_Suspend_Resume_Sale_DBC/Page_Frameworks (Demo)/td_Find' is clicked on

07-10-2024T22:48:40 - [MESSAGE][PASSED] - Object: 'Object Repository/TS9_POS_Suspend_Resume_Sale_DBC/Page_Frameworks (Demo)/td_Find' is clicked on

07-10-2024T22:48:40 - [TEST_STEP][PASSED] - click(findTestObject("Object Repository/TS9_POS_Suspend_Resume_Sale_DBC/Page_Frameworks (Demo)/first_invoiceNumber_link")): Object: 'Object Repository/TS9_POS_Suspend_Resume_Sale_DBC/Page_Frameworks (Demo)/first_invoiceNumber_link' is clicked on

07-10-2024T22:48:42 - [MESSAGE][PASSED] - Object: 'Object Repository/TS9_POS_Suspend_Resume_Sale_DBC/Page_Frameworks (Demo)/first_invoiceNumber_link' is clicked on

07-10-2024T22:48:42 - [TEST_STEP][PASSED] - click(findTestObject("Object Repository/TS9_POS_Suspend_Resume_Sale_DBC/Page_Frameworks (Demo)/div_FinishSale (S)")): Object: 'Object Repository/TS9_POS_Suspend_Resume_Sale_DBC/Page_Frameworks (Demo)/div_FinishSale (S)' is clicked on

07-10-2024T22:48:43 - [MESSAGE][PASSED] - Object: 'Object Repository/TS9_POS_Suspend_Resume_Sale_DBC/Page_Frameworks (Demo)/div_FinishSale (S)' is clicked on

07-10-2024T22:48:43 - [TEST_STEP][PASSED] - click(findTestObject("Object Repository/TS9_POS_Suspend_Resume_Sale_DBC/Page_Frameworks (Demo)/img_Please Select_isc_W4")): Object: 'Object Repository/TS9_POS_Suspend_Resume_Sale_DBC/Page_Frameworks (Demo)/img_Please Select_isc_W4' is clicked on

07-10-2024T22:48:45 - [MESSAGE][PASSED] - Object: 'Object Repository/TS9_POS_Suspend_Resume_Sale_DBC/Page_Frameworks (Demo)/img_Please Select_isc_W4' is clicked on

07-10-2024T22:48:45 - [TEST_STEP][PASSED] - click(findTestObject("Object Repository/TS9_POS_Suspend_Resume_Sale_DBC/Page_Frameworks (Demo)/div_Cash")): Object: 'Object Repository/TS9_POS_Suspend_Resume_Sale_DBC/Page_Frameworks (Demo)/div_Cash' is clicked on

07-10-2024T22:48:46 - [MESSAGE][PASSED] - Object: 'Object Repository/TS9_POS_Suspend_Resume_Sale_DBC/Page_Frameworks (Demo)/div_Cash' is clicked on

07-10-2024T22:48:46 - [TEST_STEP][PASSED] - click(findTestObject("Object Repository/TS9_POS_Suspend_Resume_Sale_DBC/Page_Frameworks (Demo)/div_Pay")): Object: 'Object Repository/TS9_POS_Suspend_Resume_Sale_DBC/Page_Frameworks (Demo)/div_Pay' is clicked on

07-10-2024T22:48:47 - [MESSAGE][PASSED] - Object: 'Object Repository/TS9_POS_Suspend_Resume_Sale_DBC/Page_Frameworks (Demo)/div_Pay' is clicked on

07-10-2024T22:48:47 - [TEST_STEP][PASSED] - click(findTestObject("Object Repository/TS9_POS_Suspend_Resume_Sale_DBC/Page_Frameworks (Demo)/img_AccountDropdown")): Object: 'Object Repository/TS9_POS_Suspend_Resume_Sale_DBC/Page_Frameworks (Demo)/img_AccountDropdown' is clicked on

07-10-2024T22:48:48 - [MESSAGE][PASSED] - Object: 'Object Repository/TS9_POS_Suspend_Resume_Sale_DBC/Page_Frameworks (Demo)/img_AccountDropdown' is clicked on

07-10-2024T22:48:48 - [TEST_STEP][PASSED] - click(findTestObject("Object Repository/TS9_POS_Suspend_Resume_Sale_DBC/Page_Frameworks (Demo)/div_Logout")): Object: 'Object Repository/TS9_POS_Suspend_Resume_Sale_DBC/Page_Frameworks (Demo)/div_Logout' is clicked on

07-10-2024T22:48:49 - [MESSAGE][PASSED] - Object: 'Object Repository/TS9_POS_Suspend_Resume_Sale_DBC/Page_Frameworks (Demo)/div_Logout' is clicked on]]></system-out>
         <system-err><![CDATA[]]></system-err>
      </testcase>
      <system-out><![CDATA[07-10-2024T22:47:55 - [TEST_SUITE][PASSED] - TS9_POS_Suspend_Resume_Sale: Test Cases/DBC_Instance/PointofSale_Module/TS9_POS_SuspendResume_Sale/POS_Resume_Sale]]></system-out>
      <system-err><![CDATA[]]></system-err>
   </testsuite>
</testsuites>
