<?xml version="1.0" encoding="UTF-8"?>
<testsuites name="TS7_POS_AccountPayment_NT" time="72.685" tests="2" failures="0" errors="0">
   <testsuite name="TS7_POS_AccountPayment_NT" tests="2" failures="0" errors="0" time="72.685" skipped="0" timestamp="05-11-2024T05:56:40" hostname="azureuser - 10.192.8.5" id="Test Suites/Nortruss instance/PointofSale_Module/TS7_POS_AccountPayment_NT">
      <properties>
         <property name="deviceName" value=""/>
         <property name="devicePlatform"/>
         <property name="logFolder" value="C:\\Users\\azureuser\\git\\frameworks-regression-test-automation\\Reports\\20241105_055631\\Nortruss instance\\PointofSale_Module\\TS7_POS_AccountPayment_NT\\20241105_055631"/>
         <property name="logFiles" value="C:\\Users\\azureuser\\git\\frameworks-regression-test-automation\\Reports\\20241105_055631\\Nortruss instance\\PointofSale_Module\\TS7_POS_AccountPayment_NT\\20241105_055631\\execution0.log"/>
         <property name="attachments" value=""/>
         <property name="hostName" value="azureuser - 10.192.8.5"/>
         <property name="os" value="Windows 11 64bit"/>
         <property name="katalonVersion" value="9.7.2.223"/>
         <property name="browser" value="Chrome 130.0.0.0"/>
         <property name="hostAddress" value="10.192.8.5"/>
         <property name="sessionId" value="4fc7b10817ff54e3815b69c203a939be"/>
         <property name="seleniumVersion" value="3.141.59"/>
         <property name="proxyInformation" value="ProxyInformation { proxyOption=NO_PROXY, proxyServerType=HTTP, username=, password=********, proxyServerAddress=, proxyServerPort=0, executionList=&quot;&quot;, isApplyToDesiredCapabilities=true }"/>
         <property name="platform" value="Windows 11"/>
      </properties>
      <testcase name="Test Cases/Nortruss Instance/PointofSale_Module/TS7_POS_AccountPayment/POS_AccountPayment_Nortrus" time="44.727" classname="Test Cases/Nortruss Instance/PointofSale_Module/TS7_POS_AccountPayment/POS_AccountPayment_Nortrus" status="PASSED">
         <system-out><![CDATA[05-11-2024T05:56:40 - [TEST_CASE][PASSED] - Test Cases/Nortruss Instance/PointofSale_Module/TS7_POS_AccountPayment/POS_AccountPayment_Nortrus: Test Cases/Nortruss Instance/PointofSale_Module/TS7_POS_AccountPayment/POS_AccountPayment_Nortrus

05-11-2024T05:56:41 - [TEST_STEP][PASSED] - openBrowser(""): Browser is opened with url: ''

05-11-2024T05:56:42 - [MESSAGE][INFO] - Starting 'Chrome' driver

05-11-2024T05:56:42 - [MESSAGE][INFO] - Action delay is set to 0 milliseconds

05-11-2024T05:56:44 - [MESSAGE][PASSED] - Browser is opened with url: ''

05-11-2024T05:56:44 - [TEST_STEP][PASSED] - getUrl(): Current window's url is: 'data:,'

05-11-2024T05:56:44 - [MESSAGE][PASSED] - Current window's url is: 'data:,'

05-11-2024T05:56:44 - [TEST_STEP][PASSED] - navigateToUrl("http://frameworks.nt.nortruss.com.au:8080/FWDemo/Fluid.html#homeDashboard,dash,Frameworks.Activity.Menu.HomeDashBoard"): Navigate to 'http://frameworks.nt.nortruss.com.au:8080/FWDemo/Fluid.html#homeDashboard,dash,Frameworks.Activity.Menu.HomeDashBoard' successfully

05-11-2024T05:56:51 - [MESSAGE][PASSED] - Navigate to 'http://frameworks.nt.nortruss.com.au:8080/FWDemo/Fluid.html#homeDashboard,dash,Frameworks.Activity.Menu.HomeDashBoard' successfully

05-11-2024T05:56:51 - [TEST_STEP][PASSED] - maximizeWindow(): Current window maximized

05-11-2024T05:56:52 - [MESSAGE][PASSED] - Current window maximized

05-11-2024T05:56:52 - [TEST_STEP][PASSED] - setText(findTestObject("Object Repository/Page_Frameworks (Demo)/input_User ID_userid"), "manaki"): Text 'manaki' is set on object 'Object Repository/Page_Frameworks (Demo)/input_User ID_userid'

05-11-2024T05:56:56 - [MESSAGE][PASSED] - Text 'manaki' is set on object 'Object Repository/Page_Frameworks (Demo)/input_User ID_userid'

05-11-2024T05:56:56 - [TEST_STEP][PASSED] - setEncryptedText(findTestObject("Object Repository/Page_Frameworks (Demo)/input_Password_password"), "C5+8mNJ15mA="): Text ****** has been set on object 'Object Repository/Page_Frameworks (Demo)/input_Password_password'

05-11-2024T05:56:56 - [MESSAGE][PASSED] - Text ****** has been set on object 'Object Repository/Page_Frameworks (Demo)/input_Password_password'

05-11-2024T05:56:56 - [TEST_STEP][PASSED] - click(findTestObject("Object Repository/Page_Frameworks (Demo)/div_Login")): Object: 'Object Repository/Page_Frameworks (Demo)/div_Login' is clicked on

05-11-2024T05:56:57 - [MESSAGE][PASSED] - Object: 'Object Repository/Page_Frameworks (Demo)/div_Login' is clicked on

05-11-2024T05:56:57 - [TEST_STEP][PASSED] - click(findTestObject("Object Repository/Page_Frameworks (Demo)/img_FW")): Object: 'Object Repository/Page_Frameworks (Demo)/img_FW' is clicked on

05-11-2024T05:57:01 - [MESSAGE][PASSED] - Object: 'Object Repository/Page_Frameworks (Demo)/img_FW' is clicked on

05-11-2024T05:57:01 - [TEST_STEP][PASSED] - click(findTestObject("Object Repository/Page_Frameworks (Demo)/b_Transaction Processing")): Object: 'Object Repository/Page_Frameworks (Demo)/b_Transaction Processing' is clicked on

05-11-2024T05:57:03 - [MESSAGE][PASSED] - Object: 'Object Repository/Page_Frameworks (Demo)/b_Transaction Processing' is clicked on

05-11-2024T05:57:03 - [TEST_STEP][PASSED] - click(findTestObject("Object Repository/Page_Frameworks (Demo)/td_Point Of Sale")): Object: 'Object Repository/Page_Frameworks (Demo)/td_Point Of Sale' is clicked on

05-11-2024T05:57:04 - [MESSAGE][PASSED] - Object: 'Object Repository/Page_Frameworks (Demo)/td_Point Of Sale' is clicked on

05-11-2024T05:57:04 - [TEST_STEP][PASSED] - setEncryptedText(findTestObject("Object Repository/Page_Frameworks (Demo)/input_Operator No_operatorId"), "uzzxF8+Oh1A="): Text ****** has been set on object 'Object Repository/Page_Frameworks (Demo)/input_Operator No_operatorId'

05-11-2024T05:57:07 - [MESSAGE][PASSED] - Text ****** has been set on object 'Object Repository/Page_Frameworks (Demo)/input_Operator No_operatorId'

05-11-2024T05:57:07 - [TEST_STEP][PASSED] - setEncryptedText(findTestObject("Object Repository/Page_Frameworks (Demo)/input_PIN_pin"), "uzzxF8+Oh1A="): Text ****** has been set on object 'Object Repository/Page_Frameworks (Demo)/input_PIN_pin'

05-11-2024T05:57:08 - [MESSAGE][PASSED] - Text ****** has been set on object 'Object Repository/Page_Frameworks (Demo)/input_PIN_pin'

05-11-2024T05:57:08 - [TEST_STEP][PASSED] - click(findTestObject("Object Repository/Page_Frameworks (Demo)/div_OK")): Object: 'Object Repository/Page_Frameworks (Demo)/div_OK' is clicked on

05-11-2024T05:57:09 - [MESSAGE][PASSED] - Object: 'Object Repository/Page_Frameworks (Demo)/div_OK' is clicked on

05-11-2024T05:57:09 - [TEST_STEP][PASSED] - transactionNum = getText(findTestObject("Object Repository/Page_Frameworks (Demo)/div_invoiceNum")): Text of object 'Object Repository/Page_Frameworks (Demo)/div_invoiceNum' is: '40559283'

05-11-2024T05:57:10 - [MESSAGE][PASSED] - Text of object 'Object Repository/Page_Frameworks (Demo)/div_invoiceNum' is: '40559283'

05-11-2024T05:57:10 - [TEST_STEP][PASSED] - println(transactionNum): null

05-11-2024T05:57:10 - [TEST_STEP][PASSED] - transactionNum = transactionNum.toInteger() + 1: null

05-11-2024T05:57:10 - [TEST_STEP][PASSED] - println(transactionNum): null

05-11-2024T05:57:10 - [TEST_STEP][PASSED] - click(findTestObject("Object Repository/Page_Frameworks (Demo)/div_Actions")): Object: 'Object Repository/Page_Frameworks (Demo)/div_Actions' is clicked on

05-11-2024T05:57:11 - [MESSAGE][PASSED] - Object: 'Object Repository/Page_Frameworks (Demo)/div_Actions' is clicked on

05-11-2024T05:57:11 - [TEST_STEP][PASSED] - click(findTestObject("Object Repository/Page_Frameworks (Demo)/div_PayAccount")): Object: 'Object Repository/Page_Frameworks (Demo)/div_PayAccount' is clicked on

05-11-2024T05:57:12 - [MESSAGE][PASSED] - Object: 'Object Repository/Page_Frameworks (Demo)/div_PayAccount' is clicked on

05-11-2024T05:57:12 - [TEST_STEP][PASSED] - click(findTestObject("Object Repository/Page_Frameworks (Demo)/td_Customer_isc_R6")): Object: 'Object Repository/Page_Frameworks (Demo)/td_Customer_isc_R6' is clicked on

05-11-2024T05:57:15 - [MESSAGE][PASSED] - Object: 'Object Repository/Page_Frameworks (Demo)/td_Customer_isc_R6' is clicked on

05-11-2024T05:57:15 - [TEST_STEP][PASSED] - setText(findTestObject("Object Repository/Page_Frameworks (Demo)/input_Customer_idCustX"), "17179"): Text '17179' is set on object 'Object Repository/Page_Frameworks (Demo)/input_Customer_idCustX'

05-11-2024T05:57:16 - [MESSAGE][PASSED] - Text '17179' is set on object 'Object Repository/Page_Frameworks (Demo)/input_Customer_idCustX'

05-11-2024T05:57:16 - [TEST_STEP][PASSED] - click(findTestObject("Object Repository/Page_Frameworks (Demo)/div_Tiffany Brown (17179)")): Object: 'Object Repository/Page_Frameworks (Demo)/div_Tiffany Brown (17179)' is clicked on

05-11-2024T05:57:17 - [MESSAGE][PASSED] - Object: 'Object Repository/Page_Frameworks (Demo)/div_Tiffany Brown (17179)' is clicked on

05-11-2024T05:57:17 - [TEST_STEP][PASSED] - setText(findTestObject("Object Repository/Page_Frameworks (Demo)/input_Payment Amount_valuePayment"), "25.45"): Text '25.45' is set on object 'Object Repository/Page_Frameworks (Demo)/input_Payment Amount_valuePayment'

05-11-2024T05:57:19 - [MESSAGE][PASSED] - Text '25.45' is set on object 'Object Repository/Page_Frameworks (Demo)/input_Payment Amount_valuePayment'

05-11-2024T05:57:19 - [TEST_STEP][PASSED] - click(findTestObject("Object Repository/Page_Frameworks (Demo)/td_Tendering")): Object: 'Object Repository/Page_Frameworks (Demo)/td_Tendering' is clicked on

05-11-2024T05:57:19 - [MESSAGE][PASSED] - Object: 'Object Repository/Page_Frameworks (Demo)/td_Tendering' is clicked on

05-11-2024T05:57:20 - [TEST_STEP][PASSED] - click(findTestObject("Object Repository/Page_Frameworks (Demo)/div_Pay")): Object: 'Object Repository/Page_Frameworks (Demo)/div_Pay' is clicked on

05-11-2024T05:57:22 - [MESSAGE][PASSED] - Object: 'Object Repository/Page_Frameworks (Demo)/div_Pay' is clicked on

05-11-2024T05:57:22 - [TEST_STEP][PASSED] - sourceFile = new java.io.FileInputStream(ExcelFile): null

05-11-2024T05:57:22 - [TEST_STEP][PASSED] - workbook = new org.apache.poi.xssf.usermodel.XSSFWorkbook(sourceFile): null

05-11-2024T05:57:24 - [TEST_STEP][PASSED] - sheet = workbook.getSheet("Sheet1"): null

05-11-2024T05:57:24 - [TEST_STEP][PASSED] - row = sheet.getRow(0): null

05-11-2024T05:57:24 - [TEST_STEP][PASSED] - cell = row.getCell(1): null

05-11-2024T05:57:24 - [TEST_STEP][PASSED] - row = sheet.createRow(1): null

05-11-2024T05:57:24 - [TEST_STEP][PASSED] - cell = row.createCell(0): null

05-11-2024T05:57:24 - [TEST_STEP][PASSED] - cell.setCellValue("TransactionNumber"): null

05-11-2024T05:57:24 - [TEST_STEP][PASSED] - cell = row.createCell(1): null

05-11-2024T05:57:24 - [TEST_STEP][PASSED] - cell.setCellValue(transactionNum): null

05-11-2024T05:57:24 - [TEST_STEP][PASSED] - fos = new java.io.FileOutputStream(ExcelFile): null

05-11-2024T05:57:24 - [TEST_STEP][PASSED] - workbook.write(fos): null

05-11-2024T05:57:24 - [TEST_STEP][PASSED] - fos.close(): null

05-11-2024T05:57:24 - [TEST_STEP][PASSED] - sourceFile.close(): null

05-11-2024T05:57:24 - [TEST_STEP][PASSED] - click(findTestObject("Object Repository/Page_Frameworks (Demo)/img_dropdownLogout")): Object: 'Object Repository/Page_Frameworks (Demo)/img_dropdownLogout' is clicked on

05-11-2024T05:57:25 - [MESSAGE][PASSED] - Object: 'Object Repository/Page_Frameworks (Demo)/img_dropdownLogout' is clicked on

05-11-2024T05:57:25 - [TEST_STEP][PASSED] - click(findTestObject("Object Repository/Page_Frameworks (Demo)/td__1")): Object: 'Object Repository/Page_Frameworks (Demo)/td__1' is clicked on

05-11-2024T05:57:25 - [MESSAGE][PASSED] - Object: 'Object Repository/Page_Frameworks (Demo)/td__1' is clicked on]]></system-out>
         <system-err><![CDATA[]]></system-err>
      </testcase>
      <testcase name="Test Cases/Nortruss Instance/PointofSale_Module/TS7_POS_AccountPayment/POS_AccountPayment_ValidatePayment_Nortrus" time="27.623" classname="Test Cases/Nortruss Instance/PointofSale_Module/TS7_POS_AccountPayment/POS_AccountPayment_ValidatePayment_Nortrus" status="PASSED">
         <system-out><![CDATA[05-11-2024T05:57:25 - [TEST_CASE][PASSED] - Test Cases/Nortruss Instance/PointofSale_Module/TS7_POS_AccountPayment/POS_AccountPayment_ValidatePayment_Nortrus: Test Cases/Nortruss Instance/PointofSale_Module/TS7_POS_AccountPayment/POS_AccountPayment_ValidatePayment_Nortrus

05-11-2024T05:57:26 - [TEST_STEP][PASSED] - sourceFile = new java.io.FileInputStream(ExcelFile): null

05-11-2024T05:57:26 - [TEST_STEP][PASSED] - workbook = new org.apache.poi.xssf.usermodel.XSSFWorkbook(sourceFile): null

05-11-2024T05:57:26 - [TEST_STEP][PASSED] - sheet = workbook.getSheet("Sheet1"): null

05-11-2024T05:57:26 - [TEST_STEP][PASSED] - row = sheet.getRow(1): null

05-11-2024T05:57:26 - [TEST_STEP][PASSED] - cell = row.getCell(1): null

05-11-2024T05:57:26 - [TEST_STEP][PASSED] - transactionNumber = String.valueOf(cell.getNumericCellValue()): null

05-11-2024T05:57:26 - [TEST_STEP][PASSED] - println(transactionNumber): null

05-11-2024T05:57:26 - [TEST_STEP][PASSED] - sourceFile.close(): null

05-11-2024T05:57:26 - [TEST_STEP][PASSED] - openBrowser(""): Browser is opened with url: ''

05-11-2024T05:57:26 - [MESSAGE][WARNING] - A browser is already opened. Closing browser and opening a new one

05-11-2024T05:57:26 - [MESSAGE][INFO] - Starting 'Chrome' driver

05-11-2024T05:57:26 - [MESSAGE][INFO] - Action delay is set to 0 milliseconds

05-11-2024T05:57:28 - [MESSAGE][PASSED] - Browser is opened with url: ''

05-11-2024T05:57:28 - [TEST_STEP][PASSED] - getUrl(): Current window's url is: 'data:,'

05-11-2024T05:57:28 - [MESSAGE][PASSED] - Current window's url is: 'data:,'

05-11-2024T05:57:28 - [TEST_STEP][PASSED] - navigateToUrl("http://frameworks.nt.nortruss.com.au:8080/FWDemo/Fluid.html#homeDashboard,dash,Frameworks.Activity.Menu.HomeDashBoard"): Navigate to 'http://frameworks.nt.nortruss.com.au:8080/FWDemo/Fluid.html#homeDashboard,dash,Frameworks.Activity.Menu.HomeDashBoard' successfully

05-11-2024T05:57:35 - [MESSAGE][PASSED] - Navigate to 'http://frameworks.nt.nortruss.com.au:8080/FWDemo/Fluid.html#homeDashboard,dash,Frameworks.Activity.Menu.HomeDashBoard' successfully

05-11-2024T05:57:35 - [TEST_STEP][PASSED] - maximizeWindow(): Current window maximized

05-11-2024T05:57:35 - [MESSAGE][PASSED] - Current window maximized

05-11-2024T05:57:35 - [TEST_STEP][PASSED] - setText(findTestObject("Object Repository/Page_Frameworks (Demo)/input_User ID_userid"), "manaki"): Text 'manaki' is set on object 'Object Repository/Page_Frameworks (Demo)/input_User ID_userid'

05-11-2024T05:57:38 - [MESSAGE][PASSED] - Text 'manaki' is set on object 'Object Repository/Page_Frameworks (Demo)/input_User ID_userid'

05-11-2024T05:57:38 - [TEST_STEP][PASSED] - setEncryptedText(findTestObject("Object Repository/Page_Frameworks (Demo)/input_Password_password"), "C5+8mNJ15mA="): Text ****** has been set on object 'Object Repository/Page_Frameworks (Demo)/input_Password_password'

05-11-2024T05:57:39 - [MESSAGE][PASSED] - Text ****** has been set on object 'Object Repository/Page_Frameworks (Demo)/input_Password_password'

05-11-2024T05:57:39 - [TEST_STEP][PASSED] - click(findTestObject("Object Repository/Page_Frameworks (Demo)/div_Login")): Object: 'Object Repository/Page_Frameworks (Demo)/div_Login' is clicked on

05-11-2024T05:57:39 - [MESSAGE][PASSED] - Object: 'Object Repository/Page_Frameworks (Demo)/div_Login' is clicked on

05-11-2024T05:57:39 - [TEST_STEP][PASSED] - click(findTestObject("Object Repository/Page_Frameworks (Demo)/img")): Object: 'Object Repository/Page_Frameworks (Demo)/img' is clicked on

05-11-2024T05:57:44 - [MESSAGE][PASSED] - Object: 'Object Repository/Page_Frameworks (Demo)/img' is clicked on

05-11-2024T05:57:44 - [TEST_STEP][PASSED] - setText(findTestObject("Object Repository/Page_Frameworks (Demo)/input_Customer No_CustId"), "17179"): Text '17179' is set on object 'Object Repository/Page_Frameworks (Demo)/input_Customer No_CustId'

05-11-2024T05:57:46 - [MESSAGE][PASSED] - Text '17179' is set on object 'Object Repository/Page_Frameworks (Demo)/input_Customer No_CustId'

05-11-2024T05:57:46 - [TEST_STEP][PASSED] - click(findTestObject("Object Repository/Page_Frameworks (Demo)/img_Exclude Permanent Stop_isc_8Bicon")): Object: 'Object Repository/Page_Frameworks (Demo)/img_Exclude Permanent Stop_isc_8Bicon' is clicked on

05-11-2024T05:57:46 - [MESSAGE][PASSED] - Object: 'Object Repository/Page_Frameworks (Demo)/img_Exclude Permanent Stop_isc_8Bicon' is clicked on

05-11-2024T05:57:46 - [TEST_STEP][PASSED] - click(findTestObject("Object Repository/Page_Frameworks (Demo)/div_Payment History")): Object: 'Object Repository/Page_Frameworks (Demo)/div_Payment History' is clicked on

05-11-2024T05:57:49 - [MESSAGE][PASSED] - Object: 'Object Repository/Page_Frameworks (Demo)/div_Payment History' is clicked on

05-11-2024T05:57:49 - [TEST_STEP][PASSED] - verifyTextPresent(transactionNum, false): Text '' is present on page 

05-11-2024T05:57:52 - [MESSAGE][PASSED] - Text '' is present on page 

05-11-2024T05:57:52 - [TEST_STEP][PASSED] - click(findTestObject("Object Repository/Page_Frameworks (Demo)/img_dropdownLogout")): Object: 'Object Repository/Page_Frameworks (Demo)/img_dropdownLogout' is clicked on

05-11-2024T05:57:52 - [MESSAGE][PASSED] - Object: 'Object Repository/Page_Frameworks (Demo)/img_dropdownLogout' is clicked on

05-11-2024T05:57:52 - [TEST_STEP][PASSED] - click(findTestObject("Object Repository/Page_Frameworks (Demo)/td__1")): Object: 'Object Repository/Page_Frameworks (Demo)/td__1' is clicked on

05-11-2024T05:57:53 - [MESSAGE][PASSED] - Object: 'Object Repository/Page_Frameworks (Demo)/td__1' is clicked on]]></system-out>
         <system-err><![CDATA[]]></system-err>
      </testcase>
      <system-out><![CDATA[05-11-2024T05:56:40 - [TEST_SUITE][PASSED] - TS7_POS_AccountPayment_NT: Test Cases/Nortruss Instance/PointofSale_Module/TS7_POS_AccountPayment/POS_AccountPayment_ValidatePayment_Nortrus]]></system-out>
      <system-err><![CDATA[]]></system-err>
   </testsuite>
</testsuites>
