<?xml version="1.0" encoding="UTF-8"?>
<testsuites name="TS3_POS_Account_Credit_Full_CHC" time="161.429" tests="4" failures="0" errors="0">
   <testsuite name="TS3_POS_Account_Credit_Full_CHC" tests="4" failures="0" errors="0" time="161.429" skipped="0" timestamp="06-10-2024T22:51:20" hostname="User - ROG" id="Test Suites/CHC_Instance/PointofSale_Module/TS3_POS_Account_Credit_Full_CHC">
      <properties>
         <property name="deviceName" value=""/>
         <property name="devicePlatform"/>
         <property name="logFolder" value="C:\\Users\\User\\git\\frameworks-regression-test-automation\\Reports\\20241006_225113\\CHC_Instance\\PointofSale_Module\\TS3_POS_Account_Credit_Full_CHC\\20241006_225113"/>
         <property name="logFiles" value="C:\\Users\\User\\git\\frameworks-regression-test-automation\\Reports\\20241006_225113\\CHC_Instance\\PointofSale_Module\\TS3_POS_Account_Credit_Full_CHC\\20241006_225113\\execution0.log"/>
         <property name="attachments" value="C:\\Users\\User\\git\\frameworks-regression-test-automation\\Reports\\20241006_225113\\CHC_Instance\\PointofSale_Module\\TS3_POS_Account_Credit_Full_CHC\\20241006_225113\\1728215510729.png, C:\\Users\\User\\git\\frameworks-regression-test-automation\\Reports\\20241006_225113\\CHC_Instance\\PointofSale_Module\\TS3_POS_Account_Credit_Full_CHC\\20241006_225113\\1728215513867.png, C:\\Users\\User\\git\\frameworks-regression-test-automation\\Reports\\20241006_225113\\CHC_Instance\\PointofSale_Module\\TS3_POS_Account_Credit_Full_CHC\\20241006_225113\\1728215536196.png, C:\\Users\\User\\git\\frameworks-regression-test-automation\\Reports\\20241006_225113\\CHC_Instance\\PointofSale_Module\\TS3_POS_Account_Credit_Full_CHC\\20241006_225113\\1728215539462.png, C:\\Users\\User\\git\\frameworks-regression-test-automation\\Reports\\20241006_225113\\CHC_Instance\\PointofSale_Module\\TS3_POS_Account_Credit_Full_CHC\\20241006_225113\\1728215550096.png, C:\\Users\\User\\git\\frameworks-regression-test-automation\\Reports\\20241006_225113\\CHC_Instance\\PointofSale_Module\\TS3_POS_Account_Credit_Full_CHC\\20241006_225113\\1728215552954.png, C:\\Users\\User\\git\\frameworks-regression-test-automation\\Reports\\20241006_225113\\CHC_Instance\\PointofSale_Module\\TS3_POS_Account_Credit_Full_CHC\\20241006_225113\\1728215555840.png, C:\\Users\\User\\git\\frameworks-regression-test-automation\\Reports\\20241006_225113\\CHC_Instance\\PointofSale_Module\\TS3_POS_Account_Credit_Full_CHC\\20241006_225113\\1728215558702.png, C:\\Users\\User\\git\\frameworks-regression-test-automation\\Reports\\20241006_225113\\CHC_Instance\\PointofSale_Module\\TS3_POS_Account_Credit_Full_CHC\\20241006_225113\\1728215582626.png, C:\\Users\\User\\git\\frameworks-regression-test-automation\\Reports\\20241006_225113\\CHC_Instance\\PointofSale_Module\\TS3_POS_Account_Credit_Full_CHC\\20241006_225113\\1728215588789.png, C:\\Users\\User\\git\\frameworks-regression-test-automation\\Reports\\20241006_225113\\CHC_Instance\\PointofSale_Module\\TS3_POS_Account_Credit_Full_CHC\\20241006_225113\\1728215637001.png, C:\\Users\\User\\git\\frameworks-regression-test-automation\\Reports\\20241006_225113\\CHC_Instance\\PointofSale_Module\\TS3_POS_Account_Credit_Full_CHC\\20241006_225113\\1728215639885.png"/>
         <property name="hostName" value="User - ROG"/>
         <property name="os" value="Windows 11 64bit"/>
         <property name="katalonVersion" value="9.5.0.217"/>
         <property name="browser" value="Chrome 129.0.0.0"/>
         <property name="hostAddress" value="10.192.251.2"/>
         <property name="sessionId" value="b83d7b35417b733d506c3df95768bc55"/>
         <property name="seleniumVersion" value="3.141.59"/>
         <property name="proxyInformation" value="ProxyInformation { proxyOption=NO_PROXY, proxyServerType=HTTP, username=, password=********, proxyServerAddress=, proxyServerPort=0, executionList=&quot;&quot;, isApplyToDesiredCapabilities=true }"/>
         <property name="platform" value="Windows 11"/>
      </properties>
      <testcase name="Test Cases/CHC_Instance/PointofSale_Module/TS2_POS_AccountSale/POS_AccountSale-5006866(TS3)" time="38.144" classname="Test Cases/CHC_Instance/PointofSale_Module/TS2_POS_AccountSale/POS_AccountSale-5006866(TS3)" status="PASSED">
         <system-out><![CDATA[06-10-2024T22:51:20 - [TEST_CASE][PASSED] - Test Cases/CHC_Instance/PointofSale_Module/TS2_POS_AccountSale/POS_AccountSale-5006866(TS3): Test Cases/CHC_Instance/PointofSale_Module/TS2_POS_AccountSale/POS_AccountSale-5006866(TS3)

06-10-2024T22:51:21 - [TEST_STEP][PASSED] - openBrowser(""): Browser is opened with url: ''

06-10-2024T22:51:21 - [MESSAGE][INFO] - Starting 'Chrome' driver

06-10-2024T22:51:21 - [MESSAGE][INFO] - Action delay is set to 0 milliseconds

06-10-2024T22:51:22 - [MESSAGE][PASSED] - Browser is opened with url: ''

06-10-2024T22:51:22 - [TEST_STEP][PASSED] - maximizeWindow(): Current window maximized

06-10-2024T22:51:22 - [MESSAGE][PASSED] - Current window maximized

06-10-2024T22:51:22 - [TEST_STEP][PASSED] - navigateToUrl("http://frameworks.cairnshardware.com.au:8080/FWDemo/Fluid.html#homeDashboard,dash,Frameworks.Activity.Menu.HomeDashBoard"): Navigate to 'http://frameworks.cairnshardware.com.au:8080/FWDemo/Fluid.html#homeDashboard,dash,Frameworks.Activity.Menu.HomeDashBoard' successfully

06-10-2024T22:51:27 - [MESSAGE][PASSED] - Navigate to 'http://frameworks.cairnshardware.com.au:8080/FWDemo/Fluid.html#homeDashboard,dash,Frameworks.Activity.Menu.HomeDashBoard' successfully

06-10-2024T22:51:27 - [TEST_STEP][PASSED] - setText(findTestObject("Object Repository/POS_AccountSale_CHC/Page_Frameworks (Demo)/input_User ID_userid"), userName): Text 'manaki' is set on object 'Object Repository/POS_AccountSale_CHC/Page_Frameworks (Demo)/input_User ID_userid'

06-10-2024T22:51:32 - [MESSAGE][PASSED] - Text 'manaki' is set on object 'Object Repository/POS_AccountSale_CHC/Page_Frameworks (Demo)/input_User ID_userid'

06-10-2024T22:51:32 - [TEST_STEP][PASSED] - setEncryptedText(findTestObject("Object Repository/POS_AccountSale_CHC/Page_Frameworks (Demo)/input_Password_password"), "BvRmjN+0xFM="): Text ****** has been set on object 'Object Repository/POS_AccountSale_CHC/Page_Frameworks (Demo)/input_Password_password'

06-10-2024T22:51:33 - [MESSAGE][PASSED] - Text ****** has been set on object 'Object Repository/POS_AccountSale_CHC/Page_Frameworks (Demo)/input_Password_password'

06-10-2024T22:51:33 - [TEST_STEP][PASSED] - click(findTestObject("Object Repository/POS_AccountSale_CHC/Page_Frameworks (Demo)/div_Login")): Object: 'Object Repository/POS_AccountSale_CHC/Page_Frameworks (Demo)/div_Login' is clicked on

06-10-2024T22:51:33 - [MESSAGE][PASSED] - Object: 'Object Repository/POS_AccountSale_CHC/Page_Frameworks (Demo)/div_Login' is clicked on

06-10-2024T22:51:33 - [TEST_STEP][PASSED] - click(findTestObject("Object Repository/POS_AccountSale_CHC/Page_Frameworks (Demo)/Fws_Menu")): Object: 'Object Repository/POS_AccountSale_CHC/Page_Frameworks (Demo)/Fws_Menu' is clicked on

06-10-2024T22:51:35 - [MESSAGE][PASSED] - Object: 'Object Repository/POS_AccountSale_CHC/Page_Frameworks (Demo)/Fws_Menu' is clicked on

06-10-2024T22:51:35 - [TEST_STEP][PASSED] - click(findTestObject("Object Repository/POS_AccountSale_CHC/Page_Frameworks (Demo)/Sales_TransactionProcessing")): Object: 'Object Repository/POS_AccountSale_CHC/Page_Frameworks (Demo)/Sales_TransactionProcessing' is clicked on

06-10-2024T22:51:36 - [MESSAGE][PASSED] - Object: 'Object Repository/POS_AccountSale_CHC/Page_Frameworks (Demo)/Sales_TransactionProcessing' is clicked on

06-10-2024T22:51:36 - [TEST_STEP][PASSED] - click(findTestObject("Object Repository/POS_AccountSale_CHC/Page_Frameworks (Demo)/td_Point Of Sale")): Object: 'Object Repository/POS_AccountSale_CHC/Page_Frameworks (Demo)/td_Point Of Sale' is clicked on

06-10-2024T22:51:36 - [MESSAGE][PASSED] - Object: 'Object Repository/POS_AccountSale_CHC/Page_Frameworks (Demo)/td_Point Of Sale' is clicked on

06-10-2024T22:51:36 - [TEST_STEP][PASSED] - delay(2): Delayed 2 second(s)

06-10-2024T22:51:38 - [MESSAGE][PASSED] - Delayed 2 second(s)

06-10-2024T22:51:38 - [TEST_STEP][PASSED] - setText(findTestObject("Object Repository/POS_AccountSale_CHC/Page_Frameworks (Demo)/input_m_customerIdX"), customerName): Text 'Lee Pearce (518451)' is set on object 'Object Repository/POS_AccountSale_CHC/Page_Frameworks (Demo)/input_m_customerIdX'

06-10-2024T22:51:40 - [MESSAGE][PASSED] - Text 'Lee Pearce (518451)' is set on object 'Object Repository/POS_AccountSale_CHC/Page_Frameworks (Demo)/input_m_customerIdX'

06-10-2024T22:51:40 - [TEST_STEP][PASSED] - click(findTestObject("Object Repository/POS_AccountSale_CHC/Page_Frameworks (Demo)/div_Lee Pearce (518451)")): Object: 'Object Repository/POS_AccountSale_CHC/Page_Frameworks (Demo)/div_Lee Pearce (518451)' is clicked on

06-10-2024T22:51:41 - [MESSAGE][PASSED] - Object: 'Object Repository/POS_AccountSale_CHC/Page_Frameworks (Demo)/div_Lee Pearce (518451)' is clicked on

06-10-2024T22:51:41 - [TEST_STEP][PASSED] - click(findTestObject("Object Repository/POS_AccountSale_CHC/Page_Frameworks (Demo)/Page_Frameworks (Demo)/span_Point Of Sale")): Object: 'Object Repository/POS_AccountSale_CHC/Page_Frameworks (Demo)/Page_Frameworks (Demo)/span_Point Of Sale' is clicked on

06-10-2024T22:51:41 - [MESSAGE][PASSED] - Object: 'Object Repository/POS_AccountSale_CHC/Page_Frameworks (Demo)/Page_Frameworks (Demo)/span_Point Of Sale' is clicked on

06-10-2024T22:51:41 - [TEST_STEP][PASSED] - click(findTestObject("Object Repository/POS_AccountSale_CHC/Page_Frameworks (Demo)/Page_Frameworks (Demo)/td_Close (O)")): Object: 'Object Repository/POS_AccountSale_CHC/Page_Frameworks (Demo)/Page_Frameworks (Demo)/td_Close (O)' is clicked on

06-10-2024T22:51:43 - [MESSAGE][PASSED] - Object: 'Object Repository/POS_AccountSale_CHC/Page_Frameworks (Demo)/Page_Frameworks (Demo)/td_Close (O)' is clicked on

06-10-2024T22:51:43 - [TEST_STEP][PASSED] - invoiceNum = getText(findTestObject("Object Repository/TS2_POS_AccountSale_DBC/New_Interface/Page_Frameworks (Demo)/div_invoiceNum")): Text of object 'Object Repository/TS2_POS_AccountSale_DBC/New_Interface/Page_Frameworks (Demo)/div_invoiceNum' is: '13072716'

06-10-2024T22:51:44 - [MESSAGE][PASSED] - Text of object 'Object Repository/TS2_POS_AccountSale_DBC/New_Interface/Page_Frameworks (Demo)/div_invoiceNum' is: '13072716'

06-10-2024T22:51:44 - [TEST_STEP][PASSED] - setText(findTestObject("Object Repository/POS_AccountSale_CHC/Page_Frameworks (Demo)/input_P_prodId"), "5006866"): Text '5006866' is set on object 'Object Repository/POS_AccountSale_CHC/Page_Frameworks (Demo)/input_P_prodId'

06-10-2024T22:51:45 - [MESSAGE][PASSED] - Text '5006866' is set on object 'Object Repository/POS_AccountSale_CHC/Page_Frameworks (Demo)/input_P_prodId'

06-10-2024T22:51:45 - [TEST_STEP][PASSED] - delay(2): Delayed 2 second(s)

06-10-2024T22:51:47 - [MESSAGE][PASSED] - Delayed 2 second(s)

06-10-2024T22:51:47 - [TEST_STEP][PASSED] - setText(findTestObject("Object Repository/POS_AccountSale_CHC/Page_Frameworks (Demo)/input_Quantity_quantityOrdered"), "2"): Text '2' is set on object 'Object Repository/POS_AccountSale_CHC/Page_Frameworks (Demo)/input_Quantity_quantityOrdered'

06-10-2024T22:51:48 - [MESSAGE][PASSED] - Text '2' is set on object 'Object Repository/POS_AccountSale_CHC/Page_Frameworks (Demo)/input_Quantity_quantityOrdered'

06-10-2024T22:51:48 - [TEST_STEP][PASSED] - click(findTestObject("Object Repository/POS_AccountSale_CHC/Page_Frameworks (Demo)/input_Quantity_quantityOrdered")): Object: 'Object Repository/POS_AccountSale_CHC/Page_Frameworks (Demo)/input_Quantity_quantityOrdered' is clicked on

06-10-2024T22:51:48 - [MESSAGE][PASSED] - Object: 'Object Repository/POS_AccountSale_CHC/Page_Frameworks (Demo)/input_Quantity_quantityOrdered' is clicked on

06-10-2024T22:51:48 - [TEST_STEP][PASSED] - delay(2): Delayed 2 second(s)

06-10-2024T22:51:50 - [MESSAGE][PASSED] - Delayed 2 second(s)

06-10-2024T22:51:50 - [TEST_STEP][PASSED] - takeFullPageScreenshot(): Taking screenshot successfully

06-10-2024T22:51:51 - [MESSAGE][INFO] - 0 hidden object(s)

06-10-2024T22:51:51 - [MESSAGE][PASSED] - Taking screenshot successfully
[[ATTACHMENT|C:\\Users\\User\\git\\frameworks-regression-test-automation\\Reports\\20241006_225113\\CHC_Instance\\PointofSale_Module\\TS3_POS_Account_Credit_Full_CHC\\20241006_225113\\1728215510729.png]]

06-10-2024T22:51:51 - [TEST_STEP][PASSED] - click(findTestObject("Object Repository/POS_AccountSale_CHC/Page_Frameworks (Demo)/img_add")): Object: 'Object Repository/POS_AccountSale_CHC/Page_Frameworks (Demo)/img_add' is clicked on

06-10-2024T22:51:51 - [MESSAGE][PASSED] - Object: 'Object Repository/POS_AccountSale_CHC/Page_Frameworks (Demo)/img_add' is clicked on

06-10-2024T22:51:51 - [TEST_STEP][PASSED] - delay(2): Delayed 2 second(s)

06-10-2024T22:51:53 - [MESSAGE][PASSED] - Delayed 2 second(s)

06-10-2024T22:51:53 - [TEST_STEP][PASSED] - takeFullPageScreenshot(): Taking screenshot successfully

06-10-2024T22:51:54 - [MESSAGE][INFO] - 0 hidden object(s)

06-10-2024T22:51:54 - [MESSAGE][PASSED] - Taking screenshot successfully
[[ATTACHMENT|C:\\Users\\User\\git\\frameworks-regression-test-automation\\Reports\\20241006_225113\\CHC_Instance\\PointofSale_Module\\TS3_POS_Account_Credit_Full_CHC\\20241006_225113\\1728215513867.png]]

06-10-2024T22:51:54 - [TEST_STEP][PASSED] - click(findTestObject("Object Repository/POS_AccountSale_CHC/Page_Frameworks (Demo)/Page_Frameworks (Demo)/div_ACCOUNT (A)")): Object: 'Object Repository/POS_AccountSale_CHC/Page_Frameworks (Demo)/Page_Frameworks (Demo)/div_ACCOUNT (A)' is clicked on

06-10-2024T22:51:54 - [MESSAGE][PASSED] - Object: 'Object Repository/POS_AccountSale_CHC/Page_Frameworks (Demo)/Page_Frameworks (Demo)/div_ACCOUNT (A)' is clicked on

06-10-2024T22:51:54 - [TEST_STEP][PASSED] - sourceFile = new java.io.FileInputStream(ExcelFile): null

06-10-2024T22:51:54 - [TEST_STEP][PASSED] - workbook = new org.apache.poi.xssf.usermodel.XSSFWorkbook(sourceFile): null

06-10-2024T22:51:55 - [TEST_STEP][PASSED] - sheet = workbook.getSheet("Sheet1"): null

06-10-2024T22:51:55 - [TEST_STEP][PASSED] - row = sheet.getRow(0): null

06-10-2024T22:51:55 - [TEST_STEP][PASSED] - cell = row.getCell(1): null

06-10-2024T22:51:55 - [TEST_STEP][PASSED] - row = sheet.createRow(1): null

06-10-2024T22:51:55 - [TEST_STEP][PASSED] - cell = row.createCell(0): null

06-10-2024T22:51:55 - [TEST_STEP][PASSED] - cell.setCellValue("Invoice Number"): null

06-10-2024T22:51:55 - [TEST_STEP][PASSED] - cell = row.createCell(1): null

06-10-2024T22:51:55 - [TEST_STEP][PASSED] - cell.setCellValue(invoiceNum): null

06-10-2024T22:51:55 - [TEST_STEP][PASSED] - fos = new java.io.FileOutputStream(ExcelFile): null

06-10-2024T22:51:55 - [TEST_STEP][PASSED] - workbook.write(fos): null

06-10-2024T22:51:55 - [TEST_STEP][PASSED] - fos.close(): null

06-10-2024T22:51:55 - [TEST_STEP][PASSED] - sourceFile.close(): null

06-10-2024T22:51:55 - [TEST_STEP][PASSED] - click(findTestObject("Object Repository/Create_PurchaseOrder_CHC/Page_Frameworks (Demo)/img_Accountdropd")): Object: 'Object Repository/Create_PurchaseOrder_CHC/Page_Frameworks (Demo)/img_Accountdropd' is clicked on

06-10-2024T22:51:57 - [MESSAGE][PASSED] - Object: 'Object Repository/Create_PurchaseOrder_CHC/Page_Frameworks (Demo)/img_Accountdropd' is clicked on

06-10-2024T22:51:57 - [TEST_STEP][PASSED] - click(findTestObject("Object Repository/Create_PurchaseOrder_CHC/Page_Frameworks (Demo)/div_Logout")): Object: 'Object Repository/Create_PurchaseOrder_CHC/Page_Frameworks (Demo)/div_Logout' is clicked on

06-10-2024T22:51:58 - [MESSAGE][PASSED] - Object: 'Object Repository/Create_PurchaseOrder_CHC/Page_Frameworks (Demo)/div_Logout' is clicked on]]></system-out>
         <system-err><![CDATA[]]></system-err>
      </testcase>
      <testcase name="Test Cases/CHC_Instance/PointofSale_Module/TS3_POS_AccountCredit_Full_StockReturn/POS_AccountCredit_Full_CHC" time="42.96" classname="Test Cases/CHC_Instance/PointofSale_Module/TS3_POS_AccountCredit_Full_StockReturn/POS_AccountCredit_Full_CHC" status="PASSED">
         <system-out><![CDATA[06-10-2024T22:51:58 - [TEST_CASE][PASSED] - Test Cases/CHC_Instance/PointofSale_Module/TS3_POS_AccountCredit_Full_StockReturn/POS_AccountCredit_Full_CHC: Test Cases/CHC_Instance/PointofSale_Module/TS3_POS_AccountCredit_Full_StockReturn/POS_AccountCredit_Full_CHC

06-10-2024T22:51:59 - [TEST_STEP][PASSED] - sourceFile = new java.io.FileInputStream(ExcelFile): null

06-10-2024T22:51:59 - [TEST_STEP][PASSED] - workbook = new org.apache.poi.xssf.usermodel.XSSFWorkbook(sourceFile): null

06-10-2024T22:51:59 - [TEST_STEP][PASSED] - sheet = workbook.getSheet("Sheet1"): null

06-10-2024T22:51:59 - [TEST_STEP][PASSED] - row = sheet.getRow(1): null

06-10-2024T22:51:59 - [TEST_STEP][PASSED] - cell = row.getCell(1): null

06-10-2024T22:51:59 - [TEST_STEP][PASSED] - docketNumber = cell.getStringCellValue(): null

06-10-2024T22:51:59 - [TEST_STEP][PASSED] - println(docketNumber): null

06-10-2024T22:51:59 - [TEST_STEP][PASSED] - sourceFile.close(): null

06-10-2024T22:51:59 - [TEST_STEP][PASSED] - openBrowser(""): Browser is opened with url: ''

06-10-2024T22:51:59 - [MESSAGE][WARNING] - A browser is already opened. Closing browser and opening a new one

06-10-2024T22:51:59 - [MESSAGE][INFO] - Starting 'Chrome' driver

06-10-2024T22:51:59 - [MESSAGE][INFO] - Action delay is set to 0 milliseconds

06-10-2024T22:52:00 - [MESSAGE][PASSED] - Browser is opened with url: ''

06-10-2024T22:52:00 - [TEST_STEP][PASSED] - maximizeWindow(): Current window maximized

06-10-2024T22:52:00 - [MESSAGE][PASSED] - Current window maximized

06-10-2024T22:52:00 - [TEST_STEP][PASSED] - navigateToUrl("http://frameworks.cairnshardware.com.au:8080/FWDemo/Fluid.html#homeDashboard,dash,Frameworks.Activity.Menu.HomeDashBoard"): Navigate to 'http://frameworks.cairnshardware.com.au:8080/FWDemo/Fluid.html#homeDashboard,dash,Frameworks.Activity.Menu.HomeDashBoard' successfully

06-10-2024T22:52:04 - [MESSAGE][PASSED] - Navigate to 'http://frameworks.cairnshardware.com.au:8080/FWDemo/Fluid.html#homeDashboard,dash,Frameworks.Activity.Menu.HomeDashBoard' successfully

06-10-2024T22:52:04 - [TEST_STEP][PASSED] - setText(findTestObject("Object Repository/TS3_POS_AccountCredit_Full_CHC/Page_Frameworks (Demo)/input_User ID_userid"), userName): Text 'manaki' is set on object 'Object Repository/TS3_POS_AccountCredit_Full_CHC/Page_Frameworks (Demo)/input_User ID_userid'

06-10-2024T22:52:10 - [MESSAGE][PASSED] - Text 'manaki' is set on object 'Object Repository/TS3_POS_AccountCredit_Full_CHC/Page_Frameworks (Demo)/input_User ID_userid'

06-10-2024T22:52:10 - [TEST_STEP][PASSED] - setEncryptedText(findTestObject("Object Repository/TS3_POS_AccountCredit_Full_CHC/Page_Frameworks (Demo)/input_Password_password"), "BvRmjN+0xFM="): Text ****** has been set on object 'Object Repository/TS3_POS_AccountCredit_Full_CHC/Page_Frameworks (Demo)/input_Password_password'

06-10-2024T22:52:10 - [MESSAGE][PASSED] - Text ****** has been set on object 'Object Repository/TS3_POS_AccountCredit_Full_CHC/Page_Frameworks (Demo)/input_Password_password'

06-10-2024T22:52:10 - [TEST_STEP][PASSED] - click(findTestObject("Object Repository/TS3_POS_AccountCredit_Full_CHC/Page_Frameworks (Demo)/div_Login")): Object: 'Object Repository/TS3_POS_AccountCredit_Full_CHC/Page_Frameworks (Demo)/div_Login' is clicked on

06-10-2024T22:52:10 - [MESSAGE][PASSED] - Object: 'Object Repository/TS3_POS_AccountCredit_Full_CHC/Page_Frameworks (Demo)/div_Login' is clicked on

06-10-2024T22:52:10 - [TEST_STEP][PASSED] - click(findTestObject("Object Repository/TS3_POS_AccountCredit_Full_CHC/Page_Frameworks (Demo)/Fws_Menu")): Object: 'Object Repository/TS3_POS_AccountCredit_Full_CHC/Page_Frameworks (Demo)/Fws_Menu' is clicked on

06-10-2024T22:52:12 - [MESSAGE][PASSED] - Object: 'Object Repository/TS3_POS_AccountCredit_Full_CHC/Page_Frameworks (Demo)/Fws_Menu' is clicked on

06-10-2024T22:52:12 - [TEST_STEP][PASSED] - click(findTestObject("Object Repository/TS3_POS_AccountCredit_Full_CHC/Page_Frameworks (Demo)/Sales_TransactionProcessing")): Object: 'Object Repository/TS3_POS_AccountCredit_Full_CHC/Page_Frameworks (Demo)/Sales_TransactionProcessing' is clicked on

06-10-2024T22:52:13 - [MESSAGE][PASSED] - Object: 'Object Repository/TS3_POS_AccountCredit_Full_CHC/Page_Frameworks (Demo)/Sales_TransactionProcessing' is clicked on

06-10-2024T22:52:13 - [TEST_STEP][PASSED] - click(findTestObject("Object Repository/TS3_POS_AccountCredit_Full_CHC/Page_Frameworks (Demo)/td_Credit Notes")): Object: 'Object Repository/TS3_POS_AccountCredit_Full_CHC/Page_Frameworks (Demo)/td_Credit Notes' is clicked on

06-10-2024T22:52:14 - [MESSAGE][PASSED] - Object: 'Object Repository/TS3_POS_AccountCredit_Full_CHC/Page_Frameworks (Demo)/td_Credit Notes' is clicked on

06-10-2024T22:52:14 - [TEST_STEP][PASSED] - delay(2): Delayed 2 second(s)

06-10-2024T22:52:16 - [MESSAGE][PASSED] - Delayed 2 second(s)

06-10-2024T22:52:16 - [TEST_STEP][PASSED] - takeFullPageScreenshot(): Taking screenshot successfully

06-10-2024T22:52:16 - [MESSAGE][INFO] - 0 hidden object(s)

06-10-2024T22:52:16 - [MESSAGE][PASSED] - Taking screenshot successfully
[[ATTACHMENT|C:\\Users\\User\\git\\frameworks-regression-test-automation\\Reports\\20241006_225113\\CHC_Instance\\PointofSale_Module\\TS3_POS_Account_Credit_Full_CHC\\20241006_225113\\1728215536196.png]]

06-10-2024T22:52:16 - [TEST_STEP][PASSED] - click(findTestObject("Object Repository/TS3_POS_AccountCredit_Full_CHC/Page_Frameworks (Demo)/div_New")): Object: 'Object Repository/TS3_POS_AccountCredit_Full_CHC/Page_Frameworks (Demo)/div_New' is clicked on

06-10-2024T22:52:17 - [MESSAGE][PASSED] - Object: 'Object Repository/TS3_POS_AccountCredit_Full_CHC/Page_Frameworks (Demo)/div_New' is clicked on

06-10-2024T22:52:17 - [TEST_STEP][PASSED] - delay(2): Delayed 2 second(s)

06-10-2024T22:52:19 - [MESSAGE][PASSED] - Delayed 2 second(s)

06-10-2024T22:52:19 - [TEST_STEP][PASSED] - takeFullPageScreenshot(): Taking screenshot successfully

06-10-2024T22:52:19 - [MESSAGE][INFO] - 0 hidden object(s)

06-10-2024T22:52:19 - [MESSAGE][PASSED] - Taking screenshot successfully
[[ATTACHMENT|C:\\Users\\User\\git\\frameworks-regression-test-automation\\Reports\\20241006_225113\\CHC_Instance\\PointofSale_Module\\TS3_POS_Account_Credit_Full_CHC\\20241006_225113\\1728215539462.png]]

06-10-2024T22:52:19 - [TEST_STEP][PASSED] - transaction_Number = getText(findTestObject("Object Repository/TS3_POS_AccountCredit_Full_CHC/Page_Frameworks (Demo)/transaction_Number")): Text of object 'Object Repository/TS3_POS_AccountCredit_Full_CHC/Page_Frameworks (Demo)/transaction_Number' is: '13072718'

06-10-2024T22:52:20 - [MESSAGE][PASSED] - Text of object 'Object Repository/TS3_POS_AccountCredit_Full_CHC/Page_Frameworks (Demo)/transaction_Number' is: '13072718'

06-10-2024T22:52:20 - [TEST_STEP][PASSED] - println(transaction_Number): null

06-10-2024T22:52:20 - [TEST_STEP][PASSED] - setText(findTestObject("Object Repository/TS3_POS_AccountCredit_Full_CHC/Page_Frameworks (Demo)/input_Customer_idCustX"), "Lee Pearce (518451)"): Text 'Lee Pearce (518451)' is set on object 'Object Repository/TS3_POS_AccountCredit_Full_CHC/Page_Frameworks (Demo)/input_Customer_idCustX'

06-10-2024T22:52:21 - [MESSAGE][PASSED] - Text 'Lee Pearce (518451)' is set on object 'Object Repository/TS3_POS_AccountCredit_Full_CHC/Page_Frameworks (Demo)/input_Customer_idCustX'

06-10-2024T22:52:21 - [TEST_STEP][PASSED] - click(findTestObject("Object Repository/TS3_POS_AccountCredit_Full_CHC/Page_Frameworks (Demo)/div_Lee Pearce (518451)")): Object: 'Object Repository/TS3_POS_AccountCredit_Full_CHC/Page_Frameworks (Demo)/div_Lee Pearce (518451)' is clicked on

06-10-2024T22:52:22 - [MESSAGE][PASSED] - Object: 'Object Repository/TS3_POS_AccountCredit_Full_CHC/Page_Frameworks (Demo)/div_Lee Pearce (518451)' is clicked on

06-10-2024T22:52:22 - [TEST_STEP][PASSED] - click(findTestObject("Object Repository/TS3_POS_AccountCredit_Full_CHC/Page_Frameworks (Demo)/table_Select a Value")): Object: 'Object Repository/TS3_POS_AccountCredit_Full_CHC/Page_Frameworks (Demo)/table_Select a Value' is clicked on

06-10-2024T22:52:23 - [MESSAGE][PASSED] - Object: 'Object Repository/TS3_POS_AccountCredit_Full_CHC/Page_Frameworks (Demo)/table_Select a Value' is clicked on

06-10-2024T22:52:23 - [TEST_STEP][PASSED] - click(findTestObject("Object Repository/TS3_POS_AccountCredit_Full_CHC/Page_Frameworks (Demo)/div_Stock Return")): Object: 'Object Repository/TS3_POS_AccountCredit_Full_CHC/Page_Frameworks (Demo)/div_Stock Return' is clicked on

06-10-2024T22:52:23 - [MESSAGE][PASSED] - Object: 'Object Repository/TS3_POS_AccountCredit_Full_CHC/Page_Frameworks (Demo)/div_Stock Return' is clicked on

06-10-2024T22:52:23 - [TEST_STEP][PASSED] - click(findTestObject("Object Repository/TS3_POS_AccountCredit_Full_CHC/Page_Frameworks (Demo)/table_Reason_isc_YX")): Object: 'Object Repository/TS3_POS_AccountCredit_Full_CHC/Page_Frameworks (Demo)/table_Reason_isc_YX' is clicked on

06-10-2024T22:52:24 - [MESSAGE][PASSED] - Object: 'Object Repository/TS3_POS_AccountCredit_Full_CHC/Page_Frameworks (Demo)/table_Reason_isc_YX' is clicked on

06-10-2024T22:52:24 - [TEST_STEP][PASSED] - click(findTestObject("Object Repository/TS3_POS_AccountCredit_Full_CHC/Page_Frameworks (Demo)/div_1 - Stock Return")): Object: 'Object Repository/TS3_POS_AccountCredit_Full_CHC/Page_Frameworks (Demo)/div_1 - Stock Return' is clicked on

06-10-2024T22:52:25 - [MESSAGE][PASSED] - Object: 'Object Repository/TS3_POS_AccountCredit_Full_CHC/Page_Frameworks (Demo)/div_1 - Stock Return' is clicked on

06-10-2024T22:52:25 - [TEST_STEP][PASSED] - click(findTestObject("Object Repository/TS3_POS_AccountCredit_Full_CHC/Page_Frameworks (Demo)/input_Original Docket_originalDocket"), STOP_ON_FAILURE): Object: 'Object Repository/TS3_POS_AccountCredit_Full_CHC/Page_Frameworks (Demo)/input_Original Docket_originalDocket' is clicked on

06-10-2024T22:52:26 - [MESSAGE][PASSED] - Object: 'Object Repository/TS3_POS_AccountCredit_Full_CHC/Page_Frameworks (Demo)/input_Original Docket_originalDocket' is clicked on

06-10-2024T22:52:26 - [TEST_STEP][PASSED] - sendKeys(findTestObject("Object Repository/TS3_POS_AccountCredit_Full_CHC/Page_Frameworks (Demo)/input_Original Docket_originalDocket"), docketNumber): Keys '13072716' sent to object: 'Object Repository/TS3_POS_AccountCredit_Full_CHC/Page_Frameworks (Demo)/input_Original Docket_originalDocket'

06-10-2024T22:52:26 - [MESSAGE][PASSED] - Keys '13072716' sent to object: 'Object Repository/TS3_POS_AccountCredit_Full_CHC/Page_Frameworks (Demo)/input_Original Docket_originalDocket'

06-10-2024T22:52:26 - [TEST_STEP][PASSED] - click(findTestObject("Object Repository/TS3_POS_AccountCredit_Full_CHC/Page_Frameworks (Demo)/div_BranchDropdown")): Object: 'Object Repository/TS3_POS_AccountCredit_Full_CHC/Page_Frameworks (Demo)/div_BranchDropdown' is clicked on

06-10-2024T22:52:27 - [MESSAGE][PASSED] - Object: 'Object Repository/TS3_POS_AccountCredit_Full_CHC/Page_Frameworks (Demo)/div_BranchDropdown' is clicked on

06-10-2024T22:52:27 - [TEST_STEP][PASSED] - click(findTestObject("Object Repository/TS3_POS_AccountCredit_Full_CHC/Page_Frameworks (Demo)/div_501 - DEMONSTRATION BRANCH 501")): Object: 'Object Repository/TS3_POS_AccountCredit_Full_CHC/Page_Frameworks (Demo)/div_501 - DEMONSTRATION BRANCH 501' is clicked on

06-10-2024T22:52:28 - [MESSAGE][PASSED] - Object: 'Object Repository/TS3_POS_AccountCredit_Full_CHC/Page_Frameworks (Demo)/div_501 - DEMONSTRATION BRANCH 501' is clicked on

06-10-2024T22:52:28 - [TEST_STEP][PASSED] - delay(2): Delayed 2 second(s)

06-10-2024T22:52:30 - [MESSAGE][PASSED] - Delayed 2 second(s)

06-10-2024T22:52:30 - [TEST_STEP][PASSED] - takeFullPageScreenshot(): Taking screenshot successfully

06-10-2024T22:52:30 - [MESSAGE][INFO] - 0 hidden object(s)

06-10-2024T22:52:30 - [MESSAGE][PASSED] - Taking screenshot successfully
[[ATTACHMENT|C:\\Users\\User\\git\\frameworks-regression-test-automation\\Reports\\20241006_225113\\CHC_Instance\\PointofSale_Module\\TS3_POS_Account_Credit_Full_CHC\\20241006_225113\\1728215550096.png]]

06-10-2024T22:52:30 - [TEST_STEP][PASSED] - click(findTestObject("Object Repository/TS3_POS_AccountCredit_Full_CHC/Page_Frameworks (Demo)/div_Load Details")): Object: 'Object Repository/TS3_POS_AccountCredit_Full_CHC/Page_Frameworks (Demo)/div_Load Details' is clicked on

06-10-2024T22:52:30 - [MESSAGE][PASSED] - Object: 'Object Repository/TS3_POS_AccountCredit_Full_CHC/Page_Frameworks (Demo)/div_Load Details' is clicked on

06-10-2024T22:52:30 - [TEST_STEP][PASSED] - delay(2): Delayed 2 second(s)

06-10-2024T22:52:32 - [MESSAGE][PASSED] - Delayed 2 second(s)

06-10-2024T22:52:32 - [TEST_STEP][PASSED] - takeFullPageScreenshot(): Taking screenshot successfully

06-10-2024T22:52:33 - [MESSAGE][INFO] - 0 hidden object(s)

06-10-2024T22:52:33 - [MESSAGE][PASSED] - Taking screenshot successfully
[[ATTACHMENT|C:\\Users\\User\\git\\frameworks-regression-test-automation\\Reports\\20241006_225113\\CHC_Instance\\PointofSale_Module\\TS3_POS_Account_Credit_Full_CHC\\20241006_225113\\1728215552954.png]]

06-10-2024T22:52:33 - [TEST_STEP][PASSED] - click(findTestObject("Object Repository/TS3_POS_AccountCredit_Full_CHC/Page_Frameworks (Demo)/div_Refund All")): Object: 'Object Repository/TS3_POS_AccountCredit_Full_CHC/Page_Frameworks (Demo)/div_Refund All' is clicked on

06-10-2024T22:52:33 - [MESSAGE][PASSED] - Object: 'Object Repository/TS3_POS_AccountCredit_Full_CHC/Page_Frameworks (Demo)/div_Refund All' is clicked on

06-10-2024T22:52:33 - [TEST_STEP][PASSED] - delay(2): Delayed 2 second(s)

06-10-2024T22:52:35 - [MESSAGE][PASSED] - Delayed 2 second(s)

06-10-2024T22:52:35 - [TEST_STEP][PASSED] - takeFullPageScreenshot(): Taking screenshot successfully

06-10-2024T22:52:36 - [MESSAGE][INFO] - 0 hidden object(s)

06-10-2024T22:52:36 - [MESSAGE][PASSED] - Taking screenshot successfully
[[ATTACHMENT|C:\\Users\\User\\git\\frameworks-regression-test-automation\\Reports\\20241006_225113\\CHC_Instance\\PointofSale_Module\\TS3_POS_Account_Credit_Full_CHC\\20241006_225113\\1728215555840.png]]

06-10-2024T22:52:36 - [TEST_STEP][PASSED] - click(findTestObject("Object Repository/TS3_POS_AccountCredit_Full_CHC/Page_Frameworks (Demo)/div_Finish (S)")): Object: 'Object Repository/TS3_POS_AccountCredit_Full_CHC/Page_Frameworks (Demo)/div_Finish (S)' is clicked on

06-10-2024T22:52:36 - [MESSAGE][PASSED] - Object: 'Object Repository/TS3_POS_AccountCredit_Full_CHC/Page_Frameworks (Demo)/div_Finish (S)' is clicked on

06-10-2024T22:52:36 - [TEST_STEP][PASSED] - delay(2): Delayed 2 second(s)

06-10-2024T22:52:38 - [MESSAGE][PASSED] - Delayed 2 second(s)

06-10-2024T22:52:38 - [TEST_STEP][PASSED] - takeFullPageScreenshot(): Taking screenshot successfully

06-10-2024T22:52:39 - [MESSAGE][INFO] - 0 hidden object(s)

06-10-2024T22:52:39 - [MESSAGE][PASSED] - Taking screenshot successfully
[[ATTACHMENT|C:\\Users\\User\\git\\frameworks-regression-test-automation\\Reports\\20241006_225113\\CHC_Instance\\PointofSale_Module\\TS3_POS_Account_Credit_Full_CHC\\20241006_225113\\1728215558702.png]]

06-10-2024T22:52:39 - [TEST_STEP][PASSED] - click(findTestObject("Object Repository/TS3_POS_AccountCredit_Full_CHC/Page_Frameworks (Demo)/div_Refund")): Object: 'Object Repository/TS3_POS_AccountCredit_Full_CHC/Page_Frameworks (Demo)/div_Refund' is clicked on

06-10-2024T22:52:39 - [MESSAGE][PASSED] - Object: 'Object Repository/TS3_POS_AccountCredit_Full_CHC/Page_Frameworks (Demo)/div_Refund' is clicked on

06-10-2024T22:52:39 - [TEST_STEP][PASSED] - updatesourceFile = new java.io.FileInputStream(ExcelFile): null

06-10-2024T22:52:39 - [TEST_STEP][PASSED] - updateWorkbook = new org.apache.poi.xssf.usermodel.XSSFWorkbook(updatesourceFile): null

06-10-2024T22:52:39 - [TEST_STEP][PASSED] - updateSheet = updateWorkbook.getSheet("Sheet1"): null

06-10-2024T22:52:39 - [TEST_STEP][PASSED] - updateRow = updateSheet.getRow(0): null

06-10-2024T22:52:39 - [TEST_STEP][PASSED] - updateCell = updateRow.getCell(1): null

06-10-2024T22:52:39 - [TEST_STEP][PASSED] - updateRow = updateSheet.createRow(2): null

06-10-2024T22:52:39 - [TEST_STEP][PASSED] - updateCell = updateRow.createCell(0): null

06-10-2024T22:52:39 - [TEST_STEP][PASSED] - updateCell.setCellValue("TransactionNumber"): null

06-10-2024T22:52:39 - [TEST_STEP][PASSED] - updateCell = updateRow.createCell(1): null

06-10-2024T22:52:39 - [TEST_STEP][PASSED] - updateCell.setCellValue(transaction_Number): null

06-10-2024T22:52:39 - [TEST_STEP][PASSED] - fos = new java.io.FileOutputStream(ExcelFile): null

06-10-2024T22:52:39 - [TEST_STEP][PASSED] - updateWorkbook.write(fos): null

06-10-2024T22:52:39 - [TEST_STEP][PASSED] - fos.close(): null

06-10-2024T22:52:39 - [TEST_STEP][PASSED] - updatesourceFile.close(): null

06-10-2024T22:52:39 - [TEST_STEP][PASSED] - click(findTestObject("Object Repository/Create_PurchaseOrder_CHC/Page_Frameworks (Demo)/img_Accountdropd")): Object: 'Object Repository/Create_PurchaseOrder_CHC/Page_Frameworks (Demo)/img_Accountdropd' is clicked on

06-10-2024T22:52:40 - [MESSAGE][PASSED] - Object: 'Object Repository/Create_PurchaseOrder_CHC/Page_Frameworks (Demo)/img_Accountdropd' is clicked on

06-10-2024T22:52:40 - [TEST_STEP][PASSED] - click(findTestObject("Object Repository/Create_PurchaseOrder_CHC/Page_Frameworks (Demo)/div_Logout")): Object: 'Object Repository/Create_PurchaseOrder_CHC/Page_Frameworks (Demo)/div_Logout' is clicked on

06-10-2024T22:52:41 - [MESSAGE][PASSED] - Object: 'Object Repository/Create_PurchaseOrder_CHC/Page_Frameworks (Demo)/div_Logout' is clicked on]]></system-out>
         <system-err><![CDATA[]]></system-err>
      </testcase>
      <testcase name="Test Cases/CHC_Instance/PointofSale_Module/TS3_POS_AccountCredit_Full_StockReturn/POS_AccountCredit_Full_ValidateRefund_CHC" time="29.218" classname="Test Cases/CHC_Instance/PointofSale_Module/TS3_POS_AccountCredit_Full_StockReturn/POS_AccountCredit_Full_ValidateRefund_CHC" status="PASSED">
         <system-out><![CDATA[06-10-2024T22:52:41 - [TEST_CASE][PASSED] - Test Cases/CHC_Instance/PointofSale_Module/TS3_POS_AccountCredit_Full_StockReturn/POS_AccountCredit_Full_ValidateRefund_CHC: Test Cases/CHC_Instance/PointofSale_Module/TS3_POS_AccountCredit_Full_StockReturn/POS_AccountCredit_Full_ValidateRefund_CHC

06-10-2024T22:52:41 - [TEST_STEP][PASSED] - sourceFile = new java.io.FileInputStream(ExcelFile): null

06-10-2024T22:52:41 - [TEST_STEP][PASSED] - workbook = new org.apache.poi.xssf.usermodel.XSSFWorkbook(sourceFile): null

06-10-2024T22:52:41 - [TEST_STEP][PASSED] - sheet = workbook.getSheet("Sheet1"): null

06-10-2024T22:52:41 - [TEST_STEP][PASSED] - row = sheet.getRow(2): null

06-10-2024T22:52:41 - [TEST_STEP][PASSED] - cell = row.getCell(1): null

06-10-2024T22:52:41 - [TEST_STEP][PASSED] - transactionNumber = cell.getStringCellValue(): null

06-10-2024T22:52:41 - [TEST_STEP][PASSED] - println(transactionNumber): null

06-10-2024T22:52:41 - [TEST_STEP][PASSED] - sourceFile.close(): null

06-10-2024T22:52:41 - [TEST_STEP][PASSED] - openBrowser(""): Browser is opened with url: ''

06-10-2024T22:52:41 - [MESSAGE][WARNING] - A browser is already opened. Closing browser and opening a new one

06-10-2024T22:52:42 - [MESSAGE][INFO] - Starting 'Chrome' driver

06-10-2024T22:52:42 - [MESSAGE][INFO] - Action delay is set to 0 milliseconds

06-10-2024T22:52:42 - [MESSAGE][PASSED] - Browser is opened with url: ''

06-10-2024T22:52:42 - [TEST_STEP][PASSED] - maximizeWindow(): Current window maximized

06-10-2024T22:52:42 - [MESSAGE][PASSED] - Current window maximized

06-10-2024T22:52:42 - [TEST_STEP][PASSED] - navigateToUrl("http://frameworks.cairnshardware.com.au:8080/FWDemo/Fluid.html#homeDashboard,dash,Frameworks.Activity.Menu.HomeDashBoard"): Navigate to 'http://frameworks.cairnshardware.com.au:8080/FWDemo/Fluid.html#homeDashboard,dash,Frameworks.Activity.Menu.HomeDashBoard' successfully

06-10-2024T22:52:48 - [MESSAGE][PASSED] - Navigate to 'http://frameworks.cairnshardware.com.au:8080/FWDemo/Fluid.html#homeDashboard,dash,Frameworks.Activity.Menu.HomeDashBoard' successfully

06-10-2024T22:52:48 - [TEST_STEP][PASSED] - setText(findTestObject("Object Repository/TS3_POS_AccountCredit_Full_CHC/Page_Frameworks (Demo)/input_User ID_userid"), userName): Text 'manaki' is set on object 'Object Repository/TS3_POS_AccountCredit_Full_CHC/Page_Frameworks (Demo)/input_User ID_userid'

06-10-2024T22:52:55 - [MESSAGE][PASSED] - Text 'manaki' is set on object 'Object Repository/TS3_POS_AccountCredit_Full_CHC/Page_Frameworks (Demo)/input_User ID_userid'

06-10-2024T22:52:55 - [TEST_STEP][PASSED] - setEncryptedText(findTestObject("Object Repository/TS3_POS_AccountCredit_Full_CHC/Page_Frameworks (Demo)/input_Password_password"), "BvRmjN+0xFM="): Text ****** has been set on object 'Object Repository/TS3_POS_AccountCredit_Full_CHC/Page_Frameworks (Demo)/input_Password_password'

06-10-2024T22:52:55 - [MESSAGE][PASSED] - Text ****** has been set on object 'Object Repository/TS3_POS_AccountCredit_Full_CHC/Page_Frameworks (Demo)/input_Password_password'

06-10-2024T22:52:55 - [TEST_STEP][PASSED] - click(findTestObject("Object Repository/TS3_POS_AccountCredit_Full_CHC/Page_Frameworks (Demo)/div_Login")): Object: 'Object Repository/TS3_POS_AccountCredit_Full_CHC/Page_Frameworks (Demo)/div_Login' is clicked on

06-10-2024T22:52:55 - [MESSAGE][PASSED] - Object: 'Object Repository/TS3_POS_AccountCredit_Full_CHC/Page_Frameworks (Demo)/div_Login' is clicked on

06-10-2024T22:52:55 - [TEST_STEP][PASSED] - click(findTestObject("Object Repository/POS_AccountSale_CHC/Page_Frameworks (Demo)/Page_Frameworks (Demo)/img_CustomerDashboard")): Object: 'Object Repository/POS_AccountSale_CHC/Page_Frameworks (Demo)/Page_Frameworks (Demo)/img_CustomerDashboard' is clicked on

06-10-2024T22:52:57 - [MESSAGE][PASSED] - Object: 'Object Repository/POS_AccountSale_CHC/Page_Frameworks (Demo)/Page_Frameworks (Demo)/img_CustomerDashboard' is clicked on

06-10-2024T22:52:57 - [TEST_STEP][PASSED] - setText(findTestObject("Object Repository/TS2_POS_AccountSale_DBC/New_Interface/Page_Frameworks (Demo)/input_Customer No_CustId"), "518451"): Text '518451' is set on object 'Object Repository/TS2_POS_AccountSale_DBC/New_Interface/Page_Frameworks (Demo)/input_Customer No_CustId'

06-10-2024T22:53:00 - [MESSAGE][PASSED] - Text '518451' is set on object 'Object Repository/TS2_POS_AccountSale_DBC/New_Interface/Page_Frameworks (Demo)/input_Customer No_CustId'

06-10-2024T22:53:00 - [TEST_STEP][PASSED] - click(findTestObject("Object Repository/TS2_POS_AccountSale_DBC/New_Interface/Page_Frameworks (Demo)/td_Find")): Object: 'Object Repository/TS2_POS_AccountSale_DBC/New_Interface/Page_Frameworks (Demo)/td_Find' is clicked on

06-10-2024T22:53:00 - [MESSAGE][PASSED] - Object: 'Object Repository/TS2_POS_AccountSale_DBC/New_Interface/Page_Frameworks (Demo)/td_Find' is clicked on

06-10-2024T22:53:00 - [TEST_STEP][PASSED] - delay(2): Delayed 2 second(s)

06-10-2024T22:53:02 - [MESSAGE][PASSED] - Delayed 2 second(s)

06-10-2024T22:53:02 - [TEST_STEP][PASSED] - takeFullPageScreenshot(): Taking screenshot successfully

06-10-2024T22:53:03 - [MESSAGE][INFO] - 0 hidden object(s)

06-10-2024T22:53:03 - [MESSAGE][PASSED] - Taking screenshot successfully
[[ATTACHMENT|C:\\Users\\User\\git\\frameworks-regression-test-automation\\Reports\\20241006_225113\\CHC_Instance\\PointofSale_Module\\TS3_POS_Account_Credit_Full_CHC\\20241006_225113\\1728215582626.png]]

06-10-2024T22:53:03 - [TEST_STEP][PASSED] - click(findTestObject("Object Repository/TS2_POS_AccountSale_DBC/New_Interface/Page_Frameworks (Demo)/div_Invoices, Orders, Quotes, Projects  Jobs")): Object: 'Object Repository/TS2_POS_AccountSale_DBC/New_Interface/Page_Frameworks (Demo)/div_Invoices, Orders, Quotes, Projects  Jobs' is clicked on

06-10-2024T22:53:03 - [MESSAGE][PASSED] - Object: 'Object Repository/TS2_POS_AccountSale_DBC/New_Interface/Page_Frameworks (Demo)/div_Invoices, Orders, Quotes, Projects  Jobs' is clicked on

06-10-2024T22:53:03 - [TEST_STEP][PASSED] - delay(2): Delayed 2 second(s)

06-10-2024T22:53:05 - [MESSAGE][PASSED] - Delayed 2 second(s)

06-10-2024T22:53:05 - [TEST_STEP][PASSED] - click(findTestObject("Object Repository/Sales_Orders/New_Interface/Page_Frameworks (Demo)/div_Number")): Object: 'Object Repository/Sales_Orders/New_Interface/Page_Frameworks (Demo)/div_Number' is clicked on

06-10-2024T22:53:05 - [MESSAGE][PASSED] - Object: 'Object Repository/Sales_Orders/New_Interface/Page_Frameworks (Demo)/div_Number' is clicked on

06-10-2024T22:53:05 - [TEST_STEP][PASSED] - click(findTestObject("Object Repository/Sales_Orders/New_Interface/Page_Frameworks (Demo)/div_Number")): Object: 'Object Repository/Sales_Orders/New_Interface/Page_Frameworks (Demo)/div_Number' is clicked on

06-10-2024T22:53:06 - [MESSAGE][PASSED] - Object: 'Object Repository/Sales_Orders/New_Interface/Page_Frameworks (Demo)/div_Number' is clicked on

06-10-2024T22:53:06 - [TEST_STEP][PASSED] - delay(2): Delayed 2 second(s)

06-10-2024T22:53:08 - [MESSAGE][PASSED] - Delayed 2 second(s)

06-10-2024T22:53:08 - [TEST_STEP][PASSED] - takeFullPageScreenshot(): Taking screenshot successfully

06-10-2024T22:53:09 - [MESSAGE][INFO] - 0 hidden object(s)

06-10-2024T22:53:09 - [MESSAGE][PASSED] - Taking screenshot successfully
[[ATTACHMENT|C:\\Users\\User\\git\\frameworks-regression-test-automation\\Reports\\20241006_225113\\CHC_Instance\\PointofSale_Module\\TS3_POS_Account_Credit_Full_CHC\\20241006_225113\\1728215588789.png]]

06-10-2024T22:53:09 - [TEST_STEP][PASSED] - verifyTextPresent(transactionNumber, false): Text '13072718' is present on page 

06-10-2024T22:53:09 - [MESSAGE][PASSED] - Text '13072718' is present on page 

06-10-2024T22:53:09 - [TEST_STEP][PASSED] - click(findTestObject("Object Repository/Create_PurchaseOrder_CHC/Page_Frameworks (Demo)/img_Accountdropd")): Object: 'Object Repository/Create_PurchaseOrder_CHC/Page_Frameworks (Demo)/img_Accountdropd' is clicked on

06-10-2024T22:53:10 - [MESSAGE][PASSED] - Object: 'Object Repository/Create_PurchaseOrder_CHC/Page_Frameworks (Demo)/img_Accountdropd' is clicked on

06-10-2024T22:53:10 - [TEST_STEP][PASSED] - click(findTestObject("Object Repository/Create_PurchaseOrder_CHC/Page_Frameworks (Demo)/div_Logout")): Object: 'Object Repository/Create_PurchaseOrder_CHC/Page_Frameworks (Demo)/div_Logout' is clicked on

06-10-2024T22:53:10 - [MESSAGE][PASSED] - Object: 'Object Repository/Create_PurchaseOrder_CHC/Page_Frameworks (Demo)/div_Logout' is clicked on]]></system-out>
         <system-err><![CDATA[]]></system-err>
      </testcase>
      <testcase name="Test Cases/CHC_Instance/PointofSale_Module/TS3_POS_AccountCredit_Full_StockReturn/POS_AccountCredit_Full_ValidateStock_CHC" time="50.922" classname="Test Cases/CHC_Instance/PointofSale_Module/TS3_POS_AccountCredit_Full_StockReturn/POS_AccountCredit_Full_ValidateStock_CHC" status="PASSED">
         <system-out><![CDATA[06-10-2024T22:53:10 - [TEST_CASE][PASSED] - Test Cases/CHC_Instance/PointofSale_Module/TS3_POS_AccountCredit_Full_StockReturn/POS_AccountCredit_Full_ValidateStock_CHC: Test Cases/CHC_Instance/PointofSale_Module/TS3_POS_AccountCredit_Full_StockReturn/POS_AccountCredit_Full_ValidateStock_CHC

06-10-2024T22:53:11 - [TEST_STEP][PASSED] - sourceFile = new java.io.FileInputStream(ExcelFile): null

06-10-2024T22:53:11 - [TEST_STEP][PASSED] - workbook = new org.apache.poi.xssf.usermodel.XSSFWorkbook(sourceFile): null

06-10-2024T22:53:11 - [TEST_STEP][PASSED] - sheet = workbook.getSheet("Sheet1"): null

06-10-2024T22:53:11 - [TEST_STEP][PASSED] - row = sheet.getRow(2): null

06-10-2024T22:53:11 - [TEST_STEP][PASSED] - cell = row.getCell(1): null

06-10-2024T22:53:11 - [TEST_STEP][PASSED] - transactionNumber = cell.getStringCellValue(): null

06-10-2024T22:53:11 - [TEST_STEP][PASSED] - println(transactionNumber): null

06-10-2024T22:53:11 - [TEST_STEP][PASSED] - sourceFile.close(): null

06-10-2024T22:53:11 - [TEST_STEP][PASSED] - openBrowser(""): Browser is opened with url: ''

06-10-2024T22:53:11 - [MESSAGE][WARNING] - A browser is already opened. Closing browser and opening a new one

06-10-2024T22:53:11 - [MESSAGE][INFO] - Starting 'Chrome' driver

06-10-2024T22:53:11 - [MESSAGE][INFO] - Action delay is set to 0 milliseconds

06-10-2024T22:53:11 - [MESSAGE][PASSED] - Browser is opened with url: ''

06-10-2024T22:53:11 - [TEST_STEP][PASSED] - maximizeWindow(): Current window maximized

06-10-2024T22:53:11 - [MESSAGE][PASSED] - Current window maximized

06-10-2024T22:53:11 - [TEST_STEP][PASSED] - navigateToUrl("http://frameworks.cairnshardware.com.au:8080/FWDemo/Fluid.html#homeDashboard,dash,Frameworks.Activity.Menu.HomeDashBoard"): Navigate to 'http://frameworks.cairnshardware.com.au:8080/FWDemo/Fluid.html#homeDashboard,dash,Frameworks.Activity.Menu.HomeDashBoard' successfully

06-10-2024T22:53:16 - [MESSAGE][PASSED] - Navigate to 'http://frameworks.cairnshardware.com.au:8080/FWDemo/Fluid.html#homeDashboard,dash,Frameworks.Activity.Menu.HomeDashBoard' successfully

06-10-2024T22:53:16 - [TEST_STEP][PASSED] - setText(findTestObject("Object Repository/TS3_POS_AccountCredit_Full_CHC/Page_Frameworks (Demo)/input_User ID_userid"), userName): Text 'manaki' is set on object 'Object Repository/TS3_POS_AccountCredit_Full_CHC/Page_Frameworks (Demo)/input_User ID_userid'

06-10-2024T22:53:20 - [MESSAGE][PASSED] - Text 'manaki' is set on object 'Object Repository/TS3_POS_AccountCredit_Full_CHC/Page_Frameworks (Demo)/input_User ID_userid'

06-10-2024T22:53:20 - [TEST_STEP][PASSED] - setEncryptedText(findTestObject("Object Repository/TS3_POS_AccountCredit_Full_CHC/Page_Frameworks (Demo)/input_Password_password"), "BvRmjN+0xFM="): Text ****** has been set on object 'Object Repository/TS3_POS_AccountCredit_Full_CHC/Page_Frameworks (Demo)/input_Password_password'

06-10-2024T22:53:21 - [MESSAGE][PASSED] - Text ****** has been set on object 'Object Repository/TS3_POS_AccountCredit_Full_CHC/Page_Frameworks (Demo)/input_Password_password'

06-10-2024T22:53:21 - [TEST_STEP][PASSED] - click(findTestObject("Object Repository/TS3_POS_AccountCredit_Full_CHC/Page_Frameworks (Demo)/div_Login")): Object: 'Object Repository/TS3_POS_AccountCredit_Full_CHC/Page_Frameworks (Demo)/div_Login' is clicked on

06-10-2024T22:53:21 - [MESSAGE][PASSED] - Object: 'Object Repository/TS3_POS_AccountCredit_Full_CHC/Page_Frameworks (Demo)/div_Login' is clicked on

06-10-2024T22:53:21 - [TEST_STEP][PASSED] - click(findTestObject("Object Repository/TS1_BT_BranchTransfer_DBC/New_Interface/Stock_Receipt/Page_Frameworks (Demo)/img_ProductDashboard")): Object: 'Object Repository/TS1_BT_BranchTransfer_DBC/New_Interface/Stock_Receipt/Page_Frameworks (Demo)/img_ProductDashboard' is clicked on

06-10-2024T22:53:52 - [MESSAGE][INFO] - Unable to find the element located by 'By.xpath: //img[contains(@src,'http://frameworks.dahlsens.com.au:8080/FWDemo/frameworks/sc/skins/Frameworks7/images/custom/menus/product.png')]'. Please recheck the objects properties to make sure the desired element is located. 

06-10-2024T22:53:52 - [MESSAGE][WARNING] - [SELF-HEALING] Failed to find element with id 'Object Repository/TS1_BT_BranchTransfer_DBC/New_Interface/Stock_Receipt/Page_Frameworks (Demo)/img_ProductDashboard'. Try using Self-healing.

06-10-2024T22:53:52 - [MESSAGE][WARNING] - [SELF-HEALING] The current locator of test object 'Object Repository/TS1_BT_BranchTransfer_DBC/New_Interface/Stock_Receipt/Page_Frameworks (Demo)/img_ProductDashboard' was broken. Propose an alternative one: '//div[@id='isc_2A']/img'.

06-10-2024T22:53:53 - [MESSAGE][PASSED] - Object: 'Object Repository/TS1_BT_BranchTransfer_DBC/New_Interface/Stock_Receipt/Page_Frameworks (Demo)/img_ProductDashboard' is clicked on

06-10-2024T22:53:53 - [TEST_STEP][PASSED] - setText(findTestObject("Object Repository/TS1_BT_BranchTransfer_DBC/New_Interface/Stock_Receipt/Page_Frameworks (Demo)/input_Product_ProdId"), "5006866"): Text '5006866' is set on object 'Object Repository/TS1_BT_BranchTransfer_DBC/New_Interface/Stock_Receipt/Page_Frameworks (Demo)/input_Product_ProdId'

06-10-2024T22:53:54 - [MESSAGE][PASSED] - Text '5006866' is set on object 'Object Repository/TS1_BT_BranchTransfer_DBC/New_Interface/Stock_Receipt/Page_Frameworks (Demo)/input_Product_ProdId'

06-10-2024T22:53:54 - [TEST_STEP][PASSED] - click(findTestObject("Object Repository/TS1_BT_BranchTransfer_DBC/New_Interface/Stock_Receipt/Page_Frameworks (Demo)/td_Find")): Object: 'Object Repository/TS1_BT_BranchTransfer_DBC/New_Interface/Stock_Receipt/Page_Frameworks (Demo)/td_Find' is clicked on

06-10-2024T22:53:54 - [MESSAGE][PASSED] - Object: 'Object Repository/TS1_BT_BranchTransfer_DBC/New_Interface/Stock_Receipt/Page_Frameworks (Demo)/td_Find' is clicked on

06-10-2024T22:53:54 - [TEST_STEP][PASSED] - delay(2): Delayed 2 second(s)

06-10-2024T22:53:56 - [MESSAGE][PASSED] - Delayed 2 second(s)

06-10-2024T22:53:56 - [TEST_STEP][PASSED] - takeFullPageScreenshot(): Taking screenshot successfully

06-10-2024T22:53:57 - [MESSAGE][INFO] - 0 hidden object(s)

06-10-2024T22:53:57 - [MESSAGE][PASSED] - Taking screenshot successfully
[[ATTACHMENT|C:\\Users\\User\\git\\frameworks-regression-test-automation\\Reports\\20241006_225113\\CHC_Instance\\PointofSale_Module\\TS3_POS_Account_Credit_Full_CHC\\20241006_225113\\1728215637001.png]]

06-10-2024T22:53:57 - [TEST_STEP][PASSED] - click(findTestObject("Object Repository/TS1_BT_BranchTransfer_DBC/New_Interface/Stock_Receipt/Page_Frameworks (Demo)/div_Stock Movements")): Object: 'Object Repository/TS1_BT_BranchTransfer_DBC/New_Interface/Stock_Receipt/Page_Frameworks (Demo)/div_Stock Movements' is clicked on

06-10-2024T22:53:57 - [MESSAGE][PASSED] - Object: 'Object Repository/TS1_BT_BranchTransfer_DBC/New_Interface/Stock_Receipt/Page_Frameworks (Demo)/div_Stock Movements' is clicked on

06-10-2024T22:53:57 - [TEST_STEP][PASSED] - delay(2): Delayed 2 second(s)

06-10-2024T22:53:59 - [MESSAGE][PASSED] - Delayed 2 second(s)

06-10-2024T22:53:59 - [TEST_STEP][PASSED] - takeFullPageScreenshot(): Taking screenshot successfully

06-10-2024T22:54:00 - [MESSAGE][INFO] - 0 hidden object(s)

06-10-2024T22:54:00 - [MESSAGE][PASSED] - Taking screenshot successfully
[[ATTACHMENT|C:\\Users\\User\\git\\frameworks-regression-test-automation\\Reports\\20241006_225113\\CHC_Instance\\PointofSale_Module\\TS3_POS_Account_Credit_Full_CHC\\20241006_225113\\1728215639885.png]]

06-10-2024T22:54:00 - [TEST_STEP][PASSED] - verifyTextPresent(transactionNumber, false): Text '13072718' is present on page 

06-10-2024T22:54:00 - [MESSAGE][PASSED] - Text '13072718' is present on page 

06-10-2024T22:54:00 - [TEST_STEP][PASSED] - click(findTestObject("Object Repository/Create_PurchaseOrder_CHC/Page_Frameworks (Demo)/img_Accountdropd")): Object: 'Object Repository/Create_PurchaseOrder_CHC/Page_Frameworks (Demo)/img_Accountdropd' is clicked on

06-10-2024T22:54:01 - [MESSAGE][PASSED] - Object: 'Object Repository/Create_PurchaseOrder_CHC/Page_Frameworks (Demo)/img_Accountdropd' is clicked on

06-10-2024T22:54:01 - [TEST_STEP][PASSED] - click(findTestObject("Object Repository/Create_PurchaseOrder_CHC/Page_Frameworks (Demo)/div_Logout")): Object: 'Object Repository/Create_PurchaseOrder_CHC/Page_Frameworks (Demo)/div_Logout' is clicked on

06-10-2024T22:54:01 - [MESSAGE][PASSED] - Object: 'Object Repository/Create_PurchaseOrder_CHC/Page_Frameworks (Demo)/div_Logout' is clicked on]]></system-out>
         <system-err><![CDATA[]]></system-err>
      </testcase>
      <system-out><![CDATA[06-10-2024T22:51:20 - [TEST_SUITE][PASSED] - TS3_POS_Account_Credit_Full_CHC: Test Cases/CHC_Instance/PointofSale_Module/TS3_POS_AccountCredit_Full_StockReturn/POS_AccountCredit_Full_ValidateStock_CHC]]></system-out>
      <system-err><![CDATA[]]></system-err>
   </testsuite>
</testsuites>
