<?xml version="1.0" encoding="UTF-8"?>
<testsuites name="TS3_POS_AccountCredit_Full_NT" time="187.725" tests="4" failures="0" errors="0">
   <testsuite name="TS3_POS_AccountCredit_Full_NT" tests="4" failures="0" errors="0" time="187.725" skipped="0" timestamp="26-11-2024T07:16:28" hostname="azureuser - 10.192.8.5" id="Test Suites/Nortruss instance/PointofSale_Module/TS3_POS_AccountCredit_Full_NT">
      <properties>
         <property name="deviceName" value=""/>
         <property name="devicePlatform"/>
         <property name="logFolder" value="C:\\Users\\azureuser\\git\\frameworks-regression-test-automation\\Reports\\20241126_071619\\Nortruss instance\\PointofSale_Module\\TS3_POS_AccountCredit_Full_NT\\20241126_071619"/>
         <property name="logFiles" value="C:\\Users\\azureuser\\git\\frameworks-regression-test-automation\\Reports\\20241126_071619\\Nortruss instance\\PointofSale_Module\\TS3_POS_AccountCredit_Full_NT\\20241126_071619\\execution0.log"/>
         <property name="attachments" value=""/>
         <property name="hostName" value="azureuser - 10.192.8.5"/>
         <property name="os" value="Windows 11 64bit"/>
         <property name="katalonVersion" value="9.7.2.223"/>
         <property name="browser" value="Chrome 130.0.0.0"/>
         <property name="hostAddress" value="10.192.8.5"/>
         <property name="sessionId" value="a6797ef99d7760e308035f2915106e35"/>
         <property name="seleniumVersion" value="3.141.59"/>
         <property name="proxyInformation" value="ProxyInformation { proxyOption=NO_PROXY, proxyServerType=HTTP, username=, password=********, proxyServerAddress=, proxyServerPort=0, executionList=&quot;&quot;, isApplyToDesiredCapabilities=true }"/>
         <property name="platform" value="Windows 11"/>
      </properties>
      <testcase name="Test Cases/Nortruss Instance/PointofSale_Module/TS2_POS_AccountSale/POS AccountSale-2023191(TS3)" time="55.45" classname="Test Cases/Nortruss Instance/PointofSale_Module/TS2_POS_AccountSale/POS AccountSale-2023191(TS3)" status="PASSED">
         <system-out><![CDATA[26-11-2024T07:16:29 - [TEST_CASE][PASSED] - Test Cases/Nortruss Instance/PointofSale_Module/TS2_POS_AccountSale/POS AccountSale-2023191(TS3): Test Cases/Nortruss Instance/PointofSale_Module/TS2_POS_AccountSale/POS AccountSale-2023191(TS3)

26-11-2024T07:16:30 - [TEST_STEP][PASSED] - openBrowser(""): Browser is opened with url: ''

26-11-2024T07:16:30 - [MESSAGE][INFO] - Starting 'Chrome' driver

26-11-2024T07:16:30 - [MESSAGE][INFO] - Action delay is set to 0 milliseconds

26-11-2024T07:16:33 - [MESSAGE][PASSED] - Browser is opened with url: ''

26-11-2024T07:16:33 - [TEST_STEP][PASSED] - maximizeWindow(): Current window maximized

26-11-2024T07:16:33 - [MESSAGE][PASSED] - Current window maximized

26-11-2024T07:16:33 - [TEST_STEP][PASSED] - navigateToUrl("http://frameworks.nt.nortruss.com.au:8080/FWDemo/Fluid.html#homeDashboard,dash,Frameworks.Activity.Menu.HomeDashBoard"): Navigate to 'http://frameworks.nt.nortruss.com.au:8080/FWDemo/Fluid.html#homeDashboard,dash,Frameworks.Activity.Menu.HomeDashBoard' successfully

26-11-2024T07:16:33 - [MESSAGE][PASSED] - Navigate to 'http://frameworks.nt.nortruss.com.au:8080/FWDemo/Fluid.html#homeDashboard,dash,Frameworks.Activity.Menu.HomeDashBoard' successfully

26-11-2024T07:16:33 - [TEST_STEP][PASSED] - setText(findTestObject("Object Repository/Page_Frameworks (Demo)/input_User ID_userid"), "manaki"): Text 'manaki' is set on object 'Object Repository/Page_Frameworks (Demo)/input_User ID_userid'

26-11-2024T07:16:44 - [MESSAGE][PASSED] - Text 'manaki' is set on object 'Object Repository/Page_Frameworks (Demo)/input_User ID_userid'

26-11-2024T07:16:44 - [TEST_STEP][PASSED] - setEncryptedText(findTestObject("Object Repository/Page_Frameworks (Demo)/input_Password_password"), "C5+8mNJ15mA="): Text ****** has been set on object 'Object Repository/Page_Frameworks (Demo)/input_Password_password'

26-11-2024T07:16:44 - [MESSAGE][PASSED] - Text ****** has been set on object 'Object Repository/Page_Frameworks (Demo)/input_Password_password'

26-11-2024T07:16:44 - [TEST_STEP][PASSED] - click(findTestObject("Object Repository/Page_Frameworks (Demo)/div_Login")): Object: 'Object Repository/Page_Frameworks (Demo)/div_Login' is clicked on

26-11-2024T07:16:45 - [MESSAGE][PASSED] - Object: 'Object Repository/Page_Frameworks (Demo)/div_Login' is clicked on

26-11-2024T07:16:45 - [TEST_STEP][PASSED] - click(findTestObject("Object Repository/Page_Frameworks (Demo)/img_FW")): Object: 'Object Repository/Page_Frameworks (Demo)/img_FW' is clicked on

26-11-2024T07:16:48 - [MESSAGE][PASSED] - Object: 'Object Repository/Page_Frameworks (Demo)/img_FW' is clicked on

26-11-2024T07:16:48 - [TEST_STEP][PASSED] - click(findTestObject("Object Repository/Page_Frameworks (Demo)/b_Transaction Processing")): Object: 'Object Repository/Page_Frameworks (Demo)/b_Transaction Processing' is clicked on

26-11-2024T07:16:49 - [MESSAGE][PASSED] - Object: 'Object Repository/Page_Frameworks (Demo)/b_Transaction Processing' is clicked on

26-11-2024T07:16:49 - [TEST_STEP][PASSED] - click(findTestObject("Object Repository/Page_Frameworks (Demo)/td_Point Of Sale")): Object: 'Object Repository/Page_Frameworks (Demo)/td_Point Of Sale' is clicked on

26-11-2024T07:16:50 - [MESSAGE][PASSED] - Object: 'Object Repository/Page_Frameworks (Demo)/td_Point Of Sale' is clicked on

26-11-2024T07:16:50 - [TEST_STEP][PASSED] - setEncryptedText(findTestObject("Object Repository/Page_Frameworks (Demo)/input_Operator No_operatorId"), "uzzxF8+Oh1A="): Text ****** has been set on object 'Object Repository/Page_Frameworks (Demo)/input_Operator No_operatorId'

26-11-2024T07:16:53 - [MESSAGE][PASSED] - Text ****** has been set on object 'Object Repository/Page_Frameworks (Demo)/input_Operator No_operatorId'

26-11-2024T07:16:53 - [TEST_STEP][PASSED] - setEncryptedText(findTestObject("Object Repository/Page_Frameworks (Demo)/input_PIN_pin"), "uzzxF8+Oh1A="): Text ****** has been set on object 'Object Repository/Page_Frameworks (Demo)/input_PIN_pin'

26-11-2024T07:16:54 - [MESSAGE][PASSED] - Text ****** has been set on object 'Object Repository/Page_Frameworks (Demo)/input_PIN_pin'

26-11-2024T07:16:54 - [TEST_STEP][PASSED] - click(findTestObject("Object Repository/Page_Frameworks (Demo)/div_OK")): Object: 'Object Repository/Page_Frameworks (Demo)/div_OK' is clicked on

26-11-2024T07:16:54 - [MESSAGE][PASSED] - Object: 'Object Repository/Page_Frameworks (Demo)/div_OK' is clicked on

26-11-2024T07:16:54 - [TEST_STEP][PASSED] - invoiceNum = getText(findTestObject("Object Repository/Page_Frameworks (Demo)/div_invoiceNum")): Text of object 'Object Repository/Page_Frameworks (Demo)/div_invoiceNum' is: '40559550'

26-11-2024T07:16:57 - [MESSAGE][PASSED] - Text of object 'Object Repository/Page_Frameworks (Demo)/div_invoiceNum' is: '40559550'

26-11-2024T07:16:57 - [TEST_STEP][PASSED] - println(invoiceNum): null

26-11-2024T07:16:57 - [TEST_STEP][PASSED] - setText(findTestObject("Object Repository/Page_Frameworks (Demo)/input_m_customerIdX"), "17179"): Text '17179' is set on object 'Object Repository/Page_Frameworks (Demo)/input_m_customerIdX'

26-11-2024T07:16:58 - [MESSAGE][PASSED] - Text '17179' is set on object 'Object Repository/Page_Frameworks (Demo)/input_m_customerIdX'

26-11-2024T07:16:58 - [TEST_STEP][PASSED] - click(findTestObject("Object Repository/Page_Frameworks (Demo)/div_Tiffany Brown (17179)")): Object: 'Object Repository/Page_Frameworks (Demo)/div_Tiffany Brown (17179)' is clicked on

26-11-2024T07:17:00 - [MESSAGE][PASSED] - Object: 'Object Repository/Page_Frameworks (Demo)/div_Tiffany Brown (17179)' is clicked on

26-11-2024T07:17:00 - [TEST_STEP][PASSED] - click(findTestObject("Object Repository/Page_Frameworks (Demo)/input_P_prodId")): Object: 'Object Repository/Page_Frameworks (Demo)/input_P_prodId' is clicked on

26-11-2024T07:17:01 - [MESSAGE][PASSED] - Object: 'Object Repository/Page_Frameworks (Demo)/input_P_prodId' is clicked on

26-11-2024T07:17:01 - [TEST_STEP][PASSED] - click(findTestObject("Object Repository/Page_Frameworks (Demo)/td_Close (O)")): Object: 'Object Repository/Page_Frameworks (Demo)/td_Close (O)' is clicked on

26-11-2024T07:17:03 - [MESSAGE][PASSED] - Object: 'Object Repository/Page_Frameworks (Demo)/td_Close (O)' is clicked on

26-11-2024T07:17:03 - [TEST_STEP][PASSED] - setText(findTestObject("Object Repository/Page_Frameworks (Demo)/input_P_prodId"), "2023191"): Text '2023191' is set on object 'Object Repository/Page_Frameworks (Demo)/input_P_prodId'

26-11-2024T07:17:04 - [MESSAGE][PASSED] - Text '2023191' is set on object 'Object Repository/Page_Frameworks (Demo)/input_P_prodId'

26-11-2024T07:17:04 - [TEST_STEP][PASSED] - click(findTestObject("Object Repository/Page_Frameworks (Demo)/input_Quantity_quantityOrdered")): Object: 'Object Repository/Page_Frameworks (Demo)/input_Quantity_quantityOrdered' is clicked on

26-11-2024T07:17:04 - [MESSAGE][PASSED] - Object: 'Object Repository/Page_Frameworks (Demo)/input_Quantity_quantityOrdered' is clicked on

26-11-2024T07:17:05 - [TEST_STEP][PASSED] - sendKeys(findTestObject("Object Repository/Page_Frameworks (Demo)/input_LM_tallyQuantity_1"), "2"): Keys '2' sent to object: 'Object Repository/Page_Frameworks (Demo)/input_LM_tallyQuantity_1'

26-11-2024T07:17:08 - [MESSAGE][PASSED] - Keys '2' sent to object: 'Object Repository/Page_Frameworks (Demo)/input_LM_tallyQuantity_1'

26-11-2024T07:17:08 - [TEST_STEP][PASSED] - doubleClick(findTestObject("Object Repository/Page_Frameworks (Demo)/div_0.000")): Object: 'Object Repository/Page_Frameworks (Demo)/div_0.000' is double clicked on

26-11-2024T07:17:09 - [MESSAGE][PASSED] - Object: 'Object Repository/Page_Frameworks (Demo)/div_0.000' is double clicked on

26-11-2024T07:17:09 - [TEST_STEP][PASSED] - sendKeys(findTestObject("Object Repository/Page_Frameworks (Demo)/input_LM_tallyLength"), "2"): Keys '2' sent to object: 'Object Repository/Page_Frameworks (Demo)/input_LM_tallyLength'

26-11-2024T07:17:10 - [MESSAGE][PASSED] - Keys '2' sent to object: 'Object Repository/Page_Frameworks (Demo)/input_LM_tallyLength'

26-11-2024T07:17:10 - [TEST_STEP][PASSED] - click(findTestObject("Object Repository/Page_Frameworks (Demo)/td_SaveClose (S)")): Object: 'Object Repository/Page_Frameworks (Demo)/td_SaveClose (S)' is clicked on

26-11-2024T07:17:10 - [MESSAGE][PASSED] - Object: 'Object Repository/Page_Frameworks (Demo)/td_SaveClose (S)' is clicked on

26-11-2024T07:17:10 - [TEST_STEP][PASSED] - click(findTestObject("Object Repository/Page_Frameworks (Demo)/img")): Object: 'Object Repository/Page_Frameworks (Demo)/img' is clicked on

26-11-2024T07:17:12 - [MESSAGE][PASSED] - Object: 'Object Repository/Page_Frameworks (Demo)/img' is clicked on

26-11-2024T07:17:12 - [TEST_STEP][PASSED] - click(findTestObject("Object Repository/Page_Frameworks (Demo)/div_FinishSale (S)")): Object: 'Object Repository/Page_Frameworks (Demo)/div_FinishSale (S)' is clicked on

26-11-2024T07:17:14 - [MESSAGE][PASSED] - Object: 'Object Repository/Page_Frameworks (Demo)/div_FinishSale (S)' is clicked on

26-11-2024T07:17:14 - [TEST_STEP][PASSED] - click(findTestObject("Object Repository/Page_Frameworks (Demo)/div_Pay")): Object: 'Object Repository/Page_Frameworks (Demo)/div_Pay' is clicked on

26-11-2024T07:17:18 - [MESSAGE][PASSED] - Object: 'Object Repository/Page_Frameworks (Demo)/div_Pay' is clicked on

26-11-2024T07:17:18 - [TEST_STEP][PASSED] - setEncryptedText(findTestObject("Object Repository/Page_Frameworks (Demo)/input_Operator No_operatorId_1"), "uzzxF8+Oh1A="): Text ****** has been set on object 'Object Repository/Page_Frameworks (Demo)/input_Operator No_operatorId_1'

26-11-2024T07:17:20 - [MESSAGE][PASSED] - Text ****** has been set on object 'Object Repository/Page_Frameworks (Demo)/input_Operator No_operatorId_1'

26-11-2024T07:17:20 - [TEST_STEP][PASSED] - setEncryptedText(findTestObject("Object Repository/Page_Frameworks (Demo)/input_PIN_pin_1"), "uzzxF8+Oh1A="): Text ****** has been set on object 'Object Repository/Page_Frameworks (Demo)/input_PIN_pin_1'

26-11-2024T07:17:20 - [MESSAGE][PASSED] - Text ****** has been set on object 'Object Repository/Page_Frameworks (Demo)/input_PIN_pin_1'

26-11-2024T07:17:20 - [TEST_STEP][PASSED] - click(findTestObject("Object Repository/Page_Frameworks (Demo)/div_OK_1")): Object: 'Object Repository/Page_Frameworks (Demo)/div_OK_1' is clicked on

26-11-2024T07:17:21 - [MESSAGE][PASSED] - Object: 'Object Repository/Page_Frameworks (Demo)/div_OK_1' is clicked on

26-11-2024T07:17:21 - [TEST_STEP][PASSED] - sourceFile = new java.io.FileInputStream(ExcelFile): null

26-11-2024T07:17:21 - [TEST_STEP][PASSED] - workbook = new org.apache.poi.xssf.usermodel.XSSFWorkbook(sourceFile): null

26-11-2024T07:17:22 - [TEST_STEP][PASSED] - sheet = workbook.getSheet("Sheet1"): null

26-11-2024T07:17:22 - [TEST_STEP][PASSED] - row = sheet.getRow(0): null

26-11-2024T07:17:22 - [TEST_STEP][PASSED] - cell = row.getCell(1): null

26-11-2024T07:17:22 - [TEST_STEP][PASSED] - row = sheet.createRow(1): null

26-11-2024T07:17:22 - [TEST_STEP][PASSED] - cell = row.createCell(0): null

26-11-2024T07:17:22 - [TEST_STEP][PASSED] - cell.setCellValue("Invoice Number"): null

26-11-2024T07:17:22 - [TEST_STEP][PASSED] - cell = row.createCell(1): null

26-11-2024T07:17:22 - [TEST_STEP][PASSED] - cell.setCellValue(invoiceNum): null

26-11-2024T07:17:22 - [TEST_STEP][PASSED] - fos = new java.io.FileOutputStream(ExcelFile): null

26-11-2024T07:17:22 - [TEST_STEP][PASSED] - workbook.write(fos): null

26-11-2024T07:17:23 - [TEST_STEP][PASSED] - fos.close(): null

26-11-2024T07:17:23 - [TEST_STEP][PASSED] - sourceFile.close(): null

26-11-2024T07:17:23 - [TEST_STEP][PASSED] - click(findTestObject("Object Repository/Page_Frameworks (Demo)/img_dropdownLogout")): Object: 'Object Repository/Page_Frameworks (Demo)/img_dropdownLogout' is clicked on

26-11-2024T07:17:23 - [MESSAGE][PASSED] - Object: 'Object Repository/Page_Frameworks (Demo)/img_dropdownLogout' is clicked on

26-11-2024T07:17:23 - [TEST_STEP][PASSED] - click(findTestObject("Object Repository/Page_Frameworks (Demo)/td_Logout")): Object: 'Object Repository/Page_Frameworks (Demo)/td_Logout' is clicked on

26-11-2024T07:17:24 - [MESSAGE][PASSED] - Object: 'Object Repository/Page_Frameworks (Demo)/td_Logout' is clicked on

26-11-2024T07:17:24 - [TEST_STEP][PASSED] - closeBrowser(): Browser is closed

26-11-2024T07:17:24 - [MESSAGE][PASSED] - Browser is closed]]></system-out>
         <system-err><![CDATA[]]></system-err>
      </testcase>
      <testcase name="Test Cases/Nortruss Instance/PointofSale_Module/TS3_POS_AccountCredit_Full_StockReturn_NT/POS_AccountCredit_Full_NT" time="54.737" classname="Test Cases/Nortruss Instance/PointofSale_Module/TS3_POS_AccountCredit_Full_StockReturn_NT/POS_AccountCredit_Full_NT" status="PASSED">
         <system-out><![CDATA[26-11-2024T07:17:24 - [TEST_CASE][PASSED] - Test Cases/Nortruss Instance/PointofSale_Module/TS3_POS_AccountCredit_Full_StockReturn_NT/POS_AccountCredit_Full_NT: Test Cases/Nortruss Instance/PointofSale_Module/TS3_POS_AccountCredit_Full_StockReturn_NT/POS_AccountCredit_Full_NT

26-11-2024T07:17:25 - [TEST_STEP][PASSED] - sourceFile = new java.io.FileInputStream(ExcelFile): null

26-11-2024T07:17:25 - [TEST_STEP][PASSED] - workbook = new org.apache.poi.xssf.usermodel.XSSFWorkbook(sourceFile): null

26-11-2024T07:17:25 - [TEST_STEP][PASSED] - sheet = workbook.getSheet("Sheet1"): null

26-11-2024T07:17:25 - [TEST_STEP][PASSED] - row = sheet.getRow(1): null

26-11-2024T07:17:25 - [TEST_STEP][PASSED] - cell = row.getCell(1): null

26-11-2024T07:17:25 - [TEST_STEP][PASSED] - docketNumber = cell.getStringCellValue(): null

26-11-2024T07:17:25 - [TEST_STEP][PASSED] - println(docketNumber): null

26-11-2024T07:17:25 - [TEST_STEP][PASSED] - openBrowser(""): Browser is opened with url: ''

26-11-2024T07:17:25 - [MESSAGE][INFO] - Starting 'Chrome' driver

26-11-2024T07:17:25 - [MESSAGE][INFO] - Action delay is set to 0 milliseconds

26-11-2024T07:17:26 - [MESSAGE][PASSED] - Browser is opened with url: ''

26-11-2024T07:17:26 - [TEST_STEP][PASSED] - maximizeWindow(): Current window maximized

26-11-2024T07:17:26 - [MESSAGE][PASSED] - Current window maximized

26-11-2024T07:17:26 - [TEST_STEP][PASSED] - navigateToUrl("http://frameworks.nt.nortruss.com.au:8080/FWDemo/Fluid.html#homeDashboard,dash,Frameworks.Activity.Menu.HomeDashBoard"): Navigate to 'http://frameworks.nt.nortruss.com.au:8080/FWDemo/Fluid.html#homeDashboard,dash,Frameworks.Activity.Menu.HomeDashBoard' successfully

26-11-2024T07:17:33 - [MESSAGE][PASSED] - Navigate to 'http://frameworks.nt.nortruss.com.au:8080/FWDemo/Fluid.html#homeDashboard,dash,Frameworks.Activity.Menu.HomeDashBoard' successfully

26-11-2024T07:17:33 - [TEST_STEP][PASSED] - setText(findTestObject("Object Repository/Page_Frameworks (Demo)/input_User ID_userid"), username): Text 'manaki' is set on object 'Object Repository/Page_Frameworks (Demo)/input_User ID_userid'

26-11-2024T07:17:37 - [MESSAGE][PASSED] - Text 'manaki' is set on object 'Object Repository/Page_Frameworks (Demo)/input_User ID_userid'

26-11-2024T07:17:37 - [TEST_STEP][PASSED] - setEncryptedText(findTestObject("Object Repository/Page_Frameworks (Demo)/input_Password_password"), "C5+8mNJ15mA="): Text ****** has been set on object 'Object Repository/Page_Frameworks (Demo)/input_Password_password'

26-11-2024T07:17:37 - [MESSAGE][PASSED] - Text ****** has been set on object 'Object Repository/Page_Frameworks (Demo)/input_Password_password'

26-11-2024T07:17:37 - [TEST_STEP][PASSED] - click(findTestObject("Object Repository/Page_Frameworks (Demo)/div_Login")): Object: 'Object Repository/Page_Frameworks (Demo)/div_Login' is clicked on

26-11-2024T07:17:38 - [MESSAGE][PASSED] - Object: 'Object Repository/Page_Frameworks (Demo)/div_Login' is clicked on

26-11-2024T07:17:38 - [TEST_STEP][PASSED] - click(findTestObject("Object Repository/Page_Frameworks (Demo)/img_FW")): Object: 'Object Repository/Page_Frameworks (Demo)/img_FW' is clicked on

26-11-2024T07:17:41 - [MESSAGE][PASSED] - Object: 'Object Repository/Page_Frameworks (Demo)/img_FW' is clicked on

26-11-2024T07:17:41 - [TEST_STEP][PASSED] - click(findTestObject("Object Repository/Page_Frameworks (Demo)/b_Transaction Processing")): Object: 'Object Repository/Page_Frameworks (Demo)/b_Transaction Processing' is clicked on

26-11-2024T07:17:42 - [MESSAGE][PASSED] - Object: 'Object Repository/Page_Frameworks (Demo)/b_Transaction Processing' is clicked on

26-11-2024T07:17:42 - [TEST_STEP][PASSED] - click(findTestObject("Object Repository/Page_Frameworks (Demo)/td_Credit Notes")): Object: 'Object Repository/Page_Frameworks (Demo)/td_Credit Notes' is clicked on

26-11-2024T07:17:44 - [MESSAGE][PASSED] - Object: 'Object Repository/Page_Frameworks (Demo)/td_Credit Notes' is clicked on

26-11-2024T07:17:44 - [TEST_STEP][PASSED] - click(findTestObject("Object Repository/Page_Frameworks (Demo)/td_New")): Object: 'Object Repository/Page_Frameworks (Demo)/td_New' is clicked on

26-11-2024T07:17:47 - [MESSAGE][PASSED] - Object: 'Object Repository/Page_Frameworks (Demo)/td_New' is clicked on

26-11-2024T07:17:47 - [TEST_STEP][PASSED] - setEncryptedText(findTestObject("Object Repository/Page_Frameworks (Demo)/input_Operator No_operatorId"), "uzzxF8+Oh1A="): Text ****** has been set on object 'Object Repository/Page_Frameworks (Demo)/input_Operator No_operatorId'

26-11-2024T07:17:50 - [MESSAGE][PASSED] - Text ****** has been set on object 'Object Repository/Page_Frameworks (Demo)/input_Operator No_operatorId'

26-11-2024T07:17:50 - [TEST_STEP][PASSED] - setEncryptedText(findTestObject("Object Repository/Page_Frameworks (Demo)/input_PIN_pin"), "uzzxF8+Oh1A="): Text ****** has been set on object 'Object Repository/Page_Frameworks (Demo)/input_PIN_pin'

26-11-2024T07:17:50 - [MESSAGE][PASSED] - Text ****** has been set on object 'Object Repository/Page_Frameworks (Demo)/input_PIN_pin'

26-11-2024T07:17:50 - [TEST_STEP][PASSED] - click(findTestObject("Object Repository/Page_Frameworks (Demo)/div_OK")): Object: 'Object Repository/Page_Frameworks (Demo)/div_OK' is clicked on

26-11-2024T07:17:51 - [MESSAGE][PASSED] - Object: 'Object Repository/Page_Frameworks (Demo)/div_OK' is clicked on

26-11-2024T07:17:51 - [TEST_STEP][PASSED] - transaction_Number = getText(findTestObject("Object Repository/Page_Frameworks (Demo)/transaction_Number")): Text of object 'Object Repository/Page_Frameworks (Demo)/transaction_Number' is: '40559552'

26-11-2024T07:17:53 - [MESSAGE][PASSED] - Text of object 'Object Repository/Page_Frameworks (Demo)/transaction_Number' is: '40559552'

26-11-2024T07:17:53 - [TEST_STEP][PASSED] - println(transaction_Number): null

26-11-2024T07:17:53 - [TEST_STEP][PASSED] - doubleClick(findTestObject("Object Repository/Page_Frameworks (Demo)/input_Customer_idCustX")): Object: 'Object Repository/Page_Frameworks (Demo)/input_Customer_idCustX' is double clicked on

26-11-2024T07:17:53 - [MESSAGE][PASSED] - Object: 'Object Repository/Page_Frameworks (Demo)/input_Customer_idCustX' is double clicked on

26-11-2024T07:17:53 - [TEST_STEP][PASSED] - setText(findTestObject("Object Repository/Page_Frameworks (Demo)/input_Customer_idCustX"), "17179"): Text '17179' is set on object 'Object Repository/Page_Frameworks (Demo)/input_Customer_idCustX'

26-11-2024T07:17:54 - [MESSAGE][PASSED] - Text '17179' is set on object 'Object Repository/Page_Frameworks (Demo)/input_Customer_idCustX'

26-11-2024T07:17:54 - [TEST_STEP][PASSED] - click(findTestObject("Object Repository/Page_Frameworks (Demo)/div_Tiffany Brown (17179) (1)")): Object: 'Object Repository/Page_Frameworks (Demo)/div_Tiffany Brown (17179) (1)' is clicked on

26-11-2024T07:17:56 - [MESSAGE][PASSED] - Object: 'Object Repository/Page_Frameworks (Demo)/div_Tiffany Brown (17179) (1)' is clicked on

26-11-2024T07:17:56 - [TEST_STEP][PASSED] - click(findTestObject("Object Repository/Page_Frameworks (Demo)/img_Select a Value_isc_FP")): Object: 'Object Repository/Page_Frameworks (Demo)/img_Select a Value_isc_FP' is clicked on

26-11-2024T07:17:56 - [MESSAGE][PASSED] - Object: 'Object Repository/Page_Frameworks (Demo)/img_Select a Value_isc_FP' is clicked on

26-11-2024T07:17:56 - [TEST_STEP][PASSED] - click(findTestObject("Object Repository/Page_Frameworks (Demo)/div_Stock Return")): Object: 'Object Repository/Page_Frameworks (Demo)/div_Stock Return' is clicked on

26-11-2024T07:17:57 - [MESSAGE][PASSED] - Object: 'Object Repository/Page_Frameworks (Demo)/div_Stock Return' is clicked on

26-11-2024T07:17:57 - [TEST_STEP][PASSED] - click(findTestObject("Object Repository/Page_Frameworks (Demo)/img_Reason_isc_FU")): Object: 'Object Repository/Page_Frameworks (Demo)/img_Reason_isc_FU' is clicked on

26-11-2024T07:17:59 - [MESSAGE][PASSED] - Object: 'Object Repository/Page_Frameworks (Demo)/img_Reason_isc_FU' is clicked on

26-11-2024T07:17:59 - [TEST_STEP][PASSED] - click(findTestObject("Object Repository/Page_Frameworks (Demo)/div_01 - Stock Returned_1")): Object: 'Object Repository/Page_Frameworks (Demo)/div_01 - Stock Returned_1' is clicked on

26-11-2024T07:18:00 - [MESSAGE][PASSED] - Object: 'Object Repository/Page_Frameworks (Demo)/div_01 - Stock Returned_1' is clicked on

26-11-2024T07:18:00 - [TEST_STEP][PASSED] - click(findTestObject("Object Repository/Page_Frameworks (Demo)/input_Original Docket_originalDocket")): Object: 'Object Repository/Page_Frameworks (Demo)/input_Original Docket_originalDocket' is clicked on

26-11-2024T07:18:01 - [MESSAGE][PASSED] - Object: 'Object Repository/Page_Frameworks (Demo)/input_Original Docket_originalDocket' is clicked on

26-11-2024T07:18:01 - [TEST_STEP][PASSED] - sendKeys(findTestObject("Object Repository/Page_Frameworks (Demo)/input_Original Docket_originalDocket"), docketNumber): Keys '40559550' sent to object: 'Object Repository/Page_Frameworks (Demo)/input_Original Docket_originalDocket'

26-11-2024T07:18:02 - [MESSAGE][PASSED] - Keys '40559550' sent to object: 'Object Repository/Page_Frameworks (Demo)/input_Original Docket_originalDocket'

26-11-2024T07:18:02 - [TEST_STEP][PASSED] - click(findTestObject("Object Repository/Page_Frameworks (Demo)/td_No line items loaded")): Object: 'Object Repository/Page_Frameworks (Demo)/td_No line items loaded' is clicked on

26-11-2024T07:18:02 - [MESSAGE][PASSED] - Object: 'Object Repository/Page_Frameworks (Demo)/td_No line items loaded' is clicked on

26-11-2024T07:18:02 - [TEST_STEP][PASSED] - click(findTestObject("Object Repository/Page_Frameworks (Demo)/span")): Object: 'Object Repository/Page_Frameworks (Demo)/span' is clicked on

26-11-2024T07:18:03 - [MESSAGE][PASSED] - Object: 'Object Repository/Page_Frameworks (Demo)/span' is clicked on

26-11-2024T07:18:03 - [TEST_STEP][PASSED] - click(findTestObject("Object Repository/Page_Frameworks (Demo)/div_Load Details")): Object: 'Object Repository/Page_Frameworks (Demo)/div_Load Details' is clicked on

26-11-2024T07:18:04 - [MESSAGE][PASSED] - Object: 'Object Repository/Page_Frameworks (Demo)/div_Load Details' is clicked on

26-11-2024T07:18:04 - [TEST_STEP][PASSED] - click(findTestObject("Object Repository/Page_Frameworks (Demo)/div_Refund All")): Object: 'Object Repository/Page_Frameworks (Demo)/div_Refund All' is clicked on

26-11-2024T07:18:05 - [MESSAGE][PASSED] - Object: 'Object Repository/Page_Frameworks (Demo)/div_Refund All' is clicked on

26-11-2024T07:18:05 - [TEST_STEP][PASSED] - click(findTestObject("Object Repository/Page_Frameworks (Demo)/div_Finish (S)")): Object: 'Object Repository/Page_Frameworks (Demo)/div_Finish (S)' is clicked on

26-11-2024T07:18:06 - [MESSAGE][PASSED] - Object: 'Object Repository/Page_Frameworks (Demo)/div_Finish (S)' is clicked on

26-11-2024T07:18:06 - [TEST_STEP][PASSED] - click(findTestObject("Object Repository/Page_Frameworks (Demo)/td_OK")): Object: 'Object Repository/Page_Frameworks (Demo)/td_OK' is clicked on

26-11-2024T07:18:08 - [MESSAGE][PASSED] - Object: 'Object Repository/Page_Frameworks (Demo)/td_OK' is clicked on

26-11-2024T07:18:08 - [TEST_STEP][PASSED] - click(findTestObject("Object Repository/Page_Frameworks (Demo)/img_Despatch Method_isc_QR")): Object: 'Object Repository/Page_Frameworks (Demo)/img_Despatch Method_isc_QR' is clicked on

26-11-2024T07:18:08 - [MESSAGE][PASSED] - Object: 'Object Repository/Page_Frameworks (Demo)/img_Despatch Method_isc_QR' is clicked on

26-11-2024T07:18:08 - [TEST_STEP][PASSED] - click(findTestObject("Object Repository/Page_Frameworks (Demo)/div_PICKU - Pick up From Store")): Object: 'Object Repository/Page_Frameworks (Demo)/div_PICKU - Pick up From Store' is clicked on

26-11-2024T07:18:09 - [MESSAGE][PASSED] - Object: 'Object Repository/Page_Frameworks (Demo)/div_PICKU - Pick up From Store' is clicked on

26-11-2024T07:18:09 - [TEST_STEP][PASSED] - setText(findTestObject("Object Repository/Page_Frameworks (Demo)/input_Address_deliverToAddress1"), "PO Box 1094"): Text 'PO Box 1094' is set on object 'Object Repository/Page_Frameworks (Demo)/input_Address_deliverToAddress1'

26-11-2024T07:18:11 - [MESSAGE][PASSED] - Text 'PO Box 1094' is set on object 'Object Repository/Page_Frameworks (Demo)/input_Address_deliverToAddress1'

26-11-2024T07:18:11 - [TEST_STEP][PASSED] - click(findTestObject("Object Repository/Page_Frameworks (Demo)/div_Finish (S)")): Object: 'Object Repository/Page_Frameworks (Demo)/div_Finish (S)' is clicked on

26-11-2024T07:18:11 - [MESSAGE][PASSED] - Object: 'Object Repository/Page_Frameworks (Demo)/div_Finish (S)' is clicked on

26-11-2024T07:18:11 - [TEST_STEP][PASSED] - click(findTestObject("Object Repository/Page_Frameworks (Demo)/div_Refund_1")): Object: 'Object Repository/Page_Frameworks (Demo)/div_Refund_1' is clicked on

26-11-2024T07:18:15 - [MESSAGE][PASSED] - Object: 'Object Repository/Page_Frameworks (Demo)/div_Refund_1' is clicked on

26-11-2024T07:18:15 - [TEST_STEP][PASSED] - updatesourceFile = new java.io.FileInputStream(ExcelFile): null

26-11-2024T07:18:15 - [TEST_STEP][PASSED] - updateWorkbook = new org.apache.poi.xssf.usermodel.XSSFWorkbook(updatesourceFile): null

26-11-2024T07:18:15 - [TEST_STEP][PASSED] - updateSheet = updateWorkbook.getSheet("Sheet1"): null

26-11-2024T07:18:15 - [TEST_STEP][PASSED] - updateRow = updateSheet.getRow(0): null

26-11-2024T07:18:15 - [TEST_STEP][PASSED] - updateCell = updateRow.getCell(1): null

26-11-2024T07:18:15 - [TEST_STEP][PASSED] - updateRow = updateSheet.createRow(2): null

26-11-2024T07:18:15 - [TEST_STEP][PASSED] - updateCell = updateRow.createCell(0): null

26-11-2024T07:18:15 - [TEST_STEP][PASSED] - updateCell.setCellValue("TransactionNumber"): null

26-11-2024T07:18:15 - [TEST_STEP][PASSED] - updateCell = updateRow.createCell(1): null

26-11-2024T07:18:15 - [TEST_STEP][PASSED] - updateCell.setCellValue(transaction_Number): null

26-11-2024T07:18:15 - [TEST_STEP][PASSED] - fos = new java.io.FileOutputStream(ExcelFile): null

26-11-2024T07:18:15 - [TEST_STEP][PASSED] - updateWorkbook.write(fos): null

26-11-2024T07:18:15 - [TEST_STEP][PASSED] - fos.close(): null

26-11-2024T07:18:15 - [TEST_STEP][PASSED] - updatesourceFile.close(): null

26-11-2024T07:18:15 - [TEST_STEP][PASSED] - click(findTestObject("Object Repository/Page_Frameworks (Demo)/img_dropdownLogout")): Object: 'Object Repository/Page_Frameworks (Demo)/img_dropdownLogout' is clicked on

26-11-2024T07:18:18 - [MESSAGE][PASSED] - Object: 'Object Repository/Page_Frameworks (Demo)/img_dropdownLogout' is clicked on

26-11-2024T07:18:18 - [TEST_STEP][PASSED] - click(findTestObject("Object Repository/Page_Frameworks (Demo)/td_Logout")): Object: 'Object Repository/Page_Frameworks (Demo)/td_Logout' is clicked on

26-11-2024T07:18:18 - [MESSAGE][PASSED] - Object: 'Object Repository/Page_Frameworks (Demo)/td_Logout' is clicked on

26-11-2024T07:18:18 - [TEST_STEP][PASSED] - closeBrowser(STOP_ON_FAILURE): Browser is closed

26-11-2024T07:18:19 - [MESSAGE][PASSED] - Browser is closed]]></system-out>
         <system-err><![CDATA[]]></system-err>
      </testcase>
      <testcase name="Test Cases/Nortruss Instance/PointofSale_Module/TS3_POS_AccountCredit_Full_StockReturn_NT/POS_AccountCredit_Full_ValidateRefund" time="38.674" classname="Test Cases/Nortruss Instance/PointofSale_Module/TS3_POS_AccountCredit_Full_StockReturn_NT/POS_AccountCredit_Full_ValidateRefund" status="PASSED">
         <system-out><![CDATA[26-11-2024T07:18:19 - [TEST_CASE][PASSED] - Test Cases/Nortruss Instance/PointofSale_Module/TS3_POS_AccountCredit_Full_StockReturn_NT/POS_AccountCredit_Full_ValidateRefund: Test Cases/Nortruss Instance/PointofSale_Module/TS3_POS_AccountCredit_Full_StockReturn_NT/POS_AccountCredit_Full_ValidateRefund

26-11-2024T07:18:19 - [TEST_STEP][PASSED] - sourceFile = new java.io.FileInputStream(ExcelFile): null

26-11-2024T07:18:19 - [TEST_STEP][PASSED] - workbook = new org.apache.poi.xssf.usermodel.XSSFWorkbook(sourceFile): null

26-11-2024T07:18:19 - [TEST_STEP][PASSED] - sheet = workbook.getSheet("Sheet1"): null

26-11-2024T07:18:19 - [TEST_STEP][PASSED] - row = sheet.getRow(1): null

26-11-2024T07:18:19 - [TEST_STEP][PASSED] - cell = row.getCell(1): null

26-11-2024T07:18:19 - [TEST_STEP][PASSED] - transactionNumber = cell.getStringCellValue(): null

26-11-2024T07:18:19 - [TEST_STEP][PASSED] - println(transactionNumber): null

26-11-2024T07:18:19 - [TEST_STEP][PASSED] - sourceFile.close(): null

26-11-2024T07:18:19 - [TEST_STEP][PASSED] - openBrowser(""): Browser is opened with url: ''

26-11-2024T07:18:19 - [MESSAGE][INFO] - Starting 'Chrome' driver

26-11-2024T07:18:19 - [MESSAGE][INFO] - Action delay is set to 0 milliseconds

26-11-2024T07:18:21 - [MESSAGE][PASSED] - Browser is opened with url: ''

26-11-2024T07:18:21 - [TEST_STEP][PASSED] - getUrl(): Current window's url is: 'data:,'

26-11-2024T07:18:21 - [MESSAGE][PASSED] - Current window's url is: 'data:,'

26-11-2024T07:18:21 - [TEST_STEP][PASSED] - navigateToUrl("http://frameworks.nt.nortruss.com.au:8080/FWDemo/Fluid.html#homeDashboard,dash,Frameworks.Activity.Menu.HomeDashBoard"): Navigate to 'http://frameworks.nt.nortruss.com.au:8080/FWDemo/Fluid.html#homeDashboard,dash,Frameworks.Activity.Menu.HomeDashBoard' successfully

26-11-2024T07:18:26 - [MESSAGE][PASSED] - Navigate to 'http://frameworks.nt.nortruss.com.au:8080/FWDemo/Fluid.html#homeDashboard,dash,Frameworks.Activity.Menu.HomeDashBoard' successfully

26-11-2024T07:18:26 - [TEST_STEP][PASSED] - maximizeWindow(): Current window maximized

26-11-2024T07:18:27 - [MESSAGE][PASSED] - Current window maximized

26-11-2024T07:18:27 - [TEST_STEP][PASSED] - setText(findTestObject("Object Repository/TS3_POS_Accountcredit_Full Validate Customer/Page_Frameworks (Demo)/input_User ID_userid"), "manaki"): Text 'manaki' is set on object 'Object Repository/TS3_POS_Accountcredit_Full Validate Customer/Page_Frameworks (Demo)/input_User ID_userid'

26-11-2024T07:18:31 - [MESSAGE][PASSED] - Text 'manaki' is set on object 'Object Repository/TS3_POS_Accountcredit_Full Validate Customer/Page_Frameworks (Demo)/input_User ID_userid'

26-11-2024T07:18:31 - [TEST_STEP][PASSED] - setEncryptedText(findTestObject("Object Repository/TS3_POS_Accountcredit_Full Validate Customer/Page_Frameworks (Demo)/input_Password_password"), "C5+8mNJ15mA="): Text ****** has been set on object 'Object Repository/TS3_POS_Accountcredit_Full Validate Customer/Page_Frameworks (Demo)/input_Password_password'

26-11-2024T07:18:31 - [MESSAGE][PASSED] - Text ****** has been set on object 'Object Repository/TS3_POS_Accountcredit_Full Validate Customer/Page_Frameworks (Demo)/input_Password_password'

26-11-2024T07:18:31 - [TEST_STEP][PASSED] - click(findTestObject("Object Repository/TS3_POS_Accountcredit_Full Validate Customer/Page_Frameworks (Demo)/div_Login")): Object: 'Object Repository/TS3_POS_Accountcredit_Full Validate Customer/Page_Frameworks (Demo)/div_Login' is clicked on

26-11-2024T07:18:32 - [MESSAGE][PASSED] - Object: 'Object Repository/TS3_POS_Accountcredit_Full Validate Customer/Page_Frameworks (Demo)/div_Login' is clicked on

26-11-2024T07:18:32 - [TEST_STEP][PASSED] - click(findTestObject("Object Repository/TS3_POS_Accountcredit_Full Validate Customer/Page_Frameworks (Demo)/img")): Object: 'Object Repository/TS3_POS_Accountcredit_Full Validate Customer/Page_Frameworks (Demo)/img' is clicked on

26-11-2024T07:18:35 - [MESSAGE][PASSED] - Object: 'Object Repository/TS3_POS_Accountcredit_Full Validate Customer/Page_Frameworks (Demo)/img' is clicked on

26-11-2024T07:18:35 - [TEST_STEP][PASSED] - setText(findTestObject("Object Repository/TS3_POS_Accountcredit_Full Validate Customer/Page_Frameworks (Demo)/input_Customer No_CustId"), "17179"): Text '17179' is set on object 'Object Repository/TS3_POS_Accountcredit_Full Validate Customer/Page_Frameworks (Demo)/input_Customer No_CustId'

26-11-2024T07:18:38 - [MESSAGE][PASSED] - Text '17179' is set on object 'Object Repository/TS3_POS_Accountcredit_Full Validate Customer/Page_Frameworks (Demo)/input_Customer No_CustId'

26-11-2024T07:18:38 - [TEST_STEP][PASSED] - click(findTestObject("Object Repository/TS3_POS_Accountcredit_Full Validate Customer/Page_Frameworks (Demo)/img_Exclude Permanent Stop_isc_8Bicon")): Object: 'Object Repository/TS3_POS_Accountcredit_Full Validate Customer/Page_Frameworks (Demo)/img_Exclude Permanent Stop_isc_8Bicon' is clicked on

26-11-2024T07:18:40 - [MESSAGE][PASSED] - Object: 'Object Repository/TS3_POS_Accountcredit_Full Validate Customer/Page_Frameworks (Demo)/img_Exclude Permanent Stop_isc_8Bicon' is clicked on

26-11-2024T07:18:40 - [TEST_STEP][PASSED] - click(findTestObject("Object Repository/TS3_POS_Accountcredit_Full Validate Customer/Page_Frameworks (Demo)/div_Invoices, Orders, Quotes, Projects  Jobs")): Object: 'Object Repository/TS3_POS_Accountcredit_Full Validate Customer/Page_Frameworks (Demo)/div_Invoices, Orders, Quotes, Projects  Jobs' is clicked on

26-11-2024T07:18:43 - [MESSAGE][PASSED] - Object: 'Object Repository/TS3_POS_Accountcredit_Full Validate Customer/Page_Frameworks (Demo)/div_Invoices, Orders, Quotes, Projects  Jobs' is clicked on

26-11-2024T07:18:43 - [TEST_STEP][PASSED] - verifyTextPresent(transactionNum, false): Text '' is present on page 

26-11-2024T07:18:46 - [MESSAGE][PASSED] - Text '' is present on page 

26-11-2024T07:18:46 - [TEST_STEP][PASSED] - delay(10): Delayed 10 second(s)

26-11-2024T07:18:56 - [MESSAGE][PASSED] - Delayed 10 second(s)

26-11-2024T07:18:56 - [TEST_STEP][PASSED] - click(findTestObject("Object Repository/TS3_POS_Accountcredit_Full Validate Customer/Page_Frameworks (Demo)/img_dropdownLogout")): Object: 'Object Repository/TS3_POS_Accountcredit_Full Validate Customer/Page_Frameworks (Demo)/img_dropdownLogout' is clicked on

26-11-2024T07:18:57 - [MESSAGE][PASSED] - Object: 'Object Repository/TS3_POS_Accountcredit_Full Validate Customer/Page_Frameworks (Demo)/img_dropdownLogout' is clicked on

26-11-2024T07:18:57 - [TEST_STEP][PASSED] - click(findTestObject("Object Repository/TS3_POS_Accountcredit_Full Validate Customer/Page_Frameworks (Demo)/td__1")): Object: 'Object Repository/TS3_POS_Accountcredit_Full Validate Customer/Page_Frameworks (Demo)/td__1' is clicked on

26-11-2024T07:18:57 - [MESSAGE][PASSED] - Object: 'Object Repository/TS3_POS_Accountcredit_Full Validate Customer/Page_Frameworks (Demo)/td__1' is clicked on

26-11-2024T07:18:57 - [TEST_STEP][PASSED] - closeBrowser(): Browser is closed

26-11-2024T07:18:58 - [MESSAGE][PASSED] - Browser is closed]]></system-out>
         <system-err><![CDATA[]]></system-err>
      </testcase>
      <testcase name="Test Cases/Nortruss Instance/PointofSale_Module/TS3_POS_AccountCredit_Full_StockReturn_NT/POS_AccountCredit_Full_ValidateStock" time="38.472" classname="Test Cases/Nortruss Instance/PointofSale_Module/TS3_POS_AccountCredit_Full_StockReturn_NT/POS_AccountCredit_Full_ValidateStock" status="PASSED">
         <system-out><![CDATA[26-11-2024T07:18:58 - [TEST_CASE][PASSED] - Test Cases/Nortruss Instance/PointofSale_Module/TS3_POS_AccountCredit_Full_StockReturn_NT/POS_AccountCredit_Full_ValidateStock: Test Cases/Nortruss Instance/PointofSale_Module/TS3_POS_AccountCredit_Full_StockReturn_NT/POS_AccountCredit_Full_ValidateStock

26-11-2024T07:18:58 - [TEST_STEP][PASSED] - sourceFile = new java.io.FileInputStream(ExcelFile): null

26-11-2024T07:18:58 - [TEST_STEP][PASSED] - workbook = new org.apache.poi.xssf.usermodel.XSSFWorkbook(sourceFile): null

26-11-2024T07:18:58 - [TEST_STEP][PASSED] - sheet = workbook.getSheet("Sheet1"): null

26-11-2024T07:18:58 - [TEST_STEP][PASSED] - row = sheet.getRow(1): null

26-11-2024T07:18:58 - [TEST_STEP][PASSED] - cell = row.getCell(1): null

26-11-2024T07:18:58 - [TEST_STEP][PASSED] - transactionNumber = cell.getStringCellValue(): null

26-11-2024T07:18:58 - [TEST_STEP][PASSED] - println(transactionNumber): null

26-11-2024T07:18:58 - [TEST_STEP][PASSED] - sourceFile.close(): null

26-11-2024T07:18:58 - [TEST_STEP][PASSED] - openBrowser(""): Browser is opened with url: ''

26-11-2024T07:18:58 - [MESSAGE][INFO] - Starting 'Chrome' driver

26-11-2024T07:18:58 - [MESSAGE][INFO] - Action delay is set to 0 milliseconds

26-11-2024T07:18:59 - [MESSAGE][PASSED] - Browser is opened with url: ''

26-11-2024T07:18:59 - [TEST_STEP][PASSED] - getUrl(): Current window's url is: 'data:,'

26-11-2024T07:18:59 - [MESSAGE][PASSED] - Current window's url is: 'data:,'

26-11-2024T07:18:59 - [TEST_STEP][PASSED] - navigateToUrl("http://frameworks.nt.nortruss.com.au:8080/FWDemo/Fluid.html#homeDashboard,dash,Frameworks.Activity.Menu.HomeDashBoard"): Navigate to 'http://frameworks.nt.nortruss.com.au:8080/FWDemo/Fluid.html#homeDashboard,dash,Frameworks.Activity.Menu.HomeDashBoard' successfully

26-11-2024T07:19:06 - [MESSAGE][PASSED] - Navigate to 'http://frameworks.nt.nortruss.com.au:8080/FWDemo/Fluid.html#homeDashboard,dash,Frameworks.Activity.Menu.HomeDashBoard' successfully

26-11-2024T07:19:06 - [TEST_STEP][PASSED] - maximizeWindow(): Current window maximized

26-11-2024T07:19:07 - [MESSAGE][PASSED] - Current window maximized

26-11-2024T07:19:07 - [TEST_STEP][PASSED] - setText(findTestObject("Object Repository/TS3_POS_AccountCredit_Full_ValidateStock/Page_Frameworks (Demo)/input_User ID_userid"), "manaki"): Text 'manaki' is set on object 'Object Repository/TS3_POS_AccountCredit_Full_ValidateStock/Page_Frameworks (Demo)/input_User ID_userid'

26-11-2024T07:19:10 - [MESSAGE][PASSED] - Text 'manaki' is set on object 'Object Repository/TS3_POS_AccountCredit_Full_ValidateStock/Page_Frameworks (Demo)/input_User ID_userid'

26-11-2024T07:19:10 - [TEST_STEP][PASSED] - setEncryptedText(findTestObject("Object Repository/TS3_POS_AccountCredit_Full_ValidateStock/Page_Frameworks (Demo)/input_Password_password"), "C5+8mNJ15mA="): Text ****** has been set on object 'Object Repository/TS3_POS_AccountCredit_Full_ValidateStock/Page_Frameworks (Demo)/input_Password_password'

26-11-2024T07:19:11 - [MESSAGE][PASSED] - Text ****** has been set on object 'Object Repository/TS3_POS_AccountCredit_Full_ValidateStock/Page_Frameworks (Demo)/input_Password_password'

26-11-2024T07:19:11 - [TEST_STEP][PASSED] - click(findTestObject("Object Repository/TS3_POS_AccountCredit_Full_ValidateStock/Page_Frameworks (Demo)/div_Login")): Object: 'Object Repository/TS3_POS_AccountCredit_Full_ValidateStock/Page_Frameworks (Demo)/div_Login' is clicked on

26-11-2024T07:19:11 - [MESSAGE][PASSED] - Object: 'Object Repository/TS3_POS_AccountCredit_Full_ValidateStock/Page_Frameworks (Demo)/div_Login' is clicked on

26-11-2024T07:19:11 - [TEST_STEP][PASSED] - click(findTestObject("Object Repository/TS3_POS_AccountCredit_Full_ValidateStock/Page_Frameworks (Demo)/img_1")): Object: 'Object Repository/TS3_POS_AccountCredit_Full_ValidateStock/Page_Frameworks (Demo)/img_1' is clicked on

26-11-2024T07:19:14 - [MESSAGE][PASSED] - Object: 'Object Repository/TS3_POS_AccountCredit_Full_ValidateStock/Page_Frameworks (Demo)/img_1' is clicked on

26-11-2024T07:19:14 - [TEST_STEP][PASSED] - setText(findTestObject("Object Repository/TS3_POS_AccountCredit_Full_ValidateStock/Page_Frameworks (Demo)/input_Product_ProdId"), "2023191"): Text '2023191' is set on object 'Object Repository/TS3_POS_AccountCredit_Full_ValidateStock/Page_Frameworks (Demo)/input_Product_ProdId'

26-11-2024T07:19:17 - [MESSAGE][PASSED] - Text '2023191' is set on object 'Object Repository/TS3_POS_AccountCredit_Full_ValidateStock/Page_Frameworks (Demo)/input_Product_ProdId'

26-11-2024T07:19:17 - [TEST_STEP][PASSED] - click(findTestObject("Object Repository/TS3_POS_AccountCredit_Full_ValidateStock/Page_Frameworks (Demo)/td_Find")): Object: 'Object Repository/TS3_POS_AccountCredit_Full_ValidateStock/Page_Frameworks (Demo)/td_Find' is clicked on

26-11-2024T07:19:18 - [MESSAGE][PASSED] - Object: 'Object Repository/TS3_POS_AccountCredit_Full_ValidateStock/Page_Frameworks (Demo)/td_Find' is clicked on

26-11-2024T07:19:18 - [TEST_STEP][PASSED] - scrollToElement(findTestObject("Object Repository/TS3_POS_AccountCredit_Full_ValidateStock/Page_Frameworks (Demo)/div_Stock Movements"), 30): Scroll to object 'Object Repository/TS3_POS_AccountCredit_Full_ValidateStock/Page_Frameworks (Demo)/div_Stock Movements' successfully

26-11-2024T07:19:21 - [MESSAGE][PASSED] - Scroll to object 'Object Repository/TS3_POS_AccountCredit_Full_ValidateStock/Page_Frameworks (Demo)/div_Stock Movements' successfully

26-11-2024T07:19:21 - [TEST_STEP][PASSED] - click(findTestObject("Object Repository/TS3_POS_AccountCredit_Full_ValidateStock/Page_Frameworks (Demo)/div_Stock Movements_1")): Object: 'Object Repository/TS3_POS_AccountCredit_Full_ValidateStock/Page_Frameworks (Demo)/div_Stock Movements_1' is clicked on

26-11-2024T07:19:22 - [MESSAGE][PASSED] - Object: 'Object Repository/TS3_POS_AccountCredit_Full_ValidateStock/Page_Frameworks (Demo)/div_Stock Movements_1' is clicked on

26-11-2024T07:19:22 - [TEST_STEP][PASSED] - verifyTextPresent(transactionNum, false): Text '' is present on page 

26-11-2024T07:19:25 - [MESSAGE][PASSED] - Text '' is present on page 

26-11-2024T07:19:25 - [TEST_STEP][PASSED] - delay(10): Delayed 10 second(s)

26-11-2024T07:19:35 - [MESSAGE][PASSED] - Delayed 10 second(s)

26-11-2024T07:19:35 - [TEST_STEP][PASSED] - click(findTestObject("Object Repository/TS3_POS_AccountCredit_Full_ValidateStock/Page_Frameworks (Demo)/img_dropdownLogout")): Object: 'Object Repository/TS3_POS_AccountCredit_Full_ValidateStock/Page_Frameworks (Demo)/img_dropdownLogout' is clicked on

26-11-2024T07:19:35 - [MESSAGE][PASSED] - Object: 'Object Repository/TS3_POS_AccountCredit_Full_ValidateStock/Page_Frameworks (Demo)/img_dropdownLogout' is clicked on

26-11-2024T07:19:35 - [TEST_STEP][PASSED] - click(findTestObject("Object Repository/TS3_POS_AccountCredit_Full_ValidateStock/Page_Frameworks (Demo)/td__1")): Object: 'Object Repository/TS3_POS_AccountCredit_Full_ValidateStock/Page_Frameworks (Demo)/td__1' is clicked on

26-11-2024T07:19:36 - [MESSAGE][PASSED] - Object: 'Object Repository/TS3_POS_AccountCredit_Full_ValidateStock/Page_Frameworks (Demo)/td__1' is clicked on

26-11-2024T07:19:36 - [TEST_STEP][PASSED] - closeBrowser(): Browser is closed

26-11-2024T07:19:36 - [MESSAGE][PASSED] - Browser is closed]]></system-out>
         <system-err><![CDATA[]]></system-err>
      </testcase>
      <system-out><![CDATA[26-11-2024T07:16:28 - [TEST_SUITE][PASSED] - TS3_POS_AccountCredit_Full_NT: Test Cases/Nortruss Instance/PointofSale_Module/TS3_POS_AccountCredit_Full_StockReturn_NT/POS_AccountCredit_Full_ValidateStock]]></system-out>
      <system-err><![CDATA[]]></system-err>
   </testsuite>
</testsuites>
