<?xml version="1.0" encoding="UTF-8"?>
<testsuites name="TS4_SO_Quote_COD" time="214.878" tests="2" failures="0" errors="0">
   <testsuite name="TS4_SO_Quote_COD" tests="2" failures="0" errors="0" time="214.878" skipped="0" timestamp="02-01-2025T05:21:50" hostname="azureuser - 10.192.8.5" id="Test Suites/CHC_Instance/SalesOrders_Module/TS4_SO_Quote_COD">
      <properties>
         <property name="deviceName" value=""/>
         <property name="devicePlatform"/>
         <property name="logFolder" value="C:\\Users\\azureuser\\git\\frameworks-regression-test-automation\\Reports\\20250102_052143\\CHC_Instance\\SalesOrders_Module\\TS4_SO_Quote_COD\\20250102_052143"/>
         <property name="logFiles" value="C:\\Users\\azureuser\\git\\frameworks-regression-test-automation\\Reports\\20250102_052143\\CHC_Instance\\SalesOrders_Module\\TS4_SO_Quote_COD\\20250102_052143\\execution0.log"/>
         <property name="attachments" value="C:\\Users\\azureuser\\git\\frameworks-regression-test-automation\\Reports\\20250102_052143\\CHC_Instance\\SalesOrders_Module\\TS4_SO_Quote_COD\\20250102_052143\\1735795375406.png"/>
         <property name="hostName" value="azureuser - 10.192.8.5"/>
         <property name="os" value="Windows 11 64bit"/>
         <property name="katalonVersion" value="9.7.2.223"/>
         <property name="browser" value="Chrome 131.0.0.0"/>
         <property name="hostAddress" value="10.192.8.5"/>
         <property name="sessionId" value="157d333999a3915b54bc6893071bbc53"/>
         <property name="seleniumVersion" value="3.141.59"/>
         <property name="proxyInformation" value="ProxyInformation { proxyOption=NO_PROXY, proxyServerType=HTTP, username=, password=********, proxyServerAddress=, proxyServerPort=0, executionList=&quot;&quot;, isApplyToDesiredCapabilities=true }"/>
         <property name="platform" value="Windows 11"/>
      </properties>
      <testcase name="Test Cases/CHC_Instance/SalesOrders_Module/TS4_SO_Quote_COD/SO_Quote_COD_CHC" time="169.742" classname="Test Cases/CHC_Instance/SalesOrders_Module/TS4_SO_Quote_COD/SO_Quote_COD_CHC" status="PASSED">
         <system-out><![CDATA[02-01-2025T05:21:50 - [TEST_CASE][PASSED] - Test Cases/CHC_Instance/SalesOrders_Module/TS4_SO_Quote_COD/SO_Quote_COD_CHC: Test Cases/CHC_Instance/SalesOrders_Module/TS4_SO_Quote_COD/SO_Quote_COD_CHC

02-01-2025T05:21:51 - [TEST_STEP][PASSED] - openBrowser(""): Browser is opened with url: ''

02-01-2025T05:21:52 - [MESSAGE][INFO] - Starting 'Chrome' driver

02-01-2025T05:21:52 - [MESSAGE][INFO] - Action delay is set to 0 milliseconds

02-01-2025T05:21:54 - [MESSAGE][PASSED] - Browser is opened with url: ''

02-01-2025T05:21:54 - [TEST_STEP][PASSED] - maximizeWindow(): Current window maximized

02-01-2025T05:21:54 - [MESSAGE][PASSED] - Current window maximized

02-01-2025T05:21:54 - [TEST_STEP][PASSED] - navigateToUrl("http://frameworks.cairnshardware.com.au:8080/FWDemo2/Fluid.html#homeDashboard,dash,Frameworks.Activity.Menu.HomeDashBoard"): Navigate to 'http://frameworks.cairnshardware.com.au:8080/FWDemo2/Fluid.html#homeDashboard,dash,Frameworks.Activity.Menu.HomeDashBoard' successfully

02-01-2025T05:22:01 - [MESSAGE][PASSED] - Navigate to 'http://frameworks.cairnshardware.com.au:8080/FWDemo2/Fluid.html#homeDashboard,dash,Frameworks.Activity.Menu.HomeDashBoard' successfully

02-01-2025T05:22:01 - [TEST_STEP][PASSED] - delay(3): Delayed 3 second(s)

02-01-2025T05:22:04 - [MESSAGE][PASSED] - Delayed 3 second(s)

02-01-2025T05:22:04 - [TEST_STEP][PASSED] - setText(findTestObject("Object Repository/SO_Quote_COD_CHC/Page_Frameworks (Demo)/input_User ID_userid"), userName): Text 'manaki' is set on object 'Object Repository/SO_Quote_COD_CHC/Page_Frameworks (Demo)/input_User ID_userid'

02-01-2025T05:22:05 - [MESSAGE][PASSED] - Text 'manaki' is set on object 'Object Repository/SO_Quote_COD_CHC/Page_Frameworks (Demo)/input_User ID_userid'

02-01-2025T05:22:05 - [TEST_STEP][PASSED] - setEncryptedText(findTestObject("Object Repository/SO_Quote_COD_CHC/Page_Frameworks (Demo)/input_Password_password"), "BvRmjN+0xFM="): Text ****** has been set on object 'Object Repository/SO_Quote_COD_CHC/Page_Frameworks (Demo)/input_Password_password'

02-01-2025T05:22:05 - [MESSAGE][PASSED] - Text ****** has been set on object 'Object Repository/SO_Quote_COD_CHC/Page_Frameworks (Demo)/input_Password_password'

02-01-2025T05:22:05 - [TEST_STEP][PASSED] - click(findTestObject("Object Repository/SO_Quote_COD_CHC/Page_Frameworks (Demo)/div_Login")): Object: 'Object Repository/SO_Quote_COD_CHC/Page_Frameworks (Demo)/div_Login' is clicked on

02-01-2025T05:22:06 - [MESSAGE][PASSED] - Object: 'Object Repository/SO_Quote_COD_CHC/Page_Frameworks (Demo)/div_Login' is clicked on

02-01-2025T05:22:06 - [TEST_STEP][PASSED] - click(findTestObject("Object Repository/SO_Quote_COD_CHC/Page_Frameworks (Demo)/Fws_Menu")): Object: 'Object Repository/SO_Quote_COD_CHC/Page_Frameworks (Demo)/Fws_Menu' is clicked on

02-01-2025T05:22:11 - [MESSAGE][PASSED] - Object: 'Object Repository/SO_Quote_COD_CHC/Page_Frameworks (Demo)/Fws_Menu' is clicked on

02-01-2025T05:22:11 - [TEST_STEP][PASSED] - click(findTestObject("Object Repository/SO_Quote_COD_CHC/Page_Frameworks (Demo)/Sales_TransactionProcessing")): Object: 'Object Repository/SO_Quote_COD_CHC/Page_Frameworks (Demo)/Sales_TransactionProcessing' is clicked on

02-01-2025T05:22:12 - [MESSAGE][PASSED] - Object: 'Object Repository/SO_Quote_COD_CHC/Page_Frameworks (Demo)/Sales_TransactionProcessing' is clicked on

02-01-2025T05:22:12 - [TEST_STEP][PASSED] - click(findTestObject("Object Repository/SO_Quote_COD_CHC/Page_Frameworks (Demo)/td_Sales Orders")): Object: 'Object Repository/SO_Quote_COD_CHC/Page_Frameworks (Demo)/td_Sales Orders' is clicked on

02-01-2025T05:22:13 - [MESSAGE][PASSED] - Object: 'Object Repository/SO_Quote_COD_CHC/Page_Frameworks (Demo)/td_Sales Orders' is clicked on

02-01-2025T05:22:13 - [TEST_STEP][PASSED] - click(findTestObject("Object Repository/SO_Quote_COD_CHC/Page_Frameworks (Demo)/div_New")): Object: 'Object Repository/SO_Quote_COD_CHC/Page_Frameworks (Demo)/div_New' is clicked on

02-01-2025T05:22:16 - [MESSAGE][PASSED] - Object: 'Object Repository/SO_Quote_COD_CHC/Page_Frameworks (Demo)/div_New' is clicked on

02-01-2025T05:22:16 - [TEST_STEP][PASSED] - click(findTestObject("Object Repository/SO_Quote_COD_CHC/Page_Frameworks (Demo)/div_Order")): Object: 'Object Repository/SO_Quote_COD_CHC/Page_Frameworks (Demo)/div_Order' is clicked on

02-01-2025T05:22:20 - [MESSAGE][PASSED] - Object: 'Object Repository/SO_Quote_COD_CHC/Page_Frameworks (Demo)/div_Order' is clicked on

02-01-2025T05:22:20 - [TEST_STEP][PASSED] - click(findTestObject("Object Repository/SO_Quote_COD_CHC/Page_Frameworks (Demo)/div_Quote")): Object: 'Object Repository/SO_Quote_COD_CHC/Page_Frameworks (Demo)/div_Quote' is clicked on

02-01-2025T05:22:21 - [MESSAGE][PASSED] - Object: 'Object Repository/SO_Quote_COD_CHC/Page_Frameworks (Demo)/div_Quote' is clicked on

02-01-2025T05:22:21 - [TEST_STEP][PASSED] - click(findTestObject("Object Repository/SO_Quote_COD_CHC/Page_Frameworks (Demo2)/img_1_2")): Object: 'Object Repository/SO_Quote_COD_CHC/Page_Frameworks (Demo2)/img_1_2' is clicked on

02-01-2025T05:22:22 - [MESSAGE][PASSED] - Object: 'Object Repository/SO_Quote_COD_CHC/Page_Frameworks (Demo2)/img_1_2' is clicked on

02-01-2025T05:22:22 - [TEST_STEP][PASSED] - setText(findTestObject("Object Repository/SO_Quote_COD_CHC/Page_Frameworks (Demo2)/input_Name_custName"), "John Smith"): Text 'John Smith' is set on object 'Object Repository/SO_Quote_COD_CHC/Page_Frameworks (Demo2)/input_Name_custName'

02-01-2025T05:22:24 - [MESSAGE][PASSED] - Text 'John Smith' is set on object 'Object Repository/SO_Quote_COD_CHC/Page_Frameworks (Demo2)/input_Name_custName'

02-01-2025T05:22:24 - [TEST_STEP][PASSED] - setText(findTestObject("Object Repository/SO_Quote_COD_CHC/Page_Frameworks (Demo2)/input_Postal Address_postalAddress1"), "123 Cairns Street"): Text '123 Cairns Street' is set on object 'Object Repository/SO_Quote_COD_CHC/Page_Frameworks (Demo2)/input_Postal Address_postalAddress1'

02-01-2025T05:22:25 - [MESSAGE][PASSED] - Text '123 Cairns Street' is set on object 'Object Repository/SO_Quote_COD_CHC/Page_Frameworks (Demo2)/input_Postal Address_postalAddress1'

02-01-2025T05:22:25 - [TEST_STEP][PASSED] - delay(2): Delayed 2 second(s)

02-01-2025T05:22:27 - [MESSAGE][PASSED] - Delayed 2 second(s)

02-01-2025T05:22:27 - [TEST_STEP][PASSED] - setText(findTestObject("Object Repository/SO_Quote_COD_CHC/Page_Frameworks (Demo2)/input_Suburb_postalAddress2"), "Cairns"): Text 'Cairns' is set on object 'Object Repository/SO_Quote_COD_CHC/Page_Frameworks (Demo2)/input_Suburb_postalAddress2'

02-01-2025T05:22:28 - [MESSAGE][PASSED] - Text 'Cairns' is set on object 'Object Repository/SO_Quote_COD_CHC/Page_Frameworks (Demo2)/input_Suburb_postalAddress2'

02-01-2025T05:22:28 - [TEST_STEP][PASSED] - click(findTestObject("Object Repository/SO_Quote_COD_CHC/Page_Frameworks (Demo2)/td_State_isc_S2")): Object: 'Object Repository/SO_Quote_COD_CHC/Page_Frameworks (Demo2)/td_State_isc_S2' is clicked on

02-01-2025T05:22:29 - [MESSAGE][PASSED] - Object: 'Object Repository/SO_Quote_COD_CHC/Page_Frameworks (Demo2)/td_State_isc_S2' is clicked on

02-01-2025T05:22:29 - [TEST_STEP][PASSED] - click(findTestObject("Object Repository/SO_Quote_COD_CHC/Page_Frameworks (Demo2)/div_QLD - Queensland")): Object: 'Object Repository/SO_Quote_COD_CHC/Page_Frameworks (Demo2)/div_QLD - Queensland' is clicked on

02-01-2025T05:22:30 - [MESSAGE][PASSED] - Object: 'Object Repository/SO_Quote_COD_CHC/Page_Frameworks (Demo2)/div_QLD - Queensland' is clicked on

02-01-2025T05:22:30 - [TEST_STEP][PASSED] - setText(findTestObject("Object Repository/SO_Quote_COD_CHC/Page_Frameworks (Demo2)/input_Contact Name_custContact"), "John Smith"): Text 'John Smith' is set on object 'Object Repository/SO_Quote_COD_CHC/Page_Frameworks (Demo2)/input_Contact Name_custContact'

02-01-2025T05:22:31 - [MESSAGE][PASSED] - Text 'John Smith' is set on object 'Object Repository/SO_Quote_COD_CHC/Page_Frameworks (Demo2)/input_Contact Name_custContact'

02-01-2025T05:22:31 - [TEST_STEP][PASSED] - setText(findTestObject("Object Repository/SO_Quote_COD_CHC/Page_Frameworks (Demo2)/input_Phone (M)_phoneMobile"), "000000000000"): Text '000000000000' is set on object 'Object Repository/SO_Quote_COD_CHC/Page_Frameworks (Demo2)/input_Phone (M)_phoneMobile'

02-01-2025T05:22:32 - [MESSAGE][PASSED] - Text '000000000000' is set on object 'Object Repository/SO_Quote_COD_CHC/Page_Frameworks (Demo2)/input_Phone (M)_phoneMobile'

02-01-2025T05:22:32 - [TEST_STEP][PASSED] - click(findTestObject("Object Repository/SO_Quote_COD_CHC/Page_Frameworks (Demo2)/td_Save (S)_1_2_3_4_5")): Object: 'Object Repository/SO_Quote_COD_CHC/Page_Frameworks (Demo2)/td_Save (S)_1_2_3_4_5' is clicked on

02-01-2025T05:22:33 - [MESSAGE][PASSED] - Object: 'Object Repository/SO_Quote_COD_CHC/Page_Frameworks (Demo2)/td_Save (S)_1_2_3_4_5' is clicked on

02-01-2025T05:22:33 - [TEST_STEP][PASSED] - click(findTestObject("Object Repository/SO_Quote_COD_CHC/Page_Frameworks (Demo2)/input_Customer_idCustX")): Object: 'Object Repository/SO_Quote_COD_CHC/Page_Frameworks (Demo2)/input_Customer_idCustX' is clicked on

02-01-2025T05:22:35 - [MESSAGE][PASSED] - Object: 'Object Repository/SO_Quote_COD_CHC/Page_Frameworks (Demo2)/input_Customer_idCustX' is clicked on

02-01-2025T05:22:35 - [TEST_STEP][PASSED] - Customer_ID = getText(findTestObject("Object Repository/SO_Quote_COD_CHC/Page_Frameworks (Demo2)/input_Customer_idCustX")): Text of object 'Object Repository/SO_Quote_COD_CHC/Page_Frameworks (Demo2)/input_Customer_idCustX' is: ''

02-01-2025T05:22:35 - [MESSAGE][PASSED] - Text of object 'Object Repository/SO_Quote_COD_CHC/Page_Frameworks (Demo2)/input_Customer_idCustX' is: ''

02-01-2025T05:22:35 - [TEST_STEP][PASSED] - println(Customer_ID): null

02-01-2025T05:22:35 - [TEST_STEP][PASSED] - click(findTestObject("Object Repository/SO_Quote_COD_CHC/Page_Frameworks (Demo2)/div_501 - DEMONSTRATION BRANCH 501")): Object: 'Object Repository/SO_Quote_COD_CHC/Page_Frameworks (Demo2)/div_501 - DEMONSTRATION BRANCH 501' is clicked on

02-01-2025T05:22:36 - [MESSAGE][PASSED] - Object: 'Object Repository/SO_Quote_COD_CHC/Page_Frameworks (Demo2)/div_501 - DEMONSTRATION BRANCH 501' is clicked on

02-01-2025T05:22:36 - [TEST_STEP][PASSED] - click(findTestObject("Object Repository/SO_Quote_COD_CHC/Page_Frameworks (Demo2)/div_510 - DEMONSTRATION BRANCH 510")): Object: 'Object Repository/SO_Quote_COD_CHC/Page_Frameworks (Demo2)/div_510 - DEMONSTRATION BRANCH 510' is clicked on

02-01-2025T05:22:37 - [MESSAGE][PASSED] - Object: 'Object Repository/SO_Quote_COD_CHC/Page_Frameworks (Demo2)/div_510 - DEMONSTRATION BRANCH 510' is clicked on

02-01-2025T05:22:37 - [TEST_STEP][PASSED] - click(findTestObject("Object Repository/SO_Quote_COD_CHC/Page_Frameworks (Demo2)/div_Desp. Method_isc_IH")): Object: 'Object Repository/SO_Quote_COD_CHC/Page_Frameworks (Demo2)/div_Desp. Method_isc_IH' is clicked on

02-01-2025T05:22:38 - [MESSAGE][PASSED] - Object: 'Object Repository/SO_Quote_COD_CHC/Page_Frameworks (Demo2)/div_Desp. Method_isc_IH' is clicked on

02-01-2025T05:22:38 - [TEST_STEP][PASSED] - click(findTestObject("Object Repository/SO_Quote_COD_CHC/Page_Frameworks (Demo2)/div_PICK - Customer to Pick up")): Object: 'Object Repository/SO_Quote_COD_CHC/Page_Frameworks (Demo2)/div_PICK - Customer to Pick up' is clicked on

02-01-2025T05:22:38 - [MESSAGE][PASSED] - Object: 'Object Repository/SO_Quote_COD_CHC/Page_Frameworks (Demo2)/div_PICK - Customer to Pick up' is clicked on

02-01-2025T05:22:38 - [TEST_STEP][PASSED] - click(findTestObject("Object Repository/SO_Quote_COD_CHC/Page_Frameworks (Demo2)/img_Follow-up Date_isc_IL")): Object: 'Object Repository/SO_Quote_COD_CHC/Page_Frameworks (Demo2)/img_Follow-up Date_isc_IL' is clicked on

02-01-2025T05:22:40 - [MESSAGE][PASSED] - Object: 'Object Repository/SO_Quote_COD_CHC/Page_Frameworks (Demo2)/img_Follow-up Date_isc_IL' is clicked on

02-01-2025T05:22:40 - [TEST_STEP][PASSED] - click(findTestObject("Object Repository/SO_Quote_COD_CHC/Page_Frameworks (Demo2)/td_Today")): Object: 'Object Repository/SO_Quote_COD_CHC/Page_Frameworks (Demo2)/td_Today' is clicked on

02-01-2025T05:22:41 - [MESSAGE][PASSED] - Object: 'Object Repository/SO_Quote_COD_CHC/Page_Frameworks (Demo2)/td_Today' is clicked on

02-01-2025T05:22:41 - [TEST_STEP][PASSED] - click(findTestObject("Object Repository/SO_Quote_COD_CHC/Page_Frameworks (Demo2)/td_Save (S)")): Object: 'Object Repository/SO_Quote_COD_CHC/Page_Frameworks (Demo2)/td_Save (S)' is clicked on

02-01-2025T05:22:42 - [MESSAGE][PASSED] - Object: 'Object Repository/SO_Quote_COD_CHC/Page_Frameworks (Demo2)/td_Save (S)' is clicked on

02-01-2025T05:22:42 - [TEST_STEP][PASSED] - delay(8): Delayed 8 second(s)

02-01-2025T05:22:50 - [MESSAGE][PASSED] - Delayed 8 second(s)

02-01-2025T05:22:50 - [TEST_STEP][PASSED] - setText(findTestObject("Object Repository/SO_Quote_COD_CHC/Page_Frameworks (Demo)/input_P_idProd"), "5155103"): Text '5155103' is set on object 'Object Repository/SO_Quote_COD_CHC/Page_Frameworks (Demo)/input_P_idProd'

02-01-2025T05:22:51 - [MESSAGE][PASSED] - Text '5155103' is set on object 'Object Repository/SO_Quote_COD_CHC/Page_Frameworks (Demo)/input_P_idProd'

02-01-2025T05:22:51 - [TEST_STEP][PASSED] - click(findTestObject("Object Repository/SO_Quote_COD_CHC/Page_Frameworks (Demo)/input_Quantity_qtyTran"), STOP_ON_FAILURE): Object: 'Object Repository/SO_Quote_COD_CHC/Page_Frameworks (Demo)/input_Quantity_qtyTran' is clicked on

02-01-2025T05:22:51 - [MESSAGE][PASSED] - Object: 'Object Repository/SO_Quote_COD_CHC/Page_Frameworks (Demo)/input_Quantity_qtyTran' is clicked on

02-01-2025T05:22:51 - [TEST_STEP][PASSED] - delay(3): Delayed 3 second(s)

02-01-2025T05:22:54 - [MESSAGE][PASSED] - Delayed 3 second(s)

02-01-2025T05:22:54 - [TEST_STEP][PASSED] - setText(findTestObject("Object Repository/SO_Quote_COD_CHC/Page_Frameworks (Demo)/input_Tally_tallyText"), "1/3"): Text '1/3' is set on object 'Object Repository/SO_Quote_COD_CHC/Page_Frameworks (Demo)/input_Tally_tallyText'

02-01-2025T05:22:55 - [MESSAGE][PASSED] - Text '1/3' is set on object 'Object Repository/SO_Quote_COD_CHC/Page_Frameworks (Demo)/input_Tally_tallyText'

02-01-2025T05:22:55 - [TEST_STEP][PASSED] - takeFullPageScreenshot(): Taking screenshot successfully

02-01-2025T05:22:55 - [MESSAGE][INFO] - 0 hidden object(s)

02-01-2025T05:22:56 - [MESSAGE][PASSED] - Taking screenshot successfully
[[ATTACHMENT|C:\\Users\\azureuser\\git\\frameworks-regression-test-automation\\Reports\\20250102_052143\\CHC_Instance\\SalesOrders_Module\\TS4_SO_Quote_COD\\20250102_052143\\1735795375406.png]]

02-01-2025T05:22:56 - [TEST_STEP][PASSED] - click(findTestObject("Object Repository/SO_Quote_COD_CHC/Page_Frameworks (Demo2)/img_1")): Object: 'Object Repository/SO_Quote_COD_CHC/Page_Frameworks (Demo2)/img_1' is clicked on

02-01-2025T05:22:56 - [MESSAGE][PASSED] - Object: 'Object Repository/SO_Quote_COD_CHC/Page_Frameworks (Demo2)/img_1' is clicked on

02-01-2025T05:22:56 - [TEST_STEP][PASSED] - click(findTestObject("Object Repository/SO_Quote_COD_CHC/Page_Frameworks (Demo2)/td_Actions")): Object: 'Object Repository/SO_Quote_COD_CHC/Page_Frameworks (Demo2)/td_Actions' is clicked on

02-01-2025T05:23:01 - [MESSAGE][PASSED] - Object: 'Object Repository/SO_Quote_COD_CHC/Page_Frameworks (Demo2)/td_Actions' is clicked on

02-01-2025T05:23:01 - [TEST_STEP][PASSED] - click(findTestObject("Object Repository/SO_Quote_COD_CHC/Page_Frameworks (Demo2)/div_Mark as Entry Complete")): Object: 'Object Repository/SO_Quote_COD_CHC/Page_Frameworks (Demo2)/div_Mark as Entry Complete' is clicked on

02-01-2025T05:23:02 - [MESSAGE][PASSED] - Object: 'Object Repository/SO_Quote_COD_CHC/Page_Frameworks (Demo2)/div_Mark as Entry Complete' is clicked on

02-01-2025T05:23:02 - [TEST_STEP][PASSED] - click(findTestObject("Object Repository/SO_Quote_COD_CHC/Page_Frameworks (Demo2)/td_Save (S)_1_2_3")): Object: 'Object Repository/SO_Quote_COD_CHC/Page_Frameworks (Demo2)/td_Save (S)_1_2_3' is clicked on

02-01-2025T05:23:07 - [MESSAGE][PASSED] - Object: 'Object Repository/SO_Quote_COD_CHC/Page_Frameworks (Demo2)/td_Save (S)_1_2_3' is clicked on

02-01-2025T05:23:07 - [TEST_STEP][PASSED] - click(findTestObject("Object Repository/SO_Quote_COD_CHC/Page_Frameworks (Demo2)/td_Actions")): Object: 'Object Repository/SO_Quote_COD_CHC/Page_Frameworks (Demo2)/td_Actions' is clicked on

02-01-2025T05:23:25 - [MESSAGE][PASSED] - Object: 'Object Repository/SO_Quote_COD_CHC/Page_Frameworks (Demo2)/td_Actions' is clicked on

02-01-2025T05:23:25 - [TEST_STEP][PASSED] - click(findTestObject("Object Repository/SO_Quote_COD_CHC/Page_Frameworks (Demo2)/div_Accept Quote")): Object: 'Object Repository/SO_Quote_COD_CHC/Page_Frameworks (Demo2)/div_Accept Quote' is clicked on

02-01-2025T05:23:49 - [MESSAGE][PASSED] - Object: 'Object Repository/SO_Quote_COD_CHC/Page_Frameworks (Demo2)/div_Accept Quote' is clicked on

02-01-2025T05:23:49 - [TEST_STEP][PASSED] - click(findTestObject("Object Repository/SO_Quote_COD_CHC/Page_Frameworks (Demo2)/div_Accept This Date_isc_1PH")): Object: 'Object Repository/SO_Quote_COD_CHC/Page_Frameworks (Demo2)/div_Accept This Date_isc_1PH' is clicked on

02-01-2025T05:23:54 - [MESSAGE][PASSED] - Object: 'Object Repository/SO_Quote_COD_CHC/Page_Frameworks (Demo2)/div_Accept This Date_isc_1PH' is clicked on

02-01-2025T05:23:54 - [TEST_STEP][PASSED] - click(findTestObject("Object Repository/SO_Quote_COD_CHC/Page_Frameworks (Demo2)/td_Save (S)_1_2_3_4_5_6")): Object: 'Object Repository/SO_Quote_COD_CHC/Page_Frameworks (Demo2)/td_Save (S)_1_2_3_4_5_6' is clicked on

02-01-2025T05:23:56 - [MESSAGE][PASSED] - Object: 'Object Repository/SO_Quote_COD_CHC/Page_Frameworks (Demo2)/td_Save (S)_1_2_3_4_5_6' is clicked on

02-01-2025T05:23:56 - [TEST_STEP][PASSED] - click(findTestObject("Object Repository/SO_Quote_COD_CHC/Page_Frameworks (Demo2)/td_Actions")): Object: 'Object Repository/SO_Quote_COD_CHC/Page_Frameworks (Demo2)/td_Actions' is clicked on

02-01-2025T05:23:59 - [MESSAGE][PASSED] - Object: 'Object Repository/SO_Quote_COD_CHC/Page_Frameworks (Demo2)/td_Actions' is clicked on

02-01-2025T05:23:59 - [TEST_STEP][PASSED] - click(findTestObject("Object Repository/SO_Quote_COD_CHC/Page_Frameworks (Demo2)/div_Mark as Entry Complete_1")): Object: 'Object Repository/SO_Quote_COD_CHC/Page_Frameworks (Demo2)/div_Mark as Entry Complete_1' is clicked on

02-01-2025T05:24:00 - [MESSAGE][PASSED] - Object: 'Object Repository/SO_Quote_COD_CHC/Page_Frameworks (Demo2)/div_Mark as Entry Complete_1' is clicked on

02-01-2025T05:24:00 - [TEST_STEP][PASSED] - click(findTestObject("Object Repository/SO_Quote_COD_CHC/Page_Frameworks (Demo2)/div_Confirm Date")): Object: 'Object Repository/SO_Quote_COD_CHC/Page_Frameworks (Demo2)/div_Confirm Date' is clicked on

02-01-2025T05:24:04 - [MESSAGE][PASSED] - Object: 'Object Repository/SO_Quote_COD_CHC/Page_Frameworks (Demo2)/div_Confirm Date' is clicked on

02-01-2025T05:24:04 - [TEST_STEP][PASSED] - click(findTestObject("Object Repository/SO_Quote_COD_CHC/Page_Frameworks (Demo2)/div_Today")): Object: 'Object Repository/SO_Quote_COD_CHC/Page_Frameworks (Demo2)/div_Today' is clicked on

02-01-2025T05:24:06 - [MESSAGE][PASSED] - Object: 'Object Repository/SO_Quote_COD_CHC/Page_Frameworks (Demo2)/div_Today' is clicked on

02-01-2025T05:24:06 - [TEST_STEP][PASSED] - click(findTestObject("Object Repository/SO_Quote_COD_CHC/Page_Frameworks (Demo2)/div_Date Is Confirmed")): Object: 'Object Repository/SO_Quote_COD_CHC/Page_Frameworks (Demo2)/div_Date Is Confirmed' is clicked on

02-01-2025T05:24:07 - [MESSAGE][PASSED] - Object: 'Object Repository/SO_Quote_COD_CHC/Page_Frameworks (Demo2)/div_Date Is Confirmed' is clicked on

02-01-2025T05:24:07 - [TEST_STEP][PASSED] - click(findTestObject("Object Repository/SO_Quote_COD_CHC/Page_Frameworks (Demo2)/td_Apply (S)")): Object: 'Object Repository/SO_Quote_COD_CHC/Page_Frameworks (Demo2)/td_Apply (S)' is clicked on

02-01-2025T05:24:08 - [MESSAGE][PASSED] - Object: 'Object Repository/SO_Quote_COD_CHC/Page_Frameworks (Demo2)/td_Apply (S)' is clicked on

02-01-2025T05:24:08 - [TEST_STEP][PASSED] - click(findTestObject("Object Repository/SO_Quote_COD_CHC/Page_Frameworks (Demo2)/td_Save (S)_1")): Object: 'Object Repository/SO_Quote_COD_CHC/Page_Frameworks (Demo2)/td_Save (S)_1' is clicked on

02-01-2025T05:24:10 - [MESSAGE][PASSED] - Object: 'Object Repository/SO_Quote_COD_CHC/Page_Frameworks (Demo2)/td_Save (S)_1' is clicked on

02-01-2025T05:24:10 - [TEST_STEP][PASSED] - click(findTestObject("Object Repository/SO_Quote_COD_CHC/Page_Frameworks (Demo2)/td_Actions")): Object: 'Object Repository/SO_Quote_COD_CHC/Page_Frameworks (Demo2)/td_Actions' is clicked on

02-01-2025T05:24:12 - [MESSAGE][PASSED] - Object: 'Object Repository/SO_Quote_COD_CHC/Page_Frameworks (Demo2)/td_Actions' is clicked on

02-01-2025T05:24:13 - [TEST_STEP][PASSED] - click(findTestObject("Object Repository/SO_Quote_COD_CHC/Page_Frameworks (Demo2)/div_Make Payment")): Object: 'Object Repository/SO_Quote_COD_CHC/Page_Frameworks (Demo2)/div_Make Payment' is clicked on

02-01-2025T05:24:14 - [MESSAGE][PASSED] - Object: 'Object Repository/SO_Quote_COD_CHC/Page_Frameworks (Demo2)/div_Make Payment' is clicked on

02-01-2025T05:24:14 - [TEST_STEP][PASSED] - click(findTestObject("Object Repository/SO_Quote_COD_CHC/Page_Frameworks (Demo2)/div_Please Select")): Object: 'Object Repository/SO_Quote_COD_CHC/Page_Frameworks (Demo2)/div_Please Select' is clicked on

02-01-2025T05:24:17 - [MESSAGE][PASSED] - Object: 'Object Repository/SO_Quote_COD_CHC/Page_Frameworks (Demo2)/div_Please Select' is clicked on

02-01-2025T05:24:17 - [TEST_STEP][PASSED] - click(findTestObject("Object Repository/SO_Quote_COD_CHC/Page_Frameworks (Demo2)/div_EFTPOS")): Object: 'Object Repository/SO_Quote_COD_CHC/Page_Frameworks (Demo2)/div_EFTPOS' is clicked on

02-01-2025T05:24:18 - [MESSAGE][PASSED] - Object: 'Object Repository/SO_Quote_COD_CHC/Page_Frameworks (Demo2)/div_EFTPOS' is clicked on

02-01-2025T05:24:18 - [TEST_STEP][PASSED] - click(findTestObject("Object Repository/SO_Quote_COD_CHC/Page_Frameworks (Demo2)/div_Pay")): Object: 'Object Repository/SO_Quote_COD_CHC/Page_Frameworks (Demo2)/div_Pay' is clicked on

02-01-2025T05:24:19 - [MESSAGE][PASSED] - Object: 'Object Repository/SO_Quote_COD_CHC/Page_Frameworks (Demo2)/div_Pay' is clicked on

02-01-2025T05:24:19 - [TEST_STEP][PASSED] - click(findTestObject("Object Repository/SO_Quote_COD_CHC/Page_Frameworks (Demo2)/img")): Object: 'Object Repository/SO_Quote_COD_CHC/Page_Frameworks (Demo2)/img' is clicked on

02-01-2025T05:24:22 - [MESSAGE][PASSED] - Object: 'Object Repository/SO_Quote_COD_CHC/Page_Frameworks (Demo2)/img' is clicked on

02-01-2025T05:24:22 - [TEST_STEP][PASSED] - click(findTestObject("Object Repository/SO_Quote_COD_CHC/Page_Frameworks (Demo2)/td_Actions")): Object: 'Object Repository/SO_Quote_COD_CHC/Page_Frameworks (Demo2)/td_Actions' is clicked on

02-01-2025T05:24:27 - [MESSAGE][PASSED] - Object: 'Object Repository/SO_Quote_COD_CHC/Page_Frameworks (Demo2)/td_Actions' is clicked on

02-01-2025T05:24:27 - [TEST_STEP][PASSED] - click(findTestObject("Object Repository/SO_Quote_COD_CHC/Page_Frameworks (Demo2)/div_Pick  Release")): Object: 'Object Repository/SO_Quote_COD_CHC/Page_Frameworks (Demo2)/div_Pick  Release' is clicked on

02-01-2025T05:24:28 - [MESSAGE][PASSED] - Object: 'Object Repository/SO_Quote_COD_CHC/Page_Frameworks (Demo2)/div_Pick  Release' is clicked on

02-01-2025T05:24:28 - [TEST_STEP][PASSED] - click(findTestObject("Object Repository/SO_Quote_COD_CHC/Page_Frameworks (Demo2)/div_Pick All")): Object: 'Object Repository/SO_Quote_COD_CHC/Page_Frameworks (Demo2)/div_Pick All' is clicked on

02-01-2025T05:24:32 - [MESSAGE][PASSED] - Object: 'Object Repository/SO_Quote_COD_CHC/Page_Frameworks (Demo2)/div_Pick All' is clicked on

02-01-2025T05:24:32 - [TEST_STEP][PASSED] - click(findTestObject("Object Repository/SO_Quote_COD_CHC/Page_Frameworks (Demo2)/div_Complete Picking")): Object: 'Object Repository/SO_Quote_COD_CHC/Page_Frameworks (Demo2)/div_Complete Picking' is clicked on

02-01-2025T05:24:33 - [MESSAGE][PASSED] - Object: 'Object Repository/SO_Quote_COD_CHC/Page_Frameworks (Demo2)/div_Complete Picking' is clicked on

02-01-2025T05:24:33 - [TEST_STEP][PASSED] - click(findTestObject("Object Repository/SO_Quote_COD_CHC/Page_Frameworks (Demo2)/div_Release Order")): Object: 'Object Repository/SO_Quote_COD_CHC/Page_Frameworks (Demo2)/div_Release Order' is clicked on

02-01-2025T05:24:35 - [MESSAGE][PASSED] - Object: 'Object Repository/SO_Quote_COD_CHC/Page_Frameworks (Demo2)/div_Release Order' is clicked on

02-01-2025T05:24:35 - [TEST_STEP][PASSED] - click(findTestObject("Object Repository/SO_Quote_COD_CHC/Page_Frameworks (Demo2)/div_Print Delivery Docket_isc_2SZ")): Object: 'Object Repository/SO_Quote_COD_CHC/Page_Frameworks (Demo2)/div_Print Delivery Docket_isc_2SZ' is clicked on

02-01-2025T05:24:37 - [MESSAGE][PASSED] - Object: 'Object Repository/SO_Quote_COD_CHC/Page_Frameworks (Demo2)/div_Print Delivery Docket_isc_2SZ' is clicked on

02-01-2025T05:24:37 - [TEST_STEP][PASSED] - click(findTestObject("Object Repository/SO_Quote_COD_CHC/Page_Frameworks (Demo2)/td_Release (S)")): Object: 'Object Repository/SO_Quote_COD_CHC/Page_Frameworks (Demo2)/td_Release (S)' is clicked on

02-01-2025T05:24:38 - [MESSAGE][PASSED] - Object: 'Object Repository/SO_Quote_COD_CHC/Page_Frameworks (Demo2)/td_Release (S)' is clicked on

02-01-2025T05:24:38 - [TEST_STEP][PASSED] - println(Customer_ID): null

02-01-2025T05:24:38 - [TEST_STEP][PASSED] - sourceFile = new java.io.FileInputStream(ExcelFile): null

02-01-2025T05:24:38 - [TEST_STEP][PASSED] - workbook = new org.apache.poi.xssf.usermodel.XSSFWorkbook(sourceFile): null

02-01-2025T05:24:38 - [TEST_STEP][PASSED] - sheet = workbook.getSheet("Sheet1"): null

02-01-2025T05:24:38 - [TEST_STEP][PASSED] - row = sheet.getRow(0): null

02-01-2025T05:24:39 - [TEST_STEP][PASSED] - cell = row.getCell(1): null

02-01-2025T05:24:39 - [TEST_STEP][PASSED] - row = sheet.createRow(1): null

02-01-2025T05:24:39 - [TEST_STEP][PASSED] - cell = row.createCell(0): null

02-01-2025T05:24:39 - [TEST_STEP][PASSED] - cell.setCellValue("Customer_ID"): null

02-01-2025T05:24:39 - [TEST_STEP][PASSED] - cell = row.createCell(1): null

02-01-2025T05:24:39 - [TEST_STEP][PASSED] - cell.setCellValue(Customer_ID): null

02-01-2025T05:24:39 - [TEST_STEP][PASSED] - fos = new java.io.FileOutputStream(ExcelFile): null

02-01-2025T05:24:39 - [TEST_STEP][PASSED] - workbook.write(fos): null

02-01-2025T05:24:39 - [TEST_STEP][PASSED] - fos.close(): null

02-01-2025T05:24:39 - [TEST_STEP][PASSED] - sourceFile.close(): null

02-01-2025T05:24:39 - [TEST_STEP][PASSED] - click(findTestObject("Object Repository/SO_Quote_COD_CHC/Page_Frameworks (Demo2)/td_Kino Rafael Manalo (manaki)")): Object: 'Object Repository/SO_Quote_COD_CHC/Page_Frameworks (Demo2)/td_Kino Rafael Manalo (manaki)' is clicked on

02-01-2025T05:24:40 - [MESSAGE][PASSED] - Object: 'Object Repository/SO_Quote_COD_CHC/Page_Frameworks (Demo2)/td_Kino Rafael Manalo (manaki)' is clicked on

02-01-2025T05:24:40 - [TEST_STEP][PASSED] - click(findTestObject("Object Repository/SO_Quote_COD_CHC/Page_Frameworks (Demo2)/div_Logout")): Object: 'Object Repository/SO_Quote_COD_CHC/Page_Frameworks (Demo2)/div_Logout' is clicked on

02-01-2025T05:24:40 - [MESSAGE][PASSED] - Object: 'Object Repository/SO_Quote_COD_CHC/Page_Frameworks (Demo2)/div_Logout' is clicked on]]></system-out>
         <system-err><![CDATA[]]></system-err>
      </testcase>
      <testcase name="Test Cases/CHC_Instance/SalesOrders_Module/TS4_SO_Quote_COD/SO_Quote_COD_Customer_CHC" time="44.901" classname="Test Cases/CHC_Instance/SalesOrders_Module/TS4_SO_Quote_COD/SO_Quote_COD_Customer_CHC" status="PASSED">
         <system-out><![CDATA[02-01-2025T05:24:40 - [TEST_CASE][PASSED] - Test Cases/CHC_Instance/SalesOrders_Module/TS4_SO_Quote_COD/SO_Quote_COD_Customer_CHC: Test Cases/CHC_Instance/SalesOrders_Module/TS4_SO_Quote_COD/SO_Quote_COD_Customer_CHC

02-01-2025T05:24:41 - [TEST_STEP][PASSED] - sourceFile = new java.io.FileInputStream(ExcelFile): null

02-01-2025T05:24:41 - [TEST_STEP][PASSED] - workbook = new org.apache.poi.xssf.usermodel.XSSFWorkbook(sourceFile): null

02-01-2025T05:24:41 - [TEST_STEP][PASSED] - sheet = workbook.getSheet("Sheet1"): null

02-01-2025T05:24:41 - [TEST_STEP][PASSED] - row = sheet.getRow(1): null

02-01-2025T05:24:41 - [TEST_STEP][PASSED] - cell = row.getCell(1): null

02-01-2025T05:24:41 - [TEST_STEP][PASSED] - Customer_ID = cell.getStringCellValue(): null

02-01-2025T05:24:41 - [TEST_STEP][PASSED] - println(Customer_ID): null

02-01-2025T05:24:41 - [TEST_STEP][PASSED] - sourceFile.close(): null

02-01-2025T05:24:41 - [TEST_STEP][PASSED] - openBrowser(""): Browser is opened with url: ''

02-01-2025T05:24:41 - [MESSAGE][WARNING] - A browser is already opened. Closing browser and opening a new one

02-01-2025T05:24:43 - [MESSAGE][INFO] - Starting 'Chrome' driver

02-01-2025T05:24:43 - [MESSAGE][INFO] - Action delay is set to 0 milliseconds

02-01-2025T05:24:44 - [MESSAGE][PASSED] - Browser is opened with url: ''

02-01-2025T05:24:44 - [TEST_STEP][PASSED] - maximizeWindow(): Current window maximized

02-01-2025T05:24:44 - [MESSAGE][PASSED] - Current window maximized

02-01-2025T05:24:44 - [TEST_STEP][PASSED] - navigateToUrl("http://frameworks.cairnshardware.com.au:8080/FWDemo2/Fluid.html#homeDashboard,dash,Frameworks.Activity.Menu.HomeDashBoard"): Navigate to 'http://frameworks.cairnshardware.com.au:8080/FWDemo2/Fluid.html#homeDashboard,dash,Frameworks.Activity.Menu.HomeDashBoard' successfully

02-01-2025T05:24:50 - [MESSAGE][PASSED] - Navigate to 'http://frameworks.cairnshardware.com.au:8080/FWDemo2/Fluid.html#homeDashboard,dash,Frameworks.Activity.Menu.HomeDashBoard' successfully

02-01-2025T05:24:50 - [TEST_STEP][PASSED] - delay(3): Delayed 3 second(s)

02-01-2025T05:24:53 - [MESSAGE][PASSED] - Delayed 3 second(s)

02-01-2025T05:24:53 - [TEST_STEP][PASSED] - setText(findTestObject("Object Repository/Validate_SO_Quote_Account/Page_Frameworks (Demo)/input_User ID_userid"), "manaki"): Text 'manaki' is set on object 'Object Repository/Validate_SO_Quote_Account/Page_Frameworks (Demo)/input_User ID_userid'

02-01-2025T05:24:55 - [MESSAGE][PASSED] - Text 'manaki' is set on object 'Object Repository/Validate_SO_Quote_Account/Page_Frameworks (Demo)/input_User ID_userid'

02-01-2025T05:24:55 - [TEST_STEP][PASSED] - setEncryptedText(findTestObject("Object Repository/Validate_SO_Quote_Account/Page_Frameworks (Demo)/input_Password_password"), "BvRmjN+0xFM="): Text ****** has been set on object 'Object Repository/Validate_SO_Quote_Account/Page_Frameworks (Demo)/input_Password_password'

02-01-2025T05:24:56 - [MESSAGE][PASSED] - Text ****** has been set on object 'Object Repository/Validate_SO_Quote_Account/Page_Frameworks (Demo)/input_Password_password'

02-01-2025T05:24:56 - [TEST_STEP][PASSED] - click(findTestObject("Object Repository/SO_Quote_Cash_Validate/Page_Frameworks (Demo2)/div_Login")): Object: 'Object Repository/SO_Quote_Cash_Validate/Page_Frameworks (Demo2)/div_Login' is clicked on

02-01-2025T05:24:56 - [MESSAGE][PASSED] - Object: 'Object Repository/SO_Quote_Cash_Validate/Page_Frameworks (Demo2)/div_Login' is clicked on

02-01-2025T05:24:56 - [TEST_STEP][PASSED] - click(findTestObject("Object Repository/SO_Quote_Cash_Validate/Page_Frameworks (Demo2)/img")): Object: 'Object Repository/SO_Quote_Cash_Validate/Page_Frameworks (Demo2)/img' is clicked on

02-01-2025T05:25:01 - [MESSAGE][PASSED] - Object: 'Object Repository/SO_Quote_Cash_Validate/Page_Frameworks (Demo2)/img' is clicked on

02-01-2025T05:25:01 - [TEST_STEP][PASSED] - setText(findTestObject("Object Repository/SO_Quote_Cash_Validate/Page_Frameworks (Demo2)/input_Customer No_CustId"), Customer_ID): Text '' is set on object 'Object Repository/SO_Quote_Cash_Validate/Page_Frameworks (Demo2)/input_Customer No_CustId'

02-01-2025T05:25:03 - [MESSAGE][PASSED] - Text '' is set on object 'Object Repository/SO_Quote_Cash_Validate/Page_Frameworks (Demo2)/input_Customer No_CustId'

02-01-2025T05:25:03 - [TEST_STEP][PASSED] - click(findTestObject("Object Repository/SO_Quote_Cash_Validate/Page_Frameworks (Demo2)/td_Find")): Object: 'Object Repository/SO_Quote_Cash_Validate/Page_Frameworks (Demo2)/td_Find' is clicked on

02-01-2025T05:25:04 - [MESSAGE][PASSED] - Object: 'Object Repository/SO_Quote_Cash_Validate/Page_Frameworks (Demo2)/td_Find' is clicked on

02-01-2025T05:25:04 - [TEST_STEP][PASSED] - click(findTestObject("Object Repository/SO_Quote_Cash_Validate/Page_Frameworks (Demo2)/div_Invoices, Orders, Quotes, Projects  Jobs")): Object: 'Object Repository/SO_Quote_Cash_Validate/Page_Frameworks (Demo2)/div_Invoices, Orders, Quotes, Projects  Jobs' is clicked on

02-01-2025T05:25:22 - [MESSAGE][PASSED] - Object: 'Object Repository/SO_Quote_Cash_Validate/Page_Frameworks (Demo2)/div_Invoices, Orders, Quotes, Projects  Jobs' is clicked on

02-01-2025T05:25:22 - [TEST_STEP][PASSED] - click(findTestObject("Object Repository/SO_Quote_Cash_Validate/Page_Frameworks (Demo2)/td_Find Invoices")): Object: 'Object Repository/SO_Quote_Cash_Validate/Page_Frameworks (Demo2)/td_Find Invoices' is clicked on

02-01-2025T05:25:23 - [MESSAGE][PASSED] - Object: 'Object Repository/SO_Quote_Cash_Validate/Page_Frameworks (Demo2)/td_Find Invoices' is clicked on

02-01-2025T05:25:23 - [TEST_STEP][PASSED] - click(findTestObject("Object Repository/SO_Quote_Cash_Validate/Page_Frameworks (Demo2)/td_Kino Rafael Manalo (manaki)")): Object: 'Object Repository/SO_Quote_Cash_Validate/Page_Frameworks (Demo2)/td_Kino Rafael Manalo (manaki)' is clicked on

02-01-2025T05:25:25 - [MESSAGE][PASSED] - Object: 'Object Repository/SO_Quote_Cash_Validate/Page_Frameworks (Demo2)/td_Kino Rafael Manalo (manaki)' is clicked on

02-01-2025T05:25:25 - [TEST_STEP][PASSED] - click(findTestObject("Object Repository/SO_Quote_Cash_Validate/Page_Frameworks (Demo2)/div_Logout")): Object: 'Object Repository/SO_Quote_Cash_Validate/Page_Frameworks (Demo2)/div_Logout' is clicked on

02-01-2025T05:25:25 - [MESSAGE][PASSED] - Object: 'Object Repository/SO_Quote_Cash_Validate/Page_Frameworks (Demo2)/div_Logout' is clicked on]]></system-out>
         <system-err><![CDATA[]]></system-err>
      </testcase>
      <system-out><![CDATA[02-01-2025T05:21:50 - [TEST_SUITE][PASSED] - TS4_SO_Quote_COD: Test Cases/CHC_Instance/SalesOrders_Module/TS4_SO_Quote_COD/SO_Quote_COD_Customer_CHC]]></system-out>
      <system-err><![CDATA[]]></system-err>
   </testsuite>
</testsuites>
