<?xml version="1.0" encoding="UTF-8"?>
<testsuites name="TS6_POS_Cash_Refund_Partial_CHC" time="144.506" tests="3" failures="0" errors="0">
   <testsuite name="TS6_POS_Cash_Refund_Partial_CHC" tests="3" failures="0" errors="0" time="144.506" skipped="0" timestamp="06-10-2024T23:02:27" hostname="User - ROG" id="Test Suites/CHC_Instance/PointofSale_Module/TS6_POS_Cash_Refund_Partial_CHC">
      <properties>
         <property name="deviceName" value=""/>
         <property name="devicePlatform"/>
         <property name="logFolder" value="C:\\Users\\User\\git\\frameworks-regression-test-automation\\Reports\\20241006_230220\\CHC_Instance\\PointofSale_Module\\TS6_POS_Cash_Refund_Partial_CHC\\20241006_230220"/>
         <property name="logFiles" value="C:\\Users\\User\\git\\frameworks-regression-test-automation\\Reports\\20241006_230220\\CHC_Instance\\PointofSale_Module\\TS6_POS_Cash_Refund_Partial_CHC\\20241006_230220\\execution0.log"/>
         <property name="attachments" value="C:\\Users\\User\\git\\frameworks-regression-test-automation\\Reports\\20241006_230220\\CHC_Instance\\PointofSale_Module\\TS6_POS_Cash_Refund_Partial_CHC\\20241006_230220\\1728216173656.png, C:\\Users\\User\\git\\frameworks-regression-test-automation\\Reports\\20241006_230220\\CHC_Instance\\PointofSale_Module\\TS6_POS_Cash_Refund_Partial_CHC\\20241006_230220\\1728216183728.png, C:\\Users\\User\\git\\frameworks-regression-test-automation\\Reports\\20241006_230220\\CHC_Instance\\PointofSale_Module\\TS6_POS_Cash_Refund_Partial_CHC\\20241006_230220\\1728216186684.png, C:\\Users\\User\\git\\frameworks-regression-test-automation\\Reports\\20241006_230220\\CHC_Instance\\PointofSale_Module\\TS6_POS_Cash_Refund_Partial_CHC\\20241006_230220\\1728216189543.png, C:\\Users\\User\\git\\frameworks-regression-test-automation\\Reports\\20241006_230220\\CHC_Instance\\PointofSale_Module\\TS6_POS_Cash_Refund_Partial_CHC\\20241006_230220\\1728216192424.png, C:\\Users\\User\\git\\frameworks-regression-test-automation\\Reports\\20241006_230220\\CHC_Instance\\PointofSale_Module\\TS6_POS_Cash_Refund_Partial_CHC\\20241006_230220\\1728216213719.png, C:\\Users\\User\\git\\frameworks-regression-test-automation\\Reports\\20241006_230220\\CHC_Instance\\PointofSale_Module\\TS6_POS_Cash_Refund_Partial_CHC\\20241006_230220\\1728216217072.png, C:\\Users\\User\\git\\frameworks-regression-test-automation\\Reports\\20241006_230220\\CHC_Instance\\PointofSale_Module\\TS6_POS_Cash_Refund_Partial_CHC\\20241006_230220\\1728216225558.png, C:\\Users\\User\\git\\frameworks-regression-test-automation\\Reports\\20241006_230220\\CHC_Instance\\PointofSale_Module\\TS6_POS_Cash_Refund_Partial_CHC\\20241006_230220\\1728216228409.png, C:\\Users\\User\\git\\frameworks-regression-test-automation\\Reports\\20241006_230220\\CHC_Instance\\PointofSale_Module\\TS6_POS_Cash_Refund_Partial_CHC\\20241006_230220\\1728216232091.png, C:\\Users\\User\\git\\frameworks-regression-test-automation\\Reports\\20241006_230220\\CHC_Instance\\PointofSale_Module\\TS6_POS_Cash_Refund_Partial_CHC\\20241006_230220\\1728216234938.png, C:\\Users\\User\\git\\frameworks-regression-test-automation\\Reports\\20241006_230220\\CHC_Instance\\PointofSale_Module\\TS6_POS_Cash_Refund_Partial_CHC\\20241006_230220\\1728216237786.png, C:\\Users\\User\\git\\frameworks-regression-test-automation\\Reports\\20241006_230220\\CHC_Instance\\PointofSale_Module\\TS6_POS_Cash_Refund_Partial_CHC\\20241006_230220\\1728216287399.png, C:\\Users\\User\\git\\frameworks-regression-test-automation\\Reports\\20241006_230220\\CHC_Instance\\PointofSale_Module\\TS6_POS_Cash_Refund_Partial_CHC\\20241006_230220\\1728216290228.png"/>
         <property name="hostName" value="User - ROG"/>
         <property name="os" value="Windows 11 64bit"/>
         <property name="katalonVersion" value="9.5.0.217"/>
         <property name="browser" value="Chrome 129.0.0.0"/>
         <property name="hostAddress" value="10.192.251.2"/>
         <property name="sessionId" value="1b2f53db36b520c1440bbcd7b443d348"/>
         <property name="seleniumVersion" value="3.141.59"/>
         <property name="proxyInformation" value="ProxyInformation { proxyOption=NO_PROXY, proxyServerType=HTTP, username=, password=********, proxyServerAddress=, proxyServerPort=0, executionList=&quot;&quot;, isApplyToDesiredCapabilities=true }"/>
         <property name="platform" value="Windows 11"/>
      </properties>
      <testcase name="Test Cases/CHC_Instance/PointofSale_Module/TS1_POS_CashSale/POS_CashSale-5006866(TS6)" time="46.797" classname="Test Cases/CHC_Instance/PointofSale_Module/TS1_POS_CashSale/POS_CashSale-5006866(TS6)" status="PASSED">
         <system-out><![CDATA[06-10-2024T23:02:27 - [TEST_CASE][PASSED] - Test Cases/CHC_Instance/PointofSale_Module/TS1_POS_CashSale/POS_CashSale-5006866(TS6): Test Cases/CHC_Instance/PointofSale_Module/TS1_POS_CashSale/POS_CashSale-5006866(TS6)

06-10-2024T23:02:28 - [TEST_STEP][PASSED] - openBrowser(""): Browser is opened with url: ''

06-10-2024T23:02:28 - [MESSAGE][INFO] - Starting 'Chrome' driver

06-10-2024T23:02:28 - [MESSAGE][INFO] - Action delay is set to 0 milliseconds

06-10-2024T23:02:29 - [MESSAGE][PASSED] - Browser is opened with url: ''

06-10-2024T23:02:29 - [TEST_STEP][PASSED] - maximizeWindow(): Current window maximized

06-10-2024T23:02:30 - [MESSAGE][PASSED] - Current window maximized

06-10-2024T23:02:30 - [TEST_STEP][PASSED] - navigateToUrl("http://frameworks.cairnshardware.com.au:8080/FWDemo/Fluid.html#homeDashboard,dash,Frameworks.Activity.Menu.HomeDashBoard"): Navigate to 'http://frameworks.cairnshardware.com.au:8080/FWDemo/Fluid.html#homeDashboard,dash,Frameworks.Activity.Menu.HomeDashBoard' successfully

06-10-2024T23:02:37 - [MESSAGE][PASSED] - Navigate to 'http://frameworks.cairnshardware.com.au:8080/FWDemo/Fluid.html#homeDashboard,dash,Frameworks.Activity.Menu.HomeDashBoard' successfully

06-10-2024T23:02:37 - [TEST_STEP][PASSED] - setText(findTestObject("Object Repository/Create_PurchaseOrder_CHC/Page_Frameworks (Demo)/input_User ID_userid"), userName): Text 'manaki' is set on object 'Object Repository/Create_PurchaseOrder_CHC/Page_Frameworks (Demo)/input_User ID_userid'

06-10-2024T23:02:46 - [MESSAGE][PASSED] - Text 'manaki' is set on object 'Object Repository/Create_PurchaseOrder_CHC/Page_Frameworks (Demo)/input_User ID_userid'

06-10-2024T23:02:46 - [TEST_STEP][PASSED] - setEncryptedText(findTestObject("Object Repository/Create_PurchaseOrder_CHC/Page_Frameworks (Demo)/input_Password_password"), "BvRmjN+0xFM="): Text ****** has been set on object 'Object Repository/Create_PurchaseOrder_CHC/Page_Frameworks (Demo)/input_Password_password'

06-10-2024T23:02:46 - [MESSAGE][PASSED] - Text ****** has been set on object 'Object Repository/Create_PurchaseOrder_CHC/Page_Frameworks (Demo)/input_Password_password'

06-10-2024T23:02:46 - [TEST_STEP][PASSED] - click(findTestObject("Object Repository/Create_PurchaseOrder_CHC/Page_Frameworks (Demo)/div_Login")): Object: 'Object Repository/Create_PurchaseOrder_CHC/Page_Frameworks (Demo)/div_Login' is clicked on

06-10-2024T23:02:47 - [MESSAGE][PASSED] - Object: 'Object Repository/Create_PurchaseOrder_CHC/Page_Frameworks (Demo)/div_Login' is clicked on

06-10-2024T23:02:47 - [TEST_STEP][PASSED] - click(findTestObject("Object Repository/POS_CashSale_CHC/Page_Frameworks (Demo)/Fws_Menu")): Object: 'Object Repository/POS_CashSale_CHC/Page_Frameworks (Demo)/Fws_Menu' is clicked on

06-10-2024T23:02:49 - [MESSAGE][PASSED] - Object: 'Object Repository/POS_CashSale_CHC/Page_Frameworks (Demo)/Fws_Menu' is clicked on

06-10-2024T23:02:49 - [TEST_STEP][PASSED] - click(findTestObject("Object Repository/POS_CashSale_CHC/Page_Frameworks (Demo)/Sales_TransactionProcessing")): Object: 'Object Repository/POS_CashSale_CHC/Page_Frameworks (Demo)/Sales_TransactionProcessing' is clicked on

06-10-2024T23:02:49 - [MESSAGE][PASSED] - Object: 'Object Repository/POS_CashSale_CHC/Page_Frameworks (Demo)/Sales_TransactionProcessing' is clicked on

06-10-2024T23:02:49 - [TEST_STEP][PASSED] - click(findTestObject("Object Repository/POS_CashSale_CHC/Page_Frameworks (Demo)/td_Point Of Sale")): Object: 'Object Repository/POS_CashSale_CHC/Page_Frameworks (Demo)/td_Point Of Sale' is clicked on

06-10-2024T23:02:51 - [MESSAGE][PASSED] - Object: 'Object Repository/POS_CashSale_CHC/Page_Frameworks (Demo)/td_Point Of Sale' is clicked on

06-10-2024T23:02:51 - [TEST_STEP][PASSED] - delay(2): Delayed 2 second(s)

06-10-2024T23:02:53 - [MESSAGE][PASSED] - Delayed 2 second(s)

06-10-2024T23:02:53 - [TEST_STEP][PASSED] - takeFullPageScreenshot(): Taking screenshot successfully

06-10-2024T23:02:54 - [MESSAGE][INFO] - 0 hidden object(s)

06-10-2024T23:02:54 - [MESSAGE][PASSED] - Taking screenshot successfully
[[ATTACHMENT|C:\\Users\\User\\git\\frameworks-regression-test-automation\\Reports\\20241006_230220\\CHC_Instance\\PointofSale_Module\\TS6_POS_Cash_Refund_Partial_CHC\\20241006_230220\\1728216173656.png]]

06-10-2024T23:02:54 - [TEST_STEP][PASSED] - invoiceNum = getText(findTestObject("Object Repository/TS2_POS_AccountSale_DBC/New_Interface/Page_Frameworks (Demo)/div_invoiceNum")): Text of object 'Object Repository/TS2_POS_AccountSale_DBC/New_Interface/Page_Frameworks (Demo)/div_invoiceNum' is: '13072725'

06-10-2024T23:02:55 - [MESSAGE][PASSED] - Text of object 'Object Repository/TS2_POS_AccountSale_DBC/New_Interface/Page_Frameworks (Demo)/div_invoiceNum' is: '13072725'

06-10-2024T23:02:55 - [TEST_STEP][PASSED] - setText(findTestObject("Object Repository/POS_CashSale_CHC/Page_Frameworks (Demo)/input_P_prodId"), "5006866"): Text '5006866' is set on object 'Object Repository/POS_CashSale_CHC/Page_Frameworks (Demo)/input_P_prodId'

06-10-2024T23:02:55 - [MESSAGE][PASSED] - Text '5006866' is set on object 'Object Repository/POS_CashSale_CHC/Page_Frameworks (Demo)/input_P_prodId'

06-10-2024T23:02:55 - [TEST_STEP][PASSED] - delay(2): Delayed 2 second(s)

06-10-2024T23:02:57 - [MESSAGE][PASSED] - Delayed 2 second(s)

06-10-2024T23:02:57 - [TEST_STEP][PASSED] - setText(findTestObject("Object Repository/POS_CashSale_CHC/Page_Frameworks (Demo)/input_Quantity_quantityOrdered"), "2"): Text '2' is set on object 'Object Repository/POS_CashSale_CHC/Page_Frameworks (Demo)/input_Quantity_quantityOrdered'

06-10-2024T23:02:58 - [MESSAGE][PASSED] - Text '2' is set on object 'Object Repository/POS_CashSale_CHC/Page_Frameworks (Demo)/input_Quantity_quantityOrdered'

06-10-2024T23:02:58 - [TEST_STEP][PASSED] - click(findTestObject("Object Repository/POS_CashSale_CHC/Page_Frameworks (Demo)/input_Quantity_quantityOrdered")): Object: 'Object Repository/POS_CashSale_CHC/Page_Frameworks (Demo)/input_Quantity_quantityOrdered' is clicked on

06-10-2024T23:02:59 - [MESSAGE][PASSED] - Object: 'Object Repository/POS_CashSale_CHC/Page_Frameworks (Demo)/input_Quantity_quantityOrdered' is clicked on

06-10-2024T23:02:59 - [TEST_STEP][PASSED] - delay(2): Delayed 2 second(s)

06-10-2024T23:03:01 - [MESSAGE][PASSED] - Delayed 2 second(s)

06-10-2024T23:03:01 - [TEST_STEP][PASSED] - click(findTestObject("Object Repository/POS_CashSale_CHC/Page_Frameworks (Demo)/img_add")): Object: 'Object Repository/POS_CashSale_CHC/Page_Frameworks (Demo)/img_add' is clicked on

06-10-2024T23:03:01 - [MESSAGE][PASSED] - Object: 'Object Repository/POS_CashSale_CHC/Page_Frameworks (Demo)/img_add' is clicked on

06-10-2024T23:03:01 - [TEST_STEP][PASSED] - delay(2): Delayed 2 second(s)

06-10-2024T23:03:03 - [MESSAGE][PASSED] - Delayed 2 second(s)

06-10-2024T23:03:03 - [TEST_STEP][PASSED] - takeFullPageScreenshot(): Taking screenshot successfully

06-10-2024T23:03:04 - [MESSAGE][INFO] - 0 hidden object(s)

06-10-2024T23:03:04 - [MESSAGE][PASSED] - Taking screenshot successfully
[[ATTACHMENT|C:\\Users\\User\\git\\frameworks-regression-test-automation\\Reports\\20241006_230220\\CHC_Instance\\PointofSale_Module\\TS6_POS_Cash_Refund_Partial_CHC\\20241006_230220\\1728216183728.png]]

06-10-2024T23:03:04 - [TEST_STEP][PASSED] - click(findTestObject("Object Repository/POS_CashSale_CHC/Page_Frameworks (Demo)/div_FinishSale (S)")): Object: 'Object Repository/POS_CashSale_CHC/Page_Frameworks (Demo)/div_FinishSale (S)' is clicked on

06-10-2024T23:03:04 - [MESSAGE][PASSED] - Object: 'Object Repository/POS_CashSale_CHC/Page_Frameworks (Demo)/div_FinishSale (S)' is clicked on

06-10-2024T23:03:04 - [TEST_STEP][PASSED] - delay(2): Delayed 2 second(s)

06-10-2024T23:03:06 - [MESSAGE][PASSED] - Delayed 2 second(s)

06-10-2024T23:03:06 - [TEST_STEP][PASSED] - takeFullPageScreenshot(): Taking screenshot successfully

06-10-2024T23:03:07 - [MESSAGE][INFO] - 0 hidden object(s)

06-10-2024T23:03:07 - [MESSAGE][PASSED] - Taking screenshot successfully
[[ATTACHMENT|C:\\Users\\User\\git\\frameworks-regression-test-automation\\Reports\\20241006_230220\\CHC_Instance\\PointofSale_Module\\TS6_POS_Cash_Refund_Partial_CHC\\20241006_230220\\1728216186684.png]]

06-10-2024T23:03:07 - [TEST_STEP][PASSED] - click(findTestObject("Object Repository/POS_CashSale_CHC/Page_Frameworks (Demo)/div_50 Cash")): Object: 'Object Repository/POS_CashSale_CHC/Page_Frameworks (Demo)/div_50 Cash' is clicked on

06-10-2024T23:03:07 - [MESSAGE][PASSED] - Object: 'Object Repository/POS_CashSale_CHC/Page_Frameworks (Demo)/div_50 Cash' is clicked on

06-10-2024T23:03:07 - [TEST_STEP][PASSED] - delay(2): Delayed 2 second(s)

06-10-2024T23:03:09 - [MESSAGE][PASSED] - Delayed 2 second(s)

06-10-2024T23:03:09 - [TEST_STEP][PASSED] - takeFullPageScreenshot(): Taking screenshot successfully

06-10-2024T23:03:09 - [MESSAGE][INFO] - 0 hidden object(s)

06-10-2024T23:03:10 - [MESSAGE][PASSED] - Taking screenshot successfully
[[ATTACHMENT|C:\\Users\\User\\git\\frameworks-regression-test-automation\\Reports\\20241006_230220\\CHC_Instance\\PointofSale_Module\\TS6_POS_Cash_Refund_Partial_CHC\\20241006_230220\\1728216189543.png]]

06-10-2024T23:03:10 - [TEST_STEP][PASSED] - click(findTestObject("Object Repository/POS_CashSale_CHC/Page_Frameworks (Demo)/td_SaveClose (S)")): Object: 'Object Repository/POS_CashSale_CHC/Page_Frameworks (Demo)/td_SaveClose (S)' is clicked on

06-10-2024T23:03:10 - [MESSAGE][PASSED] - Object: 'Object Repository/POS_CashSale_CHC/Page_Frameworks (Demo)/td_SaveClose (S)' is clicked on

06-10-2024T23:03:10 - [TEST_STEP][PASSED] - delay(2): Delayed 2 second(s)

06-10-2024T23:03:12 - [MESSAGE][PASSED] - Delayed 2 second(s)

06-10-2024T23:03:12 - [TEST_STEP][PASSED] - takeFullPageScreenshot(): Taking screenshot successfully

06-10-2024T23:03:12 - [MESSAGE][INFO] - 0 hidden object(s)

06-10-2024T23:03:12 - [MESSAGE][PASSED] - Taking screenshot successfully
[[ATTACHMENT|C:\\Users\\User\\git\\frameworks-regression-test-automation\\Reports\\20241006_230220\\CHC_Instance\\PointofSale_Module\\TS6_POS_Cash_Refund_Partial_CHC\\20241006_230220\\1728216192424.png]]

06-10-2024T23:03:12 - [TEST_STEP][PASSED] - sourceFile = new java.io.FileInputStream(ExcelFile): null

06-10-2024T23:03:12 - [TEST_STEP][PASSED] - workbook = new org.apache.poi.xssf.usermodel.XSSFWorkbook(sourceFile): null

06-10-2024T23:03:13 - [TEST_STEP][PASSED] - sheet = workbook.getSheet("Sheet1"): null

06-10-2024T23:03:13 - [TEST_STEP][PASSED] - row = sheet.getRow(0): null

06-10-2024T23:03:13 - [TEST_STEP][PASSED] - cell = row.getCell(1): null

06-10-2024T23:03:13 - [TEST_STEP][PASSED] - row = sheet.createRow(1): null

06-10-2024T23:03:13 - [TEST_STEP][PASSED] - cell = row.createCell(0): null

06-10-2024T23:03:13 - [TEST_STEP][PASSED] - cell.setCellValue("Invoice Number"): null

06-10-2024T23:03:13 - [TEST_STEP][PASSED] - cell = row.createCell(1): null

06-10-2024T23:03:13 - [TEST_STEP][PASSED] - cell.setCellValue(invoiceNum): null

06-10-2024T23:03:13 - [TEST_STEP][PASSED] - fos = new java.io.FileOutputStream(ExcelFile): null

06-10-2024T23:03:13 - [TEST_STEP][PASSED] - workbook.write(fos): null

06-10-2024T23:03:13 - [TEST_STEP][PASSED] - fos.close(): null

06-10-2024T23:03:13 - [TEST_STEP][PASSED] - sourceFile.close(): null

06-10-2024T23:03:13 - [TEST_STEP][PASSED] - click(findTestObject("Object Repository/Create_PurchaseOrder_CHC/Page_Frameworks (Demo)/img_Accountdropd")): Object: 'Object Repository/Create_PurchaseOrder_CHC/Page_Frameworks (Demo)/img_Accountdropd' is clicked on

06-10-2024T23:03:14 - [MESSAGE][PASSED] - Object: 'Object Repository/Create_PurchaseOrder_CHC/Page_Frameworks (Demo)/img_Accountdropd' is clicked on

06-10-2024T23:03:14 - [TEST_STEP][PASSED] - click(findTestObject("Object Repository/Create_PurchaseOrder_CHC/Page_Frameworks (Demo)/div_Logout")): Object: 'Object Repository/Create_PurchaseOrder_CHC/Page_Frameworks (Demo)/div_Logout' is clicked on

06-10-2024T23:03:14 - [MESSAGE][PASSED] - Object: 'Object Repository/Create_PurchaseOrder_CHC/Page_Frameworks (Demo)/div_Logout' is clicked on]]></system-out>
         <system-err><![CDATA[]]></system-err>
      </testcase>
      <testcase name="Test Cases/CHC_Instance/PointofSale_Module/TS6_POS_CashRefund_Partial_StockReturn/POS_CashRefund_Partial_CHC" time="46.787" classname="Test Cases/CHC_Instance/PointofSale_Module/TS6_POS_CashRefund_Partial_StockReturn/POS_CashRefund_Partial_CHC" status="PASSED">
         <system-out><![CDATA[06-10-2024T23:03:14 - [TEST_CASE][PASSED] - Test Cases/CHC_Instance/PointofSale_Module/TS6_POS_CashRefund_Partial_StockReturn/POS_CashRefund_Partial_CHC: Test Cases/CHC_Instance/PointofSale_Module/TS6_POS_CashRefund_Partial_StockReturn/POS_CashRefund_Partial_CHC

06-10-2024T23:03:15 - [TEST_STEP][PASSED] - sourceFile = new java.io.FileInputStream(ExcelFile): null

06-10-2024T23:03:15 - [TEST_STEP][PASSED] - workbook = new org.apache.poi.xssf.usermodel.XSSFWorkbook(sourceFile): null

06-10-2024T23:03:15 - [TEST_STEP][PASSED] - sheet = workbook.getSheet("Sheet1"): null

06-10-2024T23:03:15 - [TEST_STEP][PASSED] - row = sheet.getRow(1): null

06-10-2024T23:03:15 - [TEST_STEP][PASSED] - cell = row.getCell(1): null

06-10-2024T23:03:15 - [TEST_STEP][PASSED] - docketNumber = cell.getStringCellValue(): null

06-10-2024T23:03:15 - [TEST_STEP][PASSED] - println(docketNumber): null

06-10-2024T23:03:15 - [TEST_STEP][PASSED] - sourceFile.close(): null

06-10-2024T23:03:15 - [TEST_STEP][PASSED] - openBrowser(""): Browser is opened with url: ''

06-10-2024T23:03:15 - [MESSAGE][WARNING] - A browser is already opened. Closing browser and opening a new one

06-10-2024T23:03:15 - [MESSAGE][INFO] - Starting 'Chrome' driver

06-10-2024T23:03:15 - [MESSAGE][INFO] - Action delay is set to 0 milliseconds

06-10-2024T23:03:16 - [MESSAGE][PASSED] - Browser is opened with url: ''

06-10-2024T23:03:16 - [TEST_STEP][PASSED] - maximizeWindow(): Current window maximized

06-10-2024T23:03:16 - [MESSAGE][PASSED] - Current window maximized

06-10-2024T23:03:16 - [TEST_STEP][PASSED] - navigateToUrl("http://frameworks.cairnshardware.com.au:8080/FWDemo/Fluid.html#homeDashboard,dash,Frameworks.Activity.Menu.HomeDashBoard"): Navigate to 'http://frameworks.cairnshardware.com.au:8080/FWDemo/Fluid.html#homeDashboard,dash,Frameworks.Activity.Menu.HomeDashBoard' successfully

06-10-2024T23:03:22 - [MESSAGE][PASSED] - Navigate to 'http://frameworks.cairnshardware.com.au:8080/FWDemo/Fluid.html#homeDashboard,dash,Frameworks.Activity.Menu.HomeDashBoard' successfully

06-10-2024T23:03:22 - [TEST_STEP][PASSED] - setText(findTestObject("Object Repository/TS5_POS_CashRefund_Full_CHC/Page_Frameworks (Demo)/input_User ID_userid"), userName): Text 'manaki' is set on object 'Object Repository/TS5_POS_CashRefund_Full_CHC/Page_Frameworks (Demo)/input_User ID_userid'

06-10-2024T23:03:27 - [MESSAGE][PASSED] - Text 'manaki' is set on object 'Object Repository/TS5_POS_CashRefund_Full_CHC/Page_Frameworks (Demo)/input_User ID_userid'

06-10-2024T23:03:27 - [TEST_STEP][PASSED] - setEncryptedText(findTestObject("Object Repository/TS5_POS_CashRefund_Full_CHC/Page_Frameworks (Demo)/input_Password_password"), "BvRmjN+0xFM="): Text ****** has been set on object 'Object Repository/TS5_POS_CashRefund_Full_CHC/Page_Frameworks (Demo)/input_Password_password'

06-10-2024T23:03:28 - [MESSAGE][PASSED] - Text ****** has been set on object 'Object Repository/TS5_POS_CashRefund_Full_CHC/Page_Frameworks (Demo)/input_Password_password'

06-10-2024T23:03:28 - [TEST_STEP][PASSED] - click(findTestObject("Object Repository/TS5_POS_CashRefund_Full_CHC/Page_Frameworks (Demo)/div_Login")): Object: 'Object Repository/TS5_POS_CashRefund_Full_CHC/Page_Frameworks (Demo)/div_Login' is clicked on

06-10-2024T23:03:28 - [MESSAGE][PASSED] - Object: 'Object Repository/TS5_POS_CashRefund_Full_CHC/Page_Frameworks (Demo)/div_Login' is clicked on

06-10-2024T23:03:28 - [TEST_STEP][PASSED] - click(findTestObject("Object Repository/TS5_POS_CashRefund_Full_CHC/Page_Frameworks (Demo)/Fws_Menu")): Object: 'Object Repository/TS5_POS_CashRefund_Full_CHC/Page_Frameworks (Demo)/Fws_Menu' is clicked on

06-10-2024T23:03:30 - [MESSAGE][PASSED] - Object: 'Object Repository/TS5_POS_CashRefund_Full_CHC/Page_Frameworks (Demo)/Fws_Menu' is clicked on

06-10-2024T23:03:30 - [TEST_STEP][PASSED] - click(findTestObject("Object Repository/TS5_POS_CashRefund_Full_CHC/Page_Frameworks (Demo)/Sales_TransactionProcessing")): Object: 'Object Repository/TS5_POS_CashRefund_Full_CHC/Page_Frameworks (Demo)/Sales_TransactionProcessing' is clicked on

06-10-2024T23:03:30 - [MESSAGE][PASSED] - Object: 'Object Repository/TS5_POS_CashRefund_Full_CHC/Page_Frameworks (Demo)/Sales_TransactionProcessing' is clicked on

06-10-2024T23:03:30 - [TEST_STEP][PASSED] - click(findTestObject("Object Repository/TS5_POS_CashRefund_Full_CHC/Page_Frameworks (Demo)/td_Credit Notes")): Object: 'Object Repository/TS5_POS_CashRefund_Full_CHC/Page_Frameworks (Demo)/td_Credit Notes' is clicked on

06-10-2024T23:03:31 - [MESSAGE][PASSED] - Object: 'Object Repository/TS5_POS_CashRefund_Full_CHC/Page_Frameworks (Demo)/td_Credit Notes' is clicked on

06-10-2024T23:03:31 - [TEST_STEP][PASSED] - delay(2): Delayed 2 second(s)

06-10-2024T23:03:33 - [MESSAGE][PASSED] - Delayed 2 second(s)

06-10-2024T23:03:33 - [TEST_STEP][PASSED] - takeFullPageScreenshot(): Taking screenshot successfully

06-10-2024T23:03:34 - [MESSAGE][INFO] - 0 hidden object(s)

06-10-2024T23:03:34 - [MESSAGE][PASSED] - Taking screenshot successfully
[[ATTACHMENT|C:\\Users\\User\\git\\frameworks-regression-test-automation\\Reports\\20241006_230220\\CHC_Instance\\PointofSale_Module\\TS6_POS_Cash_Refund_Partial_CHC\\20241006_230220\\1728216213719.png]]

06-10-2024T23:03:34 - [TEST_STEP][PASSED] - click(findTestObject("Object Repository/TS5_POS_CashRefund_Full_CHC/Page_Frameworks (Demo)/div_New")): Object: 'Object Repository/TS5_POS_CashRefund_Full_CHC/Page_Frameworks (Demo)/div_New' is clicked on

06-10-2024T23:03:35 - [MESSAGE][PASSED] - Object: 'Object Repository/TS5_POS_CashRefund_Full_CHC/Page_Frameworks (Demo)/div_New' is clicked on

06-10-2024T23:03:35 - [TEST_STEP][PASSED] - delay(2): Delayed 2 second(s)

06-10-2024T23:03:37 - [MESSAGE][PASSED] - Delayed 2 second(s)

06-10-2024T23:03:37 - [TEST_STEP][PASSED] - takeFullPageScreenshot(): Taking screenshot successfully

06-10-2024T23:03:37 - [MESSAGE][INFO] - 0 hidden object(s)

06-10-2024T23:03:37 - [MESSAGE][PASSED] - Taking screenshot successfully
[[ATTACHMENT|C:\\Users\\User\\git\\frameworks-regression-test-automation\\Reports\\20241006_230220\\CHC_Instance\\PointofSale_Module\\TS6_POS_Cash_Refund_Partial_CHC\\20241006_230220\\1728216217072.png]]

06-10-2024T23:03:37 - [TEST_STEP][PASSED] - transaction_Number = getText(findTestObject("Object Repository/TS5_POS_CashRefund_Full_CHC/Page_Frameworks (Demo)/transaction_Number")): Text of object 'Object Repository/TS5_POS_CashRefund_Full_CHC/Page_Frameworks (Demo)/transaction_Number' is: '13072727'

06-10-2024T23:03:38 - [MESSAGE][PASSED] - Text of object 'Object Repository/TS5_POS_CashRefund_Full_CHC/Page_Frameworks (Demo)/transaction_Number' is: '13072727'

06-10-2024T23:03:38 - [TEST_STEP][PASSED] - println(transaction_Number): null

06-10-2024T23:03:38 - [TEST_STEP][PASSED] - click(findTestObject("Object Repository/TS5_POS_CashRefund_Full_CHC/Page_Frameworks (Demo)/table_Select a Value")): Object: 'Object Repository/TS5_POS_CashRefund_Full_CHC/Page_Frameworks (Demo)/table_Select a Value' is clicked on

06-10-2024T23:03:38 - [MESSAGE][PASSED] - Object: 'Object Repository/TS5_POS_CashRefund_Full_CHC/Page_Frameworks (Demo)/table_Select a Value' is clicked on

06-10-2024T23:03:38 - [TEST_STEP][PASSED] - click(findTestObject("Object Repository/TS5_POS_CashRefund_Full_CHC/Page_Frameworks (Demo)/div_Stock Return")): Object: 'Object Repository/TS5_POS_CashRefund_Full_CHC/Page_Frameworks (Demo)/div_Stock Return' is clicked on

06-10-2024T23:03:39 - [MESSAGE][PASSED] - Object: 'Object Repository/TS5_POS_CashRefund_Full_CHC/Page_Frameworks (Demo)/div_Stock Return' is clicked on

06-10-2024T23:03:39 - [TEST_STEP][PASSED] - click(findTestObject("Object Repository/TS5_POS_CashRefund_Full_CHC/Page_Frameworks (Demo)/table_Reason_isc_YX")): Object: 'Object Repository/TS5_POS_CashRefund_Full_CHC/Page_Frameworks (Demo)/table_Reason_isc_YX' is clicked on

06-10-2024T23:03:40 - [MESSAGE][PASSED] - Object: 'Object Repository/TS5_POS_CashRefund_Full_CHC/Page_Frameworks (Demo)/table_Reason_isc_YX' is clicked on

06-10-2024T23:03:40 - [TEST_STEP][PASSED] - click(findTestObject("Object Repository/TS5_POS_CashRefund_Full_CHC/Page_Frameworks (Demo)/div_1 - Stock Return")): Object: 'Object Repository/TS5_POS_CashRefund_Full_CHC/Page_Frameworks (Demo)/div_1 - Stock Return' is clicked on

06-10-2024T23:03:41 - [MESSAGE][PASSED] - Object: 'Object Repository/TS5_POS_CashRefund_Full_CHC/Page_Frameworks (Demo)/div_1 - Stock Return' is clicked on

06-10-2024T23:03:41 - [TEST_STEP][PASSED] - click(findTestObject("Object Repository/TS5_POS_CashRefund_Full_CHC/Page_Frameworks (Demo)/input_Original Docket_originalDocket"), STOP_ON_FAILURE): Object: 'Object Repository/TS5_POS_CashRefund_Full_CHC/Page_Frameworks (Demo)/input_Original Docket_originalDocket' is clicked on

06-10-2024T23:03:41 - [MESSAGE][PASSED] - Object: 'Object Repository/TS5_POS_CashRefund_Full_CHC/Page_Frameworks (Demo)/input_Original Docket_originalDocket' is clicked on

06-10-2024T23:03:41 - [TEST_STEP][PASSED] - sendKeys(findTestObject("Object Repository/TS5_POS_CashRefund_Full_CHC/Page_Frameworks (Demo)/input_Original Docket_originalDocket"), docketNumber): Keys '13072725' sent to object: 'Object Repository/TS5_POS_CashRefund_Full_CHC/Page_Frameworks (Demo)/input_Original Docket_originalDocket'

06-10-2024T23:03:42 - [MESSAGE][PASSED] - Keys '13072725' sent to object: 'Object Repository/TS5_POS_CashRefund_Full_CHC/Page_Frameworks (Demo)/input_Original Docket_originalDocket'

06-10-2024T23:03:42 - [TEST_STEP][PASSED] - click(findTestObject("Object Repository/TS5_POS_CashRefund_Full_CHC/Page_Frameworks (Demo)/div_BranchDropdown")): Object: 'Object Repository/TS5_POS_CashRefund_Full_CHC/Page_Frameworks (Demo)/div_BranchDropdown' is clicked on

06-10-2024T23:03:42 - [MESSAGE][PASSED] - Object: 'Object Repository/TS5_POS_CashRefund_Full_CHC/Page_Frameworks (Demo)/div_BranchDropdown' is clicked on

06-10-2024T23:03:42 - [TEST_STEP][PASSED] - click(findTestObject("Object Repository/TS5_POS_CashRefund_Full_CHC/Page_Frameworks (Demo)/div_501 - DEMONSTRATION BRANCH 501")): Object: 'Object Repository/TS5_POS_CashRefund_Full_CHC/Page_Frameworks (Demo)/div_501 - DEMONSTRATION BRANCH 501' is clicked on

06-10-2024T23:03:43 - [MESSAGE][PASSED] - Object: 'Object Repository/TS5_POS_CashRefund_Full_CHC/Page_Frameworks (Demo)/div_501 - DEMONSTRATION BRANCH 501' is clicked on

06-10-2024T23:03:43 - [TEST_STEP][PASSED] - delay(2): Delayed 2 second(s)

06-10-2024T23:03:45 - [MESSAGE][PASSED] - Delayed 2 second(s)

06-10-2024T23:03:45 - [TEST_STEP][PASSED] - takeFullPageScreenshot(): Taking screenshot successfully

06-10-2024T23:03:45 - [MESSAGE][INFO] - 0 hidden object(s)

06-10-2024T23:03:46 - [MESSAGE][PASSED] - Taking screenshot successfully
[[ATTACHMENT|C:\\Users\\User\\git\\frameworks-regression-test-automation\\Reports\\20241006_230220\\CHC_Instance\\PointofSale_Module\\TS6_POS_Cash_Refund_Partial_CHC\\20241006_230220\\1728216225558.png]]

06-10-2024T23:03:46 - [TEST_STEP][PASSED] - click(findTestObject("Object Repository/TS5_POS_CashRefund_Full_CHC/Page_Frameworks (Demo)/div_Load Details")): Object: 'Object Repository/TS5_POS_CashRefund_Full_CHC/Page_Frameworks (Demo)/div_Load Details' is clicked on

06-10-2024T23:03:46 - [MESSAGE][PASSED] - Object: 'Object Repository/TS5_POS_CashRefund_Full_CHC/Page_Frameworks (Demo)/div_Load Details' is clicked on

06-10-2024T23:03:46 - [TEST_STEP][PASSED] - delay(2): Delayed 2 second(s)

06-10-2024T23:03:48 - [MESSAGE][PASSED] - Delayed 2 second(s)

06-10-2024T23:03:48 - [TEST_STEP][PASSED] - takeFullPageScreenshot(): Taking screenshot successfully

06-10-2024T23:03:48 - [MESSAGE][INFO] - 0 hidden object(s)

06-10-2024T23:03:48 - [MESSAGE][PASSED] - Taking screenshot successfully
[[ATTACHMENT|C:\\Users\\User\\git\\frameworks-regression-test-automation\\Reports\\20241006_230220\\CHC_Instance\\PointofSale_Module\\TS6_POS_Cash_Refund_Partial_CHC\\20241006_230220\\1728216228409.png]]

06-10-2024T23:03:48 - [TEST_STEP][PASSED] - click(findTestObject("Object Repository/TS5_POS_CashRefund_Full_CHC/Page_Frameworks (Demo)/div_CreditQty_Row1")): Object: 'Object Repository/TS5_POS_CashRefund_Full_CHC/Page_Frameworks (Demo)/div_CreditQty_Row1' is clicked on

06-10-2024T23:03:49 - [MESSAGE][PASSED] - Object: 'Object Repository/TS5_POS_CashRefund_Full_CHC/Page_Frameworks (Demo)/div_CreditQty_Row1' is clicked on

06-10-2024T23:03:49 - [TEST_STEP][PASSED] - sendKeys(findTestObject("Object Repository/TS5_POS_CashRefund_Full_CHC/Page_Frameworks (Demo)/input_CreditQty_row1"), "1"): Keys '1' sent to object: 'Object Repository/TS5_POS_CashRefund_Full_CHC/Page_Frameworks (Demo)/input_CreditQty_row1'

06-10-2024T23:03:50 - [MESSAGE][PASSED] - Keys '1' sent to object: 'Object Repository/TS5_POS_CashRefund_Full_CHC/Page_Frameworks (Demo)/input_CreditQty_row1'

06-10-2024T23:03:50 - [TEST_STEP][PASSED] - delay(2): Delayed 2 second(s)

06-10-2024T23:03:52 - [MESSAGE][PASSED] - Delayed 2 second(s)

06-10-2024T23:03:52 - [TEST_STEP][PASSED] - takeFullPageScreenshot(): Taking screenshot successfully

06-10-2024T23:03:52 - [MESSAGE][INFO] - 0 hidden object(s)

06-10-2024T23:03:52 - [MESSAGE][PASSED] - Taking screenshot successfully
[[ATTACHMENT|C:\\Users\\User\\git\\frameworks-regression-test-automation\\Reports\\20241006_230220\\CHC_Instance\\PointofSale_Module\\TS6_POS_Cash_Refund_Partial_CHC\\20241006_230220\\1728216232091.png]]

06-10-2024T23:03:52 - [TEST_STEP][PASSED] - click(findTestObject("Object Repository/TS5_POS_CashRefund_Full_CHC/Page_Frameworks (Demo)/div_Finish (S)")): Object: 'Object Repository/TS5_POS_CashRefund_Full_CHC/Page_Frameworks (Demo)/div_Finish (S)' is clicked on

06-10-2024T23:03:52 - [MESSAGE][PASSED] - Object: 'Object Repository/TS5_POS_CashRefund_Full_CHC/Page_Frameworks (Demo)/div_Finish (S)' is clicked on

06-10-2024T23:03:52 - [TEST_STEP][PASSED] - delay(2): Delayed 2 second(s)

06-10-2024T23:03:54 - [MESSAGE][PASSED] - Delayed 2 second(s)

06-10-2024T23:03:54 - [TEST_STEP][PASSED] - takeFullPageScreenshot(): Taking screenshot successfully

06-10-2024T23:03:55 - [MESSAGE][INFO] - 0 hidden object(s)

06-10-2024T23:03:55 - [MESSAGE][PASSED] - Taking screenshot successfully
[[ATTACHMENT|C:\\Users\\User\\git\\frameworks-regression-test-automation\\Reports\\20241006_230220\\CHC_Instance\\PointofSale_Module\\TS6_POS_Cash_Refund_Partial_CHC\\20241006_230220\\1728216234938.png]]

06-10-2024T23:03:55 - [TEST_STEP][PASSED] - click(findTestObject("Object Repository/TS5_POS_CashRefund_Full_CHC/Page_Frameworks (Demo)/div_EFTPOS")): Object: 'Object Repository/TS5_POS_CashRefund_Full_CHC/Page_Frameworks (Demo)/div_EFTPOS' is clicked on

06-10-2024T23:03:55 - [MESSAGE][PASSED] - Object: 'Object Repository/TS5_POS_CashRefund_Full_CHC/Page_Frameworks (Demo)/div_EFTPOS' is clicked on

06-10-2024T23:03:55 - [TEST_STEP][PASSED] - delay(2): Delayed 2 second(s)

06-10-2024T23:03:57 - [MESSAGE][PASSED] - Delayed 2 second(s)

06-10-2024T23:03:57 - [TEST_STEP][PASSED] - takeFullPageScreenshot(): Taking screenshot successfully

06-10-2024T23:03:58 - [MESSAGE][INFO] - 0 hidden object(s)

06-10-2024T23:03:58 - [MESSAGE][PASSED] - Taking screenshot successfully
[[ATTACHMENT|C:\\Users\\User\\git\\frameworks-regression-test-automation\\Reports\\20241006_230220\\CHC_Instance\\PointofSale_Module\\TS6_POS_Cash_Refund_Partial_CHC\\20241006_230220\\1728216237786.png]]

06-10-2024T23:03:58 - [TEST_STEP][PASSED] - click(findTestObject("Object Repository/TS5_POS_CashRefund_Full_CHC/Page_Frameworks (Demo)/img_EftposTransact")): Object: 'Object Repository/TS5_POS_CashRefund_Full_CHC/Page_Frameworks (Demo)/img_EftposTransact' is clicked on

06-10-2024T23:03:58 - [MESSAGE][PASSED] - Object: 'Object Repository/TS5_POS_CashRefund_Full_CHC/Page_Frameworks (Demo)/img_EftposTransact' is clicked on

06-10-2024T23:03:58 - [TEST_STEP][PASSED] - updatesourceFile = new java.io.FileInputStream(ExcelFile): null

06-10-2024T23:03:58 - [TEST_STEP][PASSED] - updateWorkbook = new org.apache.poi.xssf.usermodel.XSSFWorkbook(updatesourceFile): null

06-10-2024T23:03:58 - [TEST_STEP][PASSED] - updateSheet = updateWorkbook.getSheet("Sheet1"): null

06-10-2024T23:03:58 - [TEST_STEP][PASSED] - updateRow = updateSheet.getRow(0): null

06-10-2024T23:03:58 - [TEST_STEP][PASSED] - updateCell = updateRow.getCell(1): null

06-10-2024T23:03:58 - [TEST_STEP][PASSED] - updateRow = updateSheet.createRow(2): null

06-10-2024T23:03:58 - [TEST_STEP][PASSED] - updateCell = updateRow.createCell(0): null

06-10-2024T23:03:58 - [TEST_STEP][PASSED] - updateCell.setCellValue("TransactionNumber"): null

06-10-2024T23:03:58 - [TEST_STEP][PASSED] - updateCell = updateRow.createCell(1): null

06-10-2024T23:03:58 - [TEST_STEP][PASSED] - updateCell.setCellValue(transaction_Number): null

06-10-2024T23:03:58 - [TEST_STEP][PASSED] - fos = new java.io.FileOutputStream(ExcelFile): null

06-10-2024T23:03:58 - [TEST_STEP][PASSED] - updateWorkbook.write(fos): null

06-10-2024T23:03:58 - [TEST_STEP][PASSED] - fos.close(): null

06-10-2024T23:03:58 - [TEST_STEP][PASSED] - updatesourceFile.close(): null

06-10-2024T23:03:58 - [TEST_STEP][PASSED] - click(findTestObject("Object Repository/TS5_POS_CashRefund_Full_CHC/Page_Frameworks (Demo)/img_Accountdropd")): Object: 'Object Repository/TS5_POS_CashRefund_Full_CHC/Page_Frameworks (Demo)/img_Accountdropd' is clicked on

06-10-2024T23:04:00 - [MESSAGE][PASSED] - Object: 'Object Repository/TS5_POS_CashRefund_Full_CHC/Page_Frameworks (Demo)/img_Accountdropd' is clicked on

06-10-2024T23:04:00 - [TEST_STEP][PASSED] - click(findTestObject("Object Repository/TS5_POS_CashRefund_Full_CHC/Page_Frameworks (Demo)/div_Logout")): Object: 'Object Repository/TS5_POS_CashRefund_Full_CHC/Page_Frameworks (Demo)/div_Logout' is clicked on

06-10-2024T23:04:01 - [MESSAGE][PASSED] - Object: 'Object Repository/TS5_POS_CashRefund_Full_CHC/Page_Frameworks (Demo)/div_Logout' is clicked on]]></system-out>
         <system-err><![CDATA[]]></system-err>
      </testcase>
      <testcase name="Test Cases/CHC_Instance/PointofSale_Module/TS6_POS_CashRefund_Partial_StockReturn/POS_CashRefund_Partial_ValidateStock_CHC" time="50.744" classname="Test Cases/CHC_Instance/PointofSale_Module/TS6_POS_CashRefund_Partial_StockReturn/POS_CashRefund_Partial_ValidateStock_CHC" status="PASSED">
         <system-out><![CDATA[06-10-2024T23:04:01 - [TEST_CASE][PASSED] - Test Cases/CHC_Instance/PointofSale_Module/TS6_POS_CashRefund_Partial_StockReturn/POS_CashRefund_Partial_ValidateStock_CHC: Test Cases/CHC_Instance/PointofSale_Module/TS6_POS_CashRefund_Partial_StockReturn/POS_CashRefund_Partial_ValidateStock_CHC

06-10-2024T23:04:01 - [TEST_STEP][PASSED] - sourceFile = new java.io.FileInputStream(ExcelFile): null

06-10-2024T23:04:01 - [TEST_STEP][PASSED] - workbook = new org.apache.poi.xssf.usermodel.XSSFWorkbook(sourceFile): null

06-10-2024T23:04:01 - [TEST_STEP][PASSED] - sheet = workbook.getSheet("Sheet1"): null

06-10-2024T23:04:01 - [TEST_STEP][PASSED] - row = sheet.getRow(2): null

06-10-2024T23:04:01 - [TEST_STEP][PASSED] - cell = row.getCell(1): null

06-10-2024T23:04:01 - [TEST_STEP][PASSED] - transactionNumber = cell.getStringCellValue(): null

06-10-2024T23:04:01 - [TEST_STEP][PASSED] - println(transactionNumber): null

06-10-2024T23:04:01 - [TEST_STEP][PASSED] - sourceFile.close(): null

06-10-2024T23:04:01 - [TEST_STEP][PASSED] - openBrowser(""): Browser is opened with url: ''

06-10-2024T23:04:01 - [MESSAGE][WARNING] - A browser is already opened. Closing browser and opening a new one

06-10-2024T23:04:02 - [MESSAGE][INFO] - Starting 'Chrome' driver

06-10-2024T23:04:02 - [MESSAGE][INFO] - Action delay is set to 0 milliseconds

06-10-2024T23:04:02 - [MESSAGE][PASSED] - Browser is opened with url: ''

06-10-2024T23:04:02 - [TEST_STEP][PASSED] - maximizeWindow(): Current window maximized

06-10-2024T23:04:02 - [MESSAGE][PASSED] - Current window maximized

06-10-2024T23:04:02 - [TEST_STEP][PASSED] - navigateToUrl("http://frameworks.cairnshardware.com.au:8080/FWDemo/Fluid.html#homeDashboard,dash,Frameworks.Activity.Menu.HomeDashBoard"): Navigate to 'http://frameworks.cairnshardware.com.au:8080/FWDemo/Fluid.html#homeDashboard,dash,Frameworks.Activity.Menu.HomeDashBoard' successfully

06-10-2024T23:04:06 - [MESSAGE][PASSED] - Navigate to 'http://frameworks.cairnshardware.com.au:8080/FWDemo/Fluid.html#homeDashboard,dash,Frameworks.Activity.Menu.HomeDashBoard' successfully

06-10-2024T23:04:06 - [TEST_STEP][PASSED] - setText(findTestObject("Object Repository/TS3_POS_AccountCredit_Full_CHC/Page_Frameworks (Demo)/input_User ID_userid"), userName): Text 'manaki' is set on object 'Object Repository/TS3_POS_AccountCredit_Full_CHC/Page_Frameworks (Demo)/input_User ID_userid'

06-10-2024T23:04:11 - [MESSAGE][PASSED] - Text 'manaki' is set on object 'Object Repository/TS3_POS_AccountCredit_Full_CHC/Page_Frameworks (Demo)/input_User ID_userid'

06-10-2024T23:04:11 - [TEST_STEP][PASSED] - setEncryptedText(findTestObject("Object Repository/TS3_POS_AccountCredit_Full_CHC/Page_Frameworks (Demo)/input_Password_password"), "BvRmjN+0xFM="): Text ****** has been set on object 'Object Repository/TS3_POS_AccountCredit_Full_CHC/Page_Frameworks (Demo)/input_Password_password'

06-10-2024T23:04:11 - [MESSAGE][PASSED] - Text ****** has been set on object 'Object Repository/TS3_POS_AccountCredit_Full_CHC/Page_Frameworks (Demo)/input_Password_password'

06-10-2024T23:04:11 - [TEST_STEP][PASSED] - click(findTestObject("Object Repository/TS3_POS_AccountCredit_Full_CHC/Page_Frameworks (Demo)/div_Login")): Object: 'Object Repository/TS3_POS_AccountCredit_Full_CHC/Page_Frameworks (Demo)/div_Login' is clicked on

06-10-2024T23:04:12 - [MESSAGE][PASSED] - Object: 'Object Repository/TS3_POS_AccountCredit_Full_CHC/Page_Frameworks (Demo)/div_Login' is clicked on

06-10-2024T23:04:12 - [TEST_STEP][PASSED] - click(findTestObject("Object Repository/TS1_BT_BranchTransfer_DBC/New_Interface/Stock_Receipt/Page_Frameworks (Demo)/img_ProductDashboard")): Object: 'Object Repository/TS1_BT_BranchTransfer_DBC/New_Interface/Stock_Receipt/Page_Frameworks (Demo)/img_ProductDashboard' is clicked on

06-10-2024T23:04:43 - [MESSAGE][INFO] - Unable to find the element located by 'By.xpath: //img[contains(@src,'http://frameworks.dahlsens.com.au:8080/FWDemo/frameworks/sc/skins/Frameworks7/images/custom/menus/product.png')]'. Please recheck the objects properties to make sure the desired element is located. 

06-10-2024T23:04:43 - [MESSAGE][WARNING] - [SELF-HEALING] Failed to find element with id 'Object Repository/TS1_BT_BranchTransfer_DBC/New_Interface/Stock_Receipt/Page_Frameworks (Demo)/img_ProductDashboard'. Try using Self-healing.

06-10-2024T23:04:43 - [MESSAGE][WARNING] - [SELF-HEALING] The current locator of test object 'Object Repository/TS1_BT_BranchTransfer_DBC/New_Interface/Stock_Receipt/Page_Frameworks (Demo)/img_ProductDashboard' was broken. Propose an alternative one: '//div[@id='isc_2A']/img'.

06-10-2024T23:04:43 - [MESSAGE][PASSED] - Object: 'Object Repository/TS1_BT_BranchTransfer_DBC/New_Interface/Stock_Receipt/Page_Frameworks (Demo)/img_ProductDashboard' is clicked on

06-10-2024T23:04:43 - [TEST_STEP][PASSED] - setText(findTestObject("Object Repository/TS1_BT_BranchTransfer_DBC/New_Interface/Stock_Receipt/Page_Frameworks (Demo)/input_Product_ProdId"), "5006866"): Text '5006866' is set on object 'Object Repository/TS1_BT_BranchTransfer_DBC/New_Interface/Stock_Receipt/Page_Frameworks (Demo)/input_Product_ProdId'

06-10-2024T23:04:44 - [MESSAGE][PASSED] - Text '5006866' is set on object 'Object Repository/TS1_BT_BranchTransfer_DBC/New_Interface/Stock_Receipt/Page_Frameworks (Demo)/input_Product_ProdId'

06-10-2024T23:04:44 - [TEST_STEP][PASSED] - click(findTestObject("Object Repository/TS1_BT_BranchTransfer_DBC/New_Interface/Stock_Receipt/Page_Frameworks (Demo)/td_Find")): Object: 'Object Repository/TS1_BT_BranchTransfer_DBC/New_Interface/Stock_Receipt/Page_Frameworks (Demo)/td_Find' is clicked on

06-10-2024T23:04:45 - [MESSAGE][PASSED] - Object: 'Object Repository/TS1_BT_BranchTransfer_DBC/New_Interface/Stock_Receipt/Page_Frameworks (Demo)/td_Find' is clicked on

06-10-2024T23:04:45 - [TEST_STEP][PASSED] - delay(2): Delayed 2 second(s)

06-10-2024T23:04:47 - [MESSAGE][PASSED] - Delayed 2 second(s)

06-10-2024T23:04:47 - [TEST_STEP][PASSED] - takeFullPageScreenshot(): Taking screenshot successfully

06-10-2024T23:04:47 - [MESSAGE][INFO] - 0 hidden object(s)

06-10-2024T23:04:47 - [MESSAGE][PASSED] - Taking screenshot successfully
[[ATTACHMENT|C:\\Users\\User\\git\\frameworks-regression-test-automation\\Reports\\20241006_230220\\CHC_Instance\\PointofSale_Module\\TS6_POS_Cash_Refund_Partial_CHC\\20241006_230220\\1728216287399.png]]

06-10-2024T23:04:47 - [TEST_STEP][PASSED] - click(findTestObject("Object Repository/TS1_BT_BranchTransfer_DBC/New_Interface/Stock_Receipt/Page_Frameworks (Demo)/div_Stock Movements")): Object: 'Object Repository/TS1_BT_BranchTransfer_DBC/New_Interface/Stock_Receipt/Page_Frameworks (Demo)/div_Stock Movements' is clicked on

06-10-2024T23:04:48 - [MESSAGE][PASSED] - Object: 'Object Repository/TS1_BT_BranchTransfer_DBC/New_Interface/Stock_Receipt/Page_Frameworks (Demo)/div_Stock Movements' is clicked on

06-10-2024T23:04:48 - [TEST_STEP][PASSED] - delay(2): Delayed 2 second(s)

06-10-2024T23:04:50 - [MESSAGE][PASSED] - Delayed 2 second(s)

06-10-2024T23:04:50 - [TEST_STEP][PASSED] - takeFullPageScreenshot(): Taking screenshot successfully

06-10-2024T23:04:50 - [MESSAGE][INFO] - 0 hidden object(s)

06-10-2024T23:04:50 - [MESSAGE][PASSED] - Taking screenshot successfully
[[ATTACHMENT|C:\\Users\\User\\git\\frameworks-regression-test-automation\\Reports\\20241006_230220\\CHC_Instance\\PointofSale_Module\\TS6_POS_Cash_Refund_Partial_CHC\\20241006_230220\\1728216290228.png]]

06-10-2024T23:04:50 - [TEST_STEP][PASSED] - verifyTextPresent(transactionNumber, false): Text '13072727' is present on page 

06-10-2024T23:04:51 - [MESSAGE][PASSED] - Text '13072727' is present on page 

06-10-2024T23:04:51 - [TEST_STEP][PASSED] - click(findTestObject("Object Repository/Create_PurchaseOrder_CHC/Page_Frameworks (Demo)/img_Accountdropd")): Object: 'Object Repository/Create_PurchaseOrder_CHC/Page_Frameworks (Demo)/img_Accountdropd' is clicked on

06-10-2024T23:04:51 - [MESSAGE][PASSED] - Object: 'Object Repository/Create_PurchaseOrder_CHC/Page_Frameworks (Demo)/img_Accountdropd' is clicked on

06-10-2024T23:04:51 - [TEST_STEP][PASSED] - click(findTestObject("Object Repository/Create_PurchaseOrder_CHC/Page_Frameworks (Demo)/div_Logout")): Object: 'Object Repository/Create_PurchaseOrder_CHC/Page_Frameworks (Demo)/div_Logout' is clicked on

06-10-2024T23:04:52 - [MESSAGE][PASSED] - Object: 'Object Repository/Create_PurchaseOrder_CHC/Page_Frameworks (Demo)/div_Logout' is clicked on]]></system-out>
         <system-err><![CDATA[]]></system-err>
      </testcase>
      <system-out><![CDATA[06-10-2024T23:02:27 - [TEST_SUITE][PASSED] - TS6_POS_Cash_Refund_Partial_CHC: Test Cases/CHC_Instance/PointofSale_Module/TS6_POS_CashRefund_Partial_StockReturn/POS_CashRefund_Partial_ValidateStock_CHC]]></system-out>
      <system-err><![CDATA[]]></system-err>
   </testsuite>
</testsuites>
