<?xml version="1.0" encoding="UTF-8"?>
<testsuites name="TS1_BT_BranchTransfer_NT" time="243.744" tests="3" failures="0" errors="0">
   <testsuite name="TS1_BT_BranchTransfer_NT" tests="3" failures="0" errors="0" time="243.744" skipped="0" timestamp="01-12-2024T10:24:37" hostname="azureuser - 10.192.8.5" id="Test Suites/Nortruss instance/BranchTransfer_Module/TS1_BT_BranchTransfer_NT">
      <properties>
         <property name="deviceName" value=""/>
         <property name="devicePlatform"/>
         <property name="logFolder" value="C:\\Users\\azureuser\\git\\frameworks-regression-test-automation\\Reports\\20241201_102427\\Nortruss instance\\BranchTransfer_Module\\TS1_BT_BranchTransfer_NT\\20241201_102427"/>
         <property name="logFiles" value="C:\\Users\\azureuser\\git\\frameworks-regression-test-automation\\Reports\\20241201_102427\\Nortruss instance\\BranchTransfer_Module\\TS1_BT_BranchTransfer_NT\\20241201_102427\\execution0.log"/>
         <property name="attachments" value=""/>
         <property name="hostName" value="azureuser - 10.192.8.5"/>
         <property name="os" value="Windows 11 64bit"/>
         <property name="katalonVersion" value="9.7.2.223"/>
         <property name="browser" value="Chrome 131.0.0.0"/>
         <property name="hostAddress" value="10.192.8.5"/>
         <property name="sessionId" value="cb7df801720b2125633f33d1a205806a"/>
         <property name="seleniumVersion" value="3.141.59"/>
         <property name="proxyInformation" value="ProxyInformation { proxyOption=NO_PROXY, proxyServerType=HTTP, username=, password=********, proxyServerAddress=, proxyServerPort=0, executionList=&quot;&quot;, isApplyToDesiredCapabilities=true }"/>
         <property name="platform" value="Windows 11"/>
      </properties>
      <testcase name="Test Cases/Nortruss Instance/BranchTransfer_Module/TS1_BT_BranchTransfer/Create_Purchase_Order_NT" time="68.803" classname="Test Cases/Nortruss Instance/BranchTransfer_Module/TS1_BT_BranchTransfer/Create_Purchase_Order_NT" status="PASSED">
         <system-out><![CDATA[01-12-2024T10:24:37 - [TEST_CASE][PASSED] - Test Cases/Nortruss Instance/BranchTransfer_Module/TS1_BT_BranchTransfer/Create_Purchase_Order_NT: Test Cases/Nortruss Instance/BranchTransfer_Module/TS1_BT_BranchTransfer/Create_Purchase_Order_NT

01-12-2024T10:24:38 - [TEST_STEP][PASSED] - openBrowser(""): Browser is opened with url: ''

01-12-2024T10:24:39 - [MESSAGE][INFO] - Starting 'Chrome' driver

01-12-2024T10:24:39 - [MESSAGE][INFO] - Action delay is set to 0 milliseconds

01-12-2024T10:24:42 - [MESSAGE][PASSED] - Browser is opened with url: ''

01-12-2024T10:24:42 - [TEST_STEP][PASSED] - maximizeWindow(): Current window maximized

01-12-2024T10:24:42 - [MESSAGE][PASSED] - Current window maximized

01-12-2024T10:24:42 - [TEST_STEP][PASSED] - navigateToUrl("http://frameworks.nt.nortruss.com.au:8080/FWDemo/Fluid.html#homeDashboard,dash,Frameworks.Activity.Menu.HomeDashBoard"): Navigate to 'http://frameworks.nt.nortruss.com.au:8080/FWDemo/Fluid.html#homeDashboard,dash,Frameworks.Activity.Menu.HomeDashBoard' successfully

01-12-2024T10:24:53 - [MESSAGE][PASSED] - Navigate to 'http://frameworks.nt.nortruss.com.au:8080/FWDemo/Fluid.html#homeDashboard,dash,Frameworks.Activity.Menu.HomeDashBoard' successfully

01-12-2024T10:24:53 - [TEST_STEP][PASSED] - setText(findTestObject("Object Repository/TS1_BT_BranchTransfer_NT/Page_Frameworks (Demo)/input_User ID_userid"), "manaki"): Text 'manaki' is set on object 'Object Repository/TS1_BT_BranchTransfer_NT/Page_Frameworks (Demo)/input_User ID_userid'

01-12-2024T10:24:58 - [MESSAGE][PASSED] - Text 'manaki' is set on object 'Object Repository/TS1_BT_BranchTransfer_NT/Page_Frameworks (Demo)/input_User ID_userid'

01-12-2024T10:24:58 - [TEST_STEP][PASSED] - setEncryptedText(findTestObject("Object Repository/TS1_BT_BranchTransfer_NT/Page_Frameworks (Demo)/input_Password_password"), "C5+8mNJ15mA="): Text ****** has been set on object 'Object Repository/TS1_BT_BranchTransfer_NT/Page_Frameworks (Demo)/input_Password_password'

01-12-2024T10:24:59 - [MESSAGE][PASSED] - Text ****** has been set on object 'Object Repository/TS1_BT_BranchTransfer_NT/Page_Frameworks (Demo)/input_Password_password'

01-12-2024T10:24:59 - [TEST_STEP][PASSED] - click(findTestObject("Object Repository/TS1_BT_BranchTransfer_NT/Page_Frameworks (Demo)/div_Login")): Object: 'Object Repository/TS1_BT_BranchTransfer_NT/Page_Frameworks (Demo)/div_Login' is clicked on

01-12-2024T10:24:59 - [MESSAGE][PASSED] - Object: 'Object Repository/TS1_BT_BranchTransfer_NT/Page_Frameworks (Demo)/div_Login' is clicked on

01-12-2024T10:24:59 - [TEST_STEP][PASSED] - click(findTestObject("Object Repository/TS1_BT_BranchTransfer_NT/Page_Frameworks (Demo)/img_FW")): Object: 'Object Repository/TS1_BT_BranchTransfer_NT/Page_Frameworks (Demo)/img_FW' is clicked on

01-12-2024T10:25:04 - [MESSAGE][PASSED] - Object: 'Object Repository/TS1_BT_BranchTransfer_NT/Page_Frameworks (Demo)/img_FW' is clicked on

01-12-2024T10:25:04 - [TEST_STEP][PASSED] - click(findTestObject("Object Repository/TS1_BT_BranchTransfer_NT/Page_Frameworks (Demo)/b_Purchasing  Receipting")): Object: 'Object Repository/TS1_BT_BranchTransfer_NT/Page_Frameworks (Demo)/b_Purchasing  Receipting' is clicked on

01-12-2024T10:25:05 - [MESSAGE][PASSED] - Object: 'Object Repository/TS1_BT_BranchTransfer_NT/Page_Frameworks (Demo)/b_Purchasing  Receipting' is clicked on

01-12-2024T10:25:05 - [TEST_STEP][PASSED] - click(findTestObject("Object Repository/TS1_BT_BranchTransfer_NT/Page_Frameworks (Demo)/Transaction Processing")): Object: 'Object Repository/TS1_BT_BranchTransfer_NT/Page_Frameworks (Demo)/Transaction Processing' is clicked on

01-12-2024T10:25:05 - [MESSAGE][PASSED] - Object: 'Object Repository/TS1_BT_BranchTransfer_NT/Page_Frameworks (Demo)/Transaction Processing' is clicked on

01-12-2024T10:25:05 - [TEST_STEP][PASSED] - click(findTestObject("Object Repository/TS1_BT_BranchTransfer_NT/Page_Frameworks (Demo)/td_Purchase Orders")): Object: 'Object Repository/TS1_BT_BranchTransfer_NT/Page_Frameworks (Demo)/td_Purchase Orders' is clicked on

01-12-2024T10:25:06 - [MESSAGE][PASSED] - Object: 'Object Repository/TS1_BT_BranchTransfer_NT/Page_Frameworks (Demo)/td_Purchase Orders' is clicked on

01-12-2024T10:25:06 - [TEST_STEP][PASSED] - click(findTestObject("Object Repository/TS1_BT_BranchTransfer_NT/Page_Frameworks (Demo)/div_New")): Object: 'Object Repository/TS1_BT_BranchTransfer_NT/Page_Frameworks (Demo)/div_New' is clicked on

01-12-2024T10:25:08 - [MESSAGE][PASSED] - Object: 'Object Repository/TS1_BT_BranchTransfer_NT/Page_Frameworks (Demo)/div_New' is clicked on

01-12-2024T10:25:08 - [TEST_STEP][PASSED] - setEncryptedText(findTestObject("Object Repository/TS1_BT_BranchTransfer_NT/Page_Frameworks (Demo)/input_Operator No_operatorId"), "uzzxF8+Oh1A="): Text ****** has been set on object 'Object Repository/TS1_BT_BranchTransfer_NT/Page_Frameworks (Demo)/input_Operator No_operatorId'

01-12-2024T10:25:10 - [MESSAGE][PASSED] - Text ****** has been set on object 'Object Repository/TS1_BT_BranchTransfer_NT/Page_Frameworks (Demo)/input_Operator No_operatorId'

01-12-2024T10:25:10 - [TEST_STEP][PASSED] - setEncryptedText(findTestObject("Object Repository/TS1_BT_BranchTransfer_NT/Page_Frameworks (Demo)/input_PIN_pin"), "uzzxF8+Oh1A="): Text ****** has been set on object 'Object Repository/TS1_BT_BranchTransfer_NT/Page_Frameworks (Demo)/input_PIN_pin'

01-12-2024T10:25:11 - [MESSAGE][PASSED] - Text ****** has been set on object 'Object Repository/TS1_BT_BranchTransfer_NT/Page_Frameworks (Demo)/input_PIN_pin'

01-12-2024T10:25:11 - [TEST_STEP][PASSED] - click(findTestObject("Object Repository/TS1_BT_BranchTransfer_NT/Page_Frameworks (Demo)/div_OK")): Object: 'Object Repository/TS1_BT_BranchTransfer_NT/Page_Frameworks (Demo)/div_OK' is clicked on

01-12-2024T10:25:11 - [MESSAGE][PASSED] - Object: 'Object Repository/TS1_BT_BranchTransfer_NT/Page_Frameworks (Demo)/div_OK' is clicked on

01-12-2024T10:25:11 - [TEST_STEP][PASSED] - setText(findTestObject("Object Repository/TS1_BT_BranchTransfer_NT/Page_Frameworks (Demo)/input_Supplier No_idSupp"), "Branch1"): Text 'Branch1' is set on object 'Object Repository/TS1_BT_BranchTransfer_NT/Page_Frameworks (Demo)/input_Supplier No_idSupp'

01-12-2024T10:25:13 - [MESSAGE][PASSED] - Text 'Branch1' is set on object 'Object Repository/TS1_BT_BranchTransfer_NT/Page_Frameworks (Demo)/input_Supplier No_idSupp'

01-12-2024T10:25:13 - [TEST_STEP][PASSED] - click(findTestObject("Object Repository/TS1_BT_BranchTransfer_NT/Page_Frameworks (Demo)/div_Nortruss Branch Transfer (Branch1)")): Object: 'Object Repository/TS1_BT_BranchTransfer_NT/Page_Frameworks (Demo)/div_Nortruss Branch Transfer (Branch1)' is clicked on

01-12-2024T10:25:15 - [MESSAGE][PASSED] - Object: 'Object Repository/TS1_BT_BranchTransfer_NT/Page_Frameworks (Demo)/div_Nortruss Branch Transfer (Branch1)' is clicked on

01-12-2024T10:25:15 - [TEST_STEP][PASSED] - click(findTestObject("Object Repository/TS1_BT_BranchTransfer_NT/Page_Frameworks (Demo)/div_1 - DEMONSTRATION BRANCH 001")): Object: 'Object Repository/TS1_BT_BranchTransfer_NT/Page_Frameworks (Demo)/div_1 - DEMONSTRATION BRANCH 001' is clicked on

01-12-2024T10:25:15 - [MESSAGE][PASSED] - Object: 'Object Repository/TS1_BT_BranchTransfer_NT/Page_Frameworks (Demo)/div_1 - DEMONSTRATION BRANCH 001' is clicked on

01-12-2024T10:25:15 - [TEST_STEP][PASSED] - click(findTestObject("Object Repository/TS1_BT_BranchTransfer_NT/Page_Frameworks (Demo)/div_2 - DEMONSTRATION BRANCH 002")): Object: 'Object Repository/TS1_BT_BranchTransfer_NT/Page_Frameworks (Demo)/div_2 - DEMONSTRATION BRANCH 002' is clicked on

01-12-2024T10:25:16 - [MESSAGE][PASSED] - Object: 'Object Repository/TS1_BT_BranchTransfer_NT/Page_Frameworks (Demo)/div_2 - DEMONSTRATION BRANCH 002' is clicked on

01-12-2024T10:25:16 - [TEST_STEP][PASSED] - click(findTestObject("Object Repository/TS1_BT_BranchTransfer_NT/Page_Frameworks (Demo)/img_Date Required_isc_FZ")): Object: 'Object Repository/TS1_BT_BranchTransfer_NT/Page_Frameworks (Demo)/img_Date Required_isc_FZ' is clicked on

01-12-2024T10:25:17 - [MESSAGE][PASSED] - Object: 'Object Repository/TS1_BT_BranchTransfer_NT/Page_Frameworks (Demo)/img_Date Required_isc_FZ' is clicked on

01-12-2024T10:25:18 - [TEST_STEP][PASSED] - click(findTestObject("Object Repository/TS1_BT_BranchTransfer_NT/Page_Frameworks (Demo)/td_Today")): Object: 'Object Repository/TS1_BT_BranchTransfer_NT/Page_Frameworks (Demo)/td_Today' is clicked on

01-12-2024T10:25:19 - [MESSAGE][PASSED] - Object: 'Object Repository/TS1_BT_BranchTransfer_NT/Page_Frameworks (Demo)/td_Today' is clicked on

01-12-2024T10:25:19 - [TEST_STEP][PASSED] - click(findTestObject("Object Repository/TS1_BT_BranchTransfer_NT/Page_Frameworks (Demo)/img_Shipping Basis_isc_GD")): Object: 'Object Repository/TS1_BT_BranchTransfer_NT/Page_Frameworks (Demo)/img_Shipping Basis_isc_GD' is clicked on

01-12-2024T10:25:20 - [MESSAGE][PASSED] - Object: 'Object Repository/TS1_BT_BranchTransfer_NT/Page_Frameworks (Demo)/img_Shipping Basis_isc_GD' is clicked on

01-12-2024T10:25:20 - [TEST_STEP][PASSED] - click(findTestObject("Object Repository/TS1_BT_BranchTransfer_NT/Page_Frameworks (Demo)/div_PU - PICK UP FROM SUPP")): Object: 'Object Repository/TS1_BT_BranchTransfer_NT/Page_Frameworks (Demo)/div_PU - PICK UP FROM SUPP' is clicked on

01-12-2024T10:25:21 - [MESSAGE][PASSED] - Object: 'Object Repository/TS1_BT_BranchTransfer_NT/Page_Frameworks (Demo)/div_PU - PICK UP FROM SUPP' is clicked on

01-12-2024T10:25:21 - [TEST_STEP][PASSED] - click(findTestObject("Object Repository/TS1_BT_BranchTransfer_NT/Page_Frameworks (Demo)/div_Pickup Method_isc_GY")): Object: 'Object Repository/TS1_BT_BranchTransfer_NT/Page_Frameworks (Demo)/div_Pickup Method_isc_GY' is clicked on

01-12-2024T10:25:22 - [MESSAGE][PASSED] - Object: 'Object Repository/TS1_BT_BranchTransfer_NT/Page_Frameworks (Demo)/div_Pickup Method_isc_GY' is clicked on

01-12-2024T10:25:22 - [TEST_STEP][PASSED] - click(findTestObject("Object Repository/TS1_BT_BranchTransfer_NT/Page_Frameworks (Demo)/div_PICKU - Pick up From Store")): Object: 'Object Repository/TS1_BT_BranchTransfer_NT/Page_Frameworks (Demo)/div_PICKU - Pick up From Store' is clicked on

01-12-2024T10:25:23 - [MESSAGE][PASSED] - Object: 'Object Repository/TS1_BT_BranchTransfer_NT/Page_Frameworks (Demo)/div_PICKU - Pick up From Store' is clicked on

01-12-2024T10:25:23 - [TEST_STEP][PASSED] - setText(findTestObject("Object Repository/TS1_BT_BranchTransfer_NT/Page_Frameworks (Demo)/input_Address_addressSupp1"), "Kimberley"): Text 'Kimberley' is set on object 'Object Repository/TS1_BT_BranchTransfer_NT/Page_Frameworks (Demo)/input_Address_addressSupp1'

01-12-2024T10:25:24 - [MESSAGE][PASSED] - Text 'Kimberley' is set on object 'Object Repository/TS1_BT_BranchTransfer_NT/Page_Frameworks (Demo)/input_Address_addressSupp1'

01-12-2024T10:25:24 - [TEST_STEP][PASSED] - click(findTestObject("Object Repository/TS1_BT_BranchTransfer_NT/Page_Frameworks (Demo)/td_Save (S)")): Object: 'Object Repository/TS1_BT_BranchTransfer_NT/Page_Frameworks (Demo)/td_Save (S)' is clicked on

01-12-2024T10:25:24 - [MESSAGE][PASSED] - Object: 'Object Repository/TS1_BT_BranchTransfer_NT/Page_Frameworks (Demo)/td_Save (S)' is clicked on

01-12-2024T10:25:24 - [TEST_STEP][PASSED] - PurchaseOrder = getText(findTestObject("Object Repository/TS1_BT_BranchTransfer_NT/Page_Frameworks (Demo)/purchaseOrderNo")): Text of object 'Object Repository/TS1_BT_BranchTransfer_NT/Page_Frameworks (Demo)/purchaseOrderNo' is: 'PO 950141'

01-12-2024T10:25:29 - [MESSAGE][PASSED] - Text of object 'Object Repository/TS1_BT_BranchTransfer_NT/Page_Frameworks (Demo)/purchaseOrderNo' is: 'PO 950141'

01-12-2024T10:25:29 - [TEST_STEP][PASSED] - setText(findTestObject("Object Repository/TS1_BT_BranchTransfer_NT/Page_Frameworks (Demo)/input_P_idProd"), "2014086"): Text '2014086' is set on object 'Object Repository/TS1_BT_BranchTransfer_NT/Page_Frameworks (Demo)/input_P_idProd'

01-12-2024T10:25:30 - [MESSAGE][PASSED] - Text '2014086' is set on object 'Object Repository/TS1_BT_BranchTransfer_NT/Page_Frameworks (Demo)/input_P_idProd'

01-12-2024T10:25:30 - [TEST_STEP][PASSED] - doubleClick(findTestObject("Object Repository/TS1_BT_BranchTransfer_NT/Page_Frameworks (Demo)/input_Quantity_qtyTran_1")): Object: 'Object Repository/TS1_BT_BranchTransfer_NT/Page_Frameworks (Demo)/input_Quantity_qtyTran_1' is double clicked on

01-12-2024T10:25:30 - [MESSAGE][PASSED] - Object: 'Object Repository/TS1_BT_BranchTransfer_NT/Page_Frameworks (Demo)/input_Quantity_qtyTran_1' is double clicked on

01-12-2024T10:25:30 - [TEST_STEP][PASSED] - sendKeys(findTestObject("Object Repository/TS1_BT_BranchTransfer_NT/Page_Frameworks (Demo)/input_Quantity_qtyTran_1"), "2"): Keys '2' sent to object: 'Object Repository/TS1_BT_BranchTransfer_NT/Page_Frameworks (Demo)/input_Quantity_qtyTran_1'

01-12-2024T10:25:31 - [MESSAGE][PASSED] - Keys '2' sent to object: 'Object Repository/TS1_BT_BranchTransfer_NT/Page_Frameworks (Demo)/input_Quantity_qtyTran_1'

01-12-2024T10:25:31 - [TEST_STEP][PASSED] - click(findTestObject("Object Repository/TS1_BT_BranchTransfer_NT/Page_Frameworks (Demo)/img_1")): Object: 'Object Repository/TS1_BT_BranchTransfer_NT/Page_Frameworks (Demo)/img_1' is clicked on

01-12-2024T10:25:32 - [MESSAGE][PASSED] - Object: 'Object Repository/TS1_BT_BranchTransfer_NT/Page_Frameworks (Demo)/img_1' is clicked on

01-12-2024T10:25:32 - [TEST_STEP][PASSED] - click(findTestObject("Object Repository/TS1_BT_BranchTransfer_NT/Page_Frameworks (Demo)/div_Actions")): Object: 'Object Repository/TS1_BT_BranchTransfer_NT/Page_Frameworks (Demo)/div_Actions' is clicked on

01-12-2024T10:25:34 - [MESSAGE][PASSED] - Object: 'Object Repository/TS1_BT_BranchTransfer_NT/Page_Frameworks (Demo)/div_Actions' is clicked on

01-12-2024T10:25:34 - [TEST_STEP][PASSED] - click(findTestObject("Object Repository/TS1_BT_BranchTransfer_NT/Page_Frameworks (Demo)/div_Finalise Transfer")): Object: 'Object Repository/TS1_BT_BranchTransfer_NT/Page_Frameworks (Demo)/div_Finalise Transfer' is clicked on

01-12-2024T10:25:35 - [MESSAGE][PASSED] - Object: 'Object Repository/TS1_BT_BranchTransfer_NT/Page_Frameworks (Demo)/div_Finalise Transfer' is clicked on

01-12-2024T10:25:35 - [TEST_STEP][PASSED] - click(findTestObject("Object Repository/TS1_BT_BranchTransfer_NT/Page_Frameworks (Demo)/td_Despatch Method_isc_17A")): Object: 'Object Repository/TS1_BT_BranchTransfer_NT/Page_Frameworks (Demo)/td_Despatch Method_isc_17A' is clicked on

01-12-2024T10:25:39 - [MESSAGE][PASSED] - Object: 'Object Repository/TS1_BT_BranchTransfer_NT/Page_Frameworks (Demo)/td_Despatch Method_isc_17A' is clicked on

01-12-2024T10:25:39 - [TEST_STEP][PASSED] - click(findTestObject("Object Repository/TS1_BT_BranchTransfer_NT/Page_Frameworks (Demo)/div_PICKU - Pick up From Store_1")): Object: 'Object Repository/TS1_BT_BranchTransfer_NT/Page_Frameworks (Demo)/div_PICKU - Pick up From Store_1' is clicked on

01-12-2024T10:25:40 - [MESSAGE][PASSED] - Object: 'Object Repository/TS1_BT_BranchTransfer_NT/Page_Frameworks (Demo)/div_PICKU - Pick up From Store_1' is clicked on

01-12-2024T10:25:40 - [TEST_STEP][PASSED] - click(findTestObject("Object Repository/TS1_BT_BranchTransfer_NT/Page_Frameworks (Demo)/td_Save (S)_1_2")): Object: 'Object Repository/TS1_BT_BranchTransfer_NT/Page_Frameworks (Demo)/td_Save (S)_1_2' is clicked on

01-12-2024T10:25:42 - [MESSAGE][PASSED] - Object: 'Object Repository/TS1_BT_BranchTransfer_NT/Page_Frameworks (Demo)/td_Save (S)_1_2' is clicked on

01-12-2024T10:25:42 - [TEST_STEP][PASSED] - SalesOrder = getText(findTestObject("Object Repository/TS1_BT_BranchTransfer_NT/Page_Frameworks (Demo)/a_Tfer SO")): Text of object 'Object Repository/TS1_BT_BranchTransfer_NT/Page_Frameworks (Demo)/a_Tfer SO' is: 'Tfer SO: 401508'

01-12-2024T10:25:43 - [MESSAGE][PASSED] - Text of object 'Object Repository/TS1_BT_BranchTransfer_NT/Page_Frameworks (Demo)/a_Tfer SO' is: 'Tfer SO: 401508'

01-12-2024T10:25:43 - [TEST_STEP][PASSED] - println(SalesOrder): null

01-12-2024T10:25:43 - [TEST_STEP][PASSED] - println(PurchaseOrder): null

01-12-2024T10:25:43 - [TEST_STEP][PASSED] - sourceFile = new java.io.FileInputStream(ExcelFile): null

01-12-2024T10:25:43 - [TEST_STEP][PASSED] - workbook = new org.apache.poi.xssf.usermodel.XSSFWorkbook(sourceFile): null

01-12-2024T10:25:44 - [TEST_STEP][PASSED] - sheet = workbook.getSheet("Sheet1"): null

01-12-2024T10:25:44 - [TEST_STEP][PASSED] - row = sheet.getRow(0): null

01-12-2024T10:25:44 - [TEST_STEP][PASSED] - cell = row.getCell(1): null

01-12-2024T10:25:44 - [TEST_STEP][PASSED] - row = sheet.createRow(1): null

01-12-2024T10:25:44 - [TEST_STEP][PASSED] - cell = row.createCell(0): null

01-12-2024T10:25:44 - [TEST_STEP][PASSED] - cell.setCellValue("Purchase Order"): null

01-12-2024T10:25:44 - [TEST_STEP][PASSED] - cell = row.createCell(1): null

01-12-2024T10:25:44 - [TEST_STEP][PASSED] - cell.setCellValue(PurchaseOrder): null

01-12-2024T10:25:44 - [TEST_STEP][PASSED] - row = sheet.createRow(2): null

01-12-2024T10:25:44 - [TEST_STEP][PASSED] - cell = row.createCell(0): null

01-12-2024T10:25:44 - [TEST_STEP][PASSED] - cell.setCellValue("Sales Order"): null

01-12-2024T10:25:44 - [TEST_STEP][PASSED] - cell = row.createCell(1): null

01-12-2024T10:25:44 - [TEST_STEP][PASSED] - cell.setCellValue(SalesOrder): null

01-12-2024T10:25:44 - [TEST_STEP][PASSED] - fos = new java.io.FileOutputStream(ExcelFile): null

01-12-2024T10:25:44 - [TEST_STEP][PASSED] - workbook.write(fos): null

01-12-2024T10:25:45 - [TEST_STEP][PASSED] - fos.close(): null

01-12-2024T10:25:45 - [TEST_STEP][PASSED] - sourceFile.close(): null

01-12-2024T10:25:45 - [TEST_STEP][PASSED] - click(findTestObject("Object Repository/TS1_BT_BranchTransfer_NT/Page_Frameworks (Demo)/img_dropdownLogout")): Object: 'Object Repository/TS1_BT_BranchTransfer_NT/Page_Frameworks (Demo)/img_dropdownLogout' is clicked on

01-12-2024T10:25:45 - [MESSAGE][PASSED] - Object: 'Object Repository/TS1_BT_BranchTransfer_NT/Page_Frameworks (Demo)/img_dropdownLogout' is clicked on

01-12-2024T10:25:45 - [TEST_STEP][PASSED] - click(findTestObject("Object Repository/TS1_BT_BranchTransfer_NT/Page_Frameworks (Demo)/td_Logout")): Object: 'Object Repository/TS1_BT_BranchTransfer_NT/Page_Frameworks (Demo)/td_Logout' is clicked on

01-12-2024T10:25:46 - [MESSAGE][PASSED] - Object: 'Object Repository/TS1_BT_BranchTransfer_NT/Page_Frameworks (Demo)/td_Logout' is clicked on]]></system-out>
         <system-err><![CDATA[]]></system-err>
      </testcase>
      <testcase name="Test Cases/Nortruss Instance/BranchTransfer_Module/TS1_BT_BranchTransfer/Pick_Release_SO_NT" time="58.93" classname="Test Cases/Nortruss Instance/BranchTransfer_Module/TS1_BT_BranchTransfer/Pick_Release_SO_NT" status="PASSED">
         <system-out><![CDATA[01-12-2024T10:25:46 - [TEST_CASE][PASSED] - Test Cases/Nortruss Instance/BranchTransfer_Module/TS1_BT_BranchTransfer/Pick_Release_SO_NT: Test Cases/Nortruss Instance/BranchTransfer_Module/TS1_BT_BranchTransfer/Pick_Release_SO_NT

01-12-2024T10:25:47 - [TEST_STEP][PASSED] - sourceFile = new java.io.FileInputStream(ExcelFile): null

01-12-2024T10:25:47 - [TEST_STEP][PASSED] - workbook = new org.apache.poi.xssf.usermodel.XSSFWorkbook(sourceFile): null

01-12-2024T10:25:47 - [TEST_STEP][PASSED] - sheet = workbook.getSheet("Sheet1"): null

01-12-2024T10:25:47 - [TEST_STEP][PASSED] - row = sheet.getRow(2): null

01-12-2024T10:25:47 - [TEST_STEP][PASSED] - cell = row.getCell(1): null

01-12-2024T10:25:47 - [TEST_STEP][PASSED] - SalesOrder = cell.getStringCellValue(): null

01-12-2024T10:25:47 - [TEST_STEP][PASSED] - SalesOrder = SalesOrder.replace("Tfer SO: ", ""): null

01-12-2024T10:25:47 - [TEST_STEP][PASSED] - println(SalesOrder): null

01-12-2024T10:25:47 - [TEST_STEP][PASSED] - sourceFile.close(): null

01-12-2024T10:25:47 - [TEST_STEP][PASSED] - openBrowser(""): Browser is opened with url: ''

01-12-2024T10:25:47 - [MESSAGE][WARNING] - A browser is already opened. Closing browser and opening a new one

01-12-2024T10:25:49 - [MESSAGE][INFO] - Starting 'Chrome' driver

01-12-2024T10:25:49 - [MESSAGE][INFO] - Action delay is set to 0 milliseconds

01-12-2024T10:25:50 - [MESSAGE][PASSED] - Browser is opened with url: ''

01-12-2024T10:25:50 - [TEST_STEP][PASSED] - maximizeWindow(): Current window maximized

01-12-2024T10:25:51 - [MESSAGE][PASSED] - Current window maximized

01-12-2024T10:25:51 - [TEST_STEP][PASSED] - navigateToUrl("http://frameworks.nt.nortruss.com.au:8080/FWDemo/Fluid.html#homeDashboard,dash,Frameworks.Activity.Menu.HomeDashBoard"): Navigate to 'http://frameworks.nt.nortruss.com.au:8080/FWDemo/Fluid.html#homeDashboard,dash,Frameworks.Activity.Menu.HomeDashBoard' successfully

01-12-2024T10:26:02 - [MESSAGE][PASSED] - Navigate to 'http://frameworks.nt.nortruss.com.au:8080/FWDemo/Fluid.html#homeDashboard,dash,Frameworks.Activity.Menu.HomeDashBoard' successfully

01-12-2024T10:26:02 - [TEST_STEP][PASSED] - setText(findTestObject("Object Repository/TS1_BT_BranchTransfer_NT/Page_Frameworks (Demo)/input_User ID_userid"), "manaki"): Text 'manaki' is set on object 'Object Repository/TS1_BT_BranchTransfer_NT/Page_Frameworks (Demo)/input_User ID_userid'

01-12-2024T10:26:09 - [MESSAGE][PASSED] - Text 'manaki' is set on object 'Object Repository/TS1_BT_BranchTransfer_NT/Page_Frameworks (Demo)/input_User ID_userid'

01-12-2024T10:26:09 - [TEST_STEP][PASSED] - setEncryptedText(findTestObject("Object Repository/TS1_BT_BranchTransfer_NT/Page_Frameworks (Demo)/input_Password_password"), "C5+8mNJ15mA="): Text ****** has been set on object 'Object Repository/TS1_BT_BranchTransfer_NT/Page_Frameworks (Demo)/input_Password_password'

01-12-2024T10:26:09 - [MESSAGE][PASSED] - Text ****** has been set on object 'Object Repository/TS1_BT_BranchTransfer_NT/Page_Frameworks (Demo)/input_Password_password'

01-12-2024T10:26:09 - [TEST_STEP][PASSED] - click(findTestObject("Object Repository/TS1_BT_BranchTransfer_NT/Page_Frameworks (Demo)/div_Login")): Object: 'Object Repository/TS1_BT_BranchTransfer_NT/Page_Frameworks (Demo)/div_Login' is clicked on

01-12-2024T10:26:10 - [MESSAGE][PASSED] - Object: 'Object Repository/TS1_BT_BranchTransfer_NT/Page_Frameworks (Demo)/div_Login' is clicked on

01-12-2024T10:26:10 - [TEST_STEP][PASSED] - click(findTestObject("Object Repository/TS1_BT_BranchTransfer_NT/Page_Frameworks (Demo)/img_FW")): Object: 'Object Repository/TS1_BT_BranchTransfer_NT/Page_Frameworks (Demo)/img_FW' is clicked on

01-12-2024T10:26:14 - [MESSAGE][PASSED] - Object: 'Object Repository/TS1_BT_BranchTransfer_NT/Page_Frameworks (Demo)/img_FW' is clicked on

01-12-2024T10:26:14 - [TEST_STEP][PASSED] - click(findTestObject("Object Repository/TS1_BT_BranchTransfer_NT/Page_Frameworks (Demo)/b_Transaction Processing")): Object: 'Object Repository/TS1_BT_BranchTransfer_NT/Page_Frameworks (Demo)/b_Transaction Processing' is clicked on

01-12-2024T10:26:15 - [MESSAGE][PASSED] - Object: 'Object Repository/TS1_BT_BranchTransfer_NT/Page_Frameworks (Demo)/b_Transaction Processing' is clicked on

01-12-2024T10:26:15 - [TEST_STEP][PASSED] - click(findTestObject("Object Repository/TS1_BT_BranchTransfer_NT/Page_Frameworks (Demo)/td_Sales Orders")): Object: 'Object Repository/TS1_BT_BranchTransfer_NT/Page_Frameworks (Demo)/td_Sales Orders' is clicked on

01-12-2024T10:26:16 - [MESSAGE][PASSED] - Object: 'Object Repository/TS1_BT_BranchTransfer_NT/Page_Frameworks (Demo)/td_Sales Orders' is clicked on

01-12-2024T10:26:16 - [TEST_STEP][PASSED] - setText(findTestObject("Object Repository/TS1_BT_BranchTransfer_NT/Page_Frameworks (Demo)/Sales_Td"), SalesOrder): Text '401508' is set on object 'Object Repository/TS1_BT_BranchTransfer_NT/Page_Frameworks (Demo)/Sales_Td'

01-12-2024T10:26:19 - [MESSAGE][PASSED] - Text '401508' is set on object 'Object Repository/TS1_BT_BranchTransfer_NT/Page_Frameworks (Demo)/Sales_Td'

01-12-2024T10:26:19 - [TEST_STEP][PASSED] - click(findTestObject("Object Repository/TS1_BT_BranchTransfer_NT/Page_Frameworks (Demo)/div_Find")): Object: 'Object Repository/TS1_BT_BranchTransfer_NT/Page_Frameworks (Demo)/div_Find' is clicked on

01-12-2024T10:26:20 - [MESSAGE][PASSED] - Object: 'Object Repository/TS1_BT_BranchTransfer_NT/Page_Frameworks (Demo)/div_Find' is clicked on

01-12-2024T10:26:20 - [TEST_STEP][PASSED] - click(findTestObject("Object Repository/TS1_BT_BranchTransfer_NT/Page_Frameworks (Demo)/a_00401492")): Object: 'Object Repository/TS1_BT_BranchTransfer_NT/Page_Frameworks (Demo)/a_00401492' is clicked on

01-12-2024T10:26:21 - [MESSAGE][PASSED] - Object: 'Object Repository/TS1_BT_BranchTransfer_NT/Page_Frameworks (Demo)/a_00401492' is clicked on

01-12-2024T10:26:21 - [TEST_STEP][PASSED] - setEncryptedText(findTestObject("Object Repository/TS1_BT_BranchTransfer_NT/Page_Frameworks (Demo)/input_Operator No_operatorId"), "uzzxF8+Oh1A="): Text ****** has been set on object 'Object Repository/TS1_BT_BranchTransfer_NT/Page_Frameworks (Demo)/input_Operator No_operatorId'

01-12-2024T10:26:26 - [MESSAGE][PASSED] - Text ****** has been set on object 'Object Repository/TS1_BT_BranchTransfer_NT/Page_Frameworks (Demo)/input_Operator No_operatorId'

01-12-2024T10:26:26 - [TEST_STEP][PASSED] - setEncryptedText(findTestObject("Object Repository/TS1_BT_BranchTransfer_NT/Page_Frameworks (Demo)/input_PIN_pin"), "uzzxF8+Oh1A="): Text ****** has been set on object 'Object Repository/TS1_BT_BranchTransfer_NT/Page_Frameworks (Demo)/input_PIN_pin'

01-12-2024T10:26:26 - [MESSAGE][PASSED] - Text ****** has been set on object 'Object Repository/TS1_BT_BranchTransfer_NT/Page_Frameworks (Demo)/input_PIN_pin'

01-12-2024T10:26:26 - [TEST_STEP][PASSED] - click(findTestObject("Object Repository/TS1_BT_BranchTransfer_NT/Page_Frameworks (Demo)/td_OK")): Object: 'Object Repository/TS1_BT_BranchTransfer_NT/Page_Frameworks (Demo)/td_OK' is clicked on

01-12-2024T10:26:27 - [MESSAGE][PASSED] - Object: 'Object Repository/TS1_BT_BranchTransfer_NT/Page_Frameworks (Demo)/td_OK' is clicked on

01-12-2024T10:26:27 - [TEST_STEP][PASSED] - SalesOrderValidate = getText(findTestObject("Object Repository/TS1_BT_BranchTransfer_NT/Page_Frameworks (Demo)/span_SO 4014940")): Text of object 'Object Repository/TS1_BT_BranchTransfer_NT/Page_Frameworks (Demo)/span_SO 4014940' is: 'SO 401508/0'

01-12-2024T10:26:29 - [MESSAGE][PASSED] - Text of object 'Object Repository/TS1_BT_BranchTransfer_NT/Page_Frameworks (Demo)/span_SO 4014940' is: 'SO 401508/0'

01-12-2024T10:26:29 - [TEST_STEP][PASSED] - SalesOrderValidate = SalesOrderValidate.replace("SO ", ""): null

01-12-2024T10:26:29 - [TEST_STEP][PASSED] - SalesOrderValidate = SalesOrderValidate.replace("/0", ""): null

01-12-2024T10:26:29 - [TEST_STEP][PASSED] - if (SalesOrder == SalesOrderValidate): Object: 'Object Repository/TS1_BT_BranchTransfer_NT/Page_Frameworks (Demo)/td_Logout' is clicked on

01-12-2024T10:26:29 - [TEST_STEP][PASSED] - println("yes it is same" + SalesOrder): null

01-12-2024T10:26:29 - [TEST_STEP][PASSED] - click(findTestObject("Object Repository/TS1_BT_BranchTransfer_NT/Page_Frameworks (Demo)/div_Actions")): Object: 'Object Repository/TS1_BT_BranchTransfer_NT/Page_Frameworks (Demo)/div_Actions' is clicked on

01-12-2024T10:26:30 - [MESSAGE][PASSED] - Object: 'Object Repository/TS1_BT_BranchTransfer_NT/Page_Frameworks (Demo)/div_Actions' is clicked on

01-12-2024T10:26:30 - [TEST_STEP][PASSED] - click(findTestObject("Object Repository/TS1_BT_BranchTransfer_NT/Page_Frameworks (Demo)/div_Pick  Release")): Object: 'Object Repository/TS1_BT_BranchTransfer_NT/Page_Frameworks (Demo)/div_Pick  Release' is clicked on

01-12-2024T10:26:31 - [MESSAGE][PASSED] - Object: 'Object Repository/TS1_BT_BranchTransfer_NT/Page_Frameworks (Demo)/div_Pick  Release' is clicked on

01-12-2024T10:26:31 - [TEST_STEP][PASSED] - click(findTestObject("Object Repository/TS1_BT_BranchTransfer_NT/Page_Frameworks (Demo)/div_Pick All")): Object: 'Object Repository/TS1_BT_BranchTransfer_NT/Page_Frameworks (Demo)/div_Pick All' is clicked on

01-12-2024T10:26:36 - [MESSAGE][PASSED] - Object: 'Object Repository/TS1_BT_BranchTransfer_NT/Page_Frameworks (Demo)/div_Pick All' is clicked on

01-12-2024T10:26:36 - [TEST_STEP][PASSED] - click(findTestObject("Object Repository/TS1_BT_BranchTransfer_NT/Page_Frameworks (Demo)/div_Complete Picking")): Object: 'Object Repository/TS1_BT_BranchTransfer_NT/Page_Frameworks (Demo)/div_Complete Picking' is clicked on

01-12-2024T10:26:37 - [MESSAGE][PASSED] - Object: 'Object Repository/TS1_BT_BranchTransfer_NT/Page_Frameworks (Demo)/div_Complete Picking' is clicked on

01-12-2024T10:26:37 - [TEST_STEP][PASSED] - click(findTestObject("Object Repository/TS1_BT_BranchTransfer_NT/Page_Frameworks (Demo)/div_Release Order")): Object: 'Object Repository/TS1_BT_BranchTransfer_NT/Page_Frameworks (Demo)/div_Release Order' is clicked on

01-12-2024T10:26:39 - [MESSAGE][PASSED] - Object: 'Object Repository/TS1_BT_BranchTransfer_NT/Page_Frameworks (Demo)/div_Release Order' is clicked on

01-12-2024T10:26:39 - [TEST_STEP][PASSED] - click(findTestObject("Object Repository/TS1_BT_BranchTransfer_NT/Page_Frameworks (Demo)/div_Print Delivery Docket_isc_1IB")): Object: 'Object Repository/TS1_BT_BranchTransfer_NT/Page_Frameworks (Demo)/div_Print Delivery Docket_isc_1IB' is clicked on

01-12-2024T10:26:41 - [MESSAGE][PASSED] - Object: 'Object Repository/TS1_BT_BranchTransfer_NT/Page_Frameworks (Demo)/div_Print Delivery Docket_isc_1IB' is clicked on

01-12-2024T10:26:41 - [TEST_STEP][PASSED] - click(findTestObject("Object Repository/TS1_BT_BranchTransfer_NT/Page_Frameworks (Demo)/td_Release (S)")): Object: 'Object Repository/TS1_BT_BranchTransfer_NT/Page_Frameworks (Demo)/td_Release (S)' is clicked on

01-12-2024T10:26:43 - [MESSAGE][PASSED] - Object: 'Object Repository/TS1_BT_BranchTransfer_NT/Page_Frameworks (Demo)/td_Release (S)' is clicked on

01-12-2024T10:26:43 - [TEST_STEP][PASSED] - click(findTestObject("Object Repository/TS1_BT_BranchTransfer_NT/Page_Frameworks (Demo)/img_dropdownLogout")): Object: 'Object Repository/TS1_BT_BranchTransfer_NT/Page_Frameworks (Demo)/img_dropdownLogout' is clicked on

01-12-2024T10:26:44 - [MESSAGE][PASSED] - Object: 'Object Repository/TS1_BT_BranchTransfer_NT/Page_Frameworks (Demo)/img_dropdownLogout' is clicked on

01-12-2024T10:26:44 - [TEST_STEP][PASSED] - click(findTestObject("Object Repository/TS1_BT_BranchTransfer_NT/Page_Frameworks (Demo)/td_Logout")): Object: 'Object Repository/TS1_BT_BranchTransfer_NT/Page_Frameworks (Demo)/td_Logout' is clicked on

01-12-2024T10:26:45 - [MESSAGE][PASSED] - Object: 'Object Repository/TS1_BT_BranchTransfer_NT/Page_Frameworks (Demo)/td_Logout' is clicked on]]></system-out>
         <system-err><![CDATA[]]></system-err>
      </testcase>
      <testcase name="Test Cases/Nortruss Instance/BranchTransfer_Module/TS1_BT_BranchTransfer/Stock_Receipt_NT" time="115.616" classname="Test Cases/Nortruss Instance/BranchTransfer_Module/TS1_BT_BranchTransfer/Stock_Receipt_NT" status="PASSED">
         <system-out><![CDATA[01-12-2024T10:26:45 - [TEST_CASE][PASSED] - Test Cases/Nortruss Instance/BranchTransfer_Module/TS1_BT_BranchTransfer/Stock_Receipt_NT: Test Cases/Nortruss Instance/BranchTransfer_Module/TS1_BT_BranchTransfer/Stock_Receipt_NT

01-12-2024T10:26:45 - [TEST_STEP][PASSED] - sourceFile = new java.io.FileInputStream(ExcelFile): null

01-12-2024T10:26:45 - [TEST_STEP][PASSED] - workbook = new org.apache.poi.xssf.usermodel.XSSFWorkbook(sourceFile): null

01-12-2024T10:26:45 - [TEST_STEP][PASSED] - sheet = workbook.getSheet("Sheet1"): null

01-12-2024T10:26:45 - [TEST_STEP][PASSED] - row = sheet.getRow(2): null

01-12-2024T10:26:45 - [TEST_STEP][PASSED] - cell = row.getCell(1): null

01-12-2024T10:26:45 - [TEST_STEP][PASSED] - SalesOrder = cell.getStringCellValue(): null

01-12-2024T10:26:45 - [TEST_STEP][PASSED] - SalesOrder = SalesOrder.replace("Tfer SO: ", ""): null

01-12-2024T10:26:45 - [TEST_STEP][PASSED] - println(SalesOrder): null

01-12-2024T10:26:46 - [TEST_STEP][PASSED] - row = sheet.getRow(1): null

01-12-2024T10:26:46 - [TEST_STEP][PASSED] - cell = row.getCell(1): null

01-12-2024T10:26:46 - [TEST_STEP][PASSED] - PurchaseOrder = cell.getStringCellValue(): null

01-12-2024T10:26:46 - [TEST_STEP][PASSED] - PurchaseOrder = PurchaseOrder.replace("PO ", ""): null

01-12-2024T10:26:46 - [TEST_STEP][PASSED] - println(PurchaseOrder): null

01-12-2024T10:26:46 - [TEST_STEP][PASSED] - sourceFile.close(): null

01-12-2024T10:26:46 - [TEST_STEP][PASSED] - openBrowser(""): Browser is opened with url: ''

01-12-2024T10:26:46 - [MESSAGE][WARNING] - A browser is already opened. Closing browser and opening a new one

01-12-2024T10:26:46 - [MESSAGE][INFO] - Starting 'Chrome' driver

01-12-2024T10:26:46 - [MESSAGE][INFO] - Action delay is set to 0 milliseconds

01-12-2024T10:26:47 - [MESSAGE][PASSED] - Browser is opened with url: ''

01-12-2024T10:26:47 - [TEST_STEP][PASSED] - maximizeWindow(): Current window maximized

01-12-2024T10:26:47 - [MESSAGE][PASSED] - Current window maximized

01-12-2024T10:26:47 - [TEST_STEP][PASSED] - navigateToUrl("http://frameworks.nt.nortruss.com.au:8080/FWDemo/Fluid.html#homeDashboard,dash,Frameworks.Activity.Menu.HomeDashBoard"): Navigate to 'http://frameworks.nt.nortruss.com.au:8080/FWDemo/Fluid.html#homeDashboard,dash,Frameworks.Activity.Menu.HomeDashBoard' successfully

01-12-2024T10:26:58 - [MESSAGE][PASSED] - Navigate to 'http://frameworks.nt.nortruss.com.au:8080/FWDemo/Fluid.html#homeDashboard,dash,Frameworks.Activity.Menu.HomeDashBoard' successfully

01-12-2024T10:26:58 - [TEST_STEP][PASSED] - setText(findTestObject("Object Repository/TS1_BT_BranchTransfer_NT/Page_Frameworks (Demo)/input_User ID_userid"), "manaki"): Text 'manaki' is set on object 'Object Repository/TS1_BT_BranchTransfer_NT/Page_Frameworks (Demo)/input_User ID_userid'

01-12-2024T10:27:07 - [MESSAGE][PASSED] - Text 'manaki' is set on object 'Object Repository/TS1_BT_BranchTransfer_NT/Page_Frameworks (Demo)/input_User ID_userid'

01-12-2024T10:27:07 - [TEST_STEP][PASSED] - setEncryptedText(findTestObject("Object Repository/TS1_BT_BranchTransfer_NT/Page_Frameworks (Demo)/input_Password_password"), "C5+8mNJ15mA="): Text ****** has been set on object 'Object Repository/TS1_BT_BranchTransfer_NT/Page_Frameworks (Demo)/input_Password_password'

01-12-2024T10:27:07 - [MESSAGE][PASSED] - Text ****** has been set on object 'Object Repository/TS1_BT_BranchTransfer_NT/Page_Frameworks (Demo)/input_Password_password'

01-12-2024T10:27:07 - [TEST_STEP][PASSED] - click(findTestObject("Object Repository/TS1_BT_BranchTransfer_NT/Page_Frameworks (Demo)/div_Login")): Object: 'Object Repository/TS1_BT_BranchTransfer_NT/Page_Frameworks (Demo)/div_Login' is clicked on

01-12-2024T10:27:08 - [MESSAGE][PASSED] - Object: 'Object Repository/TS1_BT_BranchTransfer_NT/Page_Frameworks (Demo)/div_Login' is clicked on

01-12-2024T10:27:08 - [TEST_STEP][PASSED] - click(findTestObject("Object Repository/TS1_BT_BranchTransfer_NT/Page_Frameworks (Demo)/img_FW")): Object: 'Object Repository/TS1_BT_BranchTransfer_NT/Page_Frameworks (Demo)/img_FW' is clicked on

01-12-2024T10:27:13 - [MESSAGE][PASSED] - Object: 'Object Repository/TS1_BT_BranchTransfer_NT/Page_Frameworks (Demo)/img_FW' is clicked on

01-12-2024T10:27:13 - [TEST_STEP][PASSED] - click(findTestObject("Object Repository/TS1_BT_BranchTransfer_NT/Page_Frameworks (Demo)/b_Purchasing  Receipting")): Object: 'Object Repository/TS1_BT_BranchTransfer_NT/Page_Frameworks (Demo)/b_Purchasing  Receipting' is clicked on

01-12-2024T10:27:14 - [MESSAGE][PASSED] - Object: 'Object Repository/TS1_BT_BranchTransfer_NT/Page_Frameworks (Demo)/b_Purchasing  Receipting' is clicked on

01-12-2024T10:27:14 - [TEST_STEP][PASSED] - click(findTestObject("Object Repository/TS1_BT_BranchTransfer_NT/Page_Frameworks (Demo)/b_Transaction Processing_1")): Object: 'Object Repository/TS1_BT_BranchTransfer_NT/Page_Frameworks (Demo)/b_Transaction Processing_1' is clicked on

01-12-2024T10:27:14 - [MESSAGE][PASSED] - Object: 'Object Repository/TS1_BT_BranchTransfer_NT/Page_Frameworks (Demo)/b_Transaction Processing_1' is clicked on

01-12-2024T10:27:14 - [TEST_STEP][PASSED] - click(findTestObject("Object Repository/TS1_BT_BranchTransfer_NT/Page_Frameworks (Demo)/td_Stock Receipting")): Object: 'Object Repository/TS1_BT_BranchTransfer_NT/Page_Frameworks (Demo)/td_Stock Receipting' is clicked on

01-12-2024T10:27:15 - [MESSAGE][PASSED] - Object: 'Object Repository/TS1_BT_BranchTransfer_NT/Page_Frameworks (Demo)/td_Stock Receipting' is clicked on

01-12-2024T10:27:15 - [TEST_STEP][PASSED] - setText(findTestObject("Object Repository/TS1_BT_BranchTransfer_NT/Page_Frameworks (Demo)/input_Order_orderNo"), PurchaseOrder): Text '950141' is set on object 'Object Repository/TS1_BT_BranchTransfer_NT/Page_Frameworks (Demo)/input_Order_orderNo'

01-12-2024T10:27:46 - [MESSAGE][INFO] - Unable to find the element located by 'By.xpath: //input[@id='isc_9C']'. Please recheck the objects properties to make sure the desired element is located. 

01-12-2024T10:27:46 - [MESSAGE][WARNING] - [SELF-HEALING] Failed to find element with id 'Object Repository/TS1_BT_BranchTransfer_NT/Page_Frameworks (Demo)/input_Order_orderNo'. Try using Self-healing.

01-12-2024T10:27:47 - [MESSAGE][INFO] - [SELF-HEALING] Working Locator: '//input[@id='isc_8Z']'.

01-12-2024T10:27:47 - [MESSAGE][INFO] - [SELF-HEALING] Screenshot: C:/Users/azureuser/git/frameworks-regression-test-automation/Reports/Self-healing/Object Repository/TS1_BT_BranchTransfer_NT/Page_Frameworks (Demo)/input_Order_orderNo_attributes.png

01-12-2024T10:27:47 - [MESSAGE][WARNING] - [SELF-HEALING] The current locator of test object 'Object Repository/TS1_BT_BranchTransfer_NT/Page_Frameworks (Demo)/input_Order_orderNo' was broken. Propose an alternative one: '//input[@id='isc_8Z']'.

01-12-2024T10:28:18 - [MESSAGE][INFO] - Unable to find the element located by 'By.xpath: //input[@id='isc_9C']'. Please recheck the objects properties to make sure the desired element is located. 

01-12-2024T10:28:18 - [MESSAGE][WARNING] - [SELF-HEALING] Failed to find element with id 'Object Repository/TS1_BT_BranchTransfer_NT/Page_Frameworks (Demo)/input_Order_orderNo'. Try using Self-healing.

01-12-2024T10:28:19 - [MESSAGE][WARNING] - [SELF-HEALING] The current locator of test object 'Object Repository/TS1_BT_BranchTransfer_NT/Page_Frameworks (Demo)/input_Order_orderNo' was broken. Propose an alternative one: '//input[@id='isc_8Z']'.

01-12-2024T10:28:19 - [MESSAGE][PASSED] - Text '950141' is set on object 'Object Repository/TS1_BT_BranchTransfer_NT/Page_Frameworks (Demo)/input_Order_orderNo'

01-12-2024T10:28:19 - [TEST_STEP][PASSED] - click(findTestObject("Object Repository/TS1_BT_BranchTransfer_NT/Page_Frameworks (Demo)/div_Find")): Object: 'Object Repository/TS1_BT_BranchTransfer_NT/Page_Frameworks (Demo)/div_Find' is clicked on

01-12-2024T10:28:20 - [MESSAGE][PASSED] - Object: 'Object Repository/TS1_BT_BranchTransfer_NT/Page_Frameworks (Demo)/div_Find' is clicked on

01-12-2024T10:28:20 - [TEST_STEP][PASSED] - click(findTestObject("Object Repository/TS1_BT_BranchTransfer_NT/Page_Frameworks (Demo)/a_00950125")): Object: 'Object Repository/TS1_BT_BranchTransfer_NT/Page_Frameworks (Demo)/a_00950125' is clicked on

01-12-2024T10:28:21 - [MESSAGE][PASSED] - Object: 'Object Repository/TS1_BT_BranchTransfer_NT/Page_Frameworks (Demo)/a_00950125' is clicked on

01-12-2024T10:28:21 - [TEST_STEP][PASSED] - setText(findTestObject("Object Repository/TS1_BT_BranchTransfer_NT/Page_Frameworks (Demo)/input_Docket Number_refSuppDocket"), SalesOrder): Text '401508' is set on object 'Object Repository/TS1_BT_BranchTransfer_NT/Page_Frameworks (Demo)/input_Docket Number_refSuppDocket'

01-12-2024T10:28:25 - [MESSAGE][PASSED] - Text '401508' is set on object 'Object Repository/TS1_BT_BranchTransfer_NT/Page_Frameworks (Demo)/input_Docket Number_refSuppDocket'

01-12-2024T10:28:25 - [TEST_STEP][PASSED] - click(findTestObject("Object Repository/TS1_BT_BranchTransfer_NT/Page_Frameworks (Demo)/div_Receipt Goods")): Object: 'Object Repository/TS1_BT_BranchTransfer_NT/Page_Frameworks (Demo)/div_Receipt Goods' is clicked on

01-12-2024T10:28:25 - [MESSAGE][PASSED] - Object: 'Object Repository/TS1_BT_BranchTransfer_NT/Page_Frameworks (Demo)/div_Receipt Goods' is clicked on

01-12-2024T10:28:25 - [TEST_STEP][PASSED] - click(findTestObject("Object Repository/TS1_BT_BranchTransfer_NT/Page_Frameworks (Demo)/img")): Object: 'Object Repository/TS1_BT_BranchTransfer_NT/Page_Frameworks (Demo)/img' is clicked on

01-12-2024T10:28:27 - [MESSAGE][PASSED] - Object: 'Object Repository/TS1_BT_BranchTransfer_NT/Page_Frameworks (Demo)/img' is clicked on

01-12-2024T10:28:27 - [TEST_STEP][PASSED] - setText(findTestObject("Object Repository/TS1_BT_BranchTransfer_NT/Page_Frameworks (Demo)/input_Product_ProdId"), "2014086"): Text '2014086' is set on object 'Object Repository/TS1_BT_BranchTransfer_NT/Page_Frameworks (Demo)/input_Product_ProdId'

01-12-2024T10:28:31 - [MESSAGE][PASSED] - Text '2014086' is set on object 'Object Repository/TS1_BT_BranchTransfer_NT/Page_Frameworks (Demo)/input_Product_ProdId'

01-12-2024T10:28:31 - [TEST_STEP][PASSED] - click(findTestObject("Object Repository/TS1_BT_BranchTransfer_NT/Page_Frameworks (Demo)/td_Find")): Object: 'Object Repository/TS1_BT_BranchTransfer_NT/Page_Frameworks (Demo)/td_Find' is clicked on

01-12-2024T10:28:32 - [MESSAGE][PASSED] - Object: 'Object Repository/TS1_BT_BranchTransfer_NT/Page_Frameworks (Demo)/td_Find' is clicked on

01-12-2024T10:28:32 - [TEST_STEP][PASSED] - scrollToElement(findTestObject("Object Repository/TS1_BT_BranchTransfer_NT/Page_Frameworks (Demo)/div_Stock Movements"), 30): Scroll to object 'Object Repository/TS1_BT_BranchTransfer_NT/Page_Frameworks (Demo)/div_Stock Movements' successfully

01-12-2024T10:28:34 - [MESSAGE][PASSED] - Scroll to object 'Object Repository/TS1_BT_BranchTransfer_NT/Page_Frameworks (Demo)/div_Stock Movements' successfully

01-12-2024T10:28:34 - [TEST_STEP][PASSED] - click(findTestObject("Object Repository/TS1_BT_BranchTransfer_NT/Page_Frameworks (Demo)/div_Stock Movements")): Object: 'Object Repository/TS1_BT_BranchTransfer_NT/Page_Frameworks (Demo)/div_Stock Movements' is clicked on

01-12-2024T10:28:35 - [MESSAGE][PASSED] - Object: 'Object Repository/TS1_BT_BranchTransfer_NT/Page_Frameworks (Demo)/div_Stock Movements' is clicked on

01-12-2024T10:28:35 - [TEST_STEP][PASSED] - click(findTestObject("Object Repository/TS1_BT_BranchTransfer_NT/Page_Frameworks (Demo)/img_Branch_isc_1RO")): Object: 'Object Repository/TS1_BT_BranchTransfer_NT/Page_Frameworks (Demo)/img_Branch_isc_1RO' is clicked on

01-12-2024T10:28:37 - [MESSAGE][PASSED] - Object: 'Object Repository/TS1_BT_BranchTransfer_NT/Page_Frameworks (Demo)/img_Branch_isc_1RO' is clicked on

01-12-2024T10:28:37 - [TEST_STEP][PASSED] - click(findTestObject("Object Repository/TS1_BT_BranchTransfer_NT/Page_Frameworks (Demo)/div_2 - DEMONSTRATION BRANCH 002")): Object: 'Object Repository/TS1_BT_BranchTransfer_NT/Page_Frameworks (Demo)/div_2 - DEMONSTRATION BRANCH 002' is clicked on

01-12-2024T10:28:38 - [MESSAGE][PASSED] - Object: 'Object Repository/TS1_BT_BranchTransfer_NT/Page_Frameworks (Demo)/div_2 - DEMONSTRATION BRANCH 002' is clicked on

01-12-2024T10:28:38 - [TEST_STEP][PASSED] - click(findTestObject("Object Repository/TS1_BT_BranchTransfer_NT/Page_Frameworks (Demo)/img_Exclude Zero_isc_1RYicon")): Object: 'Object Repository/TS1_BT_BranchTransfer_NT/Page_Frameworks (Demo)/img_Exclude Zero_isc_1RYicon' is clicked on

01-12-2024T10:28:39 - [MESSAGE][PASSED] - Object: 'Object Repository/TS1_BT_BranchTransfer_NT/Page_Frameworks (Demo)/img_Exclude Zero_isc_1RYicon' is clicked on

01-12-2024T10:28:39 - [TEST_STEP][PASSED] - click(findTestObject("Object Repository/TS1_BT_BranchTransfer_NT/Page_Frameworks (Demo)/img_dropdownLogout")): Object: 'Object Repository/TS1_BT_BranchTransfer_NT/Page_Frameworks (Demo)/img_dropdownLogout' is clicked on

01-12-2024T10:28:40 - [MESSAGE][PASSED] - Object: 'Object Repository/TS1_BT_BranchTransfer_NT/Page_Frameworks (Demo)/img_dropdownLogout' is clicked on

01-12-2024T10:28:40 - [TEST_STEP][PASSED] - click(findTestObject("Object Repository/TS1_BT_BranchTransfer_NT/Page_Frameworks (Demo)/td_Logout")): Object: 'Object Repository/TS1_BT_BranchTransfer_NT/Page_Frameworks (Demo)/td_Logout' is clicked on

01-12-2024T10:28:40 - [MESSAGE][PASSED] - Object: 'Object Repository/TS1_BT_BranchTransfer_NT/Page_Frameworks (Demo)/td_Logout' is clicked on]]></system-out>
         <system-err><![CDATA[]]></system-err>
      </testcase>
      <system-out><![CDATA[01-12-2024T10:24:37 - [TEST_SUITE][PASSED] - TS1_BT_BranchTransfer_NT: Test Cases/Nortruss Instance/BranchTransfer_Module/TS1_BT_BranchTransfer/Stock_Receipt_NT]]></system-out>
      <system-err><![CDATA[]]></system-err>
   </testsuite>
</testsuites>
