<?xml version="1.0" encoding="UTF-8"?>
<testsuites name="TS1_SO_SalesOrder_Account" time="92.624" tests="2" failures="0" errors="0">
   <testsuite name="TS1_SO_SalesOrder_Account" tests="2" failures="0" errors="0" time="92.624" skipped="0" timestamp="16-09-2024T23:01:03" hostname="User - ROG" id="Test Suites/DBC_Instance/SalesOrders_Module/New_Interface/TS1_SO_SalesOrder_Account">
      <properties>
         <property name="deviceName" value=""/>
         <property name="devicePlatform"/>
         <property name="logFolder" value="C:\\Users\\User\\git\\frameworks-regression-test-automation\\Reports\\20240916_230055\\DBC_Instance\\SalesOrders_Module\\New_Interface\\TS1_SO_SalesOrder_Account\\20240916_230056"/>
         <property name="logFiles" value="C:\\Users\\User\\git\\frameworks-regression-test-automation\\Reports\\20240916_230055\\DBC_Instance\\SalesOrders_Module\\New_Interface\\TS1_SO_SalesOrder_Account\\20240916_230056\\execution0.log"/>
         <property name="attachments" value="C:\\Users\\User\\git\\frameworks-regression-test-automation\\Reports\\20240916_230055\\DBC_Instance\\SalesOrders_Module\\New_Interface\\TS1_SO_SalesOrder_Account\\20240916_230056\\1726491679626.png, C:\\Users\\User\\git\\frameworks-regression-test-automation\\Reports\\20240916_230055\\DBC_Instance\\SalesOrders_Module\\New_Interface\\TS1_SO_SalesOrder_Account\\20240916_230056\\1726491693459.png, C:\\Users\\User\\git\\frameworks-regression-test-automation\\Reports\\20240916_230055\\DBC_Instance\\SalesOrders_Module\\New_Interface\\TS1_SO_SalesOrder_Account\\20240916_230056\\1726491697594.png, C:\\Users\\User\\git\\frameworks-regression-test-automation\\Reports\\20240916_230055\\DBC_Instance\\SalesOrders_Module\\New_Interface\\TS1_SO_SalesOrder_Account\\20240916_230056\\1726491706417.png, C:\\Users\\User\\git\\frameworks-regression-test-automation\\Reports\\20240916_230055\\DBC_Instance\\SalesOrders_Module\\New_Interface\\TS1_SO_SalesOrder_Account\\20240916_230056\\1726491712993.png, C:\\Users\\User\\git\\frameworks-regression-test-automation\\Reports\\20240916_230055\\DBC_Instance\\SalesOrders_Module\\New_Interface\\TS1_SO_SalesOrder_Account\\20240916_230056\\1726491715888.png, C:\\Users\\User\\git\\frameworks-regression-test-automation\\Reports\\20240916_230055\\DBC_Instance\\SalesOrders_Module\\New_Interface\\TS1_SO_SalesOrder_Account\\20240916_230056\\1726491719743.png, C:\\Users\\User\\git\\frameworks-regression-test-automation\\Reports\\20240916_230055\\DBC_Instance\\SalesOrders_Module\\New_Interface\\TS1_SO_SalesOrder_Account\\20240916_230056\\1726491722688.png, C:\\Users\\User\\git\\frameworks-regression-test-automation\\Reports\\20240916_230055\\DBC_Instance\\SalesOrders_Module\\New_Interface\\TS1_SO_SalesOrder_Account\\20240916_230056\\1726491727588.png, C:\\Users\\User\\git\\frameworks-regression-test-automation\\Reports\\20240916_230055\\DBC_Instance\\SalesOrders_Module\\New_Interface\\TS1_SO_SalesOrder_Account\\20240916_230056\\1726491730551.png, C:\\Users\\User\\git\\frameworks-regression-test-automation\\Reports\\20240916_230055\\DBC_Instance\\SalesOrders_Module\\New_Interface\\TS1_SO_SalesOrder_Account\\20240916_230056\\1726491731035.png, C:\\Users\\User\\git\\frameworks-regression-test-automation\\Reports\\20240916_230055\\DBC_Instance\\SalesOrders_Module\\New_Interface\\TS1_SO_SalesOrder_Account\\20240916_230056\\1726491744753.png, C:\\Users\\User\\git\\frameworks-regression-test-automation\\Reports\\20240916_230055\\DBC_Instance\\SalesOrders_Module\\New_Interface\\TS1_SO_SalesOrder_Account\\20240916_230056\\1726491747707.png, C:\\Users\\User\\git\\frameworks-regression-test-automation\\Reports\\20240916_230055\\DBC_Instance\\SalesOrders_Module\\New_Interface\\TS1_SO_SalesOrder_Account\\20240916_230056\\1726491753880.png"/>
         <property name="hostName" value="User - ROG"/>
         <property name="os" value="Windows 11 64bit"/>
         <property name="katalonVersion" value="9.5.0.217"/>
         <property name="browser" value="Chrome 128.0.0.0"/>
         <property name="hostAddress" value="10.192.251.1"/>
         <property name="sessionId" value="2675161b896b3930d5fe066811396f8d"/>
         <property name="seleniumVersion" value="3.141.59"/>
         <property name="proxyInformation" value="ProxyInformation { proxyOption=NO_PROXY, proxyServerType=HTTP, username=, password=********, proxyServerAddress=, proxyServerPort=0, executionList=&quot;&quot;, isApplyToDesiredCapabilities=true }"/>
         <property name="platform" value="Windows 11"/>
      </properties>
      <testcase name="Test Cases/DBC_Instance/SalesOrders_Module/TS1_SO_SalesOrder_Account/SO_Account_Sale - New" time="69.435" classname="Test Cases/DBC_Instance/SalesOrders_Module/TS1_SO_SalesOrder_Account/SO_Account_Sale - New" status="PASSED">
         <system-out><![CDATA[16-09-2024T23:01:03 - [TEST_CASE][PASSED] - Test Cases/DBC_Instance/SalesOrders_Module/TS1_SO_SalesOrder_Account/SO_Account_Sale - New: Test Cases/DBC_Instance/SalesOrders_Module/TS1_SO_SalesOrder_Account/SO_Account_Sale - New

16-09-2024T23:01:04 - [TEST_STEP][PASSED] - openBrowser(""): Browser is opened with url: ''

16-09-2024T23:01:04 - [MESSAGE][INFO] - Starting 'Chrome' driver

16-09-2024T23:01:04 - [MESSAGE][INFO] - Action delay is set to 0 milliseconds

16-09-2024T23:01:05 - [MESSAGE][PASSED] - Browser is opened with url: ''

16-09-2024T23:01:05 - [TEST_STEP][PASSED] - maximizeWindow(): Current window maximized

16-09-2024T23:01:05 - [MESSAGE][PASSED] - Current window maximized

16-09-2024T23:01:05 - [TEST_STEP][PASSED] - navigateToUrl("http://frameworks.dahlsens.com.au:8080/FWDemo/Fluid.html#homeDashboard,dash,Frameworks.Activity.Menu.HomeDashBoard"): Navigate to 'http://frameworks.dahlsens.com.au:8080/FWDemo/Fluid.html#homeDashboard,dash,Frameworks.Activity.Menu.HomeDashBoard' successfully

16-09-2024T23:01:07 - [MESSAGE][PASSED] - Navigate to 'http://frameworks.dahlsens.com.au:8080/FWDemo/Fluid.html#homeDashboard,dash,Frameworks.Activity.Menu.HomeDashBoard' successfully

16-09-2024T23:01:07 - [TEST_STEP][PASSED] - setText(findTestObject("Object Repository/Sales_Orders/New_Interface/Page_Frameworks (Demo)/input_User ID_userid"), userName): Text 'manaki' is set on object 'Object Repository/Sales_Orders/New_Interface/Page_Frameworks (Demo)/input_User ID_userid'

16-09-2024T23:01:09 - [MESSAGE][PASSED] - Text 'manaki' is set on object 'Object Repository/Sales_Orders/New_Interface/Page_Frameworks (Demo)/input_User ID_userid'

16-09-2024T23:01:09 - [TEST_STEP][PASSED] - setEncryptedText(findTestObject("Object Repository/Sales_Orders/New_Interface/Page_Frameworks (Demo)/input_Password_password"), "FHoXGFMjtD0="): Text ****** has been set on object 'Object Repository/Sales_Orders/New_Interface/Page_Frameworks (Demo)/input_Password_password'

16-09-2024T23:01:09 - [MESSAGE][PASSED] - Text ****** has been set on object 'Object Repository/Sales_Orders/New_Interface/Page_Frameworks (Demo)/input_Password_password'

16-09-2024T23:01:09 - [TEST_STEP][PASSED] - click(findTestObject("Object Repository/Sales_Orders/New_Interface/Page_Frameworks (Demo)/div_Login")): Object: 'Object Repository/Sales_Orders/New_Interface/Page_Frameworks (Demo)/div_Login' is clicked on

16-09-2024T23:01:10 - [MESSAGE][PASSED] - Object: 'Object Repository/Sales_Orders/New_Interface/Page_Frameworks (Demo)/div_Login' is clicked on

16-09-2024T23:01:10 - [TEST_STEP][PASSED] - click(findTestObject("Object Repository/Sales_Orders/New_Interface/Page_Frameworks (Demo)/img_MenuIcon")): Object: 'Object Repository/Sales_Orders/New_Interface/Page_Frameworks (Demo)/img_MenuIcon' is clicked on

16-09-2024T23:01:12 - [MESSAGE][PASSED] - Object: 'Object Repository/Sales_Orders/New_Interface/Page_Frameworks (Demo)/img_MenuIcon' is clicked on

16-09-2024T23:01:12 - [TEST_STEP][PASSED] - click(findTestObject("Object Repository/Sales_Orders/New_Interface/Page_Frameworks (Demo)/b_Transaction Processing")): Object: 'Object Repository/Sales_Orders/New_Interface/Page_Frameworks (Demo)/b_Transaction Processing' is clicked on

16-09-2024T23:01:14 - [MESSAGE][PASSED] - Object: 'Object Repository/Sales_Orders/New_Interface/Page_Frameworks (Demo)/b_Transaction Processing' is clicked on

16-09-2024T23:01:14 - [TEST_STEP][PASSED] - click(findTestObject("Object Repository/Sales_Orders/New_Interface/Page_Frameworks (Demo)/td_Sales Orders")): Object: 'Object Repository/Sales_Orders/New_Interface/Page_Frameworks (Demo)/td_Sales Orders' is clicked on

16-09-2024T23:01:15 - [MESSAGE][PASSED] - Object: 'Object Repository/Sales_Orders/New_Interface/Page_Frameworks (Demo)/td_Sales Orders' is clicked on

16-09-2024T23:01:15 - [TEST_STEP][PASSED] - click(findTestObject("Object Repository/Sales_Orders/New_Interface/Page_Frameworks (Demo)/div_New")): Object: 'Object Repository/Sales_Orders/New_Interface/Page_Frameworks (Demo)/div_New' is clicked on

16-09-2024T23:01:16 - [MESSAGE][PASSED] - Object: 'Object Repository/Sales_Orders/New_Interface/Page_Frameworks (Demo)/div_New' is clicked on

16-09-2024T23:01:16 - [TEST_STEP][PASSED] - delay(3): Delayed 3 second(s)

16-09-2024T23:01:19 - [MESSAGE][PASSED] - Delayed 3 second(s)

16-09-2024T23:01:19 - [TEST_STEP][PASSED] - takeFullPageScreenshot(): Taking screenshot successfully

16-09-2024T23:01:20 - [MESSAGE][INFO] - 0 hidden object(s)

16-09-2024T23:01:20 - [MESSAGE][PASSED] - Taking screenshot successfully
[[ATTACHMENT|C:\\Users\\User\\git\\frameworks-regression-test-automation\\Reports\\20240916_230055\\DBC_Instance\\SalesOrders_Module\\New_Interface\\TS1_SO_SalesOrder_Account\\20240916_230056\\1726491679626.png]]

16-09-2024T23:01:20 - [TEST_STEP][PASSED] - setText(findTestObject("Object Repository/Sales_Orders/New_Interface/Page_Frameworks (Demo)/input_Customer_idCustX"), "JOE CHILA (3379)"): Text 'JOE CHILA (3379)' is set on object 'Object Repository/Sales_Orders/New_Interface/Page_Frameworks (Demo)/input_Customer_idCustX'

16-09-2024T23:01:20 - [MESSAGE][PASSED] - Text 'JOE CHILA (3379)' is set on object 'Object Repository/Sales_Orders/New_Interface/Page_Frameworks (Demo)/input_Customer_idCustX'

16-09-2024T23:01:20 - [TEST_STEP][PASSED] - click(findTestObject("Object Repository/Sales_Orders/New_Interface/Page_Frameworks (Demo)/div_JOE CHILA (3379)")): Object: 'Object Repository/Sales_Orders/New_Interface/Page_Frameworks (Demo)/div_JOE CHILA (3379)' is clicked on

16-09-2024T23:01:21 - [MESSAGE][PASSED] - Object: 'Object Repository/Sales_Orders/New_Interface/Page_Frameworks (Demo)/div_JOE CHILA (3379)' is clicked on

16-09-2024T23:01:22 - [TEST_STEP][PASSED] - click(findTestObject("Object Repository/Sales_Orders/New_Interface/Page_Frameworks (Demo)/td_Desp. Method_isc_IE")): Object: 'Object Repository/Sales_Orders/New_Interface/Page_Frameworks (Demo)/td_Desp. Method_isc_IE' is clicked on

16-09-2024T23:01:22 - [MESSAGE][PASSED] - Object: 'Object Repository/Sales_Orders/New_Interface/Page_Frameworks (Demo)/td_Desp. Method_isc_IE' is clicked on

16-09-2024T23:01:22 - [TEST_STEP][PASSED] - click(findTestObject("Object Repository/Sales_Orders/New_Interface/Page_Frameworks (Demo)/div_Deliv - Delivery Ex Store")): Object: 'Object Repository/Sales_Orders/New_Interface/Page_Frameworks (Demo)/div_Deliv - Delivery Ex Store' is clicked on

16-09-2024T23:01:23 - [MESSAGE][PASSED] - Object: 'Object Repository/Sales_Orders/New_Interface/Page_Frameworks (Demo)/div_Deliv - Delivery Ex Store' is clicked on

16-09-2024T23:01:23 - [TEST_STEP][PASSED] - click(findTestObject("Object Repository/Sales_Orders/New_Interface/Page_Frameworks (Demo)/img_Date Required_isc_IN")): Object: 'Object Repository/Sales_Orders/New_Interface/Page_Frameworks (Demo)/img_Date Required_isc_IN' is clicked on

16-09-2024T23:01:24 - [MESSAGE][PASSED] - Object: 'Object Repository/Sales_Orders/New_Interface/Page_Frameworks (Demo)/img_Date Required_isc_IN' is clicked on

16-09-2024T23:01:24 - [TEST_STEP][PASSED] - click(findTestObject("Object Repository/Sales_Orders/New_Interface/Page_Frameworks (Demo)/div_setDate")): Object: 'Object Repository/Sales_Orders/New_Interface/Page_Frameworks (Demo)/div_setDate' is clicked on

16-09-2024T23:01:25 - [MESSAGE][PASSED] - Object: 'Object Repository/Sales_Orders/New_Interface/Page_Frameworks (Demo)/div_setDate' is clicked on

16-09-2024T23:01:25 - [TEST_STEP][PASSED] - setText(findTestObject("Object Repository/Sales_Orders/New_Interface/Page_Frameworks (Demo)/input_Address"), "10 chila road"): Text '10 chila road' is set on object 'Object Repository/Sales_Orders/New_Interface/Page_Frameworks (Demo)/input_Address'

16-09-2024T23:01:26 - [MESSAGE][PASSED] - Text '10 chila road' is set on object 'Object Repository/Sales_Orders/New_Interface/Page_Frameworks (Demo)/input_Address'

16-09-2024T23:01:26 - [TEST_STEP][PASSED] - setText(findTestObject("Object Repository/Sales_Orders/New_Interface/Page_Frameworks (Demo)/input_SuburbCity"), "chilaville"): Text 'chilaville' is set on object 'Object Repository/Sales_Orders/New_Interface/Page_Frameworks (Demo)/input_SuburbCity'

16-09-2024T23:01:27 - [MESSAGE][PASSED] - Text 'chilaville' is set on object 'Object Repository/Sales_Orders/New_Interface/Page_Frameworks (Demo)/input_SuburbCity'

16-09-2024T23:01:27 - [TEST_STEP][PASSED] - click(findTestObject("Object Repository/Sales_Orders/New_Interface/Page_Frameworks (Demo)/img_State")): Object: 'Object Repository/Sales_Orders/New_Interface/Page_Frameworks (Demo)/img_State' is clicked on

16-09-2024T23:01:27 - [MESSAGE][PASSED] - Object: 'Object Repository/Sales_Orders/New_Interface/Page_Frameworks (Demo)/img_State' is clicked on

16-09-2024T23:01:27 - [TEST_STEP][PASSED] - click(findTestObject("Object Repository/Sales_Orders/New_Interface/Page_Frameworks (Demo)/div_VIC - Victoria")): Object: 'Object Repository/Sales_Orders/New_Interface/Page_Frameworks (Demo)/div_VIC - Victoria' is clicked on

16-09-2024T23:01:28 - [MESSAGE][PASSED] - Object: 'Object Repository/Sales_Orders/New_Interface/Page_Frameworks (Demo)/div_VIC - Victoria' is clicked on

16-09-2024T23:01:28 - [TEST_STEP][PASSED] - setText(findTestObject("Object Repository/Sales_Orders/New_Interface/Page_Frameworks (Demo)/input_Post Code"), "3875"): Text '3875' is set on object 'Object Repository/Sales_Orders/New_Interface/Page_Frameworks (Demo)/input_Post Code'

16-09-2024T23:01:29 - [MESSAGE][PASSED] - Text '3875' is set on object 'Object Repository/Sales_Orders/New_Interface/Page_Frameworks (Demo)/input_Post Code'

16-09-2024T23:01:29 - [TEST_STEP][PASSED] - click(findTestObject("Object Repository/Sales_Orders/New_Interface/Page_Frameworks (Demo)/input_Agreed Price_agreedValueEx")): Object: 'Object Repository/Sales_Orders/New_Interface/Page_Frameworks (Demo)/input_Agreed Price_agreedValueEx' is clicked on

16-09-2024T23:01:30 - [MESSAGE][PASSED] - Object: 'Object Repository/Sales_Orders/New_Interface/Page_Frameworks (Demo)/input_Agreed Price_agreedValueEx' is clicked on

16-09-2024T23:01:30 - [TEST_STEP][PASSED] - sendKeys(findTestObject("Object Repository/Sales_Orders/New_Interface/Page_Frameworks (Demo)/input_Agreed Price_agreedValueEx"), "65"): Keys '65' sent to object: 'Object Repository/Sales_Orders/New_Interface/Page_Frameworks (Demo)/input_Agreed Price_agreedValueEx'

16-09-2024T23:01:31 - [MESSAGE][PASSED] - Keys '65' sent to object: 'Object Repository/Sales_Orders/New_Interface/Page_Frameworks (Demo)/input_Agreed Price_agreedValueEx'

16-09-2024T23:01:31 - [TEST_STEP][PASSED] - scrollToElement(findTestObject("Object Repository/Sales_Orders/New_Interface/Page_Frameworks (Demo)/img_Delivery Area_search"), 2): Scroll to object 'Object Repository/Sales_Orders/New_Interface/Page_Frameworks (Demo)/img_Delivery Area_search' successfully

16-09-2024T23:01:31 - [MESSAGE][PASSED] - Scroll to object 'Object Repository/Sales_Orders/New_Interface/Page_Frameworks (Demo)/img_Delivery Area_search' successfully

16-09-2024T23:01:31 - [TEST_STEP][PASSED] - delay(2): Delayed 2 second(s)

16-09-2024T23:01:33 - [MESSAGE][PASSED] - Delayed 2 second(s)

16-09-2024T23:01:33 - [TEST_STEP][PASSED] - takeFullPageScreenshot(): Taking screenshot successfully

16-09-2024T23:01:33 - [MESSAGE][INFO] - 0 hidden object(s)

16-09-2024T23:01:33 - [MESSAGE][PASSED] - Taking screenshot successfully
[[ATTACHMENT|C:\\Users\\User\\git\\frameworks-regression-test-automation\\Reports\\20240916_230055\\DBC_Instance\\SalesOrders_Module\\New_Interface\\TS1_SO_SalesOrder_Account\\20240916_230056\\1726491693459.png]]

16-09-2024T23:01:33 - [TEST_STEP][PASSED] - click(findTestObject("Object Repository/Sales_Orders/New_Interface/Page_Frameworks (Demo)/img_Delivery Area_search")): Object: 'Object Repository/Sales_Orders/New_Interface/Page_Frameworks (Demo)/img_Delivery Area_search' is clicked on

16-09-2024T23:01:34 - [MESSAGE][PASSED] - Object: 'Object Repository/Sales_Orders/New_Interface/Page_Frameworks (Demo)/img_Delivery Area_search' is clicked on

16-09-2024T23:01:34 - [TEST_STEP][PASSED] - click(findTestObject("Object Repository/Sales_Orders/New_Interface/Page_Frameworks (Demo)/a_DLV0")): Object: 'Object Repository/Sales_Orders/New_Interface/Page_Frameworks (Demo)/a_DLV0' is clicked on

16-09-2024T23:01:35 - [MESSAGE][PASSED] - Object: 'Object Repository/Sales_Orders/New_Interface/Page_Frameworks (Demo)/a_DLV0' is clicked on

16-09-2024T23:01:35 - [TEST_STEP][PASSED] - delay(2): Delayed 2 second(s)

16-09-2024T23:01:37 - [MESSAGE][PASSED] - Delayed 2 second(s)

16-09-2024T23:01:37 - [TEST_STEP][PASSED] - takeFullPageScreenshot(): Taking screenshot successfully

16-09-2024T23:01:38 - [MESSAGE][INFO] - 0 hidden object(s)

16-09-2024T23:01:38 - [MESSAGE][PASSED] - Taking screenshot successfully
[[ATTACHMENT|C:\\Users\\User\\git\\frameworks-regression-test-automation\\Reports\\20240916_230055\\DBC_Instance\\SalesOrders_Module\\New_Interface\\TS1_SO_SalesOrder_Account\\20240916_230056\\1726491697594.png]]

16-09-2024T23:01:38 - [TEST_STEP][PASSED] - click(findTestObject("Object Repository/Sales_Orders/New_Interface/Page_Frameworks (Demo)/td_Save (S)")): Object: 'Object Repository/Sales_Orders/New_Interface/Page_Frameworks (Demo)/td_Save (S)' is clicked on

16-09-2024T23:01:38 - [MESSAGE][PASSED] - Object: 'Object Repository/Sales_Orders/New_Interface/Page_Frameworks (Demo)/td_Save (S)' is clicked on

16-09-2024T23:01:38 - [TEST_STEP][PASSED] - salesorder_Number = getText(findTestObject("Object Repository/Sales_Orders/New_Interface/Page_Frameworks (Demo)/span_SOnumber")): Text of object 'Object Repository/Sales_Orders/New_Interface/Page_Frameworks (Demo)/span_SOnumber' is: 'SO 26530585/0'

16-09-2024T23:01:41 - [MESSAGE][PASSED] - Text of object 'Object Repository/Sales_Orders/New_Interface/Page_Frameworks (Demo)/span_SOnumber' is: 'SO 26530585/0'

16-09-2024T23:01:41 - [TEST_STEP][PASSED] - setText(findTestObject("Object Repository/Sales_Orders/New_Interface/Page_Frameworks (Demo)/input_P_idProd"), "PH2B9035"): Text 'PH2B9035' is set on object 'Object Repository/Sales_Orders/New_Interface/Page_Frameworks (Demo)/input_P_idProd'

16-09-2024T23:01:41 - [MESSAGE][PASSED] - Text 'PH2B9035' is set on object 'Object Repository/Sales_Orders/New_Interface/Page_Frameworks (Demo)/input_P_idProd'

16-09-2024T23:01:41 - [TEST_STEP][PASSED] - click(findTestObject("Object Repository/Sales_Orders/New_Interface/Page_Frameworks (Demo)/input_Quantity_qtyTran")): Object: 'Object Repository/Sales_Orders/New_Interface/Page_Frameworks (Demo)/input_Quantity_qtyTran' is clicked on

16-09-2024T23:01:41 - [MESSAGE][PASSED] - Object: 'Object Repository/Sales_Orders/New_Interface/Page_Frameworks (Demo)/input_Quantity_qtyTran' is clicked on

16-09-2024T23:01:41 - [TEST_STEP][PASSED] - setText(findTestObject("Object Repository/Sales_Orders/New_Interface/Page_Frameworks (Demo)/input_Tally_tallyText"), "1/3.0"): Text '1/3.0' is set on object 'Object Repository/Sales_Orders/New_Interface/Page_Frameworks (Demo)/input_Tally_tallyText'

16-09-2024T23:01:43 - [MESSAGE][PASSED] - Text '1/3.0' is set on object 'Object Repository/Sales_Orders/New_Interface/Page_Frameworks (Demo)/input_Tally_tallyText'

16-09-2024T23:01:43 - [TEST_STEP][PASSED] - click(findTestObject("Object Repository/Sales_Orders/New_Interface/Page_Frameworks (Demo)/img_add")): Object: 'Object Repository/Sales_Orders/New_Interface/Page_Frameworks (Demo)/img_add' is clicked on

16-09-2024T23:01:44 - [MESSAGE][PASSED] - Object: 'Object Repository/Sales_Orders/New_Interface/Page_Frameworks (Demo)/img_add' is clicked on

16-09-2024T23:01:44 - [TEST_STEP][PASSED] - delay(2): Delayed 2 second(s)

16-09-2024T23:01:46 - [MESSAGE][PASSED] - Delayed 2 second(s)

16-09-2024T23:01:46 - [TEST_STEP][PASSED] - takeFullPageScreenshot(): Taking screenshot successfully

16-09-2024T23:01:46 - [MESSAGE][INFO] - 0 hidden object(s)

16-09-2024T23:01:46 - [MESSAGE][PASSED] - Taking screenshot successfully
[[ATTACHMENT|C:\\Users\\User\\git\\frameworks-regression-test-automation\\Reports\\20240916_230055\\DBC_Instance\\SalesOrders_Module\\New_Interface\\TS1_SO_SalesOrder_Account\\20240916_230056\\1726491706417.png]]

16-09-2024T23:01:46 - [TEST_STEP][PASSED] - click(findTestObject("Object Repository/Sales_Orders/New_Interface/Page_Frameworks (Demo)/div_Actions")): Object: 'Object Repository/Sales_Orders/New_Interface/Page_Frameworks (Demo)/div_Actions' is clicked on

16-09-2024T23:01:47 - [MESSAGE][PASSED] - Object: 'Object Repository/Sales_Orders/New_Interface/Page_Frameworks (Demo)/div_Actions' is clicked on

16-09-2024T23:01:47 - [TEST_STEP][PASSED] - click(findTestObject("Object Repository/Sales_Orders/New_Interface/Page_Frameworks (Demo)/div_Pick  Release")): Object: 'Object Repository/Sales_Orders/New_Interface/Page_Frameworks (Demo)/div_Pick  Release' is clicked on

16-09-2024T23:01:48 - [MESSAGE][PASSED] - Object: 'Object Repository/Sales_Orders/New_Interface/Page_Frameworks (Demo)/div_Pick  Release' is clicked on

16-09-2024T23:01:48 - [TEST_STEP][PASSED] - click(findTestObject("Object Repository/Sales_Orders/New_Interface/Page_Frameworks (Demo)/div_Picker_isc_1HW")): Object: 'Object Repository/Sales_Orders/New_Interface/Page_Frameworks (Demo)/div_Picker_isc_1HW' is clicked on

16-09-2024T23:01:50 - [MESSAGE][PASSED] - Object: 'Object Repository/Sales_Orders/New_Interface/Page_Frameworks (Demo)/div_Picker_isc_1HW' is clicked on

16-09-2024T23:01:50 - [TEST_STEP][PASSED] - click(findTestObject("Object Repository/Sales_Orders/New_Interface/Page_Frameworks (Demo)/div_228 Celestine Z")): Object: 'Object Repository/Sales_Orders/New_Interface/Page_Frameworks (Demo)/div_228 Celestine Z' is clicked on

16-09-2024T23:01:50 - [MESSAGE][PASSED] - Object: 'Object Repository/Sales_Orders/New_Interface/Page_Frameworks (Demo)/div_228 Celestine Z' is clicked on

16-09-2024T23:01:50 - [TEST_STEP][PASSED] - delay(2): Delayed 2 second(s)

16-09-2024T23:01:52 - [MESSAGE][PASSED] - Delayed 2 second(s)

16-09-2024T23:01:52 - [TEST_STEP][PASSED] - takeFullPageScreenshot(): Taking screenshot successfully

16-09-2024T23:01:53 - [MESSAGE][INFO] - 0 hidden object(s)

16-09-2024T23:01:53 - [MESSAGE][PASSED] - Taking screenshot successfully
[[ATTACHMENT|C:\\Users\\User\\git\\frameworks-regression-test-automation\\Reports\\20240916_230055\\DBC_Instance\\SalesOrders_Module\\New_Interface\\TS1_SO_SalesOrder_Account\\20240916_230056\\1726491712993.png]]

16-09-2024T23:01:53 - [TEST_STEP][PASSED] - click(findTestObject("Object Repository/Sales_Orders/New_Interface/Page_Frameworks (Demo)/div_Pick All")): Object: 'Object Repository/Sales_Orders/New_Interface/Page_Frameworks (Demo)/div_Pick All' is clicked on

16-09-2024T23:01:53 - [MESSAGE][PASSED] - Object: 'Object Repository/Sales_Orders/New_Interface/Page_Frameworks (Demo)/div_Pick All' is clicked on

16-09-2024T23:01:53 - [TEST_STEP][PASSED] - delay(2): Delayed 2 second(s)

16-09-2024T23:01:55 - [MESSAGE][PASSED] - Delayed 2 second(s)

16-09-2024T23:01:55 - [TEST_STEP][PASSED] - takeFullPageScreenshot(): Taking screenshot successfully

16-09-2024T23:01:56 - [MESSAGE][INFO] - 0 hidden object(s)

16-09-2024T23:01:56 - [MESSAGE][PASSED] - Taking screenshot successfully
[[ATTACHMENT|C:\\Users\\User\\git\\frameworks-regression-test-automation\\Reports\\20240916_230055\\DBC_Instance\\SalesOrders_Module\\New_Interface\\TS1_SO_SalesOrder_Account\\20240916_230056\\1726491715888.png]]

16-09-2024T23:01:56 - [TEST_STEP][PASSED] - click(findTestObject("Object Repository/Sales_Orders/New_Interface/Page_Frameworks (Demo)/td_Save (S)")): Object: 'Object Repository/Sales_Orders/New_Interface/Page_Frameworks (Demo)/td_Save (S)' is clicked on

16-09-2024T23:01:56 - [MESSAGE][PASSED] - Object: 'Object Repository/Sales_Orders/New_Interface/Page_Frameworks (Demo)/td_Save (S)' is clicked on

16-09-2024T23:01:56 - [TEST_STEP][PASSED] - click(findTestObject("Object Repository/Sales_Orders/New_Interface/Page_Frameworks (Demo)/div_Complete Picking")): Object: 'Object Repository/Sales_Orders/New_Interface/Page_Frameworks (Demo)/div_Complete Picking' is clicked on

16-09-2024T23:01:57 - [MESSAGE][PASSED] - Object: 'Object Repository/Sales_Orders/New_Interface/Page_Frameworks (Demo)/div_Complete Picking' is clicked on

16-09-2024T23:01:57 - [TEST_STEP][PASSED] - delay(2): Delayed 2 second(s)

16-09-2024T23:01:59 - [MESSAGE][PASSED] - Delayed 2 second(s)

16-09-2024T23:01:59 - [TEST_STEP][PASSED] - takeFullPageScreenshot(): Taking screenshot successfully

16-09-2024T23:02:00 - [MESSAGE][INFO] - 0 hidden object(s)

16-09-2024T23:02:00 - [MESSAGE][PASSED] - Taking screenshot successfully
[[ATTACHMENT|C:\\Users\\User\\git\\frameworks-regression-test-automation\\Reports\\20240916_230055\\DBC_Instance\\SalesOrders_Module\\New_Interface\\TS1_SO_SalesOrder_Account\\20240916_230056\\1726491719743.png]]

16-09-2024T23:02:00 - [TEST_STEP][PASSED] - click(findTestObject("Object Repository/Sales_Orders/New_Interface/Page_Frameworks (Demo)/div_Check Picking")): Object: 'Object Repository/Sales_Orders/New_Interface/Page_Frameworks (Demo)/div_Check Picking' is clicked on

16-09-2024T23:02:00 - [MESSAGE][PASSED] - Object: 'Object Repository/Sales_Orders/New_Interface/Page_Frameworks (Demo)/div_Check Picking' is clicked on

16-09-2024T23:02:00 - [TEST_STEP][PASSED] - delay(2): Delayed 2 second(s)

16-09-2024T23:02:02 - [MESSAGE][PASSED] - Delayed 2 second(s)

16-09-2024T23:02:02 - [TEST_STEP][PASSED] - takeFullPageScreenshot(): Taking screenshot successfully

16-09-2024T23:02:03 - [MESSAGE][INFO] - 0 hidden object(s)

16-09-2024T23:02:03 - [MESSAGE][PASSED] - Taking screenshot successfully
[[ATTACHMENT|C:\\Users\\User\\git\\frameworks-regression-test-automation\\Reports\\20240916_230055\\DBC_Instance\\SalesOrders_Module\\New_Interface\\TS1_SO_SalesOrder_Account\\20240916_230056\\1726491722688.png]]

16-09-2024T23:02:03 - [TEST_STEP][PASSED] - click(findTestObject("Object Repository/Sales_Orders/New_Interface/Page_Frameworks (Demo)/td_SaveClose (S)")): Object: 'Object Repository/Sales_Orders/New_Interface/Page_Frameworks (Demo)/td_SaveClose (S)' is clicked on

16-09-2024T23:02:03 - [MESSAGE][PASSED] - Object: 'Object Repository/Sales_Orders/New_Interface/Page_Frameworks (Demo)/td_SaveClose (S)' is clicked on

16-09-2024T23:02:03 - [TEST_STEP][PASSED] - click(findTestObject("Object Repository/Sales_Orders/New_Interface/Page_Frameworks (Demo)/div_Release Order")): Object: 'Object Repository/Sales_Orders/New_Interface/Page_Frameworks (Demo)/div_Release Order' is clicked on

16-09-2024T23:02:04 - [MESSAGE][PASSED] - Object: 'Object Repository/Sales_Orders/New_Interface/Page_Frameworks (Demo)/div_Release Order' is clicked on

16-09-2024T23:02:04 - [TEST_STEP][PASSED] - click(findTestObject("Object Repository/Sales_Orders/New_Interface/Page_Frameworks (Demo)/div_Print Delivery Docket_isc_1YT")): Object: 'Object Repository/Sales_Orders/New_Interface/Page_Frameworks (Demo)/div_Print Delivery Docket_isc_1YT' is clicked on

16-09-2024T23:02:05 - [MESSAGE][PASSED] - Object: 'Object Repository/Sales_Orders/New_Interface/Page_Frameworks (Demo)/div_Print Delivery Docket_isc_1YT' is clicked on

16-09-2024T23:02:05 - [TEST_STEP][PASSED] - delay(2): Delayed 2 second(s)

16-09-2024T23:02:07 - [MESSAGE][PASSED] - Delayed 2 second(s)

16-09-2024T23:02:07 - [TEST_STEP][PASSED] - takeFullPageScreenshot(): Taking screenshot successfully

16-09-2024T23:02:08 - [MESSAGE][INFO] - 0 hidden object(s)

16-09-2024T23:02:08 - [MESSAGE][PASSED] - Taking screenshot successfully
[[ATTACHMENT|C:\\Users\\User\\git\\frameworks-regression-test-automation\\Reports\\20240916_230055\\DBC_Instance\\SalesOrders_Module\\New_Interface\\TS1_SO_SalesOrder_Account\\20240916_230056\\1726491727588.png]]

16-09-2024T23:02:08 - [TEST_STEP][PASSED] - click(findTestObject("Object Repository/Sales_Orders/New_Interface/Page_Frameworks (Demo)/td_Release (S)")): Object: 'Object Repository/Sales_Orders/New_Interface/Page_Frameworks (Demo)/td_Release (S)' is clicked on

16-09-2024T23:02:08 - [MESSAGE][PASSED] - Object: 'Object Repository/Sales_Orders/New_Interface/Page_Frameworks (Demo)/td_Release (S)' is clicked on

16-09-2024T23:02:08 - [TEST_STEP][PASSED] - delay(2): Delayed 2 second(s)

16-09-2024T23:02:10 - [MESSAGE][PASSED] - Delayed 2 second(s)

16-09-2024T23:02:10 - [TEST_STEP][PASSED] - takeFullPageScreenshot(): Taking screenshot successfully

16-09-2024T23:02:10 - [MESSAGE][INFO] - 0 hidden object(s)

16-09-2024T23:02:11 - [MESSAGE][PASSED] - Taking screenshot successfully
[[ATTACHMENT|C:\\Users\\User\\git\\frameworks-regression-test-automation\\Reports\\20240916_230055\\DBC_Instance\\SalesOrders_Module\\New_Interface\\TS1_SO_SalesOrder_Account\\20240916_230056\\1726491730551.png]]

16-09-2024T23:02:11 - [TEST_STEP][PASSED] - takeFullPageScreenshot(): Taking screenshot successfully

16-09-2024T23:02:11 - [MESSAGE][INFO] - 0 hidden object(s)

16-09-2024T23:02:11 - [MESSAGE][PASSED] - Taking screenshot successfully
[[ATTACHMENT|C:\\Users\\User\\git\\frameworks-regression-test-automation\\Reports\\20240916_230055\\DBC_Instance\\SalesOrders_Module\\New_Interface\\TS1_SO_SalesOrder_Account\\20240916_230056\\1726491731035.png]]

16-09-2024T23:02:11 - [TEST_STEP][PASSED] - println(salesorder_Number): null

16-09-2024T23:02:11 - [TEST_STEP][PASSED] - salesorder_Number = salesorder_Number.replace("SO ", ""): null

16-09-2024T23:02:11 - [TEST_STEP][PASSED] - salesorder_Number = salesorder_Number.replace("/0", ""): null

16-09-2024T23:02:11 - [TEST_STEP][PASSED] - println(salesorder_Number): null

16-09-2024T23:02:11 - [TEST_STEP][PASSED] - sourceFile = new java.io.FileInputStream(ExcelFile): null

16-09-2024T23:02:11 - [TEST_STEP][PASSED] - workbook = new org.apache.poi.xssf.usermodel.XSSFWorkbook(sourceFile): null

16-09-2024T23:02:11 - [TEST_STEP][PASSED] - sheet = workbook.getSheet("Sheet1"): null

16-09-2024T23:02:11 - [TEST_STEP][PASSED] - row = sheet.getRow(0): null

16-09-2024T23:02:12 - [TEST_STEP][PASSED] - cell = row.getCell(1): null

16-09-2024T23:02:12 - [TEST_STEP][PASSED] - row = sheet.createRow(1): null

16-09-2024T23:02:12 - [TEST_STEP][PASSED] - cell = row.createCell(0): null

16-09-2024T23:02:12 - [TEST_STEP][PASSED] - cell.setCellValue("SalesOrderNumber"): null

16-09-2024T23:02:12 - [TEST_STEP][PASSED] - cell = row.createCell(1): null

16-09-2024T23:02:12 - [TEST_STEP][PASSED] - cell.setCellValue(salesorder_Number): null

16-09-2024T23:02:12 - [TEST_STEP][PASSED] - fos = new java.io.FileOutputStream(ExcelFile): null

16-09-2024T23:02:12 - [TEST_STEP][PASSED] - workbook.write(fos): null

16-09-2024T23:02:12 - [TEST_STEP][PASSED] - fos.close(): null

16-09-2024T23:02:12 - [TEST_STEP][PASSED] - sourceFile.close(): null

16-09-2024T23:02:12 - [TEST_STEP][PASSED] - click(findTestObject("Object Repository/TS2_POS_AccountSale_DBC/New_Interface/Page_Frameworks (Demo)/img_AccountDropdown")): Object: 'Object Repository/TS2_POS_AccountSale_DBC/New_Interface/Page_Frameworks (Demo)/img_AccountDropdown' is clicked on

16-09-2024T23:02:12 - [MESSAGE][PASSED] - Object: 'Object Repository/TS2_POS_AccountSale_DBC/New_Interface/Page_Frameworks (Demo)/img_AccountDropdown' is clicked on

16-09-2024T23:02:12 - [TEST_STEP][PASSED] - click(findTestObject("Object Repository/TS2_POS_AccountSale_DBC/New_Interface/Page_Frameworks (Demo)/div_Logout")): Object: 'Object Repository/TS2_POS_AccountSale_DBC/New_Interface/Page_Frameworks (Demo)/div_Logout' is clicked on

16-09-2024T23:02:13 - [MESSAGE][PASSED] - Object: 'Object Repository/TS2_POS_AccountSale_DBC/New_Interface/Page_Frameworks (Demo)/div_Logout' is clicked on]]></system-out>
         <system-err><![CDATA[]]></system-err>
      </testcase>
      <testcase name="Test Cases/DBC_Instance/SalesOrders_Module/TS1_SO_SalesOrder_Account/SO_AS_Validate - New" time="23.044" classname="Test Cases/DBC_Instance/SalesOrders_Module/TS1_SO_SalesOrder_Account/SO_AS_Validate - New" status="PASSED">
         <system-out><![CDATA[16-09-2024T23:02:13 - [TEST_CASE][PASSED] - Test Cases/DBC_Instance/SalesOrders_Module/TS1_SO_SalesOrder_Account/SO_AS_Validate - New: Test Cases/DBC_Instance/SalesOrders_Module/TS1_SO_SalesOrder_Account/SO_AS_Validate - New

16-09-2024T23:02:13 - [TEST_STEP][PASSED] - sourceFile = new java.io.FileInputStream(ExcelFile): null

16-09-2024T23:02:13 - [TEST_STEP][PASSED] - workbook = new org.apache.poi.xssf.usermodel.XSSFWorkbook(sourceFile): null

16-09-2024T23:02:13 - [TEST_STEP][PASSED] - sheet = workbook.getSheet("Sheet1"): null

16-09-2024T23:02:13 - [TEST_STEP][PASSED] - row = sheet.getRow(1): null

16-09-2024T23:02:13 - [TEST_STEP][PASSED] - cell = row.getCell(1): null

16-09-2024T23:02:13 - [TEST_STEP][PASSED] - salesorder_Number = cell.getStringCellValue(): null

16-09-2024T23:02:13 - [TEST_STEP][PASSED] - println(salesorder_Number): null

16-09-2024T23:02:13 - [TEST_STEP][PASSED] - sourceFile.close(): null

16-09-2024T23:02:13 - [TEST_STEP][PASSED] - openBrowser(""): Browser is opened with url: ''

16-09-2024T23:02:13 - [MESSAGE][WARNING] - A browser is already opened. Closing browser and opening a new one

16-09-2024T23:02:13 - [MESSAGE][INFO] - Starting 'Chrome' driver

16-09-2024T23:02:13 - [MESSAGE][INFO] - Action delay is set to 0 milliseconds

16-09-2024T23:02:14 - [MESSAGE][PASSED] - Browser is opened with url: ''

16-09-2024T23:02:14 - [TEST_STEP][PASSED] - maximizeWindow(): Current window maximized

16-09-2024T23:02:14 - [MESSAGE][PASSED] - Current window maximized

16-09-2024T23:02:14 - [TEST_STEP][PASSED] - navigateToUrl("http://frameworks.dahlsens.com.au:8080/FWDemo/Fluid.html#homeDashboard,dash,Frameworks.Activity.Menu.HomeDashBoard"): Navigate to 'http://frameworks.dahlsens.com.au:8080/FWDemo/Fluid.html#homeDashboard,dash,Frameworks.Activity.Menu.HomeDashBoard' successfully

16-09-2024T23:02:16 - [MESSAGE][PASSED] - Navigate to 'http://frameworks.dahlsens.com.au:8080/FWDemo/Fluid.html#homeDashboard,dash,Frameworks.Activity.Menu.HomeDashBoard' successfully

16-09-2024T23:02:16 - [TEST_STEP][PASSED] - setText(findTestObject("Object Repository/Sales_Orders/New_Interface/Page_Frameworks (Demo)/input_User ID_userid"), userName): Text 'manaki' is set on object 'Object Repository/Sales_Orders/New_Interface/Page_Frameworks (Demo)/input_User ID_userid'

16-09-2024T23:02:17 - [MESSAGE][PASSED] - Text 'manaki' is set on object 'Object Repository/Sales_Orders/New_Interface/Page_Frameworks (Demo)/input_User ID_userid'

16-09-2024T23:02:17 - [TEST_STEP][PASSED] - setEncryptedText(findTestObject("Object Repository/Sales_Orders/New_Interface/Page_Frameworks (Demo)/input_Password_password"), "FHoXGFMjtD0="): Text ****** has been set on object 'Object Repository/Sales_Orders/New_Interface/Page_Frameworks (Demo)/input_Password_password'

16-09-2024T23:02:18 - [MESSAGE][PASSED] - Text ****** has been set on object 'Object Repository/Sales_Orders/New_Interface/Page_Frameworks (Demo)/input_Password_password'

16-09-2024T23:02:18 - [TEST_STEP][PASSED] - click(findTestObject("Object Repository/Sales_Orders/New_Interface/Page_Frameworks (Demo)/div_Login")): Object: 'Object Repository/Sales_Orders/New_Interface/Page_Frameworks (Demo)/div_Login' is clicked on

16-09-2024T23:02:18 - [MESSAGE][PASSED] - Object: 'Object Repository/Sales_Orders/New_Interface/Page_Frameworks (Demo)/div_Login' is clicked on

16-09-2024T23:02:18 - [TEST_STEP][PASSED] - click(findTestObject("Object Repository/Sales_Orders/New_Interface/Page_Frameworks (Demo)/img_CustomerDashboard")): Object: 'Object Repository/Sales_Orders/New_Interface/Page_Frameworks (Demo)/img_CustomerDashboard' is clicked on

16-09-2024T23:02:20 - [MESSAGE][PASSED] - Object: 'Object Repository/Sales_Orders/New_Interface/Page_Frameworks (Demo)/img_CustomerDashboard' is clicked on

16-09-2024T23:02:20 - [TEST_STEP][PASSED] - setText(findTestObject("Object Repository/Sales_Orders/New_Interface/Page_Frameworks (Demo)/input_Customer No_CustId"), "3379"): Text '3379' is set on object 'Object Repository/Sales_Orders/New_Interface/Page_Frameworks (Demo)/input_Customer No_CustId'

16-09-2024T23:02:22 - [MESSAGE][PASSED] - Text '3379' is set on object 'Object Repository/Sales_Orders/New_Interface/Page_Frameworks (Demo)/input_Customer No_CustId'

16-09-2024T23:02:22 - [TEST_STEP][PASSED] - delay(2): Delayed 2 second(s)

16-09-2024T23:02:24 - [MESSAGE][PASSED] - Delayed 2 second(s)

16-09-2024T23:02:24 - [TEST_STEP][PASSED] - takeFullPageScreenshot(): Taking screenshot successfully

16-09-2024T23:02:25 - [MESSAGE][INFO] - 0 hidden object(s)

16-09-2024T23:02:25 - [MESSAGE][PASSED] - Taking screenshot successfully
[[ATTACHMENT|C:\\Users\\User\\git\\frameworks-regression-test-automation\\Reports\\20240916_230055\\DBC_Instance\\SalesOrders_Module\\New_Interface\\TS1_SO_SalesOrder_Account\\20240916_230056\\1726491744753.png]]

16-09-2024T23:02:25 - [TEST_STEP][PASSED] - click(findTestObject("Object Repository/Sales_Orders/New_Interface/Page_Frameworks (Demo)/td_Find")): Object: 'Object Repository/Sales_Orders/New_Interface/Page_Frameworks (Demo)/td_Find' is clicked on

16-09-2024T23:02:25 - [MESSAGE][PASSED] - Object: 'Object Repository/Sales_Orders/New_Interface/Page_Frameworks (Demo)/td_Find' is clicked on

16-09-2024T23:02:25 - [TEST_STEP][PASSED] - delay(2): Delayed 2 second(s)

16-09-2024T23:02:27 - [MESSAGE][PASSED] - Delayed 2 second(s)

16-09-2024T23:02:27 - [TEST_STEP][PASSED] - takeFullPageScreenshot(): Taking screenshot successfully

16-09-2024T23:02:28 - [MESSAGE][INFO] - 0 hidden object(s)

16-09-2024T23:02:28 - [MESSAGE][PASSED] - Taking screenshot successfully
[[ATTACHMENT|C:\\Users\\User\\git\\frameworks-regression-test-automation\\Reports\\20240916_230055\\DBC_Instance\\SalesOrders_Module\\New_Interface\\TS1_SO_SalesOrder_Account\\20240916_230056\\1726491747707.png]]

16-09-2024T23:02:28 - [TEST_STEP][PASSED] - click(findTestObject("Object Repository/Sales_Orders/New_Interface/Page_Frameworks (Demo)/div_Invoices, Orders, Quotes, Projects  Jobs")): Object: 'Object Repository/Sales_Orders/New_Interface/Page_Frameworks (Demo)/div_Invoices, Orders, Quotes, Projects  Jobs' is clicked on

16-09-2024T23:02:28 - [MESSAGE][PASSED] - Object: 'Object Repository/Sales_Orders/New_Interface/Page_Frameworks (Demo)/div_Invoices, Orders, Quotes, Projects  Jobs' is clicked on

16-09-2024T23:02:28 - [TEST_STEP][PASSED] - delay(2): Delayed 2 second(s)

16-09-2024T23:02:30 - [MESSAGE][PASSED] - Delayed 2 second(s)

16-09-2024T23:02:30 - [TEST_STEP][PASSED] - click(findTestObject("Object Repository/Sales_Orders/New_Interface/Page_Frameworks (Demo)/div_Number")): Object: 'Object Repository/Sales_Orders/New_Interface/Page_Frameworks (Demo)/div_Number' is clicked on

16-09-2024T23:02:31 - [MESSAGE][PASSED] - Object: 'Object Repository/Sales_Orders/New_Interface/Page_Frameworks (Demo)/div_Number' is clicked on

16-09-2024T23:02:31 - [TEST_STEP][PASSED] - click(findTestObject("Object Repository/Sales_Orders/New_Interface/Page_Frameworks (Demo)/div_Number")): Object: 'Object Repository/Sales_Orders/New_Interface/Page_Frameworks (Demo)/div_Number' is clicked on

16-09-2024T23:02:31 - [MESSAGE][PASSED] - Object: 'Object Repository/Sales_Orders/New_Interface/Page_Frameworks (Demo)/div_Number' is clicked on

16-09-2024T23:02:31 - [TEST_STEP][PASSED] - delay(2): Delayed 2 second(s)

16-09-2024T23:02:33 - [MESSAGE][PASSED] - Delayed 2 second(s)

16-09-2024T23:02:33 - [TEST_STEP][PASSED] - takeFullPageScreenshot(): Taking screenshot successfully

16-09-2024T23:02:34 - [MESSAGE][INFO] - 0 hidden object(s)

16-09-2024T23:02:34 - [MESSAGE][PASSED] - Taking screenshot successfully
[[ATTACHMENT|C:\\Users\\User\\git\\frameworks-regression-test-automation\\Reports\\20240916_230055\\DBC_Instance\\SalesOrders_Module\\New_Interface\\TS1_SO_SalesOrder_Account\\20240916_230056\\1726491753880.png]]

16-09-2024T23:02:34 - [TEST_STEP][PASSED] - verifyTextPresent(salesorder_Number, false): Text '26530585' is present on page 

16-09-2024T23:02:35 - [MESSAGE][PASSED] - Text '26530585' is present on page 

16-09-2024T23:02:35 - [TEST_STEP][PASSED] - click(findTestObject("Object Repository/TS2_POS_AccountSale_DBC/New_Interface/Page_Frameworks (Demo)/img_AccountDropdown")): Object: 'Object Repository/TS2_POS_AccountSale_DBC/New_Interface/Page_Frameworks (Demo)/img_AccountDropdown' is clicked on

16-09-2024T23:02:35 - [MESSAGE][PASSED] - Object: 'Object Repository/TS2_POS_AccountSale_DBC/New_Interface/Page_Frameworks (Demo)/img_AccountDropdown' is clicked on

16-09-2024T23:02:35 - [TEST_STEP][PASSED] - click(findTestObject("Object Repository/TS2_POS_AccountSale_DBC/New_Interface/Page_Frameworks (Demo)/div_Logout")): Object: 'Object Repository/TS2_POS_AccountSale_DBC/New_Interface/Page_Frameworks (Demo)/div_Logout' is clicked on

16-09-2024T23:02:36 - [MESSAGE][PASSED] - Object: 'Object Repository/TS2_POS_AccountSale_DBC/New_Interface/Page_Frameworks (Demo)/div_Logout' is clicked on]]></system-out>
         <system-err><![CDATA[]]></system-err>
      </testcase>
      <system-out><![CDATA[16-09-2024T23:01:03 - [TEST_SUITE][PASSED] - TS1_SO_SalesOrder_Account: Test Cases/DBC_Instance/SalesOrders_Module/TS1_SO_SalesOrder_Account/SO_AS_Validate - New]]></system-out>
      <system-err><![CDATA[]]></system-err>
   </testsuite>
</testsuites>
