<?xml version="1.0" encoding="UTF-8"?>
<testsuites name="TS1_POS_CashSale" time="54.078" tests="1" failures="0" errors="0">
   <testsuite name="TS1_POS_CashSale" tests="1" failures="0" errors="0" time="54.078" skipped="0" timestamp="06-02-2025T07:37:10" hostname="azureuser - 10.192.8.5" id="Test Suites/DBC_Instance/PointofSale_Module/New_Interface/TS1_POS_CashSale">
      <properties>
         <property name="deviceName" value=""/>
         <property name="devicePlatform"/>
         <property name="logFolder" value="C:\\Users\\azureuser\\git\\frameworks-regression-test-automation\\Reports\\20250206_073700\\DBC_Instance\\PointofSale_Module\\New_Interface\\TS1_POS_CashSale\\20250206_073700"/>
         <property name="logFiles" value="C:\\Users\\azureuser\\git\\frameworks-regression-test-automation\\Reports\\20250206_073700\\DBC_Instance\\PointofSale_Module\\New_Interface\\TS1_POS_CashSale\\20250206_073700\\execution0.log"/>
         <property name="attachments" value="C:\\Users\\azureuser\\git\\frameworks-regression-test-automation\\Reports\\20250206_073700\\DBC_Instance\\PointofSale_Module\\New_Interface\\TS1_POS_CashSale\\20250206_073700\\1738827455810.png, C:\\Users\\azureuser\\git\\frameworks-regression-test-automation\\Reports\\20250206_073700\\DBC_Instance\\PointofSale_Module\\New_Interface\\TS1_POS_CashSale\\20250206_073700\\1738827468512.png, C:\\Users\\azureuser\\git\\frameworks-regression-test-automation\\Reports\\20250206_073700\\DBC_Instance\\PointofSale_Module\\New_Interface\\TS1_POS_CashSale\\20250206_073700\\1738827473294.png, C:\\Users\\azureuser\\git\\frameworks-regression-test-automation\\Reports\\20250206_073700\\DBC_Instance\\PointofSale_Module\\New_Interface\\TS1_POS_CashSale\\20250206_073700\\1738827480470.png"/>
         <property name="hostName" value="azureuser - 10.192.8.5"/>
         <property name="os" value="Windows 11 64bit"/>
         <property name="katalonVersion" value="9.7.2.223"/>
         <property name="browser" value="Chrome 132.0.0.0"/>
         <property name="hostAddress" value="10.192.8.5"/>
         <property name="sessionId" value="fa949a057185b1f89de260a46c4d8a92"/>
         <property name="seleniumVersion" value="3.141.59"/>
         <property name="proxyInformation" value="ProxyInformation { proxyOption=NO_PROXY, proxyServerType=HTTP, username=, password=********, proxyServerAddress=, proxyServerPort=0, executionList=&quot;&quot;, isApplyToDesiredCapabilities=true }"/>
         <property name="platform" value="Windows 11"/>
      </properties>
      <testcase name="Test Cases/DBC_Instance/PointofSale_Module/TS1_POS_CashSale/POS_CashSale - New" time="53.715" classname="Test Cases/DBC_Instance/PointofSale_Module/TS1_POS_CashSale/POS_CashSale - New" status="PASSED">
         <system-out><![CDATA[06-02-2025T07:37:10 - [TEST_CASE][PASSED] - Test Cases/DBC_Instance/PointofSale_Module/TS1_POS_CashSale/POS_CashSale - New: Test Cases/DBC_Instance/PointofSale_Module/TS1_POS_CashSale/POS_CashSale - New

06-02-2025T07:37:12 - [TEST_STEP][PASSED] - sourceTestData_FwksEnv = new java.io.FileInputStream(Source_Env): null

06-02-2025T07:37:12 - [TEST_STEP][PASSED] - sourceTestDataContainer_workbook = new org.apache.poi.xssf.usermodel.XSSFWorkbook(sourceTestData_FwksEnv): null

06-02-2025T07:37:12 - [TEST_STEP][PASSED] - sourceTestData_sheet = sourceTestDataContainer_workbook.getSheet("Sheet1"): null

06-02-2025T07:37:12 - [TEST_STEP][PASSED] - currentSheet_row = sourceTestData_sheet.getRow(4): null

06-02-2025T07:37:13 - [TEST_STEP][PASSED] - currentSheet_cell = currentSheet_row.getCell(1): null

06-02-2025T07:37:13 - [TEST_STEP][PASSED] - DBC_Demo = currentSheet_cell.getStringCellValue(): null

06-02-2025T07:37:13 - [TEST_STEP][PASSED] - println(DBC_Demo): null

06-02-2025T07:37:13 - [TEST_STEP][PASSED] - sourceTestData_FwksEnv.close(): null

06-02-2025T07:37:13 - [TEST_STEP][PASSED] - openBrowser(""): Browser is opened with url: ''

06-02-2025T07:37:13 - [MESSAGE][INFO] - Starting 'Chrome' driver

06-02-2025T07:37:13 - [MESSAGE][INFO] - Action delay is set to 0 milliseconds

06-02-2025T07:37:16 - [MESSAGE][PASSED] - Browser is opened with url: ''

06-02-2025T07:37:16 - [TEST_STEP][PASSED] - maximizeWindow(): Current window maximized

06-02-2025T07:37:16 - [MESSAGE][PASSED] - Current window maximized

06-02-2025T07:37:16 - [TEST_STEP][PASSED] - DBC_Demo = "http://frameworks.dahlsens.com.au:8080/FWDemo/Fluid.html#homeDashboard,dash,Frameworks.Activity.Menu.HomeDashBoard": null

06-02-2025T07:37:16 - [TEST_STEP][PASSED] - navigateToUrl(DBC_Demo): Navigate to 'http://frameworks.dahlsens.com.au:8080/FWDemo/Fluid.html#homeDashboard,dash,Frameworks.Activity.Menu.HomeDashBoard' successfully

06-02-2025T07:37:17 - [MESSAGE][PASSED] - Navigate to 'http://frameworks.dahlsens.com.au:8080/FWDemo/Fluid.html#homeDashboard,dash,Frameworks.Activity.Menu.HomeDashBoard' successfully

06-02-2025T07:37:17 - [TEST_STEP][PASSED] - setText(findTestObject("Object Repository/TS1_POS_CashSale_DBC/New_Interface/Page_Frameworks (Demo)/input_User ID_userid"), userName): Text 'manaki' is set on object 'Object Repository/TS1_POS_CashSale_DBC/New_Interface/Page_Frameworks (Demo)/input_User ID_userid'

06-02-2025T07:37:19 - [MESSAGE][PASSED] - Text 'manaki' is set on object 'Object Repository/TS1_POS_CashSale_DBC/New_Interface/Page_Frameworks (Demo)/input_User ID_userid'

06-02-2025T07:37:19 - [TEST_STEP][PASSED] - setEncryptedText(findTestObject("Object Repository/TS1_POS_CashSale_DBC/New_Interface/Page_Frameworks (Demo)/input_Password_password"), "FHoXGFMjtD0="): Text ****** has been set on object 'Object Repository/TS1_POS_CashSale_DBC/New_Interface/Page_Frameworks (Demo)/input_Password_password'

06-02-2025T07:37:20 - [MESSAGE][PASSED] - Text ****** has been set on object 'Object Repository/TS1_POS_CashSale_DBC/New_Interface/Page_Frameworks (Demo)/input_Password_password'

06-02-2025T07:37:20 - [TEST_STEP][PASSED] - click(findTestObject("Object Repository/TS1_POS_CashSale_DBC/New_Interface/Page_Frameworks (Demo)/div_Login")): Object: 'Object Repository/TS1_POS_CashSale_DBC/New_Interface/Page_Frameworks (Demo)/div_Login' is clicked on

06-02-2025T07:37:21 - [MESSAGE][PASSED] - Object: 'Object Repository/TS1_POS_CashSale_DBC/New_Interface/Page_Frameworks (Demo)/div_Login' is clicked on

06-02-2025T07:37:21 - [TEST_STEP][PASSED] - click(findTestObject("Object Repository/TS1_POS_CashSale_DBC/New_Interface/Page_Frameworks (Demo)/img_MenuIcon")): Object: 'Object Repository/TS1_POS_CashSale_DBC/New_Interface/Page_Frameworks (Demo)/img_MenuIcon' is clicked on

06-02-2025T07:37:26 - [MESSAGE][PASSED] - Object: 'Object Repository/TS1_POS_CashSale_DBC/New_Interface/Page_Frameworks (Demo)/img_MenuIcon' is clicked on

06-02-2025T07:37:26 - [TEST_STEP][PASSED] - click(findTestObject("Object Repository/TS1_POS_CashSale_DBC/New_Interface/Page_Frameworks (Demo)/b_Transaction Processing")): Object: 'Object Repository/TS1_POS_CashSale_DBC/New_Interface/Page_Frameworks (Demo)/b_Transaction Processing' is clicked on

06-02-2025T07:37:26 - [MESSAGE][PASSED] - Object: 'Object Repository/TS1_POS_CashSale_DBC/New_Interface/Page_Frameworks (Demo)/b_Transaction Processing' is clicked on

06-02-2025T07:37:26 - [TEST_STEP][PASSED] - click(findTestObject("Object Repository/TS1_POS_CashSale_DBC/New_Interface/Page_Frameworks (Demo)/td_Point Of Sale")): Object: 'Object Repository/TS1_POS_CashSale_DBC/New_Interface/Page_Frameworks (Demo)/td_Point Of Sale' is clicked on

06-02-2025T07:37:27 - [MESSAGE][PASSED] - Object: 'Object Repository/TS1_POS_CashSale_DBC/New_Interface/Page_Frameworks (Demo)/td_Point Of Sale' is clicked on

06-02-2025T07:37:27 - [TEST_STEP][PASSED] - invoiceNum = getText(findTestObject("Object Repository/TS1_POS_CashSale_DBC/New_Interface/Page_Frameworks (Demo)/div_invoiceNum")): Text of object 'Object Repository/TS1_POS_CashSale_DBC/New_Interface/Page_Frameworks (Demo)/div_invoiceNum' is: '20305118'

06-02-2025T07:37:31 - [MESSAGE][PASSED] - Text of object 'Object Repository/TS1_POS_CashSale_DBC/New_Interface/Page_Frameworks (Demo)/div_invoiceNum' is: '20305118'

06-02-2025T07:37:31 - [TEST_STEP][PASSED] - setText(findTestObject("Object Repository/TS1_POS_CashSale_DBC/New_Interface/Page_Frameworks (Demo)/input_P_prodId"), "594"): Text '594' is set on object 'Object Repository/TS1_POS_CashSale_DBC/New_Interface/Page_Frameworks (Demo)/input_P_prodId'

06-02-2025T07:37:31 - [MESSAGE][PASSED] - Text '594' is set on object 'Object Repository/TS1_POS_CashSale_DBC/New_Interface/Page_Frameworks (Demo)/input_P_prodId'

06-02-2025T07:37:31 - [TEST_STEP][PASSED] - click(findTestObject("Object Repository/TS1_POS_CashSale_DBC/New_Interface/Page_Frameworks (Demo)/input_Quantity_quantityOrdered")): Object: 'Object Repository/TS1_POS_CashSale_DBC/New_Interface/Page_Frameworks (Demo)/input_Quantity_quantityOrdered' is clicked on

06-02-2025T07:37:32 - [MESSAGE][PASSED] - Object: 'Object Repository/TS1_POS_CashSale_DBC/New_Interface/Page_Frameworks (Demo)/input_Quantity_quantityOrdered' is clicked on

06-02-2025T07:37:32 - [TEST_STEP][PASSED] - click(findTestObject("Object Repository/TS1_POS_CashSale_DBC/New_Interface/Page_Frameworks (Demo)/img_add")): Object: 'Object Repository/TS1_POS_CashSale_DBC/New_Interface/Page_Frameworks (Demo)/img_add' is clicked on

06-02-2025T07:37:33 - [MESSAGE][PASSED] - Object: 'Object Repository/TS1_POS_CashSale_DBC/New_Interface/Page_Frameworks (Demo)/img_add' is clicked on

06-02-2025T07:37:33 - [TEST_STEP][PASSED] - delay(2): Delayed 2 second(s)

06-02-2025T07:37:35 - [MESSAGE][PASSED] - Delayed 2 second(s)

06-02-2025T07:37:35 - [TEST_STEP][PASSED] - takeFullPageScreenshot(): Taking screenshot successfully

06-02-2025T07:37:36 - [MESSAGE][INFO] - 0 hidden object(s)

06-02-2025T07:37:36 - [MESSAGE][PASSED] - Taking screenshot successfully
[[ATTACHMENT|C:\\Users\\azureuser\\git\\frameworks-regression-test-automation\\Reports\\20250206_073700\\DBC_Instance\\PointofSale_Module\\New_Interface\\TS1_POS_CashSale\\20250206_073700\\1738827455810.png]]

06-02-2025T07:37:36 - [TEST_STEP][PASSED] - setText(findTestObject("Object Repository/TS1_POS_CashSale_DBC/New_Interface/Page_Frameworks (Demo)/input_P_prodId"), "pfr7035"): Text 'pfr7035' is set on object 'Object Repository/TS1_POS_CashSale_DBC/New_Interface/Page_Frameworks (Demo)/input_P_prodId'

06-02-2025T07:37:37 - [MESSAGE][PASSED] - Text 'pfr7035' is set on object 'Object Repository/TS1_POS_CashSale_DBC/New_Interface/Page_Frameworks (Demo)/input_P_prodId'

06-02-2025T07:37:37 - [TEST_STEP][PASSED] - click(findTestObject("Object Repository/TS1_POS_CashSale_DBC/New_Interface/Page_Frameworks (Demo)/input_Quantity_quantityOrdered")): Object: 'Object Repository/TS1_POS_CashSale_DBC/New_Interface/Page_Frameworks (Demo)/input_Quantity_quantityOrdered' is clicked on

06-02-2025T07:37:38 - [MESSAGE][PASSED] - Object: 'Object Repository/TS1_POS_CashSale_DBC/New_Interface/Page_Frameworks (Demo)/input_Quantity_quantityOrdered' is clicked on

06-02-2025T07:37:38 - [TEST_STEP][PASSED] - click(findTestObject("Object Repository/TS1_POS_CashSale_DBC/New_Interface/Page_Frameworks (Demo)/td_Tally Maintenance")): Object: 'Object Repository/TS1_POS_CashSale_DBC/New_Interface/Page_Frameworks (Demo)/td_Tally Maintenance' is clicked on

06-02-2025T07:37:40 - [MESSAGE][PASSED] - Object: 'Object Repository/TS1_POS_CashSale_DBC/New_Interface/Page_Frameworks (Demo)/td_Tally Maintenance' is clicked on

06-02-2025T07:37:40 - [TEST_STEP][PASSED] - click(findTestObject("Object Repository/TS1_POS_CashSale_DBC/New_Interface/Page_Frameworks (Demo)/div_Quantity_Col")): Object: 'Object Repository/TS1_POS_CashSale_DBC/New_Interface/Page_Frameworks (Demo)/div_Quantity_Col' is clicked on

06-02-2025T07:37:41 - [MESSAGE][PASSED] - Object: 'Object Repository/TS1_POS_CashSale_DBC/New_Interface/Page_Frameworks (Demo)/div_Quantity_Col' is clicked on

06-02-2025T07:37:41 - [TEST_STEP][PASSED] - sendKeys(findTestObject("Object Repository/TS1_POS_CashSale_DBC/New_Interface/Page_Frameworks (Demo)/input_LM_tallyQuantity"), "1"): Keys '1' sent to object: 'Object Repository/TS1_POS_CashSale_DBC/New_Interface/Page_Frameworks (Demo)/input_LM_tallyQuantity'

06-02-2025T07:37:41 - [MESSAGE][PASSED] - Keys '1' sent to object: 'Object Repository/TS1_POS_CashSale_DBC/New_Interface/Page_Frameworks (Demo)/input_LM_tallyQuantity'

06-02-2025T07:37:41 - [TEST_STEP][PASSED] - click(findTestObject("Object Repository/TS1_POS_CashSale_DBC/New_Interface/Page_Frameworks (Demo)/div_Length_Col")): Object: 'Object Repository/TS1_POS_CashSale_DBC/New_Interface/Page_Frameworks (Demo)/div_Length_Col' is clicked on

06-02-2025T07:37:42 - [MESSAGE][PASSED] - Object: 'Object Repository/TS1_POS_CashSale_DBC/New_Interface/Page_Frameworks (Demo)/div_Length_Col' is clicked on

06-02-2025T07:37:42 - [TEST_STEP][PASSED] - sendKeys(findTestObject("Object Repository/TS1_POS_CashSale_DBC/New_Interface/Page_Frameworks (Demo)/input_LM_tallyLength"), "3"): Keys '3' sent to object: 'Object Repository/TS1_POS_CashSale_DBC/New_Interface/Page_Frameworks (Demo)/input_LM_tallyLength'

06-02-2025T07:37:43 - [MESSAGE][PASSED] - Keys '3' sent to object: 'Object Repository/TS1_POS_CashSale_DBC/New_Interface/Page_Frameworks (Demo)/input_LM_tallyLength'

06-02-2025T07:37:43 - [TEST_STEP][PASSED] - click(findTestObject("Object Repository/TS1_POS_CashSale_DBC/New_Interface/Page_Frameworks (Demo)/td_Add")): Object: 'Object Repository/TS1_POS_CashSale_DBC/New_Interface/Page_Frameworks (Demo)/td_Add' is clicked on

06-02-2025T07:37:43 - [MESSAGE][PASSED] - Object: 'Object Repository/TS1_POS_CashSale_DBC/New_Interface/Page_Frameworks (Demo)/td_Add' is clicked on

06-02-2025T07:37:43 - [TEST_STEP][PASSED] - sendKeys(findTestObject("Object Repository/TS1_POS_CashSale_DBC/New_Interface/Page_Frameworks (Demo)/input_LM_tallyQuantity_1_2"), "1"): Keys '1' sent to object: 'Object Repository/TS1_POS_CashSale_DBC/New_Interface/Page_Frameworks (Demo)/input_LM_tallyQuantity_1_2'

06-02-2025T07:37:44 - [MESSAGE][PASSED] - Keys '1' sent to object: 'Object Repository/TS1_POS_CashSale_DBC/New_Interface/Page_Frameworks (Demo)/input_LM_tallyQuantity_1_2'

06-02-2025T07:37:44 - [TEST_STEP][PASSED] - click(findTestObject("Object Repository/TS1_POS_CashSale_DBC/New_Interface/Page_Frameworks (Demo)/div_Length_Col_Row2")): Object: 'Object Repository/TS1_POS_CashSale_DBC/New_Interface/Page_Frameworks (Demo)/div_Length_Col_Row2' is clicked on

06-02-2025T07:37:45 - [MESSAGE][PASSED] - Object: 'Object Repository/TS1_POS_CashSale_DBC/New_Interface/Page_Frameworks (Demo)/div_Length_Col_Row2' is clicked on

06-02-2025T07:37:45 - [TEST_STEP][PASSED] - sendKeys(findTestObject("Object Repository/TS1_POS_CashSale_DBC/New_Interface/Page_Frameworks (Demo)/input_LM_tallyLength_1_2"), "2"): Keys '2' sent to object: 'Object Repository/TS1_POS_CashSale_DBC/New_Interface/Page_Frameworks (Demo)/input_LM_tallyLength_1_2'

06-02-2025T07:37:46 - [MESSAGE][PASSED] - Keys '2' sent to object: 'Object Repository/TS1_POS_CashSale_DBC/New_Interface/Page_Frameworks (Demo)/input_LM_tallyLength_1_2'

06-02-2025T07:37:46 - [TEST_STEP][PASSED] - delay(2): Delayed 2 second(s)

06-02-2025T07:37:48 - [MESSAGE][PASSED] - Delayed 2 second(s)

06-02-2025T07:37:48 - [TEST_STEP][PASSED] - takeFullPageScreenshot(): Taking screenshot successfully

06-02-2025T07:37:48 - [MESSAGE][INFO] - 0 hidden object(s)

06-02-2025T07:37:48 - [MESSAGE][PASSED] - Taking screenshot successfully
[[ATTACHMENT|C:\\Users\\azureuser\\git\\frameworks-regression-test-automation\\Reports\\20250206_073700\\DBC_Instance\\PointofSale_Module\\New_Interface\\TS1_POS_CashSale\\20250206_073700\\1738827468512.png]]

06-02-2025T07:37:48 - [TEST_STEP][PASSED] - click(findTestObject("Object Repository/TS1_POS_CashSale_DBC/New_Interface/Page_Frameworks (Demo)/td_SaveClose (S)")): Object: 'Object Repository/TS1_POS_CashSale_DBC/New_Interface/Page_Frameworks (Demo)/td_SaveClose (S)' is clicked on

06-02-2025T07:37:49 - [MESSAGE][PASSED] - Object: 'Object Repository/TS1_POS_CashSale_DBC/New_Interface/Page_Frameworks (Demo)/td_SaveClose (S)' is clicked on

06-02-2025T07:37:49 - [TEST_STEP][PASSED] - click(findTestObject("Object Repository/TS1_POS_CashSale_DBC/New_Interface/Page_Frameworks (Demo)/img_add")): Object: 'Object Repository/TS1_POS_CashSale_DBC/New_Interface/Page_Frameworks (Demo)/img_add' is clicked on

06-02-2025T07:37:51 - [MESSAGE][PASSED] - Object: 'Object Repository/TS1_POS_CashSale_DBC/New_Interface/Page_Frameworks (Demo)/img_add' is clicked on

06-02-2025T07:37:51 - [TEST_STEP][PASSED] - delay(2): Delayed 2 second(s)

06-02-2025T07:37:53 - [MESSAGE][PASSED] - Delayed 2 second(s)

06-02-2025T07:37:53 - [TEST_STEP][PASSED] - takeFullPageScreenshot(): Taking screenshot successfully

06-02-2025T07:37:53 - [MESSAGE][INFO] - 0 hidden object(s)

06-02-2025T07:37:53 - [MESSAGE][PASSED] - Taking screenshot successfully
[[ATTACHMENT|C:\\Users\\azureuser\\git\\frameworks-regression-test-automation\\Reports\\20250206_073700\\DBC_Instance\\PointofSale_Module\\New_Interface\\TS1_POS_CashSale\\20250206_073700\\1738827473294.png]]

06-02-2025T07:37:53 - [TEST_STEP][PASSED] - click(findTestObject("Object Repository/TS1_POS_CashSale_DBC/New_Interface/Page_Frameworks (Demo)/div_FinishSale (S)")): Object: 'Object Repository/TS1_POS_CashSale_DBC/New_Interface/Page_Frameworks (Demo)/div_FinishSale (S)' is clicked on

06-02-2025T07:37:54 - [MESSAGE][PASSED] - Object: 'Object Repository/TS1_POS_CashSale_DBC/New_Interface/Page_Frameworks (Demo)/div_FinishSale (S)' is clicked on

06-02-2025T07:37:54 - [TEST_STEP][PASSED] - click(findTestObject("Object Repository/TS1_POS_CashSale_DBC/New_Interface/Page_Frameworks (Demo)/div_100 Cash")): Object: 'Object Repository/TS1_POS_CashSale_DBC/New_Interface/Page_Frameworks (Demo)/div_100 Cash' is clicked on

06-02-2025T07:37:58 - [MESSAGE][PASSED] - Object: 'Object Repository/TS1_POS_CashSale_DBC/New_Interface/Page_Frameworks (Demo)/div_100 Cash' is clicked on

06-02-2025T07:37:58 - [TEST_STEP][PASSED] - delay(2): Delayed 2 second(s)

06-02-2025T07:38:00 - [MESSAGE][PASSED] - Delayed 2 second(s)

06-02-2025T07:38:00 - [TEST_STEP][PASSED] - takeFullPageScreenshot(): Taking screenshot successfully

06-02-2025T07:38:00 - [MESSAGE][INFO] - 0 hidden object(s)

06-02-2025T07:38:00 - [MESSAGE][PASSED] - Taking screenshot successfully
[[ATTACHMENT|C:\\Users\\azureuser\\git\\frameworks-regression-test-automation\\Reports\\20250206_073700\\DBC_Instance\\PointofSale_Module\\New_Interface\\TS1_POS_CashSale\\20250206_073700\\1738827480470.png]]

06-02-2025T07:38:00 - [TEST_STEP][PASSED] - click(findTestObject("Object Repository/TS1_POS_CashSale_DBC/New_Interface/Page_Frameworks (Demo)/td_SaveClose (S)")): Object: 'Object Repository/TS1_POS_CashSale_DBC/New_Interface/Page_Frameworks (Demo)/td_SaveClose (S)' is clicked on

06-02-2025T07:38:01 - [MESSAGE][PASSED] - Object: 'Object Repository/TS1_POS_CashSale_DBC/New_Interface/Page_Frameworks (Demo)/td_SaveClose (S)' is clicked on

06-02-2025T07:38:01 - [TEST_STEP][PASSED] - click(findTestObject("Object Repository/TS2_POS_AccountSale_DBC/New_Interface/Page_Frameworks (Demo)/img_AccountDropdown")): Object: 'Object Repository/TS2_POS_AccountSale_DBC/New_Interface/Page_Frameworks (Demo)/img_AccountDropdown' is clicked on

06-02-2025T07:38:03 - [MESSAGE][PASSED] - Object: 'Object Repository/TS2_POS_AccountSale_DBC/New_Interface/Page_Frameworks (Demo)/img_AccountDropdown' is clicked on

06-02-2025T07:38:03 - [TEST_STEP][PASSED] - click(findTestObject("Object Repository/TS2_POS_AccountSale_DBC/New_Interface/Page_Frameworks (Demo)/div_Logout")): Object: 'Object Repository/TS2_POS_AccountSale_DBC/New_Interface/Page_Frameworks (Demo)/div_Logout' is clicked on

06-02-2025T07:38:04 - [MESSAGE][PASSED] - Object: 'Object Repository/TS2_POS_AccountSale_DBC/New_Interface/Page_Frameworks (Demo)/div_Logout' is clicked on]]></system-out>
         <system-err><![CDATA[]]></system-err>
      </testcase>
      <system-out><![CDATA[06-02-2025T07:37:10 - [TEST_SUITE][PASSED] - TS1_POS_CashSale: Test Cases/DBC_Instance/PointofSale_Module/TS1_POS_CashSale/POS_CashSale - New]]></system-out>
      <system-err><![CDATA[]]></system-err>
   </testsuite>
</testsuites>
