<?xml version="1.0" encoding="UTF-8"?>
<testsuites name="TS8_POS_CashRefund_Overcharge_NT" time="94.473" tests="2" failures="0" errors="0">
   <testsuite name="TS8_POS_CashRefund_Overcharge_NT" tests="2" failures="0" errors="0" time="94.473" skipped="0" timestamp="04-11-2024T07:43:01" hostname="azureuser - 10.192.8.5" id="Test Suites/Nortruss instance/PointofSale_Module/TS8_POS_CashRefund_Overcharge_NT">
      <properties>
         <property name="deviceName" value=""/>
         <property name="devicePlatform"/>
         <property name="logFolder" value="C:\\Users\\azureuser\\git\\frameworks-regression-test-automation\\Reports\\20241104_074251\\Nortruss instance\\PointofSale_Module\\TS8_POS_CashRefund_Overcharge_NT\\20241104_074251"/>
         <property name="logFiles" value="C:\\Users\\azureuser\\git\\frameworks-regression-test-automation\\Reports\\20241104_074251\\Nortruss instance\\PointofSale_Module\\TS8_POS_CashRefund_Overcharge_NT\\20241104_074251\\execution0.log"/>
         <property name="attachments" value=""/>
         <property name="hostName" value="azureuser - 10.192.8.5"/>
         <property name="os" value="Windows 11 64bit"/>
         <property name="katalonVersion" value="9.7.2.223"/>
         <property name="browser" value="Chrome 130.0.0.0"/>
         <property name="hostAddress" value="10.192.8.5"/>
         <property name="sessionId" value="8c406212b74fff0226a1d37a72e93fa0"/>
         <property name="seleniumVersion" value="3.141.59"/>
         <property name="proxyInformation" value="ProxyInformation { proxyOption=NO_PROXY, proxyServerType=HTTP, username=, password=********, proxyServerAddress=, proxyServerPort=0, executionList=&quot;&quot;, isApplyToDesiredCapabilities=true }"/>
         <property name="platform" value="Windows 11"/>
      </properties>
      <testcase name="Test Cases/Nortruss Instance/PointofSale_Module/TS1_POS_CashSale/POS Cash Sale-2014086(TS8)" time="45.256" classname="Test Cases/Nortruss Instance/PointofSale_Module/TS1_POS_CashSale/POS Cash Sale-2014086(TS8)" status="PASSED">
         <system-out><![CDATA[04-11-2024T07:43:01 - [TEST_CASE][PASSED] - Test Cases/Nortruss Instance/PointofSale_Module/TS1_POS_CashSale/POS Cash Sale-2014086(TS8): Test Cases/Nortruss Instance/PointofSale_Module/TS1_POS_CashSale/POS Cash Sale-2014086(TS8)

04-11-2024T07:43:02 - [TEST_STEP][PASSED] - openBrowser(""): Browser is opened with url: ''

04-11-2024T07:43:03 - [MESSAGE][INFO] - Starting 'Chrome' driver

04-11-2024T07:43:03 - [MESSAGE][INFO] - Action delay is set to 0 milliseconds

04-11-2024T07:43:05 - [MESSAGE][PASSED] - Browser is opened with url: ''

04-11-2024T07:43:05 - [TEST_STEP][PASSED] - maximizeWindow(): Current window maximized

04-11-2024T07:43:06 - [MESSAGE][PASSED] - Current window maximized

04-11-2024T07:43:06 - [TEST_STEP][PASSED] - navigateToUrl("http://frameworks.nt.nortruss.com.au:8080/FWDemo/Fluid.html#homeDashboard,dash,Frameworks.Activity.Menu.HomeDashBoard"): Navigate to 'http://frameworks.nt.nortruss.com.au:8080/FWDemo/Fluid.html#homeDashboard,dash,Frameworks.Activity.Menu.HomeDashBoard' successfully

04-11-2024T07:43:12 - [MESSAGE][PASSED] - Navigate to 'http://frameworks.nt.nortruss.com.au:8080/FWDemo/Fluid.html#homeDashboard,dash,Frameworks.Activity.Menu.HomeDashBoard' successfully

04-11-2024T07:43:12 - [TEST_STEP][PASSED] - setText(findTestObject("Object Repository/Page_Frameworks (Demo)/input_User ID_userid"), "manaki"): Text 'manaki' is set on object 'Object Repository/Page_Frameworks (Demo)/input_User ID_userid'

04-11-2024T07:43:16 - [MESSAGE][PASSED] - Text 'manaki' is set on object 'Object Repository/Page_Frameworks (Demo)/input_User ID_userid'

04-11-2024T07:43:16 - [TEST_STEP][PASSED] - setEncryptedText(findTestObject("Object Repository/Page_Frameworks (Demo)/input_Password_password"), "C5+8mNJ15mA="): Text ****** has been set on object 'Object Repository/Page_Frameworks (Demo)/input_Password_password'

04-11-2024T07:43:17 - [MESSAGE][PASSED] - Text ****** has been set on object 'Object Repository/Page_Frameworks (Demo)/input_Password_password'

04-11-2024T07:43:17 - [TEST_STEP][PASSED] - click(findTestObject("Object Repository/Page_Frameworks (Demo)/div_Login")): Object: 'Object Repository/Page_Frameworks (Demo)/div_Login' is clicked on

04-11-2024T07:43:18 - [MESSAGE][PASSED] - Object: 'Object Repository/Page_Frameworks (Demo)/div_Login' is clicked on

04-11-2024T07:43:18 - [TEST_STEP][PASSED] - click(findTestObject("Object Repository/Page_Frameworks (Demo)/img_FW")): Object: 'Object Repository/Page_Frameworks (Demo)/img_FW' is clicked on

04-11-2024T07:43:22 - [MESSAGE][PASSED] - Object: 'Object Repository/Page_Frameworks (Demo)/img_FW' is clicked on

04-11-2024T07:43:22 - [TEST_STEP][PASSED] - click(findTestObject("Object Repository/Page_Frameworks (Demo)/b_Transaction Processing")): Object: 'Object Repository/Page_Frameworks (Demo)/b_Transaction Processing' is clicked on

04-11-2024T07:43:25 - [MESSAGE][PASSED] - Object: 'Object Repository/Page_Frameworks (Demo)/b_Transaction Processing' is clicked on

04-11-2024T07:43:25 - [TEST_STEP][PASSED] - click(findTestObject("Object Repository/Page_Frameworks (Demo)/td_Point Of Sale")): Object: 'Object Repository/Page_Frameworks (Demo)/td_Point Of Sale' is clicked on

04-11-2024T07:43:26 - [MESSAGE][PASSED] - Object: 'Object Repository/Page_Frameworks (Demo)/td_Point Of Sale' is clicked on

04-11-2024T07:43:26 - [TEST_STEP][PASSED] - setEncryptedText(findTestObject("Object Repository/Page_Frameworks (Demo)/input_Operator No_operatorId"), "uzzxF8+Oh1A="): Text ****** has been set on object 'Object Repository/Page_Frameworks (Demo)/input_Operator No_operatorId'

04-11-2024T07:43:29 - [MESSAGE][PASSED] - Text ****** has been set on object 'Object Repository/Page_Frameworks (Demo)/input_Operator No_operatorId'

04-11-2024T07:43:29 - [TEST_STEP][PASSED] - setEncryptedText(findTestObject("Object Repository/Page_Frameworks (Demo)/input_PIN_pin"), "uzzxF8+Oh1A="): Text ****** has been set on object 'Object Repository/Page_Frameworks (Demo)/input_PIN_pin'

04-11-2024T07:43:30 - [MESSAGE][PASSED] - Text ****** has been set on object 'Object Repository/Page_Frameworks (Demo)/input_PIN_pin'

04-11-2024T07:43:30 - [TEST_STEP][PASSED] - click(findTestObject("Object Repository/Page_Frameworks (Demo)/div_OK")): Object: 'Object Repository/Page_Frameworks (Demo)/div_OK' is clicked on

04-11-2024T07:43:31 - [MESSAGE][PASSED] - Object: 'Object Repository/Page_Frameworks (Demo)/div_OK' is clicked on

04-11-2024T07:43:31 - [TEST_STEP][PASSED] - invoiceNum = getText(findTestObject("Object Repository/Page_Frameworks (Demo)/div_invoiceNum")): Text of object 'Object Repository/Page_Frameworks (Demo)/div_invoiceNum' is: '40559231'

04-11-2024T07:43:33 - [MESSAGE][PASSED] - Text of object 'Object Repository/Page_Frameworks (Demo)/div_invoiceNum' is: '40559231'

04-11-2024T07:43:33 - [TEST_STEP][PASSED] - println(invoiceNum): null

04-11-2024T07:43:33 - [TEST_STEP][PASSED] - setText(findTestObject("Object Repository/Page_Frameworks (Demo)/input_P_prodId"), "2014086"): Text '2014086' is set on object 'Object Repository/Page_Frameworks (Demo)/input_P_prodId'

04-11-2024T07:43:34 - [MESSAGE][PASSED] - Text '2014086' is set on object 'Object Repository/Page_Frameworks (Demo)/input_P_prodId'

04-11-2024T07:43:34 - [TEST_STEP][PASSED] - click(findTestObject("Object Repository/Page_Frameworks (Demo)/input_Quantity_quantityOrdered")): Object: 'Object Repository/Page_Frameworks (Demo)/input_Quantity_quantityOrdered' is clicked on

04-11-2024T07:43:34 - [MESSAGE][PASSED] - Object: 'Object Repository/Page_Frameworks (Demo)/input_Quantity_quantityOrdered' is clicked on

04-11-2024T07:43:34 - [TEST_STEP][PASSED] - click(findTestObject("Object Repository/Page_Frameworks (Demo)/img")): Object: 'Object Repository/Page_Frameworks (Demo)/img' is clicked on

04-11-2024T07:43:35 - [MESSAGE][PASSED] - Object: 'Object Repository/Page_Frameworks (Demo)/img' is clicked on

04-11-2024T07:43:35 - [TEST_STEP][PASSED] - click(findTestObject("Object Repository/Page_Frameworks (Demo)/div_FinishSale (S)")): Object: 'Object Repository/Page_Frameworks (Demo)/div_FinishSale (S)' is clicked on

04-11-2024T07:43:38 - [MESSAGE][PASSED] - Object: 'Object Repository/Page_Frameworks (Demo)/div_FinishSale (S)' is clicked on

04-11-2024T07:43:38 - [TEST_STEP][PASSED] - click(findTestObject("Object Repository/Page_Frameworks (Demo)/div_Pay")): Object: 'Object Repository/Page_Frameworks (Demo)/div_Pay' is clicked on

04-11-2024T07:43:41 - [MESSAGE][PASSED] - Object: 'Object Repository/Page_Frameworks (Demo)/div_Pay' is clicked on

04-11-2024T07:43:41 - [TEST_STEP][PASSED] - setEncryptedText(findTestObject("Object Repository/Page_Frameworks (Demo)/input_Operator No_operatorId_1"), "uzzxF8+Oh1A="): Text ****** has been set on object 'Object Repository/Page_Frameworks (Demo)/input_Operator No_operatorId_1'

04-11-2024T07:43:43 - [MESSAGE][PASSED] - Text ****** has been set on object 'Object Repository/Page_Frameworks (Demo)/input_Operator No_operatorId_1'

04-11-2024T07:43:43 - [TEST_STEP][PASSED] - setEncryptedText(findTestObject("Object Repository/Page_Frameworks (Demo)/input_PIN_pin_1"), "uzzxF8+Oh1A="): Text ****** has been set on object 'Object Repository/Page_Frameworks (Demo)/input_PIN_pin_1'

04-11-2024T07:43:43 - [MESSAGE][PASSED] - Text ****** has been set on object 'Object Repository/Page_Frameworks (Demo)/input_PIN_pin_1'

04-11-2024T07:43:43 - [TEST_STEP][PASSED] - click(findTestObject("Object Repository/Page_Frameworks (Demo)/div_OK_1")): Object: 'Object Repository/Page_Frameworks (Demo)/div_OK_1' is clicked on

04-11-2024T07:43:44 - [MESSAGE][PASSED] - Object: 'Object Repository/Page_Frameworks (Demo)/div_OK_1' is clicked on

04-11-2024T07:43:44 - [TEST_STEP][PASSED] - sourceFile = new java.io.FileInputStream(ExcelFile): null

04-11-2024T07:43:44 - [TEST_STEP][PASSED] - workbook = new org.apache.poi.xssf.usermodel.XSSFWorkbook(sourceFile): null

04-11-2024T07:43:45 - [TEST_STEP][PASSED] - sheet = workbook.getSheet("Sheet1"): null

04-11-2024T07:43:45 - [TEST_STEP][PASSED] - row = sheet.getRow(0): null

04-11-2024T07:43:45 - [TEST_STEP][PASSED] - cell = row.getCell(1): null

04-11-2024T07:43:45 - [TEST_STEP][PASSED] - row = sheet.createRow(1): null

04-11-2024T07:43:45 - [TEST_STEP][PASSED] - cell = row.createCell(0): null

04-11-2024T07:43:45 - [TEST_STEP][PASSED] - cell.setCellValue("Invoice Number"): null

04-11-2024T07:43:45 - [TEST_STEP][PASSED] - cell = row.createCell(1): null

04-11-2024T07:43:45 - [TEST_STEP][PASSED] - cell.setCellValue(invoiceNum): null

04-11-2024T07:43:45 - [TEST_STEP][PASSED] - fos = new java.io.FileOutputStream(ExcelFile): null

04-11-2024T07:43:45 - [TEST_STEP][PASSED] - workbook.write(fos): null

04-11-2024T07:43:45 - [TEST_STEP][PASSED] - fos.close(): null

04-11-2024T07:43:45 - [TEST_STEP][PASSED] - sourceFile.close(): null

04-11-2024T07:43:45 - [TEST_STEP][PASSED] - click(findTestObject("Object Repository/Page_Frameworks (Demo)/img_dropdownLogout")): Object: 'Object Repository/Page_Frameworks (Demo)/img_dropdownLogout' is clicked on

04-11-2024T07:43:46 - [MESSAGE][PASSED] - Object: 'Object Repository/Page_Frameworks (Demo)/img_dropdownLogout' is clicked on

04-11-2024T07:43:46 - [TEST_STEP][PASSED] - click(findTestObject("Object Repository/Page_Frameworks (Demo)/td_Logout")): Object: 'Object Repository/Page_Frameworks (Demo)/td_Logout' is clicked on

04-11-2024T07:43:47 - [MESSAGE][PASSED] - Object: 'Object Repository/Page_Frameworks (Demo)/td_Logout' is clicked on]]></system-out>
         <system-err><![CDATA[]]></system-err>
      </testcase>
      <testcase name="Test Cases/Nortruss Instance/PointofSale_Module/TS8_POS_CashRefund_Overcharge/POS_CashRefund_Overcharge" time="48.87" classname="Test Cases/Nortruss Instance/PointofSale_Module/TS8_POS_CashRefund_Overcharge/POS_CashRefund_Overcharge" status="PASSED">
         <system-out><![CDATA[04-11-2024T07:43:47 - [TEST_CASE][PASSED] - Test Cases/Nortruss Instance/PointofSale_Module/TS8_POS_CashRefund_Overcharge/POS_CashRefund_Overcharge: Test Cases/Nortruss Instance/PointofSale_Module/TS8_POS_CashRefund_Overcharge/POS_CashRefund_Overcharge

04-11-2024T07:43:47 - [TEST_STEP][PASSED] - sourceFile = new java.io.FileInputStream(ExcelFile): null

04-11-2024T07:43:47 - [TEST_STEP][PASSED] - workbook = new org.apache.poi.xssf.usermodel.XSSFWorkbook(sourceFile): null

04-11-2024T07:43:47 - [TEST_STEP][PASSED] - sheet = workbook.getSheet("Sheet1"): null

04-11-2024T07:43:47 - [TEST_STEP][PASSED] - row = sheet.getRow(1): null

04-11-2024T07:43:47 - [TEST_STEP][PASSED] - cell = row.getCell(1): null

04-11-2024T07:43:47 - [TEST_STEP][PASSED] - docketNumber = cell.getStringCellValue(): null

04-11-2024T07:43:47 - [TEST_STEP][PASSED] - println(docketNumber): null

04-11-2024T07:43:47 - [TEST_STEP][PASSED] - openBrowser(""): Browser is opened with url: ''

04-11-2024T07:43:47 - [MESSAGE][WARNING] - A browser is already opened. Closing browser and opening a new one

04-11-2024T07:43:48 - [MESSAGE][INFO] - Starting 'Chrome' driver

04-11-2024T07:43:48 - [MESSAGE][INFO] - Action delay is set to 0 milliseconds

04-11-2024T07:43:49 - [MESSAGE][PASSED] - Browser is opened with url: ''

04-11-2024T07:43:49 - [TEST_STEP][PASSED] - maximizeWindow(): Current window maximized

04-11-2024T07:43:50 - [MESSAGE][PASSED] - Current window maximized

04-11-2024T07:43:50 - [TEST_STEP][PASSED] - navigateToUrl("http://frameworks.nt.nortruss.com.au:8080/FWDemo/Fluid.html#homeDashboard,dash,Frameworks.Activity.Menu.HomeDashBoard"): Navigate to 'http://frameworks.nt.nortruss.com.au:8080/FWDemo/Fluid.html#homeDashboard,dash,Frameworks.Activity.Menu.HomeDashBoard' successfully

04-11-2024T07:43:50 - [MESSAGE][PASSED] - Navigate to 'http://frameworks.nt.nortruss.com.au:8080/FWDemo/Fluid.html#homeDashboard,dash,Frameworks.Activity.Menu.HomeDashBoard' successfully

04-11-2024T07:43:50 - [TEST_STEP][PASSED] - setText(findTestObject("Object Repository/Page_Frameworks (Demo)/input_User ID_userid"), userName): Text 'manaki' is set on object 'Object Repository/Page_Frameworks (Demo)/input_User ID_userid'

04-11-2024T07:44:00 - [MESSAGE][PASSED] - Text 'manaki' is set on object 'Object Repository/Page_Frameworks (Demo)/input_User ID_userid'

04-11-2024T07:44:00 - [TEST_STEP][PASSED] - setEncryptedText(findTestObject("Object Repository/Page_Frameworks (Demo)/input_Password_password"), "C5+8mNJ15mA="): Text ****** has been set on object 'Object Repository/Page_Frameworks (Demo)/input_Password_password'

04-11-2024T07:44:01 - [MESSAGE][PASSED] - Text ****** has been set on object 'Object Repository/Page_Frameworks (Demo)/input_Password_password'

04-11-2024T07:44:01 - [TEST_STEP][PASSED] - click(findTestObject("Object Repository/Page_Frameworks (Demo)/div_Login")): Object: 'Object Repository/Page_Frameworks (Demo)/div_Login' is clicked on

04-11-2024T07:44:01 - [MESSAGE][PASSED] - Object: 'Object Repository/Page_Frameworks (Demo)/div_Login' is clicked on

04-11-2024T07:44:01 - [TEST_STEP][PASSED] - click(findTestObject("Object Repository/Page_Frameworks (Demo)/img_FW")): Object: 'Object Repository/Page_Frameworks (Demo)/img_FW' is clicked on

04-11-2024T07:44:05 - [MESSAGE][PASSED] - Object: 'Object Repository/Page_Frameworks (Demo)/img_FW' is clicked on

04-11-2024T07:44:05 - [TEST_STEP][PASSED] - click(findTestObject("Object Repository/Page_Frameworks (Demo)/b_Transaction Processing")): Object: 'Object Repository/Page_Frameworks (Demo)/b_Transaction Processing' is clicked on

04-11-2024T07:44:07 - [MESSAGE][PASSED] - Object: 'Object Repository/Page_Frameworks (Demo)/b_Transaction Processing' is clicked on

04-11-2024T07:44:07 - [TEST_STEP][PASSED] - click(findTestObject("Object Repository/Page_Frameworks (Demo)/td_Credit Notes")): Object: 'Object Repository/Page_Frameworks (Demo)/td_Credit Notes' is clicked on

04-11-2024T07:44:08 - [MESSAGE][PASSED] - Object: 'Object Repository/Page_Frameworks (Demo)/td_Credit Notes' is clicked on

04-11-2024T07:44:08 - [TEST_STEP][PASSED] - click(findTestObject("Object Repository/Page_Frameworks (Demo)/td_New")): Object: 'Object Repository/Page_Frameworks (Demo)/td_New' is clicked on

04-11-2024T07:44:10 - [MESSAGE][PASSED] - Object: 'Object Repository/Page_Frameworks (Demo)/td_New' is clicked on

04-11-2024T07:44:10 - [TEST_STEP][PASSED] - setEncryptedText(findTestObject("Object Repository/Page_Frameworks (Demo)/input_Operator No_operatorId"), "uzzxF8+Oh1A="): Text ****** has been set on object 'Object Repository/Page_Frameworks (Demo)/input_Operator No_operatorId'

04-11-2024T07:44:13 - [MESSAGE][PASSED] - Text ****** has been set on object 'Object Repository/Page_Frameworks (Demo)/input_Operator No_operatorId'

04-11-2024T07:44:13 - [TEST_STEP][PASSED] - setEncryptedText(findTestObject("Object Repository/Page_Frameworks (Demo)/input_PIN_pin"), "uzzxF8+Oh1A="): Text ****** has been set on object 'Object Repository/Page_Frameworks (Demo)/input_PIN_pin'

04-11-2024T07:44:13 - [MESSAGE][PASSED] - Text ****** has been set on object 'Object Repository/Page_Frameworks (Demo)/input_PIN_pin'

04-11-2024T07:44:13 - [TEST_STEP][PASSED] - click(findTestObject("Object Repository/Page_Frameworks (Demo)/div_OK")): Object: 'Object Repository/Page_Frameworks (Demo)/div_OK' is clicked on

04-11-2024T07:44:15 - [MESSAGE][PASSED] - Object: 'Object Repository/Page_Frameworks (Demo)/div_OK' is clicked on

04-11-2024T07:44:15 - [TEST_STEP][PASSED] - click(findTestObject("Object Repository/Page_Frameworks (Demo)/img_Select a Value_isc_FP")): Object: 'Object Repository/Page_Frameworks (Demo)/img_Select a Value_isc_FP' is clicked on

04-11-2024T07:44:16 - [MESSAGE][PASSED] - Object: 'Object Repository/Page_Frameworks (Demo)/img_Select a Value_isc_FP' is clicked on

04-11-2024T07:44:16 - [TEST_STEP][PASSED] - click(findTestObject("Object Repository/Page_Frameworks (Demo)/div_Overcharge")): Object: 'Object Repository/Page_Frameworks (Demo)/div_Overcharge' is clicked on

04-11-2024T07:44:17 - [MESSAGE][PASSED] - Object: 'Object Repository/Page_Frameworks (Demo)/div_Overcharge' is clicked on

04-11-2024T07:44:17 - [TEST_STEP][PASSED] - click(findTestObject("Object Repository/Page_Frameworks (Demo)/img_Reason_isc_FX")): Object: 'Object Repository/Page_Frameworks (Demo)/img_Reason_isc_FX' is clicked on

04-11-2024T07:44:18 - [MESSAGE][PASSED] - Object: 'Object Repository/Page_Frameworks (Demo)/img_Reason_isc_FX' is clicked on

04-11-2024T07:44:18 - [TEST_STEP][PASSED] - click(findTestObject("Object Repository/Page_Frameworks (Demo)/div_02 - Overcharged")): Object: 'Object Repository/Page_Frameworks (Demo)/div_02 - Overcharged' is clicked on

04-11-2024T07:44:19 - [MESSAGE][PASSED] - Object: 'Object Repository/Page_Frameworks (Demo)/div_02 - Overcharged' is clicked on

04-11-2024T07:44:19 - [TEST_STEP][PASSED] - click(findTestObject("Object Repository/Page_Frameworks (Demo)/input_Original Docket_originalDocket")): Object: 'Object Repository/Page_Frameworks (Demo)/input_Original Docket_originalDocket' is clicked on

04-11-2024T07:44:20 - [MESSAGE][PASSED] - Object: 'Object Repository/Page_Frameworks (Demo)/input_Original Docket_originalDocket' is clicked on

04-11-2024T07:44:20 - [TEST_STEP][PASSED] - sendKeys(findTestObject("Object Repository/Page_Frameworks (Demo)/input_Original Docket_originalDocket"), docketNumber): Keys '40559231' sent to object: 'Object Repository/Page_Frameworks (Demo)/input_Original Docket_originalDocket'

04-11-2024T07:44:20 - [MESSAGE][PASSED] - Keys '40559231' sent to object: 'Object Repository/Page_Frameworks (Demo)/input_Original Docket_originalDocket'

04-11-2024T07:44:20 - [TEST_STEP][PASSED] - click(findTestObject("Object Repository/Page_Frameworks (Demo)/td_No line items loaded")): Object: 'Object Repository/Page_Frameworks (Demo)/td_No line items loaded' is clicked on

04-11-2024T07:44:21 - [MESSAGE][PASSED] - Object: 'Object Repository/Page_Frameworks (Demo)/td_No line items loaded' is clicked on

04-11-2024T07:44:21 - [TEST_STEP][PASSED] - click(findTestObject("Object Repository/Page_Frameworks (Demo)/div_Load Details")): Object: 'Object Repository/Page_Frameworks (Demo)/div_Load Details' is clicked on

04-11-2024T07:44:22 - [MESSAGE][PASSED] - Object: 'Object Repository/Page_Frameworks (Demo)/div_Load Details' is clicked on

04-11-2024T07:44:22 - [TEST_STEP][PASSED] - click(findTestObject("Object Repository/Page_Frameworks (Demo)/div_0.0000")): Object: 'Object Repository/Page_Frameworks (Demo)/div_0.0000' is clicked on

04-11-2024T07:44:23 - [MESSAGE][PASSED] - Object: 'Object Repository/Page_Frameworks (Demo)/div_0.0000' is clicked on

04-11-2024T07:44:23 - [TEST_STEP][PASSED] - sendKeys(findTestObject("Object Repository/Page_Frameworks (Demo)/input_EA_unitSellBrowse"), "5.09"): Keys '5.09' sent to object: 'Object Repository/Page_Frameworks (Demo)/input_EA_unitSellBrowse'

04-11-2024T07:44:24 - [MESSAGE][PASSED] - Keys '5.09' sent to object: 'Object Repository/Page_Frameworks (Demo)/input_EA_unitSellBrowse'

04-11-2024T07:44:24 - [TEST_STEP][PASSED] - click(findTestObject("Object Repository/Page_Frameworks (Demo)/div_2014086CEMENT GP 20KG NORTHERN CEMENT40_a57d0d")): Object: 'Object Repository/Page_Frameworks (Demo)/div_2014086CEMENT GP 20KG NORTHERN CEMENT40_a57d0d' is clicked on

04-11-2024T07:44:24 - [MESSAGE][PASSED] - Object: 'Object Repository/Page_Frameworks (Demo)/div_2014086CEMENT GP 20KG NORTHERN CEMENT40_a57d0d' is clicked on

04-11-2024T07:44:24 - [TEST_STEP][PASSED] - click(findTestObject("Object Repository/Page_Frameworks (Demo)/div_Finish (S)")): Object: 'Object Repository/Page_Frameworks (Demo)/div_Finish (S)' is clicked on

04-11-2024T07:44:25 - [MESSAGE][PASSED] - Object: 'Object Repository/Page_Frameworks (Demo)/div_Finish (S)' is clicked on

04-11-2024T07:44:25 - [TEST_STEP][PASSED] - click(findTestObject("Object Repository/Page_Frameworks (Demo)/td_Cash_isc_R4")): Object: 'Object Repository/Page_Frameworks (Demo)/td_Cash_isc_R4' is clicked on

04-11-2024T07:44:28 - [MESSAGE][PASSED] - Object: 'Object Repository/Page_Frameworks (Demo)/td_Cash_isc_R4' is clicked on

04-11-2024T07:44:28 - [TEST_STEP][PASSED] - click(findTestObject("Object Repository/Page_Frameworks (Demo)/div_EFTPOS")): Object: 'Object Repository/Page_Frameworks (Demo)/div_EFTPOS' is clicked on

04-11-2024T07:44:29 - [MESSAGE][PASSED] - Object: 'Object Repository/Page_Frameworks (Demo)/div_EFTPOS' is clicked on

04-11-2024T07:44:29 - [TEST_STEP][PASSED] - click(findTestObject("Object Repository/Page_Frameworks (Demo)/div_Refund_1")): Object: 'Object Repository/Page_Frameworks (Demo)/div_Refund_1' is clicked on

04-11-2024T07:44:30 - [MESSAGE][PASSED] - Object: 'Object Repository/Page_Frameworks (Demo)/div_Refund_1' is clicked on

04-11-2024T07:44:30 - [TEST_STEP][PASSED] - click(findTestObject("Object Repository/Page_Frameworks (Demo)/img")): Object: 'Object Repository/Page_Frameworks (Demo)/img' is clicked on

04-11-2024T07:44:32 - [MESSAGE][PASSED] - Object: 'Object Repository/Page_Frameworks (Demo)/img' is clicked on

04-11-2024T07:44:32 - [TEST_STEP][PASSED] - click(findTestObject("Object Repository/Page_Frameworks (Demo)/img_dropdownLogout")): Object: 'Object Repository/Page_Frameworks (Demo)/img_dropdownLogout' is clicked on

04-11-2024T07:44:34 - [MESSAGE][PASSED] - Object: 'Object Repository/Page_Frameworks (Demo)/img_dropdownLogout' is clicked on

04-11-2024T07:44:34 - [TEST_STEP][PASSED] - click(findTestObject("Object Repository/Page_Frameworks (Demo)/td_Logout")): Object: 'Object Repository/Page_Frameworks (Demo)/td_Logout' is clicked on

04-11-2024T07:44:35 - [MESSAGE][PASSED] - Object: 'Object Repository/Page_Frameworks (Demo)/td_Logout' is clicked on]]></system-out>
         <system-err><![CDATA[]]></system-err>
      </testcase>
      <system-out><![CDATA[04-11-2024T07:43:01 - [TEST_SUITE][PASSED] - TS8_POS_CashRefund_Overcharge_NT: Test Cases/Nortruss Instance/PointofSale_Module/TS8_POS_CashRefund_Overcharge/POS_CashRefund_Overcharge]]></system-out>
      <system-err><![CDATA[]]></system-err>
   </testsuite>
</testsuites>
