<?xml version="1.0" encoding="UTF-8"?>
<testsuites name="PO_PurchaseOrder_Stock_CHC" time="88.743" tests="2" failures="0" errors="0">
   <testsuite name="PO_PurchaseOrder_Stock_CHC" tests="2" failures="0" errors="0" time="88.743" skipped="0" timestamp="06-01-2025T14:43:24" hostname="azureuser - 10.192.8.5" id="Test Suites/CHC_Instance/PurchaseOrder_Module/PO_PurchaseOrder_Stock_CHC">
      <properties>
         <property name="deviceName" value=""/>
         <property name="devicePlatform"/>
         <property name="logFolder" value="C:\\Users\\azureuser\\git\\frameworks-regression-test-automation\\Reports\\20250106_144313\\CHC_Instance\\PurchaseOrder_Module\\PO_PurchaseOrder_Stock_CHC\\20250106_144313"/>
         <property name="logFiles" value="C:\\Users\\azureuser\\git\\frameworks-regression-test-automation\\Reports\\20250106_144313\\CHC_Instance\\PurchaseOrder_Module\\PO_PurchaseOrder_Stock_CHC\\20250106_144313\\execution0.log"/>
         <property name="attachments" value=""/>
         <property name="hostName" value="azureuser - 10.192.8.5"/>
         <property name="os" value="Windows 11 64bit"/>
         <property name="katalonVersion" value="9.7.2.223"/>
         <property name="browser" value="Chrome 131.0.0.0"/>
         <property name="hostAddress" value="10.192.8.5"/>
         <property name="sessionId" value="59b54efcae01eb136feb7f06bdb04e1a"/>
         <property name="seleniumVersion" value="3.141.59"/>
         <property name="proxyInformation" value="ProxyInformation { proxyOption=NO_PROXY, proxyServerType=HTTP, username=, password=********, proxyServerAddress=, proxyServerPort=0, executionList=&quot;&quot;, isApplyToDesiredCapabilities=true }"/>
         <property name="platform" value="Windows 11"/>
      </properties>
      <testcase name="Test Cases/CHC_Instance/TS1_PurchaseOrder_Module/PO_PurcahseOrder_CHC" time="56.838" classname="Test Cases/CHC_Instance/TS1_PurchaseOrder_Module/PO_PurcahseOrder_CHC" status="PASSED">
         <system-out><![CDATA[06-01-2025T14:43:24 - [TEST_CASE][PASSED] - Test Cases/CHC_Instance/TS1_PurchaseOrder_Module/PO_PurcahseOrder_CHC: Test Cases/CHC_Instance/TS1_PurchaseOrder_Module/PO_PurcahseOrder_CHC

06-01-2025T14:43:25 - [TEST_STEP][PASSED] - openBrowser(""): Browser is opened with url: ''

06-01-2025T14:43:26 - [MESSAGE][INFO] - Starting 'Chrome' driver

06-01-2025T14:43:26 - [MESSAGE][INFO] - Action delay is set to 0 milliseconds

06-01-2025T14:43:29 - [MESSAGE][PASSED] - Browser is opened with url: ''

06-01-2025T14:43:29 - [TEST_STEP][PASSED] - maximizeWindow(): Current window maximized

06-01-2025T14:43:29 - [MESSAGE][PASSED] - Current window maximized

06-01-2025T14:43:30 - [TEST_STEP][PASSED] - navigateToUrl("http://frameworks.cairnshardware.com.au:8080/FWDemo2/Fluid.html#homeDashboard,dash,Frameworks.Activity.Menu.HomeDashBoard"): Navigate to 'http://frameworks.cairnshardware.com.au:8080/FWDemo2/Fluid.html#homeDashboard,dash,Frameworks.Activity.Menu.HomeDashBoard' successfully

06-01-2025T14:43:36 - [MESSAGE][PASSED] - Navigate to 'http://frameworks.cairnshardware.com.au:8080/FWDemo2/Fluid.html#homeDashboard,dash,Frameworks.Activity.Menu.HomeDashBoard' successfully

06-01-2025T14:43:36 - [TEST_STEP][PASSED] - delay(3): Delayed 3 second(s)

06-01-2025T14:43:39 - [MESSAGE][PASSED] - Delayed 3 second(s)

06-01-2025T14:43:39 - [TEST_STEP][PASSED] - setText(findTestObject("Object Repository/SO_Quote_COD_CHC/Page_Frameworks (Demo)/input_User ID_userid"), userName): Text 'manaki' is set on object 'Object Repository/SO_Quote_COD_CHC/Page_Frameworks (Demo)/input_User ID_userid'

06-01-2025T14:43:41 - [MESSAGE][PASSED] - Text 'manaki' is set on object 'Object Repository/SO_Quote_COD_CHC/Page_Frameworks (Demo)/input_User ID_userid'

06-01-2025T14:43:41 - [TEST_STEP][PASSED] - setEncryptedText(findTestObject("Object Repository/SO_Quote_COD_CHC/Page_Frameworks (Demo)/input_Password_password"), "BvRmjN+0xFM="): Text ****** has been set on object 'Object Repository/SO_Quote_COD_CHC/Page_Frameworks (Demo)/input_Password_password'

06-01-2025T14:43:41 - [MESSAGE][PASSED] - Text ****** has been set on object 'Object Repository/SO_Quote_COD_CHC/Page_Frameworks (Demo)/input_Password_password'

06-01-2025T14:43:41 - [TEST_STEP][PASSED] - click(findTestObject("Object Repository/SO_Quote_COD_CHC/Page_Frameworks (Demo)/div_Login")): Object: 'Object Repository/SO_Quote_COD_CHC/Page_Frameworks (Demo)/div_Login' is clicked on

06-01-2025T14:43:42 - [MESSAGE][PASSED] - Object: 'Object Repository/SO_Quote_COD_CHC/Page_Frameworks (Demo)/div_Login' is clicked on

06-01-2025T14:43:42 - [TEST_STEP][PASSED] - click(findTestObject("Object Repository/SO_Quote_COD_CHC/Page_Frameworks (Demo)/Fws_Menu")): Object: 'Object Repository/SO_Quote_COD_CHC/Page_Frameworks (Demo)/Fws_Menu' is clicked on

06-01-2025T14:43:45 - [MESSAGE][PASSED] - Object: 'Object Repository/SO_Quote_COD_CHC/Page_Frameworks (Demo)/Fws_Menu' is clicked on

06-01-2025T14:43:45 - [TEST_STEP][PASSED] - click(findTestObject("Object Repository/PO_Stock_PurchaseOrder_CHC/Page_Frameworks (Demo2)/b_Purchasing  Receipting")): Object: 'Object Repository/PO_Stock_PurchaseOrder_CHC/Page_Frameworks (Demo2)/b_Purchasing  Receipting' is clicked on

06-01-2025T14:43:46 - [MESSAGE][PASSED] - Object: 'Object Repository/PO_Stock_PurchaseOrder_CHC/Page_Frameworks (Demo2)/b_Purchasing  Receipting' is clicked on

06-01-2025T14:43:46 - [TEST_STEP][PASSED] - click(findTestObject("Object Repository/PO_Stock_PurchaseOrder_CHC/Page_Frameworks (Demo2)/span_Purchasing  Receipting_isc_78icon_10")): Object: 'Object Repository/PO_Stock_PurchaseOrder_CHC/Page_Frameworks (Demo2)/span_Purchasing  Receipting_isc_78icon_10' is clicked on

06-01-2025T14:43:47 - [MESSAGE][PASSED] - Object: 'Object Repository/PO_Stock_PurchaseOrder_CHC/Page_Frameworks (Demo2)/span_Purchasing  Receipting_isc_78icon_10' is clicked on

06-01-2025T14:43:47 - [TEST_STEP][PASSED] - click(findTestObject("Object Repository/PO_Stock_PurchaseOrder_CHC/Page_Frameworks (Demo2)/td_Purchase Orders")): Object: 'Object Repository/PO_Stock_PurchaseOrder_CHC/Page_Frameworks (Demo2)/td_Purchase Orders' is clicked on

06-01-2025T14:43:48 - [MESSAGE][PASSED] - Object: 'Object Repository/PO_Stock_PurchaseOrder_CHC/Page_Frameworks (Demo2)/td_Purchase Orders' is clicked on

06-01-2025T14:43:48 - [TEST_STEP][PASSED] - click(findTestObject("Object Repository/PO_Stock_PurchaseOrder_CHC/Page_Frameworks (Demo2)/div_New")): Object: 'Object Repository/PO_Stock_PurchaseOrder_CHC/Page_Frameworks (Demo2)/div_New' is clicked on

06-01-2025T14:43:51 - [MESSAGE][PASSED] - Object: 'Object Repository/PO_Stock_PurchaseOrder_CHC/Page_Frameworks (Demo2)/div_New' is clicked on

06-01-2025T14:43:51 - [TEST_STEP][PASSED] - setText(findTestObject("Object Repository/PO_Stock_PurchaseOrder_CHC/Page_Frameworks (Demo2)/input_Supplier No_idSupp"), "Recochem"): Text 'Recochem' is set on object 'Object Repository/PO_Stock_PurchaseOrder_CHC/Page_Frameworks (Demo2)/input_Supplier No_idSupp'

06-01-2025T14:43:55 - [MESSAGE][PASSED] - Text 'Recochem' is set on object 'Object Repository/PO_Stock_PurchaseOrder_CHC/Page_Frameworks (Demo2)/input_Supplier No_idSupp'

06-01-2025T14:43:55 - [TEST_STEP][PASSED] - click(findTestObject("Object Repository/PO_Stock_PurchaseOrder_CHC/Page_Frameworks (Demo2)/div_Recochem Inc (RECOCHEM)")): Object: 'Object Repository/PO_Stock_PurchaseOrder_CHC/Page_Frameworks (Demo2)/div_Recochem Inc (RECOCHEM)' is clicked on

06-01-2025T14:43:56 - [MESSAGE][PASSED] - Object: 'Object Repository/PO_Stock_PurchaseOrder_CHC/Page_Frameworks (Demo2)/div_Recochem Inc (RECOCHEM)' is clicked on

06-01-2025T14:43:56 - [TEST_STEP][PASSED] - click(findTestObject("Object Repository/PO_Stock_PurchaseOrder_CHC/Page_Frameworks (Demo2)/div_501 - DEMONSTRATION BRANCH 501")): Object: 'Object Repository/PO_Stock_PurchaseOrder_CHC/Page_Frameworks (Demo2)/div_501 - DEMONSTRATION BRANCH 501' is clicked on

06-01-2025T14:43:57 - [MESSAGE][PASSED] - Object: 'Object Repository/PO_Stock_PurchaseOrder_CHC/Page_Frameworks (Demo2)/div_501 - DEMONSTRATION BRANCH 501' is clicked on

06-01-2025T14:43:57 - [TEST_STEP][PASSED] - click(findTestObject("Object Repository/PO_Stock_PurchaseOrder_CHC/Page_Frameworks (Demo2)/div_510 - DEMONSTRATION BRANCH 510")): Object: 'Object Repository/PO_Stock_PurchaseOrder_CHC/Page_Frameworks (Demo2)/div_510 - DEMONSTRATION BRANCH 510' is clicked on

06-01-2025T14:43:58 - [MESSAGE][PASSED] - Object: 'Object Repository/PO_Stock_PurchaseOrder_CHC/Page_Frameworks (Demo2)/div_510 - DEMONSTRATION BRANCH 510' is clicked on

06-01-2025T14:43:58 - [TEST_STEP][PASSED] - click(findTestObject("Object Repository/PO_Stock_PurchaseOrder_CHC/Page_Frameworks (Demo2)/img_Date Required_isc_G6")): Object: 'Object Repository/PO_Stock_PurchaseOrder_CHC/Page_Frameworks (Demo2)/img_Date Required_isc_G6' is clicked on

06-01-2025T14:44:00 - [MESSAGE][PASSED] - Object: 'Object Repository/PO_Stock_PurchaseOrder_CHC/Page_Frameworks (Demo2)/img_Date Required_isc_G6' is clicked on

06-01-2025T14:44:00 - [TEST_STEP][PASSED] - click(findTestObject("Object Repository/PO_Stock_PurchaseOrder_CHC/Page_Frameworks (Demo2)/div_7")): Object: 'Object Repository/PO_Stock_PurchaseOrder_CHC/Page_Frameworks (Demo2)/div_7' is clicked on

06-01-2025T14:44:01 - [MESSAGE][PASSED] - Object: 'Object Repository/PO_Stock_PurchaseOrder_CHC/Page_Frameworks (Demo2)/div_7' is clicked on

06-01-2025T14:44:01 - [TEST_STEP][PASSED] - click(findTestObject("Object Repository/PO_Stock_PurchaseOrder_CHC/Page_Frameworks (Demo2)/td_Save (S)")): Object: 'Object Repository/PO_Stock_PurchaseOrder_CHC/Page_Frameworks (Demo2)/td_Save (S)' is clicked on

06-01-2025T14:44:01 - [MESSAGE][PASSED] - Object: 'Object Repository/PO_Stock_PurchaseOrder_CHC/Page_Frameworks (Demo2)/td_Save (S)' is clicked on

06-01-2025T14:44:01 - [TEST_STEP][PASSED] - setText(findTestObject("Object Repository/PO_Stock_PurchaseOrder_CHC/Page_Frameworks (Demo2)/input_P_idProd"), "5006866 "): Text '5006866 ' is set on object 'Object Repository/PO_Stock_PurchaseOrder_CHC/Page_Frameworks (Demo2)/input_P_idProd'

06-01-2025T14:44:06 - [MESSAGE][PASSED] - Text '5006866 ' is set on object 'Object Repository/PO_Stock_PurchaseOrder_CHC/Page_Frameworks (Demo2)/input_P_idProd'

06-01-2025T14:44:06 - [TEST_STEP][PASSED] - delay(3): Delayed 3 second(s)

06-01-2025T14:44:09 - [MESSAGE][PASSED] - Delayed 3 second(s)

06-01-2025T14:44:09 - [TEST_STEP][PASSED] - setText(findTestObject("Object Repository/PO_Stock_PurchaseOrder_CHC/Page_Frameworks (Demo2)/input_Quantity_qtyTran"), "1"): Text '1' is set on object 'Object Repository/PO_Stock_PurchaseOrder_CHC/Page_Frameworks (Demo2)/input_Quantity_qtyTran'

06-01-2025T14:44:10 - [MESSAGE][PASSED] - Text '1' is set on object 'Object Repository/PO_Stock_PurchaseOrder_CHC/Page_Frameworks (Demo2)/input_Quantity_qtyTran'

06-01-2025T14:44:10 - [TEST_STEP][PASSED] - click(findTestObject("Object Repository/PO_Stock_PurchaseOrder_CHC/Page_Frameworks (Demo2)/img")): Object: 'Object Repository/PO_Stock_PurchaseOrder_CHC/Page_Frameworks (Demo2)/img' is clicked on

06-01-2025T14:44:11 - [MESSAGE][PASSED] - Object: 'Object Repository/PO_Stock_PurchaseOrder_CHC/Page_Frameworks (Demo2)/img' is clicked on

06-01-2025T14:44:11 - [TEST_STEP][PASSED] - click(findTestObject("Object Repository/PO_Stock_PurchaseOrder_CHC/Page_Frameworks (Demo2)/div_Actions")): Object: 'Object Repository/PO_Stock_PurchaseOrder_CHC/Page_Frameworks (Demo2)/div_Actions' is clicked on

06-01-2025T14:44:12 - [MESSAGE][PASSED] - Object: 'Object Repository/PO_Stock_PurchaseOrder_CHC/Page_Frameworks (Demo2)/div_Actions' is clicked on

06-01-2025T14:44:12 - [TEST_STEP][PASSED] - click(findTestObject("Object Repository/PO_Stock_PurchaseOrder_CHC/Page_Frameworks (Demo2)/div_Print Order")): Object: 'Object Repository/PO_Stock_PurchaseOrder_CHC/Page_Frameworks (Demo2)/div_Print Order' is clicked on

06-01-2025T14:44:13 - [MESSAGE][PASSED] - Object: 'Object Repository/PO_Stock_PurchaseOrder_CHC/Page_Frameworks (Demo2)/div_Print Order' is clicked on

06-01-2025T14:44:13 - [TEST_STEP][PASSED] - click(findTestObject("Object Repository/PO_Stock_PurchaseOrder_CHC/Page_Frameworks (Demo2)/img_Print_isc_168")): Object: 'Object Repository/PO_Stock_PurchaseOrder_CHC/Page_Frameworks (Demo2)/img_Print_isc_168' is clicked on

06-01-2025T14:44:16 - [MESSAGE][PASSED] - Object: 'Object Repository/PO_Stock_PurchaseOrder_CHC/Page_Frameworks (Demo2)/img_Print_isc_168' is clicked on

06-01-2025T14:44:16 - [TEST_STEP][PASSED] - click(findTestObject("Object Repository/PO_Stock_PurchaseOrder_CHC/Page_Frameworks (Demo2)/div_E-mail")): Object: 'Object Repository/PO_Stock_PurchaseOrder_CHC/Page_Frameworks (Demo2)/div_E-mail' is clicked on

06-01-2025T14:44:17 - [MESSAGE][PASSED] - Object: 'Object Repository/PO_Stock_PurchaseOrder_CHC/Page_Frameworks (Demo2)/div_E-mail' is clicked on

06-01-2025T14:44:17 - [TEST_STEP][PASSED] - click(findTestObject("Object Repository/PO_Stock_PurchaseOrder_CHC/Page_Frameworks (Demo2)/td_Go")): Object: 'Object Repository/PO_Stock_PurchaseOrder_CHC/Page_Frameworks (Demo2)/td_Go' is clicked on

06-01-2025T14:44:17 - [MESSAGE][PASSED] - Object: 'Object Repository/PO_Stock_PurchaseOrder_CHC/Page_Frameworks (Demo2)/td_Go' is clicked on

06-01-2025T14:44:17 - [TEST_STEP][PASSED] - click(findTestObject("Object Repository/PO_Stock_PurchaseOrder_CHC/Page_Frameworks (Demo2)/td_Kino Rafael Manalo (manaki)")): Object: 'Object Repository/PO_Stock_PurchaseOrder_CHC/Page_Frameworks (Demo2)/td_Kino Rafael Manalo (manaki)' is clicked on

06-01-2025T14:44:20 - [MESSAGE][PASSED] - Object: 'Object Repository/PO_Stock_PurchaseOrder_CHC/Page_Frameworks (Demo2)/td_Kino Rafael Manalo (manaki)' is clicked on

06-01-2025T14:44:20 - [TEST_STEP][PASSED] - click(findTestObject("Object Repository/PO_Stock_PurchaseOrder_CHC/Page_Frameworks (Demo2)/div_Logout")): Object: 'Object Repository/PO_Stock_PurchaseOrder_CHC/Page_Frameworks (Demo2)/div_Logout' is clicked on

06-01-2025T14:44:21 - [MESSAGE][PASSED] - Object: 'Object Repository/PO_Stock_PurchaseOrder_CHC/Page_Frameworks (Demo2)/div_Logout' is clicked on]]></system-out>
         <system-err><![CDATA[]]></system-err>
      </testcase>
      <testcase name="Test Cases/CHC_Instance/TS1_PurchaseOrder_Module/PO_StockRecipt_CHC" time="31.401" classname="Test Cases/CHC_Instance/TS1_PurchaseOrder_Module/PO_StockRecipt_CHC" status="PASSED">
         <system-out><![CDATA[06-01-2025T14:44:21 - [TEST_CASE][PASSED] - Test Cases/CHC_Instance/TS1_PurchaseOrder_Module/PO_StockRecipt_CHC: Test Cases/CHC_Instance/TS1_PurchaseOrder_Module/PO_StockRecipt_CHC

06-01-2025T14:44:21 - [TEST_STEP][PASSED] - openBrowser(""): Browser is opened with url: ''

06-01-2025T14:44:21 - [MESSAGE][WARNING] - A browser is already opened. Closing browser and opening a new one

06-01-2025T14:44:22 - [MESSAGE][INFO] - Starting 'Chrome' driver

06-01-2025T14:44:22 - [MESSAGE][INFO] - Action delay is set to 0 milliseconds

06-01-2025T14:44:24 - [MESSAGE][PASSED] - Browser is opened with url: ''

06-01-2025T14:44:24 - [TEST_STEP][PASSED] - maximizeWindow(): Current window maximized

06-01-2025T14:44:24 - [MESSAGE][PASSED] - Current window maximized

06-01-2025T14:44:24 - [TEST_STEP][PASSED] - navigateToUrl("http://frameworks.cairnshardware.com.au:8080/FWDemo2/Fluid.html#homeDashboard,dash,Frameworks.Activity.Menu.HomeDashBoard"): Navigate to 'http://frameworks.cairnshardware.com.au:8080/FWDemo2/Fluid.html#homeDashboard,dash,Frameworks.Activity.Menu.HomeDashBoard' successfully

06-01-2025T14:44:29 - [MESSAGE][PASSED] - Navigate to 'http://frameworks.cairnshardware.com.au:8080/FWDemo2/Fluid.html#homeDashboard,dash,Frameworks.Activity.Menu.HomeDashBoard' successfully

06-01-2025T14:44:29 - [TEST_STEP][PASSED] - delay(3): Delayed 3 second(s)

06-01-2025T14:44:32 - [MESSAGE][PASSED] - Delayed 3 second(s)

06-01-2025T14:44:32 - [TEST_STEP][PASSED] - setText(findTestObject("Object Repository/SO_Quote_COD_CHC/Page_Frameworks (Demo)/input_User ID_userid"), userName): Text 'manaki' is set on object 'Object Repository/SO_Quote_COD_CHC/Page_Frameworks (Demo)/input_User ID_userid'

06-01-2025T14:44:33 - [MESSAGE][PASSED] - Text 'manaki' is set on object 'Object Repository/SO_Quote_COD_CHC/Page_Frameworks (Demo)/input_User ID_userid'

06-01-2025T14:44:33 - [TEST_STEP][PASSED] - setEncryptedText(findTestObject("Object Repository/SO_Quote_COD_CHC/Page_Frameworks (Demo)/input_Password_password"), "BvRmjN+0xFM="): Text ****** has been set on object 'Object Repository/SO_Quote_COD_CHC/Page_Frameworks (Demo)/input_Password_password'

06-01-2025T14:44:33 - [MESSAGE][PASSED] - Text ****** has been set on object 'Object Repository/SO_Quote_COD_CHC/Page_Frameworks (Demo)/input_Password_password'

06-01-2025T14:44:33 - [TEST_STEP][PASSED] - click(findTestObject("Object Repository/SO_Quote_COD_CHC/Page_Frameworks (Demo)/div_Login")): Object: 'Object Repository/SO_Quote_COD_CHC/Page_Frameworks (Demo)/div_Login' is clicked on

06-01-2025T14:44:34 - [MESSAGE][PASSED] - Object: 'Object Repository/SO_Quote_COD_CHC/Page_Frameworks (Demo)/div_Login' is clicked on

06-01-2025T14:44:34 - [TEST_STEP][PASSED] - click(findTestObject("Object Repository/SO_Quote_COD_CHC/Page_Frameworks (Demo)/Fws_Menu")): Object: 'Object Repository/SO_Quote_COD_CHC/Page_Frameworks (Demo)/Fws_Menu' is clicked on

06-01-2025T14:44:37 - [MESSAGE][PASSED] - Object: 'Object Repository/SO_Quote_COD_CHC/Page_Frameworks (Demo)/Fws_Menu' is clicked on

06-01-2025T14:44:37 - [TEST_STEP][PASSED] - click(findTestObject("Object Repository/PO_StockRecipt_CHC/Page_Frameworks (Demo2)/b_Purchasing  Receipting")): Object: 'Object Repository/PO_StockRecipt_CHC/Page_Frameworks (Demo2)/b_Purchasing  Receipting' is clicked on

06-01-2025T14:44:38 - [MESSAGE][PASSED] - Object: 'Object Repository/PO_StockRecipt_CHC/Page_Frameworks (Demo2)/b_Purchasing  Receipting' is clicked on

06-01-2025T14:44:38 - [TEST_STEP][PASSED] - click(findTestObject("Object Repository/PO_StockRecipt_CHC/Page_Frameworks (Demo2)/span_Purchasing  Receipting_isc_78icon_10")): Object: 'Object Repository/PO_StockRecipt_CHC/Page_Frameworks (Demo2)/span_Purchasing  Receipting_isc_78icon_10' is clicked on

06-01-2025T14:44:40 - [MESSAGE][PASSED] - Object: 'Object Repository/PO_StockRecipt_CHC/Page_Frameworks (Demo2)/span_Purchasing  Receipting_isc_78icon_10' is clicked on

06-01-2025T14:44:40 - [TEST_STEP][PASSED] - click(findTestObject("Object Repository/PO_StockRecipt_CHC/Page_Frameworks (Demo2)/td_Stock Receipting")): Object: 'Object Repository/PO_StockRecipt_CHC/Page_Frameworks (Demo2)/td_Stock Receipting' is clicked on

06-01-2025T14:44:41 - [MESSAGE][PASSED] - Object: 'Object Repository/PO_StockRecipt_CHC/Page_Frameworks (Demo2)/td_Stock Receipting' is clicked on

06-01-2025T14:44:41 - [TEST_STEP][PASSED] - click(findTestObject("Object Repository/PO_StockRecipt_CHC/Page_Frameworks (Demo2)/img_Branch_isc_8U")): Object: 'Object Repository/PO_StockRecipt_CHC/Page_Frameworks (Demo2)/img_Branch_isc_8U' is clicked on

06-01-2025T14:44:43 - [MESSAGE][PASSED] - Object: 'Object Repository/PO_StockRecipt_CHC/Page_Frameworks (Demo2)/img_Branch_isc_8U' is clicked on

06-01-2025T14:44:43 - [TEST_STEP][PASSED] - click(findTestObject("Object Repository/PO_StockRecipt_CHC/Page_Frameworks (Demo2)/div_510 - DEMONSTRATION BRANCH 510")): Object: 'Object Repository/PO_StockRecipt_CHC/Page_Frameworks (Demo2)/div_510 - DEMONSTRATION BRANCH 510' is clicked on

06-01-2025T14:44:45 - [MESSAGE][PASSED] - Object: 'Object Repository/PO_StockRecipt_CHC/Page_Frameworks (Demo2)/div_510 - DEMONSTRATION BRANCH 510' is clicked on

06-01-2025T14:44:45 - [TEST_STEP][PASSED] - setText(findTestObject("Object Repository/PO_StockRecipt_CHC/Page_Frameworks (Demo2)/input_Supplier_supplierId"), "Recochem"): Text 'Recochem' is set on object 'Object Repository/PO_StockRecipt_CHC/Page_Frameworks (Demo2)/input_Supplier_supplierId'

06-01-2025T14:44:46 - [MESSAGE][PASSED] - Text 'Recochem' is set on object 'Object Repository/PO_StockRecipt_CHC/Page_Frameworks (Demo2)/input_Supplier_supplierId'

06-01-2025T14:44:46 - [TEST_STEP][PASSED] - click(findTestObject("Object Repository/PO_StockRecipt_CHC/Page_Frameworks (Demo2)/div_Recochem Inc (RECOCHEM)")): Object: 'Object Repository/PO_StockRecipt_CHC/Page_Frameworks (Demo2)/div_Recochem Inc (RECOCHEM)' is clicked on

06-01-2025T14:44:47 - [MESSAGE][PASSED] - Object: 'Object Repository/PO_StockRecipt_CHC/Page_Frameworks (Demo2)/div_Recochem Inc (RECOCHEM)' is clicked on

06-01-2025T14:44:47 - [TEST_STEP][PASSED] - click(findTestObject("Object Repository/PO_StockRecipt_CHC/Page_Frameworks (Demo2)/div_Find")): Object: 'Object Repository/PO_StockRecipt_CHC/Page_Frameworks (Demo2)/div_Find' is clicked on

06-01-2025T14:44:48 - [MESSAGE][PASSED] - Object: 'Object Repository/PO_StockRecipt_CHC/Page_Frameworks (Demo2)/div_Find' is clicked on

06-01-2025T14:44:48 - [TEST_STEP][PASSED] - delay(3): Delayed 3 second(s)

06-01-2025T14:44:51 - [MESSAGE][PASSED] - Delayed 3 second(s)

06-01-2025T14:44:51 - [TEST_STEP][PASSED] - click(findTestObject("Object Repository/PO_StockRecipt_CHC/Page_Frameworks (Demo2)/td_Kino Rafael Manalo (manaki)")): Object: 'Object Repository/PO_StockRecipt_CHC/Page_Frameworks (Demo2)/td_Kino Rafael Manalo (manaki)' is clicked on

06-01-2025T14:44:52 - [MESSAGE][PASSED] - Object: 'Object Repository/PO_StockRecipt_CHC/Page_Frameworks (Demo2)/td_Kino Rafael Manalo (manaki)' is clicked on

06-01-2025T14:44:52 - [TEST_STEP][PASSED] - click(findTestObject("Object Repository/PO_StockRecipt_CHC/Page_Frameworks (Demo2)/div_Logout")): Object: 'Object Repository/PO_StockRecipt_CHC/Page_Frameworks (Demo2)/div_Logout' is clicked on

06-01-2025T14:44:53 - [MESSAGE][PASSED] - Object: 'Object Repository/PO_StockRecipt_CHC/Page_Frameworks (Demo2)/div_Logout' is clicked on]]></system-out>
         <system-err><![CDATA[]]></system-err>
      </testcase>
      <system-out><![CDATA[06-01-2025T14:43:24 - [TEST_SUITE][PASSED] - PO_PurchaseOrder_Stock_CHC: Test Cases/CHC_Instance/TS1_PurchaseOrder_Module/PO_StockRecipt_CHC]]></system-out>
      <system-err><![CDATA[]]></system-err>
   </testsuite>
</testsuites>
