<?xml version="1.0" encoding="UTF-8"?>
<testsuites name="TS4_POS_Account_Credit_Partial" time="115.648" tests="4" failures="0" errors="0">
   <testsuite name="TS4_POS_Account_Credit_Partial" tests="4" failures="0" errors="0" time="115.648" skipped="0" timestamp="16-09-2024T22:42:04" hostname="User - ROG" id="Test Suites/DBC_Instance/PointofSale_Module/New_Interface/TS4_POS_Account_Credit_Partial">
      <properties>
         <property name="deviceName" value=""/>
         <property name="devicePlatform"/>
         <property name="logFolder" value="C:\\Users\\User\\git\\frameworks-regression-test-automation\\Reports\\20240916_224158\\DBC_Instance\\PointofSale_Module\\New_Interface\\TS4_POS_Account_Credit_Partial\\20240916_224158"/>
         <property name="logFiles" value="C:\\Users\\User\\git\\frameworks-regression-test-automation\\Reports\\20240916_224158\\DBC_Instance\\PointofSale_Module\\New_Interface\\TS4_POS_Account_Credit_Partial\\20240916_224158\\execution0.log"/>
         <property name="attachments" value="C:\\Users\\User\\git\\frameworks-regression-test-automation\\Reports\\20240916_224158\\DBC_Instance\\PointofSale_Module\\New_Interface\\TS4_POS_Account_Credit_Partial\\20240916_224158\\1726490546341.png, C:\\Users\\User\\git\\frameworks-regression-test-automation\\Reports\\20240916_224158\\DBC_Instance\\PointofSale_Module\\New_Interface\\TS4_POS_Account_Credit_Partial\\20240916_224158\\1726490562699.png, C:\\Users\\User\\git\\frameworks-regression-test-automation\\Reports\\20240916_224158\\DBC_Instance\\PointofSale_Module\\New_Interface\\TS4_POS_Account_Credit_Partial\\20240916_224158\\1726490565670.png, C:\\Users\\User\\git\\frameworks-regression-test-automation\\Reports\\20240916_224158\\DBC_Instance\\PointofSale_Module\\New_Interface\\TS4_POS_Account_Credit_Partial\\20240916_224158\\1726490579341.png, C:\\Users\\User\\git\\frameworks-regression-test-automation\\Reports\\20240916_224158\\DBC_Instance\\PointofSale_Module\\New_Interface\\TS4_POS_Account_Credit_Partial\\20240916_224158\\1726490582291.png, C:\\Users\\User\\git\\frameworks-regression-test-automation\\Reports\\20240916_224158\\DBC_Instance\\PointofSale_Module\\New_Interface\\TS4_POS_Account_Credit_Partial\\20240916_224158\\1726490585970.png, C:\\Users\\User\\git\\frameworks-regression-test-automation\\Reports\\20240916_224158\\DBC_Instance\\PointofSale_Module\\New_Interface\\TS4_POS_Account_Credit_Partial\\20240916_224158\\1726490588886.png, C:\\Users\\User\\git\\frameworks-regression-test-automation\\Reports\\20240916_224158\\DBC_Instance\\PointofSale_Module\\New_Interface\\TS4_POS_Account_Credit_Partial\\20240916_224158\\1726490591718.png, C:\\Users\\User\\git\\frameworks-regression-test-automation\\Reports\\20240916_224158\\DBC_Instance\\PointofSale_Module\\New_Interface\\TS4_POS_Account_Credit_Partial\\20240916_224158\\1726490597700.png, C:\\Users\\User\\git\\frameworks-regression-test-automation\\Reports\\20240916_224158\\DBC_Instance\\PointofSale_Module\\New_Interface\\TS4_POS_Account_Credit_Partial\\20240916_224158\\1726490600559.png, C:\\Users\\User\\git\\frameworks-regression-test-automation\\Reports\\20240916_224158\\DBC_Instance\\PointofSale_Module\\New_Interface\\TS4_POS_Account_Credit_Partial\\20240916_224158\\1726490614560.png, C:\\Users\\User\\git\\frameworks-regression-test-automation\\Reports\\20240916_224158\\DBC_Instance\\PointofSale_Module\\New_Interface\\TS4_POS_Account_Credit_Partial\\20240916_224158\\1726490621097.png, C:\\Users\\User\\git\\frameworks-regression-test-automation\\Reports\\20240916_224158\\DBC_Instance\\PointofSale_Module\\New_Interface\\TS4_POS_Account_Credit_Partial\\20240916_224158\\1726490635429.png, C:\\Users\\User\\git\\frameworks-regression-test-automation\\Reports\\20240916_224158\\DBC_Instance\\PointofSale_Module\\New_Interface\\TS4_POS_Account_Credit_Partial\\20240916_224158\\1726490638527.png"/>
         <property name="hostName" value="User - ROG"/>
         <property name="os" value="Windows 11 64bit"/>
         <property name="katalonVersion" value="9.5.0.217"/>
         <property name="browser" value="Chrome 128.0.0.0"/>
         <property name="hostAddress" value="10.192.251.1"/>
         <property name="sessionId" value="20e02edf9cda65d0733299f5482d11cf"/>
         <property name="seleniumVersion" value="3.141.59"/>
         <property name="proxyInformation" value="ProxyInformation { proxyOption=NO_PROXY, proxyServerType=HTTP, username=, password=********, proxyServerAddress=, proxyServerPort=0, executionList=&quot;&quot;, isApplyToDesiredCapabilities=true }"/>
         <property name="platform" value="Windows 11"/>
      </properties>
      <testcase name="Test Cases/DBC_Instance/PointofSale_Module/TS2_POS_AccountSale/POS_AccountSale-LM20(TS4)" time="26.334" classname="Test Cases/DBC_Instance/PointofSale_Module/TS2_POS_AccountSale/POS_AccountSale-LM20(TS4)" status="PASSED">
         <system-out><![CDATA[16-09-2024T22:42:04 - [TEST_CASE][PASSED] - Test Cases/DBC_Instance/PointofSale_Module/TS2_POS_AccountSale/POS_AccountSale-LM20(TS4): Test Cases/DBC_Instance/PointofSale_Module/TS2_POS_AccountSale/POS_AccountSale-LM20(TS4)

16-09-2024T22:42:05 - [TEST_STEP][PASSED] - openBrowser(""): Browser is opened with url: ''

16-09-2024T22:42:05 - [MESSAGE][INFO] - Starting 'Chrome' driver

16-09-2024T22:42:05 - [MESSAGE][INFO] - Action delay is set to 0 milliseconds

16-09-2024T22:42:07 - [MESSAGE][PASSED] - Browser is opened with url: ''

16-09-2024T22:42:07 - [TEST_STEP][PASSED] - maximizeWindow(): Current window maximized

16-09-2024T22:42:07 - [MESSAGE][PASSED] - Current window maximized

16-09-2024T22:42:07 - [TEST_STEP][PASSED] - navigateToUrl("http://frameworks.dahlsens.com.au:8080/FWDemo/Fluid.html#homeDashboard,dash,Frameworks.Activity.Menu.HomeDashBoard"): Navigate to 'http://frameworks.dahlsens.com.au:8080/FWDemo/Fluid.html#homeDashboard,dash,Frameworks.Activity.Menu.HomeDashBoard' successfully

16-09-2024T22:42:09 - [MESSAGE][PASSED] - Navigate to 'http://frameworks.dahlsens.com.au:8080/FWDemo/Fluid.html#homeDashboard,dash,Frameworks.Activity.Menu.HomeDashBoard' successfully

16-09-2024T22:42:09 - [TEST_STEP][PASSED] - setText(findTestObject("Object Repository/TS2_POS_AccountSale_DBC/New_Interface/Page_Frameworks (Demo)/input_User ID_userid"), userName): Text 'manaki' is set on object 'Object Repository/TS2_POS_AccountSale_DBC/New_Interface/Page_Frameworks (Demo)/input_User ID_userid'

16-09-2024T22:42:10 - [MESSAGE][PASSED] - Text 'manaki' is set on object 'Object Repository/TS2_POS_AccountSale_DBC/New_Interface/Page_Frameworks (Demo)/input_User ID_userid'

16-09-2024T22:42:10 - [TEST_STEP][PASSED] - setEncryptedText(findTestObject("Object Repository/TS2_POS_AccountSale_DBC/New_Interface/Page_Frameworks (Demo)/input_Password_password"), "FHoXGFMjtD0="): Text ****** has been set on object 'Object Repository/TS2_POS_AccountSale_DBC/New_Interface/Page_Frameworks (Demo)/input_Password_password'

16-09-2024T22:42:11 - [MESSAGE][PASSED] - Text ****** has been set on object 'Object Repository/TS2_POS_AccountSale_DBC/New_Interface/Page_Frameworks (Demo)/input_Password_password'

16-09-2024T22:42:11 - [TEST_STEP][PASSED] - click(findTestObject("Object Repository/TS2_POS_AccountSale_DBC/New_Interface/Page_Frameworks (Demo)/div_Login")): Object: 'Object Repository/TS2_POS_AccountSale_DBC/New_Interface/Page_Frameworks (Demo)/div_Login' is clicked on

16-09-2024T22:42:11 - [MESSAGE][PASSED] - Object: 'Object Repository/TS2_POS_AccountSale_DBC/New_Interface/Page_Frameworks (Demo)/div_Login' is clicked on

16-09-2024T22:42:11 - [TEST_STEP][PASSED] - click(findTestObject("Object Repository/TS2_POS_AccountSale_DBC/New_Interface/Page_Frameworks (Demo)/img_MenuIcon")): Object: 'Object Repository/TS2_POS_AccountSale_DBC/New_Interface/Page_Frameworks (Demo)/img_MenuIcon' is clicked on

16-09-2024T22:42:13 - [MESSAGE][PASSED] - Object: 'Object Repository/TS2_POS_AccountSale_DBC/New_Interface/Page_Frameworks (Demo)/img_MenuIcon' is clicked on

16-09-2024T22:42:13 - [TEST_STEP][PASSED] - click(findTestObject("Object Repository/TS2_POS_AccountSale_DBC/New_Interface/Page_Frameworks (Demo)/b_Transaction Processing")): Object: 'Object Repository/TS2_POS_AccountSale_DBC/New_Interface/Page_Frameworks (Demo)/b_Transaction Processing' is clicked on

16-09-2024T22:42:14 - [MESSAGE][PASSED] - Object: 'Object Repository/TS2_POS_AccountSale_DBC/New_Interface/Page_Frameworks (Demo)/b_Transaction Processing' is clicked on

16-09-2024T22:42:14 - [TEST_STEP][PASSED] - click(findTestObject("Object Repository/TS2_POS_AccountSale_DBC/New_Interface/Page_Frameworks (Demo)/td_Point Of Sale")): Object: 'Object Repository/TS2_POS_AccountSale_DBC/New_Interface/Page_Frameworks (Demo)/td_Point Of Sale' is clicked on

16-09-2024T22:42:15 - [MESSAGE][PASSED] - Object: 'Object Repository/TS2_POS_AccountSale_DBC/New_Interface/Page_Frameworks (Demo)/td_Point Of Sale' is clicked on

16-09-2024T22:42:15 - [TEST_STEP][PASSED] - setText(findTestObject("Object Repository/TS2_POS_AccountSale_DBC/New_Interface/Page_Frameworks (Demo)/input_m_customerIdX"), "Joe Chila (3379)"): Text 'Joe Chila (3379)' is set on object 'Object Repository/TS2_POS_AccountSale_DBC/New_Interface/Page_Frameworks (Demo)/input_m_customerIdX'

16-09-2024T22:42:17 - [MESSAGE][PASSED] - Text 'Joe Chila (3379)' is set on object 'Object Repository/TS2_POS_AccountSale_DBC/New_Interface/Page_Frameworks (Demo)/input_m_customerIdX'

16-09-2024T22:42:17 - [TEST_STEP][PASSED] - click(findTestObject("Object Repository/TS2_POS_AccountSale_DBC/New_Interface/Page_Frameworks (Demo)/div_JOE CHILA (3379)")): Object: 'Object Repository/TS2_POS_AccountSale_DBC/New_Interface/Page_Frameworks (Demo)/div_JOE CHILA (3379)' is clicked on

16-09-2024T22:42:18 - [MESSAGE][PASSED] - Object: 'Object Repository/TS2_POS_AccountSale_DBC/New_Interface/Page_Frameworks (Demo)/div_JOE CHILA (3379)' is clicked on

16-09-2024T22:42:18 - [TEST_STEP][PASSED] - click(findTestObject("Object Repository/TS2_POS_AccountSale_DBC/New_Interface/Page_Frameworks (Demo)/div_invoiceNum")): Object: 'Object Repository/TS2_POS_AccountSale_DBC/New_Interface/Page_Frameworks (Demo)/div_invoiceNum' is clicked on

16-09-2024T22:42:19 - [MESSAGE][PASSED] - Object: 'Object Repository/TS2_POS_AccountSale_DBC/New_Interface/Page_Frameworks (Demo)/div_invoiceNum' is clicked on

16-09-2024T22:42:19 - [TEST_STEP][PASSED] - invoiceNum = getText(findTestObject("Object Repository/TS2_POS_AccountSale_DBC/New_Interface/Page_Frameworks (Demo)/div_invoiceNum")): Text of object 'Object Repository/TS2_POS_AccountSale_DBC/New_Interface/Page_Frameworks (Demo)/div_invoiceNum' is: '20217647'

16-09-2024T22:42:21 - [MESSAGE][PASSED] - Text of object 'Object Repository/TS2_POS_AccountSale_DBC/New_Interface/Page_Frameworks (Demo)/div_invoiceNum' is: '20217647'

16-09-2024T22:42:21 - [TEST_STEP][PASSED] - setText(findTestObject("Object Repository/TS2_POS_AccountSale_DBC/New_Interface/Page_Frameworks (Demo)/input_P_prodId"), "LM20"): Text 'LM20' is set on object 'Object Repository/TS2_POS_AccountSale_DBC/New_Interface/Page_Frameworks (Demo)/input_P_prodId'

16-09-2024T22:42:22 - [MESSAGE][PASSED] - Text 'LM20' is set on object 'Object Repository/TS2_POS_AccountSale_DBC/New_Interface/Page_Frameworks (Demo)/input_P_prodId'

16-09-2024T22:42:22 - [TEST_STEP][PASSED] - setText(findTestObject("Object Repository/TS2_POS_AccountSale_DBC/New_Interface/Page_Frameworks (Demo)/input_Quantity_quantityOrdered"), "2"): Text '2' is set on object 'Object Repository/TS2_POS_AccountSale_DBC/New_Interface/Page_Frameworks (Demo)/input_Quantity_quantityOrdered'

16-09-2024T22:42:23 - [MESSAGE][PASSED] - Text '2' is set on object 'Object Repository/TS2_POS_AccountSale_DBC/New_Interface/Page_Frameworks (Demo)/input_Quantity_quantityOrdered'

16-09-2024T22:42:23 - [TEST_STEP][PASSED] - click(findTestObject("Object Repository/TS2_POS_AccountSale_DBC/New_Interface/Page_Frameworks (Demo)/input_Quantity_quantityOrdered")): Object: 'Object Repository/TS2_POS_AccountSale_DBC/New_Interface/Page_Frameworks (Demo)/input_Quantity_quantityOrdered' is clicked on

16-09-2024T22:42:23 - [MESSAGE][PASSED] - Object: 'Object Repository/TS2_POS_AccountSale_DBC/New_Interface/Page_Frameworks (Demo)/input_Quantity_quantityOrdered' is clicked on

16-09-2024T22:42:23 - [TEST_STEP][PASSED] - click(findTestObject("Object Repository/TS2_POS_AccountSale_DBC/New_Interface/Page_Frameworks (Demo)/img_add")): Object: 'Object Repository/TS2_POS_AccountSale_DBC/New_Interface/Page_Frameworks (Demo)/img_add' is clicked on

16-09-2024T22:42:24 - [MESSAGE][PASSED] - Object: 'Object Repository/TS2_POS_AccountSale_DBC/New_Interface/Page_Frameworks (Demo)/img_add' is clicked on

16-09-2024T22:42:24 - [TEST_STEP][PASSED] - delay(2): Delayed 2 second(s)

16-09-2024T22:42:26 - [MESSAGE][PASSED] - Delayed 2 second(s)

16-09-2024T22:42:26 - [TEST_STEP][PASSED] - takeFullPageScreenshot(): Taking screenshot successfully

16-09-2024T22:42:26 - [MESSAGE][INFO] - 0 hidden object(s)

16-09-2024T22:42:27 - [MESSAGE][PASSED] - Taking screenshot successfully
[[ATTACHMENT|C:\\Users\\User\\git\\frameworks-regression-test-automation\\Reports\\20240916_224158\\DBC_Instance\\PointofSale_Module\\New_Interface\\TS4_POS_Account_Credit_Partial\\20240916_224158\\1726490546341.png]]

16-09-2024T22:42:27 - [TEST_STEP][PASSED] - click(findTestObject("Object Repository/TS2_POS_AccountSale_DBC/New_Interface/Page_Frameworks (Demo)/div_ACCOUNT (A)")): Object: 'Object Repository/TS2_POS_AccountSale_DBC/New_Interface/Page_Frameworks (Demo)/div_ACCOUNT (A)' is clicked on

16-09-2024T22:42:27 - [MESSAGE][PASSED] - Object: 'Object Repository/TS2_POS_AccountSale_DBC/New_Interface/Page_Frameworks (Demo)/div_ACCOUNT (A)' is clicked on

16-09-2024T22:42:27 - [TEST_STEP][PASSED] - sourceFile = new java.io.FileInputStream(ExcelFile): null

16-09-2024T22:42:27 - [TEST_STEP][PASSED] - workbook = new org.apache.poi.xssf.usermodel.XSSFWorkbook(sourceFile): null

16-09-2024T22:42:27 - [TEST_STEP][PASSED] - sheet = workbook.getSheet("Sheet1"): null

16-09-2024T22:42:27 - [TEST_STEP][PASSED] - row = sheet.getRow(0): null

16-09-2024T22:42:27 - [TEST_STEP][PASSED] - cell = row.getCell(1): null

16-09-2024T22:42:28 - [TEST_STEP][PASSED] - row = sheet.createRow(1): null

16-09-2024T22:42:28 - [TEST_STEP][PASSED] - cell = row.createCell(0): null

16-09-2024T22:42:28 - [TEST_STEP][PASSED] - cell.setCellValue("InvoiceNumber"): null

16-09-2024T22:42:28 - [TEST_STEP][PASSED] - cell = row.createCell(1): null

16-09-2024T22:42:28 - [TEST_STEP][PASSED] - cell.setCellValue(invoiceNum): null

16-09-2024T22:42:28 - [TEST_STEP][PASSED] - fos = new java.io.FileOutputStream(ExcelFile): null

16-09-2024T22:42:28 - [TEST_STEP][PASSED] - workbook.write(fos): null

16-09-2024T22:42:28 - [TEST_STEP][PASSED] - fos.close(): null

16-09-2024T22:42:28 - [TEST_STEP][PASSED] - sourceFile.close(): null

16-09-2024T22:42:28 - [TEST_STEP][PASSED] - click(findTestObject("Object Repository/TS2_POS_AccountSale_DBC/New_Interface/Page_Frameworks (Demo)/img_AccountDropdown")): Object: 'Object Repository/TS2_POS_AccountSale_DBC/New_Interface/Page_Frameworks (Demo)/img_AccountDropdown' is clicked on

16-09-2024T22:42:30 - [MESSAGE][PASSED] - Object: 'Object Repository/TS2_POS_AccountSale_DBC/New_Interface/Page_Frameworks (Demo)/img_AccountDropdown' is clicked on

16-09-2024T22:42:30 - [TEST_STEP][PASSED] - click(findTestObject("Object Repository/TS2_POS_AccountSale_DBC/New_Interface/Page_Frameworks (Demo)/div_Logout")): Object: 'Object Repository/TS2_POS_AccountSale_DBC/New_Interface/Page_Frameworks (Demo)/div_Logout' is clicked on

16-09-2024T22:42:31 - [MESSAGE][PASSED] - Object: 'Object Repository/TS2_POS_AccountSale_DBC/New_Interface/Page_Frameworks (Demo)/div_Logout' is clicked on]]></system-out>
         <system-err><![CDATA[]]></system-err>
      </testcase>
      <testcase name="Test Cases/DBC_Instance/PointofSale_Module/TS4_POS_AccountCredit_Partial_StockReturn/POS_AccountCredit_Partial" time="52.099" classname="Test Cases/DBC_Instance/PointofSale_Module/TS4_POS_AccountCredit_Partial_StockReturn/POS_AccountCredit_Partial" status="PASSED">
         <system-out><![CDATA[16-09-2024T22:42:31 - [TEST_CASE][PASSED] - Test Cases/DBC_Instance/PointofSale_Module/TS4_POS_AccountCredit_Partial_StockReturn/POS_AccountCredit_Partial: Test Cases/DBC_Instance/PointofSale_Module/TS4_POS_AccountCredit_Partial_StockReturn/POS_AccountCredit_Partial

16-09-2024T22:42:31 - [TEST_STEP][PASSED] - sourceFile = new java.io.FileInputStream(ExcelFile): null

16-09-2024T22:42:31 - [TEST_STEP][PASSED] - workbook = new org.apache.poi.xssf.usermodel.XSSFWorkbook(sourceFile): null

16-09-2024T22:42:31 - [TEST_STEP][PASSED] - sheet = workbook.getSheet("Sheet1"): null

16-09-2024T22:42:31 - [TEST_STEP][PASSED] - row = sheet.getRow(1): null

16-09-2024T22:42:31 - [TEST_STEP][PASSED] - cell = row.getCell(1): null

16-09-2024T22:42:31 - [TEST_STEP][PASSED] - docketNumber = cell.getStringCellValue(): null

16-09-2024T22:42:31 - [TEST_STEP][PASSED] - println(docketNumber): null

16-09-2024T22:42:31 - [TEST_STEP][PASSED] - sourceFile.close(): null

16-09-2024T22:42:31 - [TEST_STEP][PASSED] - openBrowser(""): Browser is opened with url: ''

16-09-2024T22:42:31 - [MESSAGE][WARNING] - A browser is already opened. Closing browser and opening a new one

16-09-2024T22:42:32 - [MESSAGE][INFO] - Starting 'Chrome' driver

16-09-2024T22:42:32 - [MESSAGE][INFO] - Action delay is set to 0 milliseconds

16-09-2024T22:42:32 - [MESSAGE][PASSED] - Browser is opened with url: ''

16-09-2024T22:42:32 - [TEST_STEP][PASSED] - maximizeWindow(): Current window maximized

16-09-2024T22:42:32 - [MESSAGE][PASSED] - Current window maximized

16-09-2024T22:42:32 - [TEST_STEP][PASSED] - navigateToUrl("http://frameworks.dahlsens.com.au:8080/FWDemo/Fluid.html#homeDashboard,dash,Frameworks.Activity.Menu.HomeDashBoard"): Navigate to 'http://frameworks.dahlsens.com.au:8080/FWDemo/Fluid.html#homeDashboard,dash,Frameworks.Activity.Menu.HomeDashBoard' successfully

16-09-2024T22:42:34 - [MESSAGE][PASSED] - Navigate to 'http://frameworks.dahlsens.com.au:8080/FWDemo/Fluid.html#homeDashboard,dash,Frameworks.Activity.Menu.HomeDashBoard' successfully

16-09-2024T22:42:34 - [TEST_STEP][PASSED] - setText(findTestObject("Object Repository/TS4_POS_AccountCredit_Partial_DBC/Page_Frameworks (Demo)/input_User ID_userid"), userName): Text 'manaki' is set on object 'Object Repository/TS4_POS_AccountCredit_Partial_DBC/Page_Frameworks (Demo)/input_User ID_userid'

16-09-2024T22:42:36 - [MESSAGE][PASSED] - Text 'manaki' is set on object 'Object Repository/TS4_POS_AccountCredit_Partial_DBC/Page_Frameworks (Demo)/input_User ID_userid'

16-09-2024T22:42:36 - [TEST_STEP][PASSED] - setEncryptedText(findTestObject("Object Repository/TS4_POS_AccountCredit_Partial_DBC/Page_Frameworks (Demo)/input_Password_password"), "FHoXGFMjtD0="): Text ****** has been set on object 'Object Repository/TS4_POS_AccountCredit_Partial_DBC/Page_Frameworks (Demo)/input_Password_password'

16-09-2024T22:42:36 - [MESSAGE][PASSED] - Text ****** has been set on object 'Object Repository/TS4_POS_AccountCredit_Partial_DBC/Page_Frameworks (Demo)/input_Password_password'

16-09-2024T22:42:36 - [TEST_STEP][PASSED] - click(findTestObject("Object Repository/TS4_POS_AccountCredit_Partial_DBC/Page_Frameworks (Demo)/div_Login")): Object: 'Object Repository/TS4_POS_AccountCredit_Partial_DBC/Page_Frameworks (Demo)/div_Login' is clicked on

16-09-2024T22:42:37 - [MESSAGE][PASSED] - Object: 'Object Repository/TS4_POS_AccountCredit_Partial_DBC/Page_Frameworks (Demo)/div_Login' is clicked on

16-09-2024T22:42:37 - [TEST_STEP][PASSED] - click(findTestObject("Object Repository/TS4_POS_AccountCredit_Partial_DBC/Page_Frameworks (Demo)/burger_Menu")): Object: 'Object Repository/TS4_POS_AccountCredit_Partial_DBC/Page_Frameworks (Demo)/burger_Menu' is clicked on

16-09-2024T22:42:39 - [MESSAGE][PASSED] - Object: 'Object Repository/TS4_POS_AccountCredit_Partial_DBC/Page_Frameworks (Demo)/burger_Menu' is clicked on

16-09-2024T22:42:39 - [TEST_STEP][PASSED] - click(findTestObject("Object Repository/TS4_POS_AccountCredit_Partial_DBC/Page_Frameworks (Demo)/b_Transaction Processing")): Object: 'Object Repository/TS4_POS_AccountCredit_Partial_DBC/Page_Frameworks (Demo)/b_Transaction Processing' is clicked on

16-09-2024T22:42:40 - [MESSAGE][PASSED] - Object: 'Object Repository/TS4_POS_AccountCredit_Partial_DBC/Page_Frameworks (Demo)/b_Transaction Processing' is clicked on

16-09-2024T22:42:40 - [TEST_STEP][PASSED] - click(findTestObject("Object Repository/TS4_POS_AccountCredit_Partial_DBC/Page_Frameworks (Demo)/td_Credit Notes")): Object: 'Object Repository/TS4_POS_AccountCredit_Partial_DBC/Page_Frameworks (Demo)/td_Credit Notes' is clicked on

16-09-2024T22:42:40 - [MESSAGE][PASSED] - Object: 'Object Repository/TS4_POS_AccountCredit_Partial_DBC/Page_Frameworks (Demo)/td_Credit Notes' is clicked on

16-09-2024T22:42:40 - [TEST_STEP][PASSED] - delay(2): Delayed 2 second(s)

16-09-2024T22:42:42 - [MESSAGE][PASSED] - Delayed 2 second(s)

16-09-2024T22:42:42 - [TEST_STEP][PASSED] - takeFullPageScreenshot(): Taking screenshot successfully

16-09-2024T22:42:43 - [MESSAGE][INFO] - 0 hidden object(s)

16-09-2024T22:42:43 - [MESSAGE][PASSED] - Taking screenshot successfully
[[ATTACHMENT|C:\\Users\\User\\git\\frameworks-regression-test-automation\\Reports\\20240916_224158\\DBC_Instance\\PointofSale_Module\\New_Interface\\TS4_POS_Account_Credit_Partial\\20240916_224158\\1726490562699.png]]

16-09-2024T22:42:43 - [TEST_STEP][PASSED] - click(findTestObject("Object Repository/TS4_POS_AccountCredit_Partial_DBC/Page_Frameworks (Demo)/div_New")): Object: 'Object Repository/TS4_POS_AccountCredit_Partial_DBC/Page_Frameworks (Demo)/div_New' is clicked on

16-09-2024T22:42:43 - [MESSAGE][PASSED] - Object: 'Object Repository/TS4_POS_AccountCredit_Partial_DBC/Page_Frameworks (Demo)/div_New' is clicked on

16-09-2024T22:42:43 - [TEST_STEP][PASSED] - delay(2): Delayed 2 second(s)

16-09-2024T22:42:45 - [MESSAGE][PASSED] - Delayed 2 second(s)

16-09-2024T22:42:45 - [TEST_STEP][PASSED] - takeFullPageScreenshot(): Taking screenshot successfully

16-09-2024T22:42:46 - [MESSAGE][INFO] - 0 hidden object(s)

16-09-2024T22:42:46 - [MESSAGE][PASSED] - Taking screenshot successfully
[[ATTACHMENT|C:\\Users\\User\\git\\frameworks-regression-test-automation\\Reports\\20240916_224158\\DBC_Instance\\PointofSale_Module\\New_Interface\\TS4_POS_Account_Credit_Partial\\20240916_224158\\1726490565670.png]]

16-09-2024T22:42:46 - [TEST_STEP][PASSED] - transaction_Number = getText(findTestObject("Object Repository/TS4_POS_AccountCredit_Partial_DBC/Page_Frameworks (Demo)/transaction_Number")): Text of object 'Object Repository/TS4_POS_AccountCredit_Partial_DBC/Page_Frameworks (Demo)/transaction_Number' is: '20217649'

16-09-2024T22:42:46 - [MESSAGE][PASSED] - Text of object 'Object Repository/TS4_POS_AccountCredit_Partial_DBC/Page_Frameworks (Demo)/transaction_Number' is: '20217649'

16-09-2024T22:42:46 - [TEST_STEP][PASSED] - println(transaction_Number): null

16-09-2024T22:42:46 - [TEST_STEP][PASSED] - setText(findTestObject("Object Repository/TS4_POS_AccountCredit_Partial_DBC/Page_Frameworks (Demo)/input_Customer_idCustX"), "JOE CHILA (3379)"): Text 'JOE CHILA (3379)' is set on object 'Object Repository/TS4_POS_AccountCredit_Partial_DBC/Page_Frameworks (Demo)/input_Customer_idCustX'

16-09-2024T22:42:48 - [MESSAGE][PASSED] - Text 'JOE CHILA (3379)' is set on object 'Object Repository/TS4_POS_AccountCredit_Partial_DBC/Page_Frameworks (Demo)/input_Customer_idCustX'

16-09-2024T22:42:48 - [TEST_STEP][PASSED] - click(findTestObject("Object Repository/TS4_POS_AccountCredit_Partial_DBC/Page_Frameworks (Demo)/div_JOE CHILA (3379)")): Object: 'Object Repository/TS4_POS_AccountCredit_Partial_DBC/Page_Frameworks (Demo)/div_JOE CHILA (3379)' is clicked on

16-09-2024T22:42:49 - [MESSAGE][PASSED] - Object: 'Object Repository/TS4_POS_AccountCredit_Partial_DBC/Page_Frameworks (Demo)/div_JOE CHILA (3379)' is clicked on

16-09-2024T22:42:49 - [TEST_STEP][PASSED] - click(findTestObject("Object Repository/TS4_POS_AccountCredit_Partial_DBC/Page_Frameworks (Demo)/table_Select a Value")): Object: 'Object Repository/TS4_POS_AccountCredit_Partial_DBC/Page_Frameworks (Demo)/table_Select a Value' is clicked on

16-09-2024T22:42:50 - [MESSAGE][PASSED] - Object: 'Object Repository/TS4_POS_AccountCredit_Partial_DBC/Page_Frameworks (Demo)/table_Select a Value' is clicked on

16-09-2024T22:42:50 - [TEST_STEP][PASSED] - click(findTestObject("Object Repository/TS4_POS_AccountCredit_Partial_DBC/Page_Frameworks (Demo)/div_Stock Return")): Object: 'Object Repository/TS4_POS_AccountCredit_Partial_DBC/Page_Frameworks (Demo)/div_Stock Return' is clicked on

16-09-2024T22:42:51 - [MESSAGE][PASSED] - Object: 'Object Repository/TS4_POS_AccountCredit_Partial_DBC/Page_Frameworks (Demo)/div_Stock Return' is clicked on

16-09-2024T22:42:51 - [TEST_STEP][PASSED] - click(findTestObject("Object Repository/TS4_POS_AccountCredit_Partial_DBC/Page_Frameworks (Demo)/table_Reason_isc_YX")): Object: 'Object Repository/TS4_POS_AccountCredit_Partial_DBC/Page_Frameworks (Demo)/table_Reason_isc_YX' is clicked on

16-09-2024T22:42:52 - [MESSAGE][PASSED] - Object: 'Object Repository/TS4_POS_AccountCredit_Partial_DBC/Page_Frameworks (Demo)/table_Reason_isc_YX' is clicked on

16-09-2024T22:42:52 - [TEST_STEP][PASSED] - click(findTestObject("Object Repository/TS4_POS_AccountCredit_Partial_DBC/Page_Frameworks (Demo)/div_E - Inv to wrong Custome")): Object: 'Object Repository/TS4_POS_AccountCredit_Partial_DBC/Page_Frameworks (Demo)/div_E - Inv to wrong Custome' is clicked on

16-09-2024T22:42:52 - [MESSAGE][PASSED] - Object: 'Object Repository/TS4_POS_AccountCredit_Partial_DBC/Page_Frameworks (Demo)/div_E - Inv to wrong Custome' is clicked on

16-09-2024T22:42:52 - [TEST_STEP][PASSED] - click(findTestObject("Object Repository/TS4_POS_AccountCredit_Partial_DBC/Page_Frameworks (Demo)/input_Original Docket_originalDocket"), STOP_ON_FAILURE): Object: 'Object Repository/TS4_POS_AccountCredit_Partial_DBC/Page_Frameworks (Demo)/input_Original Docket_originalDocket' is clicked on

16-09-2024T22:42:53 - [MESSAGE][PASSED] - Object: 'Object Repository/TS4_POS_AccountCredit_Partial_DBC/Page_Frameworks (Demo)/input_Original Docket_originalDocket' is clicked on

16-09-2024T22:42:53 - [TEST_STEP][PASSED] - sendKeys(findTestObject("Object Repository/TS4_POS_AccountCredit_Partial_DBC/Page_Frameworks (Demo)/input_Original Docket_originalDocket"), docketNumber): Keys '20217647' sent to object: 'Object Repository/TS4_POS_AccountCredit_Partial_DBC/Page_Frameworks (Demo)/input_Original Docket_originalDocket'

16-09-2024T22:42:54 - [MESSAGE][PASSED] - Keys '20217647' sent to object: 'Object Repository/TS4_POS_AccountCredit_Partial_DBC/Page_Frameworks (Demo)/input_Original Docket_originalDocket'

16-09-2024T22:42:54 - [TEST_STEP][PASSED] - click(findTestObject("Object Repository/TS4_POS_AccountCredit_Partial_DBC/Page_Frameworks (Demo)/div_BranchDropdown")): Object: 'Object Repository/TS4_POS_AccountCredit_Partial_DBC/Page_Frameworks (Demo)/div_BranchDropdown' is clicked on

16-09-2024T22:42:55 - [MESSAGE][PASSED] - Object: 'Object Repository/TS4_POS_AccountCredit_Partial_DBC/Page_Frameworks (Demo)/div_BranchDropdown' is clicked on

16-09-2024T22:42:55 - [TEST_STEP][PASSED] - click(findTestObject("Object Repository/TS4_POS_AccountCredit_Partial_DBC/Page_Frameworks (Demo)/div_228 - DEMONSTRATION BRANCH 228")): Object: 'Object Repository/TS4_POS_AccountCredit_Partial_DBC/Page_Frameworks (Demo)/div_228 - DEMONSTRATION BRANCH 228' is clicked on

16-09-2024T22:42:57 - [MESSAGE][PASSED] - Object: 'Object Repository/TS4_POS_AccountCredit_Partial_DBC/Page_Frameworks (Demo)/div_228 - DEMONSTRATION BRANCH 228' is clicked on

16-09-2024T22:42:57 - [TEST_STEP][PASSED] - delay(2): Delayed 2 second(s)

16-09-2024T22:42:59 - [MESSAGE][PASSED] - Delayed 2 second(s)

16-09-2024T22:42:59 - [TEST_STEP][PASSED] - takeFullPageScreenshot(): Taking screenshot successfully

16-09-2024T22:42:59 - [MESSAGE][INFO] - 0 hidden object(s)

16-09-2024T22:42:59 - [MESSAGE][PASSED] - Taking screenshot successfully
[[ATTACHMENT|C:\\Users\\User\\git\\frameworks-regression-test-automation\\Reports\\20240916_224158\\DBC_Instance\\PointofSale_Module\\New_Interface\\TS4_POS_Account_Credit_Partial\\20240916_224158\\1726490579341.png]]

16-09-2024T22:42:59 - [TEST_STEP][PASSED] - click(findTestObject("Object Repository/TS4_POS_AccountCredit_Partial_DBC/Page_Frameworks (Demo)/div_Load Details")): Object: 'Object Repository/TS4_POS_AccountCredit_Partial_DBC/Page_Frameworks (Demo)/div_Load Details' is clicked on

16-09-2024T22:43:00 - [MESSAGE][PASSED] - Object: 'Object Repository/TS4_POS_AccountCredit_Partial_DBC/Page_Frameworks (Demo)/div_Load Details' is clicked on

16-09-2024T22:43:00 - [TEST_STEP][PASSED] - delay(2): Delayed 2 second(s)

16-09-2024T22:43:02 - [MESSAGE][PASSED] - Delayed 2 second(s)

16-09-2024T22:43:02 - [TEST_STEP][PASSED] - takeFullPageScreenshot(): Taking screenshot successfully

16-09-2024T22:43:02 - [MESSAGE][INFO] - 0 hidden object(s)

16-09-2024T22:43:02 - [MESSAGE][PASSED] - Taking screenshot successfully
[[ATTACHMENT|C:\\Users\\User\\git\\frameworks-regression-test-automation\\Reports\\20240916_224158\\DBC_Instance\\PointofSale_Module\\New_Interface\\TS4_POS_Account_Credit_Partial\\20240916_224158\\1726490582291.png]]

16-09-2024T22:43:02 - [TEST_STEP][PASSED] - click(findTestObject("Object Repository/TS4_POS_AccountCredit_Partial_DBC/Page_Frameworks (Demo)/div_CreditQty_Row1")): Object: 'Object Repository/TS4_POS_AccountCredit_Partial_DBC/Page_Frameworks (Demo)/div_CreditQty_Row1' is clicked on

16-09-2024T22:43:03 - [MESSAGE][PASSED] - Object: 'Object Repository/TS4_POS_AccountCredit_Partial_DBC/Page_Frameworks (Demo)/div_CreditQty_Row1' is clicked on

16-09-2024T22:43:03 - [TEST_STEP][PASSED] - sendKeys(findTestObject("Object Repository/TS4_POS_AccountCredit_Partial_DBC/Page_Frameworks (Demo)/input_CreditQty_row1"), "1"): Keys '1' sent to object: 'Object Repository/TS4_POS_AccountCredit_Partial_DBC/Page_Frameworks (Demo)/input_CreditQty_row1'

16-09-2024T22:43:03 - [MESSAGE][PASSED] - Keys '1' sent to object: 'Object Repository/TS4_POS_AccountCredit_Partial_DBC/Page_Frameworks (Demo)/input_CreditQty_row1'

16-09-2024T22:43:03 - [TEST_STEP][PASSED] - delay(2): Delayed 2 second(s)

16-09-2024T22:43:05 - [MESSAGE][PASSED] - Delayed 2 second(s)

16-09-2024T22:43:05 - [TEST_STEP][PASSED] - takeFullPageScreenshot(): Taking screenshot successfully

16-09-2024T22:43:06 - [MESSAGE][INFO] - 0 hidden object(s)

16-09-2024T22:43:06 - [MESSAGE][PASSED] - Taking screenshot successfully
[[ATTACHMENT|C:\\Users\\User\\git\\frameworks-regression-test-automation\\Reports\\20240916_224158\\DBC_Instance\\PointofSale_Module\\New_Interface\\TS4_POS_Account_Credit_Partial\\20240916_224158\\1726490585970.png]]

16-09-2024T22:43:06 - [TEST_STEP][PASSED] - click(findTestObject("Object Repository/TS4_POS_AccountCredit_Partial_DBC/Page_Frameworks (Demo)/div_Finish (S)")): Object: 'Object Repository/TS4_POS_AccountCredit_Partial_DBC/Page_Frameworks (Demo)/div_Finish (S)' is clicked on

16-09-2024T22:43:06 - [MESSAGE][PASSED] - Object: 'Object Repository/TS4_POS_AccountCredit_Partial_DBC/Page_Frameworks (Demo)/div_Finish (S)' is clicked on

16-09-2024T22:43:06 - [TEST_STEP][PASSED] - delay(2): Delayed 2 second(s)

16-09-2024T22:43:08 - [MESSAGE][PASSED] - Delayed 2 second(s)

16-09-2024T22:43:08 - [TEST_STEP][PASSED] - takeFullPageScreenshot(): Taking screenshot successfully

16-09-2024T22:43:09 - [MESSAGE][INFO] - 0 hidden object(s)

16-09-2024T22:43:09 - [MESSAGE][PASSED] - Taking screenshot successfully
[[ATTACHMENT|C:\\Users\\User\\git\\frameworks-regression-test-automation\\Reports\\20240916_224158\\DBC_Instance\\PointofSale_Module\\New_Interface\\TS4_POS_Account_Credit_Partial\\20240916_224158\\1726490588886.png]]

16-09-2024T22:43:09 - [TEST_STEP][PASSED] - click(findTestObject("Object Repository/TS3_POS_AccountCredit_Full_DBC/Page_Frameworks (Demo)/td_OK")): Object: 'Object Repository/TS3_POS_AccountCredit_Full_DBC/Page_Frameworks (Demo)/td_OK' is clicked on

16-09-2024T22:43:09 - [MESSAGE][PASSED] - Object: 'Object Repository/TS3_POS_AccountCredit_Full_DBC/Page_Frameworks (Demo)/td_OK' is clicked on

16-09-2024T22:43:09 - [TEST_STEP][PASSED] - delay(2): Delayed 2 second(s)

16-09-2024T22:43:11 - [MESSAGE][PASSED] - Delayed 2 second(s)

16-09-2024T22:43:11 - [TEST_STEP][PASSED] - takeFullPageScreenshot(): Taking screenshot successfully

16-09-2024T22:43:12 - [MESSAGE][INFO] - 0 hidden object(s)

16-09-2024T22:43:12 - [MESSAGE][PASSED] - Taking screenshot successfully
[[ATTACHMENT|C:\\Users\\User\\git\\frameworks-regression-test-automation\\Reports\\20240916_224158\\DBC_Instance\\PointofSale_Module\\New_Interface\\TS4_POS_Account_Credit_Partial\\20240916_224158\\1726490591718.png]]

16-09-2024T22:43:12 - [TEST_STEP][PASSED] - click(findTestObject("Object Repository/TS3_POS_AccountCredit_Full_DBC/Page_Frameworks (Demo)/table_Despatch Method_isc_OV")): Object: 'Object Repository/TS3_POS_AccountCredit_Full_DBC/Page_Frameworks (Demo)/table_Despatch Method_isc_OV' is clicked on

16-09-2024T22:43:12 - [MESSAGE][PASSED] - Object: 'Object Repository/TS3_POS_AccountCredit_Full_DBC/Page_Frameworks (Demo)/table_Despatch Method_isc_OV' is clicked on

16-09-2024T22:43:12 - [TEST_STEP][PASSED] - click(findTestObject("Object Repository/TS3_POS_AccountCredit_Full_DBC/Page_Frameworks (Demo)/div_PickU - Pick up")): Object: 'Object Repository/TS3_POS_AccountCredit_Full_DBC/Page_Frameworks (Demo)/div_PickU - Pick up' is clicked on

16-09-2024T22:43:13 - [MESSAGE][PASSED] - Object: 'Object Repository/TS3_POS_AccountCredit_Full_DBC/Page_Frameworks (Demo)/div_PickU - Pick up' is clicked on

16-09-2024T22:43:13 - [TEST_STEP][PASSED] - setText(findTestObject("Object Repository/TS3_POS_AccountCredit_Full_DBC/Page_Frameworks (Demo)/input_Address_deliverToAddress1"), "10 chila road"): Text '10 chila road' is set on object 'Object Repository/TS3_POS_AccountCredit_Full_DBC/Page_Frameworks (Demo)/input_Address_deliverToAddress1'

16-09-2024T22:43:14 - [MESSAGE][PASSED] - Text '10 chila road' is set on object 'Object Repository/TS3_POS_AccountCredit_Full_DBC/Page_Frameworks (Demo)/input_Address_deliverToAddress1'

16-09-2024T22:43:14 - [TEST_STEP][PASSED] - click(findTestObject("Object Repository/TS4_POS_AccountCredit_Partial_DBC/Page_Frameworks (Demo)/td_State_isc_QJ")): Object: 'Object Repository/TS4_POS_AccountCredit_Partial_DBC/Page_Frameworks (Demo)/td_State_isc_QJ' is clicked on

16-09-2024T22:43:14 - [MESSAGE][PASSED] - Object: 'Object Repository/TS4_POS_AccountCredit_Partial_DBC/Page_Frameworks (Demo)/td_State_isc_QJ' is clicked on

16-09-2024T22:43:14 - [TEST_STEP][PASSED] - click(findTestObject("Object Repository/TS4_POS_AccountCredit_Partial_DBC/Page_Frameworks (Demo)/div_VIC - Victoria (1)")): Object: 'Object Repository/TS4_POS_AccountCredit_Partial_DBC/Page_Frameworks (Demo)/div_VIC - Victoria (1)' is clicked on

16-09-2024T22:43:15 - [MESSAGE][PASSED] - Object: 'Object Repository/TS4_POS_AccountCredit_Partial_DBC/Page_Frameworks (Demo)/div_VIC - Victoria (1)' is clicked on

16-09-2024T22:43:15 - [TEST_STEP][PASSED] - delay(2): Delayed 2 second(s)

16-09-2024T22:43:17 - [MESSAGE][PASSED] - Delayed 2 second(s)

16-09-2024T22:43:17 - [TEST_STEP][PASSED] - takeFullPageScreenshot(): Taking screenshot successfully

16-09-2024T22:43:18 - [MESSAGE][INFO] - 0 hidden object(s)

16-09-2024T22:43:18 - [MESSAGE][PASSED] - Taking screenshot successfully
[[ATTACHMENT|C:\\Users\\User\\git\\frameworks-regression-test-automation\\Reports\\20240916_224158\\DBC_Instance\\PointofSale_Module\\New_Interface\\TS4_POS_Account_Credit_Partial\\20240916_224158\\1726490597700.png]]

16-09-2024T22:43:18 - [TEST_STEP][PASSED] - click(findTestObject("Object Repository/TS3_POS_AccountCredit_Full_DBC/Page_Frameworks (Demo)/div_Finish (S)")): Object: 'Object Repository/TS3_POS_AccountCredit_Full_DBC/Page_Frameworks (Demo)/div_Finish (S)' is clicked on

16-09-2024T22:43:18 - [MESSAGE][PASSED] - Object: 'Object Repository/TS3_POS_AccountCredit_Full_DBC/Page_Frameworks (Demo)/div_Finish (S)' is clicked on

16-09-2024T22:43:18 - [TEST_STEP][PASSED] - delay(2): Delayed 2 second(s)

16-09-2024T22:43:20 - [MESSAGE][PASSED] - Delayed 2 second(s)

16-09-2024T22:43:20 - [TEST_STEP][PASSED] - takeFullPageScreenshot(): Taking screenshot successfully

16-09-2024T22:43:20 - [MESSAGE][INFO] - 0 hidden object(s)

16-09-2024T22:43:21 - [MESSAGE][PASSED] - Taking screenshot successfully
[[ATTACHMENT|C:\\Users\\User\\git\\frameworks-regression-test-automation\\Reports\\20240916_224158\\DBC_Instance\\PointofSale_Module\\New_Interface\\TS4_POS_Account_Credit_Partial\\20240916_224158\\1726490600559.png]]

16-09-2024T22:43:21 - [TEST_STEP][PASSED] - click(findTestObject("Object Repository/TS3_POS_AccountCredit_Full_DBC/Page_Frameworks (Demo)/div_Refund")): Object: 'Object Repository/TS3_POS_AccountCredit_Full_DBC/Page_Frameworks (Demo)/div_Refund' is clicked on

16-09-2024T22:43:21 - [MESSAGE][PASSED] - Object: 'Object Repository/TS3_POS_AccountCredit_Full_DBC/Page_Frameworks (Demo)/div_Refund' is clicked on

16-09-2024T22:43:21 - [TEST_STEP][PASSED] - updatesourceFile = new java.io.FileInputStream(ExcelFile): null

16-09-2024T22:43:21 - [TEST_STEP][PASSED] - updateWorkbook = new org.apache.poi.xssf.usermodel.XSSFWorkbook(updatesourceFile): null

16-09-2024T22:43:21 - [TEST_STEP][PASSED] - updateSheet = updateWorkbook.getSheet("Sheet1"): null

16-09-2024T22:43:21 - [TEST_STEP][PASSED] - updateRow = updateSheet.getRow(0): null

16-09-2024T22:43:21 - [TEST_STEP][PASSED] - updateCell = updateRow.getCell(1): null

16-09-2024T22:43:21 - [TEST_STEP][PASSED] - updateRow = updateSheet.createRow(2): null

16-09-2024T22:43:21 - [TEST_STEP][PASSED] - updateCell = updateRow.createCell(0): null

16-09-2024T22:43:21 - [TEST_STEP][PASSED] - updateCell.setCellValue("TransactionNumber"): null

16-09-2024T22:43:21 - [TEST_STEP][PASSED] - updateCell = updateRow.createCell(1): null

16-09-2024T22:43:21 - [TEST_STEP][PASSED] - updateCell.setCellValue(transaction_Number): null

16-09-2024T22:43:21 - [TEST_STEP][PASSED] - fos = new java.io.FileOutputStream(ExcelFile): null

16-09-2024T22:43:21 - [TEST_STEP][PASSED] - updateWorkbook.write(fos): null

16-09-2024T22:43:21 - [TEST_STEP][PASSED] - fos.close(): null

16-09-2024T22:43:21 - [TEST_STEP][PASSED] - updatesourceFile.close(): null

16-09-2024T22:43:21 - [TEST_STEP][PASSED] - click(findTestObject("Object Repository/TS2_POS_AccountSale_DBC/New_Interface/Page_Frameworks (Demo)/img_AccountDropdown")): Object: 'Object Repository/TS2_POS_AccountSale_DBC/New_Interface/Page_Frameworks (Demo)/img_AccountDropdown' is clicked on

16-09-2024T22:43:22 - [MESSAGE][PASSED] - Object: 'Object Repository/TS2_POS_AccountSale_DBC/New_Interface/Page_Frameworks (Demo)/img_AccountDropdown' is clicked on

16-09-2024T22:43:22 - [TEST_STEP][PASSED] - click(findTestObject("Object Repository/TS2_POS_AccountSale_DBC/New_Interface/Page_Frameworks (Demo)/div_Logout")): Object: 'Object Repository/TS2_POS_AccountSale_DBC/New_Interface/Page_Frameworks (Demo)/div_Logout' is clicked on

16-09-2024T22:43:23 - [MESSAGE][PASSED] - Object: 'Object Repository/TS2_POS_AccountSale_DBC/New_Interface/Page_Frameworks (Demo)/div_Logout' is clicked on]]></system-out>
         <system-err><![CDATA[]]></system-err>
      </testcase>
      <testcase name="Test Cases/DBC_Instance/PointofSale_Module/TS4_POS_AccountCredit_Partial_StockReturn/POS_AccountCredit_Partial_ValidateRefund" time="20.013" classname="Test Cases/DBC_Instance/PointofSale_Module/TS4_POS_AccountCredit_Partial_StockReturn/POS_AccountCredit_Partial_ValidateRefund" status="PASSED">
         <system-out><![CDATA[16-09-2024T22:43:23 - [TEST_CASE][PASSED] - Test Cases/DBC_Instance/PointofSale_Module/TS4_POS_AccountCredit_Partial_StockReturn/POS_AccountCredit_Partial_ValidateRefund: Test Cases/DBC_Instance/PointofSale_Module/TS4_POS_AccountCredit_Partial_StockReturn/POS_AccountCredit_Partial_ValidateRefund

16-09-2024T22:43:23 - [TEST_STEP][PASSED] - sourceFile = new java.io.FileInputStream(ExcelFile): null

16-09-2024T22:43:23 - [TEST_STEP][PASSED] - workbook = new org.apache.poi.xssf.usermodel.XSSFWorkbook(sourceFile): null

16-09-2024T22:43:23 - [TEST_STEP][PASSED] - sheet = workbook.getSheet("Sheet1"): null

16-09-2024T22:43:23 - [TEST_STEP][PASSED] - row = sheet.getRow(2): null

16-09-2024T22:43:23 - [TEST_STEP][PASSED] - cell = row.getCell(1): null

16-09-2024T22:43:23 - [TEST_STEP][PASSED] - transactionNumber = cell.getStringCellValue(): null

16-09-2024T22:43:23 - [TEST_STEP][PASSED] - println(transactionNumber): null

16-09-2024T22:43:23 - [TEST_STEP][PASSED] - sourceFile.close(): null

16-09-2024T22:43:23 - [TEST_STEP][PASSED] - openBrowser(""): Browser is opened with url: ''

16-09-2024T22:43:23 - [MESSAGE][WARNING] - A browser is already opened. Closing browser and opening a new one

16-09-2024T22:43:23 - [MESSAGE][INFO] - Starting 'Chrome' driver

16-09-2024T22:43:23 - [MESSAGE][INFO] - Action delay is set to 0 milliseconds

16-09-2024T22:43:24 - [MESSAGE][PASSED] - Browser is opened with url: ''

16-09-2024T22:43:24 - [TEST_STEP][PASSED] - maximizeWindow(): Current window maximized

16-09-2024T22:43:24 - [MESSAGE][PASSED] - Current window maximized

16-09-2024T22:43:24 - [TEST_STEP][PASSED] - navigateToUrl("http://frameworks.dahlsens.com.au:8080/FWDemo/Fluid.html#homeDashboard,dash,Frameworks.Activity.Menu.HomeDashBoard"): Navigate to 'http://frameworks.dahlsens.com.au:8080/FWDemo/Fluid.html#homeDashboard,dash,Frameworks.Activity.Menu.HomeDashBoard' successfully

16-09-2024T22:43:26 - [MESSAGE][PASSED] - Navigate to 'http://frameworks.dahlsens.com.au:8080/FWDemo/Fluid.html#homeDashboard,dash,Frameworks.Activity.Menu.HomeDashBoard' successfully

16-09-2024T22:43:26 - [TEST_STEP][PASSED] - setText(findTestObject("Object Repository/TS3_POS_AccountCredit_Full_DBC/Page_Frameworks (Demo)/input_User ID_userid"), userName): Text 'manaki' is set on object 'Object Repository/TS3_POS_AccountCredit_Full_DBC/Page_Frameworks (Demo)/input_User ID_userid'

16-09-2024T22:43:28 - [MESSAGE][PASSED] - Text 'manaki' is set on object 'Object Repository/TS3_POS_AccountCredit_Full_DBC/Page_Frameworks (Demo)/input_User ID_userid'

16-09-2024T22:43:28 - [TEST_STEP][PASSED] - setEncryptedText(findTestObject("Object Repository/TS3_POS_AccountCredit_Full_DBC/Page_Frameworks (Demo)/input_Password_password"), "FHoXGFMjtD0="): Text ****** has been set on object 'Object Repository/TS3_POS_AccountCredit_Full_DBC/Page_Frameworks (Demo)/input_Password_password'

16-09-2024T22:43:28 - [MESSAGE][PASSED] - Text ****** has been set on object 'Object Repository/TS3_POS_AccountCredit_Full_DBC/Page_Frameworks (Demo)/input_Password_password'

16-09-2024T22:43:28 - [TEST_STEP][PASSED] - click(findTestObject("Object Repository/TS3_POS_AccountCredit_Full_DBC/Page_Frameworks (Demo)/div_Login")): Object: 'Object Repository/TS3_POS_AccountCredit_Full_DBC/Page_Frameworks (Demo)/div_Login' is clicked on

16-09-2024T22:43:29 - [MESSAGE][PASSED] - Object: 'Object Repository/TS3_POS_AccountCredit_Full_DBC/Page_Frameworks (Demo)/div_Login' is clicked on

16-09-2024T22:43:29 - [TEST_STEP][PASSED] - click(findTestObject("Object Repository/TS2_POS_AccountSale_DBC/New_Interface/Page_Frameworks (Demo)/img_CustomerDashboard")): Object: 'Object Repository/TS2_POS_AccountSale_DBC/New_Interface/Page_Frameworks (Demo)/img_CustomerDashboard' is clicked on

16-09-2024T22:43:31 - [MESSAGE][PASSED] - Object: 'Object Repository/TS2_POS_AccountSale_DBC/New_Interface/Page_Frameworks (Demo)/img_CustomerDashboard' is clicked on

16-09-2024T22:43:31 - [TEST_STEP][PASSED] - setText(findTestObject("Object Repository/TS2_POS_AccountSale_DBC/New_Interface/Page_Frameworks (Demo)/input_Customer No_CustId"), "3379"): Text '3379' is set on object 'Object Repository/TS2_POS_AccountSale_DBC/New_Interface/Page_Frameworks (Demo)/input_Customer No_CustId'

16-09-2024T22:43:32 - [MESSAGE][PASSED] - Text '3379' is set on object 'Object Repository/TS2_POS_AccountSale_DBC/New_Interface/Page_Frameworks (Demo)/input_Customer No_CustId'

16-09-2024T22:43:32 - [TEST_STEP][PASSED] - click(findTestObject("Object Repository/TS2_POS_AccountSale_DBC/New_Interface/Page_Frameworks (Demo)/td_Find")): Object: 'Object Repository/TS2_POS_AccountSale_DBC/New_Interface/Page_Frameworks (Demo)/td_Find' is clicked on

16-09-2024T22:43:32 - [MESSAGE][PASSED] - Object: 'Object Repository/TS2_POS_AccountSale_DBC/New_Interface/Page_Frameworks (Demo)/td_Find' is clicked on

16-09-2024T22:43:32 - [TEST_STEP][PASSED] - delay(2): Delayed 2 second(s)

16-09-2024T22:43:34 - [MESSAGE][PASSED] - Delayed 2 second(s)

16-09-2024T22:43:34 - [TEST_STEP][PASSED] - takeFullPageScreenshot(): Taking screenshot successfully

16-09-2024T22:43:34 - [MESSAGE][INFO] - 0 hidden object(s)

16-09-2024T22:43:35 - [MESSAGE][PASSED] - Taking screenshot successfully
[[ATTACHMENT|C:\\Users\\User\\git\\frameworks-regression-test-automation\\Reports\\20240916_224158\\DBC_Instance\\PointofSale_Module\\New_Interface\\TS4_POS_Account_Credit_Partial\\20240916_224158\\1726490614560.png]]

16-09-2024T22:43:35 - [TEST_STEP][PASSED] - click(findTestObject("Object Repository/TS2_POS_AccountSale_DBC/New_Interface/Page_Frameworks (Demo)/div_Invoices, Orders, Quotes, Projects  Jobs")): Object: 'Object Repository/TS2_POS_AccountSale_DBC/New_Interface/Page_Frameworks (Demo)/div_Invoices, Orders, Quotes, Projects  Jobs' is clicked on

16-09-2024T22:43:35 - [MESSAGE][PASSED] - Object: 'Object Repository/TS2_POS_AccountSale_DBC/New_Interface/Page_Frameworks (Demo)/div_Invoices, Orders, Quotes, Projects  Jobs' is clicked on

16-09-2024T22:43:35 - [TEST_STEP][PASSED] - delay(2): Delayed 2 second(s)

16-09-2024T22:43:37 - [MESSAGE][PASSED] - Delayed 2 second(s)

16-09-2024T22:43:37 - [TEST_STEP][PASSED] - click(findTestObject("Object Repository/Sales_Orders/New_Interface/Page_Frameworks (Demo)/div_Number")): Object: 'Object Repository/Sales_Orders/New_Interface/Page_Frameworks (Demo)/div_Number' is clicked on

16-09-2024T22:43:38 - [MESSAGE][PASSED] - Object: 'Object Repository/Sales_Orders/New_Interface/Page_Frameworks (Demo)/div_Number' is clicked on

16-09-2024T22:43:38 - [TEST_STEP][PASSED] - click(findTestObject("Object Repository/Sales_Orders/New_Interface/Page_Frameworks (Demo)/div_Number")): Object: 'Object Repository/Sales_Orders/New_Interface/Page_Frameworks (Demo)/div_Number' is clicked on

16-09-2024T22:43:39 - [MESSAGE][PASSED] - Object: 'Object Repository/Sales_Orders/New_Interface/Page_Frameworks (Demo)/div_Number' is clicked on

16-09-2024T22:43:39 - [TEST_STEP][PASSED] - delay(2): Delayed 2 second(s)

16-09-2024T22:43:41 - [MESSAGE][PASSED] - Delayed 2 second(s)

16-09-2024T22:43:41 - [TEST_STEP][PASSED] - takeFullPageScreenshot(): Taking screenshot successfully

16-09-2024T22:43:41 - [MESSAGE][INFO] - 0 hidden object(s)

16-09-2024T22:43:41 - [MESSAGE][PASSED] - Taking screenshot successfully
[[ATTACHMENT|C:\\Users\\User\\git\\frameworks-regression-test-automation\\Reports\\20240916_224158\\DBC_Instance\\PointofSale_Module\\New_Interface\\TS4_POS_Account_Credit_Partial\\20240916_224158\\1726490621097.png]]

16-09-2024T22:43:41 - [TEST_STEP][PASSED] - verifyTextPresent(transactionNumber, false): Text '20217649' is present on page 

16-09-2024T22:43:42 - [MESSAGE][PASSED] - Text '20217649' is present on page 

16-09-2024T22:43:42 - [TEST_STEP][PASSED] - click(findTestObject("Object Repository/TS2_POS_AccountSale_DBC/New_Interface/Page_Frameworks (Demo)/img_AccountDropdown")): Object: 'Object Repository/TS2_POS_AccountSale_DBC/New_Interface/Page_Frameworks (Demo)/img_AccountDropdown' is clicked on

16-09-2024T22:43:42 - [MESSAGE][PASSED] - Object: 'Object Repository/TS2_POS_AccountSale_DBC/New_Interface/Page_Frameworks (Demo)/img_AccountDropdown' is clicked on

16-09-2024T22:43:42 - [TEST_STEP][PASSED] - click(findTestObject("Object Repository/TS2_POS_AccountSale_DBC/New_Interface/Page_Frameworks (Demo)/div_Logout")): Object: 'Object Repository/TS2_POS_AccountSale_DBC/New_Interface/Page_Frameworks (Demo)/div_Logout' is clicked on

16-09-2024T22:43:43 - [MESSAGE][PASSED] - Object: 'Object Repository/TS2_POS_AccountSale_DBC/New_Interface/Page_Frameworks (Demo)/div_Logout' is clicked on]]></system-out>
         <system-err><![CDATA[]]></system-err>
      </testcase>
      <testcase name="Test Cases/DBC_Instance/PointofSale_Module/TS4_POS_AccountCredit_Partial_StockReturn/POS_AccountCredit_Partial_ValidateStock" time="17.046" classname="Test Cases/DBC_Instance/PointofSale_Module/TS4_POS_AccountCredit_Partial_StockReturn/POS_AccountCredit_Partial_ValidateStock" status="PASSED">
         <system-out><![CDATA[16-09-2024T22:43:43 - [TEST_CASE][PASSED] - Test Cases/DBC_Instance/PointofSale_Module/TS4_POS_AccountCredit_Partial_StockReturn/POS_AccountCredit_Partial_ValidateStock: Test Cases/DBC_Instance/PointofSale_Module/TS4_POS_AccountCredit_Partial_StockReturn/POS_AccountCredit_Partial_ValidateStock

16-09-2024T22:43:43 - [TEST_STEP][PASSED] - sourceFile = new java.io.FileInputStream(ExcelFile): null

16-09-2024T22:43:43 - [TEST_STEP][PASSED] - workbook = new org.apache.poi.xssf.usermodel.XSSFWorkbook(sourceFile): null

16-09-2024T22:43:43 - [TEST_STEP][PASSED] - sheet = workbook.getSheet("Sheet1"): null

16-09-2024T22:43:43 - [TEST_STEP][PASSED] - row = sheet.getRow(2): null

16-09-2024T22:43:43 - [TEST_STEP][PASSED] - cell = row.getCell(1): null

16-09-2024T22:43:43 - [TEST_STEP][PASSED] - transactionNumber = cell.getStringCellValue(): null

16-09-2024T22:43:43 - [TEST_STEP][PASSED] - println(transactionNumber): null

16-09-2024T22:43:43 - [TEST_STEP][PASSED] - sourceFile.close(): null

16-09-2024T22:43:43 - [TEST_STEP][PASSED] - openBrowser(""): Browser is opened with url: ''

16-09-2024T22:43:43 - [MESSAGE][WARNING] - A browser is already opened. Closing browser and opening a new one

16-09-2024T22:43:43 - [MESSAGE][INFO] - Starting 'Chrome' driver

16-09-2024T22:43:43 - [MESSAGE][INFO] - Action delay is set to 0 milliseconds

16-09-2024T22:43:44 - [MESSAGE][PASSED] - Browser is opened with url: ''

16-09-2024T22:43:44 - [TEST_STEP][PASSED] - maximizeWindow(): Current window maximized

16-09-2024T22:43:44 - [MESSAGE][PASSED] - Current window maximized

16-09-2024T22:43:44 - [TEST_STEP][PASSED] - navigateToUrl("http://frameworks.dahlsens.com.au:8080/FWDemo/Fluid.html#homeDashboard,dash,Frameworks.Activity.Menu.HomeDashBoard"): Navigate to 'http://frameworks.dahlsens.com.au:8080/FWDemo/Fluid.html#homeDashboard,dash,Frameworks.Activity.Menu.HomeDashBoard' successfully

16-09-2024T22:43:46 - [MESSAGE][PASSED] - Navigate to 'http://frameworks.dahlsens.com.au:8080/FWDemo/Fluid.html#homeDashboard,dash,Frameworks.Activity.Menu.HomeDashBoard' successfully

16-09-2024T22:43:46 - [TEST_STEP][PASSED] - setText(findTestObject("Object Repository/TS3_POS_AccountCredit_Full_DBC/Page_Frameworks (Demo)/input_User ID_userid"), userName): Text 'manaki' is set on object 'Object Repository/TS3_POS_AccountCredit_Full_DBC/Page_Frameworks (Demo)/input_User ID_userid'

16-09-2024T22:43:48 - [MESSAGE][PASSED] - Text 'manaki' is set on object 'Object Repository/TS3_POS_AccountCredit_Full_DBC/Page_Frameworks (Demo)/input_User ID_userid'

16-09-2024T22:43:48 - [TEST_STEP][PASSED] - setEncryptedText(findTestObject("Object Repository/TS3_POS_AccountCredit_Full_DBC/Page_Frameworks (Demo)/input_Password_password"), "FHoXGFMjtD0="): Text ****** has been set on object 'Object Repository/TS3_POS_AccountCredit_Full_DBC/Page_Frameworks (Demo)/input_Password_password'

16-09-2024T22:43:48 - [MESSAGE][PASSED] - Text ****** has been set on object 'Object Repository/TS3_POS_AccountCredit_Full_DBC/Page_Frameworks (Demo)/input_Password_password'

16-09-2024T22:43:48 - [TEST_STEP][PASSED] - click(findTestObject("Object Repository/TS3_POS_AccountCredit_Full_DBC/Page_Frameworks (Demo)/div_Login")): Object: 'Object Repository/TS3_POS_AccountCredit_Full_DBC/Page_Frameworks (Demo)/div_Login' is clicked on

16-09-2024T22:43:49 - [MESSAGE][PASSED] - Object: 'Object Repository/TS3_POS_AccountCredit_Full_DBC/Page_Frameworks (Demo)/div_Login' is clicked on

16-09-2024T22:43:49 - [TEST_STEP][PASSED] - click(findTestObject("Object Repository/TS1_BT_BranchTransfer_DBC/New_Interface/Stock_Receipt/Page_Frameworks (Demo)/img_ProductDashboard")): Object: 'Object Repository/TS1_BT_BranchTransfer_DBC/New_Interface/Stock_Receipt/Page_Frameworks (Demo)/img_ProductDashboard' is clicked on

16-09-2024T22:43:51 - [MESSAGE][PASSED] - Object: 'Object Repository/TS1_BT_BranchTransfer_DBC/New_Interface/Stock_Receipt/Page_Frameworks (Demo)/img_ProductDashboard' is clicked on

16-09-2024T22:43:51 - [TEST_STEP][PASSED] - setText(findTestObject("Object Repository/TS1_BT_BranchTransfer_DBC/New_Interface/Stock_Receipt/Page_Frameworks (Demo)/input_Product_ProdId"), "LM20"): Text 'LM20' is set on object 'Object Repository/TS1_BT_BranchTransfer_DBC/New_Interface/Stock_Receipt/Page_Frameworks (Demo)/input_Product_ProdId'

16-09-2024T22:43:52 - [MESSAGE][PASSED] - Text 'LM20' is set on object 'Object Repository/TS1_BT_BranchTransfer_DBC/New_Interface/Stock_Receipt/Page_Frameworks (Demo)/input_Product_ProdId'

16-09-2024T22:43:52 - [TEST_STEP][PASSED] - click(findTestObject("Object Repository/TS1_BT_BranchTransfer_DBC/New_Interface/Stock_Receipt/Page_Frameworks (Demo)/td_Find")): Object: 'Object Repository/TS1_BT_BranchTransfer_DBC/New_Interface/Stock_Receipt/Page_Frameworks (Demo)/td_Find' is clicked on

16-09-2024T22:43:53 - [MESSAGE][PASSED] - Object: 'Object Repository/TS1_BT_BranchTransfer_DBC/New_Interface/Stock_Receipt/Page_Frameworks (Demo)/td_Find' is clicked on

16-09-2024T22:43:53 - [TEST_STEP][PASSED] - delay(2): Delayed 2 second(s)

16-09-2024T22:43:55 - [MESSAGE][PASSED] - Delayed 2 second(s)

16-09-2024T22:43:55 - [TEST_STEP][PASSED] - takeFullPageScreenshot(): Taking screenshot successfully

16-09-2024T22:43:55 - [MESSAGE][INFO] - 0 hidden object(s)

16-09-2024T22:43:55 - [MESSAGE][PASSED] - Taking screenshot successfully
[[ATTACHMENT|C:\\Users\\User\\git\\frameworks-regression-test-automation\\Reports\\20240916_224158\\DBC_Instance\\PointofSale_Module\\New_Interface\\TS4_POS_Account_Credit_Partial\\20240916_224158\\1726490635429.png]]

16-09-2024T22:43:55 - [TEST_STEP][PASSED] - click(findTestObject("Object Repository/TS1_BT_BranchTransfer_DBC/New_Interface/Stock_Receipt/Page_Frameworks (Demo)/div_Stock Movements")): Object: 'Object Repository/TS1_BT_BranchTransfer_DBC/New_Interface/Stock_Receipt/Page_Frameworks (Demo)/div_Stock Movements' is clicked on

16-09-2024T22:43:56 - [MESSAGE][PASSED] - Object: 'Object Repository/TS1_BT_BranchTransfer_DBC/New_Interface/Stock_Receipt/Page_Frameworks (Demo)/div_Stock Movements' is clicked on

16-09-2024T22:43:56 - [TEST_STEP][PASSED] - delay(2): Delayed 2 second(s)

16-09-2024T22:43:58 - [MESSAGE][PASSED] - Delayed 2 second(s)

16-09-2024T22:43:58 - [TEST_STEP][PASSED] - takeFullPageScreenshot(): Taking screenshot successfully

16-09-2024T22:43:58 - [MESSAGE][INFO] - 0 hidden object(s)

16-09-2024T22:43:59 - [MESSAGE][PASSED] - Taking screenshot successfully
[[ATTACHMENT|C:\\Users\\User\\git\\frameworks-regression-test-automation\\Reports\\20240916_224158\\DBC_Instance\\PointofSale_Module\\New_Interface\\TS4_POS_Account_Credit_Partial\\20240916_224158\\1726490638527.png]]

16-09-2024T22:43:59 - [TEST_STEP][PASSED] - verifyTextPresent(transactionNumber, false): Text '20217649' is present on page 

16-09-2024T22:43:59 - [MESSAGE][PASSED] - Text '20217649' is present on page 

16-09-2024T22:43:59 - [TEST_STEP][PASSED] - click(findTestObject("Object Repository/TS2_POS_AccountSale_DBC/New_Interface/Page_Frameworks (Demo)/img_AccountDropdown")): Object: 'Object Repository/TS2_POS_AccountSale_DBC/New_Interface/Page_Frameworks (Demo)/img_AccountDropdown' is clicked on

16-09-2024T22:43:59 - [MESSAGE][PASSED] - Object: 'Object Repository/TS2_POS_AccountSale_DBC/New_Interface/Page_Frameworks (Demo)/img_AccountDropdown' is clicked on

16-09-2024T22:43:59 - [TEST_STEP][PASSED] - click(findTestObject("Object Repository/TS2_POS_AccountSale_DBC/New_Interface/Page_Frameworks (Demo)/div_Logout")): Object: 'Object Repository/TS2_POS_AccountSale_DBC/New_Interface/Page_Frameworks (Demo)/div_Logout' is clicked on

16-09-2024T22:44:00 - [MESSAGE][PASSED] - Object: 'Object Repository/TS2_POS_AccountSale_DBC/New_Interface/Page_Frameworks (Demo)/div_Logout' is clicked on]]></system-out>
         <system-err><![CDATA[]]></system-err>
      </testcase>
      <system-out><![CDATA[16-09-2024T22:42:04 - [TEST_SUITE][PASSED] - TS4_POS_Account_Credit_Partial: Test Cases/DBC_Instance/PointofSale_Module/TS4_POS_AccountCredit_Partial_StockReturn/POS_AccountCredit_Partial_ValidateStock]]></system-out>
      <system-err><![CDATA[]]></system-err>
   </testsuite>
</testsuites>
