<?xml version="1.0" encoding="UTF-8"?>
<testsuites name="TS3_POS_Account_Credit_Full_CHC" time="180.547" tests="4" failures="0" errors="0">
   <testsuite name="TS3_POS_Account_Credit_Full_CHC" tests="4" failures="0" errors="0" time="180.547" skipped="0" timestamp="26-11-2024T07:41:06" hostname="azureuser - 10.192.8.5" id="Test Suites/CHC_Instance/PointofSale_Module/TS3_POS_Account_Credit_Full_CHC">
      <properties>
         <property name="deviceName" value=""/>
         <property name="devicePlatform"/>
         <property name="logFolder" value="C:\\Users\\azureuser\\git\\frameworks-regression-test-automation\\Reports\\20241126_074056\\CHC_Instance\\PointofSale_Module\\TS3_POS_Account_Credit_Full_CHC\\20241126_074056"/>
         <property name="logFiles" value="C:\\Users\\azureuser\\git\\frameworks-regression-test-automation\\Reports\\20241126_074056\\CHC_Instance\\PointofSale_Module\\TS3_POS_Account_Credit_Full_CHC\\20241126_074056\\execution0.log"/>
         <property name="attachments" value="C:\\Users\\azureuser\\git\\frameworks-regression-test-automation\\Reports\\20241126_074056\\CHC_Instance\\PointofSale_Module\\TS3_POS_Account_Credit_Full_CHC\\20241126_074056\\1732606904979.png, C:\\Users\\azureuser\\git\\frameworks-regression-test-automation\\Reports\\20241126_074056\\CHC_Instance\\PointofSale_Module\\TS3_POS_Account_Credit_Full_CHC\\20241126_074056\\1732606908307.png, C:\\Users\\azureuser\\git\\frameworks-regression-test-automation\\Reports\\20241126_074056\\CHC_Instance\\PointofSale_Module\\TS3_POS_Account_Credit_Full_CHC\\20241126_074056\\1732606935383.png, C:\\Users\\azureuser\\git\\frameworks-regression-test-automation\\Reports\\20241126_074056\\CHC_Instance\\PointofSale_Module\\TS3_POS_Account_Credit_Full_CHC\\20241126_074056\\1732606938612.png, C:\\Users\\azureuser\\git\\frameworks-regression-test-automation\\Reports\\20241126_074056\\CHC_Instance\\PointofSale_Module\\TS3_POS_Account_Credit_Full_CHC\\20241126_074056\\1732606950652.png, C:\\Users\\azureuser\\git\\frameworks-regression-test-automation\\Reports\\20241126_074056\\CHC_Instance\\PointofSale_Module\\TS3_POS_Account_Credit_Full_CHC\\20241126_074056\\1732606953590.png, C:\\Users\\azureuser\\git\\frameworks-regression-test-automation\\Reports\\20241126_074056\\CHC_Instance\\PointofSale_Module\\TS3_POS_Account_Credit_Full_CHC\\20241126_074056\\1732606956511.png, C:\\Users\\azureuser\\git\\frameworks-regression-test-automation\\Reports\\20241126_074056\\CHC_Instance\\PointofSale_Module\\TS3_POS_Account_Credit_Full_CHC\\20241126_074056\\1732606959464.png, C:\\Users\\azureuser\\git\\frameworks-regression-test-automation\\Reports\\20241126_074056\\CHC_Instance\\PointofSale_Module\\TS3_POS_Account_Credit_Full_CHC\\20241126_074056\\1732606984967.png, C:\\Users\\azureuser\\git\\frameworks-regression-test-automation\\Reports\\20241126_074056\\CHC_Instance\\PointofSale_Module\\TS3_POS_Account_Credit_Full_CHC\\20241126_074056\\1732606993045.png, C:\\Users\\azureuser\\git\\frameworks-regression-test-automation\\Reports\\20241126_074056\\CHC_Instance\\PointofSale_Module\\TS3_POS_Account_Credit_Full_CHC\\20241126_074056\\1732607041932.png, C:\\Users\\azureuser\\git\\frameworks-regression-test-automation\\Reports\\20241126_074056\\CHC_Instance\\PointofSale_Module\\TS3_POS_Account_Credit_Full_CHC\\20241126_074056\\1732607045263.png"/>
         <property name="hostName" value="azureuser - 10.192.8.5"/>
         <property name="os" value="Windows 11 64bit"/>
         <property name="katalonVersion" value="9.7.2.223"/>
         <property name="browser" value="Chrome 130.0.0.0"/>
         <property name="hostAddress" value="10.192.8.5"/>
         <property name="sessionId" value="e5777881bb7ddd9b0e029db7c41baaff"/>
         <property name="seleniumVersion" value="3.141.59"/>
         <property name="proxyInformation" value="ProxyInformation { proxyOption=NO_PROXY, proxyServerType=HTTP, username=, password=********, proxyServerAddress=, proxyServerPort=0, executionList=&quot;&quot;, isApplyToDesiredCapabilities=true }"/>
         <property name="platform" value="Windows 11"/>
      </properties>
      <testcase name="Test Cases/CHC_Instance/PointofSale_Module/TS2_POS_AccountSale/POS_AccountSale-5006866(TS3)" time="47.545" classname="Test Cases/CHC_Instance/PointofSale_Module/TS2_POS_AccountSale/POS_AccountSale-5006866(TS3)" status="PASSED">
         <system-out><![CDATA[26-11-2024T07:41:07 - [TEST_CASE][PASSED] - Test Cases/CHC_Instance/PointofSale_Module/TS2_POS_AccountSale/POS_AccountSale-5006866(TS3): Test Cases/CHC_Instance/PointofSale_Module/TS2_POS_AccountSale/POS_AccountSale-5006866(TS3)

26-11-2024T07:41:08 - [TEST_STEP][PASSED] - sourceTestData_FwksEnv = new java.io.FileInputStream(Source_Env): null

26-11-2024T07:41:08 - [TEST_STEP][PASSED] - sourceTestDataContainer_workbook = new org.apache.poi.xssf.usermodel.XSSFWorkbook(sourceTestData_FwksEnv): null

26-11-2024T07:41:09 - [TEST_STEP][PASSED] - sourceTestData_sheet = sourceTestDataContainer_workbook.getSheet("Sheet1"): null

26-11-2024T07:41:09 - [TEST_STEP][PASSED] - currentSheet_row = sourceTestData_sheet.getRow(2): null

26-11-2024T07:41:09 - [TEST_STEP][PASSED] - currentSheet_cell = currentSheet_row.getCell(1): null

26-11-2024T07:41:09 - [TEST_STEP][PASSED] - CHC_Demo = currentSheet_cell.getStringCellValue(): null

26-11-2024T07:41:09 - [TEST_STEP][PASSED] - println(CHC_Demo): null

26-11-2024T07:41:09 - [TEST_STEP][PASSED] - sourceTestData_FwksEnv.close(): null

26-11-2024T07:41:09 - [TEST_STEP][PASSED] - openBrowser(""): Browser is opened with url: ''

26-11-2024T07:41:10 - [MESSAGE][INFO] - Starting 'Chrome' driver

26-11-2024T07:41:10 - [MESSAGE][INFO] - Action delay is set to 0 milliseconds

26-11-2024T07:41:13 - [MESSAGE][PASSED] - Browser is opened with url: ''

26-11-2024T07:41:13 - [TEST_STEP][PASSED] - maximizeWindow(): Current window maximized

26-11-2024T07:41:13 - [MESSAGE][PASSED] - Current window maximized

26-11-2024T07:41:13 - [TEST_STEP][PASSED] - navigateToUrl(CHC_Demo): Navigate to 'http://frameworks.cairnshardware.com.au:8080/FWDemo/Fluid.html#homeDashboard,dash,Frameworks.Activity.Menu.HomeDashBoard' successfully

26-11-2024T07:41:17 - [MESSAGE][PASSED] - Navigate to 'http://frameworks.cairnshardware.com.au:8080/FWDemo/Fluid.html#homeDashboard,dash,Frameworks.Activity.Menu.HomeDashBoard' successfully

26-11-2024T07:41:17 - [TEST_STEP][PASSED] - setText(findTestObject("Object Repository/POS_AccountSale_CHC/Page_Frameworks (Demo)/input_User ID_userid"), userName): Text 'manaki' is set on object 'Object Repository/POS_AccountSale_CHC/Page_Frameworks (Demo)/input_User ID_userid'

26-11-2024T07:41:19 - [MESSAGE][PASSED] - Text 'manaki' is set on object 'Object Repository/POS_AccountSale_CHC/Page_Frameworks (Demo)/input_User ID_userid'

26-11-2024T07:41:19 - [TEST_STEP][PASSED] - setEncryptedText(findTestObject("Object Repository/POS_AccountSale_CHC/Page_Frameworks (Demo)/input_Password_password"), "BvRmjN+0xFM="): Text ****** has been set on object 'Object Repository/POS_AccountSale_CHC/Page_Frameworks (Demo)/input_Password_password'

26-11-2024T07:41:20 - [MESSAGE][PASSED] - Text ****** has been set on object 'Object Repository/POS_AccountSale_CHC/Page_Frameworks (Demo)/input_Password_password'

26-11-2024T07:41:20 - [TEST_STEP][PASSED] - click(findTestObject("Object Repository/POS_AccountSale_CHC/Page_Frameworks (Demo)/div_Login")): Object: 'Object Repository/POS_AccountSale_CHC/Page_Frameworks (Demo)/div_Login' is clicked on

26-11-2024T07:41:20 - [MESSAGE][PASSED] - Object: 'Object Repository/POS_AccountSale_CHC/Page_Frameworks (Demo)/div_Login' is clicked on

26-11-2024T07:41:20 - [TEST_STEP][PASSED] - click(findTestObject("Object Repository/POS_AccountSale_CHC/Page_Frameworks (Demo)/Fws_Menu")): Object: 'Object Repository/POS_AccountSale_CHC/Page_Frameworks (Demo)/Fws_Menu' is clicked on

26-11-2024T07:41:24 - [MESSAGE][PASSED] - Object: 'Object Repository/POS_AccountSale_CHC/Page_Frameworks (Demo)/Fws_Menu' is clicked on

26-11-2024T07:41:24 - [TEST_STEP][PASSED] - click(findTestObject("Object Repository/POS_AccountSale_CHC/Page_Frameworks (Demo)/Sales_TransactionProcessing")): Object: 'Object Repository/POS_AccountSale_CHC/Page_Frameworks (Demo)/Sales_TransactionProcessing' is clicked on

26-11-2024T07:41:27 - [MESSAGE][PASSED] - Object: 'Object Repository/POS_AccountSale_CHC/Page_Frameworks (Demo)/Sales_TransactionProcessing' is clicked on

26-11-2024T07:41:27 - [TEST_STEP][PASSED] - click(findTestObject("Object Repository/POS_AccountSale_CHC/Page_Frameworks (Demo)/td_Point Of Sale")): Object: 'Object Repository/POS_AccountSale_CHC/Page_Frameworks (Demo)/td_Point Of Sale' is clicked on

26-11-2024T07:41:28 - [MESSAGE][PASSED] - Object: 'Object Repository/POS_AccountSale_CHC/Page_Frameworks (Demo)/td_Point Of Sale' is clicked on

26-11-2024T07:41:28 - [TEST_STEP][PASSED] - delay(2): Delayed 2 second(s)

26-11-2024T07:41:30 - [MESSAGE][PASSED] - Delayed 2 second(s)

26-11-2024T07:41:30 - [TEST_STEP][PASSED] - setText(findTestObject("Object Repository/POS_AccountSale_CHC/Page_Frameworks (Demo)/input_m_customerIdX"), customerName): Text 'Lee Pearce (518451)' is set on object 'Object Repository/POS_AccountSale_CHC/Page_Frameworks (Demo)/input_m_customerIdX'

26-11-2024T07:41:33 - [MESSAGE][PASSED] - Text 'Lee Pearce (518451)' is set on object 'Object Repository/POS_AccountSale_CHC/Page_Frameworks (Demo)/input_m_customerIdX'

26-11-2024T07:41:33 - [TEST_STEP][PASSED] - click(findTestObject("Object Repository/POS_AccountSale_CHC/Page_Frameworks (Demo)/div_Lee Pearce (518451)")): Object: 'Object Repository/POS_AccountSale_CHC/Page_Frameworks (Demo)/div_Lee Pearce (518451)' is clicked on

26-11-2024T07:41:34 - [MESSAGE][PASSED] - Object: 'Object Repository/POS_AccountSale_CHC/Page_Frameworks (Demo)/div_Lee Pearce (518451)' is clicked on

26-11-2024T07:41:34 - [TEST_STEP][PASSED] - click(findTestObject("Object Repository/POS_AccountSale_CHC/Page_Frameworks (Demo)/Page_Frameworks (Demo)/span_Point Of Sale")): Object: 'Object Repository/POS_AccountSale_CHC/Page_Frameworks (Demo)/Page_Frameworks (Demo)/span_Point Of Sale' is clicked on

26-11-2024T07:41:35 - [MESSAGE][PASSED] - Object: 'Object Repository/POS_AccountSale_CHC/Page_Frameworks (Demo)/Page_Frameworks (Demo)/span_Point Of Sale' is clicked on

26-11-2024T07:41:35 - [TEST_STEP][PASSED] - click(findTestObject("Object Repository/POS_AccountSale_CHC/Page_Frameworks (Demo)/Page_Frameworks (Demo)/td_Close (O)")): Object: 'Object Repository/POS_AccountSale_CHC/Page_Frameworks (Demo)/Page_Frameworks (Demo)/td_Close (O)' is clicked on

26-11-2024T07:41:37 - [MESSAGE][PASSED] - Object: 'Object Repository/POS_AccountSale_CHC/Page_Frameworks (Demo)/Page_Frameworks (Demo)/td_Close (O)' is clicked on

26-11-2024T07:41:37 - [TEST_STEP][PASSED] - invoiceNum = getText(findTestObject("Object Repository/TS2_POS_AccountSale_DBC/New_Interface/Page_Frameworks (Demo)/div_invoiceNum")): Text of object 'Object Repository/TS2_POS_AccountSale_DBC/New_Interface/Page_Frameworks (Demo)/div_invoiceNum' is: '13173315'

26-11-2024T07:41:38 - [MESSAGE][PASSED] - Text of object 'Object Repository/TS2_POS_AccountSale_DBC/New_Interface/Page_Frameworks (Demo)/div_invoiceNum' is: '13173315'

26-11-2024T07:41:38 - [TEST_STEP][PASSED] - setText(findTestObject("Object Repository/POS_AccountSale_CHC/Page_Frameworks (Demo)/input_P_prodId"), "5006866"): Text '5006866' is set on object 'Object Repository/POS_AccountSale_CHC/Page_Frameworks (Demo)/input_P_prodId'

26-11-2024T07:41:38 - [MESSAGE][PASSED] - Text '5006866' is set on object 'Object Repository/POS_AccountSale_CHC/Page_Frameworks (Demo)/input_P_prodId'

26-11-2024T07:41:38 - [TEST_STEP][PASSED] - delay(2): Delayed 2 second(s)

26-11-2024T07:41:40 - [MESSAGE][PASSED] - Delayed 2 second(s)

26-11-2024T07:41:40 - [TEST_STEP][PASSED] - setText(findTestObject("Object Repository/POS_AccountSale_CHC/Page_Frameworks (Demo)/input_Quantity_quantityOrdered"), "2"): Text '2' is set on object 'Object Repository/POS_AccountSale_CHC/Page_Frameworks (Demo)/input_Quantity_quantityOrdered'

26-11-2024T07:41:42 - [MESSAGE][PASSED] - Text '2' is set on object 'Object Repository/POS_AccountSale_CHC/Page_Frameworks (Demo)/input_Quantity_quantityOrdered'

26-11-2024T07:41:42 - [TEST_STEP][PASSED] - click(findTestObject("Object Repository/POS_AccountSale_CHC/Page_Frameworks (Demo)/input_Quantity_quantityOrdered")): Object: 'Object Repository/POS_AccountSale_CHC/Page_Frameworks (Demo)/input_Quantity_quantityOrdered' is clicked on

26-11-2024T07:41:42 - [MESSAGE][PASSED] - Object: 'Object Repository/POS_AccountSale_CHC/Page_Frameworks (Demo)/input_Quantity_quantityOrdered' is clicked on

26-11-2024T07:41:42 - [TEST_STEP][PASSED] - delay(2): Delayed 2 second(s)

26-11-2024T07:41:44 - [MESSAGE][PASSED] - Delayed 2 second(s)

26-11-2024T07:41:44 - [TEST_STEP][PASSED] - takeFullPageScreenshot(): Taking screenshot successfully

26-11-2024T07:41:45 - [MESSAGE][INFO] - 0 hidden object(s)

26-11-2024T07:41:45 - [MESSAGE][PASSED] - Taking screenshot successfully
[[ATTACHMENT|C:\\Users\\azureuser\\git\\frameworks-regression-test-automation\\Reports\\20241126_074056\\CHC_Instance\\PointofSale_Module\\TS3_POS_Account_Credit_Full_CHC\\20241126_074056\\1732606904979.png]]

26-11-2024T07:41:45 - [TEST_STEP][PASSED] - click(findTestObject("Object Repository/POS_AccountSale_CHC/Page_Frameworks (Demo)/img_add")): Object: 'Object Repository/POS_AccountSale_CHC/Page_Frameworks (Demo)/img_add' is clicked on

26-11-2024T07:41:46 - [MESSAGE][PASSED] - Object: 'Object Repository/POS_AccountSale_CHC/Page_Frameworks (Demo)/img_add' is clicked on

26-11-2024T07:41:46 - [TEST_STEP][PASSED] - delay(2): Delayed 2 second(s)

26-11-2024T07:41:48 - [MESSAGE][PASSED] - Delayed 2 second(s)

26-11-2024T07:41:48 - [TEST_STEP][PASSED] - takeFullPageScreenshot(): Taking screenshot successfully

26-11-2024T07:41:48 - [MESSAGE][INFO] - 0 hidden object(s)

26-11-2024T07:41:48 - [MESSAGE][PASSED] - Taking screenshot successfully
[[ATTACHMENT|C:\\Users\\azureuser\\git\\frameworks-regression-test-automation\\Reports\\20241126_074056\\CHC_Instance\\PointofSale_Module\\TS3_POS_Account_Credit_Full_CHC\\20241126_074056\\1732606908307.png]]

26-11-2024T07:41:48 - [TEST_STEP][PASSED] - click(findTestObject("Object Repository/POS_AccountSale_CHC/Page_Frameworks (Demo)/Page_Frameworks (Demo)/div_ACCOUNT (A)")): Object: 'Object Repository/POS_AccountSale_CHC/Page_Frameworks (Demo)/Page_Frameworks (Demo)/div_ACCOUNT (A)' is clicked on

26-11-2024T07:41:49 - [MESSAGE][PASSED] - Object: 'Object Repository/POS_AccountSale_CHC/Page_Frameworks (Demo)/Page_Frameworks (Demo)/div_ACCOUNT (A)' is clicked on

26-11-2024T07:41:49 - [TEST_STEP][PASSED] - sourceFile = new java.io.FileInputStream(ExcelFile): null

26-11-2024T07:41:49 - [TEST_STEP][PASSED] - workbook = new org.apache.poi.xssf.usermodel.XSSFWorkbook(sourceFile): null

26-11-2024T07:41:49 - [TEST_STEP][PASSED] - sheet = workbook.getSheet("Sheet1"): null

26-11-2024T07:41:49 - [TEST_STEP][PASSED] - row = sheet.getRow(0): null

26-11-2024T07:41:49 - [TEST_STEP][PASSED] - cell = row.getCell(1): null

26-11-2024T07:41:49 - [TEST_STEP][PASSED] - row = sheet.createRow(1): null

26-11-2024T07:41:49 - [TEST_STEP][PASSED] - cell = row.createCell(0): null

26-11-2024T07:41:49 - [TEST_STEP][PASSED] - cell.setCellValue("Invoice Number"): null

26-11-2024T07:41:49 - [TEST_STEP][PASSED] - cell = row.createCell(1): null

26-11-2024T07:41:49 - [TEST_STEP][PASSED] - cell.setCellValue(invoiceNum): null

26-11-2024T07:41:49 - [TEST_STEP][PASSED] - fos = new java.io.FileOutputStream(ExcelFile): null

26-11-2024T07:41:49 - [TEST_STEP][PASSED] - workbook.write(fos): null

26-11-2024T07:41:50 - [TEST_STEP][PASSED] - fos.close(): null

26-11-2024T07:41:50 - [TEST_STEP][PASSED] - sourceFile.close(): null

26-11-2024T07:41:50 - [TEST_STEP][PASSED] - click(findTestObject("Object Repository/Create_PurchaseOrder_CHC/Page_Frameworks (Demo)/img_Accountdropd")): Object: 'Object Repository/Create_PurchaseOrder_CHC/Page_Frameworks (Demo)/img_Accountdropd' is clicked on

26-11-2024T07:41:54 - [MESSAGE][PASSED] - Object: 'Object Repository/Create_PurchaseOrder_CHC/Page_Frameworks (Demo)/img_Accountdropd' is clicked on

26-11-2024T07:41:54 - [TEST_STEP][PASSED] - click(findTestObject("Object Repository/Create_PurchaseOrder_CHC/Page_Frameworks (Demo)/div_Logout")): Object: 'Object Repository/Create_PurchaseOrder_CHC/Page_Frameworks (Demo)/div_Logout' is clicked on

26-11-2024T07:41:54 - [MESSAGE][PASSED] - Object: 'Object Repository/Create_PurchaseOrder_CHC/Page_Frameworks (Demo)/div_Logout' is clicked on]]></system-out>
         <system-err><![CDATA[]]></system-err>
      </testcase>
      <testcase name="Test Cases/CHC_Instance/PointofSale_Module/TS3_POS_AccountCredit_Full_StockReturn/POS_AccountCredit_Full_CHC" time="49.238" classname="Test Cases/CHC_Instance/PointofSale_Module/TS3_POS_AccountCredit_Full_StockReturn/POS_AccountCredit_Full_CHC" status="PASSED">
         <system-out><![CDATA[26-11-2024T07:41:54 - [TEST_CASE][PASSED] - Test Cases/CHC_Instance/PointofSale_Module/TS3_POS_AccountCredit_Full_StockReturn/POS_AccountCredit_Full_CHC: Test Cases/CHC_Instance/PointofSale_Module/TS3_POS_AccountCredit_Full_StockReturn/POS_AccountCredit_Full_CHC

26-11-2024T07:41:55 - [TEST_STEP][PASSED] - sourceFile = new java.io.FileInputStream(ExcelFile): null

26-11-2024T07:41:55 - [TEST_STEP][PASSED] - workbook = new org.apache.poi.xssf.usermodel.XSSFWorkbook(sourceFile): null

26-11-2024T07:41:55 - [TEST_STEP][PASSED] - sheet = workbook.getSheet("Sheet1"): null

26-11-2024T07:41:55 - [TEST_STEP][PASSED] - row = sheet.getRow(1): null

26-11-2024T07:41:55 - [TEST_STEP][PASSED] - cell = row.getCell(1): null

26-11-2024T07:41:55 - [TEST_STEP][PASSED] - docketNumber = cell.getStringCellValue(): null

26-11-2024T07:41:55 - [TEST_STEP][PASSED] - println(docketNumber): null

26-11-2024T07:41:55 - [TEST_STEP][PASSED] - sourceFile.close(): null

26-11-2024T07:41:55 - [TEST_STEP][PASSED] - sourceTestData_FwksEnv = new java.io.FileInputStream(Source_Env): null

26-11-2024T07:41:55 - [TEST_STEP][PASSED] - sourceTestDataContainer_workbook = new org.apache.poi.xssf.usermodel.XSSFWorkbook(sourceTestData_FwksEnv): null

26-11-2024T07:41:55 - [TEST_STEP][PASSED] - sourceTestData_sheet = sourceTestDataContainer_workbook.getSheet("Sheet1"): null

26-11-2024T07:41:55 - [TEST_STEP][PASSED] - currentSheet_row = sourceTestData_sheet.getRow(2): null

26-11-2024T07:41:55 - [TEST_STEP][PASSED] - currentSheet_cell = currentSheet_row.getCell(1): null

26-11-2024T07:41:55 - [TEST_STEP][PASSED] - CHC_Demo = currentSheet_cell.getStringCellValue(): null

26-11-2024T07:41:55 - [TEST_STEP][PASSED] - println(CHC_Demo): null

26-11-2024T07:41:55 - [TEST_STEP][PASSED] - sourceTestData_FwksEnv.close(): null

26-11-2024T07:41:55 - [TEST_STEP][PASSED] - openBrowser(""): Browser is opened with url: ''

26-11-2024T07:41:55 - [MESSAGE][WARNING] - A browser is already opened. Closing browser and opening a new one

26-11-2024T07:41:56 - [MESSAGE][INFO] - Starting 'Chrome' driver

26-11-2024T07:41:56 - [MESSAGE][INFO] - Action delay is set to 0 milliseconds

26-11-2024T07:41:57 - [MESSAGE][PASSED] - Browser is opened with url: ''

26-11-2024T07:41:57 - [TEST_STEP][PASSED] - maximizeWindow(): Current window maximized

26-11-2024T07:41:57 - [MESSAGE][PASSED] - Current window maximized

26-11-2024T07:41:57 - [TEST_STEP][PASSED] - navigateToUrl(CHC_Demo): Navigate to 'http://frameworks.cairnshardware.com.au:8080/FWDemo/Fluid.html#homeDashboard,dash,Frameworks.Activity.Menu.HomeDashBoard' successfully

26-11-2024T07:41:58 - [MESSAGE][PASSED] - Navigate to 'http://frameworks.cairnshardware.com.au:8080/FWDemo/Fluid.html#homeDashboard,dash,Frameworks.Activity.Menu.HomeDashBoard' successfully

26-11-2024T07:41:58 - [TEST_STEP][PASSED] - setText(findTestObject("Object Repository/TS3_POS_AccountCredit_Full_CHC/Page_Frameworks (Demo)/input_User ID_userid"), userName): Text 'manaki' is set on object 'Object Repository/TS3_POS_AccountCredit_Full_CHC/Page_Frameworks (Demo)/input_User ID_userid'

26-11-2024T07:42:05 - [MESSAGE][PASSED] - Text 'manaki' is set on object 'Object Repository/TS3_POS_AccountCredit_Full_CHC/Page_Frameworks (Demo)/input_User ID_userid'

26-11-2024T07:42:05 - [TEST_STEP][PASSED] - setEncryptedText(findTestObject("Object Repository/TS3_POS_AccountCredit_Full_CHC/Page_Frameworks (Demo)/input_Password_password"), "BvRmjN+0xFM="): Text ****** has been set on object 'Object Repository/TS3_POS_AccountCredit_Full_CHC/Page_Frameworks (Demo)/input_Password_password'

26-11-2024T07:42:05 - [MESSAGE][PASSED] - Text ****** has been set on object 'Object Repository/TS3_POS_AccountCredit_Full_CHC/Page_Frameworks (Demo)/input_Password_password'

26-11-2024T07:42:05 - [TEST_STEP][PASSED] - click(findTestObject("Object Repository/TS3_POS_AccountCredit_Full_CHC/Page_Frameworks (Demo)/div_Login")): Object: 'Object Repository/TS3_POS_AccountCredit_Full_CHC/Page_Frameworks (Demo)/div_Login' is clicked on

26-11-2024T07:42:06 - [MESSAGE][PASSED] - Object: 'Object Repository/TS3_POS_AccountCredit_Full_CHC/Page_Frameworks (Demo)/div_Login' is clicked on

26-11-2024T07:42:06 - [TEST_STEP][PASSED] - click(findTestObject("Object Repository/TS3_POS_AccountCredit_Full_CHC/Page_Frameworks (Demo)/Fws_Menu")): Object: 'Object Repository/TS3_POS_AccountCredit_Full_CHC/Page_Frameworks (Demo)/Fws_Menu' is clicked on

26-11-2024T07:42:11 - [MESSAGE][PASSED] - Object: 'Object Repository/TS3_POS_AccountCredit_Full_CHC/Page_Frameworks (Demo)/Fws_Menu' is clicked on

26-11-2024T07:42:11 - [TEST_STEP][PASSED] - click(findTestObject("Object Repository/TS3_POS_AccountCredit_Full_CHC/Page_Frameworks (Demo)/Sales_TransactionProcessing")): Object: 'Object Repository/TS3_POS_AccountCredit_Full_CHC/Page_Frameworks (Demo)/Sales_TransactionProcessing' is clicked on

26-11-2024T07:42:12 - [MESSAGE][PASSED] - Object: 'Object Repository/TS3_POS_AccountCredit_Full_CHC/Page_Frameworks (Demo)/Sales_TransactionProcessing' is clicked on

26-11-2024T07:42:12 - [TEST_STEP][PASSED] - click(findTestObject("Object Repository/TS3_POS_AccountCredit_Full_CHC/Page_Frameworks (Demo)/td_Credit Notes")): Object: 'Object Repository/TS3_POS_AccountCredit_Full_CHC/Page_Frameworks (Demo)/td_Credit Notes' is clicked on

26-11-2024T07:42:13 - [MESSAGE][PASSED] - Object: 'Object Repository/TS3_POS_AccountCredit_Full_CHC/Page_Frameworks (Demo)/td_Credit Notes' is clicked on

26-11-2024T07:42:13 - [TEST_STEP][PASSED] - delay(2): Delayed 2 second(s)

26-11-2024T07:42:15 - [MESSAGE][PASSED] - Delayed 2 second(s)

26-11-2024T07:42:15 - [TEST_STEP][PASSED] - takeFullPageScreenshot(): Taking screenshot successfully

26-11-2024T07:42:15 - [MESSAGE][INFO] - 0 hidden object(s)

26-11-2024T07:42:15 - [MESSAGE][PASSED] - Taking screenshot successfully
[[ATTACHMENT|C:\\Users\\azureuser\\git\\frameworks-regression-test-automation\\Reports\\20241126_074056\\CHC_Instance\\PointofSale_Module\\TS3_POS_Account_Credit_Full_CHC\\20241126_074056\\1732606935383.png]]

26-11-2024T07:42:15 - [TEST_STEP][PASSED] - click(findTestObject("Object Repository/TS3_POS_AccountCredit_Full_CHC/Page_Frameworks (Demo)/div_New")): Object: 'Object Repository/TS3_POS_AccountCredit_Full_CHC/Page_Frameworks (Demo)/div_New' is clicked on

26-11-2024T07:42:16 - [MESSAGE][PASSED] - Object: 'Object Repository/TS3_POS_AccountCredit_Full_CHC/Page_Frameworks (Demo)/div_New' is clicked on

26-11-2024T07:42:16 - [TEST_STEP][PASSED] - delay(2): Delayed 2 second(s)

26-11-2024T07:42:18 - [MESSAGE][PASSED] - Delayed 2 second(s)

26-11-2024T07:42:18 - [TEST_STEP][PASSED] - takeFullPageScreenshot(): Taking screenshot successfully

26-11-2024T07:42:18 - [MESSAGE][INFO] - 0 hidden object(s)

26-11-2024T07:42:19 - [MESSAGE][PASSED] - Taking screenshot successfully
[[ATTACHMENT|C:\\Users\\azureuser\\git\\frameworks-regression-test-automation\\Reports\\20241126_074056\\CHC_Instance\\PointofSale_Module\\TS3_POS_Account_Credit_Full_CHC\\20241126_074056\\1732606938612.png]]

26-11-2024T07:42:19 - [TEST_STEP][PASSED] - transaction_Number = getText(findTestObject("Object Repository/TS3_POS_AccountCredit_Full_CHC/Page_Frameworks (Demo)/transaction_Number")): Text of object 'Object Repository/TS3_POS_AccountCredit_Full_CHC/Page_Frameworks (Demo)/transaction_Number' is: '13173317'

26-11-2024T07:42:19 - [MESSAGE][PASSED] - Text of object 'Object Repository/TS3_POS_AccountCredit_Full_CHC/Page_Frameworks (Demo)/transaction_Number' is: '13173317'

26-11-2024T07:42:19 - [TEST_STEP][PASSED] - println(transaction_Number): null

26-11-2024T07:42:19 - [TEST_STEP][PASSED] - setText(findTestObject("Object Repository/TS3_POS_AccountCredit_Full_CHC/Page_Frameworks (Demo)/input_Customer_idCustX"), "Lee Pearce (518451)"): Text 'Lee Pearce (518451)' is set on object 'Object Repository/TS3_POS_AccountCredit_Full_CHC/Page_Frameworks (Demo)/input_Customer_idCustX'

26-11-2024T07:42:20 - [MESSAGE][PASSED] - Text 'Lee Pearce (518451)' is set on object 'Object Repository/TS3_POS_AccountCredit_Full_CHC/Page_Frameworks (Demo)/input_Customer_idCustX'

26-11-2024T07:42:20 - [TEST_STEP][PASSED] - click(findTestObject("Object Repository/TS3_POS_AccountCredit_Full_CHC/Page_Frameworks (Demo)/div_Lee Pearce (518451)")): Object: 'Object Repository/TS3_POS_AccountCredit_Full_CHC/Page_Frameworks (Demo)/div_Lee Pearce (518451)' is clicked on

26-11-2024T07:42:21 - [MESSAGE][PASSED] - Object: 'Object Repository/TS3_POS_AccountCredit_Full_CHC/Page_Frameworks (Demo)/div_Lee Pearce (518451)' is clicked on

26-11-2024T07:42:21 - [TEST_STEP][PASSED] - click(findTestObject("Object Repository/TS3_POS_AccountCredit_Full_CHC/Page_Frameworks (Demo)/table_Select a Value")): Object: 'Object Repository/TS3_POS_AccountCredit_Full_CHC/Page_Frameworks (Demo)/table_Select a Value' is clicked on

26-11-2024T07:42:22 - [MESSAGE][PASSED] - Object: 'Object Repository/TS3_POS_AccountCredit_Full_CHC/Page_Frameworks (Demo)/table_Select a Value' is clicked on

26-11-2024T07:42:22 - [TEST_STEP][PASSED] - click(findTestObject("Object Repository/TS3_POS_AccountCredit_Full_CHC/Page_Frameworks (Demo)/div_Stock Return")): Object: 'Object Repository/TS3_POS_AccountCredit_Full_CHC/Page_Frameworks (Demo)/div_Stock Return' is clicked on

26-11-2024T07:42:23 - [MESSAGE][PASSED] - Object: 'Object Repository/TS3_POS_AccountCredit_Full_CHC/Page_Frameworks (Demo)/div_Stock Return' is clicked on

26-11-2024T07:42:23 - [TEST_STEP][PASSED] - click(findTestObject("Object Repository/TS3_POS_AccountCredit_Full_CHC/Page_Frameworks (Demo)/table_Reason_isc_YX")): Object: 'Object Repository/TS3_POS_AccountCredit_Full_CHC/Page_Frameworks (Demo)/table_Reason_isc_YX' is clicked on

26-11-2024T07:42:24 - [MESSAGE][PASSED] - Object: 'Object Repository/TS3_POS_AccountCredit_Full_CHC/Page_Frameworks (Demo)/table_Reason_isc_YX' is clicked on

26-11-2024T07:42:24 - [TEST_STEP][PASSED] - click(findTestObject("Object Repository/TS3_POS_AccountCredit_Full_CHC/Page_Frameworks (Demo)/div_1 - Stock Return")): Object: 'Object Repository/TS3_POS_AccountCredit_Full_CHC/Page_Frameworks (Demo)/div_1 - Stock Return' is clicked on

26-11-2024T07:42:25 - [MESSAGE][PASSED] - Object: 'Object Repository/TS3_POS_AccountCredit_Full_CHC/Page_Frameworks (Demo)/div_1 - Stock Return' is clicked on

26-11-2024T07:42:25 - [TEST_STEP][PASSED] - click(findTestObject("Object Repository/TS3_POS_AccountCredit_Full_CHC/Page_Frameworks (Demo)/input_Original Docket_originalDocket"), STOP_ON_FAILURE): Object: 'Object Repository/TS3_POS_AccountCredit_Full_CHC/Page_Frameworks (Demo)/input_Original Docket_originalDocket' is clicked on

26-11-2024T07:42:26 - [MESSAGE][PASSED] - Object: 'Object Repository/TS3_POS_AccountCredit_Full_CHC/Page_Frameworks (Demo)/input_Original Docket_originalDocket' is clicked on

26-11-2024T07:42:26 - [TEST_STEP][PASSED] - sendKeys(findTestObject("Object Repository/TS3_POS_AccountCredit_Full_CHC/Page_Frameworks (Demo)/input_Original Docket_originalDocket"), docketNumber): Keys '13173315' sent to object: 'Object Repository/TS3_POS_AccountCredit_Full_CHC/Page_Frameworks (Demo)/input_Original Docket_originalDocket'

26-11-2024T07:42:27 - [MESSAGE][PASSED] - Keys '13173315' sent to object: 'Object Repository/TS3_POS_AccountCredit_Full_CHC/Page_Frameworks (Demo)/input_Original Docket_originalDocket'

26-11-2024T07:42:27 - [TEST_STEP][PASSED] - click(findTestObject("Object Repository/TS3_POS_AccountCredit_Full_CHC/Page_Frameworks (Demo)/div_BranchDropdown")): Object: 'Object Repository/TS3_POS_AccountCredit_Full_CHC/Page_Frameworks (Demo)/div_BranchDropdown' is clicked on

26-11-2024T07:42:27 - [MESSAGE][PASSED] - Object: 'Object Repository/TS3_POS_AccountCredit_Full_CHC/Page_Frameworks (Demo)/div_BranchDropdown' is clicked on

26-11-2024T07:42:27 - [TEST_STEP][PASSED] - click(findTestObject("Object Repository/TS3_POS_AccountCredit_Full_CHC/Page_Frameworks (Demo)/div_501 - DEMONSTRATION BRANCH 501")): Object: 'Object Repository/TS3_POS_AccountCredit_Full_CHC/Page_Frameworks (Demo)/div_501 - DEMONSTRATION BRANCH 501' is clicked on

26-11-2024T07:42:28 - [MESSAGE][PASSED] - Object: 'Object Repository/TS3_POS_AccountCredit_Full_CHC/Page_Frameworks (Demo)/div_501 - DEMONSTRATION BRANCH 501' is clicked on

26-11-2024T07:42:28 - [TEST_STEP][PASSED] - delay(2): Delayed 2 second(s)

26-11-2024T07:42:30 - [MESSAGE][PASSED] - Delayed 2 second(s)

26-11-2024T07:42:30 - [TEST_STEP][PASSED] - takeFullPageScreenshot(): Taking screenshot successfully

26-11-2024T07:42:31 - [MESSAGE][INFO] - 0 hidden object(s)

26-11-2024T07:42:31 - [MESSAGE][PASSED] - Taking screenshot successfully
[[ATTACHMENT|C:\\Users\\azureuser\\git\\frameworks-regression-test-automation\\Reports\\20241126_074056\\CHC_Instance\\PointofSale_Module\\TS3_POS_Account_Credit_Full_CHC\\20241126_074056\\1732606950652.png]]

26-11-2024T07:42:31 - [TEST_STEP][PASSED] - click(findTestObject("Object Repository/TS3_POS_AccountCredit_Full_CHC/Page_Frameworks (Demo)/div_Load Details")): Object: 'Object Repository/TS3_POS_AccountCredit_Full_CHC/Page_Frameworks (Demo)/div_Load Details' is clicked on

26-11-2024T07:42:31 - [MESSAGE][PASSED] - Object: 'Object Repository/TS3_POS_AccountCredit_Full_CHC/Page_Frameworks (Demo)/div_Load Details' is clicked on

26-11-2024T07:42:31 - [TEST_STEP][PASSED] - delay(2): Delayed 2 second(s)

26-11-2024T07:42:33 - [MESSAGE][PASSED] - Delayed 2 second(s)

26-11-2024T07:42:33 - [TEST_STEP][PASSED] - takeFullPageScreenshot(): Taking screenshot successfully

26-11-2024T07:42:33 - [MESSAGE][INFO] - 0 hidden object(s)

26-11-2024T07:42:34 - [MESSAGE][PASSED] - Taking screenshot successfully
[[ATTACHMENT|C:\\Users\\azureuser\\git\\frameworks-regression-test-automation\\Reports\\20241126_074056\\CHC_Instance\\PointofSale_Module\\TS3_POS_Account_Credit_Full_CHC\\20241126_074056\\1732606953590.png]]

26-11-2024T07:42:34 - [TEST_STEP][PASSED] - click(findTestObject("Object Repository/TS3_POS_AccountCredit_Full_CHC/Page_Frameworks (Demo)/div_Refund All")): Object: 'Object Repository/TS3_POS_AccountCredit_Full_CHC/Page_Frameworks (Demo)/div_Refund All' is clicked on

26-11-2024T07:42:34 - [MESSAGE][PASSED] - Object: 'Object Repository/TS3_POS_AccountCredit_Full_CHC/Page_Frameworks (Demo)/div_Refund All' is clicked on

26-11-2024T07:42:34 - [TEST_STEP][PASSED] - delay(2): Delayed 2 second(s)

26-11-2024T07:42:36 - [MESSAGE][PASSED] - Delayed 2 second(s)

26-11-2024T07:42:36 - [TEST_STEP][PASSED] - takeFullPageScreenshot(): Taking screenshot successfully

26-11-2024T07:42:36 - [MESSAGE][INFO] - 0 hidden object(s)

26-11-2024T07:42:36 - [MESSAGE][PASSED] - Taking screenshot successfully
[[ATTACHMENT|C:\\Users\\azureuser\\git\\frameworks-regression-test-automation\\Reports\\20241126_074056\\CHC_Instance\\PointofSale_Module\\TS3_POS_Account_Credit_Full_CHC\\20241126_074056\\1732606956511.png]]

26-11-2024T07:42:36 - [TEST_STEP][PASSED] - click(findTestObject("Object Repository/TS3_POS_AccountCredit_Full_CHC/Page_Frameworks (Demo)/div_Finish (S)")): Object: 'Object Repository/TS3_POS_AccountCredit_Full_CHC/Page_Frameworks (Demo)/div_Finish (S)' is clicked on

26-11-2024T07:42:37 - [MESSAGE][PASSED] - Object: 'Object Repository/TS3_POS_AccountCredit_Full_CHC/Page_Frameworks (Demo)/div_Finish (S)' is clicked on

26-11-2024T07:42:37 - [TEST_STEP][PASSED] - delay(2): Delayed 2 second(s)

26-11-2024T07:42:39 - [MESSAGE][PASSED] - Delayed 2 second(s)

26-11-2024T07:42:39 - [TEST_STEP][PASSED] - takeFullPageScreenshot(): Taking screenshot successfully

26-11-2024T07:42:40 - [MESSAGE][INFO] - 0 hidden object(s)

26-11-2024T07:42:40 - [MESSAGE][PASSED] - Taking screenshot successfully
[[ATTACHMENT|C:\\Users\\azureuser\\git\\frameworks-regression-test-automation\\Reports\\20241126_074056\\CHC_Instance\\PointofSale_Module\\TS3_POS_Account_Credit_Full_CHC\\20241126_074056\\1732606959464.png]]

26-11-2024T07:42:40 - [TEST_STEP][PASSED] - click(findTestObject("Object Repository/TS3_POS_AccountCredit_Full_CHC/Page_Frameworks (Demo)/div_Refund")): Object: 'Object Repository/TS3_POS_AccountCredit_Full_CHC/Page_Frameworks (Demo)/div_Refund' is clicked on

26-11-2024T07:42:41 - [MESSAGE][PASSED] - Object: 'Object Repository/TS3_POS_AccountCredit_Full_CHC/Page_Frameworks (Demo)/div_Refund' is clicked on

26-11-2024T07:42:41 - [TEST_STEP][PASSED] - updatesourceFile = new java.io.FileInputStream(ExcelFile): null

26-11-2024T07:42:41 - [TEST_STEP][PASSED] - updateWorkbook = new org.apache.poi.xssf.usermodel.XSSFWorkbook(updatesourceFile): null

26-11-2024T07:42:41 - [TEST_STEP][PASSED] - updateSheet = updateWorkbook.getSheet("Sheet1"): null

26-11-2024T07:42:41 - [TEST_STEP][PASSED] - updateRow = updateSheet.getRow(0): null

26-11-2024T07:42:41 - [TEST_STEP][PASSED] - updateCell = updateRow.getCell(1): null

26-11-2024T07:42:41 - [TEST_STEP][PASSED] - updateRow = updateSheet.createRow(2): null

26-11-2024T07:42:41 - [TEST_STEP][PASSED] - updateCell = updateRow.createCell(0): null

26-11-2024T07:42:41 - [TEST_STEP][PASSED] - updateCell.setCellValue("TransactionNumber"): null

26-11-2024T07:42:41 - [TEST_STEP][PASSED] - updateCell = updateRow.createCell(1): null

26-11-2024T07:42:41 - [TEST_STEP][PASSED] - updateCell.setCellValue(transaction_Number): null

26-11-2024T07:42:41 - [TEST_STEP][PASSED] - fos = new java.io.FileOutputStream(ExcelFile): null

26-11-2024T07:42:41 - [TEST_STEP][PASSED] - updateWorkbook.write(fos): null

26-11-2024T07:42:41 - [TEST_STEP][PASSED] - fos.close(): null

26-11-2024T07:42:41 - [TEST_STEP][PASSED] - updatesourceFile.close(): null

26-11-2024T07:42:41 - [TEST_STEP][PASSED] - click(findTestObject("Object Repository/Create_PurchaseOrder_CHC/Page_Frameworks (Demo)/img_Accountdropd")): Object: 'Object Repository/Create_PurchaseOrder_CHC/Page_Frameworks (Demo)/img_Accountdropd' is clicked on

26-11-2024T07:42:42 - [MESSAGE][PASSED] - Object: 'Object Repository/Create_PurchaseOrder_CHC/Page_Frameworks (Demo)/img_Accountdropd' is clicked on

26-11-2024T07:42:42 - [TEST_STEP][PASSED] - click(findTestObject("Object Repository/Create_PurchaseOrder_CHC/Page_Frameworks (Demo)/div_Logout")): Object: 'Object Repository/Create_PurchaseOrder_CHC/Page_Frameworks (Demo)/div_Logout' is clicked on

26-11-2024T07:42:43 - [MESSAGE][PASSED] - Object: 'Object Repository/Create_PurchaseOrder_CHC/Page_Frameworks (Demo)/div_Logout' is clicked on]]></system-out>
         <system-err><![CDATA[]]></system-err>
      </testcase>
      <testcase name="Test Cases/CHC_Instance/PointofSale_Module/TS3_POS_AccountCredit_Full_StockReturn/POS_AccountCredit_Full_ValidateRefund_CHC" time="31.669" classname="Test Cases/CHC_Instance/PointofSale_Module/TS3_POS_AccountCredit_Full_StockReturn/POS_AccountCredit_Full_ValidateRefund_CHC" status="PASSED">
         <system-out><![CDATA[26-11-2024T07:42:43 - [TEST_CASE][PASSED] - Test Cases/CHC_Instance/PointofSale_Module/TS3_POS_AccountCredit_Full_StockReturn/POS_AccountCredit_Full_ValidateRefund_CHC: Test Cases/CHC_Instance/PointofSale_Module/TS3_POS_AccountCredit_Full_StockReturn/POS_AccountCredit_Full_ValidateRefund_CHC

26-11-2024T07:42:44 - [TEST_STEP][PASSED] - sourceFile = new java.io.FileInputStream(ExcelFile): null

26-11-2024T07:42:44 - [TEST_STEP][PASSED] - workbook = new org.apache.poi.xssf.usermodel.XSSFWorkbook(sourceFile): null

26-11-2024T07:42:44 - [TEST_STEP][PASSED] - sheet = workbook.getSheet("Sheet1"): null

26-11-2024T07:42:44 - [TEST_STEP][PASSED] - row = sheet.getRow(2): null

26-11-2024T07:42:44 - [TEST_STEP][PASSED] - cell = row.getCell(1): null

26-11-2024T07:42:44 - [TEST_STEP][PASSED] - transactionNumber = cell.getStringCellValue(): null

26-11-2024T07:42:44 - [TEST_STEP][PASSED] - println(transactionNumber): null

26-11-2024T07:42:44 - [TEST_STEP][PASSED] - sourceFile.close(): null

26-11-2024T07:42:44 - [TEST_STEP][PASSED] - sourceTestData_FwksEnv = new java.io.FileInputStream(Source_Env): null

26-11-2024T07:42:44 - [TEST_STEP][PASSED] - sourceTestDataContainer_workbook = new org.apache.poi.xssf.usermodel.XSSFWorkbook(sourceTestData_FwksEnv): null

26-11-2024T07:42:44 - [TEST_STEP][PASSED] - sourceTestData_sheet = sourceTestDataContainer_workbook.getSheet("Sheet1"): null

26-11-2024T07:42:44 - [TEST_STEP][PASSED] - currentSheet_row = sourceTestData_sheet.getRow(2): null

26-11-2024T07:42:44 - [TEST_STEP][PASSED] - currentSheet_cell = currentSheet_row.getCell(1): null

26-11-2024T07:42:44 - [TEST_STEP][PASSED] - CHC_Demo = currentSheet_cell.getStringCellValue(): null

26-11-2024T07:42:44 - [TEST_STEP][PASSED] - println(CHC_Demo): null

26-11-2024T07:42:44 - [TEST_STEP][PASSED] - sourceTestData_FwksEnv.close(): null

26-11-2024T07:42:44 - [TEST_STEP][PASSED] - openBrowser(""): Browser is opened with url: ''

26-11-2024T07:42:44 - [MESSAGE][WARNING] - A browser is already opened. Closing browser and opening a new one

26-11-2024T07:42:45 - [MESSAGE][INFO] - Starting 'Chrome' driver

26-11-2024T07:42:45 - [MESSAGE][INFO] - Action delay is set to 0 milliseconds

26-11-2024T07:42:46 - [MESSAGE][PASSED] - Browser is opened with url: ''

26-11-2024T07:42:46 - [TEST_STEP][PASSED] - maximizeWindow(): Current window maximized

26-11-2024T07:42:46 - [MESSAGE][PASSED] - Current window maximized

26-11-2024T07:42:46 - [TEST_STEP][PASSED] - navigateToUrl(CHC_Demo): Navigate to 'http://frameworks.cairnshardware.com.au:8080/FWDemo/Fluid.html#homeDashboard,dash,Frameworks.Activity.Menu.HomeDashBoard' successfully

26-11-2024T07:42:51 - [MESSAGE][PASSED] - Navigate to 'http://frameworks.cairnshardware.com.au:8080/FWDemo/Fluid.html#homeDashboard,dash,Frameworks.Activity.Menu.HomeDashBoard' successfully

26-11-2024T07:42:51 - [TEST_STEP][PASSED] - setText(findTestObject("Object Repository/TS3_POS_AccountCredit_Full_CHC/Page_Frameworks (Demo)/input_User ID_userid"), userName): Text 'manaki' is set on object 'Object Repository/TS3_POS_AccountCredit_Full_CHC/Page_Frameworks (Demo)/input_User ID_userid'

26-11-2024T07:42:54 - [MESSAGE][PASSED] - Text 'manaki' is set on object 'Object Repository/TS3_POS_AccountCredit_Full_CHC/Page_Frameworks (Demo)/input_User ID_userid'

26-11-2024T07:42:54 - [TEST_STEP][PASSED] - setEncryptedText(findTestObject("Object Repository/TS3_POS_AccountCredit_Full_CHC/Page_Frameworks (Demo)/input_Password_password"), "BvRmjN+0xFM="): Text ****** has been set on object 'Object Repository/TS3_POS_AccountCredit_Full_CHC/Page_Frameworks (Demo)/input_Password_password'

26-11-2024T07:42:54 - [MESSAGE][PASSED] - Text ****** has been set on object 'Object Repository/TS3_POS_AccountCredit_Full_CHC/Page_Frameworks (Demo)/input_Password_password'

26-11-2024T07:42:54 - [TEST_STEP][PASSED] - click(findTestObject("Object Repository/TS3_POS_AccountCredit_Full_CHC/Page_Frameworks (Demo)/div_Login")): Object: 'Object Repository/TS3_POS_AccountCredit_Full_CHC/Page_Frameworks (Demo)/div_Login' is clicked on

26-11-2024T07:42:55 - [MESSAGE][PASSED] - Object: 'Object Repository/TS3_POS_AccountCredit_Full_CHC/Page_Frameworks (Demo)/div_Login' is clicked on

26-11-2024T07:42:55 - [TEST_STEP][PASSED] - click(findTestObject("Object Repository/POS_AccountSale_CHC/Page_Frameworks (Demo)/Page_Frameworks (Demo)/img_CustomerDashboard")): Object: 'Object Repository/POS_AccountSale_CHC/Page_Frameworks (Demo)/Page_Frameworks (Demo)/img_CustomerDashboard' is clicked on

26-11-2024T07:42:59 - [MESSAGE][PASSED] - Object: 'Object Repository/POS_AccountSale_CHC/Page_Frameworks (Demo)/Page_Frameworks (Demo)/img_CustomerDashboard' is clicked on

26-11-2024T07:42:59 - [TEST_STEP][PASSED] - setText(findTestObject("Object Repository/TS2_POS_AccountSale_DBC/New_Interface/Page_Frameworks (Demo)/input_Customer No_CustId"), "518451"): Text '518451' is set on object 'Object Repository/TS2_POS_AccountSale_DBC/New_Interface/Page_Frameworks (Demo)/input_Customer No_CustId'

26-11-2024T07:43:02 - [MESSAGE][PASSED] - Text '518451' is set on object 'Object Repository/TS2_POS_AccountSale_DBC/New_Interface/Page_Frameworks (Demo)/input_Customer No_CustId'

26-11-2024T07:43:02 - [TEST_STEP][PASSED] - click(findTestObject("Object Repository/TS2_POS_AccountSale_DBC/New_Interface/Page_Frameworks (Demo)/td_Find")): Object: 'Object Repository/TS2_POS_AccountSale_DBC/New_Interface/Page_Frameworks (Demo)/td_Find' is clicked on

26-11-2024T07:43:02 - [MESSAGE][PASSED] - Object: 'Object Repository/TS2_POS_AccountSale_DBC/New_Interface/Page_Frameworks (Demo)/td_Find' is clicked on

26-11-2024T07:43:02 - [TEST_STEP][PASSED] - delay(2): Delayed 2 second(s)

26-11-2024T07:43:04 - [MESSAGE][PASSED] - Delayed 2 second(s)

26-11-2024T07:43:04 - [TEST_STEP][PASSED] - takeFullPageScreenshot(): Taking screenshot successfully

26-11-2024T07:43:05 - [MESSAGE][INFO] - 0 hidden object(s)

26-11-2024T07:43:06 - [MESSAGE][PASSED] - Taking screenshot successfully
[[ATTACHMENT|C:\\Users\\azureuser\\git\\frameworks-regression-test-automation\\Reports\\20241126_074056\\CHC_Instance\\PointofSale_Module\\TS3_POS_Account_Credit_Full_CHC\\20241126_074056\\1732606984967.png]]

26-11-2024T07:43:06 - [TEST_STEP][PASSED] - click(findTestObject("Object Repository/TS2_POS_AccountSale_DBC/New_Interface/Page_Frameworks (Demo)/div_Invoices, Orders, Quotes, Projects  Jobs")): Object: 'Object Repository/TS2_POS_AccountSale_DBC/New_Interface/Page_Frameworks (Demo)/div_Invoices, Orders, Quotes, Projects  Jobs' is clicked on

26-11-2024T07:43:07 - [MESSAGE][PASSED] - Object: 'Object Repository/TS2_POS_AccountSale_DBC/New_Interface/Page_Frameworks (Demo)/div_Invoices, Orders, Quotes, Projects  Jobs' is clicked on

26-11-2024T07:43:07 - [TEST_STEP][PASSED] - delay(2): Delayed 2 second(s)

26-11-2024T07:43:09 - [MESSAGE][PASSED] - Delayed 2 second(s)

26-11-2024T07:43:09 - [TEST_STEP][PASSED] - click(findTestObject("Object Repository/Sales_Orders/New_Interface/Page_Frameworks (Demo)/div_Number")): Object: 'Object Repository/Sales_Orders/New_Interface/Page_Frameworks (Demo)/div_Number' is clicked on

26-11-2024T07:43:10 - [MESSAGE][PASSED] - Object: 'Object Repository/Sales_Orders/New_Interface/Page_Frameworks (Demo)/div_Number' is clicked on

26-11-2024T07:43:10 - [TEST_STEP][PASSED] - click(findTestObject("Object Repository/Sales_Orders/New_Interface/Page_Frameworks (Demo)/div_Number")): Object: 'Object Repository/Sales_Orders/New_Interface/Page_Frameworks (Demo)/div_Number' is clicked on

26-11-2024T07:43:11 - [MESSAGE][PASSED] - Object: 'Object Repository/Sales_Orders/New_Interface/Page_Frameworks (Demo)/div_Number' is clicked on

26-11-2024T07:43:11 - [TEST_STEP][PASSED] - delay(2): Delayed 2 second(s)

26-11-2024T07:43:13 - [MESSAGE][PASSED] - Delayed 2 second(s)

26-11-2024T07:43:13 - [TEST_STEP][PASSED] - takeFullPageScreenshot(): Taking screenshot successfully

26-11-2024T07:43:13 - [MESSAGE][INFO] - 0 hidden object(s)

26-11-2024T07:43:13 - [MESSAGE][PASSED] - Taking screenshot successfully
[[ATTACHMENT|C:\\Users\\azureuser\\git\\frameworks-regression-test-automation\\Reports\\20241126_074056\\CHC_Instance\\PointofSale_Module\\TS3_POS_Account_Credit_Full_CHC\\20241126_074056\\1732606993045.png]]

26-11-2024T07:43:13 - [TEST_STEP][PASSED] - verifyTextPresent(transactionNumber, false): Text '13173317' is present on page 

26-11-2024T07:43:14 - [MESSAGE][PASSED] - Text '13173317' is present on page 

26-11-2024T07:43:14 - [TEST_STEP][PASSED] - click(findTestObject("Object Repository/Create_PurchaseOrder_CHC/Page_Frameworks (Demo)/img_Accountdropd")): Object: 'Object Repository/Create_PurchaseOrder_CHC/Page_Frameworks (Demo)/img_Accountdropd' is clicked on

26-11-2024T07:43:15 - [MESSAGE][PASSED] - Object: 'Object Repository/Create_PurchaseOrder_CHC/Page_Frameworks (Demo)/img_Accountdropd' is clicked on

26-11-2024T07:43:15 - [TEST_STEP][PASSED] - click(findTestObject("Object Repository/Create_PurchaseOrder_CHC/Page_Frameworks (Demo)/div_Logout")): Object: 'Object Repository/Create_PurchaseOrder_CHC/Page_Frameworks (Demo)/div_Logout' is clicked on

26-11-2024T07:43:15 - [MESSAGE][PASSED] - Object: 'Object Repository/Create_PurchaseOrder_CHC/Page_Frameworks (Demo)/div_Logout' is clicked on]]></system-out>
         <system-err><![CDATA[]]></system-err>
      </testcase>
      <testcase name="Test Cases/CHC_Instance/PointofSale_Module/TS3_POS_AccountCredit_Full_StockReturn/POS_AccountCredit_Full_ValidateStock_CHC" time="51.661" classname="Test Cases/CHC_Instance/PointofSale_Module/TS3_POS_AccountCredit_Full_StockReturn/POS_AccountCredit_Full_ValidateStock_CHC" status="PASSED">
         <system-out><![CDATA[26-11-2024T07:43:15 - [TEST_CASE][PASSED] - Test Cases/CHC_Instance/PointofSale_Module/TS3_POS_AccountCredit_Full_StockReturn/POS_AccountCredit_Full_ValidateStock_CHC: Test Cases/CHC_Instance/PointofSale_Module/TS3_POS_AccountCredit_Full_StockReturn/POS_AccountCredit_Full_ValidateStock_CHC

26-11-2024T07:43:16 - [TEST_STEP][PASSED] - sourceFile = new java.io.FileInputStream(ExcelFile): null

26-11-2024T07:43:16 - [TEST_STEP][PASSED] - workbook = new org.apache.poi.xssf.usermodel.XSSFWorkbook(sourceFile): null

26-11-2024T07:43:16 - [TEST_STEP][PASSED] - sheet = workbook.getSheet("Sheet1"): null

26-11-2024T07:43:16 - [TEST_STEP][PASSED] - row = sheet.getRow(2): null

26-11-2024T07:43:16 - [TEST_STEP][PASSED] - cell = row.getCell(1): null

26-11-2024T07:43:16 - [TEST_STEP][PASSED] - transactionNumber = cell.getStringCellValue(): null

26-11-2024T07:43:16 - [TEST_STEP][PASSED] - println(transactionNumber): null

26-11-2024T07:43:16 - [TEST_STEP][PASSED] - sourceFile.close(): null

26-11-2024T07:43:16 - [TEST_STEP][PASSED] - sourceTestData_FwksEnv = new java.io.FileInputStream(Source_Env): null

26-11-2024T07:43:16 - [TEST_STEP][PASSED] - sourceTestDataContainer_workbook = new org.apache.poi.xssf.usermodel.XSSFWorkbook(sourceTestData_FwksEnv): null

26-11-2024T07:43:16 - [TEST_STEP][PASSED] - sourceTestData_sheet = sourceTestDataContainer_workbook.getSheet("Sheet1"): null

26-11-2024T07:43:16 - [TEST_STEP][PASSED] - currentSheet_row = sourceTestData_sheet.getRow(2): null

26-11-2024T07:43:16 - [TEST_STEP][PASSED] - currentSheet_cell = currentSheet_row.getCell(1): null

26-11-2024T07:43:16 - [TEST_STEP][PASSED] - CHC_Demo = currentSheet_cell.getStringCellValue(): null

26-11-2024T07:43:16 - [TEST_STEP][PASSED] - println(CHC_Demo): null

26-11-2024T07:43:16 - [TEST_STEP][PASSED] - sourceTestData_FwksEnv.close(): null

26-11-2024T07:43:16 - [TEST_STEP][PASSED] - openBrowser(""): Browser is opened with url: ''

26-11-2024T07:43:16 - [MESSAGE][WARNING] - A browser is already opened. Closing browser and opening a new one

26-11-2024T07:43:16 - [MESSAGE][INFO] - Starting 'Chrome' driver

26-11-2024T07:43:16 - [MESSAGE][INFO] - Action delay is set to 0 milliseconds

26-11-2024T07:43:18 - [MESSAGE][PASSED] - Browser is opened with url: ''

26-11-2024T07:43:18 - [TEST_STEP][PASSED] - maximizeWindow(): Current window maximized

26-11-2024T07:43:18 - [MESSAGE][PASSED] - Current window maximized

26-11-2024T07:43:18 - [TEST_STEP][PASSED] - navigateToUrl(CHC_Demo): Navigate to 'http://frameworks.cairnshardware.com.au:8080/FWDemo/Fluid.html#homeDashboard,dash,Frameworks.Activity.Menu.HomeDashBoard' successfully

26-11-2024T07:43:22 - [MESSAGE][PASSED] - Navigate to 'http://frameworks.cairnshardware.com.au:8080/FWDemo/Fluid.html#homeDashboard,dash,Frameworks.Activity.Menu.HomeDashBoard' successfully

26-11-2024T07:43:22 - [TEST_STEP][PASSED] - setText(findTestObject("Object Repository/TS3_POS_AccountCredit_Full_CHC/Page_Frameworks (Demo)/input_User ID_userid"), userName): Text 'manaki' is set on object 'Object Repository/TS3_POS_AccountCredit_Full_CHC/Page_Frameworks (Demo)/input_User ID_userid'

26-11-2024T07:43:24 - [MESSAGE][PASSED] - Text 'manaki' is set on object 'Object Repository/TS3_POS_AccountCredit_Full_CHC/Page_Frameworks (Demo)/input_User ID_userid'

26-11-2024T07:43:24 - [TEST_STEP][PASSED] - setEncryptedText(findTestObject("Object Repository/TS3_POS_AccountCredit_Full_CHC/Page_Frameworks (Demo)/input_Password_password"), "BvRmjN+0xFM="): Text ****** has been set on object 'Object Repository/TS3_POS_AccountCredit_Full_CHC/Page_Frameworks (Demo)/input_Password_password'

26-11-2024T07:43:25 - [MESSAGE][PASSED] - Text ****** has been set on object 'Object Repository/TS3_POS_AccountCredit_Full_CHC/Page_Frameworks (Demo)/input_Password_password'

26-11-2024T07:43:25 - [TEST_STEP][PASSED] - click(findTestObject("Object Repository/TS3_POS_AccountCredit_Full_CHC/Page_Frameworks (Demo)/div_Login")): Object: 'Object Repository/TS3_POS_AccountCredit_Full_CHC/Page_Frameworks (Demo)/div_Login' is clicked on

26-11-2024T07:43:25 - [MESSAGE][PASSED] - Object: 'Object Repository/TS3_POS_AccountCredit_Full_CHC/Page_Frameworks (Demo)/div_Login' is clicked on

26-11-2024T07:43:25 - [TEST_STEP][PASSED] - click(findTestObject("Object Repository/TS1_BT_BranchTransfer_DBC/New_Interface/Stock_Receipt/Page_Frameworks (Demo)/img_ProductDashboard")): Object: 'Object Repository/TS1_BT_BranchTransfer_DBC/New_Interface/Stock_Receipt/Page_Frameworks (Demo)/img_ProductDashboard' is clicked on

26-11-2024T07:43:56 - [MESSAGE][INFO] - Unable to find the element located by 'By.xpath: //img[contains(@src,'http://frameworks.dahlsens.com.au:8080/FWDemo/frameworks/sc/skins/Frameworks7/images/custom/menus/product.png')]'. Please recheck the objects properties to make sure the desired element is located. 

26-11-2024T07:43:56 - [MESSAGE][WARNING] - [SELF-HEALING] Failed to find element with id 'Object Repository/TS1_BT_BranchTransfer_DBC/New_Interface/Stock_Receipt/Page_Frameworks (Demo)/img_ProductDashboard'. Try using Self-healing.

26-11-2024T07:43:57 - [MESSAGE][WARNING] - [SELF-HEALING] The current locator of test object 'Object Repository/TS1_BT_BranchTransfer_DBC/New_Interface/Stock_Receipt/Page_Frameworks (Demo)/img_ProductDashboard' was broken. Propose an alternative one: '//div[@id='isc_2A']/img'.

26-11-2024T07:43:57 - [MESSAGE][PASSED] - Object: 'Object Repository/TS1_BT_BranchTransfer_DBC/New_Interface/Stock_Receipt/Page_Frameworks (Demo)/img_ProductDashboard' is clicked on

26-11-2024T07:43:57 - [TEST_STEP][PASSED] - setText(findTestObject("Object Repository/TS1_BT_BranchTransfer_DBC/New_Interface/Stock_Receipt/Page_Frameworks (Demo)/input_Product_ProdId"), "5006866"): Text '5006866' is set on object 'Object Repository/TS1_BT_BranchTransfer_DBC/New_Interface/Stock_Receipt/Page_Frameworks (Demo)/input_Product_ProdId'

26-11-2024T07:43:59 - [MESSAGE][PASSED] - Text '5006866' is set on object 'Object Repository/TS1_BT_BranchTransfer_DBC/New_Interface/Stock_Receipt/Page_Frameworks (Demo)/input_Product_ProdId'

26-11-2024T07:43:59 - [TEST_STEP][PASSED] - click(findTestObject("Object Repository/TS1_BT_BranchTransfer_DBC/New_Interface/Stock_Receipt/Page_Frameworks (Demo)/td_Find")): Object: 'Object Repository/TS1_BT_BranchTransfer_DBC/New_Interface/Stock_Receipt/Page_Frameworks (Demo)/td_Find' is clicked on

26-11-2024T07:43:59 - [MESSAGE][PASSED] - Object: 'Object Repository/TS1_BT_BranchTransfer_DBC/New_Interface/Stock_Receipt/Page_Frameworks (Demo)/td_Find' is clicked on

26-11-2024T07:43:59 - [TEST_STEP][PASSED] - delay(2): Delayed 2 second(s)

26-11-2024T07:44:01 - [MESSAGE][PASSED] - Delayed 2 second(s)

26-11-2024T07:44:01 - [TEST_STEP][PASSED] - takeFullPageScreenshot(): Taking screenshot successfully

26-11-2024T07:44:02 - [MESSAGE][INFO] - 0 hidden object(s)

26-11-2024T07:44:02 - [MESSAGE][PASSED] - Taking screenshot successfully
[[ATTACHMENT|C:\\Users\\azureuser\\git\\frameworks-regression-test-automation\\Reports\\20241126_074056\\CHC_Instance\\PointofSale_Module\\TS3_POS_Account_Credit_Full_CHC\\20241126_074056\\1732607041932.png]]

26-11-2024T07:44:02 - [TEST_STEP][PASSED] - scrollToElement(findTestObject("Object Repository/TS1_BT_BranchTransfer_DBC/New_Interface/Stock_Receipt/Page_Frameworks (Demo)/div_Stock Movements"), 0): Scroll to object 'Object Repository/TS1_BT_BranchTransfer_DBC/New_Interface/Stock_Receipt/Page_Frameworks (Demo)/div_Stock Movements' successfully

26-11-2024T07:44:02 - [MESSAGE][WARNING] - Timeout '0' is invalid. Using default page load timeout: '30'

26-11-2024T07:44:02 - [MESSAGE][PASSED] - Scroll to object 'Object Repository/TS1_BT_BranchTransfer_DBC/New_Interface/Stock_Receipt/Page_Frameworks (Demo)/div_Stock Movements' successfully

26-11-2024T07:44:02 - [TEST_STEP][PASSED] - click(findTestObject("Object Repository/TS1_BT_BranchTransfer_DBC/New_Interface/Stock_Receipt/Page_Frameworks (Demo)/div_Stock Movements")): Object: 'Object Repository/TS1_BT_BranchTransfer_DBC/New_Interface/Stock_Receipt/Page_Frameworks (Demo)/div_Stock Movements' is clicked on

26-11-2024T07:44:03 - [MESSAGE][PASSED] - Object: 'Object Repository/TS1_BT_BranchTransfer_DBC/New_Interface/Stock_Receipt/Page_Frameworks (Demo)/div_Stock Movements' is clicked on

26-11-2024T07:44:03 - [TEST_STEP][PASSED] - delay(2): Delayed 2 second(s)

26-11-2024T07:44:05 - [MESSAGE][PASSED] - Delayed 2 second(s)

26-11-2024T07:44:05 - [TEST_STEP][PASSED] - takeFullPageScreenshot(): Taking screenshot successfully

26-11-2024T07:44:05 - [MESSAGE][INFO] - 0 hidden object(s)

26-11-2024T07:44:05 - [MESSAGE][PASSED] - Taking screenshot successfully
[[ATTACHMENT|C:\\Users\\azureuser\\git\\frameworks-regression-test-automation\\Reports\\20241126_074056\\CHC_Instance\\PointofSale_Module\\TS3_POS_Account_Credit_Full_CHC\\20241126_074056\\1732607045263.png]]

26-11-2024T07:44:05 - [TEST_STEP][PASSED] - verifyTextPresent(transactionNumber, false): Text '13173317' is present on page 

26-11-2024T07:44:06 - [MESSAGE][PASSED] - Text '13173317' is present on page 

26-11-2024T07:44:06 - [TEST_STEP][PASSED] - click(findTestObject("Object Repository/Create_PurchaseOrder_CHC/Page_Frameworks (Demo)/img_Accountdropd")): Object: 'Object Repository/Create_PurchaseOrder_CHC/Page_Frameworks (Demo)/img_Accountdropd' is clicked on

26-11-2024T07:44:06 - [MESSAGE][PASSED] - Object: 'Object Repository/Create_PurchaseOrder_CHC/Page_Frameworks (Demo)/img_Accountdropd' is clicked on

26-11-2024T07:44:06 - [TEST_STEP][PASSED] - click(findTestObject("Object Repository/Create_PurchaseOrder_CHC/Page_Frameworks (Demo)/div_Logout")): Object: 'Object Repository/Create_PurchaseOrder_CHC/Page_Frameworks (Demo)/div_Logout' is clicked on

26-11-2024T07:44:07 - [MESSAGE][PASSED] - Object: 'Object Repository/Create_PurchaseOrder_CHC/Page_Frameworks (Demo)/div_Logout' is clicked on]]></system-out>
         <system-err><![CDATA[]]></system-err>
      </testcase>
      <system-out><![CDATA[26-11-2024T07:41:06 - [TEST_SUITE][PASSED] - TS3_POS_Account_Credit_Full_CHC: Test Cases/CHC_Instance/PointofSale_Module/TS3_POS_AccountCredit_Full_StockReturn/POS_AccountCredit_Full_ValidateStock_CHC]]></system-out>
      <system-err><![CDATA[]]></system-err>
   </testsuite>
</testsuites>
