<?xml version="1.0" encoding="UTF-8"?>
<testsuites name="TS6_POS_Cash_Refund_Partial" time="81.386" tests="3" failures="0" errors="0">
   <testsuite name="TS6_POS_Cash_Refund_Partial" tests="3" failures="0" errors="0" time="81.386" skipped="0" timestamp="16-09-2024T22:52:04" hostname="User - ROG" id="Test Suites/DBC_Instance/PointofSale_Module/New_Interface/TS6_POS_Cash_Refund_Partial">
      <properties>
         <property name="deviceName" value=""/>
         <property name="devicePlatform"/>
         <property name="logFolder" value="C:\\Users\\User\\git\\frameworks-regression-test-automation\\Reports\\20240916_225158\\DBC_Instance\\PointofSale_Module\\New_Interface\\TS6_POS_Cash_Refund_Partial\\20240916_225158"/>
         <property name="logFiles" value="C:\\Users\\User\\git\\frameworks-regression-test-automation\\Reports\\20240916_225158\\DBC_Instance\\PointofSale_Module\\New_Interface\\TS6_POS_Cash_Refund_Partial\\20240916_225158\\execution0.log"/>
         <property name="attachments" value="C:\\Users\\User\\git\\frameworks-regression-test-automation\\Reports\\20240916_225158\\DBC_Instance\\PointofSale_Module\\New_Interface\\TS6_POS_Cash_Refund_Partial\\20240916_225158\\1726491142229.png, C:\\Users\\User\\git\\frameworks-regression-test-automation\\Reports\\20240916_225158\\DBC_Instance\\PointofSale_Module\\New_Interface\\TS6_POS_Cash_Refund_Partial\\20240916_225158\\1726491147190.png, C:\\Users\\User\\git\\frameworks-regression-test-automation\\Reports\\20240916_225158\\DBC_Instance\\PointofSale_Module\\New_Interface\\TS6_POS_Cash_Refund_Partial\\20240916_225158\\1726491161095.png, C:\\Users\\User\\git\\frameworks-regression-test-automation\\Reports\\20240916_225158\\DBC_Instance\\PointofSale_Module\\New_Interface\\TS6_POS_Cash_Refund_Partial\\20240916_225158\\1726491165299.png, C:\\Users\\User\\git\\frameworks-regression-test-automation\\Reports\\20240916_225158\\DBC_Instance\\PointofSale_Module\\New_Interface\\TS6_POS_Cash_Refund_Partial\\20240916_225158\\1726491174165.png, C:\\Users\\User\\git\\frameworks-regression-test-automation\\Reports\\20240916_225158\\DBC_Instance\\PointofSale_Module\\New_Interface\\TS6_POS_Cash_Refund_Partial\\20240916_225158\\1726491177205.png, C:\\Users\\User\\git\\frameworks-regression-test-automation\\Reports\\20240916_225158\\DBC_Instance\\PointofSale_Module\\New_Interface\\TS6_POS_Cash_Refund_Partial\\20240916_225158\\1726491180853.png, C:\\Users\\User\\git\\frameworks-regression-test-automation\\Reports\\20240916_225158\\DBC_Instance\\PointofSale_Module\\New_Interface\\TS6_POS_Cash_Refund_Partial\\20240916_225158\\1726491183758.png, C:\\Users\\User\\git\\frameworks-regression-test-automation\\Reports\\20240916_225158\\DBC_Instance\\PointofSale_Module\\New_Interface\\TS6_POS_Cash_Refund_Partial\\20240916_225158\\1726491186611.png, C:\\Users\\User\\git\\frameworks-regression-test-automation\\Reports\\20240916_225158\\DBC_Instance\\PointofSale_Module\\New_Interface\\TS6_POS_Cash_Refund_Partial\\20240916_225158\\1726491200885.png, C:\\Users\\User\\git\\frameworks-regression-test-automation\\Reports\\20240916_225158\\DBC_Instance\\PointofSale_Module\\New_Interface\\TS6_POS_Cash_Refund_Partial\\20240916_225158\\1726491203715.png"/>
         <property name="hostName" value="User - ROG"/>
         <property name="os" value="Windows 11 64bit"/>
         <property name="katalonVersion" value="9.5.0.217"/>
         <property name="browser" value="Chrome 128.0.0.0"/>
         <property name="hostAddress" value="10.192.251.1"/>
         <property name="sessionId" value="3b1d7ecb7a6b772e45495282c103e4b4"/>
         <property name="seleniumVersion" value="3.141.59"/>
         <property name="proxyInformation" value="ProxyInformation { proxyOption=NO_PROXY, proxyServerType=HTTP, username=, password=********, proxyServerAddress=, proxyServerPort=0, executionList=&quot;&quot;, isApplyToDesiredCapabilities=true }"/>
         <property name="platform" value="Windows 11"/>
      </properties>
      <testcase name="Test Cases/DBC_Instance/PointofSale_Module/TS1_POS_CashSale/POS_CashSale-LM20(TS6)" time="25.522" classname="Test Cases/DBC_Instance/PointofSale_Module/TS1_POS_CashSale/POS_CashSale-LM20(TS6)" status="PASSED">
         <system-out><![CDATA[16-09-2024T22:52:04 - [TEST_CASE][PASSED] - Test Cases/DBC_Instance/PointofSale_Module/TS1_POS_CashSale/POS_CashSale-LM20(TS6): Test Cases/DBC_Instance/PointofSale_Module/TS1_POS_CashSale/POS_CashSale-LM20(TS6)

16-09-2024T22:52:05 - [TEST_STEP][PASSED] - openBrowser(""): Browser is opened with url: ''

16-09-2024T22:52:05 - [MESSAGE][INFO] - Starting 'Chrome' driver

16-09-2024T22:52:05 - [MESSAGE][INFO] - Action delay is set to 0 milliseconds

16-09-2024T22:52:06 - [MESSAGE][PASSED] - Browser is opened with url: ''

16-09-2024T22:52:06 - [TEST_STEP][PASSED] - maximizeWindow(): Current window maximized

16-09-2024T22:52:06 - [MESSAGE][PASSED] - Current window maximized

16-09-2024T22:52:06 - [TEST_STEP][PASSED] - navigateToUrl("http://frameworks.dahlsens.com.au:8080/FWDemo/Fluid.html#homeDashboard,dash,Frameworks.Activity.Menu.HomeDashBoard"): Navigate to 'http://frameworks.dahlsens.com.au:8080/FWDemo/Fluid.html#homeDashboard,dash,Frameworks.Activity.Menu.HomeDashBoard' successfully

16-09-2024T22:52:08 - [MESSAGE][PASSED] - Navigate to 'http://frameworks.dahlsens.com.au:8080/FWDemo/Fluid.html#homeDashboard,dash,Frameworks.Activity.Menu.HomeDashBoard' successfully

16-09-2024T22:52:08 - [TEST_STEP][PASSED] - setText(findTestObject("Object Repository/TS1_POS_CashSale_DBC/New_Interface/Page_Frameworks (Demo)/input_User ID_userid"), userName): Text 'manaki' is set on object 'Object Repository/TS1_POS_CashSale_DBC/New_Interface/Page_Frameworks (Demo)/input_User ID_userid'

16-09-2024T22:52:10 - [MESSAGE][PASSED] - Text 'manaki' is set on object 'Object Repository/TS1_POS_CashSale_DBC/New_Interface/Page_Frameworks (Demo)/input_User ID_userid'

16-09-2024T22:52:10 - [TEST_STEP][PASSED] - setEncryptedText(findTestObject("Object Repository/TS1_POS_CashSale_DBC/New_Interface/Page_Frameworks (Demo)/input_Password_password"), "FHoXGFMjtD0="): Text ****** has been set on object 'Object Repository/TS1_POS_CashSale_DBC/New_Interface/Page_Frameworks (Demo)/input_Password_password'

16-09-2024T22:52:10 - [MESSAGE][PASSED] - Text ****** has been set on object 'Object Repository/TS1_POS_CashSale_DBC/New_Interface/Page_Frameworks (Demo)/input_Password_password'

16-09-2024T22:52:10 - [TEST_STEP][PASSED] - click(findTestObject("Object Repository/TS1_POS_CashSale_DBC/New_Interface/Page_Frameworks (Demo)/div_Login")): Object: 'Object Repository/TS1_POS_CashSale_DBC/New_Interface/Page_Frameworks (Demo)/div_Login' is clicked on

16-09-2024T22:52:11 - [MESSAGE][PASSED] - Object: 'Object Repository/TS1_POS_CashSale_DBC/New_Interface/Page_Frameworks (Demo)/div_Login' is clicked on

16-09-2024T22:52:11 - [TEST_STEP][PASSED] - click(findTestObject("Object Repository/TS1_POS_CashSale_DBC/New_Interface/Page_Frameworks (Demo)/img_MenuIcon")): Object: 'Object Repository/TS1_POS_CashSale_DBC/New_Interface/Page_Frameworks (Demo)/img_MenuIcon' is clicked on

16-09-2024T22:52:13 - [MESSAGE][PASSED] - Object: 'Object Repository/TS1_POS_CashSale_DBC/New_Interface/Page_Frameworks (Demo)/img_MenuIcon' is clicked on

16-09-2024T22:52:13 - [TEST_STEP][PASSED] - click(findTestObject("Object Repository/TS1_POS_CashSale_DBC/New_Interface/Page_Frameworks (Demo)/b_Transaction Processing")): Object: 'Object Repository/TS1_POS_CashSale_DBC/New_Interface/Page_Frameworks (Demo)/b_Transaction Processing' is clicked on

16-09-2024T22:52:14 - [MESSAGE][PASSED] - Object: 'Object Repository/TS1_POS_CashSale_DBC/New_Interface/Page_Frameworks (Demo)/b_Transaction Processing' is clicked on

16-09-2024T22:52:14 - [TEST_STEP][PASSED] - click(findTestObject("Object Repository/TS1_POS_CashSale_DBC/New_Interface/Page_Frameworks (Demo)/td_Point Of Sale")): Object: 'Object Repository/TS1_POS_CashSale_DBC/New_Interface/Page_Frameworks (Demo)/td_Point Of Sale' is clicked on

16-09-2024T22:52:14 - [MESSAGE][PASSED] - Object: 'Object Repository/TS1_POS_CashSale_DBC/New_Interface/Page_Frameworks (Demo)/td_Point Of Sale' is clicked on

16-09-2024T22:52:14 - [TEST_STEP][PASSED] - invoiceNum = getText(findTestObject("Object Repository/TS1_POS_CashSale_DBC/New_Interface/Page_Frameworks (Demo)/div_invoiceNum")): Text of object 'Object Repository/TS1_POS_CashSale_DBC/New_Interface/Page_Frameworks (Demo)/div_invoiceNum' is: '20217653'

16-09-2024T22:52:16 - [MESSAGE][PASSED] - Text of object 'Object Repository/TS1_POS_CashSale_DBC/New_Interface/Page_Frameworks (Demo)/div_invoiceNum' is: '20217653'

16-09-2024T22:52:16 - [TEST_STEP][PASSED] - setText(findTestObject("Object Repository/TS1_POS_CashSale_DBC/New_Interface/Page_Frameworks (Demo)/input_P_prodId"), "LM20"): Text 'LM20' is set on object 'Object Repository/TS1_POS_CashSale_DBC/New_Interface/Page_Frameworks (Demo)/input_P_prodId'

16-09-2024T22:52:17 - [MESSAGE][PASSED] - Text 'LM20' is set on object 'Object Repository/TS1_POS_CashSale_DBC/New_Interface/Page_Frameworks (Demo)/input_P_prodId'

16-09-2024T22:52:17 - [TEST_STEP][PASSED] - setText(findTestObject("Object Repository/TS1_POS_CashSale_DBC/New_Interface/Page_Frameworks (Demo)/input_Quantity_quantityOrdered"), "2"): Text '2' is set on object 'Object Repository/TS1_POS_CashSale_DBC/New_Interface/Page_Frameworks (Demo)/input_Quantity_quantityOrdered'

16-09-2024T22:52:18 - [MESSAGE][PASSED] - Text '2' is set on object 'Object Repository/TS1_POS_CashSale_DBC/New_Interface/Page_Frameworks (Demo)/input_Quantity_quantityOrdered'

16-09-2024T22:52:18 - [TEST_STEP][PASSED] - click(findTestObject("Object Repository/TS1_POS_CashSale_DBC/New_Interface/Page_Frameworks (Demo)/input_Quantity_quantityOrdered")): Object: 'Object Repository/TS1_POS_CashSale_DBC/New_Interface/Page_Frameworks (Demo)/input_Quantity_quantityOrdered' is clicked on

16-09-2024T22:52:19 - [MESSAGE][PASSED] - Object: 'Object Repository/TS1_POS_CashSale_DBC/New_Interface/Page_Frameworks (Demo)/input_Quantity_quantityOrdered' is clicked on

16-09-2024T22:52:19 - [TEST_STEP][PASSED] - click(findTestObject("Object Repository/TS1_POS_CashSale_DBC/New_Interface/Page_Frameworks (Demo)/img_add")): Object: 'Object Repository/TS1_POS_CashSale_DBC/New_Interface/Page_Frameworks (Demo)/img_add' is clicked on

16-09-2024T22:52:20 - [MESSAGE][PASSED] - Object: 'Object Repository/TS1_POS_CashSale_DBC/New_Interface/Page_Frameworks (Demo)/img_add' is clicked on

16-09-2024T22:52:20 - [TEST_STEP][PASSED] - delay(2): Delayed 2 second(s)

16-09-2024T22:52:22 - [MESSAGE][PASSED] - Delayed 2 second(s)

16-09-2024T22:52:22 - [TEST_STEP][PASSED] - takeFullPageScreenshot(): Taking screenshot successfully

16-09-2024T22:52:22 - [MESSAGE][INFO] - 0 hidden object(s)

16-09-2024T22:52:22 - [MESSAGE][PASSED] - Taking screenshot successfully
[[ATTACHMENT|C:\\Users\\User\\git\\frameworks-regression-test-automation\\Reports\\20240916_225158\\DBC_Instance\\PointofSale_Module\\New_Interface\\TS6_POS_Cash_Refund_Partial\\20240916_225158\\1726491142229.png]]

16-09-2024T22:52:22 - [TEST_STEP][PASSED] - click(findTestObject("Object Repository/TS1_POS_CashSale_DBC/New_Interface/Page_Frameworks (Demo)/div_FinishSale (S)")): Object: 'Object Repository/TS1_POS_CashSale_DBC/New_Interface/Page_Frameworks (Demo)/div_FinishSale (S)' is clicked on

16-09-2024T22:52:23 - [MESSAGE][PASSED] - Object: 'Object Repository/TS1_POS_CashSale_DBC/New_Interface/Page_Frameworks (Demo)/div_FinishSale (S)' is clicked on

16-09-2024T22:52:23 - [TEST_STEP][PASSED] - click(findTestObject("Object Repository/TS1_POS_CashSale_DBC/New_Interface/Page_Frameworks (Demo)/div_100 Cash")): Object: 'Object Repository/TS1_POS_CashSale_DBC/New_Interface/Page_Frameworks (Demo)/div_100 Cash' is clicked on

16-09-2024T22:52:25 - [MESSAGE][PASSED] - Object: 'Object Repository/TS1_POS_CashSale_DBC/New_Interface/Page_Frameworks (Demo)/div_100 Cash' is clicked on

16-09-2024T22:52:25 - [TEST_STEP][PASSED] - delay(2): Delayed 2 second(s)

16-09-2024T22:52:27 - [MESSAGE][PASSED] - Delayed 2 second(s)

16-09-2024T22:52:27 - [TEST_STEP][PASSED] - takeFullPageScreenshot(): Taking screenshot successfully

16-09-2024T22:52:27 - [MESSAGE][INFO] - 0 hidden object(s)

16-09-2024T22:52:27 - [MESSAGE][PASSED] - Taking screenshot successfully
[[ATTACHMENT|C:\\Users\\User\\git\\frameworks-regression-test-automation\\Reports\\20240916_225158\\DBC_Instance\\PointofSale_Module\\New_Interface\\TS6_POS_Cash_Refund_Partial\\20240916_225158\\1726491147190.png]]

16-09-2024T22:52:27 - [TEST_STEP][PASSED] - click(findTestObject("Object Repository/TS1_POS_CashSale_DBC/New_Interface/Page_Frameworks (Demo)/td_SaveClose (S)")): Object: 'Object Repository/TS1_POS_CashSale_DBC/New_Interface/Page_Frameworks (Demo)/td_SaveClose (S)' is clicked on

16-09-2024T22:52:28 - [MESSAGE][PASSED] - Object: 'Object Repository/TS1_POS_CashSale_DBC/New_Interface/Page_Frameworks (Demo)/td_SaveClose (S)' is clicked on

16-09-2024T22:52:28 - [TEST_STEP][PASSED] - sourceFile = new java.io.FileInputStream(ExcelFile): null

16-09-2024T22:52:28 - [TEST_STEP][PASSED] - workbook = new org.apache.poi.xssf.usermodel.XSSFWorkbook(sourceFile): null

16-09-2024T22:52:28 - [TEST_STEP][PASSED] - sheet = workbook.getSheet("Sheet1"): null

16-09-2024T22:52:28 - [TEST_STEP][PASSED] - row = sheet.getRow(0): null

16-09-2024T22:52:28 - [TEST_STEP][PASSED] - cell = row.getCell(1): null

16-09-2024T22:52:28 - [TEST_STEP][PASSED] - row = sheet.createRow(1): null

16-09-2024T22:52:28 - [TEST_STEP][PASSED] - cell = row.createCell(0): null

16-09-2024T22:52:28 - [TEST_STEP][PASSED] - cell.setCellValue("Invoice Number"): null

16-09-2024T22:52:28 - [TEST_STEP][PASSED] - cell = row.createCell(1): null

16-09-2024T22:52:28 - [TEST_STEP][PASSED] - cell.setCellValue(invoiceNum): null

16-09-2024T22:52:28 - [TEST_STEP][PASSED] - fos = new java.io.FileOutputStream(ExcelFile): null

16-09-2024T22:52:28 - [TEST_STEP][PASSED] - workbook.write(fos): null

16-09-2024T22:52:28 - [TEST_STEP][PASSED] - fos.close(): null

16-09-2024T22:52:28 - [TEST_STEP][PASSED] - sourceFile.close(): null

16-09-2024T22:52:28 - [TEST_STEP][PASSED] - click(findTestObject("Object Repository/TS2_POS_AccountSale_DBC/New_Interface/Page_Frameworks (Demo)/img_AccountDropdown")): Object: 'Object Repository/TS2_POS_AccountSale_DBC/New_Interface/Page_Frameworks (Demo)/img_AccountDropdown' is clicked on

16-09-2024T22:52:29 - [MESSAGE][PASSED] - Object: 'Object Repository/TS2_POS_AccountSale_DBC/New_Interface/Page_Frameworks (Demo)/img_AccountDropdown' is clicked on

16-09-2024T22:52:29 - [TEST_STEP][PASSED] - click(findTestObject("Object Repository/TS2_POS_AccountSale_DBC/New_Interface/Page_Frameworks (Demo)/div_Logout")): Object: 'Object Repository/TS2_POS_AccountSale_DBC/New_Interface/Page_Frameworks (Demo)/div_Logout' is clicked on

16-09-2024T22:52:30 - [MESSAGE][PASSED] - Object: 'Object Repository/TS2_POS_AccountSale_DBC/New_Interface/Page_Frameworks (Demo)/div_Logout' is clicked on]]></system-out>
         <system-err><![CDATA[]]></system-err>
      </testcase>
      <testcase name="Test Cases/DBC_Instance/PointofSale_Module/TS6_POS_CashRefund_Partial_StockReturn/POS_CashRefund_Partial" time="39.449" classname="Test Cases/DBC_Instance/PointofSale_Module/TS6_POS_CashRefund_Partial_StockReturn/POS_CashRefund_Partial" status="PASSED">
         <system-out><![CDATA[16-09-2024T22:52:30 - [TEST_CASE][PASSED] - Test Cases/DBC_Instance/PointofSale_Module/TS6_POS_CashRefund_Partial_StockReturn/POS_CashRefund_Partial: Test Cases/DBC_Instance/PointofSale_Module/TS6_POS_CashRefund_Partial_StockReturn/POS_CashRefund_Partial

16-09-2024T22:52:30 - [TEST_STEP][PASSED] - sourceFile = new java.io.FileInputStream(ExcelFile): null

16-09-2024T22:52:30 - [TEST_STEP][PASSED] - workbook = new org.apache.poi.xssf.usermodel.XSSFWorkbook(sourceFile): null

16-09-2024T22:52:30 - [TEST_STEP][PASSED] - sheet = workbook.getSheet("Sheet1"): null

16-09-2024T22:52:30 - [TEST_STEP][PASSED] - row = sheet.getRow(1): null

16-09-2024T22:52:30 - [TEST_STEP][PASSED] - cell = row.getCell(1): null

16-09-2024T22:52:30 - [TEST_STEP][PASSED] - docketNumber = cell.getStringCellValue(): null

16-09-2024T22:52:30 - [TEST_STEP][PASSED] - println(docketNumber): null

16-09-2024T22:52:30 - [TEST_STEP][PASSED] - openBrowser(""): Browser is opened with url: ''

16-09-2024T22:52:30 - [MESSAGE][WARNING] - A browser is already opened. Closing browser and opening a new one

16-09-2024T22:52:30 - [MESSAGE][INFO] - Starting 'Chrome' driver

16-09-2024T22:52:30 - [MESSAGE][INFO] - Action delay is set to 0 milliseconds

16-09-2024T22:52:31 - [MESSAGE][PASSED] - Browser is opened with url: ''

16-09-2024T22:52:31 - [TEST_STEP][PASSED] - maximizeWindow(): Current window maximized

16-09-2024T22:52:31 - [MESSAGE][PASSED] - Current window maximized

16-09-2024T22:52:31 - [TEST_STEP][PASSED] - navigateToUrl("http://frameworks.dahlsens.com.au:8080/FWDemo/Fluid.html#homeDashboard,dash,Frameworks.Activity.Menu.HomeDashBoard"): Navigate to 'http://frameworks.dahlsens.com.au:8080/FWDemo/Fluid.html#homeDashboard,dash,Frameworks.Activity.Menu.HomeDashBoard' successfully

16-09-2024T22:52:33 - [MESSAGE][PASSED] - Navigate to 'http://frameworks.dahlsens.com.au:8080/FWDemo/Fluid.html#homeDashboard,dash,Frameworks.Activity.Menu.HomeDashBoard' successfully

16-09-2024T22:52:33 - [TEST_STEP][PASSED] - setText(findTestObject("Object Repository/TS5_POS_CashRefund_Full_DBC/Page_Frameworks (Demo)/input_User ID_userid"), userName): Text 'manaki' is set on object 'Object Repository/TS5_POS_CashRefund_Full_DBC/Page_Frameworks (Demo)/input_User ID_userid'

16-09-2024T22:52:35 - [MESSAGE][PASSED] - Text 'manaki' is set on object 'Object Repository/TS5_POS_CashRefund_Full_DBC/Page_Frameworks (Demo)/input_User ID_userid'

16-09-2024T22:52:35 - [TEST_STEP][PASSED] - setEncryptedText(findTestObject("Object Repository/TS5_POS_CashRefund_Full_DBC/Page_Frameworks (Demo)/input_Password_password"), "FHoXGFMjtD0="): Text ****** has been set on object 'Object Repository/TS5_POS_CashRefund_Full_DBC/Page_Frameworks (Demo)/input_Password_password'

16-09-2024T22:52:35 - [MESSAGE][PASSED] - Text ****** has been set on object 'Object Repository/TS5_POS_CashRefund_Full_DBC/Page_Frameworks (Demo)/input_Password_password'

16-09-2024T22:52:35 - [TEST_STEP][PASSED] - click(findTestObject("Object Repository/TS5_POS_CashRefund_Full_DBC/Page_Frameworks (Demo)/div_Login")): Object: 'Object Repository/TS5_POS_CashRefund_Full_DBC/Page_Frameworks (Demo)/div_Login' is clicked on

16-09-2024T22:52:35 - [MESSAGE][PASSED] - Object: 'Object Repository/TS5_POS_CashRefund_Full_DBC/Page_Frameworks (Demo)/div_Login' is clicked on

16-09-2024T22:52:35 - [TEST_STEP][PASSED] - click(findTestObject("Object Repository/TS5_POS_CashRefund_Full_DBC/Page_Frameworks (Demo)/burger_Menu")): Object: 'Object Repository/TS5_POS_CashRefund_Full_DBC/Page_Frameworks (Demo)/burger_Menu' is clicked on

16-09-2024T22:52:37 - [MESSAGE][PASSED] - Object: 'Object Repository/TS5_POS_CashRefund_Full_DBC/Page_Frameworks (Demo)/burger_Menu' is clicked on

16-09-2024T22:52:37 - [TEST_STEP][PASSED] - click(findTestObject("Object Repository/TS5_POS_CashRefund_Full_DBC/Page_Frameworks (Demo)/b_Transaction Processing")): Object: 'Object Repository/TS5_POS_CashRefund_Full_DBC/Page_Frameworks (Demo)/b_Transaction Processing' is clicked on

16-09-2024T22:52:38 - [MESSAGE][PASSED] - Object: 'Object Repository/TS5_POS_CashRefund_Full_DBC/Page_Frameworks (Demo)/b_Transaction Processing' is clicked on

16-09-2024T22:52:38 - [TEST_STEP][PASSED] - click(findTestObject("Object Repository/TS5_POS_CashRefund_Full_DBC/Page_Frameworks (Demo)/td_Credit Notes")): Object: 'Object Repository/TS5_POS_CashRefund_Full_DBC/Page_Frameworks (Demo)/td_Credit Notes' is clicked on

16-09-2024T22:52:39 - [MESSAGE][PASSED] - Object: 'Object Repository/TS5_POS_CashRefund_Full_DBC/Page_Frameworks (Demo)/td_Credit Notes' is clicked on

16-09-2024T22:52:39 - [TEST_STEP][PASSED] - delay(2): Delayed 2 second(s)

16-09-2024T22:52:41 - [MESSAGE][PASSED] - Delayed 2 second(s)

16-09-2024T22:52:41 - [TEST_STEP][PASSED] - takeFullPageScreenshot(): Taking screenshot successfully

16-09-2024T22:52:41 - [MESSAGE][INFO] - 0 hidden object(s)

16-09-2024T22:52:41 - [MESSAGE][PASSED] - Taking screenshot successfully
[[ATTACHMENT|C:\\Users\\User\\git\\frameworks-regression-test-automation\\Reports\\20240916_225158\\DBC_Instance\\PointofSale_Module\\New_Interface\\TS6_POS_Cash_Refund_Partial\\20240916_225158\\1726491161095.png]]

16-09-2024T22:52:41 - [TEST_STEP][PASSED] - click(findTestObject("Object Repository/TS5_POS_CashRefund_Full_DBC/Page_Frameworks (Demo)/div_New")): Object: 'Object Repository/TS5_POS_CashRefund_Full_DBC/Page_Frameworks (Demo)/div_New' is clicked on

16-09-2024T22:52:43 - [MESSAGE][PASSED] - Object: 'Object Repository/TS5_POS_CashRefund_Full_DBC/Page_Frameworks (Demo)/div_New' is clicked on

16-09-2024T22:52:43 - [TEST_STEP][PASSED] - delay(2): Delayed 2 second(s)

16-09-2024T22:52:45 - [MESSAGE][PASSED] - Delayed 2 second(s)

16-09-2024T22:52:45 - [TEST_STEP][PASSED] - takeFullPageScreenshot(): Taking screenshot successfully

16-09-2024T22:52:45 - [MESSAGE][INFO] - 0 hidden object(s)

16-09-2024T22:52:46 - [MESSAGE][PASSED] - Taking screenshot successfully
[[ATTACHMENT|C:\\Users\\User\\git\\frameworks-regression-test-automation\\Reports\\20240916_225158\\DBC_Instance\\PointofSale_Module\\New_Interface\\TS6_POS_Cash_Refund_Partial\\20240916_225158\\1726491165299.png]]

16-09-2024T22:52:46 - [TEST_STEP][PASSED] - transaction_Number = getText(findTestObject("Object Repository/TS5_POS_CashRefund_Full_DBC/Page_Frameworks (Demo)/transaction_Number")): Text of object 'Object Repository/TS5_POS_CashRefund_Full_DBC/Page_Frameworks (Demo)/transaction_Number' is: '20217655'

16-09-2024T22:52:46 - [MESSAGE][PASSED] - Text of object 'Object Repository/TS5_POS_CashRefund_Full_DBC/Page_Frameworks (Demo)/transaction_Number' is: '20217655'

16-09-2024T22:52:46 - [TEST_STEP][PASSED] - println(transaction_Number): null

16-09-2024T22:52:46 - [TEST_STEP][PASSED] - click(findTestObject("Object Repository/TS5_POS_CashRefund_Full_DBC/Page_Frameworks (Demo)/table_Select a Value")): Object: 'Object Repository/TS5_POS_CashRefund_Full_DBC/Page_Frameworks (Demo)/table_Select a Value' is clicked on

16-09-2024T22:52:46 - [MESSAGE][PASSED] - Object: 'Object Repository/TS5_POS_CashRefund_Full_DBC/Page_Frameworks (Demo)/table_Select a Value' is clicked on

16-09-2024T22:52:46 - [TEST_STEP][PASSED] - click(findTestObject("Object Repository/TS5_POS_CashRefund_Full_DBC/Page_Frameworks (Demo)/div_Stock Return")): Object: 'Object Repository/TS5_POS_CashRefund_Full_DBC/Page_Frameworks (Demo)/div_Stock Return' is clicked on

16-09-2024T22:52:47 - [MESSAGE][PASSED] - Object: 'Object Repository/TS5_POS_CashRefund_Full_DBC/Page_Frameworks (Demo)/div_Stock Return' is clicked on

16-09-2024T22:52:47 - [TEST_STEP][PASSED] - click(findTestObject("Object Repository/TS5_POS_CashRefund_Full_DBC/Page_Frameworks (Demo)/table_Reason")): Object: 'Object Repository/TS5_POS_CashRefund_Full_DBC/Page_Frameworks (Demo)/table_Reason' is clicked on

16-09-2024T22:52:48 - [MESSAGE][PASSED] - Object: 'Object Repository/TS5_POS_CashRefund_Full_DBC/Page_Frameworks (Demo)/table_Reason' is clicked on

16-09-2024T22:52:48 - [TEST_STEP][PASSED] - click(findTestObject("Object Repository/TS5_POS_CashRefund_Full_DBC/Page_Frameworks (Demo)/div_C - Not ReqdOver Order")): Object: 'Object Repository/TS5_POS_CashRefund_Full_DBC/Page_Frameworks (Demo)/div_C - Not ReqdOver Order' is clicked on

16-09-2024T22:52:49 - [MESSAGE][PASSED] - Object: 'Object Repository/TS5_POS_CashRefund_Full_DBC/Page_Frameworks (Demo)/div_C - Not ReqdOver Order' is clicked on

16-09-2024T22:52:49 - [TEST_STEP][PASSED] - click(findTestObject("Object Repository/TS5_POS_CashRefund_Full_DBC/Page_Frameworks (Demo)/input_Original Docket_originalDocket"), STOP_ON_FAILURE): Object: 'Object Repository/TS5_POS_CashRefund_Full_DBC/Page_Frameworks (Demo)/input_Original Docket_originalDocket' is clicked on

16-09-2024T22:52:49 - [MESSAGE][PASSED] - Object: 'Object Repository/TS5_POS_CashRefund_Full_DBC/Page_Frameworks (Demo)/input_Original Docket_originalDocket' is clicked on

16-09-2024T22:52:49 - [TEST_STEP][PASSED] - sendKeys(findTestObject("Object Repository/TS5_POS_CashRefund_Full_DBC/Page_Frameworks (Demo)/input_Original Docket_originalDocket"), docketNumber): Keys '20217653' sent to object: 'Object Repository/TS5_POS_CashRefund_Full_DBC/Page_Frameworks (Demo)/input_Original Docket_originalDocket'

16-09-2024T22:52:50 - [MESSAGE][PASSED] - Keys '20217653' sent to object: 'Object Repository/TS5_POS_CashRefund_Full_DBC/Page_Frameworks (Demo)/input_Original Docket_originalDocket'

16-09-2024T22:52:50 - [TEST_STEP][PASSED] - click(findTestObject("Object Repository/TS5_POS_CashRefund_Full_DBC/Page_Frameworks (Demo)/div_BranchDropdown")): Object: 'Object Repository/TS5_POS_CashRefund_Full_DBC/Page_Frameworks (Demo)/div_BranchDropdown' is clicked on

16-09-2024T22:52:50 - [MESSAGE][PASSED] - Object: 'Object Repository/TS5_POS_CashRefund_Full_DBC/Page_Frameworks (Demo)/div_BranchDropdown' is clicked on

16-09-2024T22:52:50 - [TEST_STEP][PASSED] - click(findTestObject("Object Repository/TS5_POS_CashRefund_Full_DBC/Page_Frameworks (Demo)/div_228 - DEMONSTRATION BRANCH 228")): Object: 'Object Repository/TS5_POS_CashRefund_Full_DBC/Page_Frameworks (Demo)/div_228 - DEMONSTRATION BRANCH 228' is clicked on

16-09-2024T22:52:52 - [MESSAGE][PASSED] - Object: 'Object Repository/TS5_POS_CashRefund_Full_DBC/Page_Frameworks (Demo)/div_228 - DEMONSTRATION BRANCH 228' is clicked on

16-09-2024T22:52:52 - [TEST_STEP][PASSED] - delay(2): Delayed 2 second(s)

16-09-2024T22:52:54 - [MESSAGE][PASSED] - Delayed 2 second(s)

16-09-2024T22:52:54 - [TEST_STEP][PASSED] - takeFullPageScreenshot(): Taking screenshot successfully

16-09-2024T22:52:54 - [MESSAGE][INFO] - 0 hidden object(s)

16-09-2024T22:52:54 - [MESSAGE][PASSED] - Taking screenshot successfully
[[ATTACHMENT|C:\\Users\\User\\git\\frameworks-regression-test-automation\\Reports\\20240916_225158\\DBC_Instance\\PointofSale_Module\\New_Interface\\TS6_POS_Cash_Refund_Partial\\20240916_225158\\1726491174165.png]]

16-09-2024T22:52:54 - [TEST_STEP][PASSED] - click(findTestObject("Object Repository/TS5_POS_CashRefund_Full_DBC/Page_Frameworks (Demo)/div_Load Details")): Object: 'Object Repository/TS5_POS_CashRefund_Full_DBC/Page_Frameworks (Demo)/div_Load Details' is clicked on

16-09-2024T22:52:55 - [MESSAGE][PASSED] - Object: 'Object Repository/TS5_POS_CashRefund_Full_DBC/Page_Frameworks (Demo)/div_Load Details' is clicked on

16-09-2024T22:52:55 - [TEST_STEP][PASSED] - delay(2): Delayed 2 second(s)

16-09-2024T22:52:57 - [MESSAGE][PASSED] - Delayed 2 second(s)

16-09-2024T22:52:57 - [TEST_STEP][PASSED] - takeFullPageScreenshot(): Taking screenshot successfully

16-09-2024T22:52:57 - [MESSAGE][INFO] - 0 hidden object(s)

16-09-2024T22:52:57 - [MESSAGE][PASSED] - Taking screenshot successfully
[[ATTACHMENT|C:\\Users\\User\\git\\frameworks-regression-test-automation\\Reports\\20240916_225158\\DBC_Instance\\PointofSale_Module\\New_Interface\\TS6_POS_Cash_Refund_Partial\\20240916_225158\\1726491177205.png]]

16-09-2024T22:52:57 - [TEST_STEP][PASSED] - click(findTestObject("Object Repository/TS4_POS_AccountCredit_Partial_DBC/Page_Frameworks (Demo)/div_CreditQty_Row1")): Object: 'Object Repository/TS4_POS_AccountCredit_Partial_DBC/Page_Frameworks (Demo)/div_CreditQty_Row1' is clicked on

16-09-2024T22:52:58 - [MESSAGE][PASSED] - Object: 'Object Repository/TS4_POS_AccountCredit_Partial_DBC/Page_Frameworks (Demo)/div_CreditQty_Row1' is clicked on

16-09-2024T22:52:58 - [TEST_STEP][PASSED] - sendKeys(findTestObject("Object Repository/TS4_POS_AccountCredit_Partial_DBC/Page_Frameworks (Demo)/input_CreditQty_row1"), "1"): Keys '1' sent to object: 'Object Repository/TS4_POS_AccountCredit_Partial_DBC/Page_Frameworks (Demo)/input_CreditQty_row1'

16-09-2024T22:52:58 - [MESSAGE][PASSED] - Keys '1' sent to object: 'Object Repository/TS4_POS_AccountCredit_Partial_DBC/Page_Frameworks (Demo)/input_CreditQty_row1'

16-09-2024T22:52:58 - [TEST_STEP][PASSED] - delay(2): Delayed 2 second(s)

16-09-2024T22:53:00 - [MESSAGE][PASSED] - Delayed 2 second(s)

16-09-2024T22:53:00 - [TEST_STEP][PASSED] - takeFullPageScreenshot(): Taking screenshot successfully

16-09-2024T22:53:01 - [MESSAGE][INFO] - 0 hidden object(s)

16-09-2024T22:53:01 - [MESSAGE][PASSED] - Taking screenshot successfully
[[ATTACHMENT|C:\\Users\\User\\git\\frameworks-regression-test-automation\\Reports\\20240916_225158\\DBC_Instance\\PointofSale_Module\\New_Interface\\TS6_POS_Cash_Refund_Partial\\20240916_225158\\1726491180853.png]]

16-09-2024T22:53:01 - [TEST_STEP][PASSED] - click(findTestObject("Object Repository/TS5_POS_CashRefund_Full_DBC/Page_Frameworks (Demo)/div_Finish (S)")): Object: 'Object Repository/TS5_POS_CashRefund_Full_DBC/Page_Frameworks (Demo)/div_Finish (S)' is clicked on

16-09-2024T22:53:01 - [MESSAGE][PASSED] - Object: 'Object Repository/TS5_POS_CashRefund_Full_DBC/Page_Frameworks (Demo)/div_Finish (S)' is clicked on

16-09-2024T22:53:01 - [TEST_STEP][PASSED] - delay(2): Delayed 2 second(s)

16-09-2024T22:53:03 - [MESSAGE][PASSED] - Delayed 2 second(s)

16-09-2024T22:53:03 - [TEST_STEP][PASSED] - takeFullPageScreenshot(): Taking screenshot successfully

16-09-2024T22:53:04 - [MESSAGE][INFO] - 0 hidden object(s)

16-09-2024T22:53:04 - [MESSAGE][PASSED] - Taking screenshot successfully
[[ATTACHMENT|C:\\Users\\User\\git\\frameworks-regression-test-automation\\Reports\\20240916_225158\\DBC_Instance\\PointofSale_Module\\New_Interface\\TS6_POS_Cash_Refund_Partial\\20240916_225158\\1726491183758.png]]

16-09-2024T22:53:04 - [TEST_STEP][PASSED] - click(findTestObject("Object Repository/TS5_POS_CashRefund_Full_DBC/Page_Frameworks (Demo)/div_EFTPOS")): Object: 'Object Repository/TS5_POS_CashRefund_Full_DBC/Page_Frameworks (Demo)/div_EFTPOS' is clicked on

16-09-2024T22:53:04 - [MESSAGE][PASSED] - Object: 'Object Repository/TS5_POS_CashRefund_Full_DBC/Page_Frameworks (Demo)/div_EFTPOS' is clicked on

16-09-2024T22:53:04 - [TEST_STEP][PASSED] - delay(2): Delayed 2 second(s)

16-09-2024T22:53:06 - [MESSAGE][PASSED] - Delayed 2 second(s)

16-09-2024T22:53:06 - [TEST_STEP][PASSED] - takeFullPageScreenshot(): Taking screenshot successfully

16-09-2024T22:53:07 - [MESSAGE][INFO] - 0 hidden object(s)

16-09-2024T22:53:07 - [MESSAGE][PASSED] - Taking screenshot successfully
[[ATTACHMENT|C:\\Users\\User\\git\\frameworks-regression-test-automation\\Reports\\20240916_225158\\DBC_Instance\\PointofSale_Module\\New_Interface\\TS6_POS_Cash_Refund_Partial\\20240916_225158\\1726491186611.png]]

16-09-2024T22:53:07 - [TEST_STEP][PASSED] - click(findTestObject("Object Repository/TS5_POS_CashRefund_Full_DBC/Page_Frameworks (Demo)/img_Eftpos_Transact")): Object: 'Object Repository/TS5_POS_CashRefund_Full_DBC/Page_Frameworks (Demo)/img_Eftpos_Transact' is clicked on

16-09-2024T22:53:07 - [MESSAGE][PASSED] - Object: 'Object Repository/TS5_POS_CashRefund_Full_DBC/Page_Frameworks (Demo)/img_Eftpos_Transact' is clicked on

16-09-2024T22:53:07 - [TEST_STEP][PASSED] - updatesourceFile = new java.io.FileInputStream(ExcelFile): null

16-09-2024T22:53:07 - [TEST_STEP][PASSED] - updateWorkbook = new org.apache.poi.xssf.usermodel.XSSFWorkbook(updatesourceFile): null

16-09-2024T22:53:07 - [TEST_STEP][PASSED] - updateSheet = updateWorkbook.getSheet("Sheet1"): null

16-09-2024T22:53:07 - [TEST_STEP][PASSED] - updateRow = updateSheet.getRow(0): null

16-09-2024T22:53:07 - [TEST_STEP][PASSED] - updateCell = updateRow.getCell(1): null

16-09-2024T22:53:07 - [TEST_STEP][PASSED] - updateRow = updateSheet.createRow(2): null

16-09-2024T22:53:07 - [TEST_STEP][PASSED] - updateCell = updateRow.createCell(0): null

16-09-2024T22:53:07 - [TEST_STEP][PASSED] - updateCell.setCellValue("TransactionNumber"): null

16-09-2024T22:53:07 - [TEST_STEP][PASSED] - updateCell = updateRow.createCell(1): null

16-09-2024T22:53:07 - [TEST_STEP][PASSED] - updateCell.setCellValue(transaction_Number): null

16-09-2024T22:53:07 - [TEST_STEP][PASSED] - fos = new java.io.FileOutputStream(ExcelFile): null

16-09-2024T22:53:07 - [TEST_STEP][PASSED] - updateWorkbook.write(fos): null

16-09-2024T22:53:07 - [TEST_STEP][PASSED] - fos.close(): null

16-09-2024T22:53:07 - [TEST_STEP][PASSED] - updatesourceFile.close(): null

16-09-2024T22:53:07 - [TEST_STEP][PASSED] - click(findTestObject("Object Repository/TS2_POS_AccountSale_DBC/New_Interface/Page_Frameworks (Demo)/img_AccountDropdown")): Object: 'Object Repository/TS2_POS_AccountSale_DBC/New_Interface/Page_Frameworks (Demo)/img_AccountDropdown' is clicked on

16-09-2024T22:53:09 - [MESSAGE][PASSED] - Object: 'Object Repository/TS2_POS_AccountSale_DBC/New_Interface/Page_Frameworks (Demo)/img_AccountDropdown' is clicked on

16-09-2024T22:53:09 - [TEST_STEP][PASSED] - click(findTestObject("Object Repository/TS2_POS_AccountSale_DBC/New_Interface/Page_Frameworks (Demo)/div_Logout")): Object: 'Object Repository/TS2_POS_AccountSale_DBC/New_Interface/Page_Frameworks (Demo)/div_Logout' is clicked on

16-09-2024T22:53:09 - [MESSAGE][PASSED] - Object: 'Object Repository/TS2_POS_AccountSale_DBC/New_Interface/Page_Frameworks (Demo)/div_Logout' is clicked on]]></system-out>
         <system-err><![CDATA[]]></system-err>
      </testcase>
      <testcase name="Test Cases/DBC_Instance/PointofSale_Module/TS6_POS_CashRefund_Partial_StockReturn/POS_CashRefund_Partial_ValidateStock" time="16.265" classname="Test Cases/DBC_Instance/PointofSale_Module/TS6_POS_CashRefund_Partial_StockReturn/POS_CashRefund_Partial_ValidateStock" status="PASSED">
         <system-out><![CDATA[16-09-2024T22:53:09 - [TEST_CASE][PASSED] - Test Cases/DBC_Instance/PointofSale_Module/TS6_POS_CashRefund_Partial_StockReturn/POS_CashRefund_Partial_ValidateStock: Test Cases/DBC_Instance/PointofSale_Module/TS6_POS_CashRefund_Partial_StockReturn/POS_CashRefund_Partial_ValidateStock

16-09-2024T22:53:09 - [TEST_STEP][PASSED] - sourceFile = new java.io.FileInputStream(ExcelFile): null

16-09-2024T22:53:09 - [TEST_STEP][PASSED] - workbook = new org.apache.poi.xssf.usermodel.XSSFWorkbook(sourceFile): null

16-09-2024T22:53:09 - [TEST_STEP][PASSED] - sheet = workbook.getSheet("Sheet1"): null

16-09-2024T22:53:09 - [TEST_STEP][PASSED] - row = sheet.getRow(2): null

16-09-2024T22:53:09 - [TEST_STEP][PASSED] - cell = row.getCell(1): null

16-09-2024T22:53:09 - [TEST_STEP][PASSED] - transactionNumber = cell.getStringCellValue(): null

16-09-2024T22:53:09 - [TEST_STEP][PASSED] - println(transactionNumber): null

16-09-2024T22:53:09 - [TEST_STEP][PASSED] - sourceFile.close(): null

16-09-2024T22:53:09 - [TEST_STEP][PASSED] - openBrowser(""): Browser is opened with url: ''

16-09-2024T22:53:10 - [MESSAGE][WARNING] - A browser is already opened. Closing browser and opening a new one

16-09-2024T22:53:10 - [MESSAGE][INFO] - Starting 'Chrome' driver

16-09-2024T22:53:10 - [MESSAGE][INFO] - Action delay is set to 0 milliseconds

16-09-2024T22:53:10 - [MESSAGE][PASSED] - Browser is opened with url: ''

16-09-2024T22:53:10 - [TEST_STEP][PASSED] - maximizeWindow(): Current window maximized

16-09-2024T22:53:10 - [MESSAGE][PASSED] - Current window maximized

16-09-2024T22:53:10 - [TEST_STEP][PASSED] - navigateToUrl("http://frameworks.dahlsens.com.au:8080/FWDemo/Fluid.html#homeDashboard,dash,Frameworks.Activity.Menu.HomeDashBoard"): Navigate to 'http://frameworks.dahlsens.com.au:8080/FWDemo/Fluid.html#homeDashboard,dash,Frameworks.Activity.Menu.HomeDashBoard' successfully

16-09-2024T22:53:12 - [MESSAGE][PASSED] - Navigate to 'http://frameworks.dahlsens.com.au:8080/FWDemo/Fluid.html#homeDashboard,dash,Frameworks.Activity.Menu.HomeDashBoard' successfully

16-09-2024T22:53:12 - [TEST_STEP][PASSED] - setText(findTestObject("Object Repository/TS3_POS_AccountCredit_Full_DBC/Page_Frameworks (Demo)/input_User ID_userid"), userName): Text 'manaki' is set on object 'Object Repository/TS3_POS_AccountCredit_Full_DBC/Page_Frameworks (Demo)/input_User ID_userid'

16-09-2024T22:53:14 - [MESSAGE][PASSED] - Text 'manaki' is set on object 'Object Repository/TS3_POS_AccountCredit_Full_DBC/Page_Frameworks (Demo)/input_User ID_userid'

16-09-2024T22:53:14 - [TEST_STEP][PASSED] - setEncryptedText(findTestObject("Object Repository/TS3_POS_AccountCredit_Full_DBC/Page_Frameworks (Demo)/input_Password_password"), "FHoXGFMjtD0="): Text ****** has been set on object 'Object Repository/TS3_POS_AccountCredit_Full_DBC/Page_Frameworks (Demo)/input_Password_password'

16-09-2024T22:53:14 - [MESSAGE][PASSED] - Text ****** has been set on object 'Object Repository/TS3_POS_AccountCredit_Full_DBC/Page_Frameworks (Demo)/input_Password_password'

16-09-2024T22:53:14 - [TEST_STEP][PASSED] - click(findTestObject("Object Repository/TS3_POS_AccountCredit_Full_DBC/Page_Frameworks (Demo)/div_Login")): Object: 'Object Repository/TS3_POS_AccountCredit_Full_DBC/Page_Frameworks (Demo)/div_Login' is clicked on

16-09-2024T22:53:15 - [MESSAGE][PASSED] - Object: 'Object Repository/TS3_POS_AccountCredit_Full_DBC/Page_Frameworks (Demo)/div_Login' is clicked on

16-09-2024T22:53:15 - [TEST_STEP][PASSED] - click(findTestObject("Object Repository/TS1_BT_BranchTransfer_DBC/New_Interface/Stock_Receipt/Page_Frameworks (Demo)/img_ProductDashboard")): Object: 'Object Repository/TS1_BT_BranchTransfer_DBC/New_Interface/Stock_Receipt/Page_Frameworks (Demo)/img_ProductDashboard' is clicked on

16-09-2024T22:53:17 - [MESSAGE][PASSED] - Object: 'Object Repository/TS1_BT_BranchTransfer_DBC/New_Interface/Stock_Receipt/Page_Frameworks (Demo)/img_ProductDashboard' is clicked on

16-09-2024T22:53:17 - [TEST_STEP][PASSED] - setText(findTestObject("Object Repository/TS1_BT_BranchTransfer_DBC/New_Interface/Stock_Receipt/Page_Frameworks (Demo)/input_Product_ProdId"), "LM20"): Text 'LM20' is set on object 'Object Repository/TS1_BT_BranchTransfer_DBC/New_Interface/Stock_Receipt/Page_Frameworks (Demo)/input_Product_ProdId'

16-09-2024T22:53:18 - [MESSAGE][PASSED] - Text 'LM20' is set on object 'Object Repository/TS1_BT_BranchTransfer_DBC/New_Interface/Stock_Receipt/Page_Frameworks (Demo)/input_Product_ProdId'

16-09-2024T22:53:18 - [TEST_STEP][PASSED] - click(findTestObject("Object Repository/TS1_BT_BranchTransfer_DBC/New_Interface/Stock_Receipt/Page_Frameworks (Demo)/td_Find")): Object: 'Object Repository/TS1_BT_BranchTransfer_DBC/New_Interface/Stock_Receipt/Page_Frameworks (Demo)/td_Find' is clicked on

16-09-2024T22:53:18 - [MESSAGE][PASSED] - Object: 'Object Repository/TS1_BT_BranchTransfer_DBC/New_Interface/Stock_Receipt/Page_Frameworks (Demo)/td_Find' is clicked on

16-09-2024T22:53:18 - [TEST_STEP][PASSED] - delay(2): Delayed 2 second(s)

16-09-2024T22:53:20 - [MESSAGE][PASSED] - Delayed 2 second(s)

16-09-2024T22:53:20 - [TEST_STEP][PASSED] - takeFullPageScreenshot(): Taking screenshot successfully

16-09-2024T22:53:21 - [MESSAGE][INFO] - 0 hidden object(s)

16-09-2024T22:53:21 - [MESSAGE][PASSED] - Taking screenshot successfully
[[ATTACHMENT|C:\\Users\\User\\git\\frameworks-regression-test-automation\\Reports\\20240916_225158\\DBC_Instance\\PointofSale_Module\\New_Interface\\TS6_POS_Cash_Refund_Partial\\20240916_225158\\1726491200885.png]]

16-09-2024T22:53:21 - [TEST_STEP][PASSED] - click(findTestObject("Object Repository/TS1_BT_BranchTransfer_DBC/New_Interface/Stock_Receipt/Page_Frameworks (Demo)/div_Stock Movements")): Object: 'Object Repository/TS1_BT_BranchTransfer_DBC/New_Interface/Stock_Receipt/Page_Frameworks (Demo)/div_Stock Movements' is clicked on

16-09-2024T22:53:21 - [MESSAGE][PASSED] - Object: 'Object Repository/TS1_BT_BranchTransfer_DBC/New_Interface/Stock_Receipt/Page_Frameworks (Demo)/div_Stock Movements' is clicked on

16-09-2024T22:53:21 - [TEST_STEP][PASSED] - delay(2): Delayed 2 second(s)

16-09-2024T22:53:23 - [MESSAGE][PASSED] - Delayed 2 second(s)

16-09-2024T22:53:23 - [TEST_STEP][PASSED] - takeFullPageScreenshot(): Taking screenshot successfully

16-09-2024T22:53:24 - [MESSAGE][INFO] - 0 hidden object(s)

16-09-2024T22:53:24 - [MESSAGE][PASSED] - Taking screenshot successfully
[[ATTACHMENT|C:\\Users\\User\\git\\frameworks-regression-test-automation\\Reports\\20240916_225158\\DBC_Instance\\PointofSale_Module\\New_Interface\\TS6_POS_Cash_Refund_Partial\\20240916_225158\\1726491203715.png]]

16-09-2024T22:53:24 - [TEST_STEP][PASSED] - verifyTextPresent(transactionNumber, false): Text '20217655' is present on page 

16-09-2024T22:53:24 - [MESSAGE][PASSED] - Text '20217655' is present on page 

16-09-2024T22:53:24 - [TEST_STEP][PASSED] - click(findTestObject("Object Repository/TS2_POS_AccountSale_DBC/New_Interface/Page_Frameworks (Demo)/img_AccountDropdown")): Object: 'Object Repository/TS2_POS_AccountSale_DBC/New_Interface/Page_Frameworks (Demo)/img_AccountDropdown' is clicked on

16-09-2024T22:53:25 - [MESSAGE][PASSED] - Object: 'Object Repository/TS2_POS_AccountSale_DBC/New_Interface/Page_Frameworks (Demo)/img_AccountDropdown' is clicked on

16-09-2024T22:53:25 - [TEST_STEP][PASSED] - click(findTestObject("Object Repository/TS2_POS_AccountSale_DBC/New_Interface/Page_Frameworks (Demo)/div_Logout")): Object: 'Object Repository/TS2_POS_AccountSale_DBC/New_Interface/Page_Frameworks (Demo)/div_Logout' is clicked on

16-09-2024T22:53:25 - [MESSAGE][PASSED] - Object: 'Object Repository/TS2_POS_AccountSale_DBC/New_Interface/Page_Frameworks (Demo)/div_Logout' is clicked on]]></system-out>
         <system-err><![CDATA[]]></system-err>
      </testcase>
      <system-out><![CDATA[16-09-2024T22:52:04 - [TEST_SUITE][PASSED] - TS6_POS_Cash_Refund_Partial: Test Cases/DBC_Instance/PointofSale_Module/TS6_POS_CashRefund_Partial_StockReturn/POS_CashRefund_Partial_ValidateStock]]></system-out>
      <system-err><![CDATA[]]></system-err>
   </testsuite>
</testsuites>
